2026-06-10 23:48:35,118 - INFO - login_setup.login_setup_config - qullamaggie v1.0.0 starting...
2026-06-10 23:48:35,119 - INFO - login_setup.login_setup_config - Logging to file: /home/kavi/Desktop/Python_Projects/swing_trader/logs/qullamaggie_20260610_234835.log
2026-06-10 23:48:35,119 - INFO - login_setup.login_setup_config - Fatal crash diagnostics enabled for all threads.
2026-06-10 23:48:35,119 - INFO - __main__ - 🚀 Starting qullamaggie Application...
2026-06-10 23:48:35,255 - INFO - __main__ - Application icon loaded from: /home/kavi/Desktop/Python_Projects/swing_trader/assets/qullamaggie_swing_trader_icon.svg
2026-06-10 23:48:37,000 - INFO - ib_insync.client - Connecting to 127.0.0.1:4002 with clientId 1...
2026-06-10 23:48:37,002 - INFO - ib_insync.client - Connected
2026-06-10 23:48:37,014 - INFO - ib_insync.client - Logged on to server version 176
2026-06-10 23:48:37,055 - INFO - ib_insync.client - API connection ready
2026-06-10 23:48:37,478 - INFO - __main__ - Authenticated for broker: america
2026-06-10 23:48:37,478 - INFO - __main__ - Initializing trading and data clients...
2026-06-10 23:48:37,478 - INFO - login_setup.broker_factory - Creating america client for live trading
2026-06-10 23:48:37,479 - INFO - login_setup.broker_factory - IBKR client created with accounts: ['DUQ624205']
2026-06-10 23:48:37,484 - INFO - ibkr.core.trading_client - Subscribed to IBKR real-time order events
2026-06-10 23:48:37,484 - INFO - ibkr.core.trading_client - IBKR trading client startup snapshots deferred; using local cache/event sync
2026-06-10 23:48:37,484 - INFO - __main__ - Trading client created; creating data client...
2026-06-10 23:48:37,484 - INFO - login_setup.broker_factory - Creating data client for america
2026-06-10 23:48:37,485 - INFO - __main__ - Data client created; validating connection state...
2026-06-10 23:48:37,485 - INFO - __main__ - Trading client connected: True
2026-06-10 23:48:37,486 - INFO - __main__ - Data client connected: True
2026-06-10 23:48:37,487 - INFO - __main__ - Clients initialized successfully.
2026-06-10 23:48:37,487 - INFO - login_setup.broker_factory - Added america client to manager
2026-06-10 23:48:37,488 - INFO - login_setup.broker_factory - Started connection monitoring for america
2026-06-10 23:48:37,488 - INFO - __main__ - Creating main window for america...
2026-06-10 23:48:37,490 - INFO - login_setup.broker_factory - Dynamically loading main window from: ibkr.core.main_window
2026-06-10 23:48:38,417 - INFO - ibkr.core.trade_logger - Trade history database for 'live' mode at: /home/kavi/.qullamaggie/trade_history_live.db
2026-06-10 23:48:38,418 - INFO - ibkr.core.trade_logger - TradeLogger initialized with background processing
2026-06-10 23:48:38,419 - INFO - ibkr.core.trade_logger - DatabaseWorker processing started
2026-06-10 23:48:38,422 - INFO - ibkr.core.position_manager - ✅ Connected to trader.order_status_updated signal - orders will sync immediately
2026-06-10 23:48:38,422 - INFO - ibkr.core.position_manager - ✅ Connected to trader.position_updated signal - positions will sync immediately
2026-06-10 23:48:38,422 - INFO - ibkr.core.position_manager - ✅ Connected to trader.connection_status_changed signal
2026-06-10 23:48:38,425 - INFO - ibkr.core.trade_logger - Database initialization completed
2026-06-10 23:48:38,481 - INFO - ibkr.widgets.scanner_table - Loaded 19 valid scan configurations
2026-06-10 23:48:38,496 - INFO - ibkr.widgets.scanner_table - Scanner table ready for context-aware navigation
2026-06-10 23:48:38,504 - INFO - chart_engine.drawings - Loaded global chart settings.
2026-06-10 23:48:38,825 - INFO - ibkr.core.data_cache - MarketAwareDataCache initialised for IBKR/US market time
2026-06-10 23:48:38,919 - INFO - chart_engine.drawings - Saved global chart settings.
2026-06-10 23:48:39,123 - INFO - ibkr.core.alert_management_system - Loaded 0 alerts from disk
2026-06-10 23:48:39,124 - INFO - ibkr.core.alert_management_system - AlertSystemManager ready
2026-06-10 23:48:39,125 - INFO - ibkr.core.main_window - Alert system initialized successfully.
2026-06-10 23:48:39,125 - INFO - ibkr.core.main_window - Connecting component signals...
2026-06-10 23:48:39,125 - INFO - ibkr.core.alert_management_system - AlertEngine started
2026-06-10 23:48:39,126 - INFO - ibkr.core.main_window - IBKR order lifecycle UI signals connected
2026-06-10 23:48:39,131 - INFO - ibkr.core.main_window - Keyboard shortcuts initialized
2026-06-10 23:48:39,255 - INFO - ibkr.core.main_window - Window state restored
2026-06-10 23:48:39,286 - INFO - ibkr.core.main_window - Applied startup chart timeframes: left=day, right=60minute
2026-06-10 23:48:39,287 - INFO - ibkr.core.main_window - Simplified qullamaggie Window with Status Bar Initialized Successfully.
2026-06-10 23:48:39,287 - INFO - __main__ - Main window created successfully.
2026-06-10 23:48:39,352 - INFO - __main__ - Starting application event loop.
2026-06-10 23:48:39,875 - INFO - ibkr.core.main_window - Starting deferred IBKR post-show workers
2026-06-10 23:48:39,875 - INFO - chart_engine.core.ibkr_data_fetcher - Pre-warming dedicated IBKR history connection...
2026-06-10 23:48:39,878 - INFO - ib_insync.client - Connecting to 127.0.0.1:4002 with clientId 102...
2026-06-10 23:48:39,886 - INFO - ib_insync.client - Connecting to 127.0.0.1:4002 with clientId 101...
2026-06-10 23:48:39,916 - INFO - ibkr.core.main_window - IBKR loader: Building initial instrument list...
2026-06-10 23:48:40,335 - INFO - ibkr.core.main_window - Successfully loaded 228 instruments.
2026-06-10 23:48:40,337 - INFO - ibkr.widgets.header_toolbar - Search index ready: 228 instruments
2026-06-10 23:48:40,340 - INFO - ibkr.core.main_window - Instruments loaded successfully.
2026-06-10 23:48:40,342 - INFO - ibkr.core.main_window - IBKR loader: Loaded 181 symbols (qualifying in background...)
2026-06-10 23:48:40,384 - INFO - ibkr.widgets.scanner_table - Running EOD Finviz scan: Computer Hardware
2026-06-10 23:48:40,625 - INFO - ibkr.core.main_window - Subscription universe changed: 2 instruments (0 token-backed, +2/-0) sources={'header': 2}
2026-06-10 23:48:41,020 - INFO - chart_engine.core.ibkr_data_fetcher - IBKR chart history connected on 127.0.0.1:4002 clientId=102
2026-06-10 23:48:41,121 - INFO - ibkr.core.market_data_worker - Dedicated IBKR market-data connection established on 127.0.0.1:4002 clientId=101
2026-06-10 23:48:41,121 - INFO - ibkr.core.market_data_worker - IBKR MarketDataWorker started
2026-06-10 23:48:41,122 - INFO - ibkr.core.market_data_worker - Requested IBKR delayed market data type (3); delayed fallback=False; generic ticks=''
2026-06-10 23:48:41,122 - WARNING - ibkr.core.main_window - IBKR market data is delayed (delayed); live subscription is unavailable.
2026-06-10 23:48:41,125 - INFO - ibkr.core.main_window - WebSocket connected. Setting up subscriptions.
2026-06-10 23:48:41,126 - INFO - ibkr.core.stop_loss_manager - Stop-loss opening-gap check enabled after market-data worker connection
2026-06-10 23:48:41,127 - INFO - ibkr.core.position_manager - Fetching positions from broker - Reason: ibkr_connected
2026-06-10 23:48:41,140 - INFO - ibkr.core.main_window - Added 20 widget market-data subscriptions (20 token-backed)
2026-06-10 23:48:41,144 - INFO - ibkr.core.position_manager - Position table changed: 20 open positions | open MTM -38635.14 | realized 0.00
2026-06-10 23:48:41,305 - INFO - ibkr.core.position_manager - Fetching positions from broker - Reason: instruments_loaded
2026-06-10 23:48:41,335 - INFO - ibkr.core.main_window - Chart auto-loading initiated
2026-06-10 23:48:41,350 - INFO - ibkr.core.main_window - Auto-loading startup chart symbol: BAX
2026-06-10 23:48:41,361 - INFO - chart_engine.core.ibkr_data_fetcher - Chart data source=IBKR symbol=BAX interval=day from=2026-03-02T14:18:41.361282-05:00 to=2026-06-10T14:18:41.361282-04:00 dedicated_history=True
2026-06-10 23:48:41,369 - INFO - chart_engine.core.ibkr_data_fetcher - Chart data source=IBKR symbol=BAX interval=60minute from=2026-04-21T14:18:41.369391-04:00 to=2026-06-10T14:18:41.369391-04:00 dedicated_history=True
2026-06-10 23:48:41,429 - INFO - ibkr.core.main_window - Subscription universe changed: 23 instruments (20 token-backed, +21/-0) sources={'positions': 20, 'charts': 2, 'header': 2}
2026-06-10 23:48:41,709 - INFO - ibkr.core.market_data_worker - Subscribed IBKR market data: SPY key=756733 type=delayed
2026-06-10 23:48:41,711 - INFO - ibkr.core.market_data_worker - Subscribed IBKR market data: QQQ key=320227571 type=delayed
2026-06-10 23:48:41,713 - INFO - chart_engine.core.ibkr_data_fetcher - Requesting IBKR historical data: BAX conId=8111188 bar=1 day duration=100 D end=latest
2026-06-10 23:48:41,754 - INFO - chart_engine.core.ibkr_data_fetcher - Requesting IBKR historical data: BAX conId=8111188 bar=30 mins duration=50 D end=latest
2026-06-10 23:48:41,984 - INFO - ibkr.core.position_manager - Fetching positions from broker - Reason: app_startup
2026-06-10 23:48:42,004 - INFO - ibkr.core.main_window - Position system initialized successfully
2026-06-10 23:48:42,120 - INFO - ibkr.widgets.scanner_table - EOD Scan completed: 19 symbols with complete data
2026-06-10 23:48:42,203 - INFO - ibkr.widgets.scanner_table - EOD Scanner table updated with 19 symbols.
2026-06-10 23:48:42,248 - INFO - ibkr.core.network_monitor - NetworkMonitor started
2026-06-10 23:48:42,248 - INFO - ibkr.core.main_window - Network resilience layer initialized
2026-06-10 23:48:42,271 - WARNING - ibkr.core.market_data_worker - IBKR market data notice for SPY: Requested market data is not subscribed. Displaying delayed market data. (10167)
2026-06-10 23:48:42,590 - WARNING - ibkr.core.market_data_worker - IBKR market data notice for QQQ: Requested market data is not subscribed. Displaying delayed market data. (10167)
2026-06-10 23:48:42,721 - INFO - chart_engine.core.ibkr_data_fetcher - Chart data fetch complete source=IBKR symbol=BAX bars=71
2026-06-10 23:48:42,788 - INFO - chart_engine.drawings - Loaded state for BAX (day) — 2 drawings
2026-06-10 23:48:42,835 - INFO - ibkr.core.main_window - Chart panes revealed after initial symbol render: BAX
2026-06-10 23:48:42,837 - INFO - ibkr.core.main_window - Chart symbol changed to: BAX
2026-06-10 23:48:42,837 - INFO - ibkr.core.main_window - Added chart symbol BAX to subscription
2026-06-10 23:48:42,838 - INFO - ibkr.core.main_window - Ensured subscription for chart symbol BAX
2026-06-10 23:48:42,838 - INFO - chart_engine.core.chart_widget - Chart HTML loaded: BAX (71 candles)
2026-06-10 23:48:43,065 - INFO - ibkr.core.network_monitor - Network confirmed online at startup
2026-06-10 23:48:43,696 - INFO - chart_engine.core.ibkr_data_fetcher - Chart data fetch complete source=IBKR symbol=BAX bars=348
2026-06-10 23:48:43,740 - INFO - chart_engine.drawings - Loaded state for BAX (60minute) — 2 drawings
2026-06-10 23:48:43,811 - INFO - ibkr.core.market_data_worker - Subscribed IBKR market data: NVDA key=4815747 type=delayed
2026-06-10 23:48:43,812 - INFO - ibkr.core.market_data_worker - Subscribed IBKR market data: TACT key=6858145 type=delayed
2026-06-10 23:48:43,812 - INFO - ibkr.core.market_data_worker - Subscribed IBKR market data: BAX key=8111188 type=delayed
2026-06-10 23:48:43,813 - INFO - ibkr.core.market_data_worker - Subscribed IBKR market data: UMC key=46613372 type=delayed
2026-06-10 23:48:43,813 - INFO - ibkr.core.market_data_worker - Subscribed IBKR market data: TSLA key=76792991 type=delayed
2026-06-10 23:48:43,814 - INFO - chart_engine.core.chart_widget - Chart HTML loaded: BAX (348 candles)
2026-06-10 23:48:43,814 - INFO - ibkr.core.market_data_worker - Subscribed IBKR market data: PTCT key=129374415 type=delayed
2026-06-10 23:48:43,815 - INFO - ibkr.core.market_data_worker - Subscribed IBKR market data: HPQ key=209411801 type=delayed
2026-06-10 23:48:43,815 - INFO - ibkr.core.market_data_worker - Subscribed IBKR market data: DELL key=346218218 type=delayed
2026-06-10 23:48:43,816 - INFO - ibkr.core.market_data_worker - Subscribed IBKR market data: MTA key=395717235 type=delayed
2026-06-10 23:48:43,816 - INFO - ibkr.core.market_data_worker - Subscribed IBKR market data: DRS key=478483396 type=delayed
2026-06-10 23:48:43,817 - INFO - ibkr.core.market_data_worker - Subscribed IBKR market data: RDW key=512000171 type=delayed
2026-06-10 23:48:43,817 - INFO - ibkr.core.market_data_worker - Subscribed IBKR market data: IONQ key=517593749 type=delayed
2026-06-10 23:48:43,818 - INFO - ibkr.core.market_data_worker - Subscribed IBKR market data: GFS key=523222624 type=delayed
2026-06-10 23:48:43,818 - INFO - ibkr.core.market_data_worker - Subscribed IBKR market data: QBTS key=578031277 type=delayed
2026-06-10 23:48:43,819 - INFO - ibkr.core.market_data_worker - Subscribed IBKR market data: LUNR key=613910262 type=delayed
2026-06-10 23:48:43,819 - INFO - ibkr.core.market_data_worker - Subscribed IBKR market data: SIDU key=673368857 type=delayed
2026-06-10 23:48:43,819 - INFO - ibkr.core.market_data_worker - Subscribed IBKR market data: DPRO key=725468685 type=delayed
2026-06-10 23:48:43,820 - INFO - ibkr.core.market_data_worker - Subscribed IBKR market data: SNDK key=760250490 type=delayed
2026-06-10 23:48:43,820 - INFO - ibkr.core.market_data_worker - Subscribed IBKR market data: RKLB key=787273575 type=delayed
2026-06-10 23:48:43,820 - INFO - ibkr.core.market_data_worker - Subscribed IBKR market data: SPRC key=860471331 type=delayed
2026-06-10 23:48:44,118 - WARNING - ibkr.core.market_data_worker - IBKR market data notice for NVDA: Requested market data is not subscribed. Displaying delayed market data. (10167)
2026-06-10 23:48:44,613 - WARNING - ibkr.core.market_data_worker - IBKR market data notice for TACT: Requested market data is not subscribed. Displaying delayed market data. (10167)
2026-06-10 23:48:44,909 - WARNING - ibkr.core.market_data_worker - IBKR market data notice for BAX: Requested market data is not subscribed. Displaying delayed market data. (10167)
2026-06-10 23:48:44,910 - WARNING - ibkr.core.market_data_worker - IBKR market data notice for UMC: Requested market data is not subscribed. Displaying delayed market data. (10167)
2026-06-10 23:48:44,910 - WARNING - ibkr.core.market_data_worker - IBKR market data notice for TSLA: Requested market data is not subscribed. Displaying delayed market data. (10167)
2026-06-10 23:48:44,910 - WARNING - ibkr.core.market_data_worker - IBKR market data notice for PTCT: Requested market data is not subscribed. Displaying delayed market data. (10167)
2026-06-10 23:48:44,910 - WARNING - ibkr.core.market_data_worker - IBKR market data notice for HPQ: Requested market data is not subscribed. Displaying delayed market data. (10167)
2026-06-10 23:48:44,910 - WARNING - ibkr.core.market_data_worker - IBKR market data notice for DELL: Requested market data is not subscribed. Displaying delayed market data. (10167)
2026-06-10 23:48:45,222 - WARNING - ibkr.core.market_data_worker - IBKR market data notice for MTA: Requested market data is not subscribed. Displaying delayed market data. (10167)
2026-06-10 23:48:45,223 - WARNING - ibkr.core.market_data_worker - IBKR market data notice for DRS: Requested market data is not subscribed. Displaying delayed market data. (10167)
2026-06-10 23:48:45,223 - WARNING - ibkr.core.market_data_worker - IBKR market data notice for RDW: Requested market data is not subscribed. Displaying delayed market data. (10167)
2026-06-10 23:48:45,224 - WARNING - ibkr.core.market_data_worker - IBKR market data notice for IONQ: Requested market data is not subscribed. Displaying delayed market data. (10167)
2026-06-10 23:48:45,226 - WARNING - ibkr.core.market_data_worker - IBKR market data notice for GFS: Requested market data is not subscribed. Displaying delayed market data. (10167)
2026-06-10 23:48:45,226 - WARNING - ibkr.core.market_data_worker - IBKR market data notice for QBTS: Requested market data is not subscribed. Displaying delayed market data. (10167)
2026-06-10 23:48:45,227 - WARNING - ibkr.core.market_data_worker - IBKR market data notice for LUNR: Requested market data is not subscribed. Displaying delayed market data. (10167)
2026-06-10 23:48:45,227 - WARNING - ibkr.core.market_data_worker - IBKR market data notice for SIDU: Requested market data is not subscribed. Displaying delayed market data. (10167)
2026-06-10 23:48:45,227 - WARNING - ibkr.core.market_data_worker - IBKR market data notice for DPRO: Requested market data is not subscribed. Displaying delayed market data. (10167)
2026-06-10 23:48:45,228 - WARNING - ibkr.core.market_data_worker - IBKR market data notice for SNDK: Requested market data is not subscribed. Displaying delayed market data. (10167)
2026-06-10 23:48:45,228 - WARNING - ibkr.core.market_data_worker - IBKR market data notice for RKLB: Requested market data is not subscribed. Displaying delayed market data. (10167)
2026-06-10 23:48:45,229 - WARNING - ibkr.core.market_data_worker - IBKR market data notice for SPRC: Requested market data is not subscribed. Displaying delayed market data. (10167)
2026-06-10 23:48:46,255 - INFO - ibkr.core.main_window - Floating positions dialog opened
2026-06-10 23:48:50,049 - INFO - ibkr.core.main_window - Added 1 widget market-data subscriptions (0 token-backed)
2026-06-10 23:48:50,052 - INFO - ibkr.core.chart_lines_manager - Updated stop-loss line for DRS @ 46.55
2026-06-10 23:48:50,054 - INFO - ibkr.core.stop_loss_manager - SL set: DRS @ $46.55 (FULL, 3.95% from avg $48.47)
2026-06-10 23:48:57,529 - INFO - ibkr.core.shutdown_manager - closeEvent received — beginning fast IBKR shutdown
2026-06-10 23:48:57,532 - INFO - ibkr.core.shutdown_manager - === Fast IBKR window-close shutdown starting ===
2026-06-10 23:48:57,532 - INFO - ibkr.core.shutdown_manager - Shutdown: [quiesce_background_activity]…
2026-06-10 23:48:57,533 - INFO - ibkr.core.shutdown_manager - Shutdown: [quiesce_background_activity] ✓
2026-06-10 23:48:57,534 - INFO - ibkr.core.shutdown_manager - Shutdown: [save_window_state]…
2026-06-10 23:48:57,536 - INFO - ibkr.core.main_window - Window state saved
2026-06-10 23:48:57,537 - INFO - ibkr.core.shutdown_manager - Shutdown: [save_window_state] ✓
2026-06-10 23:48:57,537 - INFO - ibkr.core.shutdown_manager - Shutdown: [save_chart_state]…
2026-06-10 23:48:57,557 - INFO - ibkr.core.shutdown_manager - Shutdown: [save_chart_state] ✓
2026-06-10 23:48:57,558 - INFO - ibkr.core.shutdown_manager - Shutdown: [stop_remaining_timers]…
2026-06-10 23:48:57,574 - INFO - ibkr.core.shutdown_manager - Shutdown: [stop_remaining_timers] ✓
2026-06-10 23:48:57,577 - INFO - ibkr.core.shutdown_manager - === Fast IBKR window-close shutdown complete ===
2026-06-10 23:48:57,584 - INFO - ib_insync.client - Disconnecting
2026-06-10 23:48:57,585 - INFO - ibkr.core.market_data_worker - IBKR MarketDataWorker stopped
2026-06-10 23:48:57,591 - INFO - __main__ - Shutting down and cleaning up resources...
2026-06-10 23:48:57,591 - INFO - __main__ - Skipping broker disconnect during fast window-close shutdown.
2026-06-10 23:48:57,591 - INFO - __main__ - Cleanup complete.
