2026-06-10 22:52:12,440 - INFO - login_setup.login_setup_config - qullamaggie v1.0.0 starting...
2026-06-10 22:52:12,441 - INFO - login_setup.login_setup_config - Logging to file: /home/kavi/Desktop/Python_Projects/swing_trader/logs/qullamaggie_20260610_225212.log
2026-06-10 22:52:12,441 - INFO - login_setup.login_setup_config - Fatal crash diagnostics enabled for all threads.
2026-06-10 22:52:12,441 - INFO - __main__ - 🚀 Starting qullamaggie Application...
2026-06-10 22:52:12,620 - INFO - __main__ - Application icon loaded from: /home/kavi/Desktop/Python_Projects/swing_trader/assets/qullamaggie_swing_trader_icon.svg
2026-06-10 22:52:14,679 - INFO - ib_insync.client - Connecting to 127.0.0.1:4002 with clientId 1...
2026-06-10 22:52:14,681 - INFO - ib_insync.client - Connected
2026-06-10 22:52:14,699 - INFO - ib_insync.client - Logged on to server version 176
2026-06-10 22:52:14,737 - INFO - ib_insync.client - API connection ready
2026-06-10 22:52:15,179 - INFO - __main__ - Authenticated for broker: america
2026-06-10 22:52:15,179 - INFO - __main__ - Initializing trading and data clients...
2026-06-10 22:52:15,179 - INFO - login_setup.broker_factory - Creating america client for live trading
2026-06-10 22:52:15,180 - INFO - login_setup.broker_factory - IBKR client created with accounts: ['DUQ624205']
2026-06-10 22:52:15,185 - INFO - ibkr.core.trading_client - Subscribed to IBKR real-time order events
2026-06-10 22:52:15,186 - INFO - ibkr.core.trading_client - IBKR trading client startup snapshots deferred; using local cache/event sync
2026-06-10 22:52:15,186 - INFO - __main__ - Trading client created; creating data client...
2026-06-10 22:52:15,187 - INFO - login_setup.broker_factory - Creating data client for america
2026-06-10 22:52:15,187 - INFO - __main__ - Data client created; validating connection state...
2026-06-10 22:52:15,187 - INFO - __main__ - Trading client connected: True
2026-06-10 22:52:15,189 - INFO - __main__ - Data client connected: True
2026-06-10 22:52:15,189 - INFO - __main__ - Clients initialized successfully.
2026-06-10 22:52:15,189 - INFO - login_setup.broker_factory - Added america client to manager
2026-06-10 22:52:15,190 - INFO - login_setup.broker_factory - Started connection monitoring for america
2026-06-10 22:52:15,190 - INFO - __main__ - Creating main window for america...
2026-06-10 22:52:15,190 - INFO - login_setup.broker_factory - Dynamically loading main window from: ibkr.core.main_window
2026-06-10 22:52:16,249 - INFO - ibkr.core.trade_logger - Trade history database for 'live' mode at: /home/kavi/.qullamaggie/trade_history_live.db
2026-06-10 22:52:16,250 - INFO - ibkr.core.trade_logger - TradeLogger initialized with background processing
2026-06-10 22:52:16,251 - INFO - ibkr.core.trade_logger - DatabaseWorker processing started
2026-06-10 22:52:16,253 - INFO - ibkr.core.trade_logger - Database initialization completed
2026-06-10 22:52:16,254 - INFO - ibkr.core.position_manager - ✅ Connected to trader.order_status_updated signal - orders will sync immediately
2026-06-10 22:52:16,254 - INFO - ibkr.core.position_manager - ✅ Connected to trader.position_updated signal - positions will sync immediately
2026-06-10 22:52:16,254 - INFO - ibkr.core.position_manager - ✅ Connected to trader.connection_status_changed signal
2026-06-10 22:52:16,257 - INFO - ibkr.core.stop_loss_store - Migrated IBKR stop-loss DB from /home/kavi/.qullamaggie/ibkr_stop_losses.db to /home/kavi/.qullamaggie/storage/user_data/ibkr/live/stop_losses.db
2026-06-10 22:52:16,306 - INFO - ibkr.widgets.scanner_table - Loaded 2 valid scan configurations
2026-06-10 22:52:16,321 - INFO - ibkr.widgets.scanner_table - Scanner table ready for context-aware navigation
2026-06-10 22:52:16,330 - INFO - chart_engine.drawings - Loaded global chart settings.
2026-06-10 22:52:16,663 - INFO - ibkr.core.data_cache - MarketAwareDataCache initialised for IBKR/US market time
2026-06-10 22:52:16,758 - INFO - chart_engine.drawings - Saved global chart settings.
2026-06-10 22:52:16,962 - INFO - ibkr.core.alert_management_system - Loaded 0 alerts from disk
2026-06-10 22:52:16,963 - INFO - ibkr.core.alert_management_system - AlertSystemManager ready
2026-06-10 22:52:16,963 - INFO - ibkr.core.main_window - Alert system initialized successfully.
2026-06-10 22:52:16,963 - INFO - ibkr.core.main_window - Connecting component signals...
2026-06-10 22:52:16,964 - INFO - ibkr.core.alert_management_system - AlertEngine started
2026-06-10 22:52:16,964 - INFO - ibkr.core.main_window - IBKR order lifecycle UI signals connected
2026-06-10 22:52:16,970 - INFO - ibkr.core.main_window - Keyboard shortcuts initialized
2026-06-10 22:52:17,093 - INFO - ibkr.core.main_window - Window state restored
2026-06-10 22:52:17,124 - INFO - ibkr.core.main_window - Applied startup chart timeframes: left=day, right=60minute
2026-06-10 22:52:17,124 - INFO - ibkr.core.main_window - Simplified qullamaggie Window with Status Bar Initialized Successfully.
2026-06-10 22:52:17,124 - INFO - __main__ - Main window created successfully.
2026-06-10 22:52:17,185 - INFO - __main__ - Starting application event loop.
2026-06-10 22:52:17,730 - INFO - ibkr.core.main_window - Starting deferred IBKR post-show workers
2026-06-10 22:52:17,731 - INFO - chart_engine.core.ibkr_data_fetcher - Pre-warming dedicated IBKR history connection...
2026-06-10 22:52:17,737 - INFO - ib_insync.client - Connecting to 127.0.0.1:4002 with clientId 102...
2026-06-10 22:52:17,742 - INFO - ib_insync.client - Connecting to 127.0.0.1:4002 with clientId 101...
2026-06-10 22:52:17,783 - INFO - ibkr.core.main_window - IBKR loader: Building initial instrument list...
2026-06-10 22:52:18,235 - INFO - ibkr.core.main_window - Successfully loaded 226 instruments.
2026-06-10 22:52:18,237 - INFO - ibkr.widgets.header_toolbar - Search index ready: 226 instruments
2026-06-10 22:52:18,240 - INFO - ibkr.core.main_window - Instruments loaded successfully.
2026-06-10 22:52:18,241 - INFO - ibkr.core.main_window - IBKR loader: Loaded 181 symbols (qualifying in background...)
2026-06-10 22:52:18,299 - INFO - ibkr.widgets.scanner_table - Running EOD Finviz scan: Semiconductors
2026-06-10 22:52:18,524 - INFO - ibkr.core.main_window - Subscription universe changed: 2 instruments (0 token-backed, +2/-0) sources={'header': 2}
2026-06-10 22:52:19,084 - INFO - chart_engine.core.ibkr_data_fetcher - IBKR chart history connected on 127.0.0.1:4002 clientId=102
2026-06-10 22:52:19,169 - INFO - ibkr.core.market_data_worker - Dedicated IBKR market-data connection established on 127.0.0.1:4002 clientId=101
2026-06-10 22:52:19,170 - INFO - ibkr.core.market_data_worker - IBKR MarketDataWorker started
2026-06-10 22:52:19,170 - INFO - ibkr.core.market_data_worker - Requested IBKR delayed market data type (3); delayed fallback=False; generic ticks=''
2026-06-10 22:52:19,170 - WARNING - ibkr.core.main_window - IBKR market data is delayed (delayed); live subscription is unavailable.
2026-06-10 22:52:19,172 - INFO - ibkr.core.main_window - WebSocket connected. Setting up subscriptions.
2026-06-10 22:52:19,173 - INFO - ibkr.core.position_manager - Fetching positions from broker - Reason: ibkr_connected
2026-06-10 22:52:19,192 - INFO - ibkr.core.main_window - Added 20 widget market-data subscriptions (20 token-backed)
2026-06-10 22:52:19,197 - INFO - ibkr.core.position_manager - Position table changed: 20 open positions | open MTM -40737.38 | realized 0.00
2026-06-10 22:52:19,214 - INFO - ibkr.core.position_manager - Fetching positions from broker - Reason: instruments_loaded
2026-06-10 22:52:19,238 - INFO - ibkr.core.main_window - Chart auto-loading initiated
2026-06-10 22:52:19,265 - INFO - ibkr.core.main_window - Auto-loading startup chart symbol: BAX
2026-06-10 22:52:19,283 - INFO - chart_engine.core.ibkr_data_fetcher - Chart data source=IBKR symbol=BAX interval=day from=2026-03-02T13:22:19.283082-05:00 to=2026-06-10T13:22:19.283082-04:00 dedicated_history=True
2026-06-10 22:52:19,291 - INFO - chart_engine.core.ibkr_data_fetcher - Chart data source=IBKR symbol=BAX interval=60minute from=2026-04-21T13:22:19.290887-04:00 to=2026-06-10T13:22:19.290887-04:00 dedicated_history=True
2026-06-10 22:52:19,512 - INFO - ibkr.core.main_window - Subscription universe changed: 23 instruments (20 token-backed, +21/-0) sources={'positions': 20, 'charts': 2, 'header': 2}
2026-06-10 22:52:19,640 - INFO - ibkr.core.position_manager - Fetching positions from broker - Reason: app_startup
2026-06-10 22:52:19,656 - INFO - ibkr.core.main_window - Position system initialized successfully
2026-06-10 22:52:19,791 - INFO - ibkr.core.market_data_worker - Subscribed IBKR market data: SPY key=756733 type=delayed
2026-06-10 22:52:19,799 - INFO - ibkr.core.market_data_worker - Subscribed IBKR market data: QQQ key=320227571 type=delayed
2026-06-10 22:52:20,058 - INFO - chart_engine.core.ibkr_data_fetcher - Requesting IBKR historical data: BAX conId=8111188 bar=1 day duration=100 D end=latest
2026-06-10 22:52:20,100 - INFO - chart_engine.core.ibkr_data_fetcher - Requesting IBKR historical data: BAX conId=8111188 bar=30 mins duration=50 D end=latest
2026-06-10 22:52:20,106 - INFO - ibkr.core.network_monitor - NetworkMonitor started
2026-06-10 22:52:20,107 - INFO - ibkr.core.main_window - Network resilience layer initialized
2026-06-10 22:52:20,340 - WARNING - ibkr.core.market_data_worker - IBKR market data notice for SPY: Requested market data is not subscribed. Displaying delayed market data. (10167)
2026-06-10 22:52:20,581 - INFO - ibkr.widgets.scanner_table - EOD Scan completed: 27 symbols with complete data
2026-06-10 22:52:20,661 - WARNING - ibkr.core.market_data_worker - IBKR market data notice for QQQ: Requested market data is not subscribed. Displaying delayed market data. (10167)
2026-06-10 22:52:20,678 - INFO - chart_engine.core.ibkr_data_fetcher - Chart data fetch complete source=IBKR symbol=BAX bars=71
2026-06-10 22:52:20,738 - INFO - ibkr.widgets.scanner_table - EOD Scanner table updated with 27 symbols.
2026-06-10 22:52:20,787 - INFO - chart_engine.drawings - Loaded state for BAX (day) — 1 drawings
2026-06-10 22:52:20,839 - INFO - ibkr.core.main_window - Chart panes revealed after initial symbol render: BAX
2026-06-10 22:52:20,839 - INFO - ibkr.core.main_window - Chart symbol changed to: BAX
2026-06-10 22:52:20,840 - INFO - ibkr.core.main_window - Added chart symbol BAX to subscription
2026-06-10 22:52:20,840 - INFO - ibkr.core.main_window - Ensured subscription for chart symbol BAX
2026-06-10 22:52:20,840 - INFO - chart_engine.core.chart_widget - Chart HTML loaded: BAX (71 candles)
2026-06-10 22:52:21,174 - INFO - ibkr.core.network_monitor - Network confirmed online at startup
2026-06-10 22:52:21,940 - INFO - chart_engine.core.ibkr_data_fetcher - Chart data fetch complete source=IBKR symbol=BAX bars=347
2026-06-10 22:52:21,996 - INFO - chart_engine.drawings - Loaded state for BAX (60minute) — 1 drawings
2026-06-10 22:52:22,090 - INFO - chart_engine.core.chart_widget - Chart HTML loaded: BAX (347 candles)
2026-06-10 22:52:22,209 - INFO - ibkr.core.market_data_worker - Subscribed IBKR market data: NVDA key=4815747 type=delayed
2026-06-10 22:52:22,210 - INFO - ibkr.core.market_data_worker - Subscribed IBKR market data: TACT key=6858145 type=delayed
2026-06-10 22:52:22,211 - INFO - ibkr.core.market_data_worker - Subscribed IBKR market data: BAX key=8111188 type=delayed
2026-06-10 22:52:22,212 - INFO - ibkr.core.market_data_worker - Subscribed IBKR market data: UMC key=46613372 type=delayed
2026-06-10 22:52:22,212 - INFO - ibkr.core.market_data_worker - Subscribed IBKR market data: TSLA key=76792991 type=delayed
2026-06-10 22:52:22,213 - INFO - ibkr.core.market_data_worker - Subscribed IBKR market data: PTCT key=129374415 type=delayed
2026-06-10 22:52:22,214 - INFO - ibkr.core.market_data_worker - Subscribed IBKR market data: HPQ key=209411801 type=delayed
2026-06-10 22:52:22,217 - INFO - ibkr.core.market_data_worker - Subscribed IBKR market data: DELL key=346218218 type=delayed
2026-06-10 22:52:22,217 - INFO - ibkr.core.market_data_worker - Subscribed IBKR market data: MTA key=395717235 type=delayed
2026-06-10 22:52:22,219 - INFO - ibkr.core.market_data_worker - Subscribed IBKR market data: DRS key=478483396 type=delayed
2026-06-10 22:52:22,220 - INFO - ibkr.core.market_data_worker - Subscribed IBKR market data: RDW key=512000171 type=delayed
2026-06-10 22:52:22,221 - INFO - ibkr.core.market_data_worker - Subscribed IBKR market data: IONQ key=517593749 type=delayed
2026-06-10 22:52:22,223 - INFO - ibkr.core.market_data_worker - Subscribed IBKR market data: GFS key=523222624 type=delayed
2026-06-10 22:52:22,225 - INFO - ibkr.core.market_data_worker - Subscribed IBKR market data: QBTS key=578031277 type=delayed
2026-06-10 22:52:22,225 - INFO - ibkr.core.market_data_worker - Subscribed IBKR market data: LUNR key=613910262 type=delayed
2026-06-10 22:52:22,225 - INFO - ibkr.core.market_data_worker - Subscribed IBKR market data: SIDU key=673368857 type=delayed
2026-06-10 22:52:22,226 - INFO - ibkr.core.market_data_worker - Subscribed IBKR market data: DPRO key=725468685 type=delayed
2026-06-10 22:52:22,226 - INFO - ibkr.core.market_data_worker - Subscribed IBKR market data: SNDK key=760250490 type=delayed
2026-06-10 22:52:22,229 - INFO - ibkr.core.market_data_worker - Subscribed IBKR market data: RKLB key=787273575 type=delayed
2026-06-10 22:52:22,231 - INFO - ibkr.core.market_data_worker - Subscribed IBKR market data: SPRC key=860471331 type=delayed
2026-06-10 22:52:22,787 - WARNING - ibkr.core.market_data_worker - IBKR market data notice for NVDA: Requested market data is not subscribed. Displaying delayed market data. (10167)
2026-06-10 22:52:23,066 - WARNING - ibkr.core.market_data_worker - IBKR market data notice for TACT: Requested market data is not subscribed. Displaying delayed market data. (10167)
2026-06-10 22:52:23,067 - WARNING - ibkr.core.market_data_worker - IBKR market data notice for BAX: Requested market data is not subscribed. Displaying delayed market data. (10167)
2026-06-10 22:52:23,068 - WARNING - ibkr.core.market_data_worker - IBKR market data notice for UMC: Requested market data is not subscribed. Displaying delayed market data. (10167)
2026-06-10 22:52:23,353 - WARNING - ibkr.core.market_data_worker - IBKR market data notice for TSLA: Requested market data is not subscribed. Displaying delayed market data. (10167)
2026-06-10 22:52:23,354 - WARNING - ibkr.core.market_data_worker - IBKR market data notice for PTCT: Requested market data is not subscribed. Displaying delayed market data. (10167)
2026-06-10 22:52:23,354 - WARNING - ibkr.core.market_data_worker - IBKR market data notice for HPQ: Requested market data is not subscribed. Displaying delayed market data. (10167)
2026-06-10 22:52:23,592 - WARNING - ibkr.core.market_data_worker - IBKR market data notice for DELL: Requested market data is not subscribed. Displaying delayed market data. (10167)
2026-06-10 22:52:23,633 - WARNING - ibkr.core.market_data_worker - IBKR market data notice for MTA: Requested market data is not subscribed. Displaying delayed market data. (10167)
2026-06-10 22:52:23,727 - WARNING - ibkr.core.market_data_worker - IBKR market data notice for DRS: Requested market data is not subscribed. Displaying delayed market data. (10167)
2026-06-10 22:52:23,790 - WARNING - ibkr.core.market_data_worker - IBKR market data notice for RDW: Requested market data is not subscribed. Displaying delayed market data. (10167)
2026-06-10 22:52:23,791 - WARNING - ibkr.core.market_data_worker - IBKR market data notice for IONQ: Requested market data is not subscribed. Displaying delayed market data. (10167)
2026-06-10 22:52:23,791 - WARNING - ibkr.core.market_data_worker - IBKR market data notice for GFS: Requested market data is not subscribed. Displaying delayed market data. (10167)
2026-06-10 22:52:23,791 - WARNING - ibkr.core.market_data_worker - IBKR market data notice for QBTS: Requested market data is not subscribed. Displaying delayed market data. (10167)
2026-06-10 22:52:23,792 - WARNING - ibkr.core.market_data_worker - IBKR market data notice for LUNR: Requested market data is not subscribed. Displaying delayed market data. (10167)
2026-06-10 22:52:23,792 - WARNING - ibkr.core.market_data_worker - IBKR market data notice for SIDU: Requested market data is not subscribed. Displaying delayed market data. (10167)
2026-06-10 22:52:23,792 - WARNING - ibkr.core.market_data_worker - IBKR market data notice for DPRO: Requested market data is not subscribed. Displaying delayed market data. (10167)
2026-06-10 22:52:23,792 - WARNING - ibkr.core.market_data_worker - IBKR market data notice for SNDK: Requested market data is not subscribed. Displaying delayed market data. (10167)
2026-06-10 22:52:23,795 - WARNING - ibkr.core.market_data_worker - IBKR market data notice for RKLB: Requested market data is not subscribed. Displaying delayed market data. (10167)
2026-06-10 22:52:23,796 - WARNING - ibkr.core.market_data_worker - IBKR market data notice for SPRC: Requested market data is not subscribed. Displaying delayed market data. (10167)
2026-06-10 22:52:29,650 - INFO - ibkr.core.main_window - Floating positions dialog opened
2026-06-10 22:52:40,717 - INFO - ibkr.core.main_window - Added 1 widget market-data subscriptions (0 token-backed)
2026-06-10 22:52:40,721 - INFO - ibkr.core.chart_lines_manager - Updated stop-loss line for BAX @ 20.40
2026-06-10 22:52:40,724 - INFO - ibkr.core.stop_loss_manager - SL set: BAX @ $20.40 (FULL, 4.88% from avg $19.45)
2026-06-10 22:52:44,274 - INFO - chart_engine.drawings - Loaded state for BAX (60minute) — 2 drawings
2026-06-10 22:52:44,279 - INFO - chart_engine.drawings - Saved state for BAX (60minute) — 2 drawings
2026-06-10 22:52:44,901 - INFO - ibkr.core.chart_lines_manager - Updated stop-loss line for BAX @ 20.41
2026-06-10 22:52:44,904 - INFO - ibkr.core.stop_loss_manager - SL modified: BAX → $20.41
2026-06-10 22:52:44,926 - INFO - chart_engine.core.chart_bridge - ChartBridge: stop-loss price updated from chart: {"symbol":"BAX","old_price":20.4,"new_price":20.408135593220337}
2026-06-10 22:52:48,036 - INFO - ibkr.core.chart_lines_manager - Updated stop-loss line for BAX @ 20.34
2026-06-10 22:52:48,043 - INFO - ibkr.core.stop_loss_manager - SL modified: BAX → $20.34
2026-06-10 22:52:48,076 - INFO - chart_engine.core.chart_bridge - ChartBridge: stop-loss price updated from chart: {"symbol":"BAX","old_price":20.408135593220337,"new_price":20.343050847457626}
2026-06-10 22:52:51,730 - INFO - ibkr.core.chart_lines_manager - Updated stop-loss line for BAX @ 20.40
2026-06-10 22:52:51,733 - INFO - ibkr.core.stop_loss_manager - SL modified: BAX → $20.40
2026-06-10 22:52:51,760 - INFO - chart_engine.core.chart_bridge - ChartBridge: stop-loss price updated from chart: {"symbol":"BAX","old_price":20.343050847457626,"new_price":20.4}
2026-06-10 22:52:54,866 - INFO - ibkr.core.chart_lines_manager - Updated stop-loss line for BAX @ 20.42
2026-06-10 22:52:54,868 - INFO - ibkr.core.stop_loss_manager - SL modified: BAX → $20.42
2026-06-10 22:52:54,896 - INFO - chart_engine.core.chart_bridge - ChartBridge: stop-loss price updated from chart: {"symbol":"BAX","old_price":20.4,"new_price":20.416271186440675}
2026-06-10 22:52:58,667 - INFO - ibkr.core.shutdown_manager - closeEvent received — beginning fast IBKR shutdown
2026-06-10 22:52:58,668 - INFO - ibkr.core.shutdown_manager - === Fast IBKR window-close shutdown starting ===
2026-06-10 22:52:58,669 - INFO - ibkr.core.shutdown_manager - Shutdown: [quiesce_background_activity]…
2026-06-10 22:52:58,670 - INFO - ibkr.core.shutdown_manager - Shutdown: [quiesce_background_activity] ✓
2026-06-10 22:52:58,671 - INFO - ibkr.core.shutdown_manager - Shutdown: [save_window_state]…
2026-06-10 22:52:58,673 - INFO - ibkr.core.main_window - Window state saved
2026-06-10 22:52:58,674 - INFO - ibkr.core.shutdown_manager - Shutdown: [save_window_state] ✓
2026-06-10 22:52:58,675 - INFO - ibkr.core.shutdown_manager - Shutdown: [save_chart_state]…
2026-06-10 22:52:58,680 - INFO - ib_insync.client - Disconnecting
2026-06-10 22:52:58,681 - INFO - ibkr.core.market_data_worker - IBKR MarketDataWorker stopped
2026-06-10 22:52:58,695 - INFO - ibkr.core.shutdown_manager - Shutdown: [save_chart_state] ✓
2026-06-10 22:52:58,696 - INFO - ibkr.core.shutdown_manager - Shutdown: [stop_remaining_timers]…
2026-06-10 22:52:58,713 - INFO - ibkr.core.shutdown_manager - Shutdown: [stop_remaining_timers] ✓
2026-06-10 22:52:58,713 - INFO - ibkr.core.shutdown_manager - === Fast IBKR window-close shutdown complete ===
2026-06-10 22:52:58,728 - INFO - __main__ - Shutting down and cleaning up resources...
2026-06-10 22:52:58,728 - INFO - __main__ - Skipping broker disconnect during fast window-close shutdown.
2026-06-10 22:52:58,728 - INFO - __main__ - Cleanup complete.
