2026-06-10 20:56:45,320 - INFO - login_setup.login_setup_config - qullamaggie v1.0.0 starting...
2026-06-10 20:56:45,320 - INFO - login_setup.login_setup_config - Logging to file: /home/kavi/Desktop/Python_Projects/swing_trader/logs/qullamaggie_20260610_205645.log
2026-06-10 20:56:45,320 - INFO - login_setup.login_setup_config - Fatal crash diagnostics enabled for all threads.
2026-06-10 20:56:45,320 - INFO - __main__ - 🚀 Starting qullamaggie Application...
2026-06-10 20:56:45,480 - INFO - __main__ - Application icon loaded from: /home/kavi/Desktop/Python_Projects/swing_trader/assets/qullamaggie_swing_trader_icon.svg
2026-06-10 20:56:47,509 - INFO - ib_insync.client - Connecting to 127.0.0.1:4002 with clientId 1...
2026-06-10 20:56:47,511 - INFO - ib_insync.client - Connected
2026-06-10 20:56:47,526 - INFO - ib_insync.client - Logged on to server version 176
2026-06-10 20:56:47,568 - INFO - ib_insync.client - API connection ready
2026-06-10 20:56:48,013 - INFO - __main__ - Authenticated for broker: america
2026-06-10 20:56:48,013 - INFO - __main__ - Initializing trading and data clients...
2026-06-10 20:56:48,013 - INFO - login_setup.broker_factory - Creating america client for live trading
2026-06-10 20:56:48,014 - INFO - login_setup.broker_factory - IBKR client created with accounts: ['DUQ624205']
2026-06-10 20:56:48,024 - INFO - ibkr.core.trading_client - Subscribed to IBKR real-time order events
2026-06-10 20:56:48,025 - INFO - ibkr.core.trading_client - IBKR trading client startup snapshots deferred; using local cache/event sync
2026-06-10 20:56:48,026 - INFO - __main__ - Trading client created; creating data client...
2026-06-10 20:56:48,026 - INFO - login_setup.broker_factory - Creating data client for america
2026-06-10 20:56:48,026 - INFO - __main__ - Data client created; validating connection state...
2026-06-10 20:56:48,026 - INFO - __main__ - Trading client connected: True
2026-06-10 20:56:48,027 - INFO - __main__ - Data client connected: True
2026-06-10 20:56:48,028 - INFO - __main__ - Clients initialized successfully.
2026-06-10 20:56:48,028 - INFO - login_setup.broker_factory - Added america client to manager
2026-06-10 20:56:48,030 - INFO - login_setup.broker_factory - Started connection monitoring for america
2026-06-10 20:56:48,030 - INFO - __main__ - Creating main window for america...
2026-06-10 20:56:48,030 - INFO - login_setup.broker_factory - Dynamically loading main window from: ibkr.core.main_window
2026-06-10 20:56:49,337 - INFO - ibkr.core.trade_logger - Trade history database for 'live' mode at: /home/kavi/.qullamaggie/trade_history_live.db
2026-06-10 20:56:49,337 - INFO - ibkr.core.trade_logger - TradeLogger initialized with background processing
2026-06-10 20:56:49,338 - INFO - ibkr.core.trade_logger - DatabaseWorker processing started
2026-06-10 20:56:49,341 - INFO - ibkr.core.position_manager - ✅ Connected to trader.order_status_updated signal - orders will sync immediately
2026-06-10 20:56:49,341 - INFO - ibkr.core.position_manager - ✅ Connected to trader.position_updated signal - positions will sync immediately
2026-06-10 20:56:49,342 - INFO - ibkr.core.position_manager - ✅ Connected to trader.connection_status_changed signal
2026-06-10 20:56:49,342 - INFO - ibkr.core.trade_logger - Database initialization completed
2026-06-10 20:56:49,344 - INFO - ibkr.core.stop_loss_manager - Restored 1 active SL record(s) from database
2026-06-10 20:56:49,396 - INFO - ibkr.widgets.scanner_table - Loaded 19 valid scan configurations
2026-06-10 20:56:49,410 - INFO - ibkr.widgets.scanner_table - Scanner table ready for context-aware navigation
2026-06-10 20:56:49,417 - INFO - ibkr.widgets.scanner_table - Running EOD Finviz scan: Semiconductors
2026-06-10 20:56:49,421 - INFO - chart_engine.core.ibkr_data_fetcher - Pre-warming dedicated IBKR history connection...
2026-06-10 20:56:49,423 - INFO - ib_insync.client - Connecting to 127.0.0.1:4002 with clientId 102...
2026-06-10 20:56:49,426 - INFO - chart_engine.drawings - Loaded global chart settings.
2026-06-10 20:56:49,698 - INFO - chart_engine.core.ibkr_data_fetcher - Chart data source=IBKR symbol=BAX interval=day from=2025-05-06T11:26:49.698085-04:00 to=2026-06-10T11:26:49.698085-04:00 dedicated_history=True
2026-06-10 20:56:49,912 - INFO - chart_engine.core.ibkr_data_fetcher - IBKR chart history connected on 127.0.0.1:4002 clientId=102
2026-06-10 20:56:49,954 - INFO - ibkr.core.data_cache - MarketAwareDataCache initialised for IBKR/US market time
2026-06-10 20:56:49,954 - INFO - chart_engine.core.ibkr_data_fetcher - Chart data source=IBKR symbol=BAX interval=60minute from=2026-04-21T11:26:49.954672-04:00 to=2026-06-10T11:26:49.954672-04:00 dedicated_history=True
2026-06-10 20:56:50,059 - INFO - chart_engine.drawings - Saved global chart settings.
2026-06-10 20:56:50,281 - INFO - chart_engine.core.ibkr_data_fetcher - Requesting IBKR historical data: BAX conId=8111188 bar=1 day duration=2 Y end=latest
2026-06-10 20:56:50,306 - INFO - ibkr.core.alert_management_system - Loaded 0 alerts from disk
2026-06-10 20:56:50,307 - INFO - ibkr.core.alert_management_system - AlertSystemManager ready
2026-06-10 20:56:50,307 - INFO - ibkr.core.main_window - Alert system initialized successfully.
2026-06-10 20:56:50,308 - INFO - ibkr.core.alert_management_system - AlertEngine started
2026-06-10 20:56:50,311 - INFO - ibkr.core.main_window - Connecting component signals...
2026-06-10 20:56:50,312 - INFO - ib_insync.client - Connecting to 127.0.0.1:4002 with clientId 101...
2026-06-10 20:56:50,314 - INFO - ibkr.core.main_window - IBKR order lifecycle UI signals connected
2026-06-10 20:56:50,332 - INFO - ibkr.core.main_window - Keyboard shortcuts initialized
2026-06-10 20:56:50,584 - INFO - chart_engine.core.ibkr_data_fetcher - Requesting IBKR historical data: BAX conId=8111188 bar=30 mins duration=50 D end=latest
2026-06-10 20:56:50,630 - INFO - ibkr.core.main_window - Window state restored
2026-06-10 20:56:50,630 - INFO - ibkr.core.main_window - Applied startup chart timeframes: left=day, right=60minute
2026-06-10 20:56:50,633 - INFO - ibkr.core.main_window - Simplified qullamaggie Window with Status Bar Initialized Successfully.
2026-06-10 20:56:50,638 - INFO - __main__ - Main window created successfully.
2026-06-10 20:56:50,714 - INFO - __main__ - Starting application event loop.
2026-06-10 20:56:51,059 - INFO - ibkr.core.market_data_worker - Dedicated IBKR market-data connection established on 127.0.0.1:4002 clientId=101
2026-06-10 20:56:51,301 - INFO - ibkr.core.market_data_worker - IBKR MarketDataWorker started
2026-06-10 20:56:51,315 - INFO - ibkr.core.main_window - IBKR loader: Building initial instrument list...
2026-06-10 20:56:51,316 - INFO - ibkr.core.market_data_worker - Requested IBKR delayed market data type (3); delayed fallback=False; generic ticks=''
2026-06-10 20:56:51,426 - INFO - ibkr.core.main_window - Added 1 widget market-data subscriptions (0 token-backed)
2026-06-10 20:56:51,566 - INFO - chart_engine.core.ibkr_data_fetcher - Chart data fetch complete source=IBKR symbol=BAX bars=276
2026-06-10 20:56:52,058 - INFO - ibkr.core.market_data_worker - Subscribed IBKR market data: BAX key=8111188 type=delayed
2026-06-10 20:56:52,468 - INFO - chart_engine.core.ibkr_data_fetcher - Chart data fetch complete source=IBKR symbol=BAX bars=345
2026-06-10 20:56:52,544 - WARNING - ibkr.core.market_data_worker - IBKR market data notice for BAX: Requested market data is not subscribed. Displaying delayed market data. (10167)
2026-06-10 20:56:52,895 - INFO - ibkr.widgets.scanner_table - EOD Scan completed: 27 symbols with complete data
2026-06-10 20:57:19,149 - WARNING - __main__ - Signal 2 received, initiating shutdown.
