2026-06-10 00:08:07,850 - INFO - login_setup.login_setup_config - qullamaggie v1.0.0 starting...
2026-06-10 00:08:07,850 - INFO - login_setup.login_setup_config - Logging to file: /home/kavi/Desktop/Python_Projects/swing_trader/logs/qullamaggie_20260610_000807.log
2026-06-10 00:08:07,851 - INFO - login_setup.login_setup_config - Fatal crash diagnostics enabled for all threads.
2026-06-10 00:08:07,851 - INFO - __main__ - 🚀 Starting qullamaggie Application...
2026-06-10 00:08:08,285 - INFO - __main__ - Application icon loaded from: /home/kavi/Desktop/Python_Projects/swing_trader/assets/qullamaggie_swing_trader_icon.svg
2026-06-10 00:08:10,369 - INFO - ib_insync.client - Connecting to 127.0.0.1:4002 with clientId 1...
2026-06-10 00:08:10,372 - INFO - ib_insync.client - Connected
2026-06-10 00:08:10,385 - INFO - ib_insync.client - Logged on to server version 176
2026-06-10 00:08:10,426 - INFO - ib_insync.client - API connection ready
2026-06-10 00:08:40,433 - ERROR - ib_insync.ib - completed orders request timed out
2026-06-10 00:08:40,448 - INFO - __main__ - Authenticated for broker: america
2026-06-10 00:08:40,449 - INFO - __main__ - Initializing trading and data clients...
2026-06-10 00:08:40,449 - INFO - login_setup.broker_factory - Creating america client for live trading
2026-06-10 00:08:40,450 - INFO - login_setup.broker_factory - IBKR client created with accounts: ['DUQ624205']
2026-06-10 00:08:40,510 - INFO - ibkr.core.trading_client - Subscribed to IBKR real-time order events
2026-06-10 00:08:40,510 - INFO - ibkr.core.trading_client - IBKR trading client startup snapshots deferred; using local cache/event sync
2026-06-10 00:08:40,512 - INFO - __main__ - Trading client created; creating data client...
2026-06-10 00:08:40,512 - INFO - login_setup.broker_factory - Creating data client for america
2026-06-10 00:08:40,512 - INFO - __main__ - Data client created; validating connection state...
2026-06-10 00:08:40,513 - INFO - __main__ - Trading client connected: True
2026-06-10 00:08:40,513 - INFO - __main__ - Data client connected: True
2026-06-10 00:08:40,513 - INFO - __main__ - Clients initialized successfully.
2026-06-10 00:08:40,513 - INFO - login_setup.broker_factory - Added america client to manager
2026-06-10 00:08:40,515 - INFO - login_setup.broker_factory - Started connection monitoring for america
2026-06-10 00:08:40,516 - INFO - __main__ - Creating main window for america...
2026-06-10 00:08:40,516 - INFO - login_setup.broker_factory - Dynamically loading main window from: ibkr.core.main_window
2026-06-10 00:08:42,309 - INFO - ibkr.core.trade_logger - Trade history database for 'live' mode at: /home/kavi/.qullamaggie/trade_history_live.db
2026-06-10 00:08:42,310 - INFO - ibkr.core.trade_logger - TradeLogger initialized with background processing
2026-06-10 00:08:42,311 - INFO - ibkr.core.trade_logger - Database initialization completed
2026-06-10 00:08:42,313 - INFO - ibkr.core.trade_logger - DatabaseWorker processing started
2026-06-10 00:08:42,317 - INFO - ibkr.core.position_manager - ✅ Connected to trader.order_status_updated signal - orders will sync immediately
2026-06-10 00:08:42,317 - INFO - ibkr.core.position_manager - ✅ Connected to trader.position_updated signal - positions will sync immediately
2026-06-10 00:08:42,317 - INFO - ibkr.core.position_manager - ✅ Connected to trader.connection_status_changed signal
2026-06-10 00:08:42,403 - INFO - ibkr.widgets.scanner_table - Loaded 19 valid scan configurations
2026-06-10 00:08:42,427 - INFO - ibkr.widgets.scanner_table - Scanner table ready for context-aware navigation
2026-06-10 00:08:42,438 - INFO - ibkr.widgets.scanner_table - Running EOD Finviz scan: Semiconductors
2026-06-10 00:08:42,443 - INFO - chart_engine.core.ibkr_data_fetcher - Pre-warming dedicated IBKR history connection...
2026-06-10 00:08:42,452 - INFO - ib_insync.client - Connecting to 127.0.0.1:4002 with clientId 102...
2026-06-10 00:08:42,453 - INFO - chart_engine.drawings - Loaded global chart settings.
2026-06-10 00:08:42,455 - INFO - ib_insync.client - Connected
2026-06-10 00:08:42,461 - INFO - ib_insync.client - Logged on to server version 176
2026-06-10 00:08:42,512 - INFO - ib_insync.client - API connection ready
2026-06-10 00:08:42,765 - INFO - chart_engine.core.ibkr_data_fetcher - Chart data source=IBKR symbol=HIMX interval=day from=2025-05-05T14:38:42.765650-04:00 to=2026-06-09T14:38:42.765650-04:00 dedicated_history=True
2026-06-10 00:08:43,241 - INFO - ibkr.core.data_cache - MarketAwareDataCache initialised for IBKR/US market time
2026-06-10 00:08:43,242 - INFO - chart_engine.core.ibkr_data_fetcher - Chart data source=IBKR symbol=HIMX interval=60minute from=2026-04-20T14:38:43.241865-04:00 to=2026-06-09T14:38:43.241865-04:00 dedicated_history=True
2026-06-10 00:08:43,357 - INFO - chart_engine.drawings - Saved global chart settings.
2026-06-10 00:08:43,704 - INFO - ibkr.core.alert_management_system - Loaded 0 alerts from disk
2026-06-10 00:08:43,705 - INFO - ibkr.core.alert_management_system - AlertSystemManager ready
2026-06-10 00:08:43,705 - INFO - ibkr.core.alert_management_system - AlertEngine started
2026-06-10 00:08:43,706 - INFO - ibkr.core.main_window - Alert system initialized successfully.
2026-06-10 00:08:43,712 - INFO - ib_insync.client - Connecting to 127.0.0.1:4002 with clientId 101...
2026-06-10 00:08:43,713 - INFO - ibkr.core.main_window - Connecting component signals...
2026-06-10 00:08:43,720 - INFO - ibkr.core.main_window - IBKR order lifecycle UI signals connected
2026-06-10 00:08:43,742 - INFO - ibkr.core.main_window - Keyboard shortcuts initialized
2026-06-10 00:08:44,176 - INFO - ibkr.core.main_window - Window state restored
2026-06-10 00:08:44,176 - INFO - ibkr.core.main_window - Applied startup chart timeframes: left=day, right=60minute
2026-06-10 00:08:44,177 - INFO - ibkr.core.main_window - Simplified qullamaggie Window with Status Bar Initialized Successfully.
2026-06-10 00:08:44,179 - INFO - __main__ - Main window created successfully.
2026-06-10 00:08:44,188 - INFO - ibkr.core.market_data_worker - Dedicated IBKR market-data connection established on 127.0.0.1:4002 clientId=101
2026-06-10 00:08:44,242 - INFO - __main__ - Starting application event loop.
2026-06-10 00:08:44,243 - INFO - ibkr.core.market_data_worker - IBKR MarketDataWorker started
2026-06-10 00:08:44,244 - INFO - ibkr.core.market_data_worker - Requested IBKR delayed market data type (3); delayed fallback=False; generic ticks=''
2026-06-10 00:08:44,994 - INFO - ibkr.core.main_window - IBKR loader: Building initial instrument list...
2026-06-10 00:08:45,030 - WARNING - ibkr.core.main_window - IBKR market data is delayed (delayed); live subscription is unavailable.
2026-06-10 00:08:45,047 - INFO - ibkr.core.main_window - WebSocket connected. Setting up subscriptions.
2026-06-10 00:08:45,047 - INFO - ibkr.core.position_manager - Fetching positions from broker - Reason: ibkr_connected
2026-06-10 00:08:45,216 - INFO - ibkr.core.main_window - Added 20 widget market-data subscriptions (20 token-backed)
2026-06-10 00:08:45,227 - INFO - ibkr.core.position_manager - Position table changed: 20 open positions | open MTM -49979.40 | realized 0.00
2026-06-10 00:08:46,699 - INFO - ibkr.core.main_window - Successfully loaded 4342 instruments.
2026-06-10 00:08:46,701 - INFO - ibkr.widgets.header_toolbar - Search index ready: 4342 instruments
2026-06-10 00:08:46,759 - INFO - ibkr.core.main_window - Instruments loaded successfully.
2026-06-10 00:08:46,794 - INFO - ibkr.core.main_window - IBKR loader: Loaded 181 symbols (qualifying in background...)
2026-06-10 00:08:46,879 - INFO - ibkr.core.position_manager - Fetching positions from broker - Reason: app_startup
2026-06-10 00:08:46,939 - INFO - ibkr.core.main_window - Position system initialized successfully
2026-06-10 00:08:47,126 - INFO - ibkr.core.main_window - Subscription universe changed: 24 instruments (20 token-backed, +24/-0) sources={'positions': 20, 'charts': 2, 'watchlist': 1, 'header': 2}
2026-06-10 00:08:47,150 - INFO - ibkr.core.network_monitor - NetworkMonitor started
2026-06-10 00:08:47,150 - INFO - ibkr.core.main_window - Network resilience layer initialized
2026-06-10 00:08:47,692 - INFO - ibkr.core.position_manager - Fetching positions from broker - Reason: instruments_loaded
2026-06-10 00:08:47,748 - INFO - ibkr.core.main_window - Chart auto-loading initiated
2026-06-10 00:08:47,748 - INFO - ibkr.core.main_window - Chart has active symbol HIMX but no rendered data; retrying historical load (conId=symbol-lookup)
2026-06-10 00:08:47,804 - INFO - chart_engine.core.ibkr_data_fetcher - Chart data source=IBKR symbol=HIMX interval=day from=2025-05-05T14:38:47.804675-04:00 to=2026-06-09T14:38:47.804675-04:00 dedicated_history=True
2026-06-10 00:08:48,023 - INFO - ibkr.core.network_monitor - Network confirmed online at startup
2026-06-10 00:08:49,670 - INFO - ibkr.widgets.scanner_table - EOD Scan completed: 34 symbols with complete data
2026-06-10 00:08:49,842 - INFO - ibkr.widgets.scanner_table - EOD Scanner table updated with 34 symbols.
2026-06-10 00:08:50,516 - ERROR - ib_insync.ib - completed orders request timed out
2026-06-10 00:08:50,520 - INFO - chart_engine.core.ibkr_data_fetcher - IBKR chart history connected on 127.0.0.1:4002 clientId=102
2026-06-10 00:09:07,898 - INFO - ibkr.core.shutdown_manager - closeEvent received — beginning fast IBKR shutdown
2026-06-10 00:09:07,900 - INFO - ibkr.core.shutdown_manager - === Fast IBKR window-close shutdown starting ===
2026-06-10 00:09:07,901 - INFO - ibkr.core.shutdown_manager - Shutdown: [save_window_state]…
2026-06-10 00:09:07,903 - INFO - ibkr.core.main_window - Window state saved
2026-06-10 00:09:07,903 - INFO - ibkr.core.shutdown_manager - Shutdown: [save_window_state] ✓
2026-06-10 00:09:07,904 - INFO - ibkr.core.shutdown_manager - Shutdown: [save_chart_state]…
2026-06-10 00:09:07,907 - INFO - ibkr.core.shutdown_manager - Shutdown: [save_chart_state] ✓
2026-06-10 00:09:07,907 - INFO - ibkr.core.shutdown_manager - Shutdown: [stop_remaining_timers]…
2026-06-10 00:09:07,926 - INFO - ibkr.core.shutdown_manager - Shutdown: [stop_remaining_timers] ✓
2026-06-10 00:09:07,926 - INFO - ibkr.core.shutdown_manager - === Fast IBKR window-close shutdown complete ===
2026-06-10 00:09:07,934 - INFO - __main__ - Shutting down and cleaning up resources...
2026-06-10 00:09:07,934 - INFO - __main__ - Skipping broker disconnect during fast window-close shutdown.
2026-06-10 00:09:07,934 - INFO - __main__ - Cleanup complete.
