2026-06-10 23:16:52,540 - INFO - login_setup.login_setup_config - qullamaggie v1.0.0 starting...
2026-06-10 23:16:52,540 - INFO - login_setup.login_setup_config - Logging to file: /home/kavi/Desktop/Python_Projects/swing_trader/logs/qullamaggie_20260610_231652.log
2026-06-10 23:16:52,541 - INFO - login_setup.login_setup_config - Fatal crash diagnostics enabled for all threads.
2026-06-10 23:16:52,541 - INFO - __main__ - 🚀 Starting qullamaggie Application...
2026-06-10 23:16:52,678 - INFO - __main__ - Application icon loaded from: /home/kavi/Desktop/Python_Projects/swing_trader/assets/qullamaggie_swing_trader_icon.svg
2026-06-10 23:16:54,881 - INFO - ib_insync.client - Connecting to 127.0.0.1:4002 with clientId 1...
2026-06-10 23:16:54,883 - INFO - ib_insync.client - Connected
2026-06-10 23:16:54,910 - INFO - ib_insync.client - Logged on to server version 176
2026-06-10 23:16:54,951 - INFO - ib_insync.client - API connection ready
2026-06-10 23:16:55,397 - INFO - __main__ - Authenticated for broker: america
2026-06-10 23:16:55,398 - INFO - __main__ - Initializing trading and data clients...
2026-06-10 23:16:55,398 - INFO - login_setup.broker_factory - Creating america client for live trading
2026-06-10 23:16:55,399 - INFO - login_setup.broker_factory - IBKR client created with accounts: ['DUQ624205']
2026-06-10 23:16:55,405 - INFO - ibkr.core.trading_client - Subscribed to IBKR real-time order events
2026-06-10 23:16:55,405 - INFO - ibkr.core.trading_client - IBKR trading client startup snapshots deferred; using local cache/event sync
2026-06-10 23:16:55,406 - INFO - __main__ - Trading client created; creating data client...
2026-06-10 23:16:55,406 - INFO - login_setup.broker_factory - Creating data client for america
2026-06-10 23:16:55,406 - INFO - __main__ - Data client created; validating connection state...
2026-06-10 23:16:55,406 - INFO - __main__ - Trading client connected: True
2026-06-10 23:16:55,407 - INFO - __main__ - Data client connected: True
2026-06-10 23:16:55,407 - INFO - __main__ - Clients initialized successfully.
2026-06-10 23:16:55,407 - INFO - login_setup.broker_factory - Added america client to manager
2026-06-10 23:16:55,408 - INFO - login_setup.broker_factory - Started connection monitoring for america
2026-06-10 23:16:55,409 - INFO - __main__ - Creating main window for america...
2026-06-10 23:16:55,409 - INFO - login_setup.broker_factory - Dynamically loading main window from: ibkr.core.main_window
2026-06-10 23:16:56,666 - INFO - ibkr.core.trade_logger - Trade history database for 'live' mode at: /home/kavi/.qullamaggie/trade_history_live.db
2026-06-10 23:16:56,667 - INFO - ibkr.core.trade_logger - TradeLogger initialized with background processing
2026-06-10 23:16:56,670 - INFO - ibkr.core.trade_logger - Database initialization completed
2026-06-10 23:16:56,671 - INFO - ibkr.core.trade_logger - DatabaseWorker processing started
2026-06-10 23:16:56,673 - INFO - ibkr.core.position_manager - ✅ Connected to trader.order_status_updated signal - orders will sync immediately
2026-06-10 23:16:56,674 - INFO - ibkr.core.position_manager - ✅ Connected to trader.position_updated signal - positions will sync immediately
2026-06-10 23:16:56,674 - INFO - ibkr.core.position_manager - ✅ Connected to trader.connection_status_changed signal
2026-06-10 23:16:56,836 - INFO - ibkr.widgets.scanner_table - Loaded 19 valid scan configurations
2026-06-10 23:16:56,878 - INFO - ibkr.widgets.scanner_table - Scanner table ready for context-aware navigation
2026-06-10 23:16:56,908 - INFO - chart_engine.drawings - Loaded global chart settings.
2026-06-10 23:16:57,521 - INFO - ibkr.core.data_cache - MarketAwareDataCache initialised for IBKR/US market time
2026-06-10 23:16:57,831 - INFO - chart_engine.drawings - Saved global chart settings.
2026-06-10 23:16:58,164 - INFO - ibkr.core.alert_management_system - Loaded 0 alerts from disk
2026-06-10 23:16:58,166 - INFO - ibkr.core.alert_management_system - AlertSystemManager ready
2026-06-10 23:16:58,167 - INFO - ibkr.core.main_window - Alert system initialized successfully.
2026-06-10 23:16:58,167 - INFO - ibkr.core.main_window - Connecting component signals...
2026-06-10 23:16:58,168 - INFO - ibkr.core.main_window - IBKR order lifecycle UI signals connected
2026-06-10 23:16:58,167 - INFO - ibkr.core.alert_management_system - AlertEngine started
2026-06-10 23:16:58,178 - INFO - ibkr.core.main_window - Keyboard shortcuts initialized
2026-06-10 23:16:58,365 - INFO - ibkr.core.main_window - Window state restored
2026-06-10 23:16:58,421 - INFO - ibkr.core.main_window - Applied startup chart timeframes: left=day, right=60minute
2026-06-10 23:16:58,422 - INFO - ibkr.core.main_window - Simplified qullamaggie Window with Status Bar Initialized Successfully.
2026-06-10 23:16:58,423 - INFO - __main__ - Main window created successfully.
2026-06-10 23:16:58,522 - INFO - __main__ - Starting application event loop.
2026-06-10 23:16:59,105 - INFO - ibkr.core.main_window - Starting deferred IBKR post-show workers
2026-06-10 23:16:59,106 - INFO - chart_engine.core.ibkr_data_fetcher - Pre-warming dedicated IBKR history connection...
2026-06-10 23:16:59,110 - INFO - ib_insync.client - Connecting to 127.0.0.1:4002 with clientId 102...
2026-06-10 23:16:59,124 - INFO - ib_insync.client - Connecting to 127.0.0.1:4002 with clientId 101...
2026-06-10 23:16:59,552 - INFO - ibkr.core.main_window - IBKR loader: Building initial instrument list...
2026-06-10 23:16:59,556 - INFO - ibkr.core.main_window - Successfully loaded 226 instruments.
2026-06-10 23:16:59,558 - INFO - ibkr.widgets.header_toolbar - Search index ready: 226 instruments
2026-06-10 23:16:59,559 - INFO - ibkr.core.main_window - Instruments loaded successfully.
2026-06-10 23:16:59,560 - INFO - ibkr.core.main_window - IBKR loader: Loaded 181 symbols (qualifying in background...)
2026-06-10 23:16:59,592 - INFO - ibkr.widgets.scanner_table - Running EOD Finviz scan: Computer Hardware
2026-06-10 23:16:59,874 - INFO - ibkr.core.main_window - Subscription universe changed: 2 instruments (0 token-backed, +2/-0) sources={'header': 2}
2026-06-10 23:17:00,389 - INFO - chart_engine.core.ibkr_data_fetcher - IBKR chart history connected on 127.0.0.1:4002 clientId=102
2026-06-10 23:17:00,390 - INFO - ibkr.core.market_data_worker - Dedicated IBKR market-data connection established on 127.0.0.1:4002 clientId=101
2026-06-10 23:17:00,391 - INFO - ibkr.core.market_data_worker - IBKR MarketDataWorker started
2026-06-10 23:17:00,391 - INFO - ibkr.core.market_data_worker - Requested IBKR delayed market data type (3); delayed fallback=False; generic ticks=''
2026-06-10 23:17:00,392 - WARNING - ibkr.core.main_window - IBKR market data is delayed (delayed); live subscription is unavailable.
2026-06-10 23:17:00,392 - INFO - ibkr.core.main_window - WebSocket connected. Setting up subscriptions.
2026-06-10 23:17:00,393 - INFO - ibkr.core.position_manager - Fetching positions from broker - Reason: ibkr_connected
2026-06-10 23:17:00,404 - INFO - ibkr.core.main_window - Added 20 widget market-data subscriptions (20 token-backed)
2026-06-10 23:17:00,408 - INFO - ibkr.core.position_manager - Position table changed: 20 open positions | open MTM -42744.60 | realized 0.00
2026-06-10 23:17:00,603 - INFO - ibkr.core.position_manager - Fetching positions from broker - Reason: instruments_loaded
2026-06-10 23:17:00,659 - INFO - ibkr.core.main_window - Chart auto-loading initiated
2026-06-10 23:17:00,696 - INFO - ibkr.core.main_window - Auto-loading startup chart symbol: IONQ
2026-06-10 23:17:00,716 - INFO - chart_engine.core.ibkr_data_fetcher - Chart data source=IBKR symbol=IONQ interval=day from=2026-03-02T13:47:00.716438-05:00 to=2026-06-10T13:47:00.716438-04:00 dedicated_history=True
2026-06-10 23:17:00,724 - INFO - chart_engine.core.ibkr_data_fetcher - Chart data source=IBKR symbol=IONQ interval=60minute from=2026-04-21T13:47:00.724744-04:00 to=2026-06-10T13:47:00.724744-04:00 dedicated_history=True
2026-06-10 23:17:00,774 - INFO - ibkr.core.main_window - Subscription universe changed: 23 instruments (20 token-backed, +21/-0) sources={'positions': 20, 'charts': 2, 'header': 2}
2026-06-10 23:17:00,873 - INFO - ibkr.core.market_data_worker - Subscribed IBKR market data: SPY key=756733 type=delayed
2026-06-10 23:17:00,874 - INFO - ibkr.core.market_data_worker - Subscribed IBKR market data: QQQ key=320227571 type=delayed
2026-06-10 23:17:01,059 - INFO - ibkr.widgets.scanner_table - EOD Scan completed: 17 symbols with complete data
2026-06-10 23:17:01,121 - INFO - chart_engine.core.ibkr_data_fetcher - Requesting IBKR historical data: IONQ conId=517593749 bar=30 mins duration=50 D end=latest
2026-06-10 23:17:01,126 - INFO - chart_engine.core.ibkr_data_fetcher - Requesting IBKR historical data: IONQ conId=517593749 bar=1 day duration=100 D end=latest
2026-06-10 23:17:01,154 - INFO - ibkr.widgets.scanner_table - EOD Scanner table updated with 17 symbols.
2026-06-10 23:17:01,177 - INFO - ibkr.core.position_manager - Fetching positions from broker - Reason: app_startup
2026-06-10 23:17:01,201 - INFO - ibkr.core.main_window - Position system initialized successfully
2026-06-10 23:17:01,369 - WARNING - ibkr.core.market_data_worker - IBKR market data notice for SPY: Requested market data is not subscribed. Displaying delayed market data. (10167)
2026-06-10 23:17:01,576 - INFO - ibkr.core.network_monitor - NetworkMonitor started
2026-06-10 23:17:01,576 - INFO - ibkr.core.main_window - Network resilience layer initialized
2026-06-10 23:17:01,684 - WARNING - ibkr.core.market_data_worker - IBKR market data notice for QQQ: Requested market data is not subscribed. Displaying delayed market data. (10167)
2026-06-10 23:17:02,402 - INFO - ibkr.core.network_monitor - Network confirmed online at startup
2026-06-10 23:17:02,934 - INFO - chart_engine.core.ibkr_data_fetcher - Chart data fetch complete source=IBKR symbol=IONQ bars=348
2026-06-10 23:17:02,940 - INFO - chart_engine.core.ibkr_data_fetcher - Chart data fetch complete source=IBKR symbol=IONQ bars=71
2026-06-10 23:17:03,048 - INFO - chart_engine.drawings - Loaded state for IONQ (60minute) — 3 drawings
2026-06-10 23:17:03,119 - INFO - ibkr.core.main_window - Chart panes revealed after initial symbol render: IONQ
2026-06-10 23:17:03,120 - INFO - ibkr.core.main_window - Ensured subscription for chart symbol IONQ
2026-06-10 23:17:03,121 - INFO - chart_engine.core.chart_widget - Chart HTML loaded: IONQ (348 candles)
2026-06-10 23:17:03,187 - INFO - ibkr.core.market_data_worker - Subscribed IBKR market data: NVDA key=4815747 type=delayed
2026-06-10 23:17:03,204 - INFO - ibkr.core.market_data_worker - Subscribed IBKR market data: TACT key=6858145 type=delayed
2026-06-10 23:17:03,205 - INFO - ibkr.core.market_data_worker - Subscribed IBKR market data: BAX key=8111188 type=delayed
2026-06-10 23:17:03,206 - INFO - ibkr.core.market_data_worker - Subscribed IBKR market data: UMC key=46613372 type=delayed
2026-06-10 23:17:03,206 - INFO - ibkr.core.market_data_worker - Subscribed IBKR market data: TSLA key=76792991 type=delayed
2026-06-10 23:17:03,207 - INFO - ibkr.core.market_data_worker - Subscribed IBKR market data: PTCT key=129374415 type=delayed
2026-06-10 23:17:03,207 - INFO - ibkr.core.market_data_worker - Subscribed IBKR market data: HPQ key=209411801 type=delayed
2026-06-10 23:17:03,208 - INFO - ibkr.core.market_data_worker - Subscribed IBKR market data: DELL key=346218218 type=delayed
2026-06-10 23:17:03,208 - INFO - ibkr.core.market_data_worker - Subscribed IBKR market data: MTA key=395717235 type=delayed
2026-06-10 23:17:03,208 - INFO - chart_engine.drawings - Loaded state for IONQ (day) — 3 drawings
2026-06-10 23:17:03,209 - INFO - ibkr.core.market_data_worker - Subscribed IBKR market data: DRS key=478483396 type=delayed
2026-06-10 23:17:03,210 - INFO - ibkr.core.market_data_worker - Subscribed IBKR market data: RDW key=512000171 type=delayed
2026-06-10 23:17:03,211 - INFO - ibkr.core.market_data_worker - Subscribed IBKR market data: IONQ key=517593749 type=delayed
2026-06-10 23:17:03,211 - INFO - ibkr.core.market_data_worker - Subscribed IBKR market data: GFS key=523222624 type=delayed
2026-06-10 23:17:03,211 - INFO - ibkr.core.market_data_worker - Subscribed IBKR market data: QBTS key=578031277 type=delayed
2026-06-10 23:17:03,212 - INFO - ibkr.core.market_data_worker - Subscribed IBKR market data: LUNR key=613910262 type=delayed
2026-06-10 23:17:03,213 - INFO - ibkr.core.market_data_worker - Subscribed IBKR market data: SIDU key=673368857 type=delayed
2026-06-10 23:17:03,218 - INFO - ibkr.core.market_data_worker - Subscribed IBKR market data: DPRO key=725468685 type=delayed
2026-06-10 23:17:03,219 - INFO - ibkr.core.market_data_worker - Subscribed IBKR market data: SNDK key=760250490 type=delayed
2026-06-10 23:17:03,219 - INFO - ibkr.core.market_data_worker - Subscribed IBKR market data: RKLB key=787273575 type=delayed
2026-06-10 23:17:03,220 - INFO - ibkr.core.market_data_worker - Subscribed IBKR market data: SPRC key=860471331 type=delayed
2026-06-10 23:17:03,245 - INFO - ibkr.core.main_window - Chart symbol changed to: IONQ
2026-06-10 23:17:03,245 - INFO - ibkr.core.main_window - Added chart symbol IONQ to subscription
2026-06-10 23:17:03,246 - INFO - chart_engine.core.chart_widget - Chart HTML loaded: IONQ (71 candles)
2026-06-10 23:17:03,944 - WARNING - ibkr.core.market_data_worker - IBKR market data notice for NVDA: Requested market data is not subscribed. Displaying delayed market data. (10167)
2026-06-10 23:17:04,412 - WARNING - ibkr.core.market_data_worker - IBKR market data notice for TACT: Requested market data is not subscribed. Displaying delayed market data. (10167)
2026-06-10 23:17:04,423 - WARNING - ibkr.core.market_data_worker - IBKR market data notice for BAX: Requested market data is not subscribed. Displaying delayed market data. (10167)
2026-06-10 23:17:04,435 - WARNING - ibkr.core.market_data_worker - IBKR market data notice for UMC: Requested market data is not subscribed. Displaying delayed market data. (10167)
2026-06-10 23:17:04,479 - WARNING - ibkr.core.market_data_worker - IBKR market data notice for TSLA: Requested market data is not subscribed. Displaying delayed market data. (10167)
2026-06-10 23:17:04,479 - WARNING - ibkr.core.market_data_worker - IBKR market data notice for PTCT: Requested market data is not subscribed. Displaying delayed market data. (10167)
2026-06-10 23:17:04,480 - WARNING - ibkr.core.market_data_worker - IBKR market data notice for HPQ: Requested market data is not subscribed. Displaying delayed market data. (10167)
2026-06-10 23:17:04,480 - WARNING - ibkr.core.market_data_worker - IBKR market data notice for DELL: Requested market data is not subscribed. Displaying delayed market data. (10167)
2026-06-10 23:17:04,489 - WARNING - ibkr.core.market_data_worker - IBKR market data notice for MTA: Requested market data is not subscribed. Displaying delayed market data. (10167)
2026-06-10 23:17:04,490 - WARNING - ibkr.core.market_data_worker - IBKR market data notice for DRS: Requested market data is not subscribed. Displaying delayed market data. (10167)
2026-06-10 23:17:04,495 - WARNING - ibkr.core.market_data_worker - IBKR market data notice for RDW: Requested market data is not subscribed. Displaying delayed market data. (10167)
2026-06-10 23:17:04,495 - WARNING - ibkr.core.market_data_worker - IBKR market data notice for IONQ: Requested market data is not subscribed. Displaying delayed market data. (10167)
2026-06-10 23:17:04,496 - WARNING - ibkr.core.market_data_worker - IBKR market data notice for GFS: Requested market data is not subscribed. Displaying delayed market data. (10167)
2026-06-10 23:17:04,497 - WARNING - ibkr.core.market_data_worker - IBKR market data notice for QBTS: Requested market data is not subscribed. Displaying delayed market data. (10167)
2026-06-10 23:17:04,546 - WARNING - ibkr.core.market_data_worker - IBKR market data notice for LUNR: Requested market data is not subscribed. Displaying delayed market data. (10167)
2026-06-10 23:17:04,547 - WARNING - ibkr.core.market_data_worker - IBKR market data notice for SIDU: Requested market data is not subscribed. Displaying delayed market data. (10167)
2026-06-10 23:17:04,547 - WARNING - ibkr.core.market_data_worker - IBKR market data notice for DPRO: Requested market data is not subscribed. Displaying delayed market data. (10167)
2026-06-10 23:17:04,547 - WARNING - ibkr.core.market_data_worker - IBKR market data notice for SNDK: Requested market data is not subscribed. Displaying delayed market data. (10167)
2026-06-10 23:17:04,547 - WARNING - ibkr.core.market_data_worker - IBKR market data notice for RKLB: Requested market data is not subscribed. Displaying delayed market data. (10167)
2026-06-10 23:17:04,548 - WARNING - ibkr.core.market_data_worker - IBKR market data notice for SPRC: Requested market data is not subscribed. Displaying delayed market data. (10167)
2026-06-10 23:17:07,939 - INFO - ibkr.core.main_window - Floating positions dialog opened
2026-06-10 23:17:12,612 - INFO - ibkr.core.shutdown_manager - closeEvent received — beginning fast IBKR shutdown
2026-06-10 23:17:12,614 - INFO - ibkr.core.shutdown_manager - === Fast IBKR window-close shutdown starting ===
2026-06-10 23:17:12,615 - INFO - ibkr.core.shutdown_manager - Shutdown: [quiesce_background_activity]…
2026-06-10 23:17:12,616 - INFO - ibkr.core.shutdown_manager - Shutdown: [quiesce_background_activity] ✓
2026-06-10 23:17:12,617 - INFO - ibkr.core.shutdown_manager - Shutdown: [save_window_state]…
2026-06-10 23:17:12,619 - INFO - ibkr.core.main_window - Window state saved
2026-06-10 23:17:12,620 - INFO - ibkr.core.shutdown_manager - Shutdown: [save_window_state] ✓
2026-06-10 23:17:12,620 - INFO - ibkr.core.shutdown_manager - Shutdown: [save_chart_state]…
2026-06-10 23:17:12,631 - INFO - ib_insync.client - Disconnecting
2026-06-10 23:17:12,632 - INFO - ibkr.core.market_data_worker - IBKR MarketDataWorker stopped
2026-06-10 23:17:12,639 - INFO - ibkr.core.shutdown_manager - Shutdown: [save_chart_state] ✓
2026-06-10 23:17:12,639 - INFO - ibkr.core.shutdown_manager - Shutdown: [stop_remaining_timers]…
2026-06-10 23:17:12,648 - INFO - ibkr.core.shutdown_manager - Shutdown: [stop_remaining_timers] ✓
2026-06-10 23:17:12,649 - INFO - ibkr.core.shutdown_manager - === Fast IBKR window-close shutdown complete ===
2026-06-10 23:17:12,654 - INFO - __main__ - Shutting down and cleaning up resources...
2026-06-10 23:17:12,654 - INFO - __main__ - Skipping broker disconnect during fast window-close shutdown.
2026-06-10 23:17:12,655 - INFO - __main__ - Cleanup complete.
