2026-06-10 19:34:47,949 - INFO - login_setup.login_setup_config - qullamaggie v1.0.0 starting...
2026-06-10 19:34:47,949 - INFO - login_setup.login_setup_config - Logging to file: /home/kavi/Desktop/Python_Projects/swing_trader/logs/qullamaggie_20260610_193447.log
2026-06-10 19:34:47,949 - INFO - login_setup.login_setup_config - Fatal crash diagnostics enabled for all threads.
2026-06-10 19:34:47,950 - INFO - __main__ - 🚀 Starting qullamaggie Application...
2026-06-10 19:34:48,117 - INFO - __main__ - Application icon loaded from: /home/kavi/Desktop/Python_Projects/swing_trader/assets/qullamaggie_swing_trader_icon.svg
2026-06-10 19:34:50,452 - INFO - ib_insync.client - Connecting to 127.0.0.1:4002 with clientId 1...
2026-06-10 19:34:50,465 - INFO - ib_insync.client - Connected
2026-06-10 19:34:50,486 - INFO - ib_insync.client - Logged on to server version 176
2026-06-10 19:34:50,527 - INFO - ib_insync.client - API connection ready
2026-06-10 19:34:50,969 - INFO - __main__ - Authenticated for broker: america
2026-06-10 19:34:50,970 - INFO - __main__ - Initializing trading and data clients...
2026-06-10 19:34:50,970 - INFO - login_setup.broker_factory - Creating america client for live trading
2026-06-10 19:34:50,972 - INFO - login_setup.broker_factory - IBKR client created with accounts: ['DUQ624205']
2026-06-10 19:34:50,993 - INFO - ibkr.core.trading_client - Subscribed to IBKR real-time order events
2026-06-10 19:34:50,998 - INFO - ibkr.core.trading_client - IBKR trading client startup snapshots deferred; using local cache/event sync
2026-06-10 19:34:50,998 - INFO - __main__ - Trading client created; creating data client...
2026-06-10 19:34:50,999 - INFO - login_setup.broker_factory - Creating data client for america
2026-06-10 19:34:50,999 - INFO - __main__ - Data client created; validating connection state...
2026-06-10 19:34:50,999 - INFO - __main__ - Trading client connected: True
2026-06-10 19:34:51,003 - INFO - __main__ - Data client connected: True
2026-06-10 19:34:51,003 - INFO - __main__ - Clients initialized successfully.
2026-06-10 19:34:51,003 - INFO - login_setup.broker_factory - Added america client to manager
2026-06-10 19:34:51,006 - INFO - login_setup.broker_factory - Started connection monitoring for america
2026-06-10 19:34:51,006 - INFO - __main__ - Creating main window for america...
2026-06-10 19:34:51,006 - INFO - login_setup.broker_factory - Dynamically loading main window from: ibkr.core.main_window
2026-06-10 19:34:53,136 - INFO - ibkr.core.trade_logger - Trade history database for 'live' mode at: /home/kavi/.qullamaggie/trade_history_live.db
2026-06-10 19:34:53,137 - INFO - ibkr.core.trade_logger - TradeLogger initialized with background processing
2026-06-10 19:34:53,138 - INFO - ibkr.core.trade_logger - DatabaseWorker processing started
2026-06-10 19:34:53,141 - INFO - ibkr.core.position_manager - ✅ Connected to trader.order_status_updated signal - orders will sync immediately
2026-06-10 19:34:53,142 - INFO - ibkr.core.position_manager - ✅ Connected to trader.position_updated signal - positions will sync immediately
2026-06-10 19:34:53,143 - INFO - ibkr.core.position_manager - ✅ Connected to trader.connection_status_changed signal
2026-06-10 19:34:53,143 - INFO - ibkr.core.trade_logger - Database initialization completed
2026-06-10 19:34:53,146 - INFO - ibkr.core.stop_loss_manager - Restored 1 active SL record(s) from database
2026-06-10 19:34:53,205 - INFO - ibkr.widgets.scanner_table - Loaded 19 valid scan configurations
2026-06-10 19:34:53,221 - INFO - ibkr.widgets.scanner_table - Scanner table ready for context-aware navigation
2026-06-10 19:34:53,228 - INFO - ibkr.widgets.scanner_table - Running EOD Finviz scan: Semiconductors
2026-06-10 19:34:53,232 - INFO - chart_engine.core.ibkr_data_fetcher - Pre-warming dedicated IBKR history connection...
2026-06-10 19:34:53,235 - INFO - ib_insync.client - Connecting to 127.0.0.1:4002 with clientId 102...
2026-06-10 19:34:53,237 - INFO - chart_engine.drawings - Loaded global chart settings.
2026-06-10 19:34:53,580 - INFO - chart_engine.core.ibkr_data_fetcher - Chart data source=IBKR symbol=BAX interval=day from=2025-05-06T10:04:53.580268-04:00 to=2026-06-10T10:04:53.580268-04:00 dedicated_history=True
2026-06-10 19:34:53,712 - INFO - chart_engine.core.ibkr_data_fetcher - IBKR chart history connected on 127.0.0.1:4002 clientId=102
2026-06-10 19:34:53,783 - INFO - ibkr.core.data_cache - MarketAwareDataCache initialised for IBKR/US market time
2026-06-10 19:34:53,783 - INFO - chart_engine.core.ibkr_data_fetcher - Chart data source=IBKR symbol=BAX interval=60minute from=2026-04-21T10:04:53.783602-04:00 to=2026-06-10T10:04:53.783602-04:00 dedicated_history=True
2026-06-10 19:34:53,921 - INFO - chart_engine.drawings - Saved global chart settings.
2026-06-10 19:34:54,118 - INFO - chart_engine.core.ibkr_data_fetcher - Requesting IBKR historical data: BAX conId=8111188 bar=1 day duration=2 Y end=latest
2026-06-10 19:34:54,172 - INFO - ibkr.core.alert_management_system - Loaded 0 alerts from disk
2026-06-10 19:34:54,173 - INFO - ibkr.core.alert_management_system - AlertSystemManager ready
2026-06-10 19:34:54,174 - INFO - ibkr.core.main_window - Alert system initialized successfully.
2026-06-10 19:34:54,176 - INFO - ibkr.core.alert_management_system - AlertEngine started
2026-06-10 19:34:54,183 - INFO - ibkr.core.main_window - Connecting component signals...
2026-06-10 19:34:54,184 - INFO - ibkr.core.main_window - IBKR order lifecycle UI signals connected
2026-06-10 19:34:54,185 - INFO - ib_insync.client - Connecting to 127.0.0.1:4002 with clientId 101...
2026-06-10 19:34:54,200 - INFO - ibkr.core.main_window - Keyboard shortcuts initialized
2026-06-10 19:34:54,347 - INFO - chart_engine.core.ibkr_data_fetcher - Requesting IBKR historical data: BAX conId=8111188 bar=30 mins duration=50 D end=latest
2026-06-10 19:34:54,367 - INFO - ibkr.core.main_window - Window state restored
2026-06-10 19:34:54,367 - INFO - ibkr.core.main_window - Applied startup chart timeframes: left=day, right=60minute
2026-06-10 19:34:54,369 - INFO - ibkr.core.main_window - Simplified qullamaggie Window with Status Bar Initialized Successfully.
2026-06-10 19:34:54,370 - INFO - __main__ - Main window created successfully.
2026-06-10 19:34:54,522 - INFO - __main__ - Starting application event loop.
2026-06-10 19:34:55,069 - INFO - ibkr.core.market_data_worker - Dedicated IBKR market-data connection established on 127.0.0.1:4002 clientId=101
2026-06-10 19:34:55,070 - INFO - ibkr.core.market_data_worker - IBKR MarketDataWorker started
2026-06-10 19:34:55,098 - INFO - ibkr.core.main_window - IBKR loader: Building initial instrument list...
2026-06-10 19:34:55,107 - INFO - ibkr.core.market_data_worker - Requested IBKR delayed market data type (3); delayed fallback=False; generic ticks=''
2026-06-10 19:34:55,118 - INFO - ibkr.core.main_window - Added 1 widget market-data subscriptions (0 token-backed)
2026-06-10 19:34:55,395 - INFO - chart_engine.core.ibkr_data_fetcher - Chart data fetch complete source=IBKR symbol=BAX bars=276
2026-06-10 19:34:55,866 - INFO - ibkr.core.market_data_worker - Subscribed IBKR market data: BAX key=8111188 type=delayed
2026-06-10 19:34:56,150 - INFO - chart_engine.core.ibkr_data_fetcher - Chart data fetch complete source=IBKR symbol=BAX bars=344
2026-06-10 19:34:56,211 - INFO - ibkr.widgets.scanner_table - EOD Scan completed: 34 symbols with complete data
2026-06-10 19:34:57,251 - WARNING - ibkr.core.market_data_worker - IBKR market data notice for BAX: Requested market data is not subscribed. Displaying delayed market data. (10167)
