2026-06-09 00:33:09,632 - INFO - login_setup.login_setup_config - qullamaggie v1.0.0 starting...
2026-06-09 00:33:09,632 - INFO - login_setup.login_setup_config - Logging to file: /home/kavi/Desktop/Python_Projects/swing_trader/logs/qullamaggie_20260609_003309.log
2026-06-09 00:33:09,633 - INFO - __main__ - 🚀 Starting qullamaggie Application...
2026-06-09 00:33:09,769 - INFO - __main__ - Application icon loaded from: /home/kavi/Desktop/Python_Projects/swing_trader/assets/qullamaggie_swing_trader_icon.svg
2026-06-09 00:33:12,618 - INFO - ib_insync.client - Connecting to 127.0.0.1:4002 with clientId 1...
2026-06-09 00:33:12,620 - INFO - ib_insync.client - Connected
2026-06-09 00:33:12,637 - INFO - ib_insync.client - Logged on to server version 176
2026-06-09 00:33:12,684 - INFO - ib_insync.client - API connection ready
2026-06-09 00:33:13,135 - INFO - __main__ - Authenticated for broker: america
2026-06-09 00:33:13,136 - INFO - __main__ - Initializing trading and data clients...
2026-06-09 00:33:13,136 - INFO - login_setup.broker_factory - Creating america client for live trading
2026-06-09 00:33:13,137 - INFO - login_setup.broker_factory - IBKR client created with accounts: ['DUQ624205']
2026-06-09 00:33:13,142 - INFO - ibkr.core.trading_client - Subscribed to IBKR real-time order events
2026-06-09 00:33:13,143 - INFO - login_setup.broker_factory - Creating data client for america
2026-06-09 00:33:13,143 - INFO - __main__ - Clients initialized successfully.
2026-06-09 00:33:13,143 - INFO - login_setup.broker_factory - Added america client to manager
2026-06-09 00:33:13,144 - INFO - login_setup.broker_factory - Started connection monitoring for america
2026-06-09 00:33:13,144 - INFO - __main__ - Creating main window for america...
2026-06-09 00:33:13,144 - INFO - login_setup.broker_factory - Dynamically loading main window from: ibkr.core.main_window
2026-06-09 00:33:14,344 - INFO - ibkr.core.trade_logger - Trade history database for 'live' mode at: /home/kavi/.qullamaggie/trade_history_live.db
2026-06-09 00:33:14,345 - INFO - ibkr.core.trade_logger - TradeLogger initialized with background processing
2026-06-09 00:33:14,349 - INFO - ibkr.core.trade_logger - DatabaseWorker processing started
2026-06-09 00:33:14,350 - INFO - ibkr.core.trade_logger - Database initialization completed
2026-06-09 00:33:14,354 - INFO - ibkr.core.position_manager - ✅ Connected to trader.order_status_updated signal - orders will sync immediately
2026-06-09 00:33:14,354 - INFO - ibkr.core.position_manager - ✅ Connected to trader.position_updated signal - positions will sync immediately
2026-06-09 00:33:14,355 - INFO - ibkr.core.position_manager - ✅ Connected to trader.connection_status_changed signal
2026-06-09 00:33:14,403 - INFO - ibkr.widgets.scanner_table - Loaded 2 valid scan configurations
2026-06-09 00:33:14,418 - INFO - ibkr.widgets.scanner_table - Scanner table ready for context-aware navigation
2026-06-09 00:33:14,424 - INFO - ibkr.widgets.scanner_table - Running EOD Finviz scan: Computer Hardware
2026-06-09 00:33:14,427 - INFO - chart_engine.core.ibkr_data_fetcher - Pre-warming dedicated IBKR history connection...
2026-06-09 00:33:14,434 - INFO - ib_insync.client - Connecting to 127.0.0.1:4002 with clientId 102...
2026-06-09 00:33:14,434 - INFO - chart_engine.drawings - Loaded global chart settings.
2026-06-09 00:33:14,762 - INFO - chart_engine.core.ibkr_data_fetcher - Chart data source=IBKR symbol=SIDU interval=day from=2025-11-20T15:03:14.762224-05:00 to=2026-06-08T15:03:14.762224-04:00 dedicated_history=True
2026-06-09 00:33:14,802 - INFO - chart_engine.core.ibkr_data_fetcher - IBKR chart history connected on 127.0.0.1:4002 clientId=102
2026-06-09 00:33:14,901 - INFO - ibkr.core.data_cache - MarketAwareDataCache initialised for IBKR/US market time
2026-06-09 00:33:14,901 - INFO - chart_engine.core.ibkr_data_fetcher - Chart data source=IBKR symbol=SIDU interval=60minute from=2026-04-19T15:03:14.901627-04:00 to=2026-06-08T15:03:14.901627-04:00 dedicated_history=True
2026-06-09 00:33:15,058 - INFO - chart_engine.drawings - Saved global chart settings.
2026-06-09 00:33:15,266 - INFO - chart_engine.core.ibkr_data_fetcher - Requesting IBKR historical data: SIDU conId=673368857 bar=1 day duration=200 D end=latest
2026-06-09 00:33:15,277 - INFO - chart_engine.core.ibkr_data_fetcher - Requesting IBKR historical data: SIDU conId=673368857 bar=30 mins duration=50 D end=latest
2026-06-09 00:33:15,280 - INFO - ibkr.core.alert_management_system - Loaded 0 alerts from disk
2026-06-09 00:33:15,281 - INFO - ibkr.core.alert_management_system - AlertSystemManager ready
2026-06-09 00:33:15,282 - INFO - ibkr.core.main_window - Alert system initialized successfully.
2026-06-09 00:33:15,282 - INFO - ibkr.core.alert_management_system - AlertEngine started
2026-06-09 00:33:15,285 - INFO - ibkr.core.main_window - Connecting component signals...
2026-06-09 00:33:15,286 - INFO - ib_insync.client - Connecting to 127.0.0.1:4002 with clientId 101...
2026-06-09 00:33:15,289 - INFO - ibkr.core.main_window - IBKR order lifecycle UI signals connected
2026-06-09 00:33:15,307 - INFO - ibkr.core.main_window - Keyboard shortcuts initialized
2026-06-09 00:33:15,617 - INFO - ibkr.core.main_window - Subscription universe changed: 10 instruments (0 token-backed, +10/-0) sources={'charts': 2, 'header': 2}
2026-06-09 00:33:15,619 - INFO - ibkr.core.main_window - Window state restored
2026-06-09 00:33:15,620 - INFO - ibkr.core.main_window - Applied startup chart timeframes: left=day, right=60minute
2026-06-09 00:33:15,622 - INFO - ibkr.core.main_window - Simplified qullamaggie Window with Status Bar Initialized Successfully.
2026-06-09 00:33:15,623 - INFO - __main__ - Main window created successfully.
2026-06-09 00:33:15,690 - INFO - ibkr.core.market_data_worker - Dedicated IBKR market-data connection established on 127.0.0.1:4002 clientId=101
2026-06-09 00:33:15,690 - INFO - ibkr.core.market_data_worker - IBKR MarketDataWorker started
2026-06-09 00:33:15,696 - INFO - ibkr.core.market_data_worker - Requested IBKR delayed market data type (3); delayed fallback=False; generic ticks=''
2026-06-09 00:33:15,706 - INFO - __main__ - Starting application event loop.
2026-06-09 00:33:16,299 - INFO - chart_engine.core.ibkr_data_fetcher - Chart data fetch complete source=IBKR symbol=SIDU bars=136
2026-06-09 00:33:16,715 - INFO - ibkr.core.main_window - IBKR loader: Building initial instrument list...
2026-06-09 00:33:16,743 - WARNING - ibkr.core.main_window - IBKR market data is delayed (delayed); live subscription is unavailable.
2026-06-09 00:33:16,744 - INFO - ibkr.core.main_window - WebSocket connected. Setting up subscriptions.
2026-06-09 00:33:16,745 - INFO - ibkr.core.position_manager - Fetching positions from broker - Reason: ibkr_connected
2026-06-09 00:33:16,993 - INFO - ibkr.core.market_data_worker - Subscribed IBKR market data: SIDU key=673368857 type=delayed
2026-06-09 00:33:16,994 - INFO - ibkr.core.market_data_worker - Subscribed IBKR market data: SPY key=756733 type=delayed
2026-06-09 00:33:16,995 - INFO - ibkr.core.market_data_worker - Subscribed IBKR market data: IONQ key=517593749 type=delayed
2026-06-09 00:33:16,995 - INFO - ibkr.core.market_data_worker - Subscribed IBKR market data: KTCC key=271042 type=delayed
2026-06-09 00:33:16,996 - INFO - ibkr.core.market_data_worker - Subscribed IBKR market data: LOGI key=41475996 type=delayed
2026-06-09 00:33:17,001 - INFO - ibkr.core.market_data_worker - Subscribed IBKR market data: OSS key=305186144 type=delayed
2026-06-09 00:33:17,001 - INFO - ibkr.core.market_data_worker - Subscribed IBKR market data: QMCO key=725237355 type=delayed
2026-06-09 00:33:17,002 - INFO - ibkr.core.market_data_worker - Subscribed IBKR market data: SMCI key=731466419 type=delayed
2026-06-09 00:33:17,002 - INFO - ibkr.core.market_data_worker - Subscribed IBKR market data: HPQ key=209411801 type=delayed
2026-06-09 00:33:17,003 - INFO - ibkr.core.market_data_worker - Subscribed IBKR market data: QQQ key=320227571 type=delayed
2026-06-09 00:33:17,206 - INFO - ibkr.core.main_window - Added 23 widget market-data subscriptions (23 token-backed)
2026-06-09 00:33:17,276 - INFO - ibkr.core.position_manager - Position table changed: 23 open positions | open MTM -14284.95 | realized 0.00
2026-06-09 00:33:17,343 - INFO - ibkr.core.main_window - Window state saved
2026-06-09 00:33:17,429 - WARNING - ibkr.core.market_data_worker - IBKR market data notice for SIDU: Requested market data is not subscribed. Displaying delayed market data. (10167)
2026-06-09 00:33:17,449 - WARNING - ibkr.core.market_data_worker - IBKR market data notice for SPY: Requested market data is not subscribed. Displaying delayed market data. (10167)
2026-06-09 00:33:17,449 - WARNING - ibkr.core.market_data_worker - IBKR market data notice for IONQ: Requested market data is not subscribed. Displaying delayed market data. (10167)
2026-06-09 00:33:17,450 - WARNING - ibkr.core.market_data_worker - IBKR market data notice for KTCC: Requested market data is not subscribed. Displaying delayed market data. (10167)
2026-06-09 00:33:17,450 - WARNING - ibkr.core.market_data_worker - IBKR market data notice for LOGI: Requested market data is not subscribed. Displaying delayed market data. (10167)
2026-06-09 00:33:17,451 - WARNING - ibkr.core.market_data_worker - IBKR market data notice for OSS: Requested market data is not subscribed. Displaying delayed market data. (10167)
2026-06-09 00:33:17,622 - INFO - chart_engine.core.ibkr_data_fetcher - Chart data fetch complete source=IBKR symbol=SIDU bars=349
2026-06-09 00:33:17,682 - WARNING - ibkr.core.market_data_worker - IBKR market data notice for QMCO: Requested market data is not subscribed. Displaying delayed market data. (10167)
2026-06-09 00:33:17,712 - WARNING - ibkr.core.market_data_worker - IBKR market data notice for SMCI: Requested market data is not subscribed. Displaying delayed market data. (10167)
2026-06-09 00:33:17,712 - WARNING - ibkr.core.market_data_worker - IBKR market data notice for HPQ: Requested market data is not subscribed. Displaying delayed market data. (10167)
2026-06-09 00:33:17,712 - WARNING - ibkr.core.market_data_worker - IBKR market data notice for QQQ: Requested market data is not subscribed. Displaying delayed market data. (10167)
2026-06-09 00:33:18,366 - INFO - ibkr.core.main_window - Chart panes revealed after initial symbol render: SIDU
2026-06-09 00:33:18,367 - INFO - ibkr.core.main_window - Chart symbol changed to: SIDU
2026-06-09 00:33:18,367 - INFO - ibkr.core.main_window - Added chart symbol SIDU to subscription
2026-06-09 00:33:18,368 - INFO - ibkr.core.main_window - Ensured subscription for chart symbol SIDU
2026-06-09 00:33:18,368 - INFO - chart_engine.core.chart_widget - Chart HTML loaded: SIDU (136 candles)
2026-06-09 00:33:18,473 - INFO - chart_engine.core.chart_widget - Chart HTML loaded: SIDU (349 candles)
2026-06-09 00:33:18,574 - INFO - ibkr.core.main_window - Successfully loaded 3798 instruments.
2026-06-09 00:33:18,579 - INFO - ibkr.widgets.header_toolbar - Search index ready: 3798 instruments
2026-06-09 00:33:18,709 - INFO - ibkr.widgets.scanner_table - EOD Scan completed: 24 symbols with complete data
2026-06-09 00:33:18,765 - INFO - ibkr.core.main_window - Instruments loaded successfully.
2026-06-09 00:33:18,783 - INFO - ibkr.core.main_window - IBKR loader: Loaded 181 symbols (qualifying in background...)
2026-06-09 00:33:18,896 - INFO - ibkr.core.position_manager - Fetching positions from broker - Reason: app_startup
2026-06-09 00:33:18,912 - INFO - ibkr.core.main_window - Position system initialized successfully
2026-06-09 00:33:18,915 - INFO - ibkr.core.network_monitor - NetworkMonitor started
2026-06-09 00:33:18,916 - INFO - ibkr.core.main_window - Network resilience layer initialized
2026-06-09 00:33:19,051 - INFO - ibkr.widgets.scanner_table - EOD Scanner table updated with 24 symbols.
2026-06-09 00:33:19,462 - INFO - ibkr.core.main_window - Subscription universe changed: 33 instruments (23 token-backed, +23/-0) sources={'positions': 23, 'charts': 2, 'watchlist': 1, 'header': 2}
2026-06-09 00:33:19,765 - INFO - ibkr.core.position_manager - Fetching positions from broker - Reason: instruments_loaded
2026-06-09 00:33:19,789 - INFO - ibkr.core.main_window - Chart auto-loading initiated
2026-06-09 00:33:19,789 - INFO - ibkr.core.main_window - Chart already has active rendered symbol: SIDU
2026-06-09 00:33:19,789 - INFO - ibkr.core.network_monitor - Network confirmed online at startup
2026-06-09 00:33:20,129 - INFO - ibkr.core.market_data_worker - Subscribed IBKR market data: NVDA key=4815747 type=delayed
2026-06-09 00:33:20,129 - INFO - ibkr.core.market_data_worker - Subscribed IBKR market data: TACT key=6858145 type=delayed
2026-06-09 00:33:20,130 - INFO - ibkr.core.market_data_worker - Subscribed IBKR market data: BAX key=8111188 type=delayed
2026-06-09 00:33:20,132 - INFO - ibkr.core.market_data_worker - Subscribed IBKR market data: TSLA key=76792991 type=delayed
2026-06-09 00:33:20,135 - INFO - ibkr.core.market_data_worker - Subscribed IBKR market data: PTCT key=129374415 type=delayed
2026-06-09 00:33:20,136 - INFO - ibkr.core.market_data_worker - Subscribed IBKR market data: ASX key=314244771 type=delayed
2026-06-09 00:33:20,136 - INFO - ibkr.core.market_data_worker - Subscribed IBKR market data: DELL key=346218218 type=delayed
2026-06-09 00:33:20,140 - INFO - ibkr.core.market_data_worker - Subscribed IBKR market data: AVTR key=366131368 type=delayed
2026-06-09 00:33:20,140 - INFO - ibkr.core.market_data_worker - Subscribed IBKR market data: MTA key=395717235 type=delayed
2026-06-09 00:33:20,141 - INFO - ibkr.core.market_data_worker - Subscribed IBKR market data: CRSR key=446872191 type=delayed
2026-06-09 00:33:20,141 - INFO - ibkr.core.market_data_worker - Subscribed IBKR market data: DRS key=478483396 type=delayed
2026-06-09 00:33:20,142 - INFO - ibkr.core.market_data_worker - Subscribed IBKR market data: RDW key=512000171 type=delayed
2026-06-09 00:33:20,142 - INFO - ibkr.core.market_data_worker - Subscribed IBKR market data: GFS key=523222624 type=delayed
2026-06-09 00:33:20,142 - INFO - ibkr.core.market_data_worker - Subscribed IBKR market data: QBTS key=578031277 type=delayed
2026-06-09 00:33:20,143 - INFO - ibkr.core.market_data_worker - Subscribed IBKR market data: LUNR key=613910262 type=delayed
2026-06-09 00:33:20,146 - INFO - ibkr.core.market_data_worker - Subscribed IBKR market data: ARM key=653400472 type=delayed
2026-06-09 00:33:20,147 - INFO - ibkr.core.market_data_worker - Subscribed IBKR market data: UMAC key=698227338 type=delayed
2026-06-09 00:33:20,147 - INFO - ibkr.core.market_data_worker - Subscribed IBKR market data: DPRO key=725468685 type=delayed
2026-06-09 00:33:20,147 - INFO - ibkr.core.market_data_worker - Subscribed IBKR market data: SNDK key=760250490 type=delayed
2026-06-09 00:33:20,148 - INFO - ibkr.core.market_data_worker - Subscribed IBKR market data: RKLB key=787273575 type=delayed
2026-06-09 00:33:20,150 - INFO - ibkr.core.market_data_worker - Subscribed IBKR market data: SPRC key=860471331 type=delayed
2026-06-09 00:33:20,816 - WARNING - ibkr.core.market_data_worker - IBKR market data notice for NVDA: Requested market data is not subscribed. Displaying delayed market data. (10167)
2026-06-09 00:33:21,042 - WARNING - ibkr.core.market_data_worker - IBKR market data notice for TACT: Requested market data is not subscribed. Displaying delayed market data. (10167)
2026-06-09 00:33:21,083 - WARNING - ibkr.core.market_data_worker - IBKR market data notice for BAX: Requested market data is not subscribed. Displaying delayed market data. (10167)
2026-06-09 00:33:21,310 - WARNING - ibkr.core.market_data_worker - IBKR market data notice for TSLA: Requested market data is not subscribed. Displaying delayed market data. (10167)
2026-06-09 00:33:21,355 - WARNING - ibkr.core.market_data_worker - IBKR market data notice for PTCT: Requested market data is not subscribed. Displaying delayed market data. (10167)
2026-06-09 00:33:21,356 - WARNING - ibkr.core.market_data_worker - IBKR market data notice for ASX: Requested market data is not subscribed. Displaying delayed market data. (10167)
2026-06-09 00:33:21,547 - WARNING - ibkr.core.market_data_worker - IBKR market data notice for DELL: Requested market data is not subscribed. Displaying delayed market data. (10167)
2026-06-09 00:33:21,609 - WARNING - ibkr.core.market_data_worker - IBKR market data notice for AVTR: Requested market data is not subscribed. Displaying delayed market data. (10167)
2026-06-09 00:33:21,609 - WARNING - ibkr.core.market_data_worker - IBKR market data notice for MTA: Requested market data is not subscribed. Displaying delayed market data. (10167)
2026-06-09 00:33:21,609 - WARNING - ibkr.core.market_data_worker - IBKR market data notice for CRSR: Requested market data is not subscribed. Displaying delayed market data. (10167)
2026-06-09 00:33:21,610 - WARNING - ibkr.core.market_data_worker - IBKR market data notice for DRS: Requested market data is not subscribed. Displaying delayed market data. (10167)
2026-06-09 00:33:21,611 - WARNING - ibkr.core.market_data_worker - IBKR market data notice for RDW: Requested market data is not subscribed. Displaying delayed market data. (10167)
2026-06-09 00:33:21,612 - WARNING - ibkr.core.market_data_worker - IBKR market data notice for GFS: Requested market data is not subscribed. Displaying delayed market data. (10167)
2026-06-09 00:33:21,612 - WARNING - ibkr.core.market_data_worker - IBKR market data notice for QBTS: Requested market data is not subscribed. Displaying delayed market data. (10167)
2026-06-09 00:33:21,617 - WARNING - ibkr.core.market_data_worker - IBKR market data notice for LUNR: Requested market data is not subscribed. Displaying delayed market data. (10167)
2026-06-09 00:33:21,617 - WARNING - ibkr.core.market_data_worker - IBKR market data notice for ARM: Requested market data is not subscribed. Displaying delayed market data. (10167)
2026-06-09 00:33:21,646 - WARNING - ibkr.core.market_data_worker - IBKR market data notice for UMAC: Requested market data is not subscribed. Displaying delayed market data. (10167)
2026-06-09 00:33:21,689 - WARNING - ibkr.core.market_data_worker - IBKR market data notice for DPRO: Requested market data is not subscribed. Displaying delayed market data. (10167)
2026-06-09 00:33:21,690 - WARNING - ibkr.core.market_data_worker - IBKR market data notice for SNDK: Requested market data is not subscribed. Displaying delayed market data. (10167)
2026-06-09 00:33:21,690 - WARNING - ibkr.core.market_data_worker - IBKR market data notice for RKLB: Requested market data is not subscribed. Displaying delayed market data. (10167)
2026-06-09 00:33:21,691 - WARNING - ibkr.core.market_data_worker - IBKR market data notice for SPRC: Requested market data is not subscribed. Displaying delayed market data. (10167)
2026-06-09 00:33:22,517 - INFO - chart_engine.core.ibkr_data_fetcher - Chart data source=IBKR symbol=ARM interval=day from=2025-11-20T15:03:22.516666-05:00 to=2026-06-08T15:03:22.516666-04:00 dedicated_history=True
2026-06-09 00:33:22,545 - INFO - chart_engine.core.ibkr_data_fetcher - Chart data source=IBKR symbol=ARM interval=60minute from=2026-04-19T15:03:22.545379-04:00 to=2026-06-08T15:03:22.545379-04:00 dedicated_history=True
2026-06-09 00:33:22,555 - INFO - chart_engine.core.ibkr_data_fetcher - Chart data source=IBKR symbol=ARM interval=day from=2025-11-20T15:03:22.555663-05:00 to=2026-06-08T15:03:22.555663-04:00 dedicated_history=True
2026-06-09 00:33:22,568 - INFO - chart_engine.core.ibkr_data_fetcher - Chart data source=IBKR symbol=ARM interval=60minute from=2026-04-19T15:03:22.568555-04:00 to=2026-06-08T15:03:22.568555-04:00 dedicated_history=True
2026-06-09 00:33:23,306 - INFO - chart_engine.core.ibkr_data_fetcher - Requesting IBKR historical data: ARM conId=653400472 bar=1 day duration=200 D end=latest
2026-06-09 00:33:23,610 - INFO - chart_engine.core.ibkr_data_fetcher - Requesting IBKR historical data: ARM conId=653400472 bar=30 mins duration=50 D end=latest
2026-06-09 00:33:24,789 - INFO - chart_engine.core.ibkr_data_fetcher - Chart data fetch complete source=IBKR symbol=ARM bars=136
2026-06-09 00:33:24,972 - INFO - chart_engine.drawings - Loaded state for ARM (day) — 0 drawings
2026-06-09 00:33:24,979 - INFO - ibkr.core.main_window - Chart symbol changed to: ARM
2026-06-09 00:33:24,980 - INFO - ibkr.core.main_window - Added chart symbol ARM to subscription
2026-06-09 00:33:24,980 - INFO - ibkr.core.main_window - Ensured subscription for chart symbol ARM
2026-06-09 00:33:24,981 - INFO - chart_engine.core.chart_widget - Chart seamlessly updated: ARM (136 candles)
2026-06-09 00:33:25,463 - INFO - ibkr.core.main_window - Subscription universe changed: 33 instruments (23 token-backed, +1/-1) sources={'positions': 23, 'charts': 2, 'watchlist': 1, 'header': 2}
2026-06-09 00:33:25,792 - INFO - chart_engine.core.ibkr_data_fetcher - Chart data fetch complete source=IBKR symbol=ARM bars=349
2026-06-09 00:33:25,973 - INFO - chart_engine.drawings - Loaded state for ARM (60minute) — 0 drawings
2026-06-09 00:33:25,994 - INFO - chart_engine.core.chart_widget - Chart seamlessly updated: ARM (349 candles)
2026-06-09 00:33:33,815 - INFO - ibkr.core.main_window - [ENTRY] Placing order: {'action': 'SELL', 'currency': 'USD', 'exchange': 'SMART', 'orderRef': 'QULL-SWING-ARM', 'orderType': 'MKT', 'order_type': 'MKT', 'outsideRth': False, 'outside_rth': False, 'price': 0.0, 'primaryExch': '', 'primaryExchange': '', 'primary_exchange': '', 'product': 'IBKR', 'quantity': 100, 'route': 'AUTO', 'secType': 'STK', 'sec_type': 'STK', 'symbol': 'ARM', 'tag': 'terminal-ibkr-swing', 'tif': 'DAY', 'totalQuantity': 100, 'tradingsymbol': 'ARM', 'transaction_type': 'SELL', 'transmit': True, 'trigger_price': 0.0, 'validity': 'DAY', 'variety': 'regular'}
2026-06-09 00:33:33,819 - INFO - ibkr.core.position_manager - Started IBKR pending-order position sync (order_open)
2026-06-09 00:33:33,859 - INFO - ibkr.core.trade_logger - Queued order placement for logging: 358
2026-06-09 00:33:33,859 - INFO - ibkr.core.main_window - Order queued for logging: 358
2026-06-09 00:33:33,860 - INFO - ibkr.core.main_window - [ENTRY] Order accepted by broker: {'order_id': '358', 'perm_id': '', 'tradingsymbol': 'ARM', 'symbol': 'ARM', 'exchange': 'SMART', 'instrument_token': 653400472, 'transaction_type': 'SELL', 'order_type': 'MARKET', 'quantity': 100, 'price': 0.0, 'trigger_price': 0.0, 'status': 'PENDING', 'raw_status': 'PendingSubmit', 'status_message': '', 'filled_quantity': 0, 'pending_quantity': 0, 'average_price': 0.0, 'timestamp': '2026-06-08T15:03:33.823190', 'product': 'IBKR', 'accepted': True}
2026-06-09 00:33:33,860 - INFO - ibkr.widgets.order_dialog - [OrderDialog] SELL 100 ARM [SMART/MKT]
2026-06-09 00:33:33,913 - INFO - ibkr.core.position_manager - Fetching positions from broker - Reason: order_accepted
2026-06-09 00:33:51,277 - INFO - chart_engine.core.ibkr_data_fetcher - Chart data source=IBKR symbol=ASX interval=day from=2025-11-20T15:03:51.275944-05:00 to=2026-06-08T15:03:51.275944-04:00 dedicated_history=True
2026-06-09 00:33:51,289 - INFO - chart_engine.core.ibkr_data_fetcher - Chart data source=IBKR symbol=ASX interval=60minute from=2026-04-19T15:03:51.289517-04:00 to=2026-06-08T15:03:51.289517-04:00 dedicated_history=True
2026-06-09 00:33:51,413 - INFO - chart_engine.core.ibkr_data_fetcher - Chart data source=IBKR symbol=ASX interval=day from=2025-11-20T15:03:51.413044-05:00 to=2026-06-08T15:03:51.413044-04:00 dedicated_history=True
2026-06-09 00:33:51,425 - INFO - chart_engine.core.ibkr_data_fetcher - Chart data source=IBKR symbol=ASX interval=60minute from=2026-04-19T15:03:51.424956-04:00 to=2026-06-08T15:03:51.424956-04:00 dedicated_history=True
2026-06-09 00:33:51,570 - INFO - chart_engine.core.ibkr_data_fetcher - Requesting IBKR historical data: ASX conId=314244771 bar=1 day duration=200 D end=latest
2026-06-09 00:33:51,889 - INFO - chart_engine.core.ibkr_data_fetcher - Requesting IBKR historical data: ASX conId=314244771 bar=30 mins duration=50 D end=latest
2026-06-09 00:33:53,357 - INFO - chart_engine.core.ibkr_data_fetcher - Chart data fetch complete source=IBKR symbol=ASX bars=136
2026-06-09 00:33:53,459 - INFO - chart_engine.drawings - Loaded state for ASX (day) — 0 drawings
2026-06-09 00:33:53,460 - INFO - chart_engine.drawings - Loaded global chart settings.
2026-06-09 00:33:53,461 - INFO - chart_engine.drawings - Saved global chart settings.
2026-06-09 00:33:53,464 - INFO - ibkr.core.main_window - Chart symbol changed to: ASX
2026-06-09 00:33:53,465 - INFO - ibkr.core.main_window - Added chart symbol ASX to subscription
2026-06-09 00:33:53,465 - INFO - ibkr.core.main_window - Ensured subscription for chart symbol ASX
2026-06-09 00:33:53,466 - INFO - chart_engine.core.chart_widget - Chart seamlessly updated: ASX (136 candles)
2026-06-09 00:33:53,799 - INFO - ibkr.core.main_window - Subscription universe changed: 33 instruments (23 token-backed, +1/-1) sources={'positions': 23, 'charts': 2, 'watchlist': 1, 'header': 2}
2026-06-09 00:33:54,373 - INFO - chart_engine.core.ibkr_data_fetcher - Chart data fetch complete source=IBKR symbol=ASX bars=349
2026-06-09 00:33:54,476 - INFO - chart_engine.drawings - Loaded state for ASX (60minute) — 0 drawings
2026-06-09 00:33:54,486 - INFO - chart_engine.core.chart_widget - Chart seamlessly updated: ASX (349 candles)
2026-06-09 00:34:02,533 - INFO - ibkr.core.main_window - [ENTRY] Placing order: {'action': 'SELL', 'currency': 'USD', 'exchange': 'SMART', 'orderRef': 'QULL-SWING-ASX', 'orderType': 'MKT', 'order_type': 'MKT', 'outsideRth': False, 'outside_rth': False, 'price': 0.0, 'primaryExch': '', 'primaryExchange': '', 'primary_exchange': '', 'product': 'IBKR', 'quantity': 100, 'route': 'AUTO', 'secType': 'STK', 'sec_type': 'STK', 'symbol': 'ASX', 'tag': 'terminal-ibkr-swing', 'tif': 'DAY', 'totalQuantity': 100, 'tradingsymbol': 'ASX', 'transaction_type': 'SELL', 'transmit': True, 'trigger_price': 0.0, 'validity': 'DAY', 'variety': 'regular'}
2026-06-09 00:34:02,585 - INFO - ibkr.core.trade_logger - Queued order placement for logging: 359
2026-06-09 00:34:02,585 - INFO - ibkr.core.main_window - Order queued for logging: 359
2026-06-09 00:34:02,586 - INFO - ibkr.core.main_window - [ENTRY] Order accepted by broker: {'order_id': '359', 'perm_id': '', 'tradingsymbol': 'ASX', 'symbol': 'ASX', 'exchange': 'SMART', 'instrument_token': 314244771, 'transaction_type': 'SELL', 'order_type': 'MARKET', 'quantity': 100, 'price': 0.0, 'trigger_price': 0.0, 'status': 'PENDING', 'raw_status': 'PendingSubmit', 'status_message': '', 'filled_quantity': 0, 'pending_quantity': 0, 'average_price': 0.0, 'timestamp': '2026-06-08T15:04:02.538307', 'product': 'IBKR', 'accepted': True}
2026-06-09 00:34:02,586 - INFO - ibkr.widgets.order_dialog - [OrderDialog] SELL 100 ASX [SMART/MKT]
2026-06-09 00:34:02,649 - INFO - ibkr.core.position_manager - Fetching positions from broker - Reason: order_accepted
2026-06-09 00:34:05,261 - INFO - chart_engine.core.ibkr_data_fetcher - Chart data source=IBKR symbol=ASX interval=60minute from=2026-04-19T15:04:05.261826-04:00 to=2026-06-08T15:04:05.261826-04:00 dedicated_history=True
2026-06-09 00:34:05,265 - INFO - chart_engine.core.ibkr_data_fetcher - Requesting IBKR historical data: ASX conId=314244771 bar=30 mins duration=50 D end=latest
2026-06-09 00:34:06,735 - INFO - chart_engine.core.ibkr_data_fetcher - Chart data fetch complete source=IBKR symbol=ASX bars=349
2026-06-09 00:34:06,784 - INFO - chart_engine.drawings - Loaded state for ASX (60minute) — 0 drawings
2026-06-09 00:34:06,784 - INFO - chart_engine.drawings - Loaded global chart settings.
2026-06-09 00:34:06,785 - INFO - chart_engine.drawings - Saved global chart settings.
2026-06-09 00:34:06,790 - INFO - ibkr.core.main_window - Ensured subscription for chart symbol ASX
2026-06-09 00:34:06,790 - INFO - chart_engine.core.chart_widget - Chart seamlessly updated: ASX (349 candles)
2026-06-09 00:34:07,429 - INFO - chart_engine.core.ibkr_data_fetcher - Chart data source=IBKR symbol=AVTR interval=day from=2025-11-20T15:04:07.429724-05:00 to=2026-06-08T15:04:07.429724-04:00 dedicated_history=True
2026-06-09 00:34:07,443 - INFO - chart_engine.core.ibkr_data_fetcher - Chart data source=IBKR symbol=AVTR interval=60minute from=2026-04-19T15:04:07.443863-04:00 to=2026-06-08T15:04:07.443863-04:00 dedicated_history=True
2026-06-09 00:34:07,731 - INFO - chart_engine.core.ibkr_data_fetcher - Requesting IBKR historical data: AVTR conId=366131368 bar=1 day duration=200 D end=latest
2026-06-09 00:34:08,047 - INFO - chart_engine.core.ibkr_data_fetcher - Requesting IBKR historical data: AVTR conId=366131368 bar=30 mins duration=50 D end=latest
2026-06-09 00:34:09,454 - INFO - chart_engine.core.ibkr_data_fetcher - Chart data fetch complete source=IBKR symbol=AVTR bars=136
2026-06-09 00:34:09,549 - INFO - chart_engine.drawings - Loaded state for AVTR (day) — 0 drawings
2026-06-09 00:34:09,553 - INFO - ibkr.core.main_window - Chart symbol changed to: AVTR
2026-06-09 00:34:09,553 - INFO - ibkr.core.main_window - Added chart symbol AVTR to subscription
2026-06-09 00:34:09,554 - INFO - ibkr.core.main_window - Ensured subscription for chart symbol AVTR
2026-06-09 00:34:09,554 - INFO - chart_engine.core.chart_widget - Chart seamlessly updated: AVTR (136 candles)
2026-06-09 00:34:09,916 - INFO - chart_engine.core.ibkr_data_fetcher - Chart data fetch complete source=IBKR symbol=AVTR bars=349
2026-06-09 00:34:09,962 - INFO - ibkr.core.main_window - Subscription universe changed: 33 instruments (23 token-backed, +1/-1) sources={'positions': 23, 'charts': 2, 'watchlist': 1, 'header': 2}
2026-06-09 00:34:10,020 - INFO - chart_engine.drawings - Loaded state for AVTR (60minute) — 0 drawings
2026-06-09 00:34:10,029 - INFO - chart_engine.core.chart_widget - Chart seamlessly updated: AVTR (349 candles)
2026-06-09 00:34:14,953 - INFO - ibkr.core.main_window - [ENTRY] Placing order: {'action': 'SELL', 'currency': 'USD', 'exchange': 'SMART', 'limit_price': 9.78, 'lmtPrice': 9.78, 'orderRef': 'QULL-SWING-AVTR', 'orderType': 'LMT', 'order_type': 'LMT', 'outsideRth': False, 'outside_rth': False, 'price': 9.78, 'primaryExch': '', 'primaryExchange': '', 'primary_exchange': '', 'product': 'IBKR', 'quantity': 1, 'route': 'AUTO', 'secType': 'STK', 'sec_type': 'STK', 'symbol': 'AVTR', 'tag': 'terminal-ibkr-swing', 'tif': 'DAY', 'totalQuantity': 1, 'tradingsymbol': 'AVTR', 'transaction_type': 'SELL', 'transmit': True, 'trigger_price': 0.0, 'validity': 'DAY', 'variety': 'regular'}
2026-06-09 00:34:15,000 - INFO - ibkr.core.trade_logger - Queued order placement for logging: 364
2026-06-09 00:34:15,001 - INFO - ibkr.core.main_window - Order queued for logging: 364
2026-06-09 00:34:15,002 - INFO - ibkr.core.main_window - [ENTRY] Order accepted by broker: {'order_id': '364', 'perm_id': '', 'tradingsymbol': 'AVTR', 'symbol': 'AVTR', 'exchange': 'SMART', 'instrument_token': 366131368, 'transaction_type': 'SELL', 'order_type': 'LIMIT', 'quantity': 1, 'price': 9.78, 'trigger_price': 0.0, 'status': 'PENDING', 'raw_status': 'PendingSubmit', 'status_message': '', 'filled_quantity': 0, 'pending_quantity': 0, 'average_price': 0.0, 'timestamp': '2026-06-08T15:04:14.957640', 'product': 'IBKR', 'accepted': True}
2026-06-09 00:34:15,002 - INFO - ibkr.widgets.order_dialog - [OrderDialog] SELL 1 AVTR [SMART/LMT]
2026-06-09 00:34:15,067 - INFO - ibkr.core.position_manager - Fetching positions from broker - Reason: order_accepted
2026-06-09 00:34:15,259 - INFO - ibkr.core.data_cache - US market-open cache flush complete; intraday entries cleared
2026-06-09 00:34:21,493 - INFO - chart_engine.core.ibkr_data_fetcher - Chart data source=IBKR symbol=CRSR interval=day from=2025-11-20T15:04:21.493184-05:00 to=2026-06-08T15:04:21.493184-04:00 dedicated_history=True
2026-06-09 00:34:21,495 - INFO - chart_engine.core.ibkr_data_fetcher - Requesting IBKR historical data: CRSR conId=446872191 bar=1 day duration=200 D end=latest
2026-06-09 00:34:21,512 - INFO - chart_engine.core.ibkr_data_fetcher - Chart data source=IBKR symbol=CRSR interval=60minute from=2026-04-19T15:04:21.512462-04:00 to=2026-06-08T15:04:21.512462-04:00 dedicated_history=True
2026-06-09 00:34:21,516 - INFO - chart_engine.core.ibkr_data_fetcher - Requesting IBKR historical data: CRSR conId=446872191 bar=30 mins duration=50 D end=latest
2026-06-09 00:34:22,671 - INFO - chart_engine.core.ibkr_data_fetcher - Chart data fetch complete source=IBKR symbol=CRSR bars=136
2026-06-09 00:34:22,731 - INFO - chart_engine.drawings - Loaded state for CRSR (day) — 0 drawings
2026-06-09 00:34:22,731 - INFO - chart_engine.drawings - Loaded global chart settings.
2026-06-09 00:34:22,732 - INFO - chart_engine.drawings - Saved global chart settings.
2026-06-09 00:34:22,734 - INFO - ibkr.core.main_window - Chart symbol changed to: CRSR
2026-06-09 00:34:22,735 - INFO - ibkr.core.main_window - Added chart symbol CRSR to subscription
2026-06-09 00:34:22,736 - INFO - ibkr.core.main_window - Ensured subscription for chart symbol CRSR
2026-06-09 00:34:22,736 - INFO - chart_engine.core.chart_widget - Chart seamlessly updated: CRSR (136 candles)
2026-06-09 00:34:23,092 - INFO - ibkr.core.main_window - Subscription universe changed: 33 instruments (23 token-backed, +1/-1) sources={'positions': 23, 'charts': 2, 'watchlist': 1, 'header': 2}
2026-06-09 00:34:23,198 - INFO - chart_engine.core.ibkr_data_fetcher - Chart data fetch complete source=IBKR symbol=CRSR bars=349
2026-06-09 00:34:23,278 - INFO - chart_engine.drawings - Loaded state for CRSR (60minute) — 0 drawings
2026-06-09 00:34:23,286 - INFO - chart_engine.core.chart_widget - Chart seamlessly updated: CRSR (349 candles)
2026-06-09 00:34:31,571 - INFO - ibkr.core.main_window - [ENTRY] Placing order: {'action': 'SELL', 'currency': 'USD', 'exchange': 'SMART', 'orderRef': 'QULL-SWING-CRSR', 'orderType': 'MKT', 'order_type': 'MKT', 'outsideRth': False, 'outside_rth': False, 'price': 0.0, 'primaryExch': '', 'primaryExchange': '', 'primary_exchange': '', 'product': 'IBKR', 'quantity': 1000, 'route': 'AUTO', 'secType': 'STK', 'sec_type': 'STK', 'symbol': 'CRSR', 'tag': 'terminal-ibkr-swing', 'tif': 'DAY', 'totalQuantity': 1000, 'tradingsymbol': 'CRSR', 'transaction_type': 'SELL', 'transmit': True, 'trigger_price': 0.0, 'validity': 'DAY', 'variety': 'regular'}
2026-06-09 00:34:31,620 - INFO - ibkr.core.trade_logger - Queued order placement for logging: 369
2026-06-09 00:34:31,622 - INFO - ibkr.core.main_window - Order queued for logging: 369
2026-06-09 00:34:31,624 - INFO - ibkr.core.main_window - [ENTRY] Order accepted by broker: {'order_id': '369', 'perm_id': '', 'tradingsymbol': 'CRSR', 'symbol': 'CRSR', 'exchange': 'SMART', 'instrument_token': 446872191, 'transaction_type': 'SELL', 'order_type': 'MARKET', 'quantity': 1000, 'price': 0.0, 'trigger_price': 0.0, 'status': 'PENDING', 'raw_status': 'PendingSubmit', 'status_message': '', 'filled_quantity': 0, 'pending_quantity': 0, 'average_price': 0.0, 'timestamp': '2026-06-08T15:04:31.575576', 'product': 'IBKR', 'accepted': True}
2026-06-09 00:34:31,624 - INFO - ibkr.widgets.order_dialog - [OrderDialog] SELL 1000 CRSR [SMART/MKT]
2026-06-09 00:34:31,681 - INFO - ibkr.core.position_manager - Fetching positions from broker - Reason: order_accepted
2026-06-09 00:34:58,508 - INFO - chart_engine.core.ibkr_data_fetcher - Chart data source=IBKR symbol=HPQ interval=day from=2025-11-20T15:04:58.508772-05:00 to=2026-06-08T15:04:58.508772-04:00 dedicated_history=True
2026-06-09 00:34:58,512 - INFO - chart_engine.core.ibkr_data_fetcher - Requesting IBKR historical data: HPQ conId=209411801 bar=1 day duration=200 D end=latest
2026-06-09 00:34:58,528 - INFO - chart_engine.core.ibkr_data_fetcher - Chart data source=IBKR symbol=HPQ interval=60minute from=2026-04-19T15:04:58.528644-04:00 to=2026-06-08T15:04:58.528644-04:00 dedicated_history=True
2026-06-09 00:34:58,530 - INFO - chart_engine.core.ibkr_data_fetcher - Requesting IBKR historical data: HPQ conId=209411801 bar=30 mins duration=50 D end=latest
2026-06-09 00:34:59,840 - INFO - chart_engine.core.ibkr_data_fetcher - Chart data fetch complete source=IBKR symbol=HPQ bars=136
2026-06-09 00:34:59,893 - INFO - chart_engine.drawings - Loaded global chart settings.
2026-06-09 00:34:59,895 - INFO - chart_engine.drawings - Saved global chart settings.
2026-06-09 00:34:59,900 - INFO - ibkr.core.main_window - Chart symbol changed to: HPQ
2026-06-09 00:34:59,900 - INFO - ibkr.core.main_window - Added chart symbol HPQ to subscription
2026-06-09 00:34:59,900 - INFO - ibkr.core.main_window - Ensured subscription for chart symbol HPQ
2026-06-09 00:34:59,900 - INFO - chart_engine.core.chart_widget - Chart seamlessly updated: HPQ (136 candles)
2026-06-09 00:35:00,198 - INFO - ibkr.core.main_window - Subscription universe changed: 32 instruments (23 token-backed, +0/-1) sources={'positions': 23, 'charts': 2, 'watchlist': 1, 'header': 2}
2026-06-09 00:35:00,974 - INFO - chart_engine.core.ibkr_data_fetcher - Chart data fetch complete source=IBKR symbol=HPQ bars=349
2026-06-09 00:35:01,142 - INFO - chart_engine.core.chart_widget - Chart seamlessly updated: HPQ (349 candles)
2026-06-09 00:35:08,153 - INFO - ibkr.core.main_window - [ENTRY] Placing order: {'action': 'BUY', 'currency': 'USD', 'exchange': 'SMART', 'orderRef': 'QULL-SWING-HPQ', 'orderType': 'MKT', 'order_type': 'MKT', 'outsideRth': False, 'outside_rth': False, 'price': 0.0, 'primaryExch': '', 'primaryExchange': '', 'primary_exchange': '', 'product': 'IBKR', 'quantity': 100, 'route': 'AUTO', 'secType': 'STK', 'sec_type': 'STK', 'symbol': 'HPQ', 'tag': 'terminal-ibkr-swing', 'tif': 'DAY', 'totalQuantity': 100, 'tradingsymbol': 'HPQ', 'transaction_type': 'BUY', 'transmit': True, 'trigger_price': 0.0, 'validity': 'DAY', 'variety': 'regular'}
2026-06-09 00:35:08,154 - INFO - ibkr.core.trading_client - Skipping synchronous IBKR contract qualification for HPQ because order path requested non-blocking resolution
2026-06-09 00:35:08,185 - INFO - ibkr.core.trade_logger - Queued order placement for logging: 370
2026-06-09 00:35:08,185 - INFO - ibkr.core.main_window - Order queued for logging: 370
2026-06-09 00:35:08,186 - INFO - ibkr.core.main_window - [ENTRY] Order accepted by broker: {'order_id': '370', 'perm_id': '', 'tradingsymbol': 'HPQ', 'symbol': 'HPQ', 'exchange': 'SMART', 'instrument_token': 0, 'transaction_type': 'BUY', 'order_type': 'MARKET', 'quantity': 100, 'price': 0.0, 'trigger_price': 0.0, 'status': 'PENDING', 'raw_status': 'PendingSubmit', 'status_message': '', 'filled_quantity': 0, 'pending_quantity': 0, 'average_price': 0.0, 'timestamp': '2026-06-08T15:05:08.155765', 'product': 'IBKR', 'accepted': True}
2026-06-09 00:35:08,186 - INFO - ibkr.widgets.order_dialog - [OrderDialog] BUY 100 HPQ [SMART/MKT]
2026-06-09 00:35:08,249 - INFO - ibkr.core.position_manager - Fetching positions from broker - Reason: order_accepted
2026-06-09 00:35:36,832 - INFO - ibkr.core.shutdown_manager - closeEvent received — beginning fast IBKR shutdown
2026-06-09 00:35:36,835 - INFO - ibkr.core.shutdown_manager - === Fast IBKR window-close shutdown starting ===
2026-06-09 00:35:36,836 - INFO - ibkr.core.shutdown_manager - Shutdown: [save_window_state]…
2026-06-09 00:35:36,837 - INFO - ibkr.core.main_window - Window state saved
2026-06-09 00:35:36,837 - INFO - ibkr.core.shutdown_manager - Shutdown: [save_window_state] ✓
2026-06-09 00:35:36,846 - INFO - ibkr.core.shutdown_manager - Shutdown: [save_chart_state]…
2026-06-09 00:35:36,964 - INFO - ibkr.core.shutdown_manager - Shutdown: [save_chart_state] ✓
2026-06-09 00:35:36,999 - INFO - ibkr.core.shutdown_manager - Shutdown: [stop_remaining_timers]…
2026-06-09 00:35:37,021 - INFO - ibkr.core.shutdown_manager - Shutdown: [stop_remaining_timers] ✓
2026-06-09 00:35:37,021 - INFO - ibkr.core.shutdown_manager - === Fast IBKR window-close shutdown complete ===
2026-06-09 00:35:37,039 - INFO - __main__ - Shutting down and cleaning up resources...
2026-06-09 00:35:37,040 - INFO - __main__ - Skipping broker disconnect during fast window-close shutdown.
2026-06-09 00:35:37,040 - INFO - __main__ - Cleanup complete.
