2026-06-09 02:31:35,017 - INFO - login_setup.login_setup_config - qullamaggie v1.0.0 starting...
2026-06-09 02:31:35,018 - INFO - login_setup.login_setup_config - Logging to file: /home/kavi/Desktop/Python_Projects/swing_trader/logs/qullamaggie_20260609_023135.log
2026-06-09 02:31:35,018 - INFO - login_setup.login_setup_config - Fatal crash diagnostics enabled for all threads.
2026-06-09 02:31:35,018 - INFO - __main__ - 🚀 Starting qullamaggie Application...
2026-06-09 02:31:35,197 - INFO - __main__ - Application icon loaded from: /home/kavi/Desktop/Python_Projects/swing_trader/assets/qullamaggie_swing_trader_icon.svg
2026-06-09 02:31:37,168 - INFO - ib_insync.client - Connecting to 127.0.0.1:4002 with clientId 1...
2026-06-09 02:31:37,170 - INFO - ib_insync.client - Connected
2026-06-09 02:31:37,173 - INFO - ib_insync.client - Logged on to server version 176
2026-06-09 02:31:37,221 - INFO - ib_insync.client - API connection ready
2026-06-09 02:31:37,607 - INFO - __main__ - Authenticated for broker: america
2026-06-09 02:31:37,608 - INFO - __main__ - Initializing trading and data clients...
2026-06-09 02:31:37,608 - INFO - login_setup.broker_factory - Creating america client for live trading
2026-06-09 02:31:37,608 - INFO - login_setup.broker_factory - IBKR client created with accounts: ['DUQ624205']
2026-06-09 02:31:37,615 - INFO - ibkr.core.trading_client - Subscribed to IBKR real-time order events
2026-06-09 02:31:37,615 - INFO - ibkr.core.trading_client - IBKR trading client startup snapshots deferred; using local cache/event sync
2026-06-09 02:31:37,616 - INFO - __main__ - Trading client created; creating data client...
2026-06-09 02:31:37,616 - INFO - login_setup.broker_factory - Creating data client for america
2026-06-09 02:31:37,616 - INFO - __main__ - Data client created; validating connection state...
2026-06-09 02:31:37,616 - INFO - __main__ - Trading client connected: True
2026-06-09 02:31:37,617 - INFO - __main__ - Data client connected: True
2026-06-09 02:31:37,618 - INFO - __main__ - Clients initialized successfully.
2026-06-09 02:31:37,618 - INFO - login_setup.broker_factory - Added america client to manager
2026-06-09 02:31:37,618 - INFO - login_setup.broker_factory - Started connection monitoring for america
2026-06-09 02:31:37,619 - INFO - __main__ - Creating main window for america...
2026-06-09 02:31:37,619 - INFO - login_setup.broker_factory - Dynamically loading main window from: ibkr.core.main_window
2026-06-09 02:31:38,832 - INFO - ibkr.core.trade_logger - Trade history database for 'live' mode at: /home/kavi/.qullamaggie/trade_history_live.db
2026-06-09 02:31:38,833 - INFO - ibkr.core.trade_logger - TradeLogger initialized with background processing
2026-06-09 02:31:38,835 - INFO - ibkr.core.trade_logger - DatabaseWorker processing started
2026-06-09 02:31:38,839 - INFO - ibkr.core.position_manager - ✅ Connected to trader.order_status_updated signal - orders will sync immediately
2026-06-09 02:31:38,839 - INFO - ibkr.core.position_manager - ✅ Connected to trader.position_updated signal - positions will sync immediately
2026-06-09 02:31:38,840 - INFO - ibkr.core.position_manager - ✅ Connected to trader.connection_status_changed signal
2026-06-09 02:31:38,841 - INFO - ibkr.core.trade_logger - Database initialization completed
2026-06-09 02:31:38,929 - INFO - ibkr.widgets.scanner_table - Loaded 2 valid scan configurations
2026-06-09 02:31:38,950 - INFO - ibkr.widgets.scanner_table - Scanner table ready for context-aware navigation
2026-06-09 02:31:38,957 - INFO - ibkr.widgets.scanner_table - Running EOD Finviz scan: Computer Hardware
2026-06-09 02:31:38,961 - INFO - chart_engine.core.ibkr_data_fetcher - Pre-warming dedicated IBKR history connection...
2026-06-09 02:31:38,968 - INFO - ib_insync.client - Connecting to 127.0.0.1:4002 with clientId 102...
2026-06-09 02:31:38,969 - INFO - chart_engine.drawings - Loaded global chart settings.
2026-06-09 02:31:39,366 - INFO - chart_engine.core.ibkr_data_fetcher - Chart data source=IBKR symbol=RGTI interval=day from=2025-05-04T17:01:39.365869-04:00 to=2026-06-08T17:01:39.365869-04:00 dedicated_history=True
2026-06-09 02:31:39,592 - INFO - chart_engine.core.ibkr_data_fetcher - IBKR chart history connected on 127.0.0.1:4002 clientId=102
2026-06-09 02:31:39,681 - INFO - ibkr.core.data_cache - MarketAwareDataCache initialised for IBKR/US market time
2026-06-09 02:31:39,681 - INFO - chart_engine.core.ibkr_data_fetcher - Chart data source=IBKR symbol=RGTI interval=60minute from=2026-04-19T17:01:39.681533-04:00 to=2026-06-08T17:01:39.681533-04:00 dedicated_history=True
2026-06-09 02:31:39,802 - INFO - chart_engine.drawings - Saved global chart settings.
2026-06-09 02:31:40,012 - INFO - chart_engine.core.ibkr_data_fetcher - Requesting IBKR historical data: RGTI conId=547605251 bar=1 day duration=2 Y end=latest
2026-06-09 02:31:40,091 - INFO - ibkr.core.alert_management_system - Loaded 0 alerts from disk
2026-06-09 02:31:40,092 - INFO - ibkr.core.alert_management_system - AlertSystemManager ready
2026-06-09 02:31:40,093 - INFO - ibkr.core.alert_management_system - AlertEngine started
2026-06-09 02:31:40,093 - INFO - ibkr.core.main_window - Alert system initialized successfully.
2026-06-09 02:31:40,099 - INFO - ibkr.core.main_window - Connecting component signals...
2026-06-09 02:31:40,101 - INFO - ib_insync.client - Connecting to 127.0.0.1:4002 with clientId 101...
2026-06-09 02:31:40,102 - INFO - ibkr.core.main_window - IBKR order lifecycle UI signals connected
2026-06-09 02:31:40,128 - INFO - ibkr.core.main_window - Keyboard shortcuts initialized
2026-06-09 02:31:40,405 - INFO - chart_engine.core.ibkr_data_fetcher - Requesting IBKR historical data: RGTI conId=547605251 bar=30 mins duration=50 D end=latest
2026-06-09 02:31:40,456 - INFO - ibkr.core.main_window - Subscription universe changed: 3 instruments (0 token-backed, +3/-0) sources={'charts': 2, 'header': 2}
2026-06-09 02:31:40,463 - INFO - ibkr.core.main_window - Window state restored
2026-06-09 02:31:40,472 - INFO - ibkr.core.main_window - Applied startup chart timeframes: left=day, right=60minute
2026-06-09 02:31:40,473 - INFO - ibkr.core.main_window - Simplified qullamaggie Window with Status Bar Initialized Successfully.
2026-06-09 02:31:40,474 - INFO - __main__ - Main window created successfully.
2026-06-09 02:31:40,551 - INFO - ibkr.core.market_data_worker - Dedicated IBKR market-data connection established on 127.0.0.1:4002 clientId=101
2026-06-09 02:31:40,551 - INFO - ibkr.core.market_data_worker - IBKR MarketDataWorker started
2026-06-09 02:31:40,571 - INFO - __main__ - Starting application event loop.
2026-06-09 02:31:40,571 - INFO - ibkr.core.market_data_worker - Requested IBKR delayed market data type (3); delayed fallback=False; generic ticks=''
2026-06-09 02:31:41,125 - INFO - ibkr.core.market_data_worker - Subscribed IBKR market data: RGTI key=547605251 type=delayed
2026-06-09 02:31:41,126 - INFO - ibkr.core.market_data_worker - Subscribed IBKR market data: SPY key=756733 type=delayed
2026-06-09 02:31:41,127 - INFO - ibkr.core.market_data_worker - Subscribed IBKR market data: QQQ key=320227571 type=delayed
2026-06-09 02:31:41,447 - INFO - chart_engine.core.ibkr_data_fetcher - Chart data fetch complete source=IBKR symbol=RGTI bars=275
2026-06-09 02:31:41,458 - INFO - ibkr.core.main_window - IBKR loader: Building initial instrument list...
2026-06-09 02:31:41,464 - WARNING - ibkr.core.main_window - IBKR market data is delayed (delayed); live subscription is unavailable.
2026-06-09 02:31:41,526 - INFO - ibkr.core.main_window - Window state saved
2026-06-09 02:31:41,563 - WARNING - ibkr.core.market_data_worker - IBKR market data notice for RGTI: Requested market data is not subscribed. Displaying delayed market data. (10167)
2026-06-09 02:31:41,862 - WARNING - ibkr.core.market_data_worker - IBKR market data notice for SPY: Requested market data is not subscribed. Displaying delayed market data. (10167)
2026-06-09 02:31:41,881 - WARNING - ibkr.core.market_data_worker - IBKR market data notice for QQQ: Requested market data is not subscribed. Displaying delayed market data. (10167)
2026-06-09 02:31:42,557 - INFO - ibkr.core.main_window - WebSocket connected. Setting up subscriptions.
2026-06-09 02:31:42,559 - INFO - ibkr.core.position_manager - Fetching positions from broker - Reason: ibkr_connected
2026-06-09 02:31:42,615 - INFO - ibkr.core.main_window - Added 19 widget market-data subscriptions (19 token-backed)
2026-06-09 02:31:42,625 - INFO - ibkr.core.position_manager - Position table changed: 19 open positions | open MTM -13286.41 | realized 0.00
2026-06-09 02:31:42,903 - INFO - ibkr.core.main_window - Chart panes revealed after initial symbol render: RGTI
2026-06-09 02:31:42,905 - INFO - ibkr.core.main_window - Chart symbol changed to: RGTI
2026-06-09 02:31:42,905 - INFO - ibkr.core.main_window - Added chart symbol RGTI to subscription
2026-06-09 02:31:42,906 - INFO - ibkr.core.main_window - Ensured subscription for chart symbol RGTI
2026-06-09 02:31:42,906 - INFO - chart_engine.core.chart_widget - Chart HTML loaded: RGTI (275 candles)
2026-06-09 02:31:42,996 - INFO - ibkr.core.main_window - Successfully loaded 3927 instruments.
2026-06-09 02:31:42,998 - INFO - ibkr.widgets.header_toolbar - Search index ready: 3927 instruments
2026-06-09 02:31:43,034 - INFO - ibkr.core.main_window - Instruments loaded successfully.
2026-06-09 02:31:43,059 - INFO - ibkr.core.main_window - IBKR loader: Loaded 181 symbols (qualifying in background...)
2026-06-09 02:31:43,164 - INFO - ibkr.core.position_manager - Fetching positions from broker - Reason: app_startup
2026-06-09 02:31:43,239 - INFO - ibkr.core.main_window - Position system initialized successfully
2026-06-09 02:31:43,390 - INFO - ibkr.core.main_window - Subscription universe changed: 22 instruments (19 token-backed, +19/-0) sources={'positions': 19, 'charts': 2, 'header': 2}
2026-06-09 02:31:43,394 - INFO - ibkr.core.network_monitor - NetworkMonitor started
2026-06-09 02:31:43,394 - INFO - ibkr.core.main_window - Network resilience layer initialized
2026-06-09 02:31:43,455 - INFO - ibkr.core.market_data_worker - Subscribed IBKR market data: NVDA key=4815747 type=delayed
2026-06-09 02:31:43,457 - INFO - ibkr.core.market_data_worker - Subscribed IBKR market data: TACT key=6858145 type=delayed
2026-06-09 02:31:43,458 - INFO - ibkr.core.market_data_worker - Subscribed IBKR market data: BAX key=8111188 type=delayed
2026-06-09 02:31:43,458 - INFO - ibkr.core.market_data_worker - Subscribed IBKR market data: TSLA key=76792991 type=delayed
2026-06-09 02:31:43,459 - INFO - ibkr.core.market_data_worker - Subscribed IBKR market data: PTCT key=129374415 type=delayed
2026-06-09 02:31:43,459 - INFO - ibkr.core.market_data_worker - Subscribed IBKR market data: HPQ key=209411801 type=delayed
2026-06-09 02:31:43,459 - INFO - ibkr.core.market_data_worker - Subscribed IBKR market data: DELL key=346218218 type=delayed
2026-06-09 02:31:43,460 - INFO - ibkr.core.market_data_worker - Subscribed IBKR market data: MTA key=395717235 type=delayed
2026-06-09 02:31:43,472 - INFO - ibkr.core.market_data_worker - Subscribed IBKR market data: DRS key=478483396 type=delayed
2026-06-09 02:31:43,474 - INFO - ibkr.core.market_data_worker - Subscribed IBKR market data: RDW key=512000171 type=delayed
2026-06-09 02:31:43,477 - INFO - ibkr.core.market_data_worker - Subscribed IBKR market data: IONQ key=517593749 type=delayed
2026-06-09 02:31:43,477 - INFO - ibkr.core.market_data_worker - Subscribed IBKR market data: GFS key=523222624 type=delayed
2026-06-09 02:31:43,477 - INFO - ibkr.core.market_data_worker - Subscribed IBKR market data: QBTS key=578031277 type=delayed
2026-06-09 02:31:43,478 - INFO - ibkr.core.market_data_worker - Subscribed IBKR market data: LUNR key=613910262 type=delayed
2026-06-09 02:31:43,478 - INFO - ibkr.core.market_data_worker - Subscribed IBKR market data: SIDU key=673368857 type=delayed
2026-06-09 02:31:43,478 - INFO - ibkr.core.market_data_worker - Subscribed IBKR market data: DPRO key=725468685 type=delayed
2026-06-09 02:31:43,479 - INFO - ibkr.core.market_data_worker - Subscribed IBKR market data: SNDK key=760250490 type=delayed
2026-06-09 02:31:43,484 - INFO - ibkr.core.market_data_worker - Subscribed IBKR market data: RKLB key=787273575 type=delayed
2026-06-09 02:31:43,485 - INFO - ibkr.core.market_data_worker - Subscribed IBKR market data: SPRC key=860471331 type=delayed
2026-06-09 02:31:43,828 - WARNING - ibkr.core.market_data_worker - IBKR market data notice for NVDA: Requested market data is not subscribed. Displaying delayed market data. (10167)
2026-06-09 02:31:43,978 - INFO - ibkr.core.position_manager - Fetching positions from broker - Reason: instruments_loaded
2026-06-09 02:31:44,108 - WARNING - ibkr.core.market_data_worker - IBKR market data notice for TACT: Requested market data is not subscribed. Displaying delayed market data. (10167)
2026-06-09 02:31:44,109 - WARNING - ibkr.core.market_data_worker - IBKR market data notice for BAX: Requested market data is not subscribed. Displaying delayed market data. (10167)
2026-06-09 02:31:44,109 - WARNING - ibkr.core.market_data_worker - IBKR market data notice for TSLA: Requested market data is not subscribed. Displaying delayed market data. (10167)
2026-06-09 02:31:44,127 - INFO - ibkr.core.main_window - Chart auto-loading initiated
2026-06-09 02:31:44,133 - INFO - ibkr.core.main_window - Chart already has active rendered symbol: RGTI
2026-06-09 02:31:44,142 - INFO - ibkr.widgets.scanner_table - EOD Scan completed: 24 symbols with complete data
2026-06-09 02:31:44,461 - INFO - ibkr.widgets.scanner_table - EOD Scanner table updated with 24 symbols.
2026-06-09 02:31:44,596 - INFO - ibkr.core.network_monitor - Network confirmed online at startup
2026-06-09 02:31:44,626 - WARNING - ibkr.core.market_data_worker - IBKR market data notice for PTCT: Requested market data is not subscribed. Displaying delayed market data. (10167)
2026-06-09 02:31:44,664 - WARNING - ibkr.core.market_data_worker - IBKR market data notice for HPQ: Requested market data is not subscribed. Displaying delayed market data. (10167)
2026-06-09 02:31:44,695 - WARNING - ibkr.core.market_data_worker - IBKR market data notice for DELL: Requested market data is not subscribed. Displaying delayed market data. (10167)
2026-06-09 02:31:44,814 - WARNING - ibkr.core.market_data_worker - IBKR market data notice for MTA: Requested market data is not subscribed. Displaying delayed market data. (10167)
2026-06-09 02:31:44,835 - WARNING - ibkr.core.market_data_worker - IBKR market data notice for DRS: Requested market data is not subscribed. Displaying delayed market data. (10167)
2026-06-09 02:31:44,911 - WARNING - ibkr.core.market_data_worker - IBKR market data notice for RDW: Requested market data is not subscribed. Displaying delayed market data. (10167)
2026-06-09 02:31:45,056 - WARNING - ibkr.core.market_data_worker - IBKR market data notice for IONQ: Requested market data is not subscribed. Displaying delayed market data. (10167)
2026-06-09 02:31:45,224 - WARNING - ibkr.core.market_data_worker - IBKR market data notice for GFS: Requested market data is not subscribed. Displaying delayed market data. (10167)
2026-06-09 02:31:45,225 - WARNING - ibkr.core.market_data_worker - IBKR market data notice for QBTS: Requested market data is not subscribed. Displaying delayed market data. (10167)
2026-06-09 02:31:45,225 - WARNING - ibkr.core.market_data_worker - IBKR market data notice for LUNR: Requested market data is not subscribed. Displaying delayed market data. (10167)
2026-06-09 02:31:45,226 - WARNING - ibkr.core.market_data_worker - IBKR market data notice for SIDU: Requested market data is not subscribed. Displaying delayed market data. (10167)
2026-06-09 02:31:45,226 - WARNING - ibkr.core.market_data_worker - IBKR market data notice for DPRO: Requested market data is not subscribed. Displaying delayed market data. (10167)
2026-06-09 02:31:45,226 - WARNING - ibkr.core.market_data_worker - IBKR market data notice for SNDK: Requested market data is not subscribed. Displaying delayed market data. (10167)
2026-06-09 02:31:45,226 - WARNING - ibkr.core.market_data_worker - IBKR market data notice for RKLB: Requested market data is not subscribed. Displaying delayed market data. (10167)
2026-06-09 02:31:45,227 - WARNING - ibkr.core.market_data_worker - IBKR market data notice for SPRC: Requested market data is not subscribed. Displaying delayed market data. (10167)
2026-06-09 02:31:48,407 - WARNING - chart_engine.core.ibkr_data_fetcher - reqHistoricalDataAsync timed out after 8s on attempt 1/4 for RGTI
2026-06-09 02:31:48,408 - WARNING - chart_engine.core.ibkr_data_fetcher - Empty bars attempt 1/4, retrying in 0.5s
2026-06-09 02:31:51,230 - INFO - chart_engine.core.ibkr_data_fetcher - Chart data source=IBKR symbol=ANET interval=day from=2025-05-04T17:01:51.230309-04:00 to=2026-06-08T17:01:51.230309-04:00 dedicated_history=True
2026-06-09 02:31:51,231 - INFO - chart_engine.core.ibkr_data_fetcher - Requesting IBKR historical data: ANET conId=740948854 bar=1 day duration=2 Y end=latest
2026-06-09 02:31:51,243 - INFO - chart_engine.core.ibkr_data_fetcher - Chart data source=IBKR symbol=ANET interval=60minute from=2026-04-19T17:01:51.243003-04:00 to=2026-06-08T17:01:51.243003-04:00 dedicated_history=True
2026-06-09 02:31:51,247 - INFO - chart_engine.core.ibkr_data_fetcher - Requesting IBKR historical data: ANET conId=740948854 bar=30 mins duration=50 D end=latest
2026-06-09 02:31:59,240 - WARNING - chart_engine.core.ibkr_data_fetcher - reqHistoricalDataAsync timed out after 8s on attempt 1/4 for ANET
2026-06-09 02:31:59,241 - WARNING - chart_engine.core.ibkr_data_fetcher - Empty bars attempt 1/4, retrying in 0.5s
2026-06-09 02:32:00,910 - WARNING - chart_engine.core.ibkr_data_fetcher - reqHistoricalDataAsync timed out after 12s on attempt 2/4 for RGTI
2026-06-09 02:32:00,911 - WARNING - chart_engine.core.ibkr_data_fetcher - Empty bars attempt 2/4, retrying in 1.0s
2026-06-09 02:32:11,376 - INFO - chart_engine.core.ibkr_data_fetcher - Chart data fetch complete source=IBKR symbol=ANET bars=275
2026-06-09 02:32:11,473 - INFO - chart_engine.drawings - Loaded global chart settings.
2026-06-09 02:32:11,474 - INFO - chart_engine.drawings - Saved global chart settings.
2026-06-09 02:32:11,479 - INFO - ibkr.core.main_window - Chart symbol changed to: ANET
2026-06-09 02:32:11,480 - INFO - ibkr.core.main_window - Added chart symbol ANET to subscription
2026-06-09 02:32:11,482 - INFO - ibkr.core.main_window - Ensured subscription for chart symbol ANET
2026-06-09 02:32:11,482 - INFO - chart_engine.core.chart_widget - Chart seamlessly updated: ANET (275 candles)
2026-06-09 02:32:11,756 - WARNING - chart_engine.core.ibkr_data_fetcher - reqHistoricalDataAsync timed out after 12s on attempt 2/4 for ANET
2026-06-09 02:32:11,756 - WARNING - chart_engine.core.ibkr_data_fetcher - Empty bars attempt 2/4, retrying in 1.0s
2026-06-09 02:32:11,783 - INFO - ibkr.core.main_window - Subscription universe changed: 22 instruments (19 token-backed, +1/-1) sources={'positions': 19, 'charts': 2, 'header': 2}
2026-06-09 02:32:11,792 - INFO - ibkr.core.market_data_worker - Subscribed IBKR market data: ANET key=740948854 type=delayed
2026-06-09 02:32:12,336 - WARNING - ibkr.core.market_data_worker - IBKR market data notice for ANET: Requested market data is not subscribed. Displaying delayed market data. (10167)
2026-06-09 02:32:12,844 - INFO - ibkr.core.market_data_worker - Unsubscribed IBKR market data: RGTI
2026-06-09 02:32:12,947 - ERROR - ib_insync.wrapper - Error 300, reqId 92: Can't find EId with tickerId:92
2026-06-09 02:32:12,948 - WARNING - ibkr.core.market_data_worker - IBKR API error for reqId=92: Can't find EId with tickerId:92 (300)
2026-06-09 02:32:21,921 - WARNING - chart_engine.core.ibkr_data_fetcher - reqHistoricalDataAsync timed out after 20s on attempt 3/4 for RGTI
2026-06-09 02:32:21,921 - WARNING - chart_engine.core.ibkr_data_fetcher - Empty bars attempt 3/4, retrying in 2.0s
2026-06-09 02:32:32,761 - WARNING - chart_engine.core.ibkr_data_fetcher - reqHistoricalDataAsync timed out after 20s on attempt 3/4 for ANET
2026-06-09 02:32:32,761 - WARNING - chart_engine.core.ibkr_data_fetcher - Empty bars attempt 3/4, retrying in 2.0s
2026-06-09 02:32:39,259 - INFO - ibkr.core.data_cache - US market-open cache flush complete; intraday entries cleared
2026-06-09 02:32:43,927 - WARNING - chart_engine.core.ibkr_data_fetcher - reqHistoricalDataAsync timed out after 20s on attempt 4/4 for RGTI
2026-06-09 02:32:44,239 - INFO - chart_engine.core.ibkr_data_fetcher - Chart data source=IBKR symbol=ANET interval=60minute from=2026-04-19T17:02:44.234282-04:00 to=2026-06-08T17:02:44.234282-04:00 dedicated_history=True
2026-06-09 02:32:49,355 - INFO - chart_engine.core.ibkr_data_fetcher - Chart data source=IBKR symbol=DDD interval=60minute from=2026-04-19T17:02:49.354930-04:00 to=2026-06-08T17:02:49.354930-04:00 dedicated_history=True
2026-06-09 02:32:49,357 - INFO - chart_engine.core.ibkr_data_fetcher - Requesting IBKR historical data: DDD conId=6542334 bar=30 mins duration=50 D end=latest
2026-06-09 02:32:49,372 - INFO - chart_engine.core.ibkr_data_fetcher - Chart data source=IBKR symbol=DDD interval=60minute from=2026-04-19T17:02:49.372164-04:00 to=2026-06-08T17:02:49.372164-04:00 dedicated_history=True
2026-06-09 02:32:54,766 - WARNING - chart_engine.core.ibkr_data_fetcher - reqHistoricalDataAsync timed out after 20s on attempt 4/4 for ANET
2026-06-09 02:32:57,360 - WARNING - chart_engine.core.ibkr_data_fetcher - reqHistoricalDataAsync timed out after 8s on attempt 1/4 for DDD
2026-06-09 02:32:57,360 - WARNING - chart_engine.core.ibkr_data_fetcher - Empty bars attempt 1/4, retrying in 0.5s
2026-06-09 02:33:09,873 - WARNING - chart_engine.core.ibkr_data_fetcher - reqHistoricalDataAsync timed out after 12s on attempt 2/4 for DDD
2026-06-09 02:33:09,874 - WARNING - chart_engine.core.ibkr_data_fetcher - Empty bars attempt 2/4, retrying in 1.0s
2026-06-09 02:33:22,670 - INFO - ibkr.core.shutdown_manager - closeEvent received — beginning fast IBKR shutdown
2026-06-09 02:33:22,671 - INFO - ibkr.core.shutdown_manager - === Fast IBKR window-close shutdown starting ===
2026-06-09 02:33:22,672 - INFO - ibkr.core.shutdown_manager - Shutdown: [save_window_state]…
2026-06-09 02:33:22,675 - INFO - ibkr.core.main_window - Window state saved
2026-06-09 02:33:22,675 - INFO - ibkr.core.shutdown_manager - Shutdown: [save_window_state] ✓
2026-06-09 02:33:22,683 - INFO - ibkr.core.shutdown_manager - Shutdown: [save_chart_state]…
2026-06-09 02:33:22,689 - INFO - ibkr.core.shutdown_manager - Shutdown: [save_chart_state] ✓
2026-06-09 02:33:22,690 - INFO - ibkr.core.shutdown_manager - Shutdown: [stop_remaining_timers]…
2026-06-09 02:33:22,701 - INFO - ibkr.core.shutdown_manager - Shutdown: [stop_remaining_timers] ✓
2026-06-09 02:33:22,701 - INFO - ibkr.core.shutdown_manager - === Fast IBKR window-close shutdown complete ===
2026-06-09 02:33:22,711 - INFO - __main__ - Shutting down and cleaning up resources...
2026-06-09 02:33:22,711 - INFO - __main__ - Skipping broker disconnect during fast window-close shutdown.
2026-06-09 02:33:22,712 - INFO - __main__ - Cleanup complete.
