2026-06-08 22:33:13,020 - INFO - login_setup.login_setup_config - qullamaggie v1.0.0 starting...
2026-06-08 22:33:13,020 - INFO - login_setup.login_setup_config - Logging to file: /home/kavi/Desktop/Python_Projects/swing_trader/logs/qullamaggie_20260608_223313.log
2026-06-08 22:33:13,020 - INFO - __main__ - 🚀 Starting qullamaggie Application...
2026-06-08 22:33:13,165 - INFO - __main__ - Application icon loaded from: /home/kavi/Desktop/Python_Projects/swing_trader/assets/qullamaggie_swing_trader_icon.svg
2026-06-08 22:33:16,312 - INFO - ib_insync.client - Connecting to 127.0.0.1:4002 with clientId 1...
2026-06-08 22:33:16,314 - INFO - ib_insync.client - Connected
2026-06-08 22:33:16,328 - INFO - ib_insync.client - Logged on to server version 176
2026-06-08 22:33:16,371 - INFO - ib_insync.client - API connection ready
2026-06-08 22:33:16,848 - INFO - __main__ - Authenticated for broker: america
2026-06-08 22:33:16,848 - INFO - __main__ - Initializing trading and data clients...
2026-06-08 22:33:16,849 - INFO - login_setup.broker_factory - Creating america client for live trading
2026-06-08 22:33:16,849 - INFO - login_setup.broker_factory - IBKR client created with accounts: ['DUQ624205']
2026-06-08 22:33:16,853 - INFO - ibkr.core.trading_client - Subscribed to IBKR real-time order events
2026-06-08 22:33:16,854 - INFO - login_setup.broker_factory - Creating data client for america
2026-06-08 22:33:16,854 - INFO - __main__ - Clients initialized successfully.
2026-06-08 22:33:16,854 - INFO - login_setup.broker_factory - Added america client to manager
2026-06-08 22:33:16,855 - INFO - login_setup.broker_factory - Started connection monitoring for america
2026-06-08 22:33:16,856 - INFO - __main__ - Creating main window for america...
2026-06-08 22:33:16,856 - INFO - login_setup.broker_factory - Dynamically loading main window from: ibkr.core.main_window
2026-06-08 22:33:17,889 - INFO - ibkr.core.trade_logger - Trade history database for 'live' mode at: /home/kavi/.qullamaggie/trade_history_live.db
2026-06-08 22:33:17,890 - INFO - ibkr.core.trade_logger - TradeLogger initialized with background processing
2026-06-08 22:33:17,891 - INFO - ibkr.core.trade_logger - DatabaseWorker processing started
2026-06-08 22:33:17,893 - INFO - ibkr.core.trade_logger - Database initialization completed
2026-06-08 22:33:17,894 - INFO - ibkr.core.position_manager - ✅ Connected to trader.order_status_updated signal - orders will sync immediately
2026-06-08 22:33:17,894 - INFO - ibkr.core.position_manager - ✅ Connected to trader.position_updated signal - positions will sync immediately
2026-06-08 22:33:17,894 - INFO - ibkr.core.position_manager - ✅ Connected to trader.connection_status_changed signal
2026-06-08 22:33:17,937 - INFO - ibkr.widgets.scanner_table - Loaded 2 valid scan configurations
2026-06-08 22:33:17,949 - INFO - ibkr.widgets.scanner_table - Scanner table ready for context-aware navigation
2026-06-08 22:33:17,956 - INFO - ibkr.widgets.scanner_table - Running EOD Finviz scan: Computer Hardware
2026-06-08 22:33:17,959 - INFO - chart_engine.core.ibkr_data_fetcher - Pre-warming dedicated IBKR history connection...
2026-06-08 22:33:17,963 - INFO - ib_insync.client - Connecting to 127.0.0.1:4002 with clientId 102...
2026-06-08 22:33:17,964 - INFO - chart_engine.drawings - Loaded global chart settings.
2026-06-08 22:33:18,195 - INFO - chart_engine.core.ibkr_data_fetcher - Chart data source=IBKR symbol=QBTS interval=day from=2025-11-20T13:03:18.194807-05:00 to=2026-06-08T13:03:18.194807-04:00 dedicated_history=True
2026-06-08 22:33:18,447 - INFO - ibkr.core.data_cache - MarketAwareDataCache initialised for IBKR/US market time
2026-06-08 22:33:18,448 - INFO - chart_engine.core.ibkr_data_fetcher - Chart data source=IBKR symbol=QBTS interval=60minute from=2026-04-19T13:03:18.448134-04:00 to=2026-06-08T13:03:18.448134-04:00 dedicated_history=True
2026-06-08 22:33:18,643 - INFO - chart_engine.core.ibkr_data_fetcher - IBKR chart history connected on 127.0.0.1:4002 clientId=102
2026-06-08 22:33:18,645 - INFO - chart_engine.drawings - Saved global chart settings.
2026-06-08 22:33:18,878 - INFO - ibkr.core.alert_management_system - Loaded 0 alerts from disk
2026-06-08 22:33:18,879 - INFO - ibkr.core.alert_management_system - AlertSystemManager ready
2026-06-08 22:33:18,879 - INFO - ibkr.core.main_window - Alert system initialized successfully.
2026-06-08 22:33:18,883 - INFO - ibkr.core.main_window - Connecting component signals...
2026-06-08 22:33:18,880 - INFO - ibkr.core.alert_management_system - AlertEngine started
2026-06-08 22:33:18,885 - INFO - ibkr.core.main_window - IBKR order lifecycle UI signals connected
2026-06-08 22:33:18,886 - INFO - ib_insync.client - Connecting to 127.0.0.1:4002 with clientId 101...
2026-06-08 22:33:18,898 - INFO - ibkr.core.main_window - Keyboard shortcuts initialized
2026-06-08 22:33:19,025 - INFO - chart_engine.core.ibkr_data_fetcher - Requesting IBKR historical data: QBTS conId=578031277 bar=1 day duration=200 D end=latest
2026-06-08 22:33:19,047 - INFO - ibkr.core.main_window - Subscription universe changed: 10 instruments (0 token-backed, +10/-0) sources={'charts': 2, 'header': 2}
2026-06-08 22:33:19,047 - INFO - ibkr.core.main_window - Window state restored
2026-06-08 22:33:19,048 - INFO - ibkr.core.main_window - Applied startup chart timeframes: left=day, right=60minute
2026-06-08 22:33:19,049 - INFO - ibkr.core.main_window - Simplified qullamaggie Window with Status Bar Initialized Successfully.
2026-06-08 22:33:19,050 - INFO - __main__ - Main window created successfully.
2026-06-08 22:33:19,126 - INFO - __main__ - Starting application event loop.
2026-06-08 22:33:19,537 - INFO - chart_engine.core.ibkr_data_fetcher - Requesting IBKR historical data: QBTS conId=578031277 bar=30 mins duration=50 D end=latest
2026-06-08 22:33:19,776 - INFO - ibkr.core.market_data_worker - Dedicated IBKR market-data connection established on 127.0.0.1:4002 clientId=101
2026-06-08 22:33:19,776 - INFO - ibkr.core.market_data_worker - IBKR MarketDataWorker started
2026-06-08 22:33:19,777 - INFO - ibkr.core.market_data_worker - Requested IBKR delayed market data type (3); delayed fallback=False; generic ticks=''
2026-06-08 22:33:19,828 - INFO - ibkr.core.main_window - IBKR loader: Building initial instrument list...
2026-06-08 22:33:19,909 - INFO - ibkr.core.main_window - Window state saved
2026-06-08 22:33:20,371 - INFO - chart_engine.core.ibkr_data_fetcher - Chart data fetch complete source=IBKR symbol=QBTS bars=136
2026-06-08 22:33:20,839 - WARNING - ibkr.core.main_window - IBKR market data is delayed (delayed); live subscription is unavailable.
2026-06-08 22:33:20,839 - INFO - ibkr.core.main_window - WebSocket connected. Setting up subscriptions.
2026-06-08 22:33:20,840 - INFO - ibkr.core.position_manager - Fetching positions from broker - Reason: ibkr_connected
2026-06-08 22:33:20,860 - INFO - ibkr.core.main_window - Added 23 widget market-data subscriptions (23 token-backed)
2026-06-08 22:33:20,862 - INFO - ibkr.core.position_manager - Position table changed: 23 open positions | open MTM -17709.69 | realized 0.00
2026-06-08 22:33:21,000 - INFO - ibkr.core.main_window - Successfully loaded 3798 instruments.
2026-06-08 22:33:21,001 - INFO - ibkr.widgets.header_toolbar - Search index ready: 3798 instruments
2026-06-08 22:33:21,040 - INFO - ibkr.widgets.scanner_table - EOD Scan completed: 24 symbols with complete data
2026-06-08 22:33:21,089 - INFO - ibkr.core.market_data_worker - Subscribed IBKR market data: QBTS key=578031277 type=delayed
2026-06-08 22:33:21,090 - INFO - ibkr.core.market_data_worker - Subscribed IBKR market data: SPY key=756733 type=delayed
2026-06-08 22:33:21,093 - INFO - ibkr.core.market_data_worker - Subscribed IBKR market data: IONQ key=517593749 type=delayed
2026-06-08 22:33:21,096 - INFO - ibkr.core.market_data_worker - Subscribed IBKR market data: KTCC key=271042 type=delayed
2026-06-08 22:33:21,097 - INFO - ibkr.core.market_data_worker - Subscribed IBKR market data: LOGI key=41475996 type=delayed
2026-06-08 22:33:21,098 - INFO - ibkr.core.market_data_worker - Subscribed IBKR market data: OSS key=305186144 type=delayed
2026-06-08 22:33:21,098 - INFO - ibkr.core.market_data_worker - Subscribed IBKR market data: QMCO key=725237355 type=delayed
2026-06-08 22:33:21,098 - INFO - ibkr.core.market_data_worker - Subscribed IBKR market data: SMCI key=731466419 type=delayed
2026-06-08 22:33:21,099 - INFO - ibkr.core.market_data_worker - Subscribed IBKR market data: HPQ key=209411801 type=delayed
2026-06-08 22:33:21,100 - INFO - ibkr.core.market_data_worker - Subscribed IBKR market data: QQQ key=320227571 type=delayed
2026-06-08 22:33:21,156 - INFO - ibkr.core.main_window - Instruments loaded successfully.
2026-06-08 22:33:21,174 - INFO - ibkr.core.main_window - IBKR loader: Loaded 181 symbols (qualifying in background...)
2026-06-08 22:33:21,279 - INFO - ibkr.core.main_window - Chart panes revealed after initial symbol render: QBTS
2026-06-08 22:33:21,279 - INFO - ibkr.core.main_window - Chart symbol changed to: QBTS
2026-06-08 22:33:21,280 - INFO - ibkr.core.main_window - Added chart symbol QBTS to subscription
2026-06-08 22:33:21,280 - INFO - ibkr.core.main_window - Ensured subscription for chart symbol QBTS
2026-06-08 22:33:21,281 - INFO - chart_engine.core.chart_widget - Chart HTML loaded: QBTS (136 candles)
2026-06-08 22:33:21,327 - INFO - ibkr.core.position_manager - Fetching positions from broker - Reason: app_startup
2026-06-08 22:33:21,362 - INFO - ibkr.core.main_window - Position system initialized successfully
2026-06-08 22:33:21,474 - INFO - ibkr.widgets.scanner_table - EOD Scanner table updated with 24 symbols.
2026-06-08 22:33:21,541 - WARNING - ibkr.core.market_data_worker - IBKR market data notice for QBTS: Requested market data is not subscribed. Displaying delayed market data. (10167)
2026-06-08 22:33:21,805 - INFO - ibkr.core.main_window - Subscription universe changed: 33 instruments (23 token-backed, +23/-0) sources={'positions': 23, 'charts': 2, 'watchlist': 1, 'header': 2}
2026-06-08 22:33:21,810 - WARNING - ibkr.core.market_data_worker - IBKR market data notice for SPY: Requested market data is not subscribed. Displaying delayed market data. (10167)
2026-06-08 22:33:21,818 - WARNING - ibkr.core.market_data_worker - IBKR market data notice for IONQ: Requested market data is not subscribed. Displaying delayed market data. (10167)
2026-06-08 22:33:21,981 - INFO - chart_engine.core.ibkr_data_fetcher - Chart data fetch complete source=IBKR symbol=QBTS bars=347
2026-06-08 22:33:22,101 - WARNING - ibkr.core.market_data_worker - IBKR market data notice for KTCC: Requested market data is not subscribed. Displaying delayed market data. (10167)
2026-06-08 22:33:22,102 - WARNING - ibkr.core.market_data_worker - IBKR market data notice for LOGI: Requested market data is not subscribed. Displaying delayed market data. (10167)
2026-06-08 22:33:22,120 - WARNING - ibkr.core.market_data_worker - IBKR market data notice for OSS: Requested market data is not subscribed. Displaying delayed market data. (10167)
2026-06-08 22:33:22,154 - INFO - chart_engine.core.chart_widget - Chart HTML loaded: QBTS (347 candles)
2026-06-08 22:33:22,227 - INFO - ibkr.core.position_manager - Fetching positions from broker - Reason: instruments_loaded
2026-06-08 22:33:22,246 - INFO - ibkr.core.network_monitor - NetworkMonitor started
2026-06-08 22:33:22,247 - INFO - ibkr.core.main_window - Network resilience layer initialized
2026-06-08 22:33:22,247 - INFO - ibkr.core.main_window - Chart auto-loading initiated
2026-06-08 22:33:22,247 - INFO - ibkr.core.main_window - Chart already has active rendered symbol: QBTS
2026-06-08 22:33:22,548 - WARNING - ibkr.core.market_data_worker - IBKR market data notice for QMCO: Requested market data is not subscribed. Displaying delayed market data. (10167)
2026-06-08 22:33:22,585 - WARNING - ibkr.core.market_data_worker - IBKR market data notice for SMCI: Requested market data is not subscribed. Displaying delayed market data. (10167)
2026-06-08 22:33:22,777 - WARNING - ibkr.core.market_data_worker - IBKR market data notice for HPQ: Requested market data is not subscribed. Displaying delayed market data. (10167)
2026-06-08 22:33:22,784 - WARNING - ibkr.core.market_data_worker - IBKR market data notice for QQQ: Requested market data is not subscribed. Displaying delayed market data. (10167)
2026-06-08 22:33:23,271 - INFO - ibkr.core.network_monitor - Network confirmed online at startup
2026-06-08 22:33:24,005 - INFO - ibkr.core.market_data_worker - Subscribed IBKR market data: NVDA key=4815747 type=delayed
2026-06-08 22:33:24,006 - INFO - ibkr.core.market_data_worker - Subscribed IBKR market data: TACT key=6858145 type=delayed
2026-06-08 22:33:24,006 - INFO - ibkr.core.market_data_worker - Subscribed IBKR market data: BAX key=8111188 type=delayed
2026-06-08 22:33:24,007 - INFO - ibkr.core.market_data_worker - Subscribed IBKR market data: TSLA key=76792991 type=delayed
2026-06-08 22:33:24,007 - INFO - ibkr.core.market_data_worker - Subscribed IBKR market data: PTCT key=129374415 type=delayed
2026-06-08 22:33:24,009 - INFO - ibkr.core.market_data_worker - Subscribed IBKR market data: VCYT key=137537411 type=delayed
2026-06-08 22:33:24,010 - INFO - ibkr.core.market_data_worker - Subscribed IBKR market data: ASX key=314244771 type=delayed
2026-06-08 22:33:24,017 - INFO - ibkr.core.market_data_worker - Subscribed IBKR market data: AVTR key=366131368 type=delayed
2026-06-08 22:33:24,018 - INFO - ibkr.core.market_data_worker - Subscribed IBKR market data: MTA key=395717235 type=delayed
2026-06-08 22:33:24,018 - INFO - ibkr.core.market_data_worker - Subscribed IBKR market data: CRSR key=446872191 type=delayed
2026-06-08 22:33:24,019 - INFO - ibkr.core.market_data_worker - Subscribed IBKR market data: DRS key=478483396 type=delayed
2026-06-08 22:33:24,021 - INFO - ibkr.core.market_data_worker - Subscribed IBKR market data: RDW key=512000171 type=delayed
2026-06-08 22:33:24,022 - INFO - ibkr.core.market_data_worker - Subscribed IBKR market data: GFS key=523222624 type=delayed
2026-06-08 22:33:24,022 - INFO - ibkr.core.market_data_worker - Subscribed IBKR market data: LUNR key=613910262 type=delayed
2026-06-08 22:33:24,023 - INFO - ibkr.core.market_data_worker - Subscribed IBKR market data: ARM key=653400472 type=delayed
2026-06-08 22:33:24,024 - INFO - ibkr.core.market_data_worker - Subscribed IBKR market data: SIDU key=673368857 type=delayed
2026-06-08 22:33:24,024 - INFO - ibkr.core.market_data_worker - Subscribed IBKR market data: DPRO key=725468685 type=delayed
2026-06-08 22:33:24,025 - INFO - ibkr.core.market_data_worker - Subscribed IBKR market data: SNDK key=760250490 type=delayed
2026-06-08 22:33:24,026 - INFO - ibkr.core.market_data_worker - Subscribed IBKR market data: RKLB key=787273575 type=delayed
2026-06-08 22:33:24,027 - INFO - ibkr.core.market_data_worker - Subscribed IBKR market data: MNTS key=839174082 type=delayed
2026-06-08 22:33:24,029 - INFO - ibkr.core.market_data_worker - Subscribed IBKR market data: SPRC key=860471331 type=delayed
2026-06-08 22:33:24,737 - WARNING - ibkr.core.market_data_worker - IBKR market data notice for NVDA: Requested market data is not subscribed. Displaying delayed market data. (10167)
2026-06-08 22:33:24,747 - WARNING - ibkr.core.market_data_worker - IBKR market data notice for TACT: Requested market data is not subscribed. Displaying delayed market data. (10167)
2026-06-08 22:33:24,748 - WARNING - ibkr.core.market_data_worker - IBKR market data notice for BAX: Requested market data is not subscribed. Displaying delayed market data. (10167)
2026-06-08 22:33:24,750 - WARNING - ibkr.core.market_data_worker - IBKR market data notice for TSLA: Requested market data is not subscribed. Displaying delayed market data. (10167)
2026-06-08 22:33:24,793 - WARNING - ibkr.core.market_data_worker - IBKR market data notice for PTCT: Requested market data is not subscribed. Displaying delayed market data. (10167)
2026-06-08 22:33:24,961 - WARNING - ibkr.core.market_data_worker - IBKR market data notice for VCYT: Requested market data is not subscribed. Displaying delayed market data. (10167)
2026-06-08 22:33:24,999 - WARNING - ibkr.core.market_data_worker - IBKR market data notice for ASX: Requested market data is not subscribed. Displaying delayed market data. (10167)
2026-06-08 22:33:25,000 - WARNING - ibkr.core.market_data_worker - IBKR market data notice for AVTR: Requested market data is not subscribed. Displaying delayed market data. (10167)
2026-06-08 22:33:25,000 - WARNING - ibkr.core.market_data_worker - IBKR market data notice for MTA: Requested market data is not subscribed. Displaying delayed market data. (10167)
2026-06-08 22:33:25,020 - WARNING - ibkr.core.market_data_worker - IBKR market data notice for CRSR: Requested market data is not subscribed. Displaying delayed market data. (10167)
2026-06-08 22:33:25,237 - WARNING - ibkr.core.market_data_worker - IBKR market data notice for DRS: Requested market data is not subscribed. Displaying delayed market data. (10167)
2026-06-08 22:33:25,238 - WARNING - ibkr.core.market_data_worker - IBKR market data notice for RDW: Requested market data is not subscribed. Displaying delayed market data. (10167)
2026-06-08 22:33:25,353 - WARNING - ibkr.core.market_data_worker - IBKR market data notice for GFS: Requested market data is not subscribed. Displaying delayed market data. (10167)
2026-06-08 22:33:25,402 - WARNING - ibkr.core.market_data_worker - IBKR market data notice for LUNR: Requested market data is not subscribed. Displaying delayed market data. (10167)
2026-06-08 22:33:25,403 - WARNING - ibkr.core.market_data_worker - IBKR market data notice for ARM: Requested market data is not subscribed. Displaying delayed market data. (10167)
2026-06-08 22:33:25,406 - WARNING - ibkr.core.market_data_worker - IBKR market data notice for SIDU: Requested market data is not subscribed. Displaying delayed market data. (10167)
2026-06-08 22:33:25,406 - WARNING - ibkr.core.market_data_worker - IBKR market data notice for DPRO: Requested market data is not subscribed. Displaying delayed market data. (10167)
2026-06-08 22:33:25,407 - WARNING - ibkr.core.market_data_worker - IBKR market data notice for SNDK: Requested market data is not subscribed. Displaying delayed market data. (10167)
2026-06-08 22:33:25,407 - WARNING - ibkr.core.market_data_worker - IBKR market data notice for RKLB: Requested market data is not subscribed. Displaying delayed market data. (10167)
2026-06-08 22:33:25,407 - WARNING - ibkr.core.market_data_worker - IBKR market data notice for MNTS: Requested market data is not subscribed. Displaying delayed market data. (10167)
2026-06-08 22:33:25,407 - WARNING - ibkr.core.market_data_worker - IBKR market data notice for SPRC: Requested market data is not subscribed. Displaying delayed market data. (10167)
2026-06-08 22:34:05,260 - INFO - chart_engine.core.ibkr_data_fetcher - Chart data source=IBKR symbol=QBTS interval=60minute from=2026-04-19T13:04:05.260465-04:00 to=2026-06-08T13:04:05.260465-04:00 dedicated_history=True
2026-06-08 22:34:05,263 - INFO - chart_engine.core.ibkr_data_fetcher - Requesting IBKR historical data: QBTS conId=578031277 bar=30 mins duration=50 D end=latest
2026-06-08 22:34:07,585 - INFO - chart_engine.core.ibkr_data_fetcher - Chart data fetch complete source=IBKR symbol=QBTS bars=347
2026-06-08 22:34:07,627 - INFO - chart_engine.drawings - Loaded global chart settings.
2026-06-08 22:34:07,629 - INFO - chart_engine.drawings - Saved global chart settings.
2026-06-08 22:34:07,636 - INFO - ibkr.core.main_window - Ensured subscription for chart symbol QBTS
2026-06-08 22:34:07,636 - INFO - chart_engine.core.chart_widget - Chart seamlessly updated: QBTS (347 candles)
2026-06-08 22:34:18,259 - INFO - ibkr.core.data_cache - US market-open cache flush complete; intraday entries cleared
2026-06-08 22:34:25,594 - INFO - chart_engine.core.ibkr_data_fetcher - Chart data source=IBKR symbol=KTCC interval=day from=2025-11-20T13:04:25.594363-05:00 to=2026-06-08T13:04:25.594363-04:00 dedicated_history=True
2026-06-08 22:34:25,596 - INFO - chart_engine.core.ibkr_data_fetcher - Requesting IBKR historical data: KTCC conId=271042 bar=1 day duration=200 D end=latest
2026-06-08 22:34:25,605 - INFO - chart_engine.core.ibkr_data_fetcher - Chart data source=IBKR symbol=KTCC interval=60minute from=2026-04-19T13:04:25.605504-04:00 to=2026-06-08T13:04:25.605504-04:00 dedicated_history=True
2026-06-08 22:34:25,607 - INFO - chart_engine.core.ibkr_data_fetcher - Requesting IBKR historical data: KTCC conId=271042 bar=30 mins duration=50 D end=latest
2026-06-08 22:34:27,291 - INFO - chart_engine.core.ibkr_data_fetcher - Chart data fetch complete source=IBKR symbol=KTCC bars=136
2026-06-08 22:34:27,338 - INFO - chart_engine.drawings - Loaded state for KTCC (day) — 0 drawings
2026-06-08 22:34:27,339 - INFO - chart_engine.drawings - Loaded global chart settings.
2026-06-08 22:34:27,339 - INFO - chart_engine.drawings - Saved global chart settings.
2026-06-08 22:34:27,342 - INFO - ibkr.core.main_window - Chart symbol changed to: KTCC
2026-06-08 22:34:27,342 - INFO - ibkr.core.main_window - Added chart symbol KTCC to subscription
2026-06-08 22:34:27,343 - INFO - ibkr.core.main_window - Ensured subscription for chart symbol KTCC
2026-06-08 22:34:27,343 - INFO - chart_engine.core.chart_widget - Chart seamlessly updated: KTCC (136 candles)
2026-06-08 22:34:27,674 - INFO - ibkr.core.main_window - Subscription universe changed: 32 instruments (23 token-backed, +0/-1) sources={'positions': 23, 'charts': 2, 'watchlist': 1, 'header': 2}
2026-06-08 22:34:28,428 - INFO - chart_engine.core.ibkr_data_fetcher - Chart data fetch complete source=IBKR symbol=KTCC bars=327
2026-06-08 22:34:28,468 - INFO - chart_engine.drawings - Loaded state for KTCC (60minute) — 0 drawings
2026-06-08 22:34:28,473 - INFO - chart_engine.core.chart_widget - Chart seamlessly updated: KTCC (327 candles)
2026-06-08 22:34:32,051 - INFO - chart_engine.core.ibkr_data_fetcher - Chart data source=IBKR symbol=MNTS interval=day from=2025-11-20T13:04:32.051487-05:00 to=2026-06-08T13:04:32.051487-04:00 dedicated_history=True
2026-06-08 22:34:32,066 - INFO - chart_engine.core.ibkr_data_fetcher - Chart data source=IBKR symbol=MNTS interval=60minute from=2026-04-19T13:04:32.066790-04:00 to=2026-06-08T13:04:32.066790-04:00 dedicated_history=True
2026-06-08 22:34:32,188 - INFO - chart_engine.core.ibkr_data_fetcher - Chart data source=IBKR symbol=MNTS interval=day from=2025-11-20T13:04:32.188517-05:00 to=2026-06-08T13:04:32.188517-04:00 dedicated_history=True
2026-06-08 22:34:32,204 - INFO - chart_engine.core.ibkr_data_fetcher - Chart data source=IBKR symbol=MNTS interval=60minute from=2026-04-19T13:04:32.204499-04:00 to=2026-06-08T13:04:32.204499-04:00 dedicated_history=True
2026-06-08 22:34:32,348 - INFO - chart_engine.core.ibkr_data_fetcher - Requesting IBKR historical data: MNTS conId=839174082 bar=1 day duration=200 D end=latest
2026-06-08 22:34:32,665 - INFO - chart_engine.core.ibkr_data_fetcher - Requesting IBKR historical data: MNTS conId=839174082 bar=30 mins duration=50 D end=latest
2026-06-08 22:34:35,957 - INFO - chart_engine.core.ibkr_data_fetcher - Chart data fetch complete source=IBKR symbol=MNTS bars=347
2026-06-08 22:34:35,958 - INFO - chart_engine.core.ibkr_data_fetcher - Chart data fetch complete source=IBKR symbol=MNTS bars=136
2026-06-08 22:34:36,049 - INFO - ibkr.core.main_window - Ensured subscription for chart symbol MNTS
2026-06-08 22:34:36,050 - INFO - chart_engine.core.chart_widget - Chart seamlessly updated: MNTS (347 candles)
2026-06-08 22:34:36,090 - INFO - ibkr.core.main_window - Chart symbol changed to: MNTS
2026-06-08 22:34:36,090 - INFO - ibkr.core.main_window - Added chart symbol MNTS to subscription
2026-06-08 22:34:36,091 - INFO - chart_engine.core.chart_widget - Chart seamlessly updated: MNTS (136 candles)
2026-06-08 22:34:36,402 - INFO - ibkr.core.main_window - Subscription universe changed: 33 instruments (23 token-backed, +1/-0) sources={'positions': 23, 'charts': 2, 'watchlist': 1, 'header': 2}
2026-06-08 22:34:58,887 - INFO - ibkr.core.main_window - [ENTRY] Placing order: {'action': 'SELL', 'currency': 'USD', 'exchange': 'SMART', 'orderRef': 'QULL-SWING-MNTS', 'orderType': 'MKT', 'order_type': 'MKT', 'outsideRth': False, 'outside_rth': False, 'price': 0.0, 'primaryExch': '', 'primaryExchange': '', 'primary_exchange': '', 'product': 'IBKR', 'quantity': 1500, 'route': 'AUTO', 'secType': 'STK', 'sec_type': 'STK', 'symbol': 'MNTS', 'tag': 'terminal-ibkr-swing', 'tif': 'DAY', 'totalQuantity': 1500, 'tradingsymbol': 'MNTS', 'transaction_type': 'SELL', 'transmit': True, 'trigger_price': 0.0, 'validity': 'DAY', 'variety': 'regular'}
2026-06-08 22:34:58,916 - INFO - ibkr.core.trade_logger - Queued order placement for logging: 294
2026-06-08 22:34:58,917 - INFO - ibkr.core.main_window - Order queued for logging: 294
2026-06-08 22:34:58,917 - INFO - ibkr.core.main_window - [ENTRY] Order accepted by broker: {'order_id': '294', 'perm_id': '', 'tradingsymbol': 'MNTS', 'symbol': 'MNTS', 'exchange': 'SMART', 'instrument_token': 839174082, 'transaction_type': 'SELL', 'order_type': 'MARKET', 'quantity': 1500, 'price': 0.0, 'trigger_price': 0.0, 'status': 'PENDING', 'raw_status': 'PendingSubmit', 'status_message': '', 'filled_quantity': 0, 'pending_quantity': 0, 'average_price': 0.0, 'timestamp': '2026-06-08T13:04:58.890470', 'product': 'IBKR', 'accepted': True}
2026-06-08 22:34:58,918 - INFO - ibkr.widgets.order_dialog - [OrderDialog] SELL 1500 MNTS [SMART/MKT]
2026-06-08 22:34:58,969 - INFO - ibkr.core.position_manager - Fetching positions from broker - Reason: order_accepted
2026-06-08 22:35:05,260 - INFO - chart_engine.core.ibkr_data_fetcher - Chart data source=IBKR symbol=MNTS interval=60minute from=2026-04-19T13:05:05.260722-04:00 to=2026-06-08T13:05:05.260722-04:00 dedicated_history=True
2026-06-08 22:35:05,262 - INFO - chart_engine.core.ibkr_data_fetcher - Requesting IBKR historical data: MNTS conId=839174082 bar=30 mins duration=50 D end=latest
2026-06-08 22:35:08,692 - INFO - chart_engine.core.ibkr_data_fetcher - Chart data fetch complete source=IBKR symbol=MNTS bars=347
2026-06-08 22:35:08,739 - INFO - chart_engine.drawings - Loaded global chart settings.
2026-06-08 22:35:08,740 - INFO - chart_engine.drawings - Saved global chart settings.
2026-06-08 22:35:08,744 - INFO - ibkr.core.main_window - Ensured subscription for chart symbol MNTS
2026-06-08 22:35:08,745 - INFO - chart_engine.core.chart_widget - Chart seamlessly updated: MNTS (347 candles)
2026-06-08 22:35:10,641 - INFO - chart_engine.core.ibkr_data_fetcher - Chart data source=IBKR symbol=QMCO interval=day from=2025-11-20T13:05:10.640848-05:00 to=2026-06-08T13:05:10.640848-04:00 dedicated_history=True
2026-06-08 22:35:10,642 - INFO - chart_engine.core.ibkr_data_fetcher - Requesting IBKR historical data: QMCO conId=725237355 bar=1 day duration=200 D end=latest
2026-06-08 22:35:10,653 - INFO - chart_engine.core.ibkr_data_fetcher - Chart data source=IBKR symbol=QMCO interval=60minute from=2026-04-19T13:05:10.653633-04:00 to=2026-06-08T13:05:10.653633-04:00 dedicated_history=True
2026-06-08 22:35:10,654 - INFO - chart_engine.core.ibkr_data_fetcher - Requesting IBKR historical data: QMCO conId=725237355 bar=30 mins duration=50 D end=latest
2026-06-08 22:35:12,226 - INFO - chart_engine.core.ibkr_data_fetcher - Chart data fetch complete source=IBKR symbol=QMCO bars=136
2026-06-08 22:35:12,301 - INFO - ibkr.core.main_window - Chart symbol changed to: QMCO
2026-06-08 22:35:12,301 - INFO - ibkr.core.main_window - Added chart symbol QMCO to subscription
2026-06-08 22:35:12,302 - INFO - ibkr.core.main_window - Ensured subscription for chart symbol QMCO
2026-06-08 22:35:12,302 - INFO - chart_engine.core.chart_widget - Chart seamlessly updated: QMCO (136 candles)
2026-06-08 22:35:12,614 - INFO - ibkr.core.main_window - Subscription universe changed: 32 instruments (23 token-backed, +0/-1) sources={'positions': 23, 'charts': 2, 'watchlist': 1, 'header': 2}
2026-06-08 22:35:14,158 - INFO - chart_engine.core.ibkr_data_fetcher - Chart data fetch complete source=IBKR symbol=QMCO bars=347
2026-06-08 22:35:14,221 - INFO - chart_engine.core.chart_widget - Chart seamlessly updated: QMCO (347 candles)
2026-06-08 22:36:05,261 - INFO - chart_engine.core.ibkr_data_fetcher - Chart data source=IBKR symbol=QMCO interval=60minute from=2026-04-19T13:06:05.260928-04:00 to=2026-06-08T13:06:05.260928-04:00 dedicated_history=True
2026-06-08 22:36:05,263 - INFO - chart_engine.core.ibkr_data_fetcher - Requesting IBKR historical data: QMCO conId=725237355 bar=30 mins duration=50 D end=latest
2026-06-08 22:36:07,602 - INFO - chart_engine.core.ibkr_data_fetcher - Chart data fetch complete source=IBKR symbol=QMCO bars=347
2026-06-08 22:36:07,647 - INFO - chart_engine.drawings - Loaded global chart settings.
2026-06-08 22:36:07,648 - INFO - chart_engine.drawings - Saved global chart settings.
2026-06-08 22:36:07,655 - INFO - ibkr.core.main_window - Ensured subscription for chart symbol QMCO
2026-06-08 22:36:07,655 - INFO - chart_engine.core.chart_widget - Chart seamlessly updated: QMCO (347 candles)
2026-06-08 22:37:04,260 - INFO - chart_engine.core.ibkr_data_fetcher - Chart data source=IBKR symbol=QMCO interval=60minute from=2026-04-19T13:07:04.260027-04:00 to=2026-06-08T13:07:04.260027-04:00 dedicated_history=True
2026-06-08 22:37:04,261 - INFO - chart_engine.core.ibkr_data_fetcher - Requesting IBKR historical data: QMCO conId=725237355 bar=30 mins duration=50 D end=latest
2026-06-08 22:37:06,354 - INFO - chart_engine.core.ibkr_data_fetcher - Chart data fetch complete source=IBKR symbol=QMCO bars=347
2026-06-08 22:37:06,474 - INFO - chart_engine.drawings - Loaded global chart settings.
2026-06-08 22:37:06,476 - INFO - chart_engine.drawings - Saved global chart settings.
2026-06-08 22:37:06,482 - INFO - ibkr.core.main_window - Ensured subscription for chart symbol QMCO
2026-06-08 22:37:06,483 - INFO - chart_engine.core.chart_widget - Chart seamlessly updated: QMCO (347 candles)
2026-06-08 22:38:05,259 - INFO - chart_engine.core.ibkr_data_fetcher - Chart data source=IBKR symbol=QMCO interval=60minute from=2026-04-19T13:08:05.259859-04:00 to=2026-06-08T13:08:05.259859-04:00 dedicated_history=True
2026-06-08 22:38:05,260 - INFO - chart_engine.core.ibkr_data_fetcher - Requesting IBKR historical data: QMCO conId=725237355 bar=30 mins duration=50 D end=latest
2026-06-08 22:38:07,329 - INFO - chart_engine.core.ibkr_data_fetcher - Chart data fetch complete source=IBKR symbol=QMCO bars=347
2026-06-08 22:38:07,377 - INFO - chart_engine.drawings - Loaded global chart settings.
2026-06-08 22:38:07,379 - INFO - chart_engine.drawings - Saved global chart settings.
2026-06-08 22:38:07,390 - INFO - ibkr.core.main_window - Ensured subscription for chart symbol QMCO
2026-06-08 22:38:07,390 - INFO - chart_engine.core.chart_widget - Chart seamlessly updated: QMCO (347 candles)
2026-06-08 22:39:05,260 - INFO - chart_engine.core.ibkr_data_fetcher - Chart data source=IBKR symbol=QMCO interval=60minute from=2026-04-19T13:09:05.260176-04:00 to=2026-06-08T13:09:05.260176-04:00 dedicated_history=True
2026-06-08 22:39:05,261 - INFO - chart_engine.core.ibkr_data_fetcher - Requesting IBKR historical data: QMCO conId=725237355 bar=30 mins duration=50 D end=latest
2026-06-08 22:39:07,162 - INFO - chart_engine.core.ibkr_data_fetcher - Chart data fetch complete source=IBKR symbol=QMCO bars=347
2026-06-08 22:39:07,209 - INFO - chart_engine.drawings - Loaded global chart settings.
2026-06-08 22:39:07,213 - INFO - chart_engine.drawings - Saved global chart settings.
2026-06-08 22:39:07,222 - INFO - ibkr.core.main_window - Ensured subscription for chart symbol QMCO
2026-06-08 22:39:07,224 - INFO - chart_engine.core.chart_widget - Chart seamlessly updated: QMCO (347 candles)
2026-06-08 22:40:05,259 - INFO - chart_engine.core.ibkr_data_fetcher - Chart data source=IBKR symbol=QMCO interval=60minute from=2026-04-19T13:10:05.259548-04:00 to=2026-06-08T13:10:05.259548-04:00 dedicated_history=True
2026-06-08 22:40:05,261 - INFO - chart_engine.core.ibkr_data_fetcher - Requesting IBKR historical data: QMCO conId=725237355 bar=30 mins duration=50 D end=latest
2026-06-08 22:40:06,912 - INFO - chart_engine.core.ibkr_data_fetcher - Chart data fetch complete source=IBKR symbol=QMCO bars=347
2026-06-08 22:40:06,947 - INFO - chart_engine.drawings - Loaded global chart settings.
2026-06-08 22:40:06,948 - INFO - chart_engine.drawings - Saved global chart settings.
2026-06-08 22:40:06,953 - INFO - ibkr.core.main_window - Ensured subscription for chart symbol QMCO
2026-06-08 22:40:06,953 - INFO - chart_engine.core.chart_widget - Chart seamlessly updated: QMCO (347 candles)
2026-06-08 22:41:05,262 - INFO - chart_engine.core.ibkr_data_fetcher - Chart data source=IBKR symbol=QMCO interval=60minute from=2026-04-19T13:11:05.262729-04:00 to=2026-06-08T13:11:05.262729-04:00 dedicated_history=True
2026-06-08 22:41:05,264 - INFO - chart_engine.core.ibkr_data_fetcher - Requesting IBKR historical data: QMCO conId=725237355 bar=30 mins duration=50 D end=latest
2026-06-08 22:41:07,480 - INFO - chart_engine.core.ibkr_data_fetcher - Chart data fetch complete source=IBKR symbol=QMCO bars=347
2026-06-08 22:41:07,514 - INFO - chart_engine.drawings - Loaded global chart settings.
2026-06-08 22:41:07,515 - INFO - chart_engine.drawings - Saved global chart settings.
2026-06-08 22:41:07,522 - INFO - ibkr.core.main_window - Ensured subscription for chart symbol QMCO
2026-06-08 22:41:07,522 - INFO - chart_engine.core.chart_widget - Chart seamlessly updated: QMCO (347 candles)
2026-06-08 22:42:04,261 - INFO - chart_engine.core.ibkr_data_fetcher - Chart data source=IBKR symbol=QMCO interval=60minute from=2026-04-19T13:12:04.261032-04:00 to=2026-06-08T13:12:04.261032-04:00 dedicated_history=True
2026-06-08 22:42:04,263 - INFO - chart_engine.core.ibkr_data_fetcher - Requesting IBKR historical data: QMCO conId=725237355 bar=30 mins duration=50 D end=latest
2026-06-08 22:42:05,975 - INFO - chart_engine.core.ibkr_data_fetcher - Chart data fetch complete source=IBKR symbol=QMCO bars=347
2026-06-08 22:42:06,029 - INFO - chart_engine.drawings - Loaded global chart settings.
2026-06-08 22:42:06,030 - INFO - chart_engine.drawings - Saved global chart settings.
2026-06-08 22:42:06,038 - INFO - ibkr.core.main_window - Ensured subscription for chart symbol QMCO
2026-06-08 22:42:06,038 - INFO - chart_engine.core.chart_widget - Chart seamlessly updated: QMCO (347 candles)
2026-06-08 22:43:05,261 - INFO - chart_engine.core.ibkr_data_fetcher - Chart data source=IBKR symbol=QMCO interval=60minute from=2026-04-19T13:13:05.261151-04:00 to=2026-06-08T13:13:05.261151-04:00 dedicated_history=True
2026-06-08 22:43:05,262 - INFO - chart_engine.core.ibkr_data_fetcher - Requesting IBKR historical data: QMCO conId=725237355 bar=30 mins duration=50 D end=latest
2026-06-08 22:43:07,025 - INFO - chart_engine.core.ibkr_data_fetcher - Chart data fetch complete source=IBKR symbol=QMCO bars=347
2026-06-08 22:43:07,061 - INFO - chart_engine.drawings - Loaded global chart settings.
2026-06-08 22:43:07,062 - INFO - chart_engine.drawings - Saved global chart settings.
2026-06-08 22:43:07,066 - INFO - ibkr.core.main_window - Ensured subscription for chart symbol QMCO
2026-06-08 22:43:07,066 - INFO - chart_engine.core.chart_widget - Chart seamlessly updated: QMCO (347 candles)
2026-06-08 22:44:05,260 - INFO - chart_engine.core.ibkr_data_fetcher - Chart data source=IBKR symbol=QMCO interval=60minute from=2026-04-19T13:14:05.260500-04:00 to=2026-06-08T13:14:05.260500-04:00 dedicated_history=True
2026-06-08 22:44:05,261 - INFO - chart_engine.core.ibkr_data_fetcher - Requesting IBKR historical data: QMCO conId=725237355 bar=30 mins duration=50 D end=latest
2026-06-08 22:44:07,553 - INFO - chart_engine.core.ibkr_data_fetcher - Chart data fetch complete source=IBKR symbol=QMCO bars=347
2026-06-08 22:44:07,618 - INFO - chart_engine.drawings - Loaded global chart settings.
2026-06-08 22:44:07,619 - INFO - chart_engine.drawings - Saved global chart settings.
2026-06-08 22:44:07,623 - INFO - ibkr.core.main_window - Ensured subscription for chart symbol QMCO
2026-06-08 22:44:07,626 - INFO - chart_engine.core.chart_widget - Chart seamlessly updated: QMCO (347 candles)
2026-06-08 22:45:04,259 - INFO - chart_engine.core.ibkr_data_fetcher - Chart data source=IBKR symbol=QMCO interval=60minute from=2026-04-19T13:15:04.259500-04:00 to=2026-06-08T13:15:04.259500-04:00 dedicated_history=True
2026-06-08 22:45:04,260 - INFO - chart_engine.core.ibkr_data_fetcher - Requesting IBKR historical data: QMCO conId=725237355 bar=30 mins duration=50 D end=latest
2026-06-08 22:45:06,463 - INFO - chart_engine.core.ibkr_data_fetcher - Chart data fetch complete source=IBKR symbol=QMCO bars=347
2026-06-08 22:45:06,499 - INFO - chart_engine.drawings - Loaded global chart settings.
2026-06-08 22:45:06,500 - INFO - chart_engine.drawings - Saved global chart settings.
2026-06-08 22:45:06,504 - INFO - ibkr.core.main_window - Ensured subscription for chart symbol QMCO
2026-06-08 22:45:06,504 - INFO - chart_engine.core.chart_widget - Chart seamlessly updated: QMCO (347 candles)
2026-06-08 22:46:04,263 - INFO - chart_engine.core.ibkr_data_fetcher - Chart data source=IBKR symbol=QMCO interval=60minute from=2026-04-19T13:16:04.263655-04:00 to=2026-06-08T13:16:04.263655-04:00 dedicated_history=True
2026-06-08 22:46:04,264 - INFO - chart_engine.core.ibkr_data_fetcher - Requesting IBKR historical data: QMCO conId=725237355 bar=30 mins duration=50 D end=latest
2026-06-08 22:46:06,193 - INFO - chart_engine.core.ibkr_data_fetcher - Chart data fetch complete source=IBKR symbol=QMCO bars=347
2026-06-08 22:46:06,228 - INFO - chart_engine.drawings - Loaded global chart settings.
2026-06-08 22:46:06,229 - INFO - chart_engine.drawings - Saved global chart settings.
2026-06-08 22:46:06,234 - INFO - ibkr.core.main_window - Ensured subscription for chart symbol QMCO
2026-06-08 22:46:06,234 - INFO - chart_engine.core.chart_widget - Chart seamlessly updated: QMCO (347 candles)
2026-06-08 22:47:05,260 - INFO - chart_engine.core.ibkr_data_fetcher - Chart data source=IBKR symbol=QMCO interval=60minute from=2026-04-19T13:17:05.260251-04:00 to=2026-06-08T13:17:05.260251-04:00 dedicated_history=True
2026-06-08 22:47:05,261 - INFO - chart_engine.core.ibkr_data_fetcher - Requesting IBKR historical data: QMCO conId=725237355 bar=30 mins duration=50 D end=latest
2026-06-08 22:47:07,506 - INFO - chart_engine.core.ibkr_data_fetcher - Chart data fetch complete source=IBKR symbol=QMCO bars=347
2026-06-08 22:47:07,562 - INFO - chart_engine.drawings - Loaded global chart settings.
2026-06-08 22:47:07,563 - INFO - chart_engine.drawings - Saved global chart settings.
2026-06-08 22:47:07,569 - INFO - ibkr.core.main_window - Ensured subscription for chart symbol QMCO
2026-06-08 22:47:07,570 - INFO - chart_engine.core.chart_widget - Chart seamlessly updated: QMCO (347 candles)
2026-06-08 22:48:04,260 - INFO - chart_engine.core.ibkr_data_fetcher - Chart data source=IBKR symbol=QMCO interval=60minute from=2026-04-19T13:18:04.260007-04:00 to=2026-06-08T13:18:04.260007-04:00 dedicated_history=True
2026-06-08 22:48:04,261 - INFO - chart_engine.core.ibkr_data_fetcher - Requesting IBKR historical data: QMCO conId=725237355 bar=30 mins duration=50 D end=latest
2026-06-08 22:48:06,587 - INFO - chart_engine.core.ibkr_data_fetcher - Chart data fetch complete source=IBKR symbol=QMCO bars=347
2026-06-08 22:48:06,635 - INFO - chart_engine.drawings - Loaded global chart settings.
2026-06-08 22:48:06,636 - INFO - chart_engine.drawings - Saved global chart settings.
2026-06-08 22:48:06,642 - INFO - ibkr.core.main_window - Ensured subscription for chart symbol QMCO
2026-06-08 22:48:06,643 - INFO - chart_engine.core.chart_widget - Chart seamlessly updated: QMCO (347 candles)
2026-06-08 22:49:04,260 - INFO - chart_engine.core.ibkr_data_fetcher - Chart data source=IBKR symbol=QMCO interval=60minute from=2026-04-19T13:19:04.260269-04:00 to=2026-06-08T13:19:04.260269-04:00 dedicated_history=True
2026-06-08 22:49:04,261 - INFO - chart_engine.core.ibkr_data_fetcher - Requesting IBKR historical data: QMCO conId=725237355 bar=30 mins duration=50 D end=latest
2026-06-08 22:49:06,143 - INFO - chart_engine.core.ibkr_data_fetcher - Chart data fetch complete source=IBKR symbol=QMCO bars=347
2026-06-08 22:49:06,175 - INFO - chart_engine.drawings - Loaded global chart settings.
2026-06-08 22:49:06,177 - INFO - chart_engine.drawings - Saved global chart settings.
2026-06-08 22:49:06,182 - INFO - ibkr.core.main_window - Ensured subscription for chart symbol QMCO
2026-06-08 22:49:06,182 - INFO - chart_engine.core.chart_widget - Chart seamlessly updated: QMCO (347 candles)
2026-06-08 22:50:04,183 - INFO - ibkr.core.shutdown_manager - closeEvent received — beginning fast IBKR shutdown
2026-06-08 22:50:04,185 - INFO - ibkr.core.shutdown_manager - === Fast IBKR window-close shutdown starting ===
2026-06-08 22:50:04,186 - INFO - ibkr.core.shutdown_manager - Shutdown: [save_window_state]…
2026-06-08 22:50:04,189 - INFO - ibkr.core.main_window - Window state saved
2026-06-08 22:50:04,190 - INFO - ibkr.core.shutdown_manager - Shutdown: [save_window_state] ✓
2026-06-08 22:50:04,193 - INFO - ibkr.core.shutdown_manager - Shutdown: [save_chart_state]…
2026-06-08 22:50:04,213 - INFO - ibkr.core.shutdown_manager - Shutdown: [save_chart_state] ✓
2026-06-08 22:50:04,213 - INFO - ibkr.core.shutdown_manager - Shutdown: [stop_remaining_timers]…
2026-06-08 22:50:04,240 - INFO - ibkr.core.shutdown_manager - Shutdown: [stop_remaining_timers] ✓
2026-06-08 22:50:04,240 - INFO - ibkr.core.shutdown_manager - === Fast IBKR window-close shutdown complete ===
2026-06-08 22:50:04,259 - INFO - __main__ - Shutting down and cleaning up resources...
2026-06-08 22:50:04,259 - INFO - __main__ - Skipping broker disconnect during fast window-close shutdown.
2026-06-08 22:50:04,259 - INFO - __main__ - Cleanup complete.
