2026-06-10 23:46:37,081 - INFO - login_setup.login_setup_config - qullamaggie v1.0.0 starting...
2026-06-10 23:46:37,081 - INFO - login_setup.login_setup_config - Logging to file: /home/kavi/Desktop/Python_Projects/swing_trader/logs/qullamaggie_20260610_234637.log
2026-06-10 23:46:37,081 - INFO - login_setup.login_setup_config - Fatal crash diagnostics enabled for all threads.
2026-06-10 23:46:37,081 - INFO - __main__ - 🚀 Starting qullamaggie Application...
2026-06-10 23:46:37,219 - INFO - __main__ - Application icon loaded from: /home/kavi/Desktop/Python_Projects/swing_trader/assets/qullamaggie_swing_trader_icon.svg
2026-06-10 23:46:39,130 - INFO - ib_insync.client - Connecting to 127.0.0.1:4002 with clientId 1...
2026-06-10 23:46:39,132 - INFO - ib_insync.client - Connected
2026-06-10 23:46:39,148 - INFO - ib_insync.client - Logged on to server version 176
2026-06-10 23:46:39,187 - INFO - ib_insync.client - API connection ready
2026-06-10 23:46:39,632 - INFO - __main__ - Authenticated for broker: america
2026-06-10 23:46:39,632 - INFO - __main__ - Initializing trading and data clients...
2026-06-10 23:46:39,633 - INFO - login_setup.broker_factory - Creating america client for live trading
2026-06-10 23:46:39,633 - INFO - login_setup.broker_factory - IBKR client created with accounts: ['DUQ624205']
2026-06-10 23:46:39,639 - INFO - ibkr.core.trading_client - Subscribed to IBKR real-time order events
2026-06-10 23:46:39,639 - INFO - ibkr.core.trading_client - IBKR trading client startup snapshots deferred; using local cache/event sync
2026-06-10 23:46:39,640 - INFO - __main__ - Trading client created; creating data client...
2026-06-10 23:46:39,640 - INFO - login_setup.broker_factory - Creating data client for america
2026-06-10 23:46:39,640 - INFO - __main__ - Data client created; validating connection state...
2026-06-10 23:46:39,641 - INFO - __main__ - Trading client connected: True
2026-06-10 23:46:39,642 - INFO - __main__ - Data client connected: True
2026-06-10 23:46:39,642 - INFO - __main__ - Clients initialized successfully.
2026-06-10 23:46:39,642 - INFO - login_setup.broker_factory - Added america client to manager
2026-06-10 23:46:39,643 - INFO - login_setup.broker_factory - Started connection monitoring for america
2026-06-10 23:46:39,643 - INFO - __main__ - Creating main window for america...
2026-06-10 23:46:39,643 - INFO - login_setup.broker_factory - Dynamically loading main window from: ibkr.core.main_window
2026-06-10 23:46:40,632 - INFO - ibkr.core.trade_logger - Trade history database for 'live' mode at: /home/kavi/.qullamaggie/trade_history_live.db
2026-06-10 23:46:40,633 - INFO - ibkr.core.trade_logger - TradeLogger initialized with background processing
2026-06-10 23:46:40,634 - INFO - ibkr.core.trade_logger - DatabaseWorker processing started
2026-06-10 23:46:40,637 - INFO - ibkr.core.position_manager - ✅ Connected to trader.order_status_updated signal - orders will sync immediately
2026-06-10 23:46:40,637 - INFO - ibkr.core.position_manager - ✅ Connected to trader.position_updated signal - positions will sync immediately
2026-06-10 23:46:40,637 - INFO - ibkr.core.position_manager - ✅ Connected to trader.connection_status_changed signal
2026-06-10 23:46:40,638 - INFO - ibkr.core.trade_logger - Database initialization completed
2026-06-10 23:46:40,641 - INFO - ibkr.core.stop_loss_manager - Restored 1 active SL record(s) from database
2026-06-10 23:46:40,693 - INFO - ibkr.widgets.scanner_table - Loaded 19 valid scan configurations
2026-06-10 23:46:40,707 - INFO - ibkr.widgets.scanner_table - Scanner table ready for context-aware navigation
2026-06-10 23:46:40,714 - INFO - chart_engine.drawings - Loaded global chart settings.
2026-06-10 23:46:41,034 - INFO - ibkr.core.data_cache - MarketAwareDataCache initialised for IBKR/US market time
2026-06-10 23:46:41,126 - INFO - chart_engine.drawings - Saved global chart settings.
2026-06-10 23:46:41,336 - INFO - ibkr.core.alert_management_system - Loaded 0 alerts from disk
2026-06-10 23:46:41,337 - INFO - ibkr.core.alert_management_system - AlertSystemManager ready
2026-06-10 23:46:41,338 - INFO - ibkr.core.main_window - Alert system initialized successfully.
2026-06-10 23:46:41,338 - INFO - ibkr.core.alert_management_system - AlertEngine started
2026-06-10 23:46:41,338 - INFO - ibkr.core.main_window - Connecting component signals...
2026-06-10 23:46:41,339 - INFO - ibkr.core.main_window - IBKR order lifecycle UI signals connected
2026-06-10 23:46:41,344 - INFO - ibkr.core.main_window - Keyboard shortcuts initialized
2026-06-10 23:46:41,477 - INFO - ibkr.core.main_window - Window state restored
2026-06-10 23:46:41,507 - INFO - ibkr.core.main_window - Applied startup chart timeframes: left=day, right=60minute
2026-06-10 23:46:41,507 - INFO - ibkr.core.main_window - Simplified qullamaggie Window with Status Bar Initialized Successfully.
2026-06-10 23:46:41,507 - INFO - __main__ - Main window created successfully.
2026-06-10 23:46:41,576 - INFO - __main__ - Starting application event loop.
2026-06-10 23:46:42,105 - INFO - ibkr.core.main_window - Starting deferred IBKR post-show workers
2026-06-10 23:46:42,106 - INFO - chart_engine.core.ibkr_data_fetcher - Pre-warming dedicated IBKR history connection...
2026-06-10 23:46:42,109 - INFO - ib_insync.client - Connecting to 127.0.0.1:4002 with clientId 102...
2026-06-10 23:46:42,120 - INFO - ib_insync.client - Connecting to 127.0.0.1:4002 with clientId 101...
2026-06-10 23:46:42,155 - INFO - ibkr.core.main_window - IBKR loader: Building initial instrument list...
2026-06-10 23:46:42,546 - INFO - ibkr.core.main_window - Successfully loaded 228 instruments.
2026-06-10 23:46:42,547 - INFO - ibkr.widgets.header_toolbar - Search index ready: 228 instruments
2026-06-10 23:46:42,551 - INFO - ibkr.core.main_window - Instruments loaded successfully.
2026-06-10 23:46:42,553 - INFO - ibkr.core.main_window - IBKR loader: Loaded 181 symbols (qualifying in background...)
2026-06-10 23:46:42,589 - INFO - ibkr.widgets.scanner_table - Running EOD Finviz scan: Computer Hardware
2026-06-10 23:46:42,835 - INFO - ibkr.core.main_window - Subscription universe changed: 2 instruments (0 token-backed, +2/-0) sources={'header': 2}
2026-06-10 23:46:43,451 - INFO - chart_engine.core.ibkr_data_fetcher - IBKR chart history connected on 127.0.0.1:4002 clientId=102
2026-06-10 23:46:43,540 - INFO - ibkr.core.market_data_worker - Dedicated IBKR market-data connection established on 127.0.0.1:4002 clientId=101
2026-06-10 23:46:43,540 - INFO - ibkr.core.market_data_worker - IBKR MarketDataWorker started
2026-06-10 23:46:43,541 - WARNING - ibkr.core.main_window - IBKR market data is delayed (delayed); live subscription is unavailable.
2026-06-10 23:46:43,544 - INFO - ibkr.core.market_data_worker - Requested IBKR delayed market data type (3); delayed fallback=False; generic ticks=''
2026-06-10 23:46:43,557 - INFO - ibkr.core.main_window - WebSocket connected. Setting up subscriptions.
2026-06-10 23:46:43,558 - INFO - ibkr.core.stop_loss_manager - Stop-loss opening-gap check enabled after market-data worker connection
2026-06-10 23:46:43,559 - INFO - ibkr.core.position_manager - Fetching positions from broker - Reason: ibkr_connected
2026-06-10 23:46:43,582 - INFO - ibkr.core.main_window - Added 20 widget market-data subscriptions (20 token-backed)
2026-06-10 23:46:43,588 - INFO - ibkr.core.position_manager - Position table changed: 20 open positions | open MTM -38156.21 | realized 0.00
2026-06-10 23:46:43,639 - INFO - ibkr.core.position_manager - Fetching positions from broker - Reason: instruments_loaded
2026-06-10 23:46:43,681 - INFO - ibkr.core.main_window - Chart auto-loading initiated
2026-06-10 23:46:43,718 - INFO - ibkr.core.main_window - Auto-loading startup chart symbol: BAX
2026-06-10 23:46:43,770 - INFO - chart_engine.core.ibkr_data_fetcher - Chart data source=IBKR symbol=BAX interval=day from=2026-03-02T14:16:43.770262-05:00 to=2026-06-10T14:16:43.770262-04:00 dedicated_history=True
2026-06-10 23:46:43,779 - INFO - chart_engine.core.ibkr_data_fetcher - Chart data source=IBKR symbol=BAX interval=60minute from=2026-04-21T14:16:43.779604-04:00 to=2026-06-10T14:16:43.779604-04:00 dedicated_history=True
2026-06-10 23:46:43,918 - INFO - ibkr.core.main_window - Subscription universe changed: 23 instruments (20 token-backed, +21/-0) sources={'positions': 20, 'charts': 2, 'header': 2}
2026-06-10 23:46:44,103 - INFO - ibkr.core.position_manager - Fetching positions from broker - Reason: app_startup
2026-06-10 23:46:44,121 - INFO - ibkr.core.market_data_worker - Subscribed IBKR market data: SPY key=756733 type=delayed
2026-06-10 23:46:44,123 - INFO - ibkr.core.market_data_worker - Subscribed IBKR market data: QQQ key=320227571 type=delayed
2026-06-10 23:46:44,124 - INFO - chart_engine.core.ibkr_data_fetcher - Requesting IBKR historical data: BAX conId=8111188 bar=1 day duration=100 D end=latest
2026-06-10 23:46:44,172 - INFO - chart_engine.core.ibkr_data_fetcher - Requesting IBKR historical data: BAX conId=8111188 bar=30 mins duration=50 D end=latest
2026-06-10 23:46:44,176 - INFO - ibkr.core.main_window - Position system initialized successfully
2026-06-10 23:46:44,255 - INFO - ibkr.widgets.scanner_table - EOD Scan completed: 19 symbols with complete data
2026-06-10 23:46:44,331 - INFO - ibkr.widgets.scanner_table - EOD Scanner table updated with 19 symbols.
2026-06-10 23:46:44,528 - WARNING - ibkr.core.market_data_worker - IBKR market data notice for SPY: Requested market data is not subscribed. Displaying delayed market data. (10167)
2026-06-10 23:46:44,607 - INFO - ibkr.core.network_monitor - NetworkMonitor started
2026-06-10 23:46:44,608 - INFO - ibkr.core.main_window - Network resilience layer initialized
2026-06-10 23:46:44,609 - INFO - ibkr.core.main_window - Added 1 widget market-data subscriptions (0 token-backed)
2026-06-10 23:46:44,806 - WARNING - ibkr.core.market_data_worker - IBKR market data notice for QQQ: Requested market data is not subscribed. Displaying delayed market data. (10167)
2026-06-10 23:46:45,008 - INFO - chart_engine.core.ibkr_data_fetcher - Chart data fetch complete source=IBKR symbol=BAX bars=71
2026-06-10 23:46:45,892 - INFO - chart_engine.core.ibkr_data_fetcher - Chart data fetch complete source=IBKR symbol=BAX bars=348
2026-06-10 23:46:46,699 - INFO - ibkr.core.market_data_worker - Subscribed IBKR market data: NVDA key=4815747 type=delayed
2026-06-10 23:46:46,699 - INFO - ibkr.core.market_data_worker - Subscribed IBKR market data: TACT key=6858145 type=delayed
2026-06-10 23:46:46,700 - INFO - ibkr.core.market_data_worker - Subscribed IBKR market data: BAX key=8111188 type=delayed
2026-06-10 23:46:46,700 - INFO - ibkr.core.market_data_worker - Subscribed IBKR market data: UMC key=46613372 type=delayed
2026-06-10 23:46:46,700 - INFO - ibkr.core.market_data_worker - Subscribed IBKR market data: TSLA key=76792991 type=delayed
2026-06-10 23:46:46,701 - INFO - ibkr.core.market_data_worker - Subscribed IBKR market data: PTCT key=129374415 type=delayed
2026-06-10 23:46:46,701 - INFO - ibkr.core.market_data_worker - Subscribed IBKR market data: HPQ key=209411801 type=delayed
2026-06-10 23:46:46,701 - INFO - ibkr.core.market_data_worker - Subscribed IBKR market data: DELL key=346218218 type=delayed
2026-06-10 23:46:46,702 - INFO - ibkr.core.market_data_worker - Subscribed IBKR market data: MTA key=395717235 type=delayed
2026-06-10 23:46:46,702 - INFO - ibkr.core.market_data_worker - Subscribed IBKR market data: DRS key=478483396 type=delayed
2026-06-10 23:46:46,702 - INFO - ibkr.core.market_data_worker - Subscribed IBKR market data: RDW key=512000171 type=delayed
2026-06-10 23:46:46,703 - INFO - ibkr.core.market_data_worker - Subscribed IBKR market data: IONQ key=517593749 type=delayed
2026-06-10 23:46:46,703 - INFO - ibkr.core.market_data_worker - Subscribed IBKR market data: GFS key=523222624 type=delayed
2026-06-10 23:46:46,703 - INFO - ibkr.core.market_data_worker - Subscribed IBKR market data: QBTS key=578031277 type=delayed
2026-06-10 23:46:46,704 - INFO - ibkr.core.market_data_worker - Subscribed IBKR market data: LUNR key=613910262 type=delayed
2026-06-10 23:46:46,704 - INFO - ibkr.core.market_data_worker - Subscribed IBKR market data: SIDU key=673368857 type=delayed
2026-06-10 23:46:46,704 - INFO - ibkr.core.market_data_worker - Subscribed IBKR market data: DPRO key=725468685 type=delayed
2026-06-10 23:46:46,705 - INFO - ibkr.core.market_data_worker - Subscribed IBKR market data: SNDK key=760250490 type=delayed
2026-06-10 23:46:46,705 - INFO - ibkr.core.market_data_worker - Subscribed IBKR market data: RKLB key=787273575 type=delayed
2026-06-10 23:46:46,705 - INFO - ibkr.core.market_data_worker - Subscribed IBKR market data: SPRC key=860471331 type=delayed
2026-06-10 23:46:47,329 - WARNING - ibkr.core.market_data_worker - IBKR market data notice for NVDA: Requested market data is not subscribed. Displaying delayed market data. (10167)
2026-06-10 23:46:47,830 - WARNING - ibkr.core.market_data_worker - IBKR market data notice for TACT: Requested market data is not subscribed. Displaying delayed market data. (10167)
2026-06-10 23:46:48,054 - WARNING - ibkr.core.market_data_worker - IBKR market data notice for BAX: Requested market data is not subscribed. Displaying delayed market data. (10167)
2026-06-10 23:46:48,058 - WARNING - ibkr.core.market_data_worker - IBKR market data notice for UMC: Requested market data is not subscribed. Displaying delayed market data. (10167)
2026-06-10 23:46:48,098 - WARNING - ibkr.core.market_data_worker - IBKR market data notice for TSLA: Requested market data is not subscribed. Displaying delayed market data. (10167)
2026-06-10 23:46:48,099 - WARNING - ibkr.core.market_data_worker - IBKR market data notice for PTCT: Requested market data is not subscribed. Displaying delayed market data. (10167)
2026-06-10 23:46:48,178 - WARNING - ibkr.core.market_data_worker - IBKR market data notice for HPQ: Requested market data is not subscribed. Displaying delayed market data. (10167)
2026-06-10 23:46:48,220 - WARNING - ibkr.core.market_data_worker - IBKR market data notice for DELL: Requested market data is not subscribed. Displaying delayed market data. (10167)
2026-06-10 23:46:48,221 - WARNING - ibkr.core.market_data_worker - IBKR market data notice for MTA: Requested market data is not subscribed. Displaying delayed market data. (10167)
2026-06-10 23:46:48,221 - WARNING - ibkr.core.market_data_worker - IBKR market data notice for DRS: Requested market data is not subscribed. Displaying delayed market data. (10167)
2026-06-10 23:46:48,221 - WARNING - ibkr.core.market_data_worker - IBKR market data notice for RDW: Requested market data is not subscribed. Displaying delayed market data. (10167)
2026-06-10 23:46:48,221 - WARNING - ibkr.core.market_data_worker - IBKR market data notice for IONQ: Requested market data is not subscribed. Displaying delayed market data. (10167)
2026-06-10 23:46:48,221 - WARNING - ibkr.core.market_data_worker - IBKR market data notice for GFS: Requested market data is not subscribed. Displaying delayed market data. (10167)
2026-06-10 23:46:48,221 - WARNING - ibkr.core.market_data_worker - IBKR market data notice for QBTS: Requested market data is not subscribed. Displaying delayed market data. (10167)
2026-06-10 23:46:48,222 - WARNING - ibkr.core.market_data_worker - IBKR market data notice for LUNR: Requested market data is not subscribed. Displaying delayed market data. (10167)
2026-06-10 23:46:48,222 - WARNING - ibkr.core.market_data_worker - IBKR market data notice for SIDU: Requested market data is not subscribed. Displaying delayed market data. (10167)
2026-06-10 23:46:48,222 - WARNING - ibkr.core.market_data_worker - IBKR market data notice for DPRO: Requested market data is not subscribed. Displaying delayed market data. (10167)
2026-06-10 23:46:48,222 - WARNING - ibkr.core.market_data_worker - IBKR market data notice for SNDK: Requested market data is not subscribed. Displaying delayed market data. (10167)
2026-06-10 23:46:48,222 - WARNING - ibkr.core.market_data_worker - IBKR market data notice for RKLB: Requested market data is not subscribed. Displaying delayed market data. (10167)
2026-06-10 23:46:48,223 - WARNING - ibkr.core.market_data_worker - IBKR market data notice for SPRC: Requested market data is not subscribed. Displaying delayed market data. (10167)
2026-06-10 23:47:15,047 - WARNING - __main__ - Signal 2 received, initiating shutdown.
