2026-06-11 00:21:49,239 - INFO - login_setup.login_setup_config - qullamaggie v1.0.0 starting...
2026-06-11 00:21:49,240 - INFO - login_setup.login_setup_config - Logging to file: /home/kavi/Desktop/Python_Projects/swing_trader/logs/qullamaggie_20260611_002149.log
2026-06-11 00:21:49,240 - INFO - login_setup.login_setup_config - Fatal crash diagnostics enabled for all threads.
2026-06-11 00:21:49,240 - INFO - __main__ - 🚀 Starting qullamaggie Application...
2026-06-11 00:21:49,394 - INFO - __main__ - Application icon loaded from: /home/kavi/Desktop/Python_Projects/swing_trader/assets/qullamaggie_swing_trader_icon.svg
2026-06-11 00:21:51,748 - INFO - ib_insync.client - Connecting to 127.0.0.1:4002 with clientId 1...
2026-06-11 00:21:51,750 - INFO - ib_insync.client - Connected
2026-06-11 00:21:51,763 - INFO - ib_insync.client - Logged on to server version 176
2026-06-11 00:21:51,805 - INFO - ib_insync.client - API connection ready
2026-06-11 00:21:52,006 - INFO - __main__ - Authenticated for broker: america
2026-06-11 00:21:52,007 - INFO - __main__ - Initializing trading and data clients...
2026-06-11 00:21:52,007 - INFO - login_setup.broker_factory - Creating america client for live trading
2026-06-11 00:21:52,007 - INFO - login_setup.broker_factory - IBKR client created with accounts: ['DUQ624205']
2026-06-11 00:21:52,018 - INFO - ibkr.core.trading_client - Subscribed to IBKR real-time order events
2026-06-11 00:21:52,019 - INFO - ibkr.core.trading_client - IBKR trading client startup snapshots deferred; using local cache/event sync
2026-06-11 00:21:52,019 - INFO - __main__ - Trading client created; creating data client...
2026-06-11 00:21:52,019 - INFO - login_setup.broker_factory - Creating data client for america
2026-06-11 00:21:52,020 - INFO - __main__ - Data client created; validating connection state...
2026-06-11 00:21:52,020 - INFO - __main__ - Trading client connected: True
2026-06-11 00:21:52,020 - INFO - __main__ - Data client connected: True
2026-06-11 00:21:52,020 - INFO - __main__ - Clients initialized successfully.
2026-06-11 00:21:52,020 - INFO - login_setup.broker_factory - Added america client to manager
2026-06-11 00:21:52,021 - INFO - login_setup.broker_factory - Started connection monitoring for america
2026-06-11 00:21:52,021 - INFO - __main__ - Creating main window for america...
2026-06-11 00:21:52,021 - INFO - login_setup.broker_factory - Dynamically loading main window from: ibkr.core.main_window
2026-06-11 00:21:52,907 - INFO - ibkr.core.trade_logger - Trade history database for 'live' mode at: /home/kavi/.qullamaggie/trade_history_live.db
2026-06-11 00:21:52,908 - INFO - ibkr.core.trade_logger - TradeLogger initialized with background processing
2026-06-11 00:21:52,911 - INFO - ibkr.core.trade_logger - DatabaseWorker processing started
2026-06-11 00:21:52,912 - INFO - ibkr.core.position_manager - ✅ Connected to trader.order_status_updated signal - orders will sync immediately
2026-06-11 00:21:52,913 - INFO - ibkr.core.position_manager - ✅ Connected to trader.position_updated signal - positions will sync immediately
2026-06-11 00:21:52,913 - INFO - ibkr.core.position_manager - ✅ Connected to trader.connection_status_changed signal
2026-06-11 00:21:52,916 - INFO - ibkr.core.trade_logger - Database initialization completed
2026-06-11 00:21:52,967 - INFO - ibkr.widgets.scanner_table - Loaded 19 valid scan configurations
2026-06-11 00:21:52,981 - INFO - ibkr.widgets.scanner_table - Scanner table ready for context-aware navigation
2026-06-11 00:21:52,988 - INFO - chart_engine.drawings - Loaded global chart settings.
2026-06-11 00:21:53,331 - INFO - ibkr.core.data_cache - MarketAwareDataCache initialised for IBKR/US market time
2026-06-11 00:21:53,427 - INFO - chart_engine.drawings - Saved global chart settings.
2026-06-11 00:21:53,630 - INFO - ibkr.core.alert_management_system - Loaded 0 alerts from disk
2026-06-11 00:21:53,630 - INFO - ibkr.core.alert_management_system - AlertSystemManager ready
2026-06-11 00:21:53,631 - INFO - ibkr.core.alert_management_system - AlertEngine started
2026-06-11 00:21:53,631 - INFO - ibkr.core.main_window - Alert system initialized successfully.
2026-06-11 00:21:53,631 - INFO - ibkr.core.main_window - Connecting component signals...
2026-06-11 00:21:53,632 - INFO - ibkr.core.main_window - IBKR order lifecycle UI signals connected
2026-06-11 00:21:53,637 - INFO - ibkr.core.main_window - Keyboard shortcuts initialized
2026-06-11 00:21:53,764 - INFO - ibkr.core.main_window - Window state restored
2026-06-11 00:21:53,795 - INFO - ibkr.core.main_window - Applied startup chart timeframes: left=day, right=60minute
2026-06-11 00:21:53,795 - INFO - ibkr.core.main_window - Simplified qullamaggie Window with Status Bar Initialized Successfully.
2026-06-11 00:21:53,795 - INFO - __main__ - Main window created successfully.
2026-06-11 00:21:53,861 - INFO - __main__ - Starting application event loop.
2026-06-11 00:21:54,367 - INFO - ibkr.core.main_window - Starting deferred IBKR post-show workers
2026-06-11 00:21:54,368 - INFO - chart_engine.core.ibkr_data_fetcher - Pre-warming dedicated IBKR history connection...
2026-06-11 00:21:54,370 - INFO - ib_insync.client - Connecting to 127.0.0.1:4002 with clientId 102...
2026-06-11 00:21:54,385 - INFO - ib_insync.client - Connecting to 127.0.0.1:4002 with clientId 101...
2026-06-11 00:21:54,426 - INFO - ibkr.core.main_window - IBKR loader: Building initial instrument list...
2026-06-11 00:21:54,839 - INFO - ibkr.core.main_window - Successfully loaded 398 instruments.
2026-06-11 00:21:54,844 - INFO - ibkr.widgets.header_toolbar - Search index ready: 398 instruments
2026-06-11 00:21:54,861 - INFO - ibkr.core.main_window - Instruments loaded successfully.
2026-06-11 00:21:54,863 - INFO - ibkr.core.main_window - IBKR loader: Loaded 181 symbols (qualifying in background...)
2026-06-11 00:21:54,909 - INFO - ibkr.widgets.scanner_table - Running EOD Finviz scan: Computer Hardware
2026-06-11 00:21:55,126 - INFO - ibkr.core.main_window - Added 21 widget market-data subscriptions (21 token-backed)
2026-06-11 00:21:55,129 - INFO - ibkr.core.chart_lines_manager - Set position line for AMCX: BUY 1000 @ 10.25
2026-06-11 00:21:55,130 - INFO - ibkr.core.chart_lines_manager - Removed stop-loss line for AMCX
2026-06-11 00:21:55,131 - INFO - ibkr.core.chart_lines_manager - Removed stop-loss line for BAX
2026-06-11 00:21:55,132 - INFO - ibkr.core.chart_lines_manager - Removed stop-loss line for DELL
2026-06-11 00:21:55,134 - INFO - ibkr.core.chart_lines_manager - Removed stop-loss line for DPRO
2026-06-11 00:21:55,135 - INFO - ibkr.core.chart_lines_manager - Removed stop-loss line for DRS
2026-06-11 00:21:55,135 - INFO - ibkr.core.chart_lines_manager - Removed stop-loss line for GFS
2026-06-11 00:21:55,136 - INFO - ibkr.core.chart_lines_manager - Removed stop-loss line for HPQ
2026-06-11 00:21:55,137 - INFO - ibkr.core.chart_lines_manager - Removed stop-loss line for IONQ
2026-06-11 00:21:55,137 - INFO - ibkr.core.chart_lines_manager - Removed stop-loss line for LUNR
2026-06-11 00:21:55,138 - INFO - ibkr.core.chart_lines_manager - Removed stop-loss line for MTA
2026-06-11 00:21:55,139 - INFO - ibkr.core.chart_lines_manager - Removed stop-loss line for NVDA
2026-06-11 00:21:55,139 - INFO - ibkr.core.chart_lines_manager - Removed stop-loss line for PTCT
2026-06-11 00:21:55,140 - INFO - ibkr.core.chart_lines_manager - Removed stop-loss line for QBTS
2026-06-11 00:21:55,141 - INFO - ibkr.core.chart_lines_manager - Removed stop-loss line for RDW
2026-06-11 00:21:55,141 - INFO - ibkr.core.chart_lines_manager - Removed stop-loss line for RKLB
2026-06-11 00:21:55,142 - INFO - ibkr.core.chart_lines_manager - Removed stop-loss line for SIDU
2026-06-11 00:21:55,143 - INFO - ibkr.core.chart_lines_manager - Removed stop-loss line for SNDK
2026-06-11 00:21:55,143 - INFO - ibkr.core.chart_lines_manager - Removed stop-loss line for SPRC
2026-06-11 00:21:55,144 - INFO - ibkr.core.chart_lines_manager - Removed stop-loss line for TACT
2026-06-11 00:21:55,145 - INFO - ibkr.core.chart_lines_manager - Removed stop-loss line for TSLA
2026-06-11 00:21:55,145 - INFO - ibkr.core.chart_lines_manager - Removed stop-loss line for UMC
2026-06-11 00:21:55,146 - INFO - ibkr.core.position_manager - Position table changed: 21 open positions | open MTM -44516.24 | realized 0.00
2026-06-11 00:21:55,419 - INFO - ibkr.core.main_window - Subscription universe changed: 24 instruments (21 token-backed, +24/-0) sources={'positions': 21, 'watchlist': 1, 'header': 2}
2026-06-11 00:21:55,467 - INFO - chart_engine.core.ibkr_data_fetcher - IBKR chart history connected on 127.0.0.1:4002 clientId=102
2026-06-11 00:21:55,568 - INFO - ibkr.core.market_data_worker - Dedicated IBKR market-data connection established on 127.0.0.1:4002 clientId=101
2026-06-11 00:21:55,568 - INFO - ibkr.core.market_data_worker - IBKR MarketDataWorker started
2026-06-11 00:21:55,568 - INFO - ibkr.core.market_data_worker - Requested IBKR delayed market data type (3); delayed fallback=False; generic ticks=''
2026-06-11 00:21:55,569 - WARNING - ibkr.core.main_window - IBKR market data is delayed (delayed); live subscription is unavailable.
2026-06-11 00:21:55,569 - INFO - ibkr.core.main_window - WebSocket connected. Setting up subscriptions.
2026-06-11 00:21:55,570 - INFO - ibkr.core.stop_loss_manager - Stop-loss opening-gap check enabled after market-data worker connection
2026-06-11 00:21:55,570 - INFO - ibkr.core.position_manager - Fetching positions from broker - Reason: ibkr_connected
2026-06-11 00:21:55,909 - INFO - ibkr.core.position_manager - Fetching positions from broker - Reason: instruments_loaded
2026-06-11 00:21:55,960 - INFO - ibkr.core.main_window - Chart auto-loading initiated
2026-06-11 00:21:55,981 - INFO - ibkr.core.main_window - Auto-loading startup chart symbol: AMCX
2026-06-11 00:21:55,992 - INFO - chart_engine.core.ibkr_data_fetcher - Chart data source=IBKR symbol=AMCX interval=day from=2026-03-02T14:51:55.992583-05:00 to=2026-06-10T14:51:55.992583-04:00 dedicated_history=True
2026-06-11 00:21:55,993 - INFO - chart_engine.core.ibkr_data_fetcher - Requesting IBKR historical data: AMCX conId=89520835 bar=1 day duration=100 D end=latest
2026-06-11 00:21:56,000 - INFO - chart_engine.core.ibkr_data_fetcher - Chart data source=IBKR symbol=AMCX interval=60minute from=2026-04-21T14:51:56.000716-04:00 to=2026-06-10T14:51:56.000716-04:00 dedicated_history=True
2026-06-11 00:21:56,001 - INFO - chart_engine.core.ibkr_data_fetcher - Requesting IBKR historical data: AMCX conId=89520835 bar=30 mins duration=50 D end=latest
2026-06-11 00:21:56,478 - INFO - ibkr.core.position_manager - Fetching positions from broker - Reason: app_startup
2026-06-11 00:21:56,483 - INFO - ibkr.core.market_data_worker - Subscribed IBKR market data: SPY key=756733 type=delayed
2026-06-11 00:21:56,494 - INFO - ibkr.core.market_data_worker - Subscribed IBKR market data: QQQ key=320227571 type=delayed
2026-06-11 00:21:56,536 - INFO - ibkr.core.main_window - Position system initialized successfully
2026-06-11 00:21:56,648 - INFO - ibkr.core.network_monitor - NetworkMonitor started
2026-06-11 00:21:56,648 - INFO - ibkr.core.main_window - Network resilience layer initialized
2026-06-11 00:21:56,805 - INFO - chart_engine.core.ibkr_data_fetcher - Chart data fetch complete source=IBKR symbol=AMCX bars=71
2026-06-11 00:21:56,887 - INFO - chart_engine.drawings - Loaded state for AMCX (day) — 1 drawings
2026-06-11 00:21:56,900 - WARNING - ibkr.core.market_data_worker - IBKR market data notice for SPY: Requested market data is not subscribed. Displaying delayed market data. (10167)
2026-06-11 00:21:56,934 - INFO - ibkr.core.main_window - Chart panes revealed after initial symbol render: AMCX
2026-06-11 00:21:56,934 - INFO - ibkr.core.main_window - Chart symbol changed to: AMCX
2026-06-11 00:21:56,934 - INFO - ibkr.core.main_window - Added chart symbol AMCX to subscription
2026-06-11 00:21:56,935 - INFO - ibkr.core.main_window - Ensured subscription for chart symbol AMCX
2026-06-11 00:21:56,935 - INFO - chart_engine.core.chart_widget - Chart HTML loaded: AMCX (71 candles)
2026-06-11 00:21:57,179 - WARNING - ibkr.core.market_data_worker - IBKR market data notice for QQQ: Requested market data is not subscribed. Displaying delayed market data. (10167)
2026-06-11 00:21:57,466 - INFO - ibkr.core.network_monitor - Network confirmed online at startup
2026-06-11 00:21:57,592 - INFO - chart_engine.core.ibkr_data_fetcher - Chart data fetch complete source=IBKR symbol=AMCX bars=349
2026-06-11 00:21:57,739 - INFO - ibkr.widgets.scanner_table - EOD Scan completed: 17 symbols with complete data
2026-06-11 00:21:57,778 - INFO - chart_engine.drawings - Loaded state for AMCX (60minute) — 1 drawings
2026-06-11 00:21:57,844 - INFO - chart_engine.core.chart_widget - Chart HTML loaded: AMCX (349 candles)
2026-06-11 00:21:57,950 - INFO - ibkr.widgets.scanner_table - EOD Scanner table updated with 17 symbols.
2026-06-11 00:21:58,481 - INFO - ibkr.core.market_data_worker - Subscribed IBKR market data: NVDA key=4815747 type=delayed
2026-06-11 00:21:58,483 - INFO - ibkr.core.market_data_worker - Subscribed IBKR market data: TACT key=6858145 type=delayed
2026-06-11 00:21:58,484 - INFO - ibkr.core.market_data_worker - Subscribed IBKR market data: BAX key=8111188 type=delayed
2026-06-11 00:21:58,484 - INFO - ibkr.core.market_data_worker - Subscribed IBKR market data: UMC key=46613372 type=delayed
2026-06-11 00:21:58,484 - INFO - ibkr.core.market_data_worker - Subscribed IBKR market data: TSLA key=76792991 type=delayed
2026-06-11 00:21:58,485 - INFO - ibkr.core.market_data_worker - Subscribed IBKR market data: AMCX key=89520835 type=delayed
2026-06-11 00:21:58,485 - INFO - ibkr.core.market_data_worker - Subscribed IBKR market data: PTCT key=129374415 type=delayed
2026-06-11 00:21:58,486 - INFO - ibkr.core.market_data_worker - Subscribed IBKR market data: HPQ key=209411801 type=delayed
2026-06-11 00:21:58,486 - INFO - ibkr.core.market_data_worker - Subscribed IBKR market data: DELL key=346218218 type=delayed
2026-06-11 00:21:58,486 - INFO - ibkr.core.market_data_worker - Subscribed IBKR market data: MTA key=395717235 type=delayed
2026-06-11 00:21:58,487 - INFO - ibkr.core.market_data_worker - Subscribed IBKR market data: DRS key=478483396 type=delayed
2026-06-11 00:21:58,487 - INFO - ibkr.core.market_data_worker - Subscribed IBKR market data: RDW key=512000171 type=delayed
2026-06-11 00:21:58,487 - INFO - ibkr.core.market_data_worker - Subscribed IBKR market data: IONQ key=517593749 type=delayed
2026-06-11 00:21:58,487 - INFO - ibkr.core.market_data_worker - Subscribed IBKR market data: GFS key=523222624 type=delayed
2026-06-11 00:21:58,488 - INFO - ibkr.core.market_data_worker - Subscribed IBKR market data: QBTS key=578031277 type=delayed
2026-06-11 00:21:58,488 - INFO - ibkr.core.market_data_worker - Subscribed IBKR market data: LUNR key=613910262 type=delayed
2026-06-11 00:21:58,488 - INFO - ibkr.core.market_data_worker - Subscribed IBKR market data: SIDU key=673368857 type=delayed
2026-06-11 00:21:58,488 - INFO - ibkr.core.market_data_worker - Subscribed IBKR market data: DPRO key=725468685 type=delayed
2026-06-11 00:21:58,489 - INFO - ibkr.core.market_data_worker - Subscribed IBKR market data: SNDK key=760250490 type=delayed
2026-06-11 00:21:58,489 - INFO - ibkr.core.market_data_worker - Subscribed IBKR market data: RKLB key=787273575 type=delayed
2026-06-11 00:21:58,489 - INFO - ibkr.core.market_data_worker - Subscribed IBKR market data: SPRC key=860471331 type=delayed
2026-06-11 00:21:59,441 - WARNING - ibkr.core.market_data_worker - IBKR market data notice for NVDA: Requested market data is not subscribed. Displaying delayed market data. (10167)
2026-06-11 00:21:59,725 - WARNING - ibkr.core.market_data_worker - IBKR market data notice for TACT: Requested market data is not subscribed. Displaying delayed market data. (10167)
2026-06-11 00:21:59,726 - WARNING - ibkr.core.market_data_worker - IBKR market data notice for BAX: Requested market data is not subscribed. Displaying delayed market data. (10167)
2026-06-11 00:21:59,914 - WARNING - ibkr.core.market_data_worker - IBKR market data notice for UMC: Requested market data is not subscribed. Displaying delayed market data. (10167)
2026-06-11 00:21:59,959 - WARNING - ibkr.core.market_data_worker - IBKR market data notice for TSLA: Requested market data is not subscribed. Displaying delayed market data. (10167)
2026-06-11 00:22:00,015 - WARNING - ibkr.core.market_data_worker - IBKR market data notice for AMCX: Requested market data is not subscribed. Displaying delayed market data. (10167)
2026-06-11 00:22:00,020 - WARNING - ibkr.core.market_data_worker - IBKR market data notice for PTCT: Requested market data is not subscribed. Displaying delayed market data. (10167)
2026-06-11 00:22:00,021 - WARNING - ibkr.core.market_data_worker - IBKR market data notice for HPQ: Requested market data is not subscribed. Displaying delayed market data. (10167)
2026-06-11 00:22:00,022 - WARNING - ibkr.core.market_data_worker - IBKR market data notice for DELL: Requested market data is not subscribed. Displaying delayed market data. (10167)
2026-06-11 00:22:00,022 - WARNING - ibkr.core.market_data_worker - IBKR market data notice for MTA: Requested market data is not subscribed. Displaying delayed market data. (10167)
2026-06-11 00:22:00,022 - WARNING - ibkr.core.market_data_worker - IBKR market data notice for DRS: Requested market data is not subscribed. Displaying delayed market data. (10167)
2026-06-11 00:22:00,022 - WARNING - ibkr.core.market_data_worker - IBKR market data notice for RDW: Requested market data is not subscribed. Displaying delayed market data. (10167)
2026-06-11 00:22:00,023 - WARNING - ibkr.core.market_data_worker - IBKR market data notice for IONQ: Requested market data is not subscribed. Displaying delayed market data. (10167)
2026-06-11 00:22:00,023 - WARNING - ibkr.core.market_data_worker - IBKR market data notice for GFS: Requested market data is not subscribed. Displaying delayed market data. (10167)
2026-06-11 00:22:00,023 - WARNING - ibkr.core.market_data_worker - IBKR market data notice for QBTS: Requested market data is not subscribed. Displaying delayed market data. (10167)
2026-06-11 00:22:00,023 - WARNING - ibkr.core.market_data_worker - IBKR market data notice for LUNR: Requested market data is not subscribed. Displaying delayed market data. (10167)
2026-06-11 00:22:00,079 - WARNING - ibkr.core.market_data_worker - IBKR market data notice for SIDU: Requested market data is not subscribed. Displaying delayed market data. (10167)
2026-06-11 00:22:00,286 - WARNING - ibkr.core.market_data_worker - IBKR market data notice for DPRO: Requested market data is not subscribed. Displaying delayed market data. (10167)
2026-06-11 00:22:00,287 - WARNING - ibkr.core.market_data_worker - IBKR market data notice for SNDK: Requested market data is not subscribed. Displaying delayed market data. (10167)
2026-06-11 00:22:00,287 - WARNING - ibkr.core.market_data_worker - IBKR market data notice for RKLB: Requested market data is not subscribed. Displaying delayed market data. (10167)
2026-06-11 00:22:00,287 - WARNING - ibkr.core.market_data_worker - IBKR market data notice for SPRC: Requested market data is not subscribed. Displaying delayed market data. (10167)
2026-06-11 00:22:00,374 - INFO - chart_engine.core.ibkr_data_fetcher - Chart data source=IBKR symbol=BAX interval=day from=2026-03-02T14:52:00.373346-05:00 to=2026-06-10T14:52:00.373346-04:00 dedicated_history=True
2026-06-11 00:22:00,401 - INFO - chart_engine.core.ibkr_data_fetcher - Chart data source=IBKR symbol=BAX interval=60minute from=2026-04-21T14:52:00.401647-04:00 to=2026-06-10T14:52:00.401647-04:00 dedicated_history=True
2026-06-11 00:22:00,727 - INFO - chart_engine.core.ibkr_data_fetcher - Chart data source=IBKR symbol=BAX interval=day from=2026-03-02T14:52:00.725024-05:00 to=2026-06-10T14:52:00.725024-04:00 dedicated_history=True
2026-06-11 00:22:00,763 - INFO - chart_engine.core.ibkr_data_fetcher - Chart data source=IBKR symbol=BAX interval=60minute from=2026-04-21T14:52:00.763004-04:00 to=2026-06-10T14:52:00.763004-04:00 dedicated_history=True
2026-06-11 00:22:00,989 - INFO - chart_engine.core.ibkr_data_fetcher - Requesting IBKR historical data: BAX conId=8111188 bar=30 mins duration=50 D end=latest
2026-06-11 00:22:01,035 - INFO - chart_engine.core.ibkr_data_fetcher - Requesting IBKR historical data: BAX conId=8111188 bar=1 day duration=100 D end=latest
2026-06-11 00:22:03,043 - INFO - chart_engine.core.ibkr_data_fetcher - Chart data fetch complete source=IBKR symbol=BAX bars=349
2026-06-11 00:22:03,044 - INFO - chart_engine.core.ibkr_data_fetcher - Chart data fetch complete source=IBKR symbol=BAX bars=71
2026-06-11 00:22:03,097 - INFO - chart_engine.drawings - Loaded state for BAX (day) — 1 drawings
2026-06-11 00:22:03,101 - INFO - ibkr.core.main_window - Chart symbol changed to: BAX
2026-06-11 00:22:03,101 - INFO - ibkr.core.main_window - Added chart symbol BAX to subscription
2026-06-11 00:22:03,102 - INFO - ibkr.core.main_window - Ensured subscription for chart symbol BAX
2026-06-11 00:22:03,102 - INFO - chart_engine.core.chart_widget - Chart seamlessly updated: BAX (71 candles)
2026-06-11 00:22:03,156 - INFO - chart_engine.drawings - Loaded state for BAX (60minute) — 1 drawings
2026-06-11 00:22:03,164 - INFO - chart_engine.core.chart_widget - Chart seamlessly updated: BAX (349 candles)
2026-06-11 00:22:03,483 - INFO - ibkr.core.main_window - Subscription universe changed: 25 instruments (21 token-backed, +1/-0) sources={'positions': 21, 'charts': 2, 'watchlist': 1, 'header': 2}
2026-06-11 00:22:07,268 - INFO - chart_engine.core.ibkr_data_fetcher - Chart data source=IBKR symbol=DPRO interval=day from=2026-03-02T14:52:07.268638-05:00 to=2026-06-10T14:52:07.268638-04:00 dedicated_history=True
2026-06-11 00:22:07,269 - INFO - chart_engine.core.ibkr_data_fetcher - Requesting IBKR historical data: DPRO conId=725468685 bar=1 day duration=100 D end=latest
2026-06-11 00:22:07,280 - INFO - chart_engine.core.ibkr_data_fetcher - Chart data source=IBKR symbol=DPRO interval=60minute from=2026-04-21T14:52:07.280177-04:00 to=2026-06-10T14:52:07.280177-04:00 dedicated_history=True
2026-06-11 00:22:07,282 - INFO - chart_engine.core.ibkr_data_fetcher - Requesting IBKR historical data: DPRO conId=725468685 bar=30 mins duration=50 D end=latest
2026-06-11 00:22:07,424 - INFO - chart_engine.core.ibkr_data_fetcher - Chart data source=IBKR symbol=DPRO interval=day from=2026-03-02T14:52:07.424308-05:00 to=2026-06-10T14:52:07.424308-04:00 dedicated_history=True
2026-06-11 00:22:07,437 - INFO - chart_engine.core.ibkr_data_fetcher - Chart data source=IBKR symbol=DPRO interval=60minute from=2026-04-21T14:52:07.436895-04:00 to=2026-06-10T14:52:07.436895-04:00 dedicated_history=True
2026-06-11 00:22:07,876 - INFO - chart_engine.core.ibkr_data_fetcher - Chart data fetch complete source=IBKR symbol=DPRO bars=71
2026-06-11 00:22:07,925 - INFO - chart_engine.core.ibkr_data_fetcher - Chart data source=IBKR symbol=DELL interval=day from=2026-03-02T14:52:07.924336-05:00 to=2026-06-10T14:52:07.924336-04:00 dedicated_history=True
2026-06-11 00:22:07,926 - INFO - chart_engine.core.ibkr_data_fetcher - Requesting IBKR historical data: DELL conId=346218218 bar=1 day duration=100 D end=latest
2026-06-11 00:22:07,937 - INFO - chart_engine.core.ibkr_data_fetcher - Chart data source=IBKR symbol=DELL interval=60minute from=2026-04-21T14:52:07.937106-04:00 to=2026-06-10T14:52:07.937106-04:00 dedicated_history=True
2026-06-11 00:22:07,939 - INFO - chart_engine.core.ibkr_data_fetcher - Requesting IBKR historical data: DELL conId=346218218 bar=30 mins duration=50 D end=latest
2026-06-11 00:22:08,916 - INFO - chart_engine.core.ibkr_data_fetcher - Chart data fetch complete source=IBKR symbol=DPRO bars=349
2026-06-11 00:22:09,379 - INFO - chart_engine.core.ibkr_data_fetcher - Chart data fetch complete source=IBKR symbol=DELL bars=71
2026-06-11 00:22:09,498 - INFO - chart_engine.core.ibkr_data_fetcher - Chart data source=IBKR symbol=DELL interval=60minute from=2026-04-21T14:52:09.498507-04:00 to=2026-06-10T14:52:09.498507-04:00 dedicated_history=True
2026-06-11 00:22:09,527 - INFO - chart_engine.drawings - Loaded state for DELL (day) — 1 drawings
2026-06-11 00:22:09,531 - INFO - ibkr.core.main_window - Chart symbol changed to: DELL
2026-06-11 00:22:09,531 - INFO - ibkr.core.main_window - Added chart symbol DELL to subscription
2026-06-11 00:22:09,532 - INFO - ibkr.core.main_window - Ensured subscription for chart symbol DELL
2026-06-11 00:22:09,533 - INFO - chart_engine.core.chart_widget - Chart seamlessly updated: DELL (71 candles)
2026-06-11 00:22:09,909 - INFO - ibkr.core.main_window - Subscription universe changed: 25 instruments (21 token-backed, +1/-1) sources={'positions': 21, 'charts': 2, 'watchlist': 1, 'header': 2}
2026-06-11 00:22:09,973 - INFO - chart_engine.core.ibkr_data_fetcher - Chart data fetch complete source=IBKR symbol=DELL bars=349
2026-06-11 00:22:10,042 - INFO - chart_engine.drawings - Loaded state for DELL (60minute) — 1 drawings
2026-06-11 00:22:10,050 - INFO - chart_engine.core.chart_widget - Chart seamlessly updated: DELL (349 candles)
2026-06-11 00:22:21,779 - INFO - ibkr.core.main_window - [ENTRY] Placing order: {'action': 'SELL', 'currency': 'USD', 'exchange': 'SMART', 'orderRef': 'QULL-SWING-DELL', 'orderType': 'MKT', 'order_type': 'MKT', 'outsideRth': False, 'outside_rth': False, 'price': 0.0, 'primaryExch': '', 'primaryExchange': '', 'primary_exchange': '', 'product': 'IBKR', 'quantity': 1000, 'route': 'AUTO', 'secType': 'STK', 'sec_type': 'STK', 'symbol': 'DELL', 'tag': 'terminal-ibkr-swing', 'tif': 'DAY', 'totalQuantity': 1000, 'tradingsymbol': 'DELL', 'transaction_type': 'SELL', 'transmit': True, 'trigger_price': 0.0, 'validity': 'DAY', 'variety': 'regular'}
2026-06-11 00:22:21,785 - INFO - ibkr.core.position_manager - Started IBKR pending-order position sync (order_open)
2026-06-11 00:22:21,830 - INFO - ibkr.core.trade_logger - Queued order placement for logging: 454
2026-06-11 00:22:21,830 - INFO - ibkr.core.main_window - Order queued for logging: 454
2026-06-11 00:22:21,831 - INFO - ibkr.core.main_window - [ENTRY] Order accepted by broker: {'order_id': '454', 'perm_id': '', 'tradingsymbol': 'DELL', 'symbol': 'DELL', 'exchange': 'SMART', 'instrument_token': 346218218, 'transaction_type': 'SELL', 'order_type': 'MARKET', 'quantity': 1000, 'price': 0.0, 'trigger_price': 0.0, 'status': 'PENDING', 'raw_status': 'PendingSubmit', 'status_message': '', 'filled_quantity': 0, 'pending_quantity': 0, 'average_price': 0.0, 'timestamp': '2026-06-10T14:52:21.787829', 'product': 'IBKR', 'accepted': True}
2026-06-11 00:22:21,831 - INFO - ibkr.widgets.order_dialog - [OrderDialog] SELL 1000 DELL [SMART/MKT]
2026-06-11 00:22:21,903 - INFO - ibkr.core.position_manager - Fetching positions from broker - Reason: order_accepted
2026-06-11 00:22:23,515 - INFO - chart_engine.core.ibkr_data_fetcher - Chart data source=IBKR symbol=DPRO interval=60minute from=2026-04-21T14:52:23.514866-04:00 to=2026-06-10T14:52:23.514866-04:00 dedicated_history=True
2026-06-11 00:22:23,516 - INFO - chart_engine.core.ibkr_data_fetcher - Requesting IBKR historical data: DPRO conId=725468685 bar=30 mins duration=50 D end=latest
2026-06-11 00:22:23,571 - INFO - chart_engine.drawings - Loaded state for DPRO (day) — 1 drawings
2026-06-11 00:22:23,572 - INFO - chart_engine.drawings - Loaded global chart settings.
2026-06-11 00:22:23,573 - INFO - chart_engine.drawings - Saved global chart settings.
2026-06-11 00:22:23,574 - INFO - ibkr.core.main_window - Chart symbol changed to: DPRO
2026-06-11 00:22:23,575 - INFO - ibkr.core.main_window - Added chart symbol DPRO to subscription
2026-06-11 00:22:23,575 - INFO - ibkr.core.main_window - Ensured subscription for chart symbol DPRO
2026-06-11 00:22:23,576 - INFO - chart_engine.core.chart_widget - Chart seamlessly updated: DPRO (71 candles)
2026-06-11 00:22:23,633 - INFO - chart_engine.core.ibkr_data_fetcher - Chart data source=IBKR symbol=DPRO interval=60minute from=2026-04-21T14:52:23.633126-04:00 to=2026-06-10T14:52:23.633126-04:00 dedicated_history=True
2026-06-11 00:22:23,983 - INFO - ibkr.core.main_window - Subscription universe changed: 25 instruments (21 token-backed, +1/-1) sources={'positions': 21, 'charts': 2, 'watchlist': 1, 'header': 2}
2026-06-11 00:22:24,954 - INFO - chart_engine.core.ibkr_data_fetcher - Chart data fetch complete source=IBKR symbol=DPRO bars=349
2026-06-11 00:22:24,993 - INFO - chart_engine.drawings - Loaded state for DPRO (60minute) — 1 drawings
2026-06-11 00:22:24,999 - INFO - chart_engine.core.chart_widget - Chart seamlessly updated: DPRO (349 candles)
2026-06-11 00:22:31,173 - INFO - ibkr.core.main_window - [ENTRY] Placing order: {'action': 'SELL', 'currency': 'USD', 'exchange': 'SMART', 'orderRef': 'QULL-SWING-DPRO', 'orderType': 'MKT', 'order_type': 'MKT', 'outsideRth': False, 'outside_rth': False, 'price': 0.0, 'primaryExch': '', 'primaryExchange': '', 'primary_exchange': '', 'product': 'IBKR', 'quantity': 1, 'route': 'AUTO', 'secType': 'STK', 'sec_type': 'STK', 'symbol': 'DPRO', 'tag': 'terminal-ibkr-swing', 'tif': 'DAY', 'totalQuantity': 1, 'tradingsymbol': 'DPRO', 'transaction_type': 'SELL', 'transmit': True, 'trigger_price': 0.0, 'validity': 'DAY', 'variety': 'regular'}
2026-06-11 00:22:31,214 - INFO - ibkr.core.trade_logger - Queued order placement for logging: 455
2026-06-11 00:22:31,214 - INFO - ibkr.core.main_window - Order queued for logging: 455
2026-06-11 00:22:31,215 - INFO - ibkr.core.main_window - [ENTRY] Order accepted by broker: {'order_id': '455', 'perm_id': '', 'tradingsymbol': 'DPRO', 'symbol': 'DPRO', 'exchange': 'SMART', 'instrument_token': 725468685, 'transaction_type': 'SELL', 'order_type': 'MARKET', 'quantity': 1, 'price': 0.0, 'trigger_price': 0.0, 'status': 'PENDING', 'raw_status': 'PendingSubmit', 'status_message': '', 'filled_quantity': 0, 'pending_quantity': 0, 'average_price': 0.0, 'timestamp': '2026-06-10T14:52:31.177540', 'product': 'IBKR', 'accepted': True}
2026-06-11 00:22:31,215 - INFO - ibkr.widgets.order_dialog - [OrderDialog] SELL 1 DPRO [SMART/MKT]
2026-06-11 00:22:32,328 - INFO - chart_engine.core.ibkr_data_fetcher - Chart data source=IBKR symbol=DRS interval=day from=2026-03-02T14:52:32.327705-05:00 to=2026-06-10T14:52:32.327705-04:00 dedicated_history=True
2026-06-11 00:22:32,340 - INFO - chart_engine.core.ibkr_data_fetcher - Chart data source=IBKR symbol=DRS interval=60minute from=2026-04-21T14:52:32.340073-04:00 to=2026-06-10T14:52:32.340073-04:00 dedicated_history=True
2026-06-11 00:22:32,470 - INFO - chart_engine.core.ibkr_data_fetcher - Chart data source=IBKR symbol=DRS interval=day from=2026-03-02T14:52:32.470398-05:00 to=2026-06-10T14:52:32.470398-04:00 dedicated_history=True
2026-06-11 00:22:32,483 - INFO - chart_engine.core.ibkr_data_fetcher - Chart data source=IBKR symbol=DRS interval=60minute from=2026-04-21T14:52:32.483434-04:00 to=2026-06-10T14:52:32.483434-04:00 dedicated_history=True
2026-06-11 00:22:32,641 - INFO - chart_engine.core.ibkr_data_fetcher - Requesting IBKR historical data: DRS conId=478483396 bar=30 mins duration=50 D end=latest
2026-06-11 00:22:32,643 - INFO - chart_engine.core.ibkr_data_fetcher - Requesting IBKR historical data: DRS conId=478483396 bar=1 day duration=100 D end=latest
2026-06-11 00:22:34,392 - INFO - chart_engine.core.ibkr_data_fetcher - Chart data fetch complete source=IBKR symbol=DRS bars=349
2026-06-11 00:22:34,512 - INFO - chart_engine.core.ibkr_data_fetcher - Chart data fetch complete source=IBKR symbol=DRS bars=71
2026-06-11 00:22:34,528 - INFO - chart_engine.drawings - Loaded state for DRS (60minute) — 1 drawings
2026-06-11 00:22:34,533 - INFO - ibkr.core.main_window - Ensured subscription for chart symbol DRS
2026-06-11 00:22:34,534 - INFO - chart_engine.core.chart_widget - Chart seamlessly updated: DRS (349 candles)
2026-06-11 00:22:34,576 - INFO - chart_engine.drawings - Loaded state for DRS (day) — 1 drawings
2026-06-11 00:22:34,580 - INFO - ibkr.core.main_window - Chart symbol changed to: DRS
2026-06-11 00:22:34,581 - INFO - ibkr.core.main_window - Added chart symbol DRS to subscription
2026-06-11 00:22:34,582 - INFO - chart_engine.core.chart_widget - Chart seamlessly updated: DRS (71 candles)
2026-06-11 00:22:34,902 - INFO - ibkr.core.main_window - Subscription universe changed: 25 instruments (21 token-backed, +1/-1) sources={'positions': 21, 'charts': 2, 'watchlist': 1, 'header': 2}
2026-06-11 00:22:46,351 - INFO - ibkr.core.main_window - [ENTRY] Placing order: {'action': 'SELL', 'currency': 'USD', 'exchange': 'SMART', 'orderRef': 'QULL-SWING-DRS', 'orderType': 'MKT', 'order_type': 'MKT', 'outsideRth': False, 'outside_rth': False, 'price': 0.0, 'primaryExch': '', 'primaryExchange': '', 'primary_exchange': '', 'product': 'IBKR', 'quantity': 1000, 'route': 'AUTO', 'secType': 'STK', 'sec_type': 'STK', 'symbol': 'DRS', 'tag': 'terminal-ibkr-swing', 'tif': 'DAY', 'totalQuantity': 1000, 'tradingsymbol': 'DRS', 'transaction_type': 'SELL', 'transmit': True, 'trigger_price': 0.0, 'validity': 'DAY', 'variety': 'regular'}
2026-06-11 00:22:46,384 - INFO - ibkr.core.trade_logger - Queued order placement for logging: 456
2026-06-11 00:22:46,385 - INFO - ibkr.core.main_window - Order queued for logging: 456
2026-06-11 00:22:46,385 - INFO - ibkr.core.main_window - [ENTRY] Order accepted by broker: {'order_id': '456', 'perm_id': '', 'tradingsymbol': 'DRS', 'symbol': 'DRS', 'exchange': 'SMART', 'instrument_token': 478483396, 'transaction_type': 'SELL', 'order_type': 'MARKET', 'quantity': 1000, 'price': 0.0, 'trigger_price': 0.0, 'status': 'PENDING', 'raw_status': 'PendingSubmit', 'status_message': '', 'filled_quantity': 0, 'pending_quantity': 0, 'average_price': 0.0, 'timestamp': '2026-06-10T14:52:46.355517', 'product': 'IBKR', 'accepted': True}
2026-06-11 00:22:46,386 - INFO - ibkr.widgets.order_dialog - [OrderDialog] SELL 1000 DRS [SMART/MKT]
2026-06-11 00:22:46,450 - INFO - ibkr.core.position_manager - Fetching positions from broker - Reason: order_accepted
2026-06-11 00:22:48,247 - INFO - chart_engine.core.ibkr_data_fetcher - Chart data source=IBKR symbol=GFS interval=day from=2026-03-02T14:52:48.247425-05:00 to=2026-06-10T14:52:48.247425-04:00 dedicated_history=True
2026-06-11 00:22:48,258 - INFO - chart_engine.core.ibkr_data_fetcher - Chart data source=IBKR symbol=GFS interval=60minute from=2026-04-21T14:52:48.258791-04:00 to=2026-06-10T14:52:48.258791-04:00 dedicated_history=True
2026-06-11 00:22:48,360 - INFO - chart_engine.core.ibkr_data_fetcher - Chart data source=IBKR symbol=GFS interval=day from=2026-03-02T14:52:48.360448-05:00 to=2026-06-10T14:52:48.360448-04:00 dedicated_history=True
2026-06-11 00:22:48,372 - INFO - chart_engine.core.ibkr_data_fetcher - Chart data source=IBKR symbol=GFS interval=60minute from=2026-04-21T14:52:48.372435-04:00 to=2026-06-10T14:52:48.372435-04:00 dedicated_history=True
2026-06-11 00:22:48,526 - INFO - chart_engine.core.ibkr_data_fetcher - Chart data source=IBKR symbol=GFS interval=day from=2026-03-02T14:52:48.526452-05:00 to=2026-06-10T14:52:48.526452-04:00 dedicated_history=True
2026-06-11 00:22:48,534 - INFO - chart_engine.core.ibkr_data_fetcher - Requesting IBKR historical data: GFS conId=523222624 bar=1 day duration=100 D end=latest
2026-06-11 00:22:48,554 - INFO - chart_engine.core.ibkr_data_fetcher - Chart data source=IBKR symbol=GFS interval=60minute from=2026-04-21T14:52:48.554324-04:00 to=2026-06-10T14:52:48.554324-04:00 dedicated_history=True
2026-06-11 00:22:48,560 - INFO - chart_engine.core.ibkr_data_fetcher - Requesting IBKR historical data: GFS conId=523222624 bar=30 mins duration=50 D end=latest
2026-06-11 00:22:50,064 - INFO - chart_engine.core.ibkr_data_fetcher - Chart data fetch complete source=IBKR symbol=GFS bars=71
2026-06-11 00:22:50,152 - INFO - chart_engine.drawings - Loaded state for GFS (day) — 1 drawings
2026-06-11 00:22:50,153 - INFO - chart_engine.drawings - Loaded global chart settings.
2026-06-11 00:22:50,155 - INFO - chart_engine.drawings - Saved global chart settings.
2026-06-11 00:22:50,159 - INFO - ibkr.core.main_window - Chart symbol changed to: GFS
2026-06-11 00:22:50,159 - INFO - ibkr.core.main_window - Added chart symbol GFS to subscription
2026-06-11 00:22:50,161 - INFO - ibkr.core.main_window - Ensured subscription for chart symbol GFS
2026-06-11 00:22:50,161 - INFO - chart_engine.core.chart_widget - Chart seamlessly updated: GFS (71 candles)
2026-06-11 00:22:50,478 - INFO - ibkr.core.main_window - Subscription universe changed: 25 instruments (21 token-backed, +1/-1) sources={'positions': 21, 'charts': 2, 'watchlist': 1, 'header': 2}
2026-06-11 00:22:51,208 - INFO - chart_engine.core.ibkr_data_fetcher - Chart data fetch complete source=IBKR symbol=GFS bars=349
2026-06-11 00:22:51,292 - INFO - chart_engine.drawings - Loaded state for GFS (60minute) — 1 drawings
2026-06-11 00:22:51,301 - INFO - chart_engine.core.chart_widget - Chart seamlessly updated: GFS (349 candles)
2026-06-11 00:22:53,103 - INFO - ibkr.core.data_cache - US market-open cache flush complete; intraday entries cleared
2026-06-11 00:22:58,380 - INFO - ibkr.core.main_window - [ENTRY] Placing order: {'action': 'SELL', 'currency': 'USD', 'exchange': 'SMART', 'orderRef': 'QULL-SWING-GFS', 'orderType': 'MKT', 'order_type': 'MKT', 'outsideRth': False, 'outside_rth': False, 'price': 0.0, 'primaryExch': '', 'primaryExchange': '', 'primary_exchange': '', 'product': 'IBKR', 'quantity': 10, 'route': 'AUTO', 'secType': 'STK', 'sec_type': 'STK', 'symbol': 'GFS', 'tag': 'terminal-ibkr-swing', 'tif': 'DAY', 'totalQuantity': 10, 'tradingsymbol': 'GFS', 'transaction_type': 'SELL', 'transmit': True, 'trigger_price': 0.0, 'validity': 'DAY', 'variety': 'regular'}
2026-06-11 00:22:58,411 - INFO - ibkr.core.trade_logger - Queued order placement for logging: 457
2026-06-11 00:22:58,411 - INFO - ibkr.core.main_window - Order queued for logging: 457
2026-06-11 00:22:58,411 - INFO - ibkr.core.main_window - [ENTRY] Order accepted by broker: {'order_id': '457', 'perm_id': '', 'tradingsymbol': 'GFS', 'symbol': 'GFS', 'exchange': 'SMART', 'instrument_token': 523222624, 'transaction_type': 'SELL', 'order_type': 'MARKET', 'quantity': 10, 'price': 0.0, 'trigger_price': 0.0, 'status': 'PENDING', 'raw_status': 'PendingSubmit', 'status_message': '', 'filled_quantity': 0, 'pending_quantity': 0, 'average_price': 0.0, 'timestamp': '2026-06-10T14:52:58.382401', 'product': 'IBKR', 'accepted': True}
2026-06-11 00:22:58,412 - INFO - ibkr.widgets.order_dialog - [OrderDialog] SELL 10 GFS [SMART/MKT]
2026-06-11 00:22:58,460 - INFO - ibkr.core.position_manager - Fetching positions from broker - Reason: order_accepted
2026-06-11 00:22:59,406 - INFO - chart_engine.core.ibkr_data_fetcher - Chart data source=IBKR symbol=HPQ interval=day from=2026-03-02T14:52:59.406371-05:00 to=2026-06-10T14:52:59.406371-04:00 dedicated_history=True
2026-06-11 00:22:59,407 - INFO - chart_engine.core.ibkr_data_fetcher - Requesting IBKR historical data: HPQ conId=209411801 bar=1 day duration=100 D end=latest
2026-06-11 00:22:59,421 - INFO - chart_engine.core.ibkr_data_fetcher - Chart data source=IBKR symbol=HPQ interval=60minute from=2026-04-21T14:52:59.420018-04:00 to=2026-06-10T14:52:59.420018-04:00 dedicated_history=True
2026-06-11 00:22:59,422 - INFO - chart_engine.core.ibkr_data_fetcher - Requesting IBKR historical data: HPQ conId=209411801 bar=30 mins duration=50 D end=latest
2026-06-11 00:22:59,476 - INFO - chart_engine.core.ibkr_data_fetcher - Chart data source=IBKR symbol=HPQ interval=day from=2026-03-02T14:52:59.475881-05:00 to=2026-06-10T14:52:59.475881-04:00 dedicated_history=True
2026-06-11 00:22:59,508 - INFO - chart_engine.core.ibkr_data_fetcher - Chart data source=IBKR symbol=HPQ interval=60minute from=2026-04-21T14:52:59.508307-04:00 to=2026-06-10T14:52:59.508307-04:00 dedicated_history=True
2026-06-11 00:23:00,033 - INFO - chart_engine.core.ibkr_data_fetcher - Chart data fetch complete source=IBKR symbol=HPQ bars=71
2026-06-11 00:23:00,111 - INFO - chart_engine.drawings - Loaded state for HPQ (day) — 1 drawings
2026-06-11 00:23:00,116 - INFO - ibkr.core.main_window - Chart symbol changed to: HPQ
2026-06-11 00:23:00,116 - INFO - ibkr.core.main_window - Added chart symbol HPQ to subscription
2026-06-11 00:23:00,117 - INFO - ibkr.core.main_window - Ensured subscription for chart symbol HPQ
2026-06-11 00:23:00,117 - INFO - chart_engine.core.chart_widget - Chart seamlessly updated: HPQ (71 candles)
2026-06-11 00:23:01,105 - INFO - chart_engine.core.ibkr_data_fetcher - Chart data fetch complete source=IBKR symbol=HPQ bars=349
2026-06-11 00:23:01,153 - INFO - chart_engine.drawings - Loaded state for HPQ (60minute) — 1 drawings
2026-06-11 00:23:01,159 - INFO - chart_engine.core.chart_widget - Chart seamlessly updated: HPQ (349 candles)
2026-06-11 00:23:09,069 - INFO - chart_engine.core.ibkr_data_fetcher - Chart data source=IBKR symbol=IONQ interval=day from=2026-03-02T14:53:09.069099-05:00 to=2026-06-10T14:53:09.069099-04:00 dedicated_history=True
2026-06-11 00:23:09,072 - INFO - chart_engine.core.ibkr_data_fetcher - Requesting IBKR historical data: IONQ conId=517593749 bar=1 day duration=100 D end=latest
2026-06-11 00:23:09,079 - INFO - chart_engine.core.ibkr_data_fetcher - Chart data source=IBKR symbol=IONQ interval=60minute from=2026-04-21T14:53:09.078266-04:00 to=2026-06-10T14:53:09.078266-04:00 dedicated_history=True
2026-06-11 00:23:09,081 - INFO - chart_engine.core.ibkr_data_fetcher - Requesting IBKR historical data: IONQ conId=517593749 bar=30 mins duration=50 D end=latest
2026-06-11 00:23:09,155 - INFO - chart_engine.core.ibkr_data_fetcher - Chart data source=IBKR symbol=IONQ interval=day from=2026-03-02T14:53:09.155712-05:00 to=2026-06-10T14:53:09.155712-04:00 dedicated_history=True
2026-06-11 00:23:09,180 - INFO - chart_engine.core.ibkr_data_fetcher - Chart data source=IBKR symbol=IONQ interval=60minute from=2026-04-21T14:53:09.180658-04:00 to=2026-06-10T14:53:09.180658-04:00 dedicated_history=True
2026-06-11 00:23:10,261 - INFO - chart_engine.core.ibkr_data_fetcher - Chart data fetch complete source=IBKR symbol=IONQ bars=71
2026-06-11 00:23:10,315 - INFO - chart_engine.drawings - Loaded state for IONQ (day) — 2 drawings
2026-06-11 00:23:10,318 - INFO - ibkr.core.main_window - Chart symbol changed to: IONQ
2026-06-11 00:23:10,318 - INFO - ibkr.core.main_window - Added chart symbol IONQ to subscription
2026-06-11 00:23:10,320 - INFO - ibkr.core.main_window - Ensured subscription for chart symbol IONQ
2026-06-11 00:23:10,320 - INFO - chart_engine.core.chart_widget - Chart seamlessly updated: IONQ (71 candles)
2026-06-11 00:23:10,620 - INFO - ibkr.core.main_window - Subscription universe changed: 25 instruments (21 token-backed, +1/-1) sources={'positions': 21, 'charts': 2, 'watchlist': 1, 'header': 2}
2026-06-11 00:23:11,247 - INFO - chart_engine.core.ibkr_data_fetcher - Chart data fetch complete source=IBKR symbol=IONQ bars=349
2026-06-11 00:23:11,292 - INFO - chart_engine.drawings - Loaded state for IONQ (60minute) — 2 drawings
2026-06-11 00:23:11,298 - INFO - chart_engine.core.chart_widget - Chart seamlessly updated: IONQ (349 candles)
2026-06-11 00:23:22,597 - INFO - ibkr.core.main_window - [ENTRY] Placing order: {'action': 'SELL', 'currency': 'USD', 'exchange': 'SMART', 'orderRef': 'QULL-SWING-IONQ', 'orderType': 'MKT', 'order_type': 'MKT', 'outsideRth': False, 'outside_rth': False, 'price': 0.0, 'primaryExch': '', 'primaryExchange': '', 'primary_exchange': '', 'product': 'IBKR', 'quantity': 2, 'route': 'AUTO', 'secType': 'STK', 'sec_type': 'STK', 'symbol': 'IONQ', 'tag': 'terminal-ibkr-swing', 'tif': 'DAY', 'totalQuantity': 2, 'tradingsymbol': 'IONQ', 'transaction_type': 'SELL', 'transmit': True, 'trigger_price': 0.0, 'validity': 'DAY', 'variety': 'regular'}
2026-06-11 00:23:22,643 - INFO - ibkr.core.trade_logger - Queued order placement for logging: 458
2026-06-11 00:23:22,644 - INFO - ibkr.core.main_window - Order queued for logging: 458
2026-06-11 00:23:22,644 - INFO - ibkr.core.main_window - [ENTRY] Order accepted by broker: {'order_id': '458', 'perm_id': '', 'tradingsymbol': 'IONQ', 'symbol': 'IONQ', 'exchange': 'SMART', 'instrument_token': 517593749, 'transaction_type': 'SELL', 'order_type': 'MARKET', 'quantity': 2, 'price': 0.0, 'trigger_price': 0.0, 'status': 'PENDING', 'raw_status': 'PendingSubmit', 'status_message': '', 'filled_quantity': 0, 'pending_quantity': 0, 'average_price': 0.0, 'timestamp': '2026-06-10T14:53:22.600848', 'product': 'IBKR', 'accepted': True}
2026-06-11 00:23:22,644 - INFO - ibkr.widgets.order_dialog - [OrderDialog] SELL 2 IONQ [SMART/MKT]
2026-06-11 00:23:22,694 - INFO - ibkr.core.position_manager - Fetching positions from broker - Reason: order_accepted
2026-06-11 00:23:23,673 - INFO - chart_engine.core.ibkr_data_fetcher - Chart data source=IBKR symbol=LUNR interval=day from=2026-03-02T14:53:23.673624-05:00 to=2026-06-10T14:53:23.673624-04:00 dedicated_history=True
2026-06-11 00:23:23,685 - INFO - chart_engine.core.ibkr_data_fetcher - Chart data source=IBKR symbol=LUNR interval=60minute from=2026-04-21T14:53:23.684959-04:00 to=2026-06-10T14:53:23.684959-04:00 dedicated_history=True
2026-06-11 00:23:23,776 - INFO - chart_engine.core.ibkr_data_fetcher - Chart data source=IBKR symbol=LUNR interval=day from=2026-03-02T14:53:23.775108-05:00 to=2026-06-10T14:53:23.775108-04:00 dedicated_history=True
2026-06-11 00:23:23,806 - INFO - chart_engine.core.ibkr_data_fetcher - Chart data source=IBKR symbol=LUNR interval=60minute from=2026-04-21T14:53:23.806827-04:00 to=2026-06-10T14:53:23.806827-04:00 dedicated_history=True
2026-06-11 00:23:23,990 - INFO - chart_engine.core.ibkr_data_fetcher - Requesting IBKR historical data: LUNR conId=613910262 bar=1 day duration=100 D end=latest
2026-06-11 00:23:24,335 - INFO - chart_engine.core.ibkr_data_fetcher - Requesting IBKR historical data: LUNR conId=613910262 bar=30 mins duration=50 D end=latest
2026-06-11 00:23:25,147 - INFO - chart_engine.core.ibkr_data_fetcher - Chart data fetch complete source=IBKR symbol=LUNR bars=71
2026-06-11 00:23:25,300 - INFO - chart_engine.drawings - Loaded state for LUNR (day) — 1 drawings
2026-06-11 00:23:25,301 - INFO - chart_engine.drawings - Loaded global chart settings.
2026-06-11 00:23:25,303 - INFO - chart_engine.drawings - Saved global chart settings.
2026-06-11 00:23:25,306 - INFO - ibkr.core.main_window - Chart symbol changed to: LUNR
2026-06-11 00:23:25,307 - INFO - ibkr.core.main_window - Added chart symbol LUNR to subscription
2026-06-11 00:23:25,309 - INFO - ibkr.core.main_window - Ensured subscription for chart symbol LUNR
2026-06-11 00:23:25,309 - INFO - chart_engine.core.chart_widget - Chart seamlessly updated: LUNR (71 candles)
2026-06-11 00:23:25,607 - INFO - ibkr.core.main_window - Subscription universe changed: 25 instruments (21 token-backed, +1/-1) sources={'positions': 21, 'charts': 2, 'watchlist': 1, 'header': 2}
2026-06-11 00:23:26,127 - INFO - chart_engine.core.ibkr_data_fetcher - Chart data fetch complete source=IBKR symbol=LUNR bars=349
2026-06-11 00:23:26,168 - INFO - chart_engine.drawings - Loaded state for LUNR (60minute) — 1 drawings
2026-06-11 00:23:26,174 - INFO - chart_engine.core.chart_widget - Chart seamlessly updated: LUNR (349 candles)
2026-06-11 00:23:33,038 - INFO - ibkr.core.main_window - [ENTRY] Placing order: {'action': 'SELL', 'currency': 'USD', 'exchange': 'SMART', 'orderRef': 'QULL-SWING-LUNR', 'orderType': 'MKT', 'order_type': 'MKT', 'outsideRth': False, 'outside_rth': False, 'price': 0.0, 'primaryExch': '', 'primaryExchange': '', 'primary_exchange': '', 'product': 'IBKR', 'quantity': 1000, 'route': 'AUTO', 'secType': 'STK', 'sec_type': 'STK', 'symbol': 'LUNR', 'tag': 'terminal-ibkr-swing', 'tif': 'DAY', 'totalQuantity': 1000, 'tradingsymbol': 'LUNR', 'transaction_type': 'SELL', 'transmit': True, 'trigger_price': 0.0, 'validity': 'DAY', 'variety': 'regular'}
2026-06-11 00:23:33,085 - INFO - ibkr.core.trade_logger - Queued order placement for logging: 459
2026-06-11 00:23:33,086 - INFO - ibkr.core.main_window - Order queued for logging: 459
2026-06-11 00:23:33,087 - INFO - ibkr.core.main_window - [ENTRY] Order accepted by broker: {'order_id': '459', 'perm_id': '', 'tradingsymbol': 'LUNR', 'symbol': 'LUNR', 'exchange': 'SMART', 'instrument_token': 613910262, 'transaction_type': 'SELL', 'order_type': 'MARKET', 'quantity': 1000, 'price': 0.0, 'trigger_price': 0.0, 'status': 'PENDING', 'raw_status': 'PendingSubmit', 'status_message': '', 'filled_quantity': 0, 'pending_quantity': 0, 'average_price': 0.0, 'timestamp': '2026-06-10T14:53:33.044369', 'product': 'IBKR', 'accepted': True}
2026-06-11 00:23:33,088 - INFO - ibkr.widgets.order_dialog - [OrderDialog] SELL 1000 LUNR [SMART/MKT]
2026-06-11 00:23:33,160 - INFO - ibkr.core.position_manager - Fetching positions from broker - Reason: order_accepted
2026-06-11 00:23:34,227 - INFO - chart_engine.core.ibkr_data_fetcher - Chart data source=IBKR symbol=MTA interval=day from=2026-03-02T14:53:34.226889-05:00 to=2026-06-10T14:53:34.226889-04:00 dedicated_history=True
2026-06-11 00:23:34,238 - INFO - chart_engine.core.ibkr_data_fetcher - Chart data source=IBKR symbol=MTA interval=60minute from=2026-04-21T14:53:34.238069-04:00 to=2026-06-10T14:53:34.238069-04:00 dedicated_history=True
2026-06-11 00:23:34,354 - INFO - chart_engine.core.ibkr_data_fetcher - Chart data source=IBKR symbol=MTA interval=day from=2026-03-02T14:53:34.354667-05:00 to=2026-06-10T14:53:34.354667-04:00 dedicated_history=True
2026-06-11 00:23:34,362 - INFO - chart_engine.core.ibkr_data_fetcher - Chart data source=IBKR symbol=MTA interval=60minute from=2026-04-21T14:53:34.362825-04:00 to=2026-06-10T14:53:34.362825-04:00 dedicated_history=True
2026-06-11 00:23:34,516 - INFO - chart_engine.core.ibkr_data_fetcher - Requesting IBKR historical data: MTA conId=395717235 bar=1 day duration=100 D end=latest
2026-06-11 00:23:34,799 - INFO - chart_engine.core.ibkr_data_fetcher - Requesting IBKR historical data: MTA conId=395717235 bar=30 mins duration=50 D end=latest
2026-06-11 00:23:36,011 - INFO - chart_engine.core.ibkr_data_fetcher - Chart data fetch complete source=IBKR symbol=MTA bars=71
2026-06-11 00:23:36,077 - INFO - chart_engine.drawings - Loaded state for MTA (day) — 1 drawings
2026-06-11 00:23:36,082 - INFO - ibkr.core.main_window - Chart symbol changed to: MTA
2026-06-11 00:23:36,082 - INFO - ibkr.core.main_window - Added chart symbol MTA to subscription
2026-06-11 00:23:36,083 - INFO - ibkr.core.main_window - Ensured subscription for chart symbol MTA
2026-06-11 00:23:36,083 - INFO - chart_engine.core.chart_widget - Chart seamlessly updated: MTA (71 candles)
2026-06-11 00:23:36,401 - INFO - ibkr.core.main_window - Subscription universe changed: 25 instruments (21 token-backed, +1/-1) sources={'positions': 21, 'charts': 2, 'watchlist': 1, 'header': 2}
2026-06-11 00:23:36,974 - INFO - chart_engine.core.ibkr_data_fetcher - Chart data fetch complete source=IBKR symbol=MTA bars=349
2026-06-11 00:23:37,073 - INFO - chart_engine.drawings - Loaded state for MTA (60minute) — 1 drawings
2026-06-11 00:23:37,082 - INFO - chart_engine.core.chart_widget - Chart seamlessly updated: MTA (349 candles)
2026-06-11 00:23:41,751 - INFO - ibkr.core.main_window - [ENTRY] Placing order: {'action': 'SELL', 'currency': 'USD', 'exchange': 'SMART', 'orderRef': 'QULL-SWING-MTA', 'orderType': 'MKT', 'order_type': 'MKT', 'outsideRth': False, 'outside_rth': False, 'price': 0.0, 'primaryExch': '', 'primaryExchange': '', 'primary_exchange': '', 'product': 'IBKR', 'quantity': 1, 'route': 'AUTO', 'secType': 'STK', 'sec_type': 'STK', 'symbol': 'MTA', 'tag': 'terminal-ibkr-swing', 'tif': 'DAY', 'totalQuantity': 1, 'tradingsymbol': 'MTA', 'transaction_type': 'SELL', 'transmit': True, 'trigger_price': 0.0, 'validity': 'DAY', 'variety': 'regular'}
2026-06-11 00:23:41,798 - INFO - ibkr.core.trade_logger - Queued order placement for logging: 460
2026-06-11 00:23:41,799 - INFO - ibkr.core.main_window - Order queued for logging: 460
2026-06-11 00:23:41,800 - INFO - ibkr.core.main_window - [ENTRY] Order accepted by broker: {'order_id': '460', 'perm_id': '', 'tradingsymbol': 'MTA', 'symbol': 'MTA', 'exchange': 'SMART', 'instrument_token': 395717235, 'transaction_type': 'SELL', 'order_type': 'MARKET', 'quantity': 1, 'price': 0.0, 'trigger_price': 0.0, 'status': 'PENDING', 'raw_status': 'PendingSubmit', 'status_message': '', 'filled_quantity': 0, 'pending_quantity': 0, 'average_price': 0.0, 'timestamp': '2026-06-10T14:53:41.755513', 'product': 'IBKR', 'accepted': True}
2026-06-11 00:23:41,801 - INFO - ibkr.widgets.order_dialog - [OrderDialog] SELL 1 MTA [SMART/MKT]
2026-06-11 00:23:43,857 - INFO - chart_engine.core.ibkr_data_fetcher - Chart data source=IBKR symbol=NVDA interval=day from=2026-03-02T14:53:43.857131-05:00 to=2026-06-10T14:53:43.857131-04:00 dedicated_history=True
2026-06-11 00:23:43,868 - INFO - chart_engine.core.ibkr_data_fetcher - Chart data source=IBKR symbol=NVDA interval=60minute from=2026-04-21T14:53:43.866972-04:00 to=2026-06-10T14:53:43.866972-04:00 dedicated_history=True
2026-06-11 00:23:43,955 - INFO - chart_engine.core.ibkr_data_fetcher - Chart data source=IBKR symbol=NVDA interval=day from=2026-03-02T14:53:43.955595-05:00 to=2026-06-10T14:53:43.955595-04:00 dedicated_history=True
2026-06-11 00:23:43,989 - INFO - chart_engine.core.ibkr_data_fetcher - Chart data source=IBKR symbol=NVDA interval=60minute from=2026-04-21T14:53:43.988891-04:00 to=2026-06-10T14:53:43.988891-04:00 dedicated_history=True
2026-06-11 00:23:44,153 - INFO - chart_engine.core.ibkr_data_fetcher - Requesting IBKR historical data: NVDA conId=4815747 bar=1 day duration=100 D end=latest
2026-06-11 00:23:44,472 - INFO - chart_engine.core.ibkr_data_fetcher - Requesting IBKR historical data: NVDA conId=4815747 bar=30 mins duration=50 D end=latest
2026-06-11 00:23:45,639 - INFO - chart_engine.core.ibkr_data_fetcher - Chart data fetch complete source=IBKR symbol=NVDA bars=71
2026-06-11 00:23:45,673 - INFO - chart_engine.drawings - Loaded state for NVDA (day) — 1 drawings
2026-06-11 00:23:45,675 - INFO - ibkr.core.main_window - Chart symbol changed to: NVDA
2026-06-11 00:23:45,676 - INFO - ibkr.core.main_window - Added chart symbol NVDA to subscription
2026-06-11 00:23:45,676 - INFO - ibkr.core.main_window - Ensured subscription for chart symbol NVDA
2026-06-11 00:23:45,677 - INFO - chart_engine.core.chart_widget - Chart seamlessly updated: NVDA (71 candles)
2026-06-11 00:23:46,660 - INFO - chart_engine.core.ibkr_data_fetcher - Chart data fetch complete source=IBKR symbol=NVDA bars=349
2026-06-11 00:23:46,699 - INFO - chart_engine.drawings - Loaded state for NVDA (60minute) — 1 drawings
2026-06-11 00:23:46,706 - INFO - chart_engine.core.chart_widget - Chart seamlessly updated: NVDA (349 candles)
2026-06-11 00:23:53,081 - INFO - ibkr.core.main_window - [ENTRY] Placing order: {'action': 'SELL', 'currency': 'USD', 'exchange': 'SMART', 'orderRef': 'QULL-SWING-NVDA', 'orderType': 'MKT', 'order_type': 'MKT', 'outsideRth': False, 'outside_rth': False, 'price': 0.0, 'primaryExch': '', 'primaryExchange': '', 'primary_exchange': '', 'product': 'IBKR', 'quantity': 100, 'route': 'AUTO', 'secType': 'STK', 'sec_type': 'STK', 'symbol': 'NVDA', 'tag': 'terminal-ibkr-swing', 'tif': 'DAY', 'totalQuantity': 100, 'tradingsymbol': 'NVDA', 'transaction_type': 'SELL', 'transmit': True, 'trigger_price': 0.0, 'validity': 'DAY', 'variety': 'regular'}
2026-06-11 00:23:53,115 - INFO - ibkr.core.trade_logger - Queued order placement for logging: 461
2026-06-11 00:23:53,115 - INFO - ibkr.core.main_window - Order queued for logging: 461
2026-06-11 00:23:53,116 - INFO - ibkr.core.main_window - [ENTRY] Order accepted by broker: {'order_id': '461', 'perm_id': '', 'tradingsymbol': 'NVDA', 'symbol': 'NVDA', 'exchange': 'SMART', 'instrument_token': 4815747, 'transaction_type': 'SELL', 'order_type': 'MARKET', 'quantity': 100, 'price': 0.0, 'trigger_price': 0.0, 'status': 'PENDING', 'raw_status': 'PendingSubmit', 'status_message': '', 'filled_quantity': 0, 'pending_quantity': 0, 'average_price': 0.0, 'timestamp': '2026-06-10T14:53:53.085325', 'product': 'IBKR', 'accepted': True}
2026-06-11 00:23:53,117 - INFO - ibkr.widgets.order_dialog - [OrderDialog] SELL 100 NVDA [SMART/MKT]
2026-06-11 00:23:53,174 - INFO - ibkr.core.position_manager - Fetching positions from broker - Reason: order_accepted
2026-06-11 00:23:54,227 - INFO - chart_engine.core.ibkr_data_fetcher - Chart data source=IBKR symbol=PTCT interval=day from=2026-03-02T14:53:54.227347-05:00 to=2026-06-10T14:53:54.227347-04:00 dedicated_history=True
2026-06-11 00:23:54,242 - INFO - chart_engine.core.ibkr_data_fetcher - Chart data source=IBKR symbol=PTCT interval=60minute from=2026-04-21T14:53:54.242514-04:00 to=2026-06-10T14:53:54.242514-04:00 dedicated_history=True
2026-06-11 00:23:54,330 - INFO - chart_engine.core.ibkr_data_fetcher - Chart data source=IBKR symbol=PTCT interval=day from=2026-03-02T14:53:54.330471-05:00 to=2026-06-10T14:53:54.330471-04:00 dedicated_history=True
2026-06-11 00:23:54,356 - INFO - chart_engine.core.ibkr_data_fetcher - Chart data source=IBKR symbol=PTCT interval=60minute from=2026-04-21T14:53:54.355784-04:00 to=2026-06-10T14:53:54.355784-04:00 dedicated_history=True
2026-06-11 00:23:54,528 - INFO - chart_engine.core.ibkr_data_fetcher - Requesting IBKR historical data: PTCT conId=129374415 bar=1 day duration=100 D end=latest
2026-06-11 00:23:54,821 - INFO - chart_engine.core.ibkr_data_fetcher - Requesting IBKR historical data: PTCT conId=129374415 bar=30 mins duration=50 D end=latest
2026-06-11 00:23:56,051 - INFO - chart_engine.core.ibkr_data_fetcher - Chart data fetch complete source=IBKR symbol=PTCT bars=71
2026-06-11 00:23:56,127 - INFO - chart_engine.drawings - Loaded state for PTCT (day) — 1 drawings
2026-06-11 00:23:56,132 - INFO - ibkr.core.main_window - Chart symbol changed to: PTCT
2026-06-11 00:23:56,133 - INFO - ibkr.core.main_window - Added chart symbol PTCT to subscription
2026-06-11 00:23:56,134 - INFO - ibkr.core.main_window - Ensured subscription for chart symbol PTCT
2026-06-11 00:23:56,134 - INFO - chart_engine.core.chart_widget - Chart seamlessly updated: PTCT (71 candles)
2026-06-11 00:23:56,423 - INFO - ibkr.core.main_window - Subscription universe changed: 25 instruments (21 token-backed, +1/-1) sources={'positions': 21, 'charts': 2, 'watchlist': 1, 'header': 2}
2026-06-11 00:23:56,754 - INFO - chart_engine.core.ibkr_data_fetcher - Chart data fetch complete source=IBKR symbol=PTCT bars=349
2026-06-11 00:23:56,794 - INFO - chart_engine.drawings - Loaded state for PTCT (60minute) — 1 drawings
2026-06-11 00:23:56,800 - INFO - chart_engine.core.chart_widget - Chart seamlessly updated: PTCT (349 candles)
2026-06-11 00:24:05,104 - INFO - chart_engine.core.ibkr_data_fetcher - Chart data source=IBKR symbol=PTCT interval=60minute from=2026-04-21T14:54:05.104027-04:00 to=2026-06-10T14:54:05.104027-04:00 dedicated_history=True
2026-06-11 00:24:05,105 - INFO - chart_engine.core.ibkr_data_fetcher - Requesting IBKR historical data: PTCT conId=129374415 bar=30 mins duration=50 D end=latest
2026-06-11 00:24:09,409 - INFO - ibkr.core.main_window - [ENTRY] Placing order: {'action': 'SELL', 'currency': 'USD', 'exchange': 'SMART', 'orderRef': 'QULL-SWING-PTCT', 'orderType': 'MKT', 'order_type': 'MKT', 'outsideRth': False, 'outside_rth': False, 'price': 0.0, 'primaryExch': '', 'primaryExchange': '', 'primary_exchange': '', 'product': 'IBKR', 'quantity': 100, 'route': 'AUTO', 'secType': 'STK', 'sec_type': 'STK', 'symbol': 'PTCT', 'tag': 'terminal-ibkr-swing', 'tif': 'DAY', 'totalQuantity': 100, 'tradingsymbol': 'PTCT', 'transaction_type': 'SELL', 'transmit': True, 'trigger_price': 0.0, 'validity': 'DAY', 'variety': 'regular'}
2026-06-11 00:24:09,460 - INFO - ibkr.core.trade_logger - Queued order placement for logging: 462
2026-06-11 00:24:09,460 - INFO - ibkr.core.main_window - Order queued for logging: 462
2026-06-11 00:24:09,461 - INFO - ibkr.core.main_window - [ENTRY] Order accepted by broker: {'order_id': '462', 'perm_id': '', 'tradingsymbol': 'PTCT', 'symbol': 'PTCT', 'exchange': 'SMART', 'instrument_token': 129374415, 'transaction_type': 'SELL', 'order_type': 'MARKET', 'quantity': 100, 'price': 0.0, 'trigger_price': 0.0, 'status': 'PENDING', 'raw_status': 'PendingSubmit', 'status_message': '', 'filled_quantity': 0, 'pending_quantity': 0, 'average_price': 0.0, 'timestamp': '2026-06-10T14:54:09.416973', 'product': 'IBKR', 'accepted': True}
2026-06-11 00:24:09,462 - INFO - ibkr.widgets.order_dialog - [OrderDialog] SELL 100 PTCT [SMART/MKT]
2026-06-11 00:24:09,518 - INFO - ibkr.core.position_manager - Fetching positions from broker - Reason: order_accepted
2026-06-11 00:24:10,604 - INFO - chart_engine.core.ibkr_data_fetcher - Chart data source=IBKR symbol=QBTS interval=day from=2026-03-02T14:54:10.603201-05:00 to=2026-06-10T14:54:10.603201-04:00 dedicated_history=True
2026-06-11 00:24:10,618 - INFO - chart_engine.core.ibkr_data_fetcher - Chart data source=IBKR symbol=QBTS interval=60minute from=2026-04-21T14:54:10.618440-04:00 to=2026-06-10T14:54:10.618440-04:00 dedicated_history=True
2026-06-11 00:24:10,753 - INFO - chart_engine.core.ibkr_data_fetcher - Chart data source=IBKR symbol=QBTS interval=day from=2026-03-02T14:54:10.753471-05:00 to=2026-06-10T14:54:10.753471-04:00 dedicated_history=True
2026-06-11 00:24:10,762 - INFO - chart_engine.core.ibkr_data_fetcher - Chart data source=IBKR symbol=QBTS interval=60minute from=2026-04-21T14:54:10.762040-04:00 to=2026-06-10T14:54:10.762040-04:00 dedicated_history=True
2026-06-11 00:24:10,896 - INFO - chart_engine.core.ibkr_data_fetcher - Requesting IBKR historical data: QBTS conId=578031277 bar=1 day duration=100 D end=latest
2026-06-11 00:24:11,186 - INFO - chart_engine.core.ibkr_data_fetcher - Requesting IBKR historical data: QBTS conId=578031277 bar=30 mins duration=50 D end=latest
2026-06-11 00:24:12,356 - INFO - chart_engine.core.ibkr_data_fetcher - Chart data fetch complete source=IBKR symbol=QBTS bars=71
2026-06-11 00:24:12,427 - INFO - chart_engine.drawings - Loaded state for QBTS (day) — 1 drawings
2026-06-11 00:24:12,434 - INFO - ibkr.core.main_window - Chart symbol changed to: QBTS
2026-06-11 00:24:12,434 - INFO - ibkr.core.main_window - Added chart symbol QBTS to subscription
2026-06-11 00:24:12,436 - INFO - ibkr.core.main_window - Ensured subscription for chart symbol QBTS
2026-06-11 00:24:12,436 - INFO - chart_engine.core.chart_widget - Chart seamlessly updated: QBTS (71 candles)
2026-06-11 00:24:12,725 - INFO - ibkr.core.main_window - Subscription universe changed: 25 instruments (21 token-backed, +1/-1) sources={'positions': 21, 'charts': 2, 'watchlist': 1, 'header': 2}
2026-06-11 00:24:13,759 - INFO - chart_engine.core.ibkr_data_fetcher - Chart data fetch complete source=IBKR symbol=QBTS bars=349
2026-06-11 00:24:13,842 - INFO - chart_engine.drawings - Loaded state for QBTS (60minute) — 1 drawings
2026-06-11 00:24:13,850 - INFO - chart_engine.core.chart_widget - Chart seamlessly updated: QBTS (349 candles)
2026-06-11 00:24:20,351 - INFO - ibkr.core.main_window - [ENTRY] Placing order: {'action': 'SELL', 'currency': 'USD', 'exchange': 'SMART', 'orderRef': 'QULL-SWING-QBTS', 'orderType': 'MKT', 'order_type': 'MKT', 'outsideRth': False, 'outside_rth': False, 'price': 0.0, 'primaryExch': '', 'primaryExchange': '', 'primary_exchange': '', 'product': 'IBKR', 'quantity': 2, 'route': 'AUTO', 'secType': 'STK', 'sec_type': 'STK', 'symbol': 'QBTS', 'tag': 'terminal-ibkr-swing', 'tif': 'DAY', 'totalQuantity': 2, 'tradingsymbol': 'QBTS', 'transaction_type': 'SELL', 'transmit': True, 'trigger_price': 0.0, 'validity': 'DAY', 'variety': 'regular'}
2026-06-11 00:24:20,402 - INFO - ibkr.core.trade_logger - Queued order placement for logging: 463
2026-06-11 00:24:20,402 - INFO - ibkr.core.main_window - Order queued for logging: 463
2026-06-11 00:24:20,403 - INFO - ibkr.core.main_window - [ENTRY] Order accepted by broker: {'order_id': '463', 'perm_id': '', 'tradingsymbol': 'QBTS', 'symbol': 'QBTS', 'exchange': 'SMART', 'instrument_token': 578031277, 'transaction_type': 'SELL', 'order_type': 'MARKET', 'quantity': 2, 'price': 0.0, 'trigger_price': 0.0, 'status': 'PENDING', 'raw_status': 'PendingSubmit', 'status_message': '', 'filled_quantity': 0, 'pending_quantity': 0, 'average_price': 0.0, 'timestamp': '2026-06-10T14:54:20.354685', 'product': 'IBKR', 'accepted': True}
2026-06-11 00:24:20,404 - INFO - ibkr.widgets.order_dialog - [OrderDialog] SELL 2 QBTS [SMART/MKT]
2026-06-11 00:24:20,454 - INFO - ibkr.core.position_manager - Fetching positions from broker - Reason: order_accepted
2026-06-11 00:24:21,166 - INFO - chart_engine.core.ibkr_data_fetcher - Chart data source=IBKR symbol=RDW interval=day from=2026-03-02T14:54:21.166555-05:00 to=2026-06-10T14:54:21.166555-04:00 dedicated_history=True
2026-06-11 00:24:21,180 - INFO - chart_engine.core.ibkr_data_fetcher - Chart data source=IBKR symbol=RDW interval=60minute from=2026-04-21T14:54:21.180231-04:00 to=2026-06-10T14:54:21.180231-04:00 dedicated_history=True
2026-06-11 00:24:21,263 - INFO - chart_engine.core.ibkr_data_fetcher - Chart data source=IBKR symbol=RDW interval=day from=2026-03-02T14:54:21.262805-05:00 to=2026-06-10T14:54:21.262805-04:00 dedicated_history=True
2026-06-11 00:24:21,299 - INFO - chart_engine.core.ibkr_data_fetcher - Chart data source=IBKR symbol=RDW interval=60minute from=2026-04-21T14:54:21.298930-04:00 to=2026-06-10T14:54:21.298930-04:00 dedicated_history=True
2026-06-11 00:24:21,457 - INFO - chart_engine.core.ibkr_data_fetcher - Requesting IBKR historical data: RDW conId=512000171 bar=1 day duration=100 D end=latest
2026-06-11 00:24:21,781 - INFO - chart_engine.core.ibkr_data_fetcher - Requesting IBKR historical data: RDW conId=512000171 bar=30 mins duration=50 D end=latest
2026-06-11 00:24:23,007 - INFO - chart_engine.core.ibkr_data_fetcher - Chart data fetch complete source=IBKR symbol=RDW bars=71
2026-06-11 00:24:23,094 - INFO - chart_engine.drawings - Loaded state for RDW (day) — 1 drawings
2026-06-11 00:24:23,099 - INFO - ibkr.core.main_window - Chart symbol changed to: RDW
2026-06-11 00:24:23,099 - INFO - ibkr.core.main_window - Added chart symbol RDW to subscription
2026-06-11 00:24:23,101 - INFO - ibkr.core.main_window - Ensured subscription for chart symbol RDW
2026-06-11 00:24:23,101 - INFO - chart_engine.core.chart_widget - Chart seamlessly updated: RDW (71 candles)
2026-06-11 00:24:23,406 - INFO - ibkr.core.main_window - Subscription universe changed: 25 instruments (21 token-backed, +1/-1) sources={'positions': 21, 'charts': 2, 'watchlist': 1, 'header': 2}
2026-06-11 00:24:24,099 - INFO - chart_engine.core.ibkr_data_fetcher - Chart data fetch complete source=IBKR symbol=RDW bars=349
2026-06-11 00:24:24,303 - INFO - chart_engine.drawings - Loaded state for RDW (60minute) — 1 drawings
2026-06-11 00:24:24,312 - INFO - chart_engine.core.chart_widget - Chart seamlessly updated: RDW (349 candles)
2026-06-11 00:24:33,029 - INFO - ibkr.core.main_window - [ENTRY] Placing order: {'action': 'SELL', 'currency': 'USD', 'exchange': 'SMART', 'orderRef': 'QULL-SWING-RDW', 'orderType': 'MKT', 'order_type': 'MKT', 'outsideRth': False, 'outside_rth': False, 'price': 0.0, 'primaryExch': '', 'primaryExchange': '', 'primary_exchange': '', 'product': 'IBKR', 'quantity': 900, 'route': 'AUTO', 'secType': 'STK', 'sec_type': 'STK', 'symbol': 'RDW', 'tag': 'terminal-ibkr-swing', 'tif': 'DAY', 'totalQuantity': 900, 'tradingsymbol': 'RDW', 'transaction_type': 'SELL', 'transmit': True, 'trigger_price': 0.0, 'validity': 'DAY', 'variety': 'regular'}
2026-06-11 00:24:33,076 - INFO - ibkr.core.trade_logger - Queued order placement for logging: 464
2026-06-11 00:24:33,077 - INFO - ibkr.core.main_window - Order queued for logging: 464
2026-06-11 00:24:33,078 - INFO - ibkr.core.main_window - [ENTRY] Order accepted by broker: {'order_id': '464', 'perm_id': '', 'tradingsymbol': 'RDW', 'symbol': 'RDW', 'exchange': 'SMART', 'instrument_token': 512000171, 'transaction_type': 'SELL', 'order_type': 'MARKET', 'quantity': 900, 'price': 0.0, 'trigger_price': 0.0, 'status': 'PENDING', 'raw_status': 'PendingSubmit', 'status_message': '', 'filled_quantity': 0, 'pending_quantity': 0, 'average_price': 0.0, 'timestamp': '2026-06-10T14:54:33.033918', 'product': 'IBKR', 'accepted': True}
2026-06-11 00:24:33,079 - INFO - ibkr.widgets.order_dialog - [OrderDialog] SELL 900 RDW [SMART/MKT]
2026-06-11 00:24:33,141 - INFO - ibkr.core.position_manager - Fetching positions from broker - Reason: order_accepted
2026-06-11 00:24:35,607 - INFO - chart_engine.core.ibkr_data_fetcher - Chart data source=IBKR symbol=RKLB interval=day from=2026-03-02T14:54:35.606354-05:00 to=2026-06-10T14:54:35.606354-04:00 dedicated_history=True
2026-06-11 00:24:35,619 - INFO - chart_engine.core.ibkr_data_fetcher - Chart data source=IBKR symbol=RKLB interval=60minute from=2026-04-21T14:54:35.619087-04:00 to=2026-06-10T14:54:35.619087-04:00 dedicated_history=True
2026-06-11 00:24:35,686 - INFO - chart_engine.core.ibkr_data_fetcher - Chart data source=IBKR symbol=RKLB interval=day from=2026-03-02T14:54:35.685877-05:00 to=2026-06-10T14:54:35.685877-04:00 dedicated_history=True
2026-06-11 00:24:35,695 - INFO - chart_engine.core.ibkr_data_fetcher - Chart data source=IBKR symbol=RKLB interval=60minute from=2026-04-21T14:54:35.694570-04:00 to=2026-06-10T14:54:35.694570-04:00 dedicated_history=True
2026-06-11 00:24:35,945 - INFO - chart_engine.core.ibkr_data_fetcher - Requesting IBKR historical data: RKLB conId=787273575 bar=1 day duration=100 D end=latest
2026-06-11 00:24:36,273 - INFO - chart_engine.core.ibkr_data_fetcher - Requesting IBKR historical data: RKLB conId=787273575 bar=30 mins duration=50 D end=latest
2026-06-11 00:24:37,385 - INFO - chart_engine.core.ibkr_data_fetcher - Chart data fetch complete source=IBKR symbol=RKLB bars=71
2026-06-11 00:24:37,483 - INFO - chart_engine.drawings - Loaded state for RKLB (day) — 1 drawings
2026-06-11 00:24:37,484 - INFO - chart_engine.drawings - Loaded global chart settings.
2026-06-11 00:24:37,485 - INFO - chart_engine.drawings - Saved global chart settings.
2026-06-11 00:24:37,487 - INFO - ibkr.core.main_window - Chart symbol changed to: RKLB
2026-06-11 00:24:37,487 - INFO - ibkr.core.main_window - Added chart symbol RKLB to subscription
2026-06-11 00:24:37,488 - INFO - ibkr.core.main_window - Ensured subscription for chart symbol RKLB
2026-06-11 00:24:37,488 - INFO - chart_engine.core.chart_widget - Chart seamlessly updated: RKLB (71 candles)
2026-06-11 00:24:37,805 - INFO - ibkr.core.main_window - Subscription universe changed: 25 instruments (21 token-backed, +1/-1) sources={'positions': 21, 'charts': 2, 'watchlist': 1, 'header': 2}
2026-06-11 00:24:38,576 - INFO - chart_engine.core.ibkr_data_fetcher - Chart data fetch complete source=IBKR symbol=RKLB bars=349
2026-06-11 00:24:38,791 - INFO - chart_engine.drawings - Loaded state for RKLB (60minute) — 1 drawings
2026-06-11 00:24:38,803 - INFO - chart_engine.core.chart_widget - Chart seamlessly updated: RKLB (349 candles)
2026-06-11 00:24:45,370 - INFO - ibkr.core.main_window - [ENTRY] Placing order: {'action': 'SELL', 'currency': 'USD', 'exchange': 'SMART', 'orderRef': 'QULL-SWING-RKLB', 'orderType': 'MKT', 'order_type': 'MKT', 'outsideRth': False, 'outside_rth': False, 'price': 0.0, 'primaryExch': '', 'primaryExchange': '', 'primary_exchange': '', 'product': 'IBKR', 'quantity': 150, 'route': 'AUTO', 'secType': 'STK', 'sec_type': 'STK', 'symbol': 'RKLB', 'tag': 'terminal-ibkr-swing', 'tif': 'DAY', 'totalQuantity': 150, 'tradingsymbol': 'RKLB', 'transaction_type': 'SELL', 'transmit': True, 'trigger_price': 0.0, 'validity': 'DAY', 'variety': 'regular'}
2026-06-11 00:24:45,416 - INFO - ibkr.core.trade_logger - Queued order placement for logging: 465
2026-06-11 00:24:45,417 - INFO - ibkr.core.main_window - Order queued for logging: 465
2026-06-11 00:24:45,418 - INFO - ibkr.core.main_window - [ENTRY] Order accepted by broker: {'order_id': '465', 'perm_id': '', 'tradingsymbol': 'RKLB', 'symbol': 'RKLB', 'exchange': 'SMART', 'instrument_token': 787273575, 'transaction_type': 'SELL', 'order_type': 'MARKET', 'quantity': 150, 'price': 0.0, 'trigger_price': 0.0, 'status': 'PENDING', 'raw_status': 'PendingSubmit', 'status_message': '', 'filled_quantity': 0, 'pending_quantity': 0, 'average_price': 0.0, 'timestamp': '2026-06-10T14:54:45.374183', 'product': 'IBKR', 'accepted': True}
2026-06-11 00:24:45,419 - INFO - ibkr.widgets.order_dialog - [OrderDialog] SELL 150 RKLB [SMART/MKT]
2026-06-11 00:24:45,483 - INFO - ibkr.core.position_manager - Fetching positions from broker - Reason: order_accepted
2026-06-11 00:24:46,573 - INFO - chart_engine.core.ibkr_data_fetcher - Chart data source=IBKR symbol=SIDU interval=day from=2026-03-02T14:54:46.570280-05:00 to=2026-06-10T14:54:46.570280-04:00 dedicated_history=True
2026-06-11 00:24:46,589 - INFO - chart_engine.core.ibkr_data_fetcher - Chart data source=IBKR symbol=SIDU interval=60minute from=2026-04-21T14:54:46.589675-04:00 to=2026-06-10T14:54:46.589675-04:00 dedicated_history=True
2026-06-11 00:24:46,679 - INFO - chart_engine.core.ibkr_data_fetcher - Chart data source=IBKR symbol=SIDU interval=day from=2026-03-02T14:54:46.678638-05:00 to=2026-06-10T14:54:46.678638-04:00 dedicated_history=True
2026-06-11 00:24:46,709 - INFO - chart_engine.core.ibkr_data_fetcher - Chart data source=IBKR symbol=SIDU interval=60minute from=2026-04-21T14:54:46.709387-04:00 to=2026-06-10T14:54:46.709387-04:00 dedicated_history=True
2026-06-11 00:24:46,865 - INFO - chart_engine.core.ibkr_data_fetcher - Requesting IBKR historical data: SIDU conId=673368857 bar=1 day duration=100 D end=latest
2026-06-11 00:24:47,145 - INFO - chart_engine.core.ibkr_data_fetcher - Requesting IBKR historical data: SIDU conId=673368857 bar=30 mins duration=50 D end=latest
2026-06-11 00:24:48,335 - INFO - chart_engine.core.ibkr_data_fetcher - Chart data fetch complete source=IBKR symbol=SIDU bars=71
2026-06-11 00:24:48,387 - INFO - chart_engine.drawings - Loaded state for SIDU (day) — 1 drawings
2026-06-11 00:24:48,390 - INFO - ibkr.core.main_window - Chart symbol changed to: SIDU
2026-06-11 00:24:48,390 - INFO - ibkr.core.main_window - Added chart symbol SIDU to subscription
2026-06-11 00:24:48,392 - INFO - ibkr.core.main_window - Ensured subscription for chart symbol SIDU
2026-06-11 00:24:48,392 - INFO - chart_engine.core.chart_widget - Chart seamlessly updated: SIDU (71 candles)
2026-06-11 00:24:48,705 - INFO - ibkr.core.main_window - Subscription universe changed: 25 instruments (21 token-backed, +1/-1) sources={'positions': 21, 'charts': 2, 'watchlist': 1, 'header': 2}
2026-06-11 00:24:49,328 - INFO - chart_engine.core.ibkr_data_fetcher - Chart data fetch complete source=IBKR symbol=SIDU bars=349
2026-06-11 00:24:49,460 - INFO - chart_engine.drawings - Loaded state for SIDU (60minute) — 1 drawings
2026-06-11 00:24:49,467 - INFO - chart_engine.core.chart_widget - Chart seamlessly updated: SIDU (349 candles)
2026-06-11 00:24:57,261 - INFO - ibkr.core.main_window - [ENTRY] Placing order: {'action': 'SELL', 'currency': 'USD', 'exchange': 'SMART', 'orderRef': 'QULL-SWING-SIDU', 'orderType': 'MKT', 'order_type': 'MKT', 'outsideRth': False, 'outside_rth': False, 'price': 0.0, 'primaryExch': '', 'primaryExchange': '', 'primary_exchange': '', 'product': 'IBKR', 'quantity': 1000, 'route': 'AUTO', 'secType': 'STK', 'sec_type': 'STK', 'symbol': 'SIDU', 'tag': 'terminal-ibkr-swing', 'tif': 'DAY', 'totalQuantity': 1000, 'tradingsymbol': 'SIDU', 'transaction_type': 'SELL', 'transmit': True, 'trigger_price': 0.0, 'validity': 'DAY', 'variety': 'regular'}
2026-06-11 00:24:57,301 - INFO - ibkr.core.trade_logger - Queued order placement for logging: 466
2026-06-11 00:24:57,302 - INFO - ibkr.core.main_window - Order queued for logging: 466
2026-06-11 00:24:57,302 - INFO - ibkr.core.main_window - [ENTRY] Order accepted by broker: {'order_id': '466', 'perm_id': '', 'tradingsymbol': 'SIDU', 'symbol': 'SIDU', 'exchange': 'SMART', 'instrument_token': 673368857, 'transaction_type': 'SELL', 'order_type': 'MARKET', 'quantity': 1000, 'price': 0.0, 'trigger_price': 0.0, 'status': 'PENDING', 'raw_status': 'PendingSubmit', 'status_message': '', 'filled_quantity': 0, 'pending_quantity': 0, 'average_price': 0.0, 'timestamp': '2026-06-10T14:54:57.268416', 'product': 'IBKR', 'accepted': True}
2026-06-11 00:24:57,303 - INFO - ibkr.widgets.order_dialog - [OrderDialog] SELL 1000 SIDU [SMART/MKT]
2026-06-11 00:24:57,361 - INFO - ibkr.core.position_manager - Fetching positions from broker - Reason: order_accepted
2026-06-11 00:24:58,197 - INFO - chart_engine.core.ibkr_data_fetcher - Chart data source=IBKR symbol=SNDK interval=day from=2026-03-02T14:54:58.197724-05:00 to=2026-06-10T14:54:58.197724-04:00 dedicated_history=True
2026-06-11 00:24:58,203 - INFO - chart_engine.core.ibkr_data_fetcher - Requesting IBKR historical data: SNDK conId=760250490 bar=1 day duration=100 D end=latest
2026-06-11 00:24:58,215 - INFO - chart_engine.core.ibkr_data_fetcher - Chart data source=IBKR symbol=SNDK interval=60minute from=2026-04-21T14:54:58.213418-04:00 to=2026-06-10T14:54:58.213418-04:00 dedicated_history=True
2026-06-11 00:24:58,216 - INFO - chart_engine.core.ibkr_data_fetcher - Requesting IBKR historical data: SNDK conId=760250490 bar=30 mins duration=50 D end=latest
2026-06-11 00:24:58,294 - INFO - chart_engine.core.ibkr_data_fetcher - Chart data source=IBKR symbol=SNDK interval=day from=2026-03-02T14:54:58.293881-05:00 to=2026-06-10T14:54:58.293881-04:00 dedicated_history=True
2026-06-11 00:24:58,323 - INFO - chart_engine.core.ibkr_data_fetcher - Chart data source=IBKR symbol=SNDK interval=60minute from=2026-04-21T14:54:58.323726-04:00 to=2026-06-10T14:54:58.323726-04:00 dedicated_history=True
2026-06-11 00:24:59,651 - INFO - chart_engine.core.ibkr_data_fetcher - Chart data fetch complete source=IBKR symbol=SNDK bars=71
2026-06-11 00:24:59,711 - INFO - chart_engine.drawings - Loaded state for SNDK (day) — 1 drawings
2026-06-11 00:24:59,711 - INFO - chart_engine.drawings - Loaded global chart settings.
2026-06-11 00:24:59,713 - INFO - chart_engine.drawings - Saved global chart settings.
2026-06-11 00:24:59,715 - INFO - ibkr.core.main_window - Chart symbol changed to: SNDK
2026-06-11 00:24:59,715 - INFO - ibkr.core.main_window - Added chart symbol SNDK to subscription
2026-06-11 00:24:59,716 - INFO - ibkr.core.main_window - Ensured subscription for chart symbol SNDK
2026-06-11 00:24:59,717 - INFO - chart_engine.core.chart_widget - Chart seamlessly updated: SNDK (71 candles)
2026-06-11 00:25:00,006 - INFO - ibkr.core.main_window - Subscription universe changed: 25 instruments (21 token-backed, +1/-1) sources={'positions': 21, 'charts': 2, 'watchlist': 1, 'header': 2}
2026-06-11 00:25:00,705 - INFO - chart_engine.core.ibkr_data_fetcher - Chart data fetch complete source=IBKR symbol=SNDK bars=349
2026-06-11 00:25:00,747 - INFO - chart_engine.drawings - Loaded state for SNDK (60minute) — 1 drawings
2026-06-11 00:25:00,753 - INFO - chart_engine.core.chart_widget - Chart seamlessly updated: SNDK (349 candles)
2026-06-11 00:25:06,947 - INFO - chart_engine.core.ibkr_data_fetcher - Chart data source=IBKR symbol=SPRC interval=day from=2026-03-02T14:55:06.947109-05:00 to=2026-06-10T14:55:06.947109-04:00 dedicated_history=True
2026-06-11 00:25:06,960 - INFO - chart_engine.core.ibkr_data_fetcher - Chart data source=IBKR symbol=SPRC interval=60minute from=2026-04-21T14:55:06.960235-04:00 to=2026-06-10T14:55:06.960235-04:00 dedicated_history=True
2026-06-11 00:25:07,119 - INFO - chart_engine.core.ibkr_data_fetcher - Chart data source=IBKR symbol=SPRC interval=day from=2026-03-02T14:55:07.119049-05:00 to=2026-06-10T14:55:07.119049-04:00 dedicated_history=True
2026-06-11 00:25:07,131 - INFO - chart_engine.core.ibkr_data_fetcher - Chart data source=IBKR symbol=SPRC interval=60minute from=2026-04-21T14:55:07.131154-04:00 to=2026-06-10T14:55:07.131154-04:00 dedicated_history=True
2026-06-11 00:25:07,250 - INFO - chart_engine.core.ibkr_data_fetcher - Requesting IBKR historical data: SPRC conId=860471331 bar=1 day duration=100 D end=latest
2026-06-11 00:25:07,568 - INFO - chart_engine.core.ibkr_data_fetcher - Requesting IBKR historical data: SPRC conId=860471331 bar=30 mins duration=50 D end=latest
2026-06-11 00:25:09,212 - INFO - chart_engine.core.ibkr_data_fetcher - Chart data fetch complete source=IBKR symbol=SPRC bars=348
2026-06-11 00:25:09,289 - INFO - chart_engine.drawings - Loaded state for SPRC (60minute) — 1 drawings
2026-06-11 00:25:09,299 - INFO - ibkr.core.main_window - Ensured subscription for chart symbol SPRC
2026-06-11 00:25:09,300 - INFO - chart_engine.core.chart_widget - Chart seamlessly updated: SPRC (348 candles)
2026-06-11 00:25:09,309 - INFO - chart_engine.core.ibkr_data_fetcher - Chart data fetch complete source=IBKR symbol=SPRC bars=71
2026-06-11 00:25:09,379 - INFO - chart_engine.drawings - Loaded state for SPRC (day) — 1 drawings
2026-06-11 00:25:09,383 - INFO - ibkr.core.main_window - Chart symbol changed to: SPRC
2026-06-11 00:25:09,383 - INFO - ibkr.core.main_window - Added chart symbol SPRC to subscription
2026-06-11 00:25:09,385 - INFO - chart_engine.core.chart_widget - Chart seamlessly updated: SPRC (71 candles)
2026-06-11 00:25:18,811 - INFO - ibkr.core.main_window - [ENTRY] Placing order: {'action': 'SELL', 'currency': 'USD', 'exchange': 'SMART', 'orderRef': 'QULL-SWING-SPRC', 'orderType': 'MKT', 'order_type': 'MKT', 'outsideRth': False, 'outside_rth': False, 'price': 0.0, 'primaryExch': '', 'primaryExchange': '', 'primary_exchange': '', 'product': 'IBKR', 'quantity': 1000, 'route': 'AUTO', 'secType': 'STK', 'sec_type': 'STK', 'symbol': 'SPRC', 'tag': 'terminal-ibkr-swing', 'tif': 'DAY', 'totalQuantity': 1000, 'tradingsymbol': 'SPRC', 'transaction_type': 'SELL', 'transmit': True, 'trigger_price': 0.0, 'validity': 'DAY', 'variety': 'regular'}
2026-06-11 00:25:18,853 - INFO - ibkr.core.trade_logger - Queued order placement for logging: 467
2026-06-11 00:25:18,854 - INFO - ibkr.core.main_window - Order queued for logging: 467
2026-06-11 00:25:18,854 - INFO - ibkr.core.main_window - [ENTRY] Order accepted by broker: {'order_id': '467', 'perm_id': '', 'tradingsymbol': 'SPRC', 'symbol': 'SPRC', 'exchange': 'SMART', 'instrument_token': 860471331, 'transaction_type': 'SELL', 'order_type': 'MARKET', 'quantity': 1000, 'price': 0.0, 'trigger_price': 0.0, 'status': 'PENDING', 'raw_status': 'PendingSubmit', 'status_message': '', 'filled_quantity': 0, 'pending_quantity': 0, 'average_price': 0.0, 'timestamp': '2026-06-10T14:55:18.815359', 'product': 'IBKR', 'accepted': True}
2026-06-11 00:25:18,855 - INFO - ibkr.widgets.order_dialog - [OrderDialog] SELL 1000 SPRC [SMART/MKT]
2026-06-11 00:25:18,923 - INFO - ibkr.core.position_manager - Fetching positions from broker - Reason: order_accepted
2026-06-11 00:25:20,193 - INFO - chart_engine.core.ibkr_data_fetcher - Chart data source=IBKR symbol=TACT interval=day from=2026-03-02T14:55:20.192200-05:00 to=2026-06-10T14:55:20.192200-04:00 dedicated_history=True
2026-06-11 00:25:20,195 - INFO - chart_engine.core.ibkr_data_fetcher - Requesting IBKR historical data: TACT conId=6858145 bar=1 day duration=100 D end=latest
2026-06-11 00:25:20,207 - INFO - chart_engine.core.ibkr_data_fetcher - Chart data source=IBKR symbol=TACT interval=60minute from=2026-04-21T14:55:20.207825-04:00 to=2026-06-10T14:55:20.207825-04:00 dedicated_history=True
2026-06-11 00:25:20,209 - INFO - chart_engine.core.ibkr_data_fetcher - Requesting IBKR historical data: TACT conId=6858145 bar=30 mins duration=50 D end=latest
2026-06-11 00:25:20,319 - INFO - chart_engine.core.ibkr_data_fetcher - Chart data source=IBKR symbol=TACT interval=day from=2026-03-02T14:55:20.319238-05:00 to=2026-06-10T14:55:20.319238-04:00 dedicated_history=True
2026-06-11 00:25:20,332 - INFO - chart_engine.core.ibkr_data_fetcher - Chart data source=IBKR symbol=TACT interval=60minute from=2026-04-21T14:55:20.332411-04:00 to=2026-06-10T14:55:20.332411-04:00 dedicated_history=True
2026-06-11 00:25:21,459 - INFO - chart_engine.core.ibkr_data_fetcher - Chart data fetch complete source=IBKR symbol=TACT bars=71
2026-06-11 00:25:21,527 - INFO - chart_engine.drawings - Loaded state for TACT (day) — 1 drawings
2026-06-11 00:25:21,528 - INFO - chart_engine.drawings - Loaded global chart settings.
2026-06-11 00:25:21,529 - INFO - chart_engine.drawings - Saved global chart settings.
2026-06-11 00:25:21,532 - INFO - ibkr.core.main_window - Chart symbol changed to: TACT
2026-06-11 00:25:21,532 - INFO - ibkr.core.main_window - Added chart symbol TACT to subscription
2026-06-11 00:25:21,533 - INFO - ibkr.core.main_window - Ensured subscription for chart symbol TACT
2026-06-11 00:25:21,533 - INFO - chart_engine.core.chart_widget - Chart seamlessly updated: TACT (71 candles)
2026-06-11 00:25:21,821 - INFO - ibkr.core.main_window - Subscription universe changed: 25 instruments (21 token-backed, +1/-1) sources={'positions': 21, 'charts': 2, 'watchlist': 1, 'header': 2}
2026-06-11 00:25:22,229 - INFO - chart_engine.core.ibkr_data_fetcher - Chart data fetch complete source=IBKR symbol=TACT bars=346
2026-06-11 00:25:22,303 - INFO - chart_engine.drawings - Loaded state for TACT (60minute) — 1 drawings
2026-06-11 00:25:22,309 - INFO - chart_engine.core.chart_widget - Chart seamlessly updated: TACT (346 candles)
2026-06-11 00:25:26,332 - INFO - chart_engine.core.ibkr_data_fetcher - Chart data source=IBKR symbol=TSLA interval=day from=2026-03-02T14:55:26.332741-05:00 to=2026-06-10T14:55:26.332741-04:00 dedicated_history=True
2026-06-11 00:25:26,349 - INFO - chart_engine.core.ibkr_data_fetcher - Chart data source=IBKR symbol=TSLA interval=60minute from=2026-04-21T14:55:26.349635-04:00 to=2026-06-10T14:55:26.349635-04:00 dedicated_history=True
2026-06-11 00:25:26,477 - INFO - chart_engine.core.ibkr_data_fetcher - Chart data source=IBKR symbol=TSLA interval=day from=2026-03-02T14:55:26.476956-05:00 to=2026-06-10T14:55:26.476956-04:00 dedicated_history=True
2026-06-11 00:25:26,487 - INFO - chart_engine.core.ibkr_data_fetcher - Chart data source=IBKR symbol=TSLA interval=60minute from=2026-04-21T14:55:26.487335-04:00 to=2026-06-10T14:55:26.487335-04:00 dedicated_history=True
2026-06-11 00:25:26,622 - INFO - chart_engine.core.ibkr_data_fetcher - Requesting IBKR historical data: TSLA conId=76792991 bar=1 day duration=100 D end=latest
2026-06-11 00:25:26,954 - INFO - chart_engine.core.ibkr_data_fetcher - Requesting IBKR historical data: TSLA conId=76792991 bar=30 mins duration=50 D end=latest
2026-06-11 00:25:27,777 - INFO - chart_engine.core.ibkr_data_fetcher - Chart data fetch complete source=IBKR symbol=TSLA bars=71
2026-06-11 00:25:27,896 - INFO - chart_engine.drawings - Loaded state for TSLA (day) — 1 drawings
2026-06-11 00:25:27,899 - INFO - ibkr.core.main_window - Chart symbol changed to: TSLA
2026-06-11 00:25:27,899 - INFO - ibkr.core.main_window - Added chart symbol TSLA to subscription
2026-06-11 00:25:27,900 - INFO - ibkr.core.main_window - Ensured subscription for chart symbol TSLA
2026-06-11 00:25:27,900 - INFO - chart_engine.core.chart_widget - Chart seamlessly updated: TSLA (71 candles)
2026-06-11 00:25:28,783 - INFO - chart_engine.core.ibkr_data_fetcher - Chart data fetch complete source=IBKR symbol=TSLA bars=349
2026-06-11 00:25:28,835 - INFO - chart_engine.drawings - Loaded state for TSLA (60minute) — 1 drawings
2026-06-11 00:25:28,840 - INFO - chart_engine.core.chart_widget - Chart seamlessly updated: TSLA (349 candles)
2026-06-11 00:25:35,713 - INFO - ibkr.core.main_window - [ENTRY] Placing order: {'action': 'SELL', 'currency': 'USD', 'exchange': 'SMART', 'orderRef': 'QULL-SWING-TSLA', 'orderType': 'MKT', 'order_type': 'MKT', 'outsideRth': False, 'outside_rth': False, 'price': 0.0, 'primaryExch': '', 'primaryExchange': '', 'primary_exchange': '', 'product': 'IBKR', 'quantity': 20, 'route': 'AUTO', 'secType': 'STK', 'sec_type': 'STK', 'symbol': 'TSLA', 'tag': 'terminal-ibkr-swing', 'tif': 'DAY', 'totalQuantity': 20, 'tradingsymbol': 'TSLA', 'transaction_type': 'SELL', 'transmit': True, 'trigger_price': 0.0, 'validity': 'DAY', 'variety': 'regular'}
2026-06-11 00:25:35,738 - INFO - ibkr.core.trade_logger - Queued order placement for logging: 468
2026-06-11 00:25:35,739 - INFO - ibkr.core.main_window - Order queued for logging: 468
2026-06-11 00:25:35,739 - INFO - ibkr.core.main_window - [ENTRY] Order accepted by broker: {'order_id': '468', 'perm_id': '', 'tradingsymbol': 'TSLA', 'symbol': 'TSLA', 'exchange': 'SMART', 'instrument_token': 76792991, 'transaction_type': 'SELL', 'order_type': 'MARKET', 'quantity': 20, 'price': 0.0, 'trigger_price': 0.0, 'status': 'PENDING', 'raw_status': 'PendingSubmit', 'status_message': '', 'filled_quantity': 0, 'pending_quantity': 0, 'average_price': 0.0, 'timestamp': '2026-06-10T14:55:35.715542', 'product': 'IBKR', 'accepted': True}
2026-06-11 00:25:35,739 - INFO - ibkr.widgets.order_dialog - [OrderDialog] SELL 20 TSLA [SMART/MKT]
2026-06-11 00:25:35,778 - INFO - ibkr.core.position_manager - Fetching positions from broker - Reason: order_accepted
2026-06-11 00:25:39,837 - INFO - chart_engine.core.ibkr_data_fetcher - Chart data source=IBKR symbol=UMC interval=day from=2026-03-02T14:55:39.837427-05:00 to=2026-06-10T14:55:39.837427-04:00 dedicated_history=True
2026-06-11 00:25:39,853 - INFO - chart_engine.core.ibkr_data_fetcher - Chart data source=IBKR symbol=UMC interval=60minute from=2026-04-21T14:55:39.853332-04:00 to=2026-06-10T14:55:39.853332-04:00 dedicated_history=True
2026-06-11 00:25:39,921 - INFO - chart_engine.core.ibkr_data_fetcher - Chart data source=IBKR symbol=UMC interval=day from=2026-03-02T14:55:39.921159-05:00 to=2026-06-10T14:55:39.921159-04:00 dedicated_history=True
2026-06-11 00:25:39,932 - INFO - chart_engine.core.ibkr_data_fetcher - Chart data source=IBKR symbol=UMC interval=60minute from=2026-04-21T14:55:39.930778-04:00 to=2026-06-10T14:55:39.930778-04:00 dedicated_history=True
2026-06-11 00:25:40,130 - INFO - chart_engine.core.ibkr_data_fetcher - Requesting IBKR historical data: UMC conId=46613372 bar=1 day duration=100 D end=latest
2026-06-11 00:25:40,450 - INFO - chart_engine.core.ibkr_data_fetcher - Requesting IBKR historical data: UMC conId=46613372 bar=30 mins duration=50 D end=latest
2026-06-11 00:25:41,598 - INFO - chart_engine.core.ibkr_data_fetcher - Chart data fetch complete source=IBKR symbol=UMC bars=71
2026-06-11 00:25:41,637 - INFO - chart_engine.drawings - Loaded state for UMC (day) — 1 drawings
2026-06-11 00:25:41,638 - INFO - chart_engine.drawings - Loaded global chart settings.
2026-06-11 00:25:41,639 - INFO - chart_engine.drawings - Saved global chart settings.
2026-06-11 00:25:41,641 - INFO - ibkr.core.main_window - Chart symbol changed to: UMC
2026-06-11 00:25:41,641 - INFO - ibkr.core.main_window - Added chart symbol UMC to subscription
2026-06-11 00:25:41,642 - INFO - ibkr.core.main_window - Ensured subscription for chart symbol UMC
2026-06-11 00:25:41,642 - INFO - chart_engine.core.chart_widget - Chart seamlessly updated: UMC (71 candles)
2026-06-11 00:25:41,944 - INFO - ibkr.core.main_window - Subscription universe changed: 25 instruments (21 token-backed, +1/-1) sources={'positions': 21, 'charts': 2, 'watchlist': 1, 'header': 2}
2026-06-11 00:25:43,116 - INFO - chart_engine.core.ibkr_data_fetcher - Chart data fetch complete source=IBKR symbol=UMC bars=349
2026-06-11 00:25:43,473 - INFO - chart_engine.drawings - Loaded state for UMC (60minute) — 1 drawings
2026-06-11 00:25:43,494 - INFO - chart_engine.core.chart_widget - Chart seamlessly updated: UMC (349 candles)
2026-06-11 00:25:50,587 - INFO - ibkr.core.main_window - [ENTRY] Placing order: {'action': 'SELL', 'currency': 'USD', 'exchange': 'SMART', 'orderRef': 'QULL-SWING-UMC', 'orderType': 'MKT', 'order_type': 'MKT', 'outsideRth': False, 'outside_rth': False, 'price': 0.0, 'primaryExch': '', 'primaryExchange': '', 'primary_exchange': '', 'product': 'IBKR', 'quantity': 1000, 'route': 'AUTO', 'secType': 'STK', 'sec_type': 'STK', 'symbol': 'UMC', 'tag': 'terminal-ibkr-swing', 'tif': 'DAY', 'totalQuantity': 1000, 'tradingsymbol': 'UMC', 'transaction_type': 'SELL', 'transmit': True, 'trigger_price': 0.0, 'validity': 'DAY', 'variety': 'regular'}
2026-06-11 00:25:50,624 - INFO - ibkr.core.trade_logger - Queued order placement for logging: 469
2026-06-11 00:25:50,624 - INFO - ibkr.core.main_window - Order queued for logging: 469
2026-06-11 00:25:50,625 - INFO - ibkr.core.main_window - [ENTRY] Order accepted by broker: {'order_id': '469', 'perm_id': '', 'tradingsymbol': 'UMC', 'symbol': 'UMC', 'exchange': 'SMART', 'instrument_token': 46613372, 'transaction_type': 'SELL', 'order_type': 'MARKET', 'quantity': 1000, 'price': 0.0, 'trigger_price': 0.0, 'status': 'PENDING', 'raw_status': 'PendingSubmit', 'status_message': '', 'filled_quantity': 0, 'pending_quantity': 0, 'average_price': 0.0, 'timestamp': '2026-06-10T14:55:50.590369', 'product': 'IBKR', 'accepted': True}
2026-06-11 00:25:50,625 - INFO - ibkr.widgets.order_dialog - [OrderDialog] SELL 1000 UMC [SMART/MKT]
2026-06-11 00:25:50,672 - INFO - ibkr.core.position_manager - Fetching positions from broker - Reason: order_accepted
2026-06-11 00:26:05,105 - INFO - chart_engine.core.ibkr_data_fetcher - Chart data source=IBKR symbol=UMC interval=60minute from=2026-04-21T14:56:05.105142-04:00 to=2026-06-10T14:56:05.105142-04:00 dedicated_history=True
2026-06-11 00:26:05,106 - INFO - chart_engine.core.ibkr_data_fetcher - Requesting IBKR historical data: UMC conId=46613372 bar=30 mins duration=50 D end=latest
2026-06-11 00:26:06,459 - INFO - chart_engine.core.ibkr_data_fetcher - Chart data fetch complete source=IBKR symbol=UMC bars=349
2026-06-11 00:26:06,521 - INFO - chart_engine.drawings - Loaded state for UMC (60minute) — 1 drawings
2026-06-11 00:26:06,522 - INFO - chart_engine.drawings - Loaded global chart settings.
2026-06-11 00:26:06,524 - INFO - chart_engine.drawings - Saved global chart settings.
2026-06-11 00:26:06,533 - INFO - ibkr.core.main_window - Ensured subscription for chart symbol UMC
2026-06-11 00:26:06,533 - INFO - chart_engine.core.chart_widget - Chart seamlessly updated: UMC (349 candles)
2026-06-11 00:26:07,897 - INFO - ibkr.core.shutdown_manager - closeEvent received — beginning fast IBKR shutdown
2026-06-11 00:26:07,898 - INFO - ibkr.core.shutdown_manager - === Fast IBKR window-close shutdown starting ===
2026-06-11 00:26:07,898 - INFO - ibkr.core.shutdown_manager - Shutdown: [quiesce_background_activity]…
2026-06-11 00:26:07,899 - INFO - ibkr.core.shutdown_manager - Shutdown: [quiesce_background_activity] ✓
2026-06-11 00:26:07,901 - INFO - ibkr.core.shutdown_manager - Shutdown: [save_window_state]…
2026-06-11 00:26:07,904 - INFO - ibkr.core.main_window - Window state saved
2026-06-11 00:26:07,904 - INFO - ibkr.core.shutdown_manager - Shutdown: [save_window_state] ✓
2026-06-11 00:26:07,906 - INFO - ibkr.core.shutdown_manager - Shutdown: [save_chart_state]…
2026-06-11 00:26:07,919 - INFO - ibkr.core.shutdown_manager - Shutdown: [save_chart_state] ✓
2026-06-11 00:26:07,919 - INFO - ibkr.core.shutdown_manager - Shutdown: [stop_remaining_timers]…
2026-06-11 00:26:07,938 - INFO - ibkr.core.shutdown_manager - Shutdown: [stop_remaining_timers] ✓
2026-06-11 00:26:07,939 - INFO - ibkr.core.shutdown_manager - === Fast IBKR window-close shutdown complete ===
2026-06-11 00:26:07,943 - INFO - ib_insync.client - Disconnecting
2026-06-11 00:26:07,944 - INFO - ibkr.core.market_data_worker - IBKR MarketDataWorker stopped
2026-06-11 00:26:07,953 - INFO - __main__ - Shutting down and cleaning up resources...
2026-06-11 00:26:07,953 - INFO - __main__ - Skipping broker disconnect during fast window-close shutdown.
2026-06-11 00:26:07,953 - INFO - __main__ - Cleanup complete.
