2026-06-09 19:25:05,637 - INFO - login_setup.login_setup_config - qullamaggie v1.0.0 starting...
2026-06-09 19:25:05,637 - INFO - login_setup.login_setup_config - Logging to file: /home/kavi/Desktop/Python_Projects/swing_trader/logs/qullamaggie_20260609_192505.log
2026-06-09 19:25:05,637 - INFO - login_setup.login_setup_config - Fatal crash diagnostics enabled for all threads.
2026-06-09 19:25:05,637 - INFO - __main__ - 🚀 Starting qullamaggie Application...
2026-06-09 19:25:05,836 - INFO - __main__ - Application icon loaded from: /home/kavi/Desktop/Python_Projects/swing_trader/assets/qullamaggie_swing_trader_icon.svg
2026-06-09 19:25:08,710 - INFO - ib_insync.client - Connecting to 127.0.0.1:4002 with clientId 1...
2026-06-09 19:25:08,713 - INFO - ib_insync.client - Connected
2026-06-09 19:25:08,861 - INFO - ib_insync.client - Logged on to server version 176
2026-06-09 19:25:08,943 - INFO - ib_insync.client - API connection ready
2026-06-09 19:25:38,945 - ERROR - ib_insync.ib - open orders request timed out
2026-06-09 19:25:38,946 - ERROR - ib_insync.ib - completed orders request timed out
2026-06-09 19:25:40,075 - INFO - __main__ - Authenticated for broker: america
2026-06-09 19:25:40,075 - INFO - __main__ - Initializing trading and data clients...
2026-06-09 19:25:40,075 - INFO - login_setup.broker_factory - Creating america client for live trading
2026-06-09 19:25:40,076 - INFO - login_setup.broker_factory - IBKR client created with accounts: ['DUQ624205']
2026-06-09 19:25:40,083 - INFO - ibkr.core.trading_client - Subscribed to IBKR real-time order events
2026-06-09 19:25:40,083 - INFO - ibkr.core.trading_client - IBKR trading client startup snapshots deferred; using local cache/event sync
2026-06-09 19:25:40,084 - INFO - __main__ - Trading client created; creating data client...
2026-06-09 19:25:40,084 - INFO - login_setup.broker_factory - Creating data client for america
2026-06-09 19:25:40,084 - INFO - __main__ - Data client created; validating connection state...
2026-06-09 19:25:40,084 - INFO - __main__ - Trading client connected: True
2026-06-09 19:25:40,084 - INFO - __main__ - Data client connected: True
2026-06-09 19:25:40,084 - INFO - __main__ - Clients initialized successfully.
2026-06-09 19:25:40,085 - INFO - login_setup.broker_factory - Added america client to manager
2026-06-09 19:25:40,085 - INFO - login_setup.broker_factory - Started connection monitoring for america
2026-06-09 19:25:40,085 - INFO - __main__ - Creating main window for america...
2026-06-09 19:25:40,085 - INFO - login_setup.broker_factory - Dynamically loading main window from: ibkr.core.main_window
2026-06-09 19:25:41,461 - INFO - ibkr.core.trade_logger - Trade history database for 'live' mode at: /home/kavi/.qullamaggie/trade_history_live.db
2026-06-09 19:25:41,462 - INFO - ibkr.core.trade_logger - TradeLogger initialized with background processing
2026-06-09 19:25:41,464 - INFO - ibkr.core.trade_logger - DatabaseWorker processing started
2026-06-09 19:25:41,466 - INFO - ibkr.core.trade_logger - Database initialization completed
2026-06-09 19:25:41,491 - INFO - ibkr.core.position_manager - ✅ Connected to trader.order_status_updated signal - orders will sync immediately
2026-06-09 19:25:41,491 - INFO - ibkr.core.position_manager - ✅ Connected to trader.position_updated signal - positions will sync immediately
2026-06-09 19:25:41,491 - INFO - ibkr.core.position_manager - ✅ Connected to trader.connection_status_changed signal
2026-06-09 19:25:41,589 - INFO - ibkr.widgets.scanner_table - Loaded 19 valid scan configurations
2026-06-09 19:25:41,606 - INFO - ibkr.widgets.scanner_table - Scanner table ready for context-aware navigation
2026-06-09 19:25:41,613 - INFO - ibkr.widgets.scanner_table - Running EOD Finviz scan: Semiconductors
2026-06-09 19:25:41,640 - INFO - chart_engine.core.ibkr_data_fetcher - Pre-warming dedicated IBKR history connection...
2026-06-09 19:25:41,643 - INFO - ib_insync.client - Connecting to 127.0.0.1:4002 with clientId 102...
2026-06-09 19:25:41,643 - INFO - chart_engine.drawings - Loaded global chart settings.
2026-06-09 19:25:41,645 - INFO - ib_insync.client - Connected
2026-06-09 19:25:41,654 - INFO - ib_insync.client - Logged on to server version 176
2026-06-09 19:25:41,696 - INFO - ib_insync.client - API connection ready
2026-06-09 19:25:42,078 - INFO - chart_engine.core.ibkr_data_fetcher - Chart data source=IBKR symbol=LUNR interval=day from=2025-05-05T09:55:42.078272-04:00 to=2026-06-09T09:55:42.078272-04:00 dedicated_history=True
2026-06-09 19:25:42,315 - INFO - ibkr.core.data_cache - MarketAwareDataCache initialised for IBKR/US market time
2026-06-09 19:25:42,316 - INFO - chart_engine.core.ibkr_data_fetcher - Chart data source=IBKR symbol=LUNR interval=60minute from=2026-04-20T09:55:42.316027-04:00 to=2026-06-09T09:55:42.316027-04:00 dedicated_history=True
2026-06-09 19:25:42,418 - INFO - chart_engine.drawings - Saved global chart settings.
2026-06-09 19:25:42,627 - INFO - ibkr.core.alert_management_system - Loaded 0 alerts from disk
2026-06-09 19:25:42,627 - INFO - ibkr.core.alert_management_system - AlertSystemManager ready
2026-06-09 19:25:42,628 - INFO - ibkr.core.main_window - Alert system initialized successfully.
2026-06-09 19:25:42,628 - INFO - ibkr.core.alert_management_system - AlertEngine started
2026-06-09 19:25:42,631 - INFO - ibkr.core.main_window - Connecting component signals...
2026-06-09 19:25:42,633 - INFO - ibkr.core.main_window - IBKR order lifecycle UI signals connected
2026-06-09 19:25:42,635 - INFO - ib_insync.client - Connecting to 127.0.0.1:4002 with clientId 101...
2026-06-09 19:25:42,668 - INFO - ibkr.core.main_window - Keyboard shortcuts initialized
2026-06-09 19:25:42,897 - INFO - ibkr.core.main_window - Subscription universe changed: 3 instruments (0 token-backed, +3/-0) sources={'charts': 2, 'header': 2}
2026-06-09 19:25:42,898 - INFO - ibkr.core.main_window - Window state restored
2026-06-09 19:25:42,898 - INFO - ibkr.core.main_window - Applied startup chart timeframes: left=day, right=60minute
2026-06-09 19:25:42,898 - INFO - ibkr.core.main_window - Simplified qullamaggie Window with Status Bar Initialized Successfully.
2026-06-09 19:25:42,899 - INFO - __main__ - Main window created successfully.
2026-06-09 19:25:42,982 - INFO - __main__ - Starting application event loop.
2026-06-09 19:25:43,550 - INFO - ibkr.core.market_data_worker - Dedicated IBKR market-data connection established on 127.0.0.1:4002 clientId=101
2026-06-09 19:25:43,551 - INFO - ibkr.core.market_data_worker - IBKR MarketDataWorker started
2026-06-09 19:25:43,733 - INFO - ibkr.core.market_data_worker - Requested IBKR delayed market data type (3); delayed fallback=False; generic ticks=''
2026-06-09 19:25:43,741 - INFO - ibkr.core.main_window - IBKR loader: Building initial instrument list...
2026-06-09 19:25:43,751 - INFO - ibkr.core.main_window - Window state saved
2026-06-09 19:25:43,796 - WARNING - ibkr.core.main_window - IBKR market data is delayed (delayed); live subscription is unavailable.
2026-06-09 19:25:43,798 - INFO - ibkr.core.main_window - WebSocket connected. Setting up subscriptions.
2026-06-09 19:25:43,799 - INFO - ibkr.core.position_manager - Fetching positions from broker - Reason: ibkr_connected
2026-06-09 19:25:43,943 - INFO - ibkr.core.main_window - Added 19 widget market-data subscriptions (19 token-backed)
2026-06-09 19:25:43,955 - INFO - ibkr.core.position_manager - Position table changed: 19 open positions | open MTM -12508.65 | realized 0.00
2026-06-09 19:25:44,599 - INFO - ibkr.core.main_window - Successfully loaded 4325 instruments.
2026-06-09 19:25:44,600 - INFO - ibkr.widgets.header_toolbar - Search index ready: 4325 instruments
2026-06-09 19:25:44,619 - INFO - ibkr.core.main_window - Instruments loaded successfully.
2026-06-09 19:25:44,639 - INFO - ibkr.core.main_window - IBKR loader: Loaded 181 symbols (qualifying in background...)
2026-06-09 19:25:44,821 - INFO - ibkr.core.position_manager - Fetching positions from broker - Reason: app_startup
2026-06-09 19:25:44,838 - INFO - ibkr.core.main_window - Position system initialized successfully
2026-06-09 19:25:44,934 - INFO - ibkr.core.main_window - Subscription universe changed: 22 instruments (19 token-backed, +19/-0) sources={'positions': 19, 'charts': 2, 'header': 2}
2026-06-09 19:25:44,956 - INFO - ibkr.core.market_data_worker - Subscribed IBKR market data: LUNR key=613910262 type=delayed
2026-06-09 19:25:44,957 - INFO - ibkr.core.market_data_worker - Subscribed IBKR market data: SPY key=756733 type=delayed
2026-06-09 19:25:44,957 - INFO - ibkr.core.market_data_worker - Subscribed IBKR market data: QQQ key=320227571 type=delayed
2026-06-09 19:25:45,656 - INFO - ibkr.core.position_manager - Fetching positions from broker - Reason: instruments_loaded
2026-06-09 19:25:45,661 - WARNING - ibkr.core.market_data_worker - IBKR market data notice for LUNR: Requested market data is not subscribed. Displaying delayed market data. (10167)
2026-06-09 19:25:45,697 - INFO - ibkr.core.main_window - Chart auto-loading initiated
2026-06-09 19:25:45,697 - INFO - ibkr.core.main_window - Chart has active symbol LUNR but no rendered data; retrying historical load (conId=symbol-lookup)
2026-06-09 19:25:45,762 - INFO - chart_engine.core.ibkr_data_fetcher - Chart data source=IBKR symbol=LUNR interval=day from=2025-05-05T09:55:45.762084-04:00 to=2026-06-09T09:55:45.762084-04:00 dedicated_history=True
2026-06-09 19:25:45,824 - INFO - ibkr.core.network_monitor - NetworkMonitor started
2026-06-09 19:25:45,824 - INFO - ibkr.core.main_window - Network resilience layer initialized
2026-06-09 19:25:45,983 - WARNING - ibkr.core.market_data_worker - IBKR market data notice for SPY: Requested market data is not subscribed. Displaying delayed market data. (10167)
2026-06-09 19:25:45,983 - WARNING - ibkr.core.market_data_worker - IBKR market data notice for QQQ: Requested market data is not subscribed. Displaying delayed market data. (10167)
2026-06-09 19:25:46,177 - INFO - ibkr.widgets.scanner_table - EOD Scan completed: 44 symbols with complete data
2026-06-09 19:25:47,686 - INFO - ibkr.core.market_data_worker - Subscribed IBKR market data: NVDA key=4815747 type=delayed
2026-06-09 19:25:47,687 - INFO - ibkr.core.market_data_worker - Subscribed IBKR market data: TACT key=6858145 type=delayed
2026-06-09 19:25:47,687 - INFO - ibkr.core.market_data_worker - Subscribed IBKR market data: BAX key=8111188 type=delayed
2026-06-09 19:25:47,689 - INFO - ibkr.core.market_data_worker - Subscribed IBKR market data: TSLA key=76792991 type=delayed
2026-06-09 19:25:47,692 - INFO - ibkr.core.market_data_worker - Subscribed IBKR market data: PTCT key=129374415 type=delayed
2026-06-09 19:25:47,692 - INFO - ibkr.core.market_data_worker - Subscribed IBKR market data: HPQ key=209411801 type=delayed
2026-06-09 19:25:47,693 - INFO - ibkr.core.market_data_worker - Subscribed IBKR market data: DELL key=346218218 type=delayed
2026-06-09 19:25:47,694 - INFO - ibkr.core.market_data_worker - Subscribed IBKR market data: MTA key=395717235 type=delayed
2026-06-09 19:25:47,697 - INFO - ibkr.core.market_data_worker - Subscribed IBKR market data: DRS key=478483396 type=delayed
2026-06-09 19:25:47,697 - INFO - ibkr.core.market_data_worker - Subscribed IBKR market data: RDW key=512000171 type=delayed
2026-06-09 19:25:47,698 - INFO - ibkr.core.market_data_worker - Subscribed IBKR market data: IONQ key=517593749 type=delayed
2026-06-09 19:25:47,698 - INFO - ibkr.core.market_data_worker - Subscribed IBKR market data: GFS key=523222624 type=delayed
2026-06-09 19:25:47,698 - INFO - ibkr.core.market_data_worker - Subscribed IBKR market data: QBTS key=578031277 type=delayed
2026-06-09 19:25:47,702 - INFO - ibkr.core.market_data_worker - Subscribed IBKR market data: SIDU key=673368857 type=delayed
2026-06-09 19:25:47,704 - INFO - ibkr.core.market_data_worker - Subscribed IBKR market data: DPRO key=725468685 type=delayed
2026-06-09 19:25:47,707 - INFO - ibkr.core.market_data_worker - Subscribed IBKR market data: SNDK key=760250490 type=delayed
2026-06-09 19:25:47,710 - INFO - ibkr.core.market_data_worker - Subscribed IBKR market data: RKLB key=787273575 type=delayed
2026-06-09 19:25:47,711 - INFO - ibkr.core.market_data_worker - Subscribed IBKR market data: SPRC key=860471331 type=delayed
2026-06-09 19:25:47,843 - INFO - ibkr.widgets.scanner_table - EOD Scanner table updated with 44 symbols.
2026-06-09 19:25:48,112 - WARNING - ibkr.core.market_data_worker - IBKR market data notice for NVDA: Requested market data is not subscribed. Displaying delayed market data. (10167)
2026-06-09 19:25:48,186 - INFO - ibkr.core.network_monitor - Network confirmed online at startup
2026-06-09 19:25:48,352 - WARNING - ibkr.core.market_data_worker - IBKR market data notice for TACT: Requested market data is not subscribed. Displaying delayed market data. (10167)
2026-06-09 19:25:48,355 - WARNING - ibkr.core.market_data_worker - IBKR market data notice for BAX: Requested market data is not subscribed. Displaying delayed market data. (10167)
2026-06-09 19:25:48,631 - WARNING - ibkr.core.market_data_worker - IBKR market data notice for TSLA: Requested market data is not subscribed. Displaying delayed market data. (10167)
2026-06-09 19:25:48,671 - WARNING - ibkr.core.market_data_worker - IBKR market data notice for PTCT: Requested market data is not subscribed. Displaying delayed market data. (10167)
2026-06-09 19:25:48,672 - WARNING - ibkr.core.market_data_worker - IBKR market data notice for HPQ: Requested market data is not subscribed. Displaying delayed market data. (10167)
2026-06-09 19:25:48,866 - WARNING - ibkr.core.market_data_worker - IBKR market data notice for DELL: Requested market data is not subscribed. Displaying delayed market data. (10167)
2026-06-09 19:25:48,867 - WARNING - ibkr.core.market_data_worker - IBKR market data notice for MTA: Requested market data is not subscribed. Displaying delayed market data. (10167)
2026-06-09 19:25:48,867 - WARNING - ibkr.core.market_data_worker - IBKR market data notice for DRS: Requested market data is not subscribed. Displaying delayed market data. (10167)
2026-06-09 19:25:49,132 - WARNING - ibkr.core.market_data_worker - IBKR market data notice for RDW: Requested market data is not subscribed. Displaying delayed market data. (10167)
2026-06-09 19:25:49,161 - WARNING - ibkr.core.market_data_worker - IBKR market data notice for IONQ: Requested market data is not subscribed. Displaying delayed market data. (10167)
2026-06-09 19:25:49,332 - WARNING - ibkr.core.market_data_worker - IBKR market data notice for GFS: Requested market data is not subscribed. Displaying delayed market data. (10167)
2026-06-09 19:25:49,332 - WARNING - ibkr.core.market_data_worker - IBKR market data notice for QBTS: Requested market data is not subscribed. Displaying delayed market data. (10167)
2026-06-09 19:25:49,333 - WARNING - ibkr.core.market_data_worker - IBKR market data notice for SIDU: Requested market data is not subscribed. Displaying delayed market data. (10167)
2026-06-09 19:25:49,333 - WARNING - ibkr.core.market_data_worker - IBKR market data notice for DPRO: Requested market data is not subscribed. Displaying delayed market data. (10167)
2026-06-09 19:25:49,334 - WARNING - ibkr.core.market_data_worker - IBKR market data notice for SNDK: Requested market data is not subscribed. Displaying delayed market data. (10167)
2026-06-09 19:25:49,334 - WARNING - ibkr.core.market_data_worker - IBKR market data notice for RKLB: Requested market data is not subscribed. Displaying delayed market data. (10167)
2026-06-09 19:25:49,334 - WARNING - ibkr.core.market_data_worker - IBKR market data notice for SPRC: Requested market data is not subscribed. Displaying delayed market data. (10167)
2026-06-09 19:25:49,703 - ERROR - ib_insync.ib - open orders request timed out
2026-06-09 19:25:49,703 - ERROR - ib_insync.ib - completed orders request timed out
2026-06-09 19:25:50,546 - INFO - chart_engine.core.ibkr_data_fetcher - IBKR chart history connected on 127.0.0.1:4002 clientId=102
2026-06-09 19:25:51,142 - INFO - chart_engine.core.ibkr_data_fetcher - Requesting IBKR historical data: LUNR conId=613910262 bar=1 day duration=2 Y end=latest
2026-06-09 19:25:51,233 - INFO - chart_engine.core.ibkr_data_fetcher - Requesting IBKR historical data: LUNR conId=613910262 bar=30 mins duration=50 D end=latest
2026-06-09 19:25:55,933 - INFO - chart_engine.core.ibkr_data_fetcher - Chart data fetch complete source=IBKR symbol=LUNR bars=276
2026-06-09 19:25:56,121 - INFO - chart_engine.drawings - Loaded state for LUNR (day) — 0 drawings
2026-06-09 19:25:56,121 - INFO - chart_engine.drawings - Loaded global chart settings.
2026-06-09 19:25:56,122 - INFO - chart_engine.drawings - Saved global chart settings.
2026-06-09 19:25:56,217 - INFO - ibkr.core.main_window - Chart panes revealed after initial symbol render: LUNR
2026-06-09 19:25:56,217 - INFO - ibkr.core.main_window - Chart symbol changed to: LUNR
2026-06-09 19:25:56,220 - INFO - ibkr.core.main_window - Added chart symbol LUNR to subscription
2026-06-09 19:25:56,222 - INFO - ibkr.core.main_window - Ensured subscription for chart symbol LUNR
2026-06-09 19:25:56,222 - INFO - chart_engine.core.chart_widget - Chart HTML loaded: LUNR (276 candles)
2026-06-09 19:25:56,695 - INFO - chart_engine.core.ibkr_data_fetcher - Chart data fetch complete source=IBKR symbol=LUNR bars=344
2026-06-09 19:25:56,782 - INFO - chart_engine.drawings - Loaded state for LUNR (60minute) — 0 drawings
2026-06-09 19:25:56,905 - INFO - chart_engine.core.chart_widget - Chart HTML loaded: LUNR (344 candles)
2026-06-09 19:26:05,324 - INFO - chart_engine.core.ibkr_data_fetcher - Chart data source=IBKR symbol=LUNR interval=60minute from=2026-04-20T09:56:05.324437-04:00 to=2026-06-09T09:56:05.324437-04:00 dedicated_history=True
2026-06-09 19:26:05,325 - INFO - chart_engine.core.ibkr_data_fetcher - Requesting IBKR historical data: LUNR conId=613910262 bar=30 mins duration=50 D end=latest
2026-06-09 19:26:06,790 - INFO - chart_engine.core.ibkr_data_fetcher - Chart data fetch complete source=IBKR symbol=LUNR bars=344
2026-06-09 19:26:06,837 - INFO - chart_engine.drawings - Loaded state for LUNR (60minute) — 0 drawings
2026-06-09 19:26:06,837 - INFO - chart_engine.drawings - Loaded global chart settings.
2026-06-09 19:26:06,838 - INFO - chart_engine.drawings - Saved global chart settings.
2026-06-09 19:26:06,845 - INFO - chart_engine.core.chart_widget - Chart seamlessly updated: LUNR (344 candles)
2026-06-09 19:26:42,321 - INFO - ibkr.core.data_cache - US market-open cache flush complete; intraday entries cleared
2026-06-09 19:27:05,322 - INFO - chart_engine.core.ibkr_data_fetcher - Chart data source=IBKR symbol=LUNR interval=60minute from=2026-04-20T09:57:05.322462-04:00 to=2026-06-09T09:57:05.322462-04:00 dedicated_history=True
2026-06-09 19:27:05,323 - INFO - chart_engine.core.ibkr_data_fetcher - Requesting IBKR historical data: LUNR conId=613910262 bar=30 mins duration=50 D end=latest
2026-06-09 19:27:06,845 - INFO - chart_engine.core.ibkr_data_fetcher - Chart data fetch complete source=IBKR symbol=LUNR bars=344
2026-06-09 19:27:06,899 - INFO - chart_engine.drawings - Loaded state for LUNR (60minute) — 0 drawings
2026-06-09 19:27:06,900 - INFO - chart_engine.drawings - Loaded global chart settings.
2026-06-09 19:27:06,901 - INFO - chart_engine.drawings - Saved global chart settings.
2026-06-09 19:27:06,905 - INFO - ibkr.core.main_window - Ensured subscription for chart symbol LUNR
2026-06-09 19:27:06,905 - INFO - chart_engine.core.chart_widget - Chart seamlessly updated: LUNR (344 candles)
2026-06-09 19:28:05,322 - INFO - chart_engine.core.ibkr_data_fetcher - Chart data source=IBKR symbol=LUNR interval=60minute from=2026-04-20T09:58:05.322092-04:00 to=2026-06-09T09:58:05.322092-04:00 dedicated_history=True
2026-06-09 19:28:05,323 - INFO - chart_engine.core.ibkr_data_fetcher - Requesting IBKR historical data: LUNR conId=613910262 bar=30 mins duration=50 D end=latest
2026-06-09 19:28:06,656 - INFO - chart_engine.core.ibkr_data_fetcher - Chart data fetch complete source=IBKR symbol=LUNR bars=344
2026-06-09 19:28:06,687 - INFO - chart_engine.drawings - Loaded state for LUNR (60minute) — 0 drawings
2026-06-09 19:28:06,688 - INFO - chart_engine.drawings - Loaded global chart settings.
2026-06-09 19:28:06,688 - INFO - chart_engine.drawings - Saved global chart settings.
2026-06-09 19:28:06,693 - INFO - ibkr.core.main_window - Ensured subscription for chart symbol LUNR
2026-06-09 19:28:06,693 - INFO - chart_engine.core.chart_widget - Chart seamlessly updated: LUNR (344 candles)
2026-06-09 19:28:41,707 - INFO - chart_engine.core.ibkr_data_fetcher - Chart data source=IBKR symbol=ALAB interval=day from=2025-05-05T09:58:41.706912-04:00 to=2026-06-09T09:58:41.706912-04:00 dedicated_history=True
2026-06-09 19:28:41,710 - INFO - chart_engine.core.ibkr_data_fetcher - Requesting IBKR historical data: ALAB conId=692196414 bar=1 day duration=2 Y end=latest
2026-06-09 19:28:41,778 - INFO - chart_engine.core.ibkr_data_fetcher - Chart data source=IBKR symbol=ALAB interval=60minute from=2026-04-20T09:58:41.778105-04:00 to=2026-06-09T09:58:41.778105-04:00 dedicated_history=True
2026-06-09 19:28:41,780 - INFO - chart_engine.core.ibkr_data_fetcher - Requesting IBKR historical data: ALAB conId=692196414 bar=30 mins duration=50 D end=latest
2026-06-09 19:28:43,415 - INFO - chart_engine.core.ibkr_data_fetcher - Chart data fetch complete source=IBKR symbol=ALAB bars=276
2026-06-09 19:28:43,534 - INFO - chart_engine.drawings - Loaded global chart settings.
2026-06-09 19:28:43,535 - INFO - chart_engine.drawings - Saved global chart settings.
2026-06-09 19:28:43,541 - INFO - ibkr.core.main_window - Chart symbol changed to: ALAB
2026-06-09 19:28:43,541 - INFO - ibkr.core.main_window - Added chart symbol ALAB to subscription
2026-06-09 19:28:43,541 - INFO - ibkr.core.main_window - Ensured subscription for chart symbol ALAB
2026-06-09 19:28:43,542 - INFO - chart_engine.core.chart_widget - Chart seamlessly updated: ALAB (276 candles)
2026-06-09 19:28:43,852 - INFO - ibkr.core.market_data_worker - Subscribed IBKR market data: ALAB key=692196414 type=delayed
2026-06-09 19:28:43,892 - INFO - ibkr.core.main_window - Subscription universe changed: 22 instruments (19 token-backed, +1/-1) sources={'positions': 19, 'charts': 2, 'header': 2}
2026-06-09 19:28:43,900 - INFO - chart_engine.core.ibkr_data_fetcher - Chart data fetch complete source=IBKR symbol=ALAB bars=344
2026-06-09 19:28:43,971 - INFO - chart_engine.core.chart_widget - Chart seamlessly updated: ALAB (344 candles)
2026-06-09 19:28:44,320 - WARNING - ibkr.core.market_data_worker - IBKR market data notice for ALAB: Requested market data is not subscribed. Displaying delayed market data. (10167)
2026-06-09 19:28:47,968 - INFO - chart_engine.core.ibkr_data_fetcher - Chart data source=IBKR symbol=RMBS interval=day from=2025-05-05T09:58:47.968540-04:00 to=2026-06-09T09:58:47.968540-04:00 dedicated_history=True
2026-06-09 19:28:47,969 - INFO - chart_engine.core.ibkr_data_fetcher - Requesting IBKR historical data: RMBS conId=4031477 bar=1 day duration=2 Y end=latest
2026-06-09 19:28:48,041 - INFO - chart_engine.core.ibkr_data_fetcher - Chart data source=IBKR symbol=RMBS interval=60minute from=2026-04-20T09:58:48.041741-04:00 to=2026-06-09T09:58:48.041741-04:00 dedicated_history=True
2026-06-09 19:28:48,043 - INFO - chart_engine.core.ibkr_data_fetcher - Requesting IBKR historical data: RMBS conId=4031477 bar=30 mins duration=50 D end=latest
2026-06-09 19:28:49,584 - INFO - chart_engine.core.ibkr_data_fetcher - Chart data fetch complete source=IBKR symbol=RMBS bars=276
2026-06-09 19:28:49,672 - INFO - ibkr.core.main_window - Chart symbol changed to: RMBS
2026-06-09 19:28:49,672 - INFO - ibkr.core.main_window - Added chart symbol RMBS to subscription
2026-06-09 19:28:49,673 - INFO - ibkr.core.main_window - Ensured subscription for chart symbol RMBS
2026-06-09 19:28:49,673 - INFO - chart_engine.core.chart_widget - Chart seamlessly updated: RMBS (276 candles)
2026-06-09 19:28:50,060 - INFO - ibkr.core.market_data_worker - Subscribed IBKR market data: RMBS key=4031477 type=delayed
2026-06-09 19:28:50,083 - INFO - chart_engine.core.ibkr_data_fetcher - Chart data fetch complete source=IBKR symbol=RMBS bars=344
2026-06-09 19:28:50,131 - INFO - chart_engine.core.chart_widget - Chart seamlessly updated: RMBS (344 candles)
2026-06-09 19:28:50,622 - WARNING - ibkr.core.market_data_worker - IBKR market data notice for RMBS: Requested market data is not subscribed. Displaying delayed market data. (10167)
2026-06-09 19:28:51,123 - INFO - ibkr.core.market_data_worker - Unsubscribed IBKR market data: ALAB
2026-06-09 19:28:51,224 - ERROR - ib_insync.wrapper - Error 300, reqId 123: Can't find EId with tickerId:123
2026-06-09 19:28:51,225 - WARNING - ibkr.core.market_data_worker - IBKR API error for reqId=123: Can't find EId with tickerId:123 (300)
2026-06-09 19:28:59,921 - INFO - ibkr.core.main_window - Window state saved
2026-06-09 19:29:04,323 - INFO - chart_engine.core.ibkr_data_fetcher - Chart data source=IBKR symbol=RMBS interval=60minute from=2026-04-20T09:59:04.323493-04:00 to=2026-06-09T09:59:04.323493-04:00 dedicated_history=True
2026-06-09 19:29:04,326 - INFO - chart_engine.core.ibkr_data_fetcher - Requesting IBKR historical data: RMBS conId=4031477 bar=30 mins duration=50 D end=latest
2026-06-09 19:29:05,745 - INFO - chart_engine.core.ibkr_data_fetcher - Chart data fetch complete source=IBKR symbol=RMBS bars=344
2026-06-09 19:29:05,804 - INFO - chart_engine.drawings - Loaded global chart settings.
2026-06-09 19:29:05,805 - INFO - chart_engine.drawings - Saved global chart settings.
2026-06-09 19:29:05,810 - INFO - ibkr.core.main_window - Chart symbol changed to: RMBS
2026-06-09 19:29:05,811 - INFO - ibkr.core.main_window - Added chart symbol RMBS to subscription
2026-06-09 19:29:05,812 - INFO - ibkr.core.main_window - Ensured subscription for chart symbol RMBS
2026-06-09 19:29:05,812 - INFO - chart_engine.core.chart_widget - Chart seamlessly updated: RMBS (276 candles)
2026-06-09 19:29:05,905 - INFO - chart_engine.core.chart_widget - Chart seamlessly updated: RMBS (344 candles)
2026-06-09 19:29:06,158 - INFO - chart_engine.core.ibkr_data_fetcher - Chart data source=IBKR symbol=MPWR interval=day from=2025-05-05T09:59:06.158265-04:00 to=2026-06-09T09:59:06.158265-04:00 dedicated_history=True
2026-06-09 19:29:06,159 - INFO - chart_engine.core.ibkr_data_fetcher - Requesting IBKR historical data: MPWR conId=32106121 bar=1 day duration=2 Y end=latest
2026-06-09 19:29:06,297 - INFO - chart_engine.core.ibkr_data_fetcher - Chart data source=IBKR symbol=MPWR interval=60minute from=2026-04-20T09:59:06.297842-04:00 to=2026-06-09T09:59:06.297842-04:00 dedicated_history=True
2026-06-09 19:29:06,298 - INFO - chart_engine.core.ibkr_data_fetcher - Requesting IBKR historical data: MPWR conId=32106121 bar=30 mins duration=50 D end=latest
2026-06-09 19:29:06,459 - INFO - ibkr.core.main_window - Subscription universe changed: 23 instruments (19 token-backed, +1/-0) sources={'positions': 19, 'charts': 2, 'header': 2}
2026-06-09 19:29:07,113 - INFO - ibkr.core.market_data_worker - Subscribed IBKR market data: MPWR key=32106121 type=delayed
2026-06-09 19:29:07,519 - WARNING - ibkr.core.market_data_worker - IBKR market data notice for MPWR: Requested market data is not subscribed. Displaying delayed market data. (10167)
2026-06-09 19:29:08,276 - INFO - chart_engine.core.ibkr_data_fetcher - Chart data fetch complete source=IBKR symbol=MPWR bars=276
2026-06-09 19:29:08,504 - INFO - ibkr.core.main_window - Chart symbol changed to: MPWR
2026-06-09 19:29:08,504 - INFO - ibkr.core.main_window - Added chart symbol MPWR to subscription
2026-06-09 19:29:08,508 - INFO - ibkr.core.main_window - Ensured subscription for chart symbol MPWR
2026-06-09 19:29:08,509 - INFO - chart_engine.core.chart_widget - Chart seamlessly updated: MPWR (276 candles)
2026-06-09 19:29:09,455 - INFO - chart_engine.core.ibkr_data_fetcher - Chart data fetch complete source=IBKR symbol=MPWR bars=344
2026-06-09 19:29:09,550 - INFO - chart_engine.core.chart_widget - Chart seamlessly updated: MPWR (344 candles)
2026-06-09 19:29:21,983 - INFO - chart_engine.drawings - Loaded global chart settings.
2026-06-09 19:29:21,985 - INFO - chart_engine.drawings - Saved global chart settings.
2026-06-09 19:29:21,990 - INFO - chart_engine.drawings - Saved state for MPWR (day) — 0 drawings
2026-06-09 19:30:04,322 - INFO - chart_engine.core.ibkr_data_fetcher - Chart data source=IBKR symbol=MPWR interval=60minute from=2026-04-20T10:00:04.322483-04:00 to=2026-06-09T10:00:04.322483-04:00 dedicated_history=True
2026-06-09 19:30:04,323 - INFO - chart_engine.core.ibkr_data_fetcher - Requesting IBKR historical data: MPWR conId=32106121 bar=30 mins duration=50 D end=latest
2026-06-09 19:30:05,890 - INFO - chart_engine.core.ibkr_data_fetcher - Chart data fetch complete source=IBKR symbol=MPWR bars=344
2026-06-09 19:30:05,922 - INFO - chart_engine.drawings - Loaded state for MPWR (60minute) — 0 drawings
2026-06-09 19:30:05,923 - INFO - chart_engine.drawings - Loaded global chart settings.
2026-06-09 19:30:05,924 - INFO - chart_engine.drawings - Saved global chart settings.
2026-06-09 19:30:05,933 - INFO - ibkr.core.main_window - Ensured subscription for chart symbol MPWR
2026-06-09 19:30:05,934 - INFO - chart_engine.core.chart_widget - Chart seamlessly updated: MPWR (344 candles)
2026-06-09 19:31:05,322 - INFO - chart_engine.core.ibkr_data_fetcher - Chart data source=IBKR symbol=MPWR interval=60minute from=2026-04-20T10:01:05.322817-04:00 to=2026-06-09T10:01:05.322817-04:00 dedicated_history=True
2026-06-09 19:31:05,323 - INFO - chart_engine.core.ibkr_data_fetcher - Requesting IBKR historical data: MPWR conId=32106121 bar=30 mins duration=50 D end=latest
2026-06-09 19:31:06,916 - INFO - chart_engine.core.ibkr_data_fetcher - Chart data fetch complete source=IBKR symbol=MPWR bars=344
2026-06-09 19:31:06,946 - INFO - chart_engine.drawings - Loaded state for MPWR (60minute) — 0 drawings
2026-06-09 19:31:06,946 - INFO - chart_engine.drawings - Loaded global chart settings.
2026-06-09 19:31:06,947 - INFO - chart_engine.drawings - Saved global chart settings.
2026-06-09 19:31:06,952 - INFO - ibkr.core.main_window - Ensured subscription for chart symbol MPWR
2026-06-09 19:31:06,952 - INFO - chart_engine.core.chart_widget - Chart seamlessly updated: MPWR (344 candles)
2026-06-09 19:32:05,323 - INFO - chart_engine.core.ibkr_data_fetcher - Chart data source=IBKR symbol=MPWR interval=60minute from=2026-04-20T10:02:05.323707-04:00 to=2026-06-09T10:02:05.323707-04:00 dedicated_history=True
2026-06-09 19:32:05,325 - INFO - chart_engine.core.ibkr_data_fetcher - Requesting IBKR historical data: MPWR conId=32106121 bar=30 mins duration=50 D end=latest
2026-06-09 19:32:06,809 - INFO - chart_engine.core.ibkr_data_fetcher - Chart data fetch complete source=IBKR symbol=MPWR bars=344
2026-06-09 19:32:06,849 - INFO - chart_engine.drawings - Loaded state for MPWR (60minute) — 0 drawings
2026-06-09 19:32:06,849 - INFO - chart_engine.drawings - Loaded global chart settings.
2026-06-09 19:32:06,850 - INFO - chart_engine.drawings - Saved global chart settings.
2026-06-09 19:32:06,855 - INFO - ibkr.core.main_window - Ensured subscription for chart symbol MPWR
2026-06-09 19:32:06,855 - INFO - chart_engine.core.chart_widget - Chart seamlessly updated: MPWR (344 candles)
2026-06-09 19:33:05,321 - INFO - chart_engine.core.ibkr_data_fetcher - Chart data source=IBKR symbol=MPWR interval=60minute from=2026-04-20T10:03:05.321758-04:00 to=2026-06-09T10:03:05.321758-04:00 dedicated_history=True
2026-06-09 19:33:05,322 - INFO - chart_engine.core.ibkr_data_fetcher - Requesting IBKR historical data: MPWR conId=32106121 bar=30 mins duration=50 D end=latest
2026-06-09 19:33:06,845 - INFO - chart_engine.core.ibkr_data_fetcher - Chart data fetch complete source=IBKR symbol=MPWR bars=344
2026-06-09 19:33:06,876 - INFO - chart_engine.drawings - Loaded state for MPWR (60minute) — 0 drawings
2026-06-09 19:33:06,877 - INFO - chart_engine.drawings - Loaded global chart settings.
2026-06-09 19:33:06,877 - INFO - chart_engine.drawings - Saved global chart settings.
2026-06-09 19:33:06,882 - INFO - ibkr.core.main_window - Ensured subscription for chart symbol MPWR
2026-06-09 19:33:06,882 - INFO - chart_engine.core.chart_widget - Chart seamlessly updated: MPWR (344 candles)
2026-06-09 19:34:05,322 - INFO - chart_engine.core.ibkr_data_fetcher - Chart data source=IBKR symbol=MPWR interval=60minute from=2026-04-20T10:04:05.322052-04:00 to=2026-06-09T10:04:05.322052-04:00 dedicated_history=True
2026-06-09 19:34:05,323 - INFO - chart_engine.core.ibkr_data_fetcher - Requesting IBKR historical data: MPWR conId=32106121 bar=30 mins duration=50 D end=latest
2026-06-09 19:34:06,801 - INFO - chart_engine.core.ibkr_data_fetcher - Chart data fetch complete source=IBKR symbol=MPWR bars=344
2026-06-09 19:34:06,831 - INFO - chart_engine.drawings - Loaded state for MPWR (60minute) — 0 drawings
2026-06-09 19:34:06,831 - INFO - chart_engine.drawings - Loaded global chart settings.
2026-06-09 19:34:06,833 - INFO - chart_engine.drawings - Saved global chart settings.
2026-06-09 19:34:06,838 - INFO - ibkr.core.main_window - Ensured subscription for chart symbol MPWR
2026-06-09 19:34:06,838 - INFO - chart_engine.core.chart_widget - Chart seamlessly updated: MPWR (344 candles)
2026-06-09 19:34:18,305 - INFO - chart_engine.core.ibkr_data_fetcher - Chart data source=IBKR symbol=NVEC interval=day from=2025-05-05T10:04:18.304920-04:00 to=2026-06-09T10:04:18.304920-04:00 dedicated_history=True
2026-06-09 19:34:18,306 - INFO - chart_engine.core.ibkr_data_fetcher - Requesting IBKR historical data: NVEC conId=17004501 bar=1 day duration=2 Y end=latest
2026-06-09 19:34:18,392 - INFO - chart_engine.core.ibkr_data_fetcher - Chart data source=IBKR symbol=NVEC interval=60minute from=2026-04-20T10:04:18.392525-04:00 to=2026-06-09T10:04:18.392525-04:00 dedicated_history=True
2026-06-09 19:34:18,393 - INFO - chart_engine.core.ibkr_data_fetcher - Requesting IBKR historical data: NVEC conId=17004501 bar=30 mins duration=50 D end=latest
2026-06-09 19:34:19,910 - INFO - chart_engine.core.ibkr_data_fetcher - Chart data fetch complete source=IBKR symbol=NVEC bars=276
2026-06-09 19:34:19,979 - INFO - chart_engine.drawings - Loaded global chart settings.
2026-06-09 19:34:19,980 - INFO - chart_engine.drawings - Saved global chart settings.
2026-06-09 19:34:19,984 - INFO - ibkr.core.main_window - Chart symbol changed to: NVEC
2026-06-09 19:34:19,985 - INFO - ibkr.core.main_window - Added chart symbol NVEC to subscription
2026-06-09 19:34:19,985 - INFO - ibkr.core.main_window - Ensured subscription for chart symbol NVEC
2026-06-09 19:34:19,985 - INFO - chart_engine.core.chart_widget - Chart seamlessly updated: NVEC (276 candles)
2026-06-09 19:34:20,299 - INFO - ibkr.core.market_data_worker - Subscribed IBKR market data: NVEC key=17004501 type=delayed
2026-06-09 19:34:20,356 - INFO - ibkr.core.main_window - Subscription universe changed: 23 instruments (19 token-backed, +1/-1) sources={'positions': 19, 'charts': 2, 'header': 2}
2026-06-09 19:34:20,358 - INFO - chart_engine.core.ibkr_data_fetcher - Chart data fetch complete source=IBKR symbol=NVEC bars=343
2026-06-09 19:34:20,394 - INFO - chart_engine.core.chart_widget - Chart seamlessly updated: NVEC (343 candles)
2026-06-09 19:34:20,759 - WARNING - ibkr.core.market_data_worker - IBKR market data notice for NVEC: Requested market data is not subscribed. Displaying delayed market data. (10167)
2026-06-09 19:34:21,261 - INFO - ibkr.core.market_data_worker - Unsubscribed IBKR market data: MPWR
2026-06-09 19:34:21,364 - ERROR - ib_insync.wrapper - Error 300, reqId 186: Can't find EId with tickerId:186
2026-06-09 19:34:21,364 - WARNING - ibkr.core.market_data_worker - IBKR API error for reqId=186: Can't find EId with tickerId:186 (300)
2026-06-09 19:34:21,681 - INFO - chart_engine.core.ibkr_data_fetcher - Chart data source=IBKR symbol=ASX interval=day from=2025-05-05T10:04:21.680875-04:00 to=2026-06-09T10:04:21.680875-04:00 dedicated_history=True
2026-06-09 19:34:21,682 - INFO - chart_engine.core.ibkr_data_fetcher - Requesting IBKR historical data: ASX conId=314244771 bar=1 day duration=2 Y end=latest
2026-06-09 19:34:21,772 - INFO - chart_engine.core.ibkr_data_fetcher - Chart data source=IBKR symbol=ASX interval=60minute from=2026-04-20T10:04:21.772851-04:00 to=2026-06-09T10:04:21.772851-04:00 dedicated_history=True
2026-06-09 19:34:21,773 - INFO - chart_engine.core.ibkr_data_fetcher - Requesting IBKR historical data: ASX conId=314244771 bar=30 mins duration=50 D end=latest
2026-06-09 19:34:23,952 - INFO - chart_engine.core.ibkr_data_fetcher - Chart data fetch complete source=IBKR symbol=ASX bars=276
2026-06-09 19:34:24,014 - INFO - chart_engine.drawings - Loaded state for ASX (day) — 0 drawings
2026-06-09 19:34:24,018 - INFO - ibkr.core.main_window - Chart symbol changed to: ASX
2026-06-09 19:34:24,018 - INFO - ibkr.core.main_window - Added chart symbol ASX to subscription
2026-06-09 19:34:24,019 - INFO - ibkr.core.main_window - Ensured subscription for chart symbol ASX
2026-06-09 19:34:24,019 - INFO - chart_engine.core.chart_widget - Chart seamlessly updated: ASX (276 candles)
2026-06-09 19:34:24,320 - INFO - ibkr.core.market_data_worker - Subscribed IBKR market data: ASX key=314244771 type=delayed
2026-06-09 19:34:24,431 - INFO - chart_engine.core.ibkr_data_fetcher - Chart data fetch complete source=IBKR symbol=ASX bars=344
2026-06-09 19:34:24,476 - INFO - chart_engine.drawings - Loaded state for ASX (60minute) — 0 drawings
2026-06-09 19:34:24,481 - INFO - chart_engine.core.chart_widget - Chart seamlessly updated: ASX (344 candles)
2026-06-09 19:34:24,783 - WARNING - ibkr.core.market_data_worker - IBKR market data notice for ASX: Requested market data is not subscribed. Displaying delayed market data. (10167)
2026-06-09 19:34:25,211 - INFO - ibkr.core.market_data_worker - Unsubscribed IBKR market data: NVEC
2026-06-09 19:34:25,214 - ERROR - ib_insync.wrapper - Error 300, reqId 214: Can't find EId with tickerId:214
2026-06-09 19:34:25,215 - WARNING - ibkr.core.market_data_worker - IBKR API error for reqId=214: Can't find EId with tickerId:214 (300)
2026-06-09 19:34:30,798 - INFO - chart_engine.core.ibkr_data_fetcher - Chart data source=IBKR symbol=LAES interval=day from=2025-05-05T10:04:30.798463-04:00 to=2026-06-09T10:04:30.798463-04:00 dedicated_history=True
2026-06-09 19:34:30,799 - INFO - chart_engine.core.ibkr_data_fetcher - Requesting IBKR historical data: LAES conId=631370187 bar=1 day duration=2 Y end=latest
2026-06-09 19:34:30,869 - INFO - chart_engine.core.ibkr_data_fetcher - Chart data source=IBKR symbol=LAES interval=60minute from=2026-04-20T10:04:30.869203-04:00 to=2026-06-09T10:04:30.869203-04:00 dedicated_history=True
2026-06-09 19:34:30,869 - INFO - chart_engine.core.ibkr_data_fetcher - Requesting IBKR historical data: LAES conId=631370187 bar=30 mins duration=50 D end=latest
2026-06-09 19:34:32,340 - INFO - chart_engine.core.ibkr_data_fetcher - Chart data fetch complete source=IBKR symbol=LAES bars=276
2026-06-09 19:34:32,420 - INFO - ibkr.core.main_window - Chart symbol changed to: LAES
2026-06-09 19:34:32,420 - INFO - ibkr.core.main_window - Added chart symbol LAES to subscription
2026-06-09 19:34:32,421 - INFO - ibkr.core.main_window - Ensured subscription for chart symbol LAES
2026-06-09 19:34:32,421 - INFO - chart_engine.core.chart_widget - Chart seamlessly updated: LAES (276 candles)
2026-06-09 19:34:32,759 - INFO - ibkr.core.market_data_worker - Subscribed IBKR market data: LAES key=631370187 type=delayed
2026-06-09 19:34:32,994 - INFO - chart_engine.core.ibkr_data_fetcher - Chart data fetch complete source=IBKR symbol=LAES bars=344
2026-06-09 19:34:33,032 - INFO - chart_engine.core.chart_widget - Chart seamlessly updated: LAES (344 candles)
2026-06-09 19:34:33,138 - WARNING - ibkr.core.market_data_worker - IBKR market data notice for LAES: Requested market data is not subscribed. Displaying delayed market data. (10167)
2026-06-09 19:34:33,793 - INFO - ibkr.core.market_data_worker - Unsubscribed IBKR market data: ASX
2026-06-09 19:34:33,894 - ERROR - ib_insync.wrapper - Error 300, reqId 242: Can't find EId with tickerId:242
2026-06-09 19:34:33,894 - WARNING - ibkr.core.market_data_worker - IBKR API error for reqId=242: Can't find EId with tickerId:242 (300)
2026-06-09 19:34:35,354 - INFO - chart_engine.core.ibkr_data_fetcher - Chart data source=IBKR symbol=PRSO interval=day from=2025-05-05T10:04:35.354739-04:00 to=2026-06-09T10:04:35.354739-04:00 dedicated_history=True
2026-06-09 19:34:35,356 - INFO - chart_engine.core.ibkr_data_fetcher - Requesting IBKR historical data: PRSO conId=675381376 bar=1 day duration=2 Y end=latest
2026-06-09 19:34:35,461 - INFO - chart_engine.core.ibkr_data_fetcher - Chart data source=IBKR symbol=PRSO interval=60minute from=2026-04-20T10:04:35.461470-04:00 to=2026-06-09T10:04:35.461470-04:00 dedicated_history=True
2026-06-09 19:34:35,463 - INFO - chart_engine.core.ibkr_data_fetcher - Requesting IBKR historical data: PRSO conId=675381376 bar=30 mins duration=50 D end=latest
2026-06-09 19:34:37,803 - INFO - chart_engine.core.ibkr_data_fetcher - Chart data fetch complete source=IBKR symbol=PRSO bars=276
2026-06-09 19:34:37,863 - INFO - ibkr.core.main_window - Chart symbol changed to: PRSO
2026-06-09 19:34:37,863 - INFO - ibkr.core.main_window - Added chart symbol PRSO to subscription
2026-06-09 19:34:37,863 - INFO - ibkr.core.main_window - Ensured subscription for chart symbol PRSO
2026-06-09 19:34:37,864 - INFO - chart_engine.core.chart_widget - Chart seamlessly updated: PRSO (276 candles)
2026-06-09 19:34:38,172 - INFO - ibkr.core.market_data_worker - Subscribed IBKR market data: PRSO key=675381376 type=delayed
2026-06-09 19:34:38,486 - INFO - chart_engine.core.ibkr_data_fetcher - Chart data fetch complete source=IBKR symbol=PRSO bars=344
2026-06-09 19:34:38,535 - INFO - chart_engine.core.chart_widget - Chart seamlessly updated: PRSO (344 candles)
2026-06-09 19:34:38,680 - WARNING - ibkr.core.market_data_worker - IBKR market data notice for PRSO: Requested market data is not subscribed. Displaying delayed market data. (10167)
2026-06-09 19:34:39,181 - INFO - ibkr.core.market_data_worker - Unsubscribed IBKR market data: LAES
2026-06-09 19:34:39,286 - ERROR - ib_insync.wrapper - Error 300, reqId 270: Can't find EId with tickerId:270
2026-06-09 19:34:39,287 - WARNING - ibkr.core.market_data_worker - IBKR API error for reqId=270: Can't find EId with tickerId:270 (300)
2026-06-09 19:34:55,214 - INFO - chart_engine.core.ibkr_data_fetcher - Chart data source=IBKR symbol=UMC interval=day from=2025-05-05T10:04:55.213430-04:00 to=2026-06-09T10:04:55.213430-04:00 dedicated_history=True
2026-06-09 19:34:55,217 - INFO - chart_engine.core.ibkr_data_fetcher - Requesting IBKR historical data: UMC conId=46613372 bar=1 day duration=2 Y end=latest
2026-06-09 19:34:55,301 - INFO - chart_engine.core.ibkr_data_fetcher - Chart data source=IBKR symbol=UMC interval=60minute from=2026-04-20T10:04:55.301676-04:00 to=2026-06-09T10:04:55.301676-04:00 dedicated_history=True
2026-06-09 19:34:55,302 - INFO - chart_engine.core.ibkr_data_fetcher - Requesting IBKR historical data: UMC conId=46613372 bar=30 mins duration=50 D end=latest
2026-06-09 19:34:56,796 - INFO - chart_engine.core.ibkr_data_fetcher - Chart data fetch complete source=IBKR symbol=UMC bars=276
2026-06-09 19:34:56,898 - INFO - chart_engine.drawings - Loaded global chart settings.
2026-06-09 19:34:56,899 - INFO - chart_engine.drawings - Saved global chart settings.
2026-06-09 19:34:56,902 - INFO - ibkr.core.main_window - Chart symbol changed to: UMC
2026-06-09 19:34:56,902 - INFO - ibkr.core.main_window - Added chart symbol UMC to subscription
2026-06-09 19:34:56,903 - INFO - ibkr.core.main_window - Ensured subscription for chart symbol UMC
2026-06-09 19:34:56,903 - INFO - chart_engine.core.chart_widget - Chart seamlessly updated: UMC (276 candles)
2026-06-09 19:34:57,269 - INFO - ibkr.core.main_window - Subscription universe changed: 23 instruments (19 token-backed, +1/-1) sources={'positions': 19, 'charts': 2, 'header': 2}
2026-06-09 19:34:57,281 - INFO - ibkr.core.market_data_worker - Subscribed IBKR market data: UMC key=46613372 type=delayed
2026-06-09 19:34:57,295 - INFO - chart_engine.core.ibkr_data_fetcher - Chart data fetch complete source=IBKR symbol=UMC bars=344
2026-06-09 19:34:57,350 - INFO - chart_engine.core.chart_widget - Chart seamlessly updated: UMC (344 candles)
2026-06-09 19:34:57,736 - WARNING - ibkr.core.market_data_worker - IBKR market data notice for UMC: Requested market data is not subscribed. Displaying delayed market data. (10167)
2026-06-09 19:34:58,275 - INFO - ibkr.core.market_data_worker - Unsubscribed IBKR market data: PRSO
2026-06-09 19:34:58,277 - ERROR - ib_insync.wrapper - Error 300, reqId 298: Can't find EId with tickerId:298
2026-06-09 19:34:58,278 - WARNING - ibkr.core.market_data_worker - IBKR API error for reqId=298: Can't find EId with tickerId:298 (300)
2026-06-09 19:35:04,038 - INFO - chart_engine.core.ibkr_data_fetcher - Chart data source=IBKR symbol=BAX interval=day from=2025-05-05T10:05:04.038231-04:00 to=2026-06-09T10:05:04.038231-04:00 dedicated_history=True
2026-06-09 19:35:04,098 - INFO - chart_engine.core.ibkr_data_fetcher - Chart data source=IBKR symbol=BAX interval=60minute from=2026-04-20T10:05:04.098315-04:00 to=2026-06-09T10:05:04.098315-04:00 dedicated_history=True
2026-06-09 19:35:04,230 - INFO - chart_engine.core.ibkr_data_fetcher - Chart data source=IBKR symbol=BAX interval=day from=2025-05-05T10:05:04.230715-04:00 to=2026-06-09T10:05:04.230715-04:00 dedicated_history=True
2026-06-09 19:35:04,298 - INFO - chart_engine.core.ibkr_data_fetcher - Chart data source=IBKR symbol=BAX interval=60minute from=2026-04-20T10:05:04.298697-04:00 to=2026-06-09T10:05:04.298697-04:00 dedicated_history=True
2026-06-09 19:35:04,343 - INFO - chart_engine.core.ibkr_data_fetcher - Requesting IBKR historical data: BAX conId=8111188 bar=1 day duration=2 Y end=latest
2026-06-09 19:35:04,664 - INFO - chart_engine.core.ibkr_data_fetcher - Requesting IBKR historical data: BAX conId=8111188 bar=30 mins duration=50 D end=latest
2026-06-09 19:35:06,328 - INFO - chart_engine.core.ibkr_data_fetcher - Chart data fetch complete source=IBKR symbol=BAX bars=276
2026-06-09 19:35:06,406 - INFO - chart_engine.drawings - Loaded state for BAX (day) — 0 drawings
2026-06-09 19:35:06,411 - INFO - ibkr.core.main_window - Chart symbol changed to: BAX
2026-06-09 19:35:06,411 - INFO - ibkr.core.main_window - Added chart symbol BAX to subscription
2026-06-09 19:35:06,412 - INFO - ibkr.core.main_window - Ensured subscription for chart symbol BAX
2026-06-09 19:35:06,412 - INFO - chart_engine.core.chart_widget - Chart seamlessly updated: BAX (276 candles)
2026-06-09 19:35:06,781 - INFO - ibkr.core.market_data_worker - Unsubscribed IBKR market data: UMC
2026-06-09 19:35:06,782 - ERROR - ib_insync.wrapper - Error 300, reqId 326: Can't find EId with tickerId:326
2026-06-09 19:35:06,782 - WARNING - ibkr.core.market_data_worker - IBKR API error for reqId=326: Can't find EId with tickerId:326 (300)
2026-06-09 19:35:06,939 - INFO - chart_engine.core.ibkr_data_fetcher - Chart data fetch complete source=IBKR symbol=BAX bars=344
2026-06-09 19:35:06,985 - INFO - chart_engine.drawings - Loaded state for BAX (60minute) — 0 drawings
2026-06-09 19:35:06,995 - INFO - chart_engine.core.chart_widget - Chart seamlessly updated: BAX (344 candles)
2026-06-09 19:35:07,930 - INFO - chart_engine.core.ibkr_data_fetcher - Chart data source=IBKR symbol=SNDK interval=day from=2025-05-05T10:05:07.929653-04:00 to=2026-06-09T10:05:07.929653-04:00 dedicated_history=True
2026-06-09 19:35:08,015 - INFO - chart_engine.core.ibkr_data_fetcher - Chart data source=IBKR symbol=SNDK interval=60minute from=2026-04-20T10:05:08.014781-04:00 to=2026-06-09T10:05:08.014781-04:00 dedicated_history=True
2026-06-09 19:35:08,225 - INFO - chart_engine.core.ibkr_data_fetcher - Chart data source=IBKR symbol=SNDK interval=day from=2025-05-05T10:05:08.225709-04:00 to=2026-06-09T10:05:08.225709-04:00 dedicated_history=True
2026-06-09 19:35:08,298 - INFO - chart_engine.core.ibkr_data_fetcher - Chart data source=IBKR symbol=SNDK interval=60minute from=2026-04-20T10:05:08.296791-04:00 to=2026-06-09T10:05:08.296791-04:00 dedicated_history=True
2026-06-09 19:35:09,078 - INFO - chart_engine.core.ibkr_data_fetcher - Requesting IBKR historical data: SNDK conId=760250490 bar=1 day duration=2 Y end=latest
2026-06-09 19:35:09,404 - INFO - chart_engine.core.ibkr_data_fetcher - Requesting IBKR historical data: SNDK conId=760250490 bar=30 mins duration=50 D end=latest
2026-06-09 19:35:11,409 - INFO - chart_engine.core.ibkr_data_fetcher - Chart data fetch complete source=IBKR symbol=SNDK bars=344
2026-06-09 19:35:11,463 - INFO - chart_engine.drawings - Loaded state for SNDK (60minute) — 2 drawings
2026-06-09 19:35:11,473 - INFO - ibkr.core.main_window - Ensured subscription for chart symbol SNDK
2026-06-09 19:35:11,474 - INFO - chart_engine.core.chart_widget - Chart seamlessly updated: SNDK (344 candles)
2026-06-09 19:35:11,594 - INFO - chart_engine.core.ibkr_data_fetcher - Chart data fetch complete source=IBKR symbol=SNDK bars=276
2026-06-09 19:35:11,667 - INFO - chart_engine.drawings - Loaded state for SNDK (day) — 2 drawings
2026-06-09 19:35:11,674 - INFO - ibkr.core.main_window - Chart symbol changed to: SNDK
2026-06-09 19:35:11,674 - INFO - ibkr.core.main_window - Added chart symbol SNDK to subscription
2026-06-09 19:35:11,676 - INFO - chart_engine.core.chart_widget - Chart seamlessly updated: SNDK (276 candles)
2026-06-09 19:35:27,359 - INFO - chart_engine.core.ibkr_data_fetcher - Chart data source=IBKR symbol=RDW interval=day from=2025-05-05T10:05:27.359215-04:00 to=2026-06-09T10:05:27.359215-04:00 dedicated_history=True
2026-06-09 19:35:27,433 - INFO - chart_engine.core.ibkr_data_fetcher - Chart data source=IBKR symbol=RDW interval=60minute from=2026-04-20T10:05:27.433851-04:00 to=2026-06-09T10:05:27.433851-04:00 dedicated_history=True
2026-06-09 19:35:27,652 - INFO - chart_engine.core.ibkr_data_fetcher - Requesting IBKR historical data: RDW conId=512000171 bar=1 day duration=2 Y end=latest
2026-06-09 19:35:27,964 - INFO - chart_engine.core.ibkr_data_fetcher - Requesting IBKR historical data: RDW conId=512000171 bar=30 mins duration=50 D end=latest
2026-06-09 19:35:29,530 - INFO - chart_engine.core.ibkr_data_fetcher - Chart data fetch complete source=IBKR symbol=RDW bars=276
2026-06-09 19:35:29,587 - INFO - chart_engine.drawings - Loaded global chart settings.
2026-06-09 19:35:29,588 - INFO - chart_engine.drawings - Saved global chart settings.
2026-06-09 19:35:29,592 - INFO - ibkr.core.main_window - Chart symbol changed to: RDW
2026-06-09 19:35:29,593 - INFO - ibkr.core.main_window - Added chart symbol RDW to subscription
2026-06-09 19:35:29,594 - INFO - ibkr.core.main_window - Ensured subscription for chart symbol RDW
2026-06-09 19:35:29,594 - INFO - chart_engine.core.chart_widget - Chart seamlessly updated: RDW (276 candles)
2026-06-09 19:35:29,935 - INFO - ibkr.core.main_window - Subscription universe changed: 23 instruments (19 token-backed, +1/-1) sources={'positions': 19, 'charts': 2, 'header': 2}
2026-06-09 19:35:30,029 - INFO - chart_engine.core.ibkr_data_fetcher - Chart data fetch complete source=IBKR symbol=RDW bars=344
2026-06-09 19:35:30,080 - INFO - chart_engine.core.chart_widget - Chart seamlessly updated: RDW (344 candles)
2026-06-09 19:35:44,183 - INFO - chart_engine.drawings - Loaded global chart settings.
2026-06-09 19:35:44,184 - INFO - chart_engine.drawings - Saved global chart settings.
2026-06-09 19:35:44,187 - INFO - ibkr.core.main_window - Chart symbol changed to: UMC
2026-06-09 19:35:44,187 - INFO - ibkr.core.main_window - Added chart symbol UMC to subscription
2026-06-09 19:35:44,188 - INFO - ibkr.core.main_window - Ensured subscription for chart symbol UMC
2026-06-09 19:35:44,188 - INFO - chart_engine.core.chart_widget - Chart seamlessly updated: UMC (276 candles)
2026-06-09 19:35:44,228 - INFO - ibkr.core.market_data_worker - Subscribed IBKR market data: UMC key=46613372 type=delayed
2026-06-09 19:35:44,236 - INFO - chart_engine.core.chart_widget - Chart seamlessly updated: UMC (344 candles)
2026-06-09 19:35:44,536 - INFO - ibkr.core.main_window - Subscription universe changed: 23 instruments (19 token-backed, +1/-1) sources={'positions': 19, 'charts': 2, 'header': 2}
2026-06-09 19:35:54,220 - INFO - ibkr.core.main_window - [ENTRY] Placing order: {'action': 'BUY', 'currency': 'USD', 'exchange': 'SMART', 'orderRef': 'QULL-SWING-UMC', 'orderType': 'MKT', 'order_type': 'MKT', 'outsideRth': False, 'outside_rth': False, 'price': 0.0, 'primaryExch': '', 'primaryExchange': '', 'primary_exchange': '', 'product': 'IBKR', 'quantity': 1000, 'route': 'AUTO', 'secType': 'STK', 'sec_type': 'STK', 'symbol': 'UMC', 'tag': 'terminal-ibkr-swing', 'tif': 'DAY', 'totalQuantity': 1000, 'tradingsymbol': 'UMC', 'transaction_type': 'BUY', 'transmit': True, 'trigger_price': 0.0, 'validity': 'DAY', 'variety': 'regular'}
2026-06-09 19:35:54,221 - INFO - ibkr.core.trading_client - Skipping synchronous IBKR contract qualification for UMC because order path requested non-blocking resolution
2026-06-09 19:35:54,224 - INFO - ibkr.core.position_manager - Started IBKR pending-order position sync (order_open)
2026-06-09 19:35:54,287 - INFO - ibkr.core.trade_logger - Queued order placement for logging: 426
2026-06-09 19:35:54,288 - INFO - ibkr.core.main_window - Order queued for logging: 426
2026-06-09 19:35:54,288 - INFO - ibkr.core.main_window - [ENTRY] Order accepted by broker: {'order_id': '426', 'perm_id': '', 'tradingsymbol': 'UMC', 'symbol': 'UMC', 'exchange': 'SMART', 'instrument_token': 0, 'transaction_type': 'BUY', 'order_type': 'MARKET', 'quantity': 1000, 'price': 0.0, 'trigger_price': 0.0, 'status': 'PENDING', 'raw_status': 'PendingSubmit', 'status_message': '', 'filled_quantity': 0, 'pending_quantity': 0, 'average_price': 0.0, 'timestamp': '2026-06-09T10:05:54.227752', 'product': 'IBKR', 'accepted': True}
2026-06-09 19:35:54,289 - INFO - ibkr.widgets.order_dialog - [OrderDialog] BUY 1000 UMC [SMART/MKT]
2026-06-09 19:35:54,360 - INFO - ibkr.core.position_manager - Fetching positions from broker - Reason: order_accepted
2026-06-09 19:36:05,322 - INFO - chart_engine.core.ibkr_data_fetcher - Chart data source=IBKR symbol=UMC interval=60minute from=2026-04-20T10:06:05.322672-04:00 to=2026-06-09T10:06:05.322672-04:00 dedicated_history=True
2026-06-09 19:36:05,323 - INFO - chart_engine.core.ibkr_data_fetcher - Requesting IBKR historical data: UMC conId=46613372 bar=30 mins duration=50 D end=latest
2026-06-09 19:36:06,721 - INFO - chart_engine.core.ibkr_data_fetcher - Chart data fetch complete source=IBKR symbol=UMC bars=344
2026-06-09 19:36:06,753 - INFO - chart_engine.drawings - Loaded global chart settings.
2026-06-09 19:36:06,755 - INFO - chart_engine.drawings - Saved global chart settings.
2026-06-09 19:36:06,759 - INFO - ibkr.core.main_window - Ensured subscription for chart symbol UMC
2026-06-09 19:36:06,760 - INFO - chart_engine.core.chart_widget - Chart seamlessly updated: UMC (344 candles)
2026-06-09 19:36:20,568 - INFO - chart_engine.core.ibkr_data_fetcher - Chart data source=IBKR symbol=NXPI interval=day from=2025-05-05T10:06:20.568029-04:00 to=2026-06-09T10:06:20.568029-04:00 dedicated_history=True
2026-06-09 19:36:20,568 - INFO - chart_engine.core.ibkr_data_fetcher - Requesting IBKR historical data: NXPI conId=77791077 bar=1 day duration=2 Y end=latest
2026-06-09 19:36:20,644 - INFO - chart_engine.core.ibkr_data_fetcher - Chart data source=IBKR symbol=NXPI interval=60minute from=2026-04-20T10:06:20.644513-04:00 to=2026-06-09T10:06:20.644513-04:00 dedicated_history=True
2026-06-09 19:36:20,645 - INFO - chart_engine.core.ibkr_data_fetcher - Requesting IBKR historical data: NXPI conId=77791077 bar=30 mins duration=50 D end=latest
2026-06-09 19:36:22,190 - INFO - chart_engine.core.ibkr_data_fetcher - Chart data fetch complete source=IBKR symbol=NXPI bars=276
2026-06-09 19:36:22,255 - INFO - chart_engine.drawings - Loaded global chart settings.
2026-06-09 19:36:22,256 - INFO - chart_engine.drawings - Saved global chart settings.
2026-06-09 19:36:22,259 - INFO - ibkr.core.main_window - Chart symbol changed to: NXPI
2026-06-09 19:36:22,259 - INFO - ibkr.core.main_window - Added chart symbol NXPI to subscription
2026-06-09 19:36:22,260 - INFO - ibkr.core.main_window - Ensured subscription for chart symbol NXPI
2026-06-09 19:36:22,260 - INFO - chart_engine.core.chart_widget - Chart seamlessly updated: NXPI (276 candles)
2026-06-09 19:36:22,571 - INFO - ibkr.core.main_window - Subscription universe changed: 23 instruments (19 token-backed, +1/-1) sources={'positions': 19, 'charts': 2, 'header': 2}
2026-06-09 19:36:22,682 - INFO - ibkr.core.market_data_worker - Subscribed IBKR market data: NXPI key=77791077 type=delayed
2026-06-09 19:36:22,685 - INFO - chart_engine.core.ibkr_data_fetcher - Chart data fetch complete source=IBKR symbol=NXPI bars=344
2026-06-09 19:36:22,737 - INFO - chart_engine.core.chart_widget - Chart seamlessly updated: NXPI (344 candles)
2026-06-09 19:36:23,172 - WARNING - ibkr.core.market_data_worker - IBKR market data notice for NXPI: Requested market data is not subscribed. Displaying delayed market data. (10167)
2026-06-09 19:36:23,880 - INFO - ibkr.core.market_data_worker - Unsubscribed IBKR market data: UMC
2026-06-09 19:36:23,981 - ERROR - ib_insync.wrapper - Error 300, reqId 432: Can't find EId with tickerId:432
2026-06-09 19:36:23,982 - WARNING - ibkr.core.market_data_worker - IBKR API error for reqId=432: Can't find EId with tickerId:432 (300)
2026-06-09 19:36:24,414 - INFO - chart_engine.core.ibkr_data_fetcher - Chart data source=IBKR symbol=POWI interval=day from=2025-05-05T10:06:24.414613-04:00 to=2026-06-09T10:06:24.414613-04:00 dedicated_history=True
2026-06-09 19:36:24,415 - INFO - chart_engine.core.ibkr_data_fetcher - Requesting IBKR historical data: POWI conId=4816793 bar=1 day duration=2 Y end=latest
2026-06-09 19:36:24,490 - INFO - chart_engine.core.ibkr_data_fetcher - Chart data source=IBKR symbol=POWI interval=60minute from=2026-04-20T10:06:24.489877-04:00 to=2026-06-09T10:06:24.489877-04:00 dedicated_history=True
2026-06-09 19:36:24,491 - INFO - chart_engine.core.ibkr_data_fetcher - Requesting IBKR historical data: POWI conId=4816793 bar=30 mins duration=50 D end=latest
2026-06-09 19:36:26,509 - INFO - chart_engine.core.ibkr_data_fetcher - Chart data fetch complete source=IBKR symbol=POWI bars=276
2026-06-09 19:36:26,582 - INFO - chart_engine.drawings - Loaded state for POWI (day) — 0 drawings
2026-06-09 19:36:26,588 - INFO - ibkr.core.main_window - Chart symbol changed to: POWI
2026-06-09 19:36:26,588 - INFO - ibkr.core.main_window - Added chart symbol POWI to subscription
2026-06-09 19:36:26,588 - INFO - ibkr.core.main_window - Ensured subscription for chart symbol POWI
2026-06-09 19:36:26,588 - INFO - chart_engine.core.chart_widget - Chart seamlessly updated: POWI (276 candles)
2026-06-09 19:36:26,882 - INFO - ibkr.core.market_data_worker - Subscribed IBKR market data: POWI key=4816793 type=delayed
2026-06-09 19:36:27,278 - INFO - chart_engine.core.ibkr_data_fetcher - Chart data fetch complete source=IBKR symbol=POWI bars=344
2026-06-09 19:36:27,320 - WARNING - ibkr.core.market_data_worker - IBKR market data notice for POWI: Requested market data is not subscribed. Displaying delayed market data. (10167)
2026-06-09 19:36:27,321 - INFO - chart_engine.drawings - Loaded state for POWI (60minute) — 0 drawings
2026-06-09 19:36:27,326 - INFO - chart_engine.core.chart_widget - Chart seamlessly updated: POWI (344 candles)
2026-06-09 19:36:27,820 - INFO - ibkr.core.market_data_worker - Unsubscribed IBKR market data: NXPI
2026-06-09 19:36:27,825 - ERROR - ib_insync.wrapper - Error 300, reqId 460: Can't find EId with tickerId:460
2026-06-09 19:36:27,825 - WARNING - ibkr.core.market_data_worker - IBKR API error for reqId=460: Can't find EId with tickerId:460 (300)
2026-06-09 19:36:28,972 - INFO - chart_engine.core.ibkr_data_fetcher - Chart data source=IBKR symbol=MTSI interval=day from=2025-05-05T10:06:28.971943-04:00 to=2026-06-09T10:06:28.971943-04:00 dedicated_history=True
2026-06-09 19:36:28,973 - INFO - chart_engine.core.ibkr_data_fetcher - Requesting IBKR historical data: MTSI conId=104158272 bar=1 day duration=2 Y end=latest
2026-06-09 19:36:29,071 - INFO - chart_engine.core.ibkr_data_fetcher - Chart data source=IBKR symbol=MTSI interval=60minute from=2026-04-20T10:06:29.070951-04:00 to=2026-06-09T10:06:29.070951-04:00 dedicated_history=True
2026-06-09 19:36:29,076 - INFO - chart_engine.core.ibkr_data_fetcher - Requesting IBKR historical data: MTSI conId=104158272 bar=30 mins duration=50 D end=latest
2026-06-09 19:36:31,363 - INFO - chart_engine.core.ibkr_data_fetcher - Chart data fetch complete source=IBKR symbol=MTSI bars=276
2026-06-09 19:36:31,418 - INFO - ibkr.core.main_window - Chart symbol changed to: MTSI
2026-06-09 19:36:31,419 - INFO - ibkr.core.main_window - Added chart symbol MTSI to subscription
2026-06-09 19:36:31,419 - INFO - ibkr.core.main_window - Ensured subscription for chart symbol MTSI
2026-06-09 19:36:31,420 - INFO - chart_engine.core.chart_widget - Chart seamlessly updated: MTSI (276 candles)
2026-06-09 19:36:31,781 - INFO - ibkr.core.market_data_worker - Subscribed IBKR market data: MTSI key=104158272 type=delayed
2026-06-09 19:36:31,801 - INFO - chart_engine.core.ibkr_data_fetcher - Chart data fetch complete source=IBKR symbol=MTSI bars=344
2026-06-09 19:36:31,851 - INFO - chart_engine.core.chart_widget - Chart seamlessly updated: MTSI (344 candles)
2026-06-09 19:36:32,403 - WARNING - ibkr.core.market_data_worker - IBKR market data notice for MTSI: Requested market data is not subscribed. Displaying delayed market data. (10167)
2026-06-09 19:36:32,995 - INFO - ibkr.core.market_data_worker - Unsubscribed IBKR market data: POWI
2026-06-09 19:36:33,096 - ERROR - ib_insync.wrapper - Error 300, reqId 488: Can't find EId with tickerId:488
2026-06-09 19:36:33,096 - WARNING - ibkr.core.market_data_worker - IBKR API error for reqId=488: Can't find EId with tickerId:488 (300)
2026-06-09 19:37:05,324 - INFO - chart_engine.core.ibkr_data_fetcher - Chart data source=IBKR symbol=MTSI interval=60minute from=2026-04-20T10:07:05.324412-04:00 to=2026-06-09T10:07:05.324412-04:00 dedicated_history=True
2026-06-09 19:37:05,325 - INFO - chart_engine.core.ibkr_data_fetcher - Requesting IBKR historical data: MTSI conId=104158272 bar=30 mins duration=50 D end=latest
2026-06-09 19:37:06,617 - INFO - chart_engine.core.ibkr_data_fetcher - Chart data fetch complete source=IBKR symbol=MTSI bars=344
2026-06-09 19:37:06,673 - INFO - chart_engine.drawings - Loaded global chart settings.
2026-06-09 19:37:06,675 - INFO - chart_engine.drawings - Saved global chart settings.
2026-06-09 19:37:06,684 - INFO - ibkr.core.main_window - Ensured subscription for chart symbol MTSI
2026-06-09 19:37:06,685 - INFO - chart_engine.core.chart_widget - Chart seamlessly updated: MTSI (344 candles)
2026-06-09 19:37:11,868 - INFO - ibkr.core.shutdown_manager - closeEvent received — beginning fast IBKR shutdown
2026-06-09 19:37:11,869 - INFO - ibkr.core.shutdown_manager - === Fast IBKR window-close shutdown starting ===
2026-06-09 19:37:11,869 - INFO - ibkr.core.shutdown_manager - Shutdown: [save_window_state]…
2026-06-09 19:37:11,871 - INFO - ibkr.core.main_window - Window state saved
2026-06-09 19:37:11,871 - INFO - ibkr.core.shutdown_manager - Shutdown: [save_window_state] ✓
2026-06-09 19:37:11,872 - INFO - ibkr.core.shutdown_manager - Shutdown: [save_chart_state]…
2026-06-09 19:37:11,887 - INFO - ibkr.core.shutdown_manager - Shutdown: [save_chart_state] ✓
2026-06-09 19:37:11,888 - INFO - ibkr.core.shutdown_manager - Shutdown: [stop_remaining_timers]…
2026-06-09 19:37:11,909 - INFO - ibkr.core.shutdown_manager - Shutdown: [stop_remaining_timers] ✓
2026-06-09 19:37:11,910 - INFO - ibkr.core.shutdown_manager - === Fast IBKR window-close shutdown complete ===
2026-06-09 19:37:11,920 - INFO - __main__ - Shutting down and cleaning up resources...
2026-06-09 19:37:11,921 - INFO - __main__ - Skipping broker disconnect during fast window-close shutdown.
2026-06-09 19:37:11,921 - INFO - __main__ - Cleanup complete.
