2026-06-09 19:37:14,665 - INFO - login_setup.login_setup_config - qullamaggie v1.0.0 starting...
2026-06-09 19:37:14,665 - INFO - login_setup.login_setup_config - Logging to file: /home/kavi/Desktop/Python_Projects/swing_trader/logs/qullamaggie_20260609_193714.log
2026-06-09 19:37:14,665 - INFO - login_setup.login_setup_config - Fatal crash diagnostics enabled for all threads.
2026-06-09 19:37:14,665 - INFO - __main__ - 🚀 Starting qullamaggie Application...
2026-06-09 19:37:14,788 - INFO - __main__ - Application icon loaded from: /home/kavi/Desktop/Python_Projects/swing_trader/assets/qullamaggie_swing_trader_icon.svg
2026-06-09 19:37:16,657 - INFO - ib_insync.client - Connecting to 127.0.0.1:4002 with clientId 1...
2026-06-09 19:37:16,659 - INFO - ib_insync.client - Connected
2026-06-09 19:37:16,672 - INFO - ib_insync.client - Logged on to server version 176
2026-06-09 19:37:16,713 - INFO - ib_insync.client - API connection ready
2026-06-09 19:37:46,737 - ERROR - ib_insync.ib - open orders request timed out
2026-06-09 19:37:46,737 - ERROR - ib_insync.ib - completed orders request timed out
2026-06-09 19:37:46,801 - INFO - __main__ - Authenticated for broker: america
2026-06-09 19:37:46,801 - INFO - __main__ - Initializing trading and data clients...
2026-06-09 19:37:46,801 - INFO - login_setup.broker_factory - Creating america client for live trading
2026-06-09 19:37:46,802 - INFO - login_setup.broker_factory - IBKR client created with accounts: ['DUQ624205']
2026-06-09 19:37:46,806 - INFO - ibkr.core.trading_client - Subscribed to IBKR real-time order events
2026-06-09 19:37:46,806 - INFO - ibkr.core.trading_client - IBKR trading client startup snapshots deferred; using local cache/event sync
2026-06-09 19:37:46,807 - INFO - __main__ - Trading client created; creating data client...
2026-06-09 19:37:46,807 - INFO - login_setup.broker_factory - Creating data client for america
2026-06-09 19:37:46,807 - INFO - __main__ - Data client created; validating connection state...
2026-06-09 19:37:46,807 - INFO - __main__ - Trading client connected: True
2026-06-09 19:37:46,808 - INFO - __main__ - Data client connected: True
2026-06-09 19:37:46,808 - INFO - __main__ - Clients initialized successfully.
2026-06-09 19:37:46,808 - INFO - login_setup.broker_factory - Added america client to manager
2026-06-09 19:37:46,808 - INFO - login_setup.broker_factory - Started connection monitoring for america
2026-06-09 19:37:46,809 - INFO - __main__ - Creating main window for america...
2026-06-09 19:37:46,809 - INFO - login_setup.broker_factory - Dynamically loading main window from: ibkr.core.main_window
2026-06-09 19:37:47,554 - INFO - ibkr.core.trade_logger - Trade history database for 'live' mode at: /home/kavi/.qullamaggie/trade_history_live.db
2026-06-09 19:37:47,555 - INFO - ibkr.core.trade_logger - TradeLogger initialized with background processing
2026-06-09 19:37:47,556 - INFO - ibkr.core.trade_logger - DatabaseWorker processing started
2026-06-09 19:37:47,558 - INFO - ibkr.core.trade_logger - Database initialization completed
2026-06-09 19:37:47,581 - INFO - ibkr.core.position_manager - ✅ Connected to trader.order_status_updated signal - orders will sync immediately
2026-06-09 19:37:47,582 - INFO - ibkr.core.position_manager - ✅ Connected to trader.position_updated signal - positions will sync immediately
2026-06-09 19:37:47,582 - INFO - ibkr.core.position_manager - ✅ Connected to trader.connection_status_changed signal
2026-06-09 19:37:47,651 - INFO - ibkr.widgets.scanner_table - Loaded 19 valid scan configurations
2026-06-09 19:37:47,666 - INFO - ibkr.widgets.scanner_table - Scanner table ready for context-aware navigation
2026-06-09 19:37:47,673 - INFO - ibkr.widgets.scanner_table - Running EOD Finviz scan: Semiconductors
2026-06-09 19:37:47,698 - INFO - chart_engine.core.ibkr_data_fetcher - Pre-warming dedicated IBKR history connection...
2026-06-09 19:37:47,701 - INFO - ib_insync.client - Connecting to 127.0.0.1:4002 with clientId 102...
2026-06-09 19:37:47,702 - INFO - chart_engine.drawings - Loaded global chart settings.
2026-06-09 19:37:47,704 - INFO - ib_insync.client - Connected
2026-06-09 19:37:47,709 - INFO - ib_insync.client - Logged on to server version 176
2026-06-09 19:37:47,753 - INFO - ib_insync.client - API connection ready
2026-06-09 19:37:47,918 - INFO - chart_engine.core.ibkr_data_fetcher - Chart data source=IBKR symbol=MTSI interval=day from=2025-05-05T10:07:47.918251-04:00 to=2026-06-09T10:07:47.918251-04:00 dedicated_history=True
2026-06-09 19:37:48,117 - INFO - ibkr.core.data_cache - MarketAwareDataCache initialised for IBKR/US market time
2026-06-09 19:37:48,118 - INFO - chart_engine.core.ibkr_data_fetcher - Chart data source=IBKR symbol=MTSI interval=60minute from=2026-04-20T10:07:48.117909-04:00 to=2026-06-09T10:07:48.117909-04:00 dedicated_history=True
2026-06-09 19:37:48,244 - INFO - chart_engine.drawings - Saved global chart settings.
2026-06-09 19:37:48,416 - INFO - ibkr.core.alert_management_system - Loaded 0 alerts from disk
2026-06-09 19:37:48,416 - INFO - ibkr.core.alert_management_system - AlertEngine started
2026-06-09 19:37:48,417 - INFO - ibkr.core.alert_management_system - AlertSystemManager ready
2026-06-09 19:37:48,417 - INFO - ibkr.core.main_window - Alert system initialized successfully.
2026-06-09 19:37:48,419 - INFO - ibkr.core.main_window - Connecting component signals...
2026-06-09 19:37:48,420 - INFO - ibkr.core.main_window - IBKR order lifecycle UI signals connected
2026-06-09 19:37:48,424 - INFO - ib_insync.client - Connecting to 127.0.0.1:4002 with clientId 101...
2026-06-09 19:37:48,444 - INFO - ibkr.core.main_window - Keyboard shortcuts initialized
2026-06-09 19:37:48,579 - INFO - ibkr.core.main_window - Window state restored
2026-06-09 19:37:48,579 - INFO - ibkr.core.main_window - Applied startup chart timeframes: left=day, right=60minute
2026-06-09 19:37:48,580 - INFO - ibkr.core.main_window - Simplified qullamaggie Window with Status Bar Initialized Successfully.
2026-06-09 19:37:48,585 - INFO - __main__ - Main window created successfully.
2026-06-09 19:37:48,637 - INFO - __main__ - Starting application event loop.
2026-06-09 19:37:49,061 - INFO - ibkr.core.main_window - IBKR loader: Building initial instrument list...
2026-06-09 19:37:49,066 - INFO - ibkr.core.market_data_worker - Dedicated IBKR market-data connection established on 127.0.0.1:4002 clientId=101
2026-06-09 19:37:49,067 - INFO - ibkr.core.market_data_worker - IBKR MarketDataWorker started
2026-06-09 19:37:49,069 - INFO - ibkr.core.market_data_worker - Requested IBKR delayed market data type (3); delayed fallback=False; generic ticks=''
2026-06-09 19:37:49,092 - WARNING - ibkr.core.main_window - IBKR market data is delayed (delayed); live subscription is unavailable.
2026-06-09 19:37:49,093 - INFO - ibkr.core.main_window - WebSocket connected. Setting up subscriptions.
2026-06-09 19:37:49,094 - INFO - ibkr.core.position_manager - Fetching positions from broker - Reason: ibkr_connected
2026-06-09 19:37:49,114 - INFO - ibkr.core.main_window - Added 20 widget market-data subscriptions (20 token-backed)
2026-06-09 19:37:49,117 - INFO - ibkr.core.position_manager - Position table changed: 20 open positions | open MTM -3484.28 | realized 0.00
2026-06-09 19:37:49,845 - INFO - ibkr.core.main_window - Successfully loaded 4328 instruments.
2026-06-09 19:37:49,846 - INFO - ibkr.widgets.header_toolbar - Search index ready: 4328 instruments
2026-06-09 19:37:49,966 - INFO - ibkr.core.main_window - Instruments loaded successfully.
2026-06-09 19:37:49,986 - INFO - ibkr.core.main_window - IBKR loader: Loaded 181 symbols (qualifying in background...)
2026-06-09 19:37:50,139 - INFO - ibkr.core.market_data_worker - Subscribed IBKR market data: NVDA key=4815747 type=delayed
2026-06-09 19:37:50,140 - INFO - ibkr.core.market_data_worker - Subscribed IBKR market data: TACT key=6858145 type=delayed
2026-06-09 19:37:50,140 - INFO - ibkr.core.market_data_worker - Subscribed IBKR market data: BAX key=8111188 type=delayed
2026-06-09 19:37:50,140 - INFO - ibkr.core.market_data_worker - Subscribed IBKR market data: UMC key=46613372 type=delayed
2026-06-09 19:37:50,140 - INFO - ibkr.core.market_data_worker - Subscribed IBKR market data: TSLA key=76792991 type=delayed
2026-06-09 19:37:50,141 - INFO - ibkr.core.market_data_worker - Subscribed IBKR market data: PTCT key=129374415 type=delayed
2026-06-09 19:37:50,141 - INFO - ibkr.core.market_data_worker - Subscribed IBKR market data: HPQ key=209411801 type=delayed
2026-06-09 19:37:50,141 - INFO - ibkr.core.market_data_worker - Subscribed IBKR market data: DELL key=346218218 type=delayed
2026-06-09 19:37:50,142 - INFO - ibkr.core.market_data_worker - Subscribed IBKR market data: MTA key=395717235 type=delayed
2026-06-09 19:37:50,142 - INFO - ibkr.core.market_data_worker - Subscribed IBKR market data: DRS key=478483396 type=delayed
2026-06-09 19:37:50,142 - INFO - ibkr.core.market_data_worker - Subscribed IBKR market data: RDW key=512000171 type=delayed
2026-06-09 19:37:50,143 - INFO - ibkr.core.market_data_worker - Subscribed IBKR market data: IONQ key=517593749 type=delayed
2026-06-09 19:37:50,143 - INFO - ibkr.core.market_data_worker - Subscribed IBKR market data: GFS key=523222624 type=delayed
2026-06-09 19:37:50,143 - INFO - ibkr.core.market_data_worker - Subscribed IBKR market data: QBTS key=578031277 type=delayed
2026-06-09 19:37:50,144 - INFO - ibkr.core.market_data_worker - Subscribed IBKR market data: LUNR key=613910262 type=delayed
2026-06-09 19:37:50,144 - INFO - ibkr.core.market_data_worker - Subscribed IBKR market data: SIDU key=673368857 type=delayed
2026-06-09 19:37:50,144 - INFO - ibkr.core.market_data_worker - Subscribed IBKR market data: DPRO key=725468685 type=delayed
2026-06-09 19:37:50,144 - INFO - ibkr.core.market_data_worker - Subscribed IBKR market data: SNDK key=760250490 type=delayed
2026-06-09 19:37:50,145 - INFO - ibkr.core.market_data_worker - Subscribed IBKR market data: RKLB key=787273575 type=delayed
2026-06-09 19:37:50,145 - INFO - ibkr.core.market_data_worker - Subscribed IBKR market data: SPRC key=860471331 type=delayed
2026-06-09 19:37:50,254 - INFO - ibkr.core.main_window - Subscription universe changed: 24 instruments (20 token-backed, +24/-0) sources={'positions': 20, 'charts': 2, 'watchlist': 1, 'header': 2}
2026-06-09 19:37:50,690 - INFO - ibkr.core.position_manager - Fetching positions from broker - Reason: app_startup
2026-06-09 19:37:50,705 - INFO - ibkr.core.main_window - Position system initialized successfully
2026-06-09 19:37:50,903 - INFO - ibkr.core.position_manager - Fetching positions from broker - Reason: instruments_loaded
2026-06-09 19:37:50,912 - WARNING - ibkr.core.market_data_worker - IBKR market data notice for NVDA: Requested market data is not subscribed. Displaying delayed market data. (10167)
2026-06-09 19:37:50,934 - INFO - ibkr.core.main_window - Chart auto-loading initiated
2026-06-09 19:37:50,934 - INFO - ibkr.core.main_window - Chart has active symbol MTSI but no rendered data; retrying historical load (conId=symbol-lookup)
2026-06-09 19:37:50,994 - INFO - chart_engine.core.ibkr_data_fetcher - Chart data source=IBKR symbol=MTSI interval=day from=2025-05-05T10:07:50.993468-04:00 to=2026-06-09T10:07:50.993468-04:00 dedicated_history=True
2026-06-09 19:37:51,193 - WARNING - ibkr.core.market_data_worker - IBKR market data notice for TACT: Requested market data is not subscribed. Displaying delayed market data. (10167)
2026-06-09 19:37:51,233 - WARNING - ibkr.core.market_data_worker - IBKR market data notice for BAX: Requested market data is not subscribed. Displaying delayed market data. (10167)
2026-06-09 19:37:51,515 - WARNING - ibkr.core.market_data_worker - IBKR market data notice for UMC: Requested market data is not subscribed. Displaying delayed market data. (10167)
2026-06-09 19:37:51,516 - WARNING - ibkr.core.market_data_worker - IBKR market data notice for TSLA: Requested market data is not subscribed. Displaying delayed market data. (10167)
2026-06-09 19:37:51,516 - WARNING - ibkr.core.market_data_worker - IBKR market data notice for PTCT: Requested market data is not subscribed. Displaying delayed market data. (10167)
2026-06-09 19:37:51,563 - WARNING - ibkr.core.market_data_worker - IBKR market data notice for HPQ: Requested market data is not subscribed. Displaying delayed market data. (10167)
2026-06-09 19:37:51,606 - WARNING - ibkr.core.market_data_worker - IBKR market data notice for DELL: Requested market data is not subscribed. Displaying delayed market data. (10167)
2026-06-09 19:37:51,607 - WARNING - ibkr.core.market_data_worker - IBKR market data notice for MTA: Requested market data is not subscribed. Displaying delayed market data. (10167)
2026-06-09 19:37:51,609 - WARNING - ibkr.core.market_data_worker - IBKR market data notice for DRS: Requested market data is not subscribed. Displaying delayed market data. (10167)
2026-06-09 19:37:51,612 - WARNING - ibkr.core.market_data_worker - IBKR market data notice for RDW: Requested market data is not subscribed. Displaying delayed market data. (10167)
2026-06-09 19:37:51,612 - WARNING - ibkr.core.market_data_worker - IBKR market data notice for IONQ: Requested market data is not subscribed. Displaying delayed market data. (10167)
2026-06-09 19:37:51,613 - WARNING - ibkr.core.market_data_worker - IBKR market data notice for GFS: Requested market data is not subscribed. Displaying delayed market data. (10167)
2026-06-09 19:37:51,613 - WARNING - ibkr.core.market_data_worker - IBKR market data notice for QBTS: Requested market data is not subscribed. Displaying delayed market data. (10167)
2026-06-09 19:37:51,613 - WARNING - ibkr.core.market_data_worker - IBKR market data notice for LUNR: Requested market data is not subscribed. Displaying delayed market data. (10167)
2026-06-09 19:37:51,614 - WARNING - ibkr.core.market_data_worker - IBKR market data notice for SIDU: Requested market data is not subscribed. Displaying delayed market data. (10167)
2026-06-09 19:37:51,614 - WARNING - ibkr.core.market_data_worker - IBKR market data notice for DPRO: Requested market data is not subscribed. Displaying delayed market data. (10167)
2026-06-09 19:37:51,616 - INFO - ibkr.widgets.scanner_table - EOD Scan completed: 45 symbols with complete data
2026-06-09 19:37:51,757 - WARNING - ibkr.core.market_data_worker - IBKR market data notice for SNDK: Requested market data is not subscribed. Displaying delayed market data. (10167)
2026-06-09 19:37:51,759 - WARNING - ibkr.core.market_data_worker - IBKR market data notice for RKLB: Requested market data is not subscribed. Displaying delayed market data. (10167)
2026-06-09 19:37:51,759 - WARNING - ibkr.core.market_data_worker - IBKR market data notice for SPRC: Requested market data is not subscribed. Displaying delayed market data. (10167)
2026-06-09 19:37:52,891 - INFO - ibkr.widgets.scanner_table - EOD Scanner table updated with 45 symbols.
2026-06-09 19:37:52,895 - INFO - ibkr.core.network_monitor - NetworkMonitor started
2026-06-09 19:37:52,896 - INFO - ibkr.core.main_window - Network resilience layer initialized
2026-06-09 19:37:53,652 - INFO - ibkr.core.network_monitor - Network confirmed online at startup
2026-06-09 19:37:54,606 - INFO - ibkr.core.market_data_worker - Subscribed IBKR market data: SPY key=756733 type=delayed
2026-06-09 19:37:54,607 - INFO - ibkr.core.market_data_worker - Subscribed IBKR market data: QQQ key=320227571 type=delayed
2026-06-09 19:37:55,236 - WARNING - ibkr.core.market_data_worker - IBKR market data notice for SPY: Requested market data is not subscribed. Displaying delayed market data. (10167)
2026-06-09 19:37:55,283 - WARNING - ibkr.core.market_data_worker - IBKR market data notice for QQQ: Requested market data is not subscribed. Displaying delayed market data. (10167)
2026-06-09 19:37:55,800 - INFO - chart_engine.core.ibkr_data_fetcher - IBKR chart history connected on 127.0.0.1:4002 clientId=102
2026-06-09 19:37:56,165 - INFO - chart_engine.core.ibkr_data_fetcher - Requesting IBKR historical data: MTSI conId=104158272 bar=1 day duration=2 Y end=latest
2026-06-09 19:37:56,168 - INFO - ibkr.core.market_data_worker - Subscribed IBKR market data: MTSI key=104158272 type=delayed
2026-06-09 19:37:56,168 - INFO - ibkr.core.market_data_worker - Subscribed IBKR market data: RMBS key=4031477 type=delayed
2026-06-09 19:37:56,495 - INFO - chart_engine.core.ibkr_data_fetcher - Requesting IBKR historical data: MTSI conId=104158272 bar=30 mins duration=50 D end=latest
2026-06-09 19:37:57,157 - WARNING - ibkr.core.market_data_worker - IBKR market data notice for MTSI: Requested market data is not subscribed. Displaying delayed market data. (10167)
2026-06-09 19:37:57,158 - WARNING - ibkr.core.market_data_worker - IBKR market data notice for RMBS: Requested market data is not subscribed. Displaying delayed market data. (10167)
2026-06-09 19:37:57,918 - INFO - chart_engine.core.ibkr_data_fetcher - Chart data fetch complete source=IBKR symbol=MTSI bars=276
2026-06-09 19:37:58,085 - INFO - ibkr.core.main_window - Chart panes revealed after initial symbol render: MTSI
2026-06-09 19:37:58,085 - INFO - ibkr.core.main_window - Chart symbol changed to: MTSI
2026-06-09 19:37:58,085 - INFO - ibkr.core.main_window - Added chart symbol MTSI to subscription
2026-06-09 19:37:58,086 - INFO - ibkr.core.main_window - Ensured subscription for chart symbol MTSI
2026-06-09 19:37:58,086 - INFO - chart_engine.core.chart_widget - Chart HTML loaded: MTSI (276 candles)
2026-06-09 19:37:58,361 - INFO - chart_engine.core.ibkr_data_fetcher - Chart data fetch complete source=IBKR symbol=MTSI bars=344
2026-06-09 19:37:58,520 - INFO - chart_engine.core.chart_widget - Chart HTML loaded: MTSI (344 candles)
2026-06-09 19:38:05,322 - INFO - chart_engine.core.ibkr_data_fetcher - Chart data source=IBKR symbol=MTSI interval=60minute from=2026-04-20T10:08:05.322304-04:00 to=2026-06-09T10:08:05.322304-04:00 dedicated_history=True
2026-06-09 19:38:06,567 - INFO - chart_engine.drawings - Saved state for MTSI (day) — 0 drawings
2026-06-09 19:38:06,687 - INFO - chart_engine.drawings - Loaded state for MTSI (60minute) — 0 drawings
2026-06-09 19:38:06,693 - INFO - chart_engine.core.chart_widget - Chart seamlessly updated: MTSI (344 candles)
2026-06-09 19:38:07,708 - INFO - chart_engine.drawings - Loaded state for MTSI (day) — 0 drawings
2026-06-09 19:38:48,321 - INFO - ibkr.core.data_cache - US market-open cache flush complete; intraday entries cleared
2026-06-09 19:39:04,324 - INFO - chart_engine.core.ibkr_data_fetcher - Chart data source=IBKR symbol=MTSI interval=60minute from=2026-04-20T10:09:04.324826-04:00 to=2026-06-09T10:09:04.324826-04:00 dedicated_history=True
2026-06-09 19:39:04,325 - INFO - chart_engine.core.ibkr_data_fetcher - Requesting IBKR historical data: MTSI conId=104158272 bar=30 mins duration=50 D end=latest
2026-06-09 19:39:05,593 - INFO - chart_engine.core.ibkr_data_fetcher - Chart data fetch complete source=IBKR symbol=MTSI bars=344
2026-06-09 19:39:05,635 - INFO - chart_engine.drawings - Loaded state for MTSI (60minute) — 0 drawings
2026-06-09 19:39:05,635 - INFO - chart_engine.drawings - Loaded global chart settings.
2026-06-09 19:39:05,636 - INFO - chart_engine.drawings - Saved global chart settings.
2026-06-09 19:39:05,646 - INFO - ibkr.core.main_window - Ensured subscription for chart symbol MTSI
2026-06-09 19:39:05,646 - INFO - chart_engine.core.chart_widget - Chart seamlessly updated: MTSI (344 candles)
2026-06-09 19:40:04,322 - INFO - chart_engine.core.ibkr_data_fetcher - Chart data source=IBKR symbol=MTSI interval=60minute from=2026-04-20T10:10:04.322548-04:00 to=2026-06-09T10:10:04.322548-04:00 dedicated_history=True
2026-06-09 19:40:04,323 - INFO - chart_engine.core.ibkr_data_fetcher - Requesting IBKR historical data: MTSI conId=104158272 bar=30 mins duration=50 D end=latest
2026-06-09 19:40:05,673 - INFO - chart_engine.core.ibkr_data_fetcher - Chart data fetch complete source=IBKR symbol=MTSI bars=344
2026-06-09 19:40:05,706 - INFO - chart_engine.drawings - Loaded state for MTSI (60minute) — 0 drawings
2026-06-09 19:40:05,706 - INFO - chart_engine.drawings - Loaded global chart settings.
2026-06-09 19:40:05,707 - INFO - chart_engine.drawings - Saved global chart settings.
2026-06-09 19:40:05,712 - INFO - ibkr.core.main_window - Ensured subscription for chart symbol MTSI
2026-06-09 19:40:05,712 - INFO - chart_engine.core.chart_widget - Chart seamlessly updated: MTSI (344 candles)
2026-06-09 19:41:04,323 - INFO - chart_engine.core.ibkr_data_fetcher - Chart data source=IBKR symbol=MTSI interval=60minute from=2026-04-20T10:11:04.323058-04:00 to=2026-06-09T10:11:04.323058-04:00 dedicated_history=True
2026-06-09 19:41:04,323 - INFO - chart_engine.core.ibkr_data_fetcher - Requesting IBKR historical data: MTSI conId=104158272 bar=30 mins duration=50 D end=latest
2026-06-09 19:41:05,638 - INFO - chart_engine.core.ibkr_data_fetcher - Chart data fetch complete source=IBKR symbol=MTSI bars=344
2026-06-09 19:41:05,682 - INFO - chart_engine.drawings - Loaded state for MTSI (60minute) — 0 drawings
2026-06-09 19:41:05,682 - INFO - chart_engine.drawings - Loaded global chart settings.
2026-06-09 19:41:05,683 - INFO - chart_engine.drawings - Saved global chart settings.
2026-06-09 19:41:05,687 - INFO - ibkr.core.main_window - Ensured subscription for chart symbol MTSI
2026-06-09 19:41:05,687 - INFO - chart_engine.core.chart_widget - Chart seamlessly updated: MTSI (344 candles)
2026-06-09 19:42:04,323 - INFO - chart_engine.core.ibkr_data_fetcher - Chart data source=IBKR symbol=MTSI interval=60minute from=2026-04-20T10:12:04.323835-04:00 to=2026-06-09T10:12:04.323835-04:00 dedicated_history=True
2026-06-09 19:42:04,325 - INFO - chart_engine.core.ibkr_data_fetcher - Requesting IBKR historical data: MTSI conId=104158272 bar=30 mins duration=50 D end=latest
2026-06-09 19:42:05,583 - INFO - chart_engine.core.ibkr_data_fetcher - Chart data fetch complete source=IBKR symbol=MTSI bars=344
2026-06-09 19:42:05,636 - INFO - chart_engine.drawings - Loaded state for MTSI (60minute) — 0 drawings
2026-06-09 19:42:05,636 - INFO - chart_engine.drawings - Loaded global chart settings.
2026-06-09 19:42:05,638 - INFO - chart_engine.drawings - Saved global chart settings.
2026-06-09 19:42:05,645 - INFO - ibkr.core.main_window - Ensured subscription for chart symbol MTSI
2026-06-09 19:42:05,646 - INFO - chart_engine.core.chart_widget - Chart seamlessly updated: MTSI (344 candles)
2026-06-09 19:43:04,324 - INFO - chart_engine.core.ibkr_data_fetcher - Chart data source=IBKR symbol=MTSI interval=60minute from=2026-04-20T10:13:04.324387-04:00 to=2026-06-09T10:13:04.324387-04:00 dedicated_history=True
2026-06-09 19:43:04,325 - INFO - chart_engine.core.ibkr_data_fetcher - Requesting IBKR historical data: MTSI conId=104158272 bar=30 mins duration=50 D end=latest
2026-06-09 19:43:05,708 - INFO - chart_engine.core.ibkr_data_fetcher - Chart data fetch complete source=IBKR symbol=MTSI bars=344
2026-06-09 19:43:05,739 - INFO - chart_engine.drawings - Loaded state for MTSI (60minute) — 0 drawings
2026-06-09 19:43:05,740 - INFO - chart_engine.drawings - Loaded global chart settings.
2026-06-09 19:43:05,741 - INFO - chart_engine.drawings - Saved global chart settings.
2026-06-09 19:43:05,750 - INFO - ibkr.core.main_window - Ensured subscription for chart symbol MTSI
2026-06-09 19:43:05,751 - INFO - chart_engine.core.chart_widget - Chart seamlessly updated: MTSI (344 candles)
2026-06-09 19:44:04,322 - INFO - chart_engine.core.ibkr_data_fetcher - Chart data source=IBKR symbol=MTSI interval=60minute from=2026-04-20T10:14:04.322266-04:00 to=2026-06-09T10:14:04.322266-04:00 dedicated_history=True
2026-06-09 19:44:04,323 - INFO - chart_engine.core.ibkr_data_fetcher - Requesting IBKR historical data: MTSI conId=104158272 bar=30 mins duration=50 D end=latest
2026-06-09 19:44:05,696 - INFO - chart_engine.core.ibkr_data_fetcher - Chart data fetch complete source=IBKR symbol=MTSI bars=344
2026-06-09 19:44:05,735 - INFO - chart_engine.drawings - Loaded state for MTSI (60minute) — 0 drawings
2026-06-09 19:44:05,735 - INFO - chart_engine.drawings - Loaded global chart settings.
2026-06-09 19:44:05,736 - INFO - chart_engine.drawings - Saved global chart settings.
2026-06-09 19:44:05,741 - INFO - ibkr.core.main_window - Ensured subscription for chart symbol MTSI
2026-06-09 19:44:05,741 - INFO - chart_engine.core.chart_widget - Chart seamlessly updated: MTSI (344 candles)
2026-06-09 19:45:04,323 - INFO - chart_engine.core.ibkr_data_fetcher - Chart data source=IBKR symbol=MTSI interval=60minute from=2026-04-20T10:15:04.322935-04:00 to=2026-06-09T10:15:04.322935-04:00 dedicated_history=True
2026-06-09 19:45:04,325 - INFO - chart_engine.core.ibkr_data_fetcher - Requesting IBKR historical data: MTSI conId=104158272 bar=30 mins duration=50 D end=latest
2026-06-09 19:45:05,609 - INFO - chart_engine.core.ibkr_data_fetcher - Chart data fetch complete source=IBKR symbol=MTSI bars=344
2026-06-09 19:45:05,656 - INFO - chart_engine.drawings - Loaded state for MTSI (60minute) — 0 drawings
2026-06-09 19:45:05,657 - INFO - chart_engine.drawings - Loaded global chart settings.
2026-06-09 19:45:05,658 - INFO - chart_engine.drawings - Saved global chart settings.
2026-06-09 19:45:05,662 - INFO - ibkr.core.main_window - Ensured subscription for chart symbol MTSI
2026-06-09 19:45:05,662 - INFO - chart_engine.core.chart_widget - Chart seamlessly updated: MTSI (344 candles)
2026-06-09 19:45:21,647 - INFO - ibkr.core.shutdown_manager - closeEvent received — beginning fast IBKR shutdown
2026-06-09 19:45:21,648 - INFO - ibkr.core.shutdown_manager - === Fast IBKR window-close shutdown starting ===
2026-06-09 19:45:21,648 - INFO - ibkr.core.shutdown_manager - Shutdown: [save_window_state]…
2026-06-09 19:45:21,650 - INFO - ibkr.core.main_window - Window state saved
2026-06-09 19:45:21,650 - INFO - ibkr.core.shutdown_manager - Shutdown: [save_window_state] ✓
2026-06-09 19:45:21,653 - INFO - ibkr.core.shutdown_manager - Shutdown: [save_chart_state]…
2026-06-09 19:45:21,670 - INFO - ibkr.core.shutdown_manager - Shutdown: [save_chart_state] ✓
2026-06-09 19:45:21,670 - INFO - ibkr.core.shutdown_manager - Shutdown: [stop_remaining_timers]…
2026-06-09 19:45:21,686 - INFO - ibkr.core.shutdown_manager - Shutdown: [stop_remaining_timers] ✓
2026-06-09 19:45:21,686 - INFO - ibkr.core.shutdown_manager - === Fast IBKR window-close shutdown complete ===
2026-06-09 19:45:21,696 - INFO - __main__ - Shutting down and cleaning up resources...
2026-06-09 19:45:21,696 - INFO - __main__ - Skipping broker disconnect during fast window-close shutdown.
2026-06-09 19:45:21,696 - INFO - __main__ - Cleanup complete.
