2026-06-10 22:33:42,288 - INFO - login_setup.login_setup_config - qullamaggie v1.0.0 starting...
2026-06-10 22:33:42,288 - INFO - login_setup.login_setup_config - Logging to file: /home/kavi/Desktop/Python_Projects/swing_trader/logs/qullamaggie_20260610_223342.log
2026-06-10 22:33:42,288 - INFO - login_setup.login_setup_config - Fatal crash diagnostics enabled for all threads.
2026-06-10 22:33:42,288 - INFO - __main__ - 🚀 Starting qullamaggie Application...
2026-06-10 22:33:42,422 - INFO - __main__ - Application icon loaded from: /home/kavi/Desktop/Python_Projects/swing_trader/assets/qullamaggie_swing_trader_icon.svg
2026-06-10 22:33:45,093 - INFO - ib_insync.client - Connecting to 127.0.0.1:4002 with clientId 1...
2026-06-10 22:33:45,094 - INFO - ib_insync.client - Connected
2026-06-10 22:33:45,110 - INFO - ib_insync.client - Logged on to server version 176
2026-06-10 22:33:45,153 - INFO - ib_insync.client - API connection ready
2026-06-10 22:33:45,585 - INFO - __main__ - Authenticated for broker: america
2026-06-10 22:33:45,585 - INFO - __main__ - Initializing trading and data clients...
2026-06-10 22:33:45,586 - INFO - login_setup.broker_factory - Creating america client for live trading
2026-06-10 22:33:45,586 - INFO - login_setup.broker_factory - IBKR client created with accounts: ['DUQ624205']
2026-06-10 22:33:45,592 - INFO - ibkr.core.trading_client - Subscribed to IBKR real-time order events
2026-06-10 22:33:45,593 - INFO - ibkr.core.trading_client - IBKR trading client startup snapshots deferred; using local cache/event sync
2026-06-10 22:33:45,593 - INFO - __main__ - Trading client created; creating data client...
2026-06-10 22:33:45,593 - INFO - login_setup.broker_factory - Creating data client for america
2026-06-10 22:33:45,593 - INFO - __main__ - Data client created; validating connection state...
2026-06-10 22:33:45,593 - INFO - __main__ - Trading client connected: True
2026-06-10 22:33:45,594 - INFO - __main__ - Data client connected: True
2026-06-10 22:33:45,594 - INFO - __main__ - Clients initialized successfully.
2026-06-10 22:33:45,594 - INFO - login_setup.broker_factory - Added america client to manager
2026-06-10 22:33:45,595 - INFO - login_setup.broker_factory - Started connection monitoring for america
2026-06-10 22:33:45,596 - INFO - __main__ - Creating main window for america...
2026-06-10 22:33:45,596 - INFO - login_setup.broker_factory - Dynamically loading main window from: ibkr.core.main_window
2026-06-10 22:33:46,804 - INFO - ibkr.core.trade_logger - Trade history database for 'live' mode at: /home/kavi/.qullamaggie/trade_history_live.db
2026-06-10 22:33:46,805 - INFO - ibkr.core.trade_logger - TradeLogger initialized with background processing
2026-06-10 22:33:46,806 - INFO - ibkr.core.trade_logger - DatabaseWorker processing started
2026-06-10 22:33:46,811 - INFO - ibkr.core.position_manager - ✅ Connected to trader.order_status_updated signal - orders will sync immediately
2026-06-10 22:33:46,811 - INFO - ibkr.core.position_manager - ✅ Connected to trader.position_updated signal - positions will sync immediately
2026-06-10 22:33:46,812 - INFO - ibkr.core.position_manager - ✅ Connected to trader.connection_status_changed signal
2026-06-10 22:33:46,812 - INFO - ibkr.core.trade_logger - Database initialization completed
2026-06-10 22:33:46,858 - INFO - ibkr.widgets.scanner_table - Loaded 1 valid scan configurations
2026-06-10 22:33:46,874 - INFO - ibkr.widgets.scanner_table - Scanner table ready for context-aware navigation
2026-06-10 22:33:46,882 - INFO - chart_engine.drawings - Loaded global chart settings.
2026-06-10 22:33:47,214 - INFO - ibkr.core.data_cache - MarketAwareDataCache initialised for IBKR/US market time
2026-06-10 22:33:47,301 - INFO - chart_engine.drawings - Saved global chart settings.
2026-06-10 22:33:47,498 - INFO - ibkr.core.alert_management_system - Loaded 0 alerts from disk
2026-06-10 22:33:47,499 - INFO - ibkr.core.alert_management_system - AlertSystemManager ready
2026-06-10 22:33:47,499 - INFO - ibkr.core.main_window - Alert system initialized successfully.
2026-06-10 22:33:47,500 - INFO - ibkr.core.alert_management_system - AlertEngine started
2026-06-10 22:33:47,500 - INFO - ibkr.core.main_window - Connecting component signals...
2026-06-10 22:33:47,501 - INFO - ibkr.core.main_window - IBKR order lifecycle UI signals connected
2026-06-10 22:33:47,506 - INFO - ibkr.core.main_window - Keyboard shortcuts initialized
2026-06-10 22:33:47,628 - INFO - ibkr.core.main_window - Window state restored
2026-06-10 22:33:47,659 - INFO - ibkr.core.main_window - Applied startup chart timeframes: left=day, right=60minute
2026-06-10 22:33:47,659 - INFO - ibkr.core.main_window - Simplified qullamaggie Window with Status Bar Initialized Successfully.
2026-06-10 22:33:47,659 - INFO - __main__ - Main window created successfully.
2026-06-10 22:33:47,743 - INFO - __main__ - Starting application event loop.
2026-06-10 22:33:48,289 - INFO - ibkr.core.main_window - Starting deferred IBKR post-show workers
2026-06-10 22:33:48,289 - INFO - chart_engine.core.ibkr_data_fetcher - Pre-warming dedicated IBKR history connection...
2026-06-10 22:33:48,294 - INFO - ib_insync.client - Connecting to 127.0.0.1:4002 with clientId 102...
2026-06-10 22:33:48,304 - INFO - ib_insync.client - Connecting to 127.0.0.1:4002 with clientId 101...
2026-06-10 22:33:48,346 - INFO - ibkr.core.main_window - IBKR loader: Building initial instrument list...
2026-06-10 22:33:48,762 - INFO - ibkr.core.main_window - Successfully loaded 209 instruments.
2026-06-10 22:33:48,763 - INFO - ibkr.widgets.header_toolbar - Search index ready: 209 instruments
2026-06-10 22:33:48,765 - INFO - ibkr.core.main_window - Instruments loaded successfully.
2026-06-10 22:33:48,766 - INFO - ibkr.core.main_window - IBKR loader: Loaded 181 symbols (qualifying in background...)
2026-06-10 22:33:48,822 - INFO - ibkr.widgets.scanner_table - IBKR scanner startup scan disabled; waiting for manual RUN
2026-06-10 22:33:49,081 - INFO - ibkr.core.main_window - Subscription universe changed: 2 instruments (0 token-backed, +2/-0) sources={'header': 2}
2026-06-10 22:33:49,610 - INFO - chart_engine.core.ibkr_data_fetcher - IBKR chart history connected on 127.0.0.1:4002 clientId=102
2026-06-10 22:33:49,711 - INFO - ibkr.core.market_data_worker - Dedicated IBKR market-data connection established on 127.0.0.1:4002 clientId=101
2026-06-10 22:33:49,712 - INFO - ibkr.core.market_data_worker - IBKR MarketDataWorker started
2026-06-10 22:33:49,712 - INFO - ibkr.core.market_data_worker - Requested IBKR delayed market data type (3); delayed fallback=False; generic ticks=''
2026-06-10 22:33:49,713 - WARNING - ibkr.core.main_window - IBKR market data is delayed (delayed); live subscription is unavailable.
2026-06-10 22:33:49,713 - INFO - ibkr.core.main_window - WebSocket connected. Setting up subscriptions.
2026-06-10 22:33:49,714 - INFO - ibkr.core.position_manager - Fetching positions from broker - Reason: ibkr_connected
2026-06-10 22:33:49,725 - INFO - ibkr.core.main_window - Added 20 widget market-data subscriptions (20 token-backed)
2026-06-10 22:33:49,729 - INFO - ibkr.core.position_manager - Position table changed: 20 open positions | open MTM -41262.28 | realized 0.00
2026-06-10 22:33:49,737 - INFO - ibkr.core.position_manager - Fetching positions from broker - Reason: instruments_loaded
2026-06-10 22:33:49,752 - INFO - ibkr.core.main_window - Chart auto-loading initiated
2026-06-10 22:33:49,773 - INFO - ibkr.core.main_window - Auto-loading startup chart symbol: ARM
2026-06-10 22:33:49,784 - INFO - chart_engine.core.ibkr_data_fetcher - Chart data source=IBKR symbol=ARM interval=day from=2026-03-02T13:03:49.784505-05:00 to=2026-06-10T13:03:49.784505-04:00 dedicated_history=True
2026-06-10 22:33:49,795 - INFO - chart_engine.core.ibkr_data_fetcher - Chart data source=IBKR symbol=ARM interval=60minute from=2026-04-21T13:03:49.795300-04:00 to=2026-06-10T13:03:49.795300-04:00 dedicated_history=True
2026-06-10 22:33:50,013 - INFO - ibkr.core.main_window - Subscription universe changed: 23 instruments (20 token-backed, +21/-0) sources={'positions': 20, 'charts': 2, 'header': 2}
2026-06-10 22:33:50,198 - INFO - ibkr.core.position_manager - Fetching positions from broker - Reason: app_startup
2026-06-10 22:33:50,212 - INFO - ibkr.core.main_window - Position system initialized successfully
2026-06-10 22:33:50,274 - INFO - ibkr.core.market_data_worker - Subscribed IBKR market data: SPY key=756733 type=delayed
2026-06-10 22:33:50,275 - INFO - ibkr.core.market_data_worker - Subscribed IBKR market data: QQQ key=320227571 type=delayed
2026-06-10 22:33:50,562 - INFO - chart_engine.core.ibkr_data_fetcher - Requesting IBKR historical data: ARM conId=653400472 bar=1 day duration=100 D end=latest
2026-06-10 22:33:50,604 - INFO - chart_engine.core.ibkr_data_fetcher - Requesting IBKR historical data: ARM conId=653400472 bar=30 mins duration=50 D end=latest
2026-06-10 22:33:50,607 - INFO - ibkr.core.network_monitor - NetworkMonitor started
2026-06-10 22:33:50,607 - INFO - ibkr.core.main_window - Network resilience layer initialized
2026-06-10 22:33:50,783 - WARNING - ibkr.core.market_data_worker - IBKR market data notice for SPY: Requested market data is not subscribed. Displaying delayed market data. (10167)
2026-06-10 22:33:51,063 - WARNING - ibkr.core.market_data_worker - IBKR market data notice for QQQ: Requested market data is not subscribed. Displaying delayed market data. (10167)
2026-06-10 22:33:51,285 - INFO - chart_engine.core.ibkr_data_fetcher - Chart data fetch complete source=IBKR symbol=ARM bars=71
2026-06-10 22:33:51,386 - INFO - ibkr.core.main_window - Chart panes revealed after initial symbol render: ARM
2026-06-10 22:33:51,386 - INFO - ibkr.core.main_window - Chart symbol changed to: ARM
2026-06-10 22:33:51,386 - INFO - ibkr.core.main_window - Added chart symbol ARM to subscription
2026-06-10 22:33:51,387 - INFO - ibkr.core.main_window - Ensured subscription for chart symbol ARM
2026-06-10 22:33:51,387 - INFO - chart_engine.core.chart_widget - Chart HTML loaded: ARM (71 candles)
2026-06-10 22:33:51,416 - INFO - ibkr.core.network_monitor - Network confirmed online at startup
2026-06-10 22:33:52,232 - INFO - chart_engine.core.ibkr_data_fetcher - Chart data fetch complete source=IBKR symbol=ARM bars=347
2026-06-10 22:33:52,345 - INFO - chart_engine.core.chart_widget - Chart HTML loaded: ARM (347 candles)
2026-06-10 22:33:52,520 - INFO - ibkr.core.market_data_worker - Subscribed IBKR market data: NVDA key=4815747 type=delayed
2026-06-10 22:33:52,520 - INFO - ibkr.core.market_data_worker - Subscribed IBKR market data: TACT key=6858145 type=delayed
2026-06-10 22:33:52,521 - INFO - ibkr.core.market_data_worker - Subscribed IBKR market data: BAX key=8111188 type=delayed
2026-06-10 22:33:52,523 - INFO - ibkr.core.market_data_worker - Subscribed IBKR market data: UMC key=46613372 type=delayed
2026-06-10 22:33:52,523 - INFO - ibkr.core.market_data_worker - Subscribed IBKR market data: TSLA key=76792991 type=delayed
2026-06-10 22:33:52,525 - INFO - ibkr.core.market_data_worker - Subscribed IBKR market data: PTCT key=129374415 type=delayed
2026-06-10 22:33:52,526 - INFO - ibkr.core.market_data_worker - Subscribed IBKR market data: HPQ key=209411801 type=delayed
2026-06-10 22:33:52,527 - INFO - ibkr.core.market_data_worker - Subscribed IBKR market data: DELL key=346218218 type=delayed
2026-06-10 22:33:52,528 - INFO - ibkr.core.market_data_worker - Subscribed IBKR market data: MTA key=395717235 type=delayed
2026-06-10 22:33:52,528 - INFO - ibkr.core.market_data_worker - Subscribed IBKR market data: DRS key=478483396 type=delayed
2026-06-10 22:33:52,529 - INFO - ibkr.core.market_data_worker - Subscribed IBKR market data: RDW key=512000171 type=delayed
2026-06-10 22:33:52,530 - INFO - ibkr.core.market_data_worker - Subscribed IBKR market data: IONQ key=517593749 type=delayed
2026-06-10 22:33:52,531 - INFO - ibkr.core.market_data_worker - Subscribed IBKR market data: GFS key=523222624 type=delayed
2026-06-10 22:33:52,531 - INFO - ibkr.core.market_data_worker - Subscribed IBKR market data: QBTS key=578031277 type=delayed
2026-06-10 22:33:52,532 - INFO - ibkr.core.market_data_worker - Subscribed IBKR market data: LUNR key=613910262 type=delayed
2026-06-10 22:33:52,532 - INFO - ibkr.core.market_data_worker - Subscribed IBKR market data: SIDU key=673368857 type=delayed
2026-06-10 22:33:52,533 - INFO - ibkr.core.market_data_worker - Subscribed IBKR market data: DPRO key=725468685 type=delayed
2026-06-10 22:33:52,533 - INFO - ibkr.core.market_data_worker - Subscribed IBKR market data: SNDK key=760250490 type=delayed
2026-06-10 22:33:52,534 - INFO - ibkr.core.market_data_worker - Subscribed IBKR market data: RKLB key=787273575 type=delayed
2026-06-10 22:33:52,535 - INFO - ibkr.core.market_data_worker - Subscribed IBKR market data: SPRC key=860471331 type=delayed
2026-06-10 22:33:53,059 - WARNING - ibkr.core.market_data_worker - IBKR market data notice for NVDA: Requested market data is not subscribed. Displaying delayed market data. (10167)
2026-06-10 22:33:53,337 - WARNING - ibkr.core.market_data_worker - IBKR market data notice for TACT: Requested market data is not subscribed. Displaying delayed market data. (10167)
2026-06-10 22:33:53,338 - WARNING - ibkr.core.market_data_worker - IBKR market data notice for BAX: Requested market data is not subscribed. Displaying delayed market data. (10167)
2026-06-10 22:33:53,338 - WARNING - ibkr.core.market_data_worker - IBKR market data notice for UMC: Requested market data is not subscribed. Displaying delayed market data. (10167)
2026-06-10 22:33:53,338 - WARNING - ibkr.core.market_data_worker - IBKR market data notice for TSLA: Requested market data is not subscribed. Displaying delayed market data. (10167)
2026-06-10 22:33:53,579 - WARNING - ibkr.core.market_data_worker - IBKR market data notice for PTCT: Requested market data is not subscribed. Displaying delayed market data. (10167)
2026-06-10 22:33:53,622 - WARNING - ibkr.core.market_data_worker - IBKR market data notice for HPQ: Requested market data is not subscribed. Displaying delayed market data. (10167)
2026-06-10 22:33:53,622 - WARNING - ibkr.core.market_data_worker - IBKR market data notice for DELL: Requested market data is not subscribed. Displaying delayed market data. (10167)
2026-06-10 22:33:53,779 - WARNING - ibkr.core.market_data_worker - IBKR market data notice for MTA: Requested market data is not subscribed. Displaying delayed market data. (10167)
2026-06-10 22:33:53,789 - WARNING - ibkr.core.market_data_worker - IBKR market data notice for DRS: Requested market data is not subscribed. Displaying delayed market data. (10167)
2026-06-10 22:33:53,873 - WARNING - ibkr.core.market_data_worker - IBKR market data notice for RDW: Requested market data is not subscribed. Displaying delayed market data. (10167)
2026-06-10 22:33:54,069 - WARNING - ibkr.core.market_data_worker - IBKR market data notice for IONQ: Requested market data is not subscribed. Displaying delayed market data. (10167)
2026-06-10 22:33:54,069 - WARNING - ibkr.core.market_data_worker - IBKR market data notice for GFS: Requested market data is not subscribed. Displaying delayed market data. (10167)
2026-06-10 22:33:54,070 - WARNING - ibkr.core.market_data_worker - IBKR market data notice for QBTS: Requested market data is not subscribed. Displaying delayed market data. (10167)
2026-06-10 22:33:54,070 - WARNING - ibkr.core.market_data_worker - IBKR market data notice for LUNR: Requested market data is not subscribed. Displaying delayed market data. (10167)
2026-06-10 22:33:54,070 - WARNING - ibkr.core.market_data_worker - IBKR market data notice for SIDU: Requested market data is not subscribed. Displaying delayed market data. (10167)
2026-06-10 22:33:54,071 - WARNING - ibkr.core.market_data_worker - IBKR market data notice for DPRO: Requested market data is not subscribed. Displaying delayed market data. (10167)
2026-06-10 22:33:54,071 - WARNING - ibkr.core.market_data_worker - IBKR market data notice for SNDK: Requested market data is not subscribed. Displaying delayed market data. (10167)
2026-06-10 22:33:54,071 - WARNING - ibkr.core.market_data_worker - IBKR market data notice for RKLB: Requested market data is not subscribed. Displaying delayed market data. (10167)
2026-06-10 22:33:54,144 - WARNING - ibkr.core.market_data_worker - IBKR market data notice for SPRC: Requested market data is not subscribed. Displaying delayed market data. (10167)
2026-06-10 22:33:56,105 - INFO - ibkr.core.market_data_worker - Subscribed IBKR market data: ARM key=653400472 type=delayed
2026-06-10 22:33:56,482 - WARNING - ibkr.core.market_data_worker - IBKR market data notice for ARM: Requested market data is not subscribed. Displaying delayed market data. (10167)
2026-06-10 22:34:05,104 - INFO - chart_engine.core.ibkr_data_fetcher - Chart data source=IBKR symbol=ARM interval=60minute from=2026-04-21T13:04:05.104587-04:00 to=2026-06-10T13:04:05.104587-04:00 dedicated_history=True
2026-06-10 22:34:05,105 - INFO - chart_engine.core.ibkr_data_fetcher - Requesting IBKR historical data: ARM conId=653400472 bar=30 mins duration=50 D end=latest
2026-06-10 22:34:06,438 - INFO - chart_engine.core.ibkr_data_fetcher - Chart data fetch complete source=IBKR symbol=ARM bars=347
2026-06-10 22:34:06,476 - INFO - chart_engine.drawings - Loaded global chart settings.
2026-06-10 22:34:06,477 - INFO - chart_engine.drawings - Saved global chart settings.
2026-06-10 22:34:06,484 - INFO - ibkr.core.main_window - Ensured subscription for chart symbol ARM
2026-06-10 22:34:06,485 - INFO - chart_engine.core.chart_widget - Chart seamlessly updated: ARM (347 candles)
2026-06-10 22:34:47,103 - INFO - ibkr.core.data_cache - US market-open cache flush complete; intraday entries cleared
2026-06-10 22:34:48,054 - INFO - ibkr.widgets.scanner_table - Saved 1 scans to /home/kavi/.qullamaggie/storage/user_data/ibkr/live/finviz_scans.json
2026-06-10 22:34:48,066 - INFO - ibkr.widgets.scanner_table - Scans saved successfully. 1 scans available.
2026-06-10 22:35:05,122 - INFO - chart_engine.core.ibkr_data_fetcher - Chart data source=IBKR symbol=ARM interval=60minute from=2026-04-21T13:05:05.122788-04:00 to=2026-06-10T13:05:05.122788-04:00 dedicated_history=True
2026-06-10 22:35:05,124 - INFO - chart_engine.core.ibkr_data_fetcher - Requesting IBKR historical data: ARM conId=653400472 bar=30 mins duration=50 D end=latest
2026-06-10 22:35:06,501 - INFO - chart_engine.core.ibkr_data_fetcher - Chart data fetch complete source=IBKR symbol=ARM bars=347
2026-06-10 22:35:06,566 - INFO - chart_engine.drawings - Loaded global chart settings.
2026-06-10 22:35:06,567 - INFO - chart_engine.drawings - Saved global chart settings.
2026-06-10 22:35:06,577 - INFO - ibkr.core.main_window - Ensured subscription for chart symbol ARM
2026-06-10 22:35:06,577 - INFO - chart_engine.core.chart_widget - Chart seamlessly updated: ARM (347 candles)
2026-06-10 22:35:06,770 - INFO - ibkr.core.main_window - Window state saved
2026-06-10 22:35:56,035 - INFO - ibkr.widgets.scanner_table - Saved 2 scans to /home/kavi/.qullamaggie/storage/user_data/ibkr/live/finviz_scans.json
2026-06-10 22:35:56,043 - INFO - ibkr.widgets.scanner_table - Scans saved successfully. 2 scans available.
2026-06-10 22:36:01,424 - ERROR - ib_insync.wrapper - Error 200, reqId 11: No security definition has been found for the request, contract: Stock(symbol='SCANS SAVED. PRESS RUN OR OPEN SCANS LIST TO LAUNCH A SCAN.', exchange='SMART', currency='USD')
2026-06-10 22:36:01,425 - WARNING - ib_insync.ib - Unknown contract: Stock(symbol='SCANS SAVED. PRESS RUN OR OPEN SCANS LIST TO LAUNCH A SCAN.', exchange='SMART', currency='USD')
2026-06-10 22:36:01,715 - ERROR - ib_insync.wrapper - Error 200, reqId 12: No security definition has been found for the request, contract: Stock(symbol='SCANS SAVED. PRESS RUN OR OPEN SCANS LIST TO LAUNCH A SCAN.', exchange='SMART', currency='USD')
2026-06-10 22:36:03,419 - INFO - ibkr.core.shutdown_manager - closeEvent received — beginning fast IBKR shutdown
2026-06-10 22:36:03,420 - INFO - ibkr.core.shutdown_manager - === Fast IBKR window-close shutdown starting ===
2026-06-10 22:36:03,421 - INFO - ibkr.core.shutdown_manager - Shutdown: [quiesce_background_activity]…
2026-06-10 22:36:03,422 - INFO - ibkr.core.shutdown_manager - Shutdown: [quiesce_background_activity] ✓
2026-06-10 22:36:03,423 - INFO - ibkr.core.shutdown_manager - Shutdown: [save_window_state]…
2026-06-10 22:36:03,426 - INFO - ibkr.core.main_window - Window state saved
2026-06-10 22:36:03,426 - INFO - ibkr.core.shutdown_manager - Shutdown: [save_window_state] ✓
2026-06-10 22:36:03,427 - INFO - ibkr.core.shutdown_manager - Shutdown: [save_chart_state]…
2026-06-10 22:36:03,429 - INFO - ib_insync.client - Disconnecting
2026-06-10 22:36:03,430 - INFO - ibkr.core.market_data_worker - IBKR MarketDataWorker stopped
2026-06-10 22:36:03,467 - INFO - ibkr.core.shutdown_manager - Shutdown: [save_chart_state] ✓
2026-06-10 22:36:03,467 - INFO - ibkr.core.shutdown_manager - Shutdown: [stop_remaining_timers]…
2026-06-10 22:36:03,505 - INFO - ibkr.core.shutdown_manager - Shutdown: [stop_remaining_timers] ✓
2026-06-10 22:36:03,506 - INFO - ibkr.core.shutdown_manager - === Fast IBKR window-close shutdown complete ===
2026-06-10 22:36:03,525 - INFO - __main__ - Shutting down and cleaning up resources...
2026-06-10 22:36:03,528 - INFO - __main__ - Skipping broker disconnect during fast window-close shutdown.
2026-06-10 22:36:03,528 - INFO - __main__ - Cleanup complete.
