2026-06-09 22:34:39,508 - INFO - login_setup.login_setup_config - qullamaggie v1.0.0 starting...
2026-06-09 22:34:39,508 - INFO - login_setup.login_setup_config - Logging to file: /home/kavi/Desktop/Python_Projects/swing_trader/logs/qullamaggie_20260609_223439.log
2026-06-09 22:34:39,508 - INFO - login_setup.login_setup_config - Fatal crash diagnostics enabled for all threads.
2026-06-09 22:34:39,509 - INFO - __main__ - 🚀 Starting qullamaggie Application...
2026-06-09 22:34:39,636 - INFO - __main__ - Application icon loaded from: /home/kavi/Desktop/Python_Projects/swing_trader/assets/qullamaggie_swing_trader_icon.svg
2026-06-09 22:34:41,991 - INFO - ib_insync.client - Connecting to 127.0.0.1:4002 with clientId 1...
2026-06-09 22:34:42,011 - INFO - ib_insync.client - Connected
2026-06-09 22:34:42,024 - INFO - ib_insync.client - Logged on to server version 176
2026-06-09 22:34:42,067 - INFO - ib_insync.client - API connection ready
2026-06-09 22:34:42,556 - INFO - __main__ - Authenticated for broker: america
2026-06-09 22:34:42,556 - INFO - __main__ - Initializing trading and data clients...
2026-06-09 22:34:42,556 - INFO - login_setup.broker_factory - Creating america client for live trading
2026-06-09 22:34:42,557 - INFO - login_setup.broker_factory - IBKR client created with accounts: ['DUQ624205']
2026-06-09 22:34:42,563 - INFO - ibkr.core.trading_client - Subscribed to IBKR real-time order events
2026-06-09 22:34:42,564 - INFO - ibkr.core.trading_client - IBKR trading client startup snapshots deferred; using local cache/event sync
2026-06-09 22:34:42,564 - INFO - __main__ - Trading client created; creating data client...
2026-06-09 22:34:42,565 - INFO - login_setup.broker_factory - Creating data client for america
2026-06-09 22:34:42,565 - INFO - __main__ - Data client created; validating connection state...
2026-06-09 22:34:42,566 - INFO - __main__ - Trading client connected: True
2026-06-09 22:34:42,566 - INFO - __main__ - Data client connected: True
2026-06-09 22:34:42,567 - INFO - __main__ - Clients initialized successfully.
2026-06-09 22:34:42,567 - INFO - login_setup.broker_factory - Added america client to manager
2026-06-09 22:34:42,568 - INFO - login_setup.broker_factory - Started connection monitoring for america
2026-06-09 22:34:42,568 - INFO - __main__ - Creating main window for america...
2026-06-09 22:34:42,568 - INFO - login_setup.broker_factory - Dynamically loading main window from: ibkr.core.main_window
2026-06-09 22:34:43,370 - INFO - ibkr.core.trade_logger - Trade history database for 'live' mode at: /home/kavi/.qullamaggie/trade_history_live.db
2026-06-09 22:34:43,371 - INFO - ibkr.core.trade_logger - TradeLogger initialized with background processing
2026-06-09 22:34:43,371 - INFO - ibkr.core.trade_logger - DatabaseWorker processing started
2026-06-09 22:34:43,373 - INFO - ibkr.core.trade_logger - Database initialization completed
2026-06-09 22:34:43,397 - INFO - ibkr.core.position_manager - ✅ Connected to trader.order_status_updated signal - orders will sync immediately
2026-06-09 22:34:43,397 - INFO - ibkr.core.position_manager - ✅ Connected to trader.position_updated signal - positions will sync immediately
2026-06-09 22:34:43,397 - INFO - ibkr.core.position_manager - ✅ Connected to trader.connection_status_changed signal
2026-06-09 22:34:43,464 - INFO - ibkr.widgets.scanner_table - Loaded 19 valid scan configurations
2026-06-09 22:34:43,479 - INFO - ibkr.widgets.scanner_table - Scanner table ready for context-aware navigation
2026-06-09 22:34:43,486 - INFO - ibkr.widgets.scanner_table - Running EOD Finviz scan: Computer Hardware
2026-06-09 22:34:43,511 - INFO - chart_engine.core.ibkr_data_fetcher - Pre-warming dedicated IBKR history connection...
2026-06-09 22:34:43,513 - INFO - ib_insync.client - Connecting to 127.0.0.1:4002 with clientId 102...
2026-06-09 22:34:43,515 - INFO - chart_engine.drawings - Loaded global chart settings.
2026-06-09 22:34:43,694 - INFO - chart_engine.core.ibkr_data_fetcher - Chart data source=IBKR symbol=SMCI interval=day from=2025-05-05T13:04:43.694027-04:00 to=2026-06-09T13:04:43.694027-04:00 dedicated_history=True
2026-06-09 22:34:43,874 - INFO - ibkr.core.data_cache - MarketAwareDataCache initialised for IBKR/US market time
2026-06-09 22:34:43,874 - INFO - chart_engine.core.ibkr_data_fetcher - Chart data source=IBKR symbol=SMCI interval=60minute from=2026-04-20T13:04:43.874601-04:00 to=2026-06-09T13:04:43.874601-04:00 dedicated_history=True
2026-06-09 22:34:44,017 - INFO - chart_engine.drawings - Saved global chart settings.
2026-06-09 22:34:44,165 - INFO - chart_engine.core.ibkr_data_fetcher - IBKR chart history connected on 127.0.0.1:4002 clientId=102
2026-06-09 22:34:44,206 - INFO - ibkr.core.alert_management_system - Loaded 0 alerts from disk
2026-06-09 22:34:44,207 - INFO - ibkr.core.alert_management_system - AlertSystemManager ready
2026-06-09 22:34:44,207 - INFO - ibkr.core.alert_management_system - AlertEngine started
2026-06-09 22:34:44,207 - INFO - ibkr.core.main_window - Alert system initialized successfully.
2026-06-09 22:34:44,209 - INFO - ibkr.core.main_window - Connecting component signals...
2026-06-09 22:34:44,211 - INFO - ibkr.core.main_window - IBKR order lifecycle UI signals connected
2026-06-09 22:34:44,214 - INFO - ib_insync.client - Connecting to 127.0.0.1:4002 with clientId 101...
2026-06-09 22:34:44,245 - INFO - ibkr.core.main_window - Keyboard shortcuts initialized
2026-06-09 22:34:44,481 - INFO - ibkr.core.main_window - Window state restored
2026-06-09 22:34:44,481 - INFO - ibkr.core.main_window - Applied startup chart timeframes: left=day, right=60minute
2026-06-09 22:34:44,481 - INFO - ibkr.core.main_window - Simplified qullamaggie Window with Status Bar Initialized Successfully.
2026-06-09 22:34:44,482 - INFO - __main__ - Main window created successfully.
2026-06-09 22:34:44,499 - INFO - chart_engine.core.ibkr_data_fetcher - Requesting IBKR historical data: SMCI conId=731466419 bar=1 day duration=2 Y end=latest
2026-06-09 22:34:44,583 - INFO - __main__ - Starting application event loop.
2026-06-09 22:34:44,972 - INFO - chart_engine.core.ibkr_data_fetcher - Requesting IBKR historical data: SMCI conId=731466419 bar=30 mins duration=50 D end=latest
2026-06-09 22:34:45,167 - INFO - ibkr.core.market_data_worker - Dedicated IBKR market-data connection established on 127.0.0.1:4002 clientId=101
2026-06-09 22:34:45,174 - INFO - ibkr.core.market_data_worker - IBKR MarketDataWorker started
2026-06-09 22:34:45,178 - INFO - ibkr.core.market_data_worker - Requested IBKR delayed market data type (3); delayed fallback=False; generic ticks=''
2026-06-09 22:34:45,176 - INFO - ibkr.core.main_window - IBKR loader: Building initial instrument list...
2026-06-09 22:34:45,195 - WARNING - ibkr.core.main_window - IBKR market data is delayed (delayed); live subscription is unavailable.
2026-06-09 22:34:45,195 - INFO - ibkr.core.main_window - WebSocket connected. Setting up subscriptions.
2026-06-09 22:34:45,196 - INFO - ibkr.core.position_manager - Fetching positions from broker - Reason: ibkr_connected
2026-06-09 22:34:45,219 - INFO - ibkr.core.main_window - Added 20 widget market-data subscriptions (20 token-backed)
2026-06-09 22:34:45,221 - INFO - ibkr.core.position_manager - Position table changed: 20 open positions | open MTM -68071.84 | realized 0.00
2026-06-09 22:34:46,032 - INFO - ibkr.widgets.scanner_table - EOD Scan completed: 19 symbols with complete data
2026-06-09 22:34:46,177 - INFO - chart_engine.core.ibkr_data_fetcher - Chart data fetch complete source=IBKR symbol=SMCI bars=347
2026-06-09 22:34:46,192 - INFO - ibkr.core.main_window - Successfully loaded 4328 instruments.
2026-06-09 22:34:46,194 - INFO - ibkr.widgets.header_toolbar - Search index ready: 4328 instruments
2026-06-09 22:34:46,249 - INFO - ibkr.core.market_data_worker - Subscribed IBKR market data: NVDA key=4815747 type=delayed
2026-06-09 22:34:46,249 - INFO - ibkr.core.market_data_worker - Subscribed IBKR market data: TACT key=6858145 type=delayed
2026-06-09 22:34:46,250 - INFO - ibkr.core.market_data_worker - Subscribed IBKR market data: BAX key=8111188 type=delayed
2026-06-09 22:34:46,250 - INFO - ibkr.core.market_data_worker - Subscribed IBKR market data: UMC key=46613372 type=delayed
2026-06-09 22:34:46,251 - INFO - ibkr.core.market_data_worker - Subscribed IBKR market data: TSLA key=76792991 type=delayed
2026-06-09 22:34:46,254 - INFO - ibkr.core.market_data_worker - Subscribed IBKR market data: PTCT key=129374415 type=delayed
2026-06-09 22:34:46,255 - INFO - ibkr.core.market_data_worker - Subscribed IBKR market data: HPQ key=209411801 type=delayed
2026-06-09 22:34:46,255 - INFO - ibkr.core.market_data_worker - Subscribed IBKR market data: DELL key=346218218 type=delayed
2026-06-09 22:34:46,256 - INFO - ibkr.core.market_data_worker - Subscribed IBKR market data: MTA key=395717235 type=delayed
2026-06-09 22:34:46,256 - INFO - ibkr.core.market_data_worker - Subscribed IBKR market data: DRS key=478483396 type=delayed
2026-06-09 22:34:46,259 - INFO - ibkr.core.market_data_worker - Subscribed IBKR market data: RDW key=512000171 type=delayed
2026-06-09 22:34:46,260 - INFO - ibkr.core.market_data_worker - Subscribed IBKR market data: IONQ key=517593749 type=delayed
2026-06-09 22:34:46,261 - INFO - ibkr.core.market_data_worker - Subscribed IBKR market data: GFS key=523222624 type=delayed
2026-06-09 22:34:46,261 - INFO - ibkr.core.market_data_worker - Subscribed IBKR market data: QBTS key=578031277 type=delayed
2026-06-09 22:34:46,262 - INFO - ibkr.core.market_data_worker - Subscribed IBKR market data: LUNR key=613910262 type=delayed
2026-06-09 22:34:46,265 - INFO - ibkr.core.market_data_worker - Subscribed IBKR market data: SIDU key=673368857 type=delayed
2026-06-09 22:34:46,266 - INFO - ibkr.core.market_data_worker - Subscribed IBKR market data: DPRO key=725468685 type=delayed
2026-06-09 22:34:46,266 - INFO - ibkr.core.market_data_worker - Subscribed IBKR market data: SNDK key=760250490 type=delayed
2026-06-09 22:34:46,270 - INFO - ibkr.core.market_data_worker - Subscribed IBKR market data: RKLB key=787273575 type=delayed
2026-06-09 22:34:46,271 - INFO - ibkr.core.market_data_worker - Subscribed IBKR market data: SPRC key=860471331 type=delayed
2026-06-09 22:34:46,296 - INFO - chart_engine.core.ibkr_data_fetcher - Chart data fetch complete source=IBKR symbol=SMCI bars=276
2026-06-09 22:34:46,340 - INFO - ibkr.core.main_window - Instruments loaded successfully.
2026-06-09 22:34:46,360 - INFO - ibkr.core.main_window - IBKR loader: Loaded 181 symbols (qualifying in background...)
2026-06-09 22:34:46,868 - INFO - ibkr.widgets.scanner_table - EOD Scanner table updated with 19 symbols.
2026-06-09 22:34:46,926 - INFO - ibkr.core.position_manager - Fetching positions from broker - Reason: app_startup
2026-06-09 22:34:46,943 - INFO - ibkr.core.main_window - Position system initialized successfully
2026-06-09 22:34:47,022 - INFO - ibkr.core.main_window - Chart panes revealed after initial symbol render: SMCI
2026-06-09 22:34:47,022 - INFO - ibkr.core.main_window - Ensured subscription for chart symbol SMCI
2026-06-09 22:34:47,022 - INFO - chart_engine.core.chart_widget - Chart HTML loaded: SMCI (347 candles)
2026-06-09 22:34:47,164 - INFO - ibkr.core.main_window - Chart symbol changed to: SMCI
2026-06-09 22:34:47,164 - INFO - ibkr.core.main_window - Added chart symbol SMCI to subscription
2026-06-09 22:34:47,164 - INFO - chart_engine.core.chart_widget - Chart HTML loaded: SMCI (276 candles)
2026-06-09 22:34:47,206 - WARNING - ibkr.core.market_data_worker - IBKR market data notice for NVDA: Requested market data is not subscribed. Displaying delayed market data. (10167)
2026-06-09 22:34:47,285 - INFO - ibkr.core.position_manager - Fetching positions from broker - Reason: instruments_loaded
2026-06-09 22:34:47,321 - INFO - ibkr.core.main_window - Chart auto-loading initiated
2026-06-09 22:34:47,321 - INFO - ibkr.core.main_window - Chart already has active rendered symbol: SMCI
2026-06-09 22:34:47,497 - WARNING - ibkr.core.market_data_worker - IBKR market data notice for TACT: Requested market data is not subscribed. Displaying delayed market data. (10167)
2026-06-09 22:34:47,497 - WARNING - ibkr.core.market_data_worker - IBKR market data notice for BAX: Requested market data is not subscribed. Displaying delayed market data. (10167)
2026-06-09 22:34:47,515 - INFO - ibkr.core.main_window - Subscription universe changed: 24 instruments (20 token-backed, +24/-0) sources={'positions': 20, 'charts': 2, 'watchlist': 1, 'header': 2}
2026-06-09 22:34:47,606 - INFO - ibkr.core.network_monitor - NetworkMonitor started
2026-06-09 22:34:47,606 - INFO - ibkr.core.main_window - Network resilience layer initialized
2026-06-09 22:34:47,771 - WARNING - ibkr.core.market_data_worker - IBKR market data notice for UMC: Requested market data is not subscribed. Displaying delayed market data. (10167)
2026-06-09 22:34:47,816 - WARNING - ibkr.core.market_data_worker - IBKR market data notice for TSLA: Requested market data is not subscribed. Displaying delayed market data. (10167)
2026-06-09 22:34:47,817 - WARNING - ibkr.core.market_data_worker - IBKR market data notice for PTCT: Requested market data is not subscribed. Displaying delayed market data. (10167)
2026-06-09 22:34:47,818 - WARNING - ibkr.core.market_data_worker - IBKR market data notice for HPQ: Requested market data is not subscribed. Displaying delayed market data. (10167)
2026-06-09 22:34:47,818 - WARNING - ibkr.core.market_data_worker - IBKR market data notice for DELL: Requested market data is not subscribed. Displaying delayed market data. (10167)
2026-06-09 22:34:47,819 - WARNING - ibkr.core.market_data_worker - IBKR market data notice for MTA: Requested market data is not subscribed. Displaying delayed market data. (10167)
2026-06-09 22:34:47,819 - WARNING - ibkr.core.market_data_worker - IBKR market data notice for DRS: Requested market data is not subscribed. Displaying delayed market data. (10167)
2026-06-09 22:34:47,819 - WARNING - ibkr.core.market_data_worker - IBKR market data notice for RDW: Requested market data is not subscribed. Displaying delayed market data. (10167)
2026-06-09 22:34:47,820 - WARNING - ibkr.core.market_data_worker - IBKR market data notice for IONQ: Requested market data is not subscribed. Displaying delayed market data. (10167)
2026-06-09 22:34:47,821 - WARNING - ibkr.core.market_data_worker - IBKR market data notice for GFS: Requested market data is not subscribed. Displaying delayed market data. (10167)
2026-06-09 22:34:47,822 - WARNING - ibkr.core.market_data_worker - IBKR market data notice for QBTS: Requested market data is not subscribed. Displaying delayed market data. (10167)
2026-06-09 22:34:47,822 - WARNING - ibkr.core.market_data_worker - IBKR market data notice for LUNR: Requested market data is not subscribed. Displaying delayed market data. (10167)
2026-06-09 22:34:47,823 - WARNING - ibkr.core.market_data_worker - IBKR market data notice for SIDU: Requested market data is not subscribed. Displaying delayed market data. (10167)
2026-06-09 22:34:48,057 - WARNING - ibkr.core.market_data_worker - IBKR market data notice for DPRO: Requested market data is not subscribed. Displaying delayed market data. (10167)
2026-06-09 22:34:48,097 - WARNING - ibkr.core.market_data_worker - IBKR market data notice for SNDK: Requested market data is not subscribed. Displaying delayed market data. (10167)
2026-06-09 22:34:48,098 - WARNING - ibkr.core.market_data_worker - IBKR market data notice for RKLB: Requested market data is not subscribed. Displaying delayed market data. (10167)
2026-06-09 22:34:48,098 - WARNING - ibkr.core.market_data_worker - IBKR market data notice for SPRC: Requested market data is not subscribed. Displaying delayed market data. (10167)
2026-06-09 22:34:48,487 - INFO - ibkr.core.network_monitor - Network confirmed online at startup
2026-06-09 22:34:50,927 - INFO - ibkr.core.market_data_worker - Subscribed IBKR market data: SPY key=756733 type=delayed
2026-06-09 22:34:50,928 - INFO - ibkr.core.market_data_worker - Subscribed IBKR market data: QQQ key=320227571 type=delayed
2026-06-09 22:34:51,347 - WARNING - ibkr.core.market_data_worker - IBKR market data notice for SPY: Requested market data is not subscribed. Displaying delayed market data. (10167)
2026-06-09 22:34:51,537 - WARNING - ibkr.core.market_data_worker - IBKR market data notice for QQQ: Requested market data is not subscribed. Displaying delayed market data. (10167)
2026-06-09 22:34:52,288 - INFO - ibkr.core.market_data_worker - Subscribed IBKR market data: SMCI key=731466419 type=delayed
2026-06-09 22:34:52,889 - WARNING - ibkr.core.market_data_worker - IBKR market data notice for SMCI: Requested market data is not subscribed. Displaying delayed market data. (10167)
2026-06-09 22:34:54,120 - INFO - ibkr.core.market_data_worker - Subscribed IBKR market data: RMBS key=4031477 type=delayed
2026-06-09 22:34:54,613 - WARNING - ibkr.core.market_data_worker - IBKR market data notice for RMBS: Requested market data is not subscribed. Displaying delayed market data. (10167)
2026-06-09 22:35:04,105 - INFO - chart_engine.core.ibkr_data_fetcher - Chart data source=IBKR symbol=SMCI interval=60minute from=2026-04-20T13:05:04.104902-04:00 to=2026-06-09T13:05:04.104902-04:00 dedicated_history=True
2026-06-09 22:35:04,106 - INFO - chart_engine.core.ibkr_data_fetcher - Requesting IBKR historical data: SMCI conId=731466419 bar=30 mins duration=50 D end=latest
2026-06-09 22:35:05,462 - INFO - chart_engine.core.ibkr_data_fetcher - Chart data fetch complete source=IBKR symbol=SMCI bars=347
2026-06-09 22:35:05,499 - INFO - chart_engine.drawings - Loaded global chart settings.
2026-06-09 22:35:05,501 - INFO - chart_engine.drawings - Saved global chart settings.
2026-06-09 22:35:05,507 - INFO - ibkr.core.main_window - Ensured subscription for chart symbol SMCI
2026-06-09 22:35:05,507 - INFO - chart_engine.core.chart_widget - Chart seamlessly updated: SMCI (347 candles)
2026-06-09 22:35:44,102 - INFO - ibkr.core.data_cache - US market-open cache flush complete; intraday entries cleared
2026-06-09 22:36:04,109 - INFO - chart_engine.core.ibkr_data_fetcher - Chart data source=IBKR symbol=SMCI interval=60minute from=2026-04-20T13:06:04.108921-04:00 to=2026-06-09T13:06:04.108921-04:00 dedicated_history=True
2026-06-09 22:36:04,110 - INFO - chart_engine.core.ibkr_data_fetcher - Requesting IBKR historical data: SMCI conId=731466419 bar=30 mins duration=50 D end=latest
2026-06-09 22:36:05,478 - INFO - chart_engine.core.ibkr_data_fetcher - Chart data fetch complete source=IBKR symbol=SMCI bars=347
2026-06-09 22:36:05,510 - INFO - chart_engine.drawings - Loaded global chart settings.
2026-06-09 22:36:05,510 - INFO - chart_engine.drawings - Saved global chart settings.
2026-06-09 22:36:05,515 - INFO - ibkr.core.main_window - Ensured subscription for chart symbol SMCI
2026-06-09 22:36:05,515 - INFO - chart_engine.core.chart_widget - Chart seamlessly updated: SMCI (347 candles)
2026-06-09 22:37:04,103 - INFO - chart_engine.core.ibkr_data_fetcher - Chart data source=IBKR symbol=SMCI interval=60minute from=2026-04-20T13:07:04.103512-04:00 to=2026-06-09T13:07:04.103512-04:00 dedicated_history=True
2026-06-09 22:37:04,104 - INFO - chart_engine.core.ibkr_data_fetcher - Requesting IBKR historical data: SMCI conId=731466419 bar=30 mins duration=50 D end=latest
2026-06-09 22:37:05,444 - INFO - chart_engine.core.ibkr_data_fetcher - Chart data fetch complete source=IBKR symbol=SMCI bars=347
2026-06-09 22:37:05,501 - INFO - chart_engine.drawings - Loaded global chart settings.
2026-06-09 22:37:05,502 - INFO - chart_engine.drawings - Saved global chart settings.
2026-06-09 22:37:05,509 - INFO - ibkr.core.main_window - Ensured subscription for chart symbol SMCI
2026-06-09 22:37:05,509 - INFO - chart_engine.core.chart_widget - Chart seamlessly updated: SMCI (347 candles)
2026-06-09 22:38:04,104 - INFO - chart_engine.core.ibkr_data_fetcher - Chart data source=IBKR symbol=SMCI interval=60minute from=2026-04-20T13:08:04.104832-04:00 to=2026-06-09T13:08:04.104832-04:00 dedicated_history=True
2026-06-09 22:38:04,105 - INFO - chart_engine.core.ibkr_data_fetcher - Requesting IBKR historical data: SMCI conId=731466419 bar=30 mins duration=50 D end=latest
2026-06-09 22:38:05,461 - INFO - chart_engine.core.ibkr_data_fetcher - Chart data fetch complete source=IBKR symbol=SMCI bars=347
2026-06-09 22:38:05,502 - INFO - chart_engine.drawings - Loaded global chart settings.
2026-06-09 22:38:05,504 - INFO - chart_engine.drawings - Saved global chart settings.
2026-06-09 22:38:05,512 - INFO - ibkr.core.main_window - Ensured subscription for chart symbol SMCI
2026-06-09 22:38:05,513 - INFO - chart_engine.core.chart_widget - Chart seamlessly updated: SMCI (347 candles)
2026-06-09 22:39:04,104 - INFO - chart_engine.core.ibkr_data_fetcher - Chart data source=IBKR symbol=SMCI interval=60minute from=2026-04-20T13:09:04.104199-04:00 to=2026-06-09T13:09:04.104199-04:00 dedicated_history=True
2026-06-09 22:39:04,105 - INFO - chart_engine.core.ibkr_data_fetcher - Requesting IBKR historical data: SMCI conId=731466419 bar=30 mins duration=50 D end=latest
2026-06-09 22:39:05,462 - INFO - chart_engine.core.ibkr_data_fetcher - Chart data fetch complete source=IBKR symbol=SMCI bars=347
2026-06-09 22:39:05,505 - INFO - chart_engine.drawings - Loaded global chart settings.
2026-06-09 22:39:05,506 - INFO - chart_engine.drawings - Saved global chart settings.
2026-06-09 22:39:05,511 - INFO - ibkr.core.main_window - Ensured subscription for chart symbol SMCI
2026-06-09 22:39:05,512 - INFO - chart_engine.core.chart_widget - Chart seamlessly updated: SMCI (347 candles)
2026-06-09 22:40:04,103 - INFO - chart_engine.core.ibkr_data_fetcher - Chart data source=IBKR symbol=SMCI interval=60minute from=2026-04-20T13:10:04.103468-04:00 to=2026-06-09T13:10:04.103468-04:00 dedicated_history=True
2026-06-09 22:40:04,104 - INFO - chart_engine.core.ibkr_data_fetcher - Requesting IBKR historical data: SMCI conId=731466419 bar=30 mins duration=50 D end=latest
2026-06-09 22:40:05,481 - INFO - chart_engine.core.ibkr_data_fetcher - Chart data fetch complete source=IBKR symbol=SMCI bars=347
2026-06-09 22:40:05,518 - INFO - chart_engine.drawings - Loaded global chart settings.
2026-06-09 22:40:05,519 - INFO - chart_engine.drawings - Saved global chart settings.
2026-06-09 22:40:05,524 - INFO - ibkr.core.main_window - Ensured subscription for chart symbol SMCI
2026-06-09 22:40:05,526 - INFO - chart_engine.core.chart_widget - Chart seamlessly updated: SMCI (347 candles)
2026-06-09 22:41:04,104 - INFO - chart_engine.core.ibkr_data_fetcher - Chart data source=IBKR symbol=SMCI interval=60minute from=2026-04-20T13:11:04.104776-04:00 to=2026-06-09T13:11:04.104776-04:00 dedicated_history=True
2026-06-09 22:41:04,106 - INFO - chart_engine.core.ibkr_data_fetcher - Requesting IBKR historical data: SMCI conId=731466419 bar=30 mins duration=50 D end=latest
2026-06-09 22:41:05,533 - INFO - chart_engine.core.ibkr_data_fetcher - Chart data fetch complete source=IBKR symbol=SMCI bars=347
2026-06-09 22:41:05,568 - INFO - chart_engine.drawings - Loaded global chart settings.
2026-06-09 22:41:05,569 - INFO - chart_engine.drawings - Saved global chart settings.
2026-06-09 22:41:05,573 - INFO - ibkr.core.main_window - Ensured subscription for chart symbol SMCI
2026-06-09 22:41:05,574 - INFO - chart_engine.core.chart_widget - Chart seamlessly updated: SMCI (347 candles)
2026-06-09 22:42:04,105 - INFO - chart_engine.core.ibkr_data_fetcher - Chart data source=IBKR symbol=SMCI interval=60minute from=2026-04-20T13:12:04.104947-04:00 to=2026-06-09T13:12:04.104947-04:00 dedicated_history=True
2026-06-09 22:42:04,105 - INFO - chart_engine.core.ibkr_data_fetcher - Requesting IBKR historical data: SMCI conId=731466419 bar=30 mins duration=50 D end=latest
2026-06-09 22:42:05,421 - INFO - chart_engine.core.ibkr_data_fetcher - Chart data fetch complete source=IBKR symbol=SMCI bars=347
2026-06-09 22:42:05,457 - INFO - chart_engine.drawings - Loaded global chart settings.
2026-06-09 22:42:05,458 - INFO - chart_engine.drawings - Saved global chart settings.
2026-06-09 22:42:05,464 - INFO - ibkr.core.main_window - Ensured subscription for chart symbol SMCI
2026-06-09 22:42:05,464 - INFO - chart_engine.core.chart_widget - Chart seamlessly updated: SMCI (347 candles)
2026-06-09 22:43:05,104 - INFO - chart_engine.core.ibkr_data_fetcher - Chart data source=IBKR symbol=SMCI interval=60minute from=2026-04-20T13:13:05.104790-04:00 to=2026-06-09T13:13:05.104790-04:00 dedicated_history=True
2026-06-09 22:43:05,105 - INFO - chart_engine.core.ibkr_data_fetcher - Requesting IBKR historical data: SMCI conId=731466419 bar=30 mins duration=50 D end=latest
2026-06-09 22:43:06,591 - INFO - chart_engine.core.ibkr_data_fetcher - Chart data fetch complete source=IBKR symbol=SMCI bars=347
2026-06-09 22:43:06,646 - INFO - chart_engine.drawings - Loaded global chart settings.
2026-06-09 22:43:06,647 - INFO - chart_engine.drawings - Saved global chart settings.
2026-06-09 22:43:06,656 - INFO - ibkr.core.main_window - Ensured subscription for chart symbol SMCI
2026-06-09 22:43:06,656 - INFO - chart_engine.core.chart_widget - Chart seamlessly updated: SMCI (347 candles)
2026-06-09 22:44:05,103 - INFO - chart_engine.core.ibkr_data_fetcher - Chart data source=IBKR symbol=SMCI interval=60minute from=2026-04-20T13:14:05.103827-04:00 to=2026-06-09T13:14:05.103827-04:00 dedicated_history=True
2026-06-09 22:44:05,104 - INFO - chart_engine.core.ibkr_data_fetcher - Requesting IBKR historical data: SMCI conId=731466419 bar=30 mins duration=50 D end=latest
2026-06-09 22:44:06,517 - INFO - chart_engine.core.ibkr_data_fetcher - Chart data fetch complete source=IBKR symbol=SMCI bars=347
2026-06-09 22:44:06,548 - INFO - chart_engine.drawings - Loaded global chart settings.
2026-06-09 22:44:06,548 - INFO - chart_engine.drawings - Saved global chart settings.
2026-06-09 22:44:06,553 - INFO - ibkr.core.main_window - Ensured subscription for chart symbol SMCI
2026-06-09 22:44:06,553 - INFO - chart_engine.core.chart_widget - Chart seamlessly updated: SMCI (347 candles)
2026-06-09 22:45:04,105 - INFO - chart_engine.core.ibkr_data_fetcher - Chart data source=IBKR symbol=SMCI interval=60minute from=2026-04-20T13:15:04.104834-04:00 to=2026-06-09T13:15:04.104834-04:00 dedicated_history=True
2026-06-09 22:45:04,106 - INFO - chart_engine.core.ibkr_data_fetcher - Requesting IBKR historical data: SMCI conId=731466419 bar=30 mins duration=50 D end=latest
2026-06-09 22:45:05,519 - INFO - chart_engine.core.ibkr_data_fetcher - Chart data fetch complete source=IBKR symbol=SMCI bars=347
2026-06-09 22:45:05,617 - INFO - chart_engine.drawings - Loaded global chart settings.
2026-06-09 22:45:05,618 - INFO - chart_engine.drawings - Saved global chart settings.
2026-06-09 22:45:05,627 - INFO - ibkr.core.main_window - Ensured subscription for chart symbol SMCI
2026-06-09 22:45:05,630 - INFO - chart_engine.core.chart_widget - Chart seamlessly updated: SMCI (347 candles)
2026-06-09 22:46:05,104 - INFO - chart_engine.core.ibkr_data_fetcher - Chart data source=IBKR symbol=SMCI interval=60minute from=2026-04-20T13:16:05.104385-04:00 to=2026-06-09T13:16:05.104385-04:00 dedicated_history=True
2026-06-09 22:46:05,105 - INFO - chart_engine.core.ibkr_data_fetcher - Requesting IBKR historical data: SMCI conId=731466419 bar=30 mins duration=50 D end=latest
2026-06-09 22:46:06,445 - INFO - chart_engine.core.ibkr_data_fetcher - Chart data fetch complete source=IBKR symbol=SMCI bars=347
2026-06-09 22:46:06,593 - INFO - chart_engine.drawings - Loaded global chart settings.
2026-06-09 22:46:06,594 - INFO - chart_engine.drawings - Saved global chart settings.
2026-06-09 22:46:06,609 - INFO - ibkr.core.main_window - Ensured subscription for chart symbol SMCI
2026-06-09 22:46:06,610 - INFO - chart_engine.core.chart_widget - Chart seamlessly updated: SMCI (347 candles)
2026-06-09 22:47:05,103 - INFO - chart_engine.core.ibkr_data_fetcher - Chart data source=IBKR symbol=SMCI interval=60minute from=2026-04-20T13:17:05.103855-04:00 to=2026-06-09T13:17:05.103855-04:00 dedicated_history=True
2026-06-09 22:47:05,104 - INFO - chart_engine.core.ibkr_data_fetcher - Requesting IBKR historical data: SMCI conId=731466419 bar=30 mins duration=50 D end=latest
2026-06-09 22:47:06,460 - INFO - chart_engine.core.ibkr_data_fetcher - Chart data fetch complete source=IBKR symbol=SMCI bars=347
2026-06-09 22:47:06,515 - INFO - chart_engine.drawings - Loaded global chart settings.
2026-06-09 22:47:06,516 - INFO - chart_engine.drawings - Saved global chart settings.
2026-06-09 22:47:06,522 - INFO - ibkr.core.main_window - Ensured subscription for chart symbol SMCI
2026-06-09 22:47:06,523 - INFO - chart_engine.core.chart_widget - Chart seamlessly updated: SMCI (347 candles)
2026-06-09 22:48:04,105 - INFO - chart_engine.core.ibkr_data_fetcher - Chart data source=IBKR symbol=SMCI interval=60minute from=2026-04-20T13:18:04.105466-04:00 to=2026-06-09T13:18:04.105466-04:00 dedicated_history=True
2026-06-09 22:48:04,106 - INFO - chart_engine.core.ibkr_data_fetcher - Requesting IBKR historical data: SMCI conId=731466419 bar=30 mins duration=50 D end=latest
2026-06-09 22:48:05,459 - INFO - chart_engine.core.ibkr_data_fetcher - Chart data fetch complete source=IBKR symbol=SMCI bars=347
2026-06-09 22:48:05,501 - INFO - chart_engine.drawings - Loaded global chart settings.
2026-06-09 22:48:05,503 - INFO - chart_engine.drawings - Saved global chart settings.
2026-06-09 22:48:05,516 - INFO - ibkr.core.main_window - Ensured subscription for chart symbol SMCI
2026-06-09 22:48:05,517 - INFO - chart_engine.core.chart_widget - Chart seamlessly updated: SMCI (347 candles)
2026-06-09 22:49:04,105 - INFO - chart_engine.core.ibkr_data_fetcher - Chart data source=IBKR symbol=SMCI interval=60minute from=2026-04-20T13:19:04.104903-04:00 to=2026-06-09T13:19:04.104903-04:00 dedicated_history=True
2026-06-09 22:49:04,105 - INFO - chart_engine.core.ibkr_data_fetcher - Requesting IBKR historical data: SMCI conId=731466419 bar=30 mins duration=50 D end=latest
2026-06-09 22:49:05,436 - INFO - chart_engine.core.ibkr_data_fetcher - Chart data fetch complete source=IBKR symbol=SMCI bars=347
2026-06-09 22:49:05,485 - INFO - chart_engine.drawings - Loaded global chart settings.
2026-06-09 22:49:05,487 - INFO - chart_engine.drawings - Saved global chart settings.
2026-06-09 22:49:05,495 - INFO - ibkr.core.main_window - Ensured subscription for chart symbol SMCI
2026-06-09 22:49:05,496 - INFO - chart_engine.core.chart_widget - Chart seamlessly updated: SMCI (347 candles)
2026-06-09 22:50:05,104 - INFO - chart_engine.core.ibkr_data_fetcher - Chart data source=IBKR symbol=SMCI interval=60minute from=2026-04-20T13:20:05.104809-04:00 to=2026-06-09T13:20:05.104809-04:00 dedicated_history=True
2026-06-09 22:50:05,105 - INFO - chart_engine.core.ibkr_data_fetcher - Requesting IBKR historical data: SMCI conId=731466419 bar=30 mins duration=50 D end=latest
2026-06-09 22:50:06,557 - INFO - chart_engine.core.ibkr_data_fetcher - Chart data fetch complete source=IBKR symbol=SMCI bars=347
2026-06-09 22:50:06,591 - INFO - chart_engine.drawings - Loaded global chart settings.
2026-06-09 22:50:06,592 - INFO - chart_engine.drawings - Saved global chart settings.
2026-06-09 22:50:06,597 - INFO - ibkr.core.main_window - Ensured subscription for chart symbol SMCI
2026-06-09 22:50:06,599 - INFO - chart_engine.core.chart_widget - Chart seamlessly updated: SMCI (347 candles)
2026-06-09 22:51:04,104 - INFO - chart_engine.core.ibkr_data_fetcher - Chart data source=IBKR symbol=SMCI interval=60minute from=2026-04-20T13:21:04.104172-04:00 to=2026-06-09T13:21:04.104172-04:00 dedicated_history=True
2026-06-09 22:51:04,105 - INFO - chart_engine.core.ibkr_data_fetcher - Requesting IBKR historical data: SMCI conId=731466419 bar=30 mins duration=50 D end=latest
2026-06-09 22:51:05,438 - INFO - chart_engine.core.ibkr_data_fetcher - Chart data fetch complete source=IBKR symbol=SMCI bars=347
2026-06-09 22:51:05,477 - INFO - chart_engine.drawings - Loaded global chart settings.
2026-06-09 22:51:05,478 - INFO - chart_engine.drawings - Saved global chart settings.
2026-06-09 22:51:05,484 - INFO - ibkr.core.main_window - Ensured subscription for chart symbol SMCI
2026-06-09 22:51:05,484 - INFO - chart_engine.core.chart_widget - Chart seamlessly updated: SMCI (347 candles)
2026-06-09 22:52:05,104 - INFO - chart_engine.core.ibkr_data_fetcher - Chart data source=IBKR symbol=SMCI interval=60minute from=2026-04-20T13:22:05.104139-04:00 to=2026-06-09T13:22:05.104139-04:00 dedicated_history=True
2026-06-09 22:52:05,105 - INFO - chart_engine.core.ibkr_data_fetcher - Requesting IBKR historical data: SMCI conId=731466419 bar=30 mins duration=50 D end=latest
2026-06-09 22:52:06,529 - INFO - chart_engine.core.ibkr_data_fetcher - Chart data fetch complete source=IBKR symbol=SMCI bars=347
2026-06-09 22:52:06,576 - INFO - chart_engine.drawings - Loaded global chart settings.
2026-06-09 22:52:06,577 - INFO - chart_engine.drawings - Saved global chart settings.
2026-06-09 22:52:06,587 - INFO - ibkr.core.main_window - Ensured subscription for chart symbol SMCI
2026-06-09 22:52:06,587 - INFO - chart_engine.core.chart_widget - Chart seamlessly updated: SMCI (347 candles)
2026-06-09 22:53:04,104 - INFO - chart_engine.core.ibkr_data_fetcher - Chart data source=IBKR symbol=SMCI interval=60minute from=2026-04-20T13:23:04.104354-04:00 to=2026-06-09T13:23:04.104354-04:00 dedicated_history=True
2026-06-09 22:53:04,105 - INFO - chart_engine.core.ibkr_data_fetcher - Requesting IBKR historical data: SMCI conId=731466419 bar=30 mins duration=50 D end=latest
2026-06-09 22:53:05,568 - INFO - chart_engine.core.ibkr_data_fetcher - Chart data fetch complete source=IBKR symbol=SMCI bars=347
2026-06-09 22:53:05,602 - INFO - chart_engine.drawings - Loaded global chart settings.
2026-06-09 22:53:05,603 - INFO - chart_engine.drawings - Saved global chart settings.
2026-06-09 22:53:05,607 - INFO - ibkr.core.main_window - Ensured subscription for chart symbol SMCI
2026-06-09 22:53:05,607 - INFO - chart_engine.core.chart_widget - Chart seamlessly updated: SMCI (347 candles)
2026-06-09 22:54:05,104 - INFO - chart_engine.core.ibkr_data_fetcher - Chart data source=IBKR symbol=SMCI interval=60minute from=2026-04-20T13:24:05.103942-04:00 to=2026-06-09T13:24:05.103942-04:00 dedicated_history=True
2026-06-09 22:54:05,105 - INFO - chart_engine.core.ibkr_data_fetcher - Requesting IBKR historical data: SMCI conId=731466419 bar=30 mins duration=50 D end=latest
2026-06-09 22:54:06,609 - INFO - chart_engine.core.ibkr_data_fetcher - Chart data fetch complete source=IBKR symbol=SMCI bars=347
2026-06-09 22:54:06,665 - INFO - chart_engine.drawings - Loaded global chart settings.
2026-06-09 22:54:06,667 - INFO - chart_engine.drawings - Saved global chart settings.
2026-06-09 22:54:06,674 - INFO - ibkr.core.main_window - Ensured subscription for chart symbol SMCI
2026-06-09 22:54:06,674 - INFO - chart_engine.core.chart_widget - Chart seamlessly updated: SMCI (347 candles)
2026-06-09 22:55:05,104 - INFO - chart_engine.core.ibkr_data_fetcher - Chart data source=IBKR symbol=SMCI interval=60minute from=2026-04-20T13:25:05.103935-04:00 to=2026-06-09T13:25:05.103935-04:00 dedicated_history=True
2026-06-09 22:55:05,104 - INFO - chart_engine.core.ibkr_data_fetcher - Requesting IBKR historical data: SMCI conId=731466419 bar=30 mins duration=50 D end=latest
2026-06-09 22:55:06,493 - INFO - chart_engine.core.ibkr_data_fetcher - Chart data fetch complete source=IBKR symbol=SMCI bars=347
2026-06-09 22:55:06,528 - INFO - chart_engine.drawings - Loaded global chart settings.
2026-06-09 22:55:06,529 - INFO - chart_engine.drawings - Saved global chart settings.
2026-06-09 22:55:06,533 - INFO - ibkr.core.main_window - Ensured subscription for chart symbol SMCI
2026-06-09 22:55:06,534 - INFO - chart_engine.core.chart_widget - Chart seamlessly updated: SMCI (347 candles)
2026-06-09 22:56:04,104 - INFO - chart_engine.core.ibkr_data_fetcher - Chart data source=IBKR symbol=SMCI interval=60minute from=2026-04-20T13:26:04.104287-04:00 to=2026-06-09T13:26:04.104287-04:00 dedicated_history=True
2026-06-09 22:56:04,105 - INFO - chart_engine.core.ibkr_data_fetcher - Requesting IBKR historical data: SMCI conId=731466419 bar=30 mins duration=50 D end=latest
2026-06-09 22:56:05,583 - INFO - chart_engine.core.ibkr_data_fetcher - Chart data fetch complete source=IBKR symbol=SMCI bars=347
2026-06-09 22:56:05,624 - INFO - chart_engine.drawings - Loaded global chart settings.
2026-06-09 22:56:05,625 - INFO - chart_engine.drawings - Saved global chart settings.
2026-06-09 22:56:05,630 - INFO - ibkr.core.main_window - Ensured subscription for chart symbol SMCI
2026-06-09 22:56:05,630 - INFO - chart_engine.core.chart_widget - Chart seamlessly updated: SMCI (347 candles)
2026-06-09 22:57:05,104 - INFO - chart_engine.core.ibkr_data_fetcher - Chart data source=IBKR symbol=SMCI interval=60minute from=2026-04-20T13:27:05.104548-04:00 to=2026-06-09T13:27:05.104548-04:00 dedicated_history=True
2026-06-09 22:57:05,105 - INFO - chart_engine.core.ibkr_data_fetcher - Requesting IBKR historical data: SMCI conId=731466419 bar=30 mins duration=50 D end=latest
2026-06-09 22:57:06,600 - INFO - chart_engine.core.ibkr_data_fetcher - Chart data fetch complete source=IBKR symbol=SMCI bars=347
2026-06-09 22:57:06,638 - INFO - chart_engine.drawings - Loaded global chart settings.
2026-06-09 22:57:06,639 - INFO - chart_engine.drawings - Saved global chart settings.
2026-06-09 22:57:06,645 - INFO - ibkr.core.main_window - Ensured subscription for chart symbol SMCI
2026-06-09 22:57:06,645 - INFO - chart_engine.core.chart_widget - Chart seamlessly updated: SMCI (347 candles)
2026-06-09 22:58:05,104 - INFO - chart_engine.core.ibkr_data_fetcher - Chart data source=IBKR symbol=SMCI interval=60minute from=2026-04-20T13:28:05.104574-04:00 to=2026-06-09T13:28:05.104574-04:00 dedicated_history=True
2026-06-09 22:58:05,105 - INFO - chart_engine.core.ibkr_data_fetcher - Requesting IBKR historical data: SMCI conId=731466419 bar=30 mins duration=50 D end=latest
2026-06-09 22:58:06,460 - INFO - chart_engine.core.ibkr_data_fetcher - Chart data fetch complete source=IBKR symbol=SMCI bars=347
2026-06-09 22:58:06,533 - INFO - chart_engine.drawings - Loaded global chart settings.
2026-06-09 22:58:06,534 - INFO - chart_engine.drawings - Saved global chart settings.
2026-06-09 22:58:06,541 - INFO - ibkr.core.main_window - Ensured subscription for chart symbol SMCI
2026-06-09 22:58:06,542 - INFO - chart_engine.core.chart_widget - Chart seamlessly updated: SMCI (347 candles)
2026-06-09 22:59:04,105 - INFO - chart_engine.core.ibkr_data_fetcher - Chart data source=IBKR symbol=SMCI interval=60minute from=2026-04-20T13:29:04.104898-04:00 to=2026-06-09T13:29:04.104898-04:00 dedicated_history=True
2026-06-09 22:59:04,105 - INFO - chart_engine.core.ibkr_data_fetcher - Requesting IBKR historical data: SMCI conId=731466419 bar=30 mins duration=50 D end=latest
2026-06-09 22:59:05,495 - INFO - chart_engine.core.ibkr_data_fetcher - Chart data fetch complete source=IBKR symbol=SMCI bars=347
2026-06-09 22:59:05,555 - INFO - chart_engine.drawings - Loaded global chart settings.
2026-06-09 22:59:05,557 - INFO - chart_engine.drawings - Saved global chart settings.
2026-06-09 22:59:05,565 - INFO - ibkr.core.main_window - Ensured subscription for chart symbol SMCI
2026-06-09 22:59:05,566 - INFO - chart_engine.core.chart_widget - Chart seamlessly updated: SMCI (347 candles)
2026-06-09 23:00:04,104 - INFO - chart_engine.core.ibkr_data_fetcher - Chart data source=IBKR symbol=SMCI interval=60minute from=2026-04-20T13:30:04.104624-04:00 to=2026-06-09T13:30:04.104624-04:00 dedicated_history=True
2026-06-09 23:00:04,105 - INFO - chart_engine.core.ibkr_data_fetcher - Requesting IBKR historical data: SMCI conId=731466419 bar=30 mins duration=50 D end=latest
2026-06-09 23:00:05,472 - INFO - chart_engine.core.ibkr_data_fetcher - Chart data fetch complete source=IBKR symbol=SMCI bars=347
2026-06-09 23:00:05,506 - INFO - chart_engine.drawings - Loaded global chart settings.
2026-06-09 23:00:05,507 - INFO - chart_engine.drawings - Saved global chart settings.
2026-06-09 23:00:05,512 - INFO - ibkr.core.main_window - Ensured subscription for chart symbol SMCI
2026-06-09 23:00:05,513 - INFO - chart_engine.core.chart_widget - Chart seamlessly updated: SMCI (347 candles)
2026-06-09 23:01:04,105 - INFO - chart_engine.core.ibkr_data_fetcher - Chart data source=IBKR symbol=SMCI interval=60minute from=2026-04-20T13:31:04.105444-04:00 to=2026-06-09T13:31:04.105444-04:00 dedicated_history=True
2026-06-09 23:01:04,106 - INFO - chart_engine.core.ibkr_data_fetcher - Requesting IBKR historical data: SMCI conId=731466419 bar=30 mins duration=50 D end=latest
2026-06-09 23:01:05,462 - INFO - chart_engine.core.ibkr_data_fetcher - Chart data fetch complete source=IBKR symbol=SMCI bars=347
2026-06-09 23:01:05,506 - INFO - chart_engine.drawings - Loaded global chart settings.
2026-06-09 23:01:05,508 - INFO - chart_engine.drawings - Saved global chart settings.
2026-06-09 23:01:05,517 - INFO - ibkr.core.main_window - Ensured subscription for chart symbol SMCI
2026-06-09 23:01:05,518 - INFO - chart_engine.core.chart_widget - Chart seamlessly updated: SMCI (347 candles)
2026-06-09 23:02:04,105 - INFO - chart_engine.core.ibkr_data_fetcher - Chart data source=IBKR symbol=SMCI interval=60minute from=2026-04-20T13:32:04.105596-04:00 to=2026-06-09T13:32:04.105596-04:00 dedicated_history=True
2026-06-09 23:02:04,106 - INFO - chart_engine.core.ibkr_data_fetcher - Requesting IBKR historical data: SMCI conId=731466419 bar=30 mins duration=50 D end=latest
2026-06-09 23:02:05,461 - INFO - chart_engine.core.ibkr_data_fetcher - Chart data fetch complete source=IBKR symbol=SMCI bars=347
2026-06-09 23:02:05,502 - INFO - chart_engine.drawings - Loaded global chart settings.
2026-06-09 23:02:05,503 - INFO - chart_engine.drawings - Saved global chart settings.
2026-06-09 23:02:05,507 - INFO - ibkr.core.main_window - Ensured subscription for chart symbol SMCI
2026-06-09 23:02:05,507 - INFO - chart_engine.core.chart_widget - Chart seamlessly updated: SMCI (347 candles)
2026-06-09 23:03:04,104 - INFO - chart_engine.core.ibkr_data_fetcher - Chart data source=IBKR symbol=SMCI interval=60minute from=2026-04-20T13:33:04.104690-04:00 to=2026-06-09T13:33:04.104690-04:00 dedicated_history=True
2026-06-09 23:03:04,106 - INFO - chart_engine.core.ibkr_data_fetcher - Requesting IBKR historical data: SMCI conId=731466419 bar=30 mins duration=50 D end=latest
2026-06-09 23:03:05,507 - INFO - chart_engine.core.ibkr_data_fetcher - Chart data fetch complete source=IBKR symbol=SMCI bars=347
2026-06-09 23:03:05,568 - INFO - chart_engine.drawings - Loaded global chart settings.
2026-06-09 23:03:05,570 - INFO - chart_engine.drawings - Saved global chart settings.
2026-06-09 23:03:05,579 - INFO - ibkr.core.main_window - Ensured subscription for chart symbol SMCI
2026-06-09 23:03:05,580 - INFO - chart_engine.core.chart_widget - Chart seamlessly updated: SMCI (347 candles)
2026-06-09 23:04:04,105 - INFO - chart_engine.core.ibkr_data_fetcher - Chart data source=IBKR symbol=SMCI interval=60minute from=2026-04-20T13:34:04.105043-04:00 to=2026-06-09T13:34:04.105043-04:00 dedicated_history=True
2026-06-09 23:04:04,106 - INFO - chart_engine.core.ibkr_data_fetcher - Requesting IBKR historical data: SMCI conId=731466419 bar=30 mins duration=50 D end=latest
2026-06-09 23:04:05,469 - INFO - chart_engine.core.ibkr_data_fetcher - Chart data fetch complete source=IBKR symbol=SMCI bars=347
2026-06-09 23:04:05,513 - INFO - chart_engine.drawings - Loaded global chart settings.
2026-06-09 23:04:05,514 - INFO - chart_engine.drawings - Saved global chart settings.
2026-06-09 23:04:05,518 - INFO - ibkr.core.main_window - Ensured subscription for chart symbol SMCI
2026-06-09 23:04:05,519 - INFO - chart_engine.core.chart_widget - Chart seamlessly updated: SMCI (347 candles)
2026-06-09 23:05:04,105 - INFO - chart_engine.core.ibkr_data_fetcher - Chart data source=IBKR symbol=SMCI interval=60minute from=2026-04-20T13:35:04.105501-04:00 to=2026-06-09T13:35:04.105501-04:00 dedicated_history=True
2026-06-09 23:05:04,106 - INFO - chart_engine.core.ibkr_data_fetcher - Requesting IBKR historical data: SMCI conId=731466419 bar=30 mins duration=50 D end=latest
2026-06-09 23:05:05,481 - INFO - chart_engine.core.ibkr_data_fetcher - Chart data fetch complete source=IBKR symbol=SMCI bars=347
2026-06-09 23:05:05,517 - INFO - chart_engine.drawings - Loaded global chart settings.
2026-06-09 23:05:05,518 - INFO - chart_engine.drawings - Saved global chart settings.
2026-06-09 23:05:05,527 - INFO - ibkr.core.main_window - Ensured subscription for chart symbol SMCI
2026-06-09 23:05:05,527 - INFO - chart_engine.core.chart_widget - Chart seamlessly updated: SMCI (347 candles)
2026-06-09 23:06:04,105 - INFO - chart_engine.core.ibkr_data_fetcher - Chart data source=IBKR symbol=SMCI interval=60minute from=2026-04-20T13:36:04.105228-04:00 to=2026-06-09T13:36:04.105228-04:00 dedicated_history=True
2026-06-09 23:06:04,106 - INFO - chart_engine.core.ibkr_data_fetcher - Requesting IBKR historical data: SMCI conId=731466419 bar=30 mins duration=50 D end=latest
2026-06-09 23:06:05,431 - INFO - chart_engine.core.ibkr_data_fetcher - Chart data fetch complete source=IBKR symbol=SMCI bars=347
2026-06-09 23:06:05,472 - INFO - chart_engine.drawings - Loaded global chart settings.
2026-06-09 23:06:05,474 - INFO - chart_engine.drawings - Saved global chart settings.
2026-06-09 23:06:05,483 - INFO - ibkr.core.main_window - Ensured subscription for chart symbol SMCI
2026-06-09 23:06:05,483 - INFO - chart_engine.core.chart_widget - Chart seamlessly updated: SMCI (347 candles)
2026-06-09 23:07:05,104 - INFO - chart_engine.core.ibkr_data_fetcher - Chart data source=IBKR symbol=SMCI interval=60minute from=2026-04-20T13:37:05.104112-04:00 to=2026-06-09T13:37:05.104112-04:00 dedicated_history=True
2026-06-09 23:07:05,105 - INFO - chart_engine.core.ibkr_data_fetcher - Requesting IBKR historical data: SMCI conId=731466419 bar=30 mins duration=50 D end=latest
2026-06-09 23:07:06,579 - INFO - chart_engine.core.ibkr_data_fetcher - Chart data fetch complete source=IBKR symbol=SMCI bars=347
2026-06-09 23:07:06,607 - INFO - chart_engine.drawings - Loaded global chart settings.
2026-06-09 23:07:06,609 - INFO - chart_engine.drawings - Saved global chart settings.
2026-06-09 23:07:06,613 - INFO - ibkr.core.main_window - Ensured subscription for chart symbol SMCI
2026-06-09 23:07:06,613 - INFO - chart_engine.core.chart_widget - Chart seamlessly updated: SMCI (347 candles)
2026-06-09 23:08:05,104 - INFO - chart_engine.core.ibkr_data_fetcher - Chart data source=IBKR symbol=SMCI interval=60minute from=2026-04-20T13:38:05.104418-04:00 to=2026-06-09T13:38:05.104418-04:00 dedicated_history=True
2026-06-09 23:08:05,105 - INFO - chart_engine.core.ibkr_data_fetcher - Requesting IBKR historical data: SMCI conId=731466419 bar=30 mins duration=50 D end=latest
2026-06-09 23:08:06,459 - INFO - chart_engine.core.ibkr_data_fetcher - Chart data fetch complete source=IBKR symbol=SMCI bars=347
2026-06-09 23:08:06,503 - INFO - chart_engine.drawings - Loaded global chart settings.
2026-06-09 23:08:06,504 - INFO - chart_engine.drawings - Saved global chart settings.
2026-06-09 23:08:06,510 - INFO - ibkr.core.main_window - Ensured subscription for chart symbol SMCI
2026-06-09 23:08:06,510 - INFO - chart_engine.core.chart_widget - Chart seamlessly updated: SMCI (347 candles)
2026-06-09 23:09:04,104 - INFO - chart_engine.core.ibkr_data_fetcher - Chart data source=IBKR symbol=SMCI interval=60minute from=2026-04-20T13:39:04.104262-04:00 to=2026-06-09T13:39:04.104262-04:00 dedicated_history=True
2026-06-09 23:09:04,105 - INFO - chart_engine.core.ibkr_data_fetcher - Requesting IBKR historical data: SMCI conId=731466419 bar=30 mins duration=50 D end=latest
2026-06-09 23:09:05,447 - INFO - chart_engine.core.ibkr_data_fetcher - Chart data fetch complete source=IBKR symbol=SMCI bars=347
2026-06-09 23:09:05,503 - INFO - chart_engine.drawings - Loaded global chart settings.
2026-06-09 23:09:05,505 - INFO - chart_engine.drawings - Saved global chart settings.
2026-06-09 23:09:05,515 - INFO - ibkr.core.main_window - Ensured subscription for chart symbol SMCI
2026-06-09 23:09:05,516 - INFO - chart_engine.core.chart_widget - Chart seamlessly updated: SMCI (347 candles)
2026-06-09 23:10:04,104 - INFO - chart_engine.core.ibkr_data_fetcher - Chart data source=IBKR symbol=SMCI interval=60minute from=2026-04-20T13:40:04.104628-04:00 to=2026-06-09T13:40:04.104628-04:00 dedicated_history=True
2026-06-09 23:10:04,105 - INFO - chart_engine.core.ibkr_data_fetcher - Requesting IBKR historical data: SMCI conId=731466419 bar=30 mins duration=50 D end=latest
2026-06-09 23:10:05,510 - INFO - chart_engine.core.ibkr_data_fetcher - Chart data fetch complete source=IBKR symbol=SMCI bars=347
2026-06-09 23:10:05,561 - INFO - chart_engine.drawings - Loaded global chart settings.
2026-06-09 23:10:05,562 - INFO - chart_engine.drawings - Saved global chart settings.
2026-06-09 23:10:05,567 - INFO - ibkr.core.main_window - Ensured subscription for chart symbol SMCI
2026-06-09 23:10:05,568 - INFO - chart_engine.core.chart_widget - Chart seamlessly updated: SMCI (347 candles)
2026-06-09 23:11:04,104 - INFO - chart_engine.core.ibkr_data_fetcher - Chart data source=IBKR symbol=SMCI interval=60minute from=2026-04-20T13:41:04.104669-04:00 to=2026-06-09T13:41:04.104669-04:00 dedicated_history=True
2026-06-09 23:11:04,105 - INFO - chart_engine.core.ibkr_data_fetcher - Requesting IBKR historical data: SMCI conId=731466419 bar=30 mins duration=50 D end=latest
2026-06-09 23:11:05,467 - INFO - chart_engine.core.ibkr_data_fetcher - Chart data fetch complete source=IBKR symbol=SMCI bars=347
2026-06-09 23:11:05,495 - INFO - chart_engine.drawings - Loaded global chart settings.
2026-06-09 23:11:05,496 - INFO - chart_engine.drawings - Saved global chart settings.
2026-06-09 23:11:05,501 - INFO - ibkr.core.main_window - Ensured subscription for chart symbol SMCI
2026-06-09 23:11:05,501 - INFO - chart_engine.core.chart_widget - Chart seamlessly updated: SMCI (347 candles)
2026-06-09 23:12:04,104 - INFO - chart_engine.core.ibkr_data_fetcher - Chart data source=IBKR symbol=SMCI interval=60minute from=2026-04-20T13:42:04.104101-04:00 to=2026-06-09T13:42:04.104101-04:00 dedicated_history=True
2026-06-09 23:12:04,105 - INFO - chart_engine.core.ibkr_data_fetcher - Requesting IBKR historical data: SMCI conId=731466419 bar=30 mins duration=50 D end=latest
2026-06-09 23:12:05,458 - INFO - chart_engine.core.ibkr_data_fetcher - Chart data fetch complete source=IBKR symbol=SMCI bars=347
2026-06-09 23:12:05,506 - INFO - chart_engine.drawings - Loaded global chart settings.
2026-06-09 23:12:05,507 - INFO - chart_engine.drawings - Saved global chart settings.
2026-06-09 23:12:05,512 - INFO - ibkr.core.main_window - Ensured subscription for chart symbol SMCI
2026-06-09 23:12:05,513 - INFO - chart_engine.core.chart_widget - Chart seamlessly updated: SMCI (347 candles)
2026-06-09 23:13:04,104 - INFO - chart_engine.core.ibkr_data_fetcher - Chart data source=IBKR symbol=SMCI interval=60minute from=2026-04-20T13:43:04.104537-04:00 to=2026-06-09T13:43:04.104537-04:00 dedicated_history=True
2026-06-09 23:13:04,105 - INFO - chart_engine.core.ibkr_data_fetcher - Requesting IBKR historical data: SMCI conId=731466419 bar=30 mins duration=50 D end=latest
2026-06-09 23:13:05,401 - INFO - chart_engine.core.ibkr_data_fetcher - Chart data fetch complete source=IBKR symbol=SMCI bars=347
2026-06-09 23:13:05,446 - INFO - chart_engine.drawings - Loaded global chart settings.
2026-06-09 23:13:05,448 - INFO - chart_engine.drawings - Saved global chart settings.
2026-06-09 23:13:05,454 - INFO - ibkr.core.main_window - Ensured subscription for chart symbol SMCI
2026-06-09 23:13:05,454 - INFO - chart_engine.core.chart_widget - Chart seamlessly updated: SMCI (347 candles)
2026-06-09 23:14:05,104 - INFO - chart_engine.core.ibkr_data_fetcher - Chart data source=IBKR symbol=SMCI interval=60minute from=2026-04-20T13:44:05.104194-04:00 to=2026-06-09T13:44:05.104194-04:00 dedicated_history=True
2026-06-09 23:14:05,105 - INFO - chart_engine.core.ibkr_data_fetcher - Requesting IBKR historical data: SMCI conId=731466419 bar=30 mins duration=50 D end=latest
2026-06-09 23:14:06,536 - INFO - chart_engine.core.ibkr_data_fetcher - Chart data fetch complete source=IBKR symbol=SMCI bars=347
2026-06-09 23:14:06,581 - INFO - chart_engine.drawings - Loaded global chart settings.
2026-06-09 23:14:06,582 - INFO - chart_engine.drawings - Saved global chart settings.
2026-06-09 23:14:06,587 - INFO - ibkr.core.main_window - Ensured subscription for chart symbol SMCI
2026-06-09 23:14:06,587 - INFO - chart_engine.core.chart_widget - Chart seamlessly updated: SMCI (347 candles)
2026-06-09 23:15:04,104 - INFO - chart_engine.core.ibkr_data_fetcher - Chart data source=IBKR symbol=SMCI interval=60minute from=2026-04-20T13:45:04.104830-04:00 to=2026-06-09T13:45:04.104830-04:00 dedicated_history=True
2026-06-09 23:15:04,106 - INFO - chart_engine.core.ibkr_data_fetcher - Requesting IBKR historical data: SMCI conId=731466419 bar=30 mins duration=50 D end=latest
2026-06-09 23:15:05,471 - INFO - chart_engine.core.ibkr_data_fetcher - Chart data fetch complete source=IBKR symbol=SMCI bars=347
2026-06-09 23:15:05,500 - INFO - chart_engine.drawings - Loaded global chart settings.
2026-06-09 23:15:05,501 - INFO - chart_engine.drawings - Saved global chart settings.
2026-06-09 23:15:05,506 - INFO - ibkr.core.main_window - Ensured subscription for chart symbol SMCI
2026-06-09 23:15:05,506 - INFO - chart_engine.core.chart_widget - Chart seamlessly updated: SMCI (347 candles)
2026-06-09 23:16:04,105 - INFO - chart_engine.core.ibkr_data_fetcher - Chart data source=IBKR symbol=SMCI interval=60minute from=2026-04-20T13:46:04.105740-04:00 to=2026-06-09T13:46:04.105740-04:00 dedicated_history=True
2026-06-09 23:16:04,108 - INFO - chart_engine.core.ibkr_data_fetcher - Requesting IBKR historical data: SMCI conId=731466419 bar=30 mins duration=50 D end=latest
2026-06-09 23:16:05,539 - INFO - chart_engine.core.ibkr_data_fetcher - Chart data fetch complete source=IBKR symbol=SMCI bars=348
2026-06-09 23:16:05,587 - INFO - chart_engine.drawings - Loaded global chart settings.
2026-06-09 23:16:05,593 - INFO - chart_engine.drawings - Saved global chart settings.
2026-06-09 23:16:05,605 - INFO - ibkr.core.main_window - Ensured subscription for chart symbol SMCI
2026-06-09 23:16:05,605 - INFO - chart_engine.core.chart_widget - Chart seamlessly updated: SMCI (348 candles)
2026-06-09 23:17:03,071 - INFO - ibkr.core.shutdown_manager - closeEvent received — beginning fast IBKR shutdown
2026-06-09 23:17:03,081 - INFO - ibkr.core.shutdown_manager - === Fast IBKR window-close shutdown starting ===
2026-06-09 23:17:03,081 - INFO - ibkr.core.shutdown_manager - Shutdown: [save_window_state]…
2026-06-09 23:17:03,085 - INFO - ibkr.core.main_window - Window state saved
2026-06-09 23:17:03,085 - INFO - ibkr.core.shutdown_manager - Shutdown: [save_window_state] ✓
2026-06-09 23:17:03,186 - INFO - ibkr.core.shutdown_manager - Shutdown: [save_chart_state]…
2026-06-09 23:17:03,271 - INFO - ibkr.core.shutdown_manager - Shutdown: [save_chart_state] ✓
2026-06-09 23:17:03,272 - INFO - ibkr.core.shutdown_manager - Shutdown: [stop_remaining_timers]…
2026-06-09 23:17:03,349 - INFO - ibkr.core.shutdown_manager - Shutdown: [stop_remaining_timers] ✓
2026-06-09 23:17:03,353 - INFO - ibkr.core.shutdown_manager - === Fast IBKR window-close shutdown complete ===
2026-06-09 23:17:03,385 - INFO - __main__ - Shutting down and cleaning up resources...
2026-06-09 23:17:03,386 - INFO - __main__ - Skipping broker disconnect during fast window-close shutdown.
2026-06-09 23:17:03,386 - INFO - __main__ - Cleanup complete.
