2026-06-10 00:52:20,242 - INFO - login_setup.login_setup_config - qullamaggie v1.0.0 starting...
2026-06-10 00:52:20,242 - INFO - login_setup.login_setup_config - Logging to file: /home/kavi/Desktop/Python_Projects/swing_trader/logs/qullamaggie_20260610_005220.log
2026-06-10 00:52:20,242 - INFO - login_setup.login_setup_config - Fatal crash diagnostics enabled for all threads.
2026-06-10 00:52:20,243 - INFO - __main__ - 🚀 Starting qullamaggie Application...
2026-06-10 00:52:20,383 - INFO - __main__ - Application icon loaded from: /home/kavi/Desktop/Python_Projects/swing_trader/assets/qullamaggie_swing_trader_icon.svg
2026-06-10 00:52:22,361 - INFO - ib_insync.client - Connecting to 127.0.0.1:4002 with clientId 1...
2026-06-10 00:52:22,364 - INFO - ib_insync.client - Connected
2026-06-10 00:52:22,380 - INFO - ib_insync.client - Logged on to server version 176
2026-06-10 00:52:22,420 - INFO - ib_insync.client - API connection ready
2026-06-10 00:52:22,898 - INFO - __main__ - Authenticated for broker: america
2026-06-10 00:52:22,899 - INFO - __main__ - Initializing trading and data clients...
2026-06-10 00:52:22,899 - INFO - login_setup.broker_factory - Creating america client for live trading
2026-06-10 00:52:22,899 - INFO - login_setup.broker_factory - IBKR client created with accounts: ['DUQ624205']
2026-06-10 00:52:22,920 - INFO - ibkr.core.trading_client - Subscribed to IBKR real-time order events
2026-06-10 00:52:22,920 - INFO - ibkr.core.trading_client - IBKR trading client startup snapshots deferred; using local cache/event sync
2026-06-10 00:52:22,921 - INFO - __main__ - Trading client created; creating data client...
2026-06-10 00:52:22,921 - INFO - login_setup.broker_factory - Creating data client for america
2026-06-10 00:52:22,921 - INFO - __main__ - Data client created; validating connection state...
2026-06-10 00:52:22,921 - INFO - __main__ - Trading client connected: True
2026-06-10 00:52:22,922 - INFO - __main__ - Data client connected: True
2026-06-10 00:52:22,922 - INFO - __main__ - Clients initialized successfully.
2026-06-10 00:52:22,923 - INFO - login_setup.broker_factory - Added america client to manager
2026-06-10 00:52:22,923 - INFO - login_setup.broker_factory - Started connection monitoring for america
2026-06-10 00:52:22,923 - INFO - __main__ - Creating main window for america...
2026-06-10 00:52:22,923 - INFO - login_setup.broker_factory - Dynamically loading main window from: ibkr.core.main_window
2026-06-10 00:52:24,189 - INFO - ibkr.core.trade_logger - Trade history database for 'live' mode at: /home/kavi/.qullamaggie/trade_history_live.db
2026-06-10 00:52:24,190 - INFO - ibkr.core.trade_logger - TradeLogger initialized with background processing
2026-06-10 00:52:24,191 - INFO - ibkr.core.trade_logger - DatabaseWorker processing started
2026-06-10 00:52:24,194 - INFO - ibkr.core.position_manager - ✅ Connected to trader.order_status_updated signal - orders will sync immediately
2026-06-10 00:52:24,194 - INFO - ibkr.core.position_manager - ✅ Connected to trader.position_updated signal - positions will sync immediately
2026-06-10 00:52:24,194 - INFO - ibkr.core.position_manager - ✅ Connected to trader.connection_status_changed signal
2026-06-10 00:52:24,195 - INFO - ibkr.core.trade_logger - Database initialization completed
2026-06-10 00:52:24,244 - INFO - ibkr.widgets.scanner_table - Loaded 19 valid scan configurations
2026-06-10 00:52:24,259 - INFO - ibkr.widgets.scanner_table - Scanner table ready for context-aware navigation
2026-06-10 00:52:24,266 - INFO - ibkr.widgets.scanner_table - Running EOD Finviz scan: Semiconductors
2026-06-10 00:52:24,269 - INFO - chart_engine.core.ibkr_data_fetcher - Pre-warming dedicated IBKR history connection...
2026-06-10 00:52:24,273 - INFO - ib_insync.client - Connecting to 127.0.0.1:4002 with clientId 102...
2026-06-10 00:52:24,275 - INFO - chart_engine.drawings - Loaded global chart settings.
2026-06-10 00:52:24,574 - INFO - chart_engine.core.ibkr_data_fetcher - Chart data source=IBKR symbol=GFS interval=day from=2025-05-05T15:22:24.574126-04:00 to=2026-06-09T15:22:24.574126-04:00 dedicated_history=True
2026-06-10 00:52:24,771 - INFO - chart_engine.core.ibkr_data_fetcher - IBKR chart history connected on 127.0.0.1:4002 clientId=102
2026-06-10 00:52:24,867 - INFO - ibkr.core.data_cache - MarketAwareDataCache initialised for IBKR/US market time
2026-06-10 00:52:24,867 - INFO - chart_engine.core.ibkr_data_fetcher - Chart data source=IBKR symbol=GFS interval=60minute from=2026-04-20T15:22:24.867233-04:00 to=2026-06-09T15:22:24.867233-04:00 dedicated_history=True
2026-06-10 00:52:24,966 - INFO - chart_engine.drawings - Saved global chart settings.
2026-06-10 00:52:25,165 - INFO - chart_engine.core.ibkr_data_fetcher - Requesting IBKR historical data: GFS conId=523222624 bar=1 day duration=2 Y end=latest
2026-06-10 00:52:25,170 - INFO - ibkr.core.alert_management_system - Loaded 0 alerts from disk
2026-06-10 00:52:25,171 - INFO - ibkr.core.alert_management_system - AlertSystemManager ready
2026-06-10 00:52:25,171 - INFO - ibkr.core.main_window - Alert system initialized successfully.
2026-06-10 00:52:25,172 - INFO - ibkr.core.alert_management_system - AlertEngine started
2026-06-10 00:52:25,175 - INFO - ibkr.core.main_window - Connecting component signals...
2026-06-10 00:52:25,176 - INFO - ib_insync.client - Connecting to 127.0.0.1:4002 with clientId 101...
2026-06-10 00:52:25,177 - INFO - ibkr.core.main_window - IBKR order lifecycle UI signals connected
2026-06-10 00:52:25,193 - INFO - ibkr.core.main_window - Keyboard shortcuts initialized
2026-06-10 00:52:25,337 - INFO - ibkr.core.main_window - Window state restored
2026-06-10 00:52:25,337 - INFO - ibkr.core.main_window - Applied startup chart timeframes: left=day, right=60minute
2026-06-10 00:52:25,342 - INFO - ibkr.core.main_window - Simplified qullamaggie Window with Status Bar Initialized Successfully.
2026-06-10 00:52:25,343 - INFO - __main__ - Main window created successfully.
2026-06-10 00:52:25,342 - INFO - chart_engine.core.ibkr_data_fetcher - Requesting IBKR historical data: GFS conId=523222624 bar=30 mins duration=50 D end=latest
2026-06-10 00:52:25,438 - INFO - ibkr.core.market_data_worker - Dedicated IBKR market-data connection established on 127.0.0.1:4002 clientId=101
2026-06-10 00:52:25,439 - INFO - ibkr.core.market_data_worker - IBKR MarketDataWorker started
2026-06-10 00:52:25,441 - INFO - ibkr.core.market_data_worker - Requested IBKR delayed market data type (3); delayed fallback=False; generic ticks=''
2026-06-10 00:52:25,476 - INFO - __main__ - Starting application event loop.
2026-06-10 00:52:25,982 - INFO - ibkr.core.main_window - IBKR loader: Building initial instrument list...
2026-06-10 00:52:25,988 - WARNING - ibkr.core.main_window - IBKR market data is delayed (delayed); live subscription is unavailable.
2026-06-10 00:52:25,988 - INFO - ibkr.core.main_window - WebSocket connected. Setting up subscriptions.
2026-06-10 00:52:25,989 - INFO - ibkr.core.position_manager - Fetching positions from broker - Reason: ibkr_connected
2026-06-10 00:52:26,008 - INFO - ibkr.core.main_window - Added 20 widget market-data subscriptions (20 token-backed)
2026-06-10 00:52:26,010 - INFO - ibkr.core.position_manager - Position table changed: 20 open positions | open MTM -42706.81 | realized 0.00
2026-06-10 00:52:26,258 - INFO - chart_engine.core.ibkr_data_fetcher - Chart data fetch complete source=IBKR symbol=GFS bars=276
2026-06-10 00:52:26,945 - INFO - chart_engine.core.ibkr_data_fetcher - Chart data fetch complete source=IBKR symbol=GFS bars=349
2026-06-10 00:52:27,070 - INFO - ibkr.core.market_data_worker - Subscribed IBKR market data: NVDA key=4815747 type=delayed
2026-06-10 00:52:27,070 - INFO - ibkr.core.market_data_worker - Subscribed IBKR market data: TACT key=6858145 type=delayed
2026-06-10 00:52:27,071 - INFO - ibkr.core.market_data_worker - Subscribed IBKR market data: BAX key=8111188 type=delayed
2026-06-10 00:52:27,071 - INFO - ibkr.core.market_data_worker - Subscribed IBKR market data: UMC key=46613372 type=delayed
2026-06-10 00:52:27,071 - INFO - ibkr.core.market_data_worker - Subscribed IBKR market data: TSLA key=76792991 type=delayed
2026-06-10 00:52:27,072 - INFO - ibkr.core.market_data_worker - Subscribed IBKR market data: PTCT key=129374415 type=delayed
2026-06-10 00:52:27,072 - INFO - ibkr.core.market_data_worker - Subscribed IBKR market data: HPQ key=209411801 type=delayed
2026-06-10 00:52:27,072 - INFO - ibkr.core.market_data_worker - Subscribed IBKR market data: DELL key=346218218 type=delayed
2026-06-10 00:52:27,072 - INFO - ibkr.core.market_data_worker - Subscribed IBKR market data: MTA key=395717235 type=delayed
2026-06-10 00:52:27,073 - INFO - ibkr.core.market_data_worker - Subscribed IBKR market data: DRS key=478483396 type=delayed
2026-06-10 00:52:27,073 - INFO - ibkr.core.market_data_worker - Subscribed IBKR market data: RDW key=512000171 type=delayed
2026-06-10 00:52:27,073 - INFO - ibkr.core.market_data_worker - Subscribed IBKR market data: IONQ key=517593749 type=delayed
2026-06-10 00:52:27,074 - INFO - ibkr.core.market_data_worker - Subscribed IBKR market data: GFS key=523222624 type=delayed
2026-06-10 00:52:27,074 - INFO - ibkr.core.market_data_worker - Subscribed IBKR market data: QBTS key=578031277 type=delayed
2026-06-10 00:52:27,074 - INFO - ibkr.core.market_data_worker - Subscribed IBKR market data: LUNR key=613910262 type=delayed
2026-06-10 00:52:27,075 - INFO - ibkr.core.market_data_worker - Subscribed IBKR market data: SIDU key=673368857 type=delayed
2026-06-10 00:52:27,075 - INFO - ibkr.core.market_data_worker - Subscribed IBKR market data: DPRO key=725468685 type=delayed
2026-06-10 00:52:27,075 - INFO - ibkr.core.market_data_worker - Subscribed IBKR market data: SNDK key=760250490 type=delayed
2026-06-10 00:52:27,076 - INFO - ibkr.core.market_data_worker - Subscribed IBKR market data: RKLB key=787273575 type=delayed
2026-06-10 00:52:27,076 - INFO - ibkr.core.market_data_worker - Subscribed IBKR market data: SPRC key=860471331 type=delayed
2026-06-10 00:52:27,191 - INFO - ibkr.core.main_window - Chart panes revealed after initial symbol render: GFS
2026-06-10 00:52:27,195 - INFO - ibkr.core.main_window - Chart symbol changed to: GFS
2026-06-10 00:52:27,195 - INFO - ibkr.core.main_window - Added chart symbol GFS to subscription
2026-06-10 00:52:27,196 - INFO - ibkr.core.main_window - Ensured subscription for chart symbol GFS
2026-06-10 00:52:27,197 - INFO - chart_engine.core.chart_widget - Chart HTML loaded: GFS (276 candles)
2026-06-10 00:52:27,285 - INFO - ibkr.core.main_window - Successfully loaded 4342 instruments.
2026-06-10 00:52:27,286 - INFO - ibkr.widgets.header_toolbar - Search index ready: 4342 instruments
2026-06-10 00:52:27,313 - INFO - ibkr.core.main_window - Instruments loaded successfully.
2026-06-10 00:52:27,333 - INFO - ibkr.core.main_window - IBKR loader: Loaded 181 symbols (qualifying in background...)
2026-06-10 00:52:27,505 - INFO - chart_engine.core.chart_widget - Chart HTML loaded: GFS (349 candles)
2026-06-10 00:52:27,544 - INFO - ibkr.core.position_manager - Fetching positions from broker - Reason: app_startup
2026-06-10 00:52:27,561 - INFO - ibkr.core.main_window - Position system initialized successfully
2026-06-10 00:52:27,769 - WARNING - ibkr.core.market_data_worker - IBKR market data notice for NVDA: Requested market data is not subscribed. Displaying delayed market data. (10167)
2026-06-10 00:52:27,850 - INFO - ibkr.core.main_window - Subscription universe changed: 24 instruments (20 token-backed, +24/-0) sources={'positions': 20, 'charts': 2, 'watchlist': 1, 'header': 2}
2026-06-10 00:52:28,071 - WARNING - ibkr.core.market_data_worker - IBKR market data notice for TACT: Requested market data is not subscribed. Displaying delayed market data. (10167)
2026-06-10 00:52:28,072 - WARNING - ibkr.core.market_data_worker - IBKR market data notice for BAX: Requested market data is not subscribed. Displaying delayed market data. (10167)
2026-06-10 00:52:28,072 - WARNING - ibkr.core.market_data_worker - IBKR market data notice for UMC: Requested market data is not subscribed. Displaying delayed market data. (10167)
2026-06-10 00:52:28,205 - INFO - ibkr.core.network_monitor - NetworkMonitor started
2026-06-10 00:52:28,206 - INFO - ibkr.core.main_window - Network resilience layer initialized
2026-06-10 00:52:28,250 - INFO - ibkr.core.position_manager - Fetching positions from broker - Reason: instruments_loaded
2026-06-10 00:52:28,327 - INFO - ibkr.core.main_window - Chart auto-loading initiated
2026-06-10 00:52:28,328 - INFO - ibkr.core.main_window - Chart already has active rendered symbol: GFS
2026-06-10 00:52:28,513 - WARNING - ibkr.core.market_data_worker - IBKR market data notice for TSLA: Requested market data is not subscribed. Displaying delayed market data. (10167)
2026-06-10 00:52:28,548 - WARNING - ibkr.core.market_data_worker - IBKR market data notice for PTCT: Requested market data is not subscribed. Displaying delayed market data. (10167)
2026-06-10 00:52:28,623 - WARNING - ibkr.core.market_data_worker - IBKR market data notice for HPQ: Requested market data is not subscribed. Displaying delayed market data. (10167)
2026-06-10 00:52:28,623 - WARNING - ibkr.core.market_data_worker - IBKR market data notice for DELL: Requested market data is not subscribed. Displaying delayed market data. (10167)
2026-06-10 00:52:28,630 - WARNING - ibkr.core.market_data_worker - IBKR market data notice for MTA: Requested market data is not subscribed. Displaying delayed market data. (10167)
2026-06-10 00:52:28,630 - WARNING - ibkr.core.market_data_worker - IBKR market data notice for DRS: Requested market data is not subscribed. Displaying delayed market data. (10167)
2026-06-10 00:52:28,630 - WARNING - ibkr.core.market_data_worker - IBKR market data notice for RDW: Requested market data is not subscribed. Displaying delayed market data. (10167)
2026-06-10 00:52:28,631 - WARNING - ibkr.core.market_data_worker - IBKR market data notice for IONQ: Requested market data is not subscribed. Displaying delayed market data. (10167)
2026-06-10 00:52:28,631 - WARNING - ibkr.core.market_data_worker - IBKR market data notice for GFS: Requested market data is not subscribed. Displaying delayed market data. (10167)
2026-06-10 00:52:28,631 - WARNING - ibkr.core.market_data_worker - IBKR market data notice for QBTS: Requested market data is not subscribed. Displaying delayed market data. (10167)
2026-06-10 00:52:28,640 - WARNING - ibkr.core.market_data_worker - IBKR market data notice for LUNR: Requested market data is not subscribed. Displaying delayed market data. (10167)
2026-06-10 00:52:28,640 - WARNING - ibkr.core.market_data_worker - IBKR market data notice for SIDU: Requested market data is not subscribed. Displaying delayed market data. (10167)
2026-06-10 00:52:28,640 - WARNING - ibkr.core.market_data_worker - IBKR market data notice for DPRO: Requested market data is not subscribed. Displaying delayed market data. (10167)
2026-06-10 00:52:28,740 - WARNING - ibkr.core.market_data_worker - IBKR market data notice for SNDK: Requested market data is not subscribed. Displaying delayed market data. (10167)
2026-06-10 00:52:28,783 - WARNING - ibkr.core.market_data_worker - IBKR market data notice for RKLB: Requested market data is not subscribed. Displaying delayed market data. (10167)
2026-06-10 00:52:28,784 - WARNING - ibkr.core.market_data_worker - IBKR market data notice for SPRC: Requested market data is not subscribed. Displaying delayed market data. (10167)
2026-06-10 00:52:29,066 - INFO - ibkr.core.network_monitor - Network confirmed online at startup
2026-06-10 00:52:30,055 - INFO - ibkr.widgets.scanner_table - EOD Scan completed: 36 symbols with complete data
2026-06-10 00:52:30,183 - INFO - ibkr.widgets.scanner_table - EOD Scanner table updated with 36 symbols.
2026-06-10 00:52:31,467 - INFO - ibkr.core.market_data_worker - Subscribed IBKR market data: SPY key=756733 type=delayed
2026-06-10 00:52:31,476 - INFO - ibkr.core.market_data_worker - Subscribed IBKR market data: QQQ key=320227571 type=delayed
2026-06-10 00:52:32,249 - WARNING - ibkr.core.market_data_worker - IBKR market data notice for SPY: Requested market data is not subscribed. Displaying delayed market data. (10167)
2026-06-10 00:52:32,516 - WARNING - ibkr.core.market_data_worker - IBKR market data notice for QQQ: Requested market data is not subscribed. Displaying delayed market data. (10167)
2026-06-10 00:52:34,087 - INFO - ibkr.core.market_data_worker - Subscribed IBKR market data: RMBS key=4031477 type=delayed
2026-06-10 00:52:34,637 - WARNING - ibkr.core.market_data_worker - IBKR market data notice for RMBS: Requested market data is not subscribed. Displaying delayed market data. (10167)
2026-06-10 00:53:04,104 - INFO - chart_engine.core.ibkr_data_fetcher - Chart data source=IBKR symbol=GFS interval=60minute from=2026-04-20T15:23:04.103898-04:00 to=2026-06-09T15:23:04.103898-04:00 dedicated_history=True
2026-06-10 00:53:04,105 - INFO - chart_engine.core.ibkr_data_fetcher - Requesting IBKR historical data: GFS conId=523222624 bar=30 mins duration=50 D end=latest
2026-06-10 00:53:05,479 - INFO - chart_engine.core.ibkr_data_fetcher - Chart data fetch complete source=IBKR symbol=GFS bars=349
2026-06-10 00:53:05,525 - INFO - chart_engine.drawings - Loaded global chart settings.
2026-06-10 00:53:05,527 - INFO - chart_engine.drawings - Saved global chart settings.
2026-06-10 00:53:05,537 - INFO - ibkr.core.main_window - Ensured subscription for chart symbol GFS
2026-06-10 00:53:05,540 - INFO - chart_engine.core.chart_widget - Chart seamlessly updated: GFS (349 candles)
2026-06-10 00:53:25,103 - INFO - ibkr.core.data_cache - US market-open cache flush complete; intraday entries cleared
2026-06-10 00:54:04,104 - INFO - chart_engine.core.ibkr_data_fetcher - Chart data source=IBKR symbol=GFS interval=60minute from=2026-04-20T15:24:04.104390-04:00 to=2026-06-09T15:24:04.104390-04:00 dedicated_history=True
2026-06-10 00:54:04,107 - INFO - chart_engine.core.ibkr_data_fetcher - Requesting IBKR historical data: GFS conId=523222624 bar=30 mins duration=50 D end=latest
2026-06-10 00:54:05,731 - INFO - chart_engine.core.ibkr_data_fetcher - Chart data fetch complete source=IBKR symbol=GFS bars=349
2026-06-10 00:54:05,765 - INFO - chart_engine.drawings - Loaded global chart settings.
2026-06-10 00:54:05,767 - INFO - chart_engine.drawings - Saved global chart settings.
2026-06-10 00:54:05,772 - INFO - ibkr.core.main_window - Ensured subscription for chart symbol GFS
2026-06-10 00:54:05,773 - INFO - chart_engine.core.chart_widget - Chart seamlessly updated: GFS (349 candles)
2026-06-10 00:55:05,106 - INFO - chart_engine.core.ibkr_data_fetcher - Chart data source=IBKR symbol=GFS interval=60minute from=2026-04-20T15:25:05.106609-04:00 to=2026-06-09T15:25:05.106609-04:00 dedicated_history=True
2026-06-10 00:55:05,109 - INFO - chart_engine.core.ibkr_data_fetcher - Requesting IBKR historical data: GFS conId=523222624 bar=30 mins duration=50 D end=latest
2026-06-10 00:55:07,187 - INFO - chart_engine.core.ibkr_data_fetcher - Chart data fetch complete source=IBKR symbol=GFS bars=349
2026-06-10 00:55:07,228 - INFO - chart_engine.drawings - Loaded global chart settings.
2026-06-10 00:55:07,229 - INFO - chart_engine.drawings - Saved global chart settings.
2026-06-10 00:55:07,233 - INFO - ibkr.core.main_window - Ensured subscription for chart symbol GFS
2026-06-10 00:55:07,233 - INFO - chart_engine.core.chart_widget - Chart seamlessly updated: GFS (349 candles)
2026-06-10 00:56:05,105 - INFO - chart_engine.core.ibkr_data_fetcher - Chart data source=IBKR symbol=GFS interval=60minute from=2026-04-20T15:26:05.105391-04:00 to=2026-06-09T15:26:05.105391-04:00 dedicated_history=True
2026-06-10 00:56:05,107 - INFO - chart_engine.core.ibkr_data_fetcher - Requesting IBKR historical data: GFS conId=523222624 bar=30 mins duration=50 D end=latest
2026-06-10 00:56:06,486 - INFO - chart_engine.core.ibkr_data_fetcher - Chart data fetch complete source=IBKR symbol=GFS bars=349
2026-06-10 00:56:06,644 - INFO - chart_engine.drawings - Loaded global chart settings.
2026-06-10 00:56:06,646 - INFO - chart_engine.drawings - Saved global chart settings.
2026-06-10 00:56:06,653 - INFO - ibkr.core.main_window - Ensured subscription for chart symbol GFS
2026-06-10 00:56:06,654 - INFO - chart_engine.core.chart_widget - Chart seamlessly updated: GFS (349 candles)
2026-06-10 00:57:05,105 - INFO - chart_engine.core.ibkr_data_fetcher - Chart data source=IBKR symbol=GFS interval=60minute from=2026-04-20T15:27:05.105354-04:00 to=2026-06-09T15:27:05.105354-04:00 dedicated_history=True
2026-06-10 00:57:05,107 - INFO - chart_engine.core.ibkr_data_fetcher - Requesting IBKR historical data: GFS conId=523222624 bar=30 mins duration=50 D end=latest
2026-06-10 00:57:06,682 - INFO - chart_engine.core.ibkr_data_fetcher - Chart data fetch complete source=IBKR symbol=GFS bars=349
2026-06-10 00:57:06,723 - INFO - chart_engine.drawings - Loaded global chart settings.
2026-06-10 00:57:06,724 - INFO - chart_engine.drawings - Saved global chart settings.
2026-06-10 00:57:06,728 - INFO - ibkr.core.main_window - Ensured subscription for chart symbol GFS
2026-06-10 00:57:06,728 - INFO - chart_engine.core.chart_widget - Chart seamlessly updated: GFS (349 candles)
2026-06-10 00:58:05,104 - INFO - chart_engine.core.ibkr_data_fetcher - Chart data source=IBKR symbol=GFS interval=60minute from=2026-04-20T15:28:05.104205-04:00 to=2026-06-09T15:28:05.104205-04:00 dedicated_history=True
2026-06-10 00:58:05,105 - INFO - chart_engine.core.ibkr_data_fetcher - Requesting IBKR historical data: GFS conId=523222624 bar=30 mins duration=50 D end=latest
2026-06-10 00:58:07,123 - INFO - chart_engine.core.ibkr_data_fetcher - Chart data fetch complete source=IBKR symbol=GFS bars=349
2026-06-10 00:58:07,161 - INFO - chart_engine.drawings - Loaded global chart settings.
2026-06-10 00:58:07,162 - INFO - chart_engine.drawings - Saved global chart settings.
2026-06-10 00:58:07,168 - INFO - ibkr.core.main_window - Ensured subscription for chart symbol GFS
2026-06-10 00:58:07,168 - INFO - chart_engine.core.chart_widget - Chart seamlessly updated: GFS (349 candles)
2026-06-10 00:59:05,105 - INFO - chart_engine.core.ibkr_data_fetcher - Chart data source=IBKR symbol=GFS interval=60minute from=2026-04-20T15:29:05.105429-04:00 to=2026-06-09T15:29:05.105429-04:00 dedicated_history=True
2026-06-10 00:59:05,106 - INFO - chart_engine.core.ibkr_data_fetcher - Requesting IBKR historical data: GFS conId=523222624 bar=30 mins duration=50 D end=latest
2026-06-10 00:59:06,931 - INFO - chart_engine.core.ibkr_data_fetcher - Chart data fetch complete source=IBKR symbol=GFS bars=349
2026-06-10 00:59:06,980 - INFO - chart_engine.drawings - Loaded global chart settings.
2026-06-10 00:59:06,982 - INFO - chart_engine.drawings - Saved global chart settings.
2026-06-10 00:59:06,988 - INFO - ibkr.core.main_window - Ensured subscription for chart symbol GFS
2026-06-10 00:59:06,989 - INFO - chart_engine.core.chart_widget - Chart seamlessly updated: GFS (349 candles)
2026-06-10 01:00:05,104 - INFO - chart_engine.core.ibkr_data_fetcher - Chart data source=IBKR symbol=GFS interval=60minute from=2026-04-20T15:30:05.104444-04:00 to=2026-06-09T15:30:05.104444-04:00 dedicated_history=True
2026-06-10 01:00:05,105 - INFO - chart_engine.core.ibkr_data_fetcher - Requesting IBKR historical data: GFS conId=523222624 bar=30 mins duration=50 D end=latest
2026-06-10 01:00:07,140 - INFO - chart_engine.core.ibkr_data_fetcher - Chart data fetch complete source=IBKR symbol=GFS bars=349
2026-06-10 01:00:07,171 - INFO - chart_engine.drawings - Loaded global chart settings.
2026-06-10 01:00:07,172 - INFO - chart_engine.drawings - Saved global chart settings.
2026-06-10 01:00:07,178 - INFO - ibkr.core.main_window - Ensured subscription for chart symbol GFS
2026-06-10 01:00:07,178 - INFO - chart_engine.core.chart_widget - Chart seamlessly updated: GFS (349 candles)
2026-06-10 01:01:05,105 - INFO - chart_engine.core.ibkr_data_fetcher - Chart data source=IBKR symbol=GFS interval=60minute from=2026-04-20T15:31:05.105624-04:00 to=2026-06-09T15:31:05.105624-04:00 dedicated_history=True
2026-06-10 01:01:05,106 - INFO - chart_engine.core.ibkr_data_fetcher - Requesting IBKR historical data: GFS conId=523222624 bar=30 mins duration=50 D end=latest
2026-06-10 01:01:06,947 - INFO - chart_engine.core.ibkr_data_fetcher - Chart data fetch complete source=IBKR symbol=GFS bars=349
2026-06-10 01:01:06,987 - INFO - chart_engine.drawings - Loaded global chart settings.
2026-06-10 01:01:06,990 - INFO - chart_engine.drawings - Saved global chart settings.
2026-06-10 01:01:06,995 - INFO - ibkr.core.main_window - Ensured subscription for chart symbol GFS
2026-06-10 01:01:06,995 - INFO - chart_engine.core.chart_widget - Chart seamlessly updated: GFS (349 candles)
2026-06-10 01:01:40,402 - WARNING - __main__ - Signal 2 received, initiating shutdown.
2026-06-10 01:01:40,402 - INFO - __main__ - Shutting down and cleaning up resources...
2026-06-10 01:01:40,403 - INFO - ibkr.core.shutdown_manager - closeEvent received — beginning fast IBKR shutdown
2026-06-10 01:01:40,404 - INFO - ibkr.core.shutdown_manager - === Fast IBKR window-close shutdown starting ===
2026-06-10 01:01:40,404 - INFO - ibkr.core.shutdown_manager - Shutdown: [save_window_state]…
2026-06-10 01:01:40,407 - INFO - ibkr.core.main_window - Window state saved
2026-06-10 01:01:40,407 - INFO - ibkr.core.shutdown_manager - Shutdown: [save_window_state] ✓
2026-06-10 01:01:40,409 - INFO - ibkr.core.shutdown_manager - Shutdown: [save_chart_state]…
2026-06-10 01:01:40,429 - INFO - ibkr.core.shutdown_manager - Shutdown: [save_chart_state] ✓
2026-06-10 01:01:40,430 - INFO - ibkr.core.shutdown_manager - Shutdown: [stop_remaining_timers]…
2026-06-10 01:01:40,446 - INFO - ibkr.core.shutdown_manager - Shutdown: [stop_remaining_timers] ✓
2026-06-10 01:01:40,446 - INFO - ibkr.core.shutdown_manager - === Fast IBKR window-close shutdown complete ===
2026-06-10 01:01:40,452 - INFO - __main__ - Skipping broker disconnect during fast window-close shutdown.
2026-06-10 01:01:40,453 - INFO - __main__ - Cleanup complete.
