2026-06-10 23:48:05,864 - INFO - login_setup.login_setup_config - qullamaggie v1.0.0 starting...
2026-06-10 23:48:05,865 - INFO - login_setup.login_setup_config - Logging to file: /home/kavi/Desktop/Python_Projects/swing_trader/logs/qullamaggie_20260610_234805.log
2026-06-10 23:48:05,865 - INFO - login_setup.login_setup_config - Fatal crash diagnostics enabled for all threads.
2026-06-10 23:48:05,865 - INFO - __main__ - 🚀 Starting qullamaggie Application...
2026-06-10 23:48:06,001 - INFO - __main__ - Application icon loaded from: /home/kavi/Desktop/Python_Projects/swing_trader/assets/qullamaggie_swing_trader_icon.svg
2026-06-10 23:48:07,703 - INFO - ib_insync.client - Connecting to 127.0.0.1:4002 with clientId 1...
2026-06-10 23:48:07,705 - INFO - ib_insync.client - Connected
2026-06-10 23:48:07,718 - INFO - ib_insync.client - Logged on to server version 176
2026-06-10 23:48:07,759 - INFO - ib_insync.client - API connection ready
2026-06-10 23:48:08,179 - INFO - __main__ - Authenticated for broker: america
2026-06-10 23:48:08,180 - INFO - __main__ - Initializing trading and data clients...
2026-06-10 23:48:08,180 - INFO - login_setup.broker_factory - Creating america client for live trading
2026-06-10 23:48:08,181 - INFO - login_setup.broker_factory - IBKR client created with accounts: ['DUQ624205']
2026-06-10 23:48:08,188 - INFO - ibkr.core.trading_client - Subscribed to IBKR real-time order events
2026-06-10 23:48:08,188 - INFO - ibkr.core.trading_client - IBKR trading client startup snapshots deferred; using local cache/event sync
2026-06-10 23:48:08,189 - INFO - __main__ - Trading client created; creating data client...
2026-06-10 23:48:08,189 - INFO - login_setup.broker_factory - Creating data client for america
2026-06-10 23:48:08,189 - INFO - __main__ - Data client created; validating connection state...
2026-06-10 23:48:08,189 - INFO - __main__ - Trading client connected: True
2026-06-10 23:48:08,190 - INFO - __main__ - Data client connected: True
2026-06-10 23:48:08,190 - INFO - __main__ - Clients initialized successfully.
2026-06-10 23:48:08,191 - INFO - login_setup.broker_factory - Added america client to manager
2026-06-10 23:48:08,192 - INFO - login_setup.broker_factory - Started connection monitoring for america
2026-06-10 23:48:08,192 - INFO - __main__ - Creating main window for america...
2026-06-10 23:48:08,192 - INFO - login_setup.broker_factory - Dynamically loading main window from: ibkr.core.main_window
2026-06-10 23:48:09,095 - INFO - ibkr.core.trade_logger - Trade history database for 'live' mode at: /home/kavi/.qullamaggie/trade_history_live.db
2026-06-10 23:48:09,096 - INFO - ibkr.core.trade_logger - TradeLogger initialized with background processing
2026-06-10 23:48:09,097 - INFO - ibkr.core.trade_logger - DatabaseWorker processing started
2026-06-10 23:48:09,098 - INFO - ibkr.core.trade_logger - Database initialization completed
2026-06-10 23:48:09,100 - INFO - ibkr.core.position_manager - ✅ Connected to trader.order_status_updated signal - orders will sync immediately
2026-06-10 23:48:09,100 - INFO - ibkr.core.position_manager - ✅ Connected to trader.position_updated signal - positions will sync immediately
2026-06-10 23:48:09,100 - INFO - ibkr.core.position_manager - ✅ Connected to trader.connection_status_changed signal
2026-06-10 23:48:09,162 - INFO - ibkr.widgets.scanner_table - Loaded 19 valid scan configurations
2026-06-10 23:48:09,177 - INFO - ibkr.widgets.scanner_table - Scanner table ready for context-aware navigation
2026-06-10 23:48:09,184 - INFO - chart_engine.drawings - Loaded global chart settings.
2026-06-10 23:48:09,523 - INFO - ibkr.core.data_cache - MarketAwareDataCache initialised for IBKR/US market time
2026-06-10 23:48:09,620 - INFO - chart_engine.drawings - Saved global chart settings.
2026-06-10 23:48:09,840 - INFO - ibkr.core.alert_management_system - Loaded 0 alerts from disk
2026-06-10 23:48:09,841 - INFO - ibkr.core.alert_management_system - AlertSystemManager ready
2026-06-10 23:48:09,842 - INFO - ibkr.core.alert_management_system - AlertEngine started
2026-06-10 23:48:09,842 - INFO - ibkr.core.main_window - Alert system initialized successfully.
2026-06-10 23:48:09,843 - INFO - ibkr.core.main_window - Connecting component signals...
2026-06-10 23:48:09,843 - INFO - ibkr.core.main_window - IBKR order lifecycle UI signals connected
2026-06-10 23:48:09,851 - INFO - ibkr.core.main_window - Keyboard shortcuts initialized
2026-06-10 23:48:09,988 - INFO - ibkr.core.main_window - Window state restored
2026-06-10 23:48:10,021 - INFO - ibkr.core.main_window - Applied startup chart timeframes: left=day, right=60minute
2026-06-10 23:48:10,021 - INFO - ibkr.core.main_window - Simplified qullamaggie Window with Status Bar Initialized Successfully.
2026-06-10 23:48:10,021 - INFO - __main__ - Main window created successfully.
2026-06-10 23:48:10,099 - INFO - __main__ - Starting application event loop.
2026-06-10 23:48:10,677 - INFO - ibkr.core.main_window - Starting deferred IBKR post-show workers
2026-06-10 23:48:10,677 - INFO - chart_engine.core.ibkr_data_fetcher - Pre-warming dedicated IBKR history connection...
2026-06-10 23:48:10,688 - INFO - ib_insync.client - Connecting to 127.0.0.1:4002 with clientId 102...
2026-06-10 23:48:10,711 - INFO - ib_insync.client - Connecting to 127.0.0.1:4002 with clientId 101...
2026-06-10 23:48:10,762 - INFO - ibkr.core.main_window - IBKR loader: Building initial instrument list...
2026-06-10 23:48:11,322 - INFO - ibkr.core.main_window - Successfully loaded 228 instruments.
2026-06-10 23:48:11,323 - INFO - ibkr.widgets.header_toolbar - Search index ready: 228 instruments
2026-06-10 23:48:11,325 - INFO - ibkr.core.main_window - Instruments loaded successfully.
2026-06-10 23:48:11,325 - INFO - ibkr.core.main_window - IBKR loader: Loaded 181 symbols (qualifying in background...)
2026-06-10 23:48:11,358 - INFO - ibkr.widgets.scanner_table - Running EOD Finviz scan: Computer Hardware
2026-06-10 23:48:11,610 - INFO - ibkr.core.main_window - Subscription universe changed: 2 instruments (0 token-backed, +2/-0) sources={'header': 2}
2026-06-10 23:48:11,973 - INFO - chart_engine.core.ibkr_data_fetcher - IBKR chart history connected on 127.0.0.1:4002 clientId=102
2026-06-10 23:48:12,066 - INFO - ibkr.core.market_data_worker - Dedicated IBKR market-data connection established on 127.0.0.1:4002 clientId=101
2026-06-10 23:48:12,067 - INFO - ibkr.core.market_data_worker - IBKR MarketDataWorker started
2026-06-10 23:48:12,067 - INFO - ibkr.core.market_data_worker - Requested IBKR delayed market data type (3); delayed fallback=False; generic ticks=''
2026-06-10 23:48:12,068 - WARNING - ibkr.core.main_window - IBKR market data is delayed (delayed); live subscription is unavailable.
2026-06-10 23:48:12,069 - INFO - ibkr.core.main_window - WebSocket connected. Setting up subscriptions.
2026-06-10 23:48:12,069 - INFO - ibkr.core.stop_loss_manager - Stop-loss opening-gap check enabled after market-data worker connection
2026-06-10 23:48:12,070 - INFO - ibkr.core.position_manager - Fetching positions from broker - Reason: ibkr_connected
2026-06-10 23:48:12,091 - INFO - ibkr.core.main_window - Added 20 widget market-data subscriptions (20 token-backed)
2026-06-10 23:48:12,096 - INFO - ibkr.core.position_manager - Position table changed: 20 open positions | open MTM -38635.14 | realized 0.00
2026-06-10 23:48:12,274 - INFO - ibkr.core.position_manager - Fetching positions from broker - Reason: instruments_loaded
2026-06-10 23:48:12,297 - INFO - ibkr.core.main_window - Chart auto-loading initiated
2026-06-10 23:48:12,311 - INFO - ibkr.core.main_window - Auto-loading startup chart symbol: BAX
2026-06-10 23:48:12,323 - INFO - chart_engine.core.ibkr_data_fetcher - Chart data source=IBKR symbol=BAX interval=day from=2026-03-02T14:18:12.323620-05:00 to=2026-06-10T14:18:12.323620-04:00 dedicated_history=True
2026-06-10 23:48:12,331 - INFO - chart_engine.core.ibkr_data_fetcher - Chart data source=IBKR symbol=BAX interval=60minute from=2026-04-21T14:18:12.331707-04:00 to=2026-06-10T14:18:12.331707-04:00 dedicated_history=True
2026-06-10 23:48:12,404 - INFO - ibkr.core.main_window - Subscription universe changed: 23 instruments (20 token-backed, +21/-0) sources={'positions': 20, 'charts': 2, 'header': 2}
2026-06-10 23:48:12,605 - INFO - ibkr.core.position_manager - Fetching positions from broker - Reason: app_startup
2026-06-10 23:48:12,641 - INFO - ibkr.core.main_window - Position system initialized successfully
2026-06-10 23:48:12,718 - INFO - ibkr.core.market_data_worker - Subscribed IBKR market data: SPY key=756733 type=delayed
2026-06-10 23:48:12,720 - INFO - ibkr.core.market_data_worker - Subscribed IBKR market data: QQQ key=320227571 type=delayed
2026-06-10 23:48:12,722 - INFO - chart_engine.core.ibkr_data_fetcher - Requesting IBKR historical data: BAX conId=8111188 bar=1 day duration=100 D end=latest
2026-06-10 23:48:12,726 - INFO - chart_engine.core.ibkr_data_fetcher - Requesting IBKR historical data: BAX conId=8111188 bar=30 mins duration=50 D end=latest
2026-06-10 23:48:13,029 - INFO - ibkr.widgets.scanner_table - EOD Scan completed: 19 symbols with complete data
2026-06-10 23:48:13,096 - INFO - ibkr.widgets.scanner_table - EOD Scanner table updated with 19 symbols.
2026-06-10 23:48:13,122 - INFO - ibkr.core.network_monitor - NetworkMonitor started
2026-06-10 23:48:13,122 - INFO - ibkr.core.main_window - Network resilience layer initialized
2026-06-10 23:48:13,130 - WARNING - ibkr.core.market_data_worker - IBKR market data notice for SPY: Requested market data is not subscribed. Displaying delayed market data. (10167)
2026-06-10 23:48:13,449 - WARNING - ibkr.core.market_data_worker - IBKR market data notice for QQQ: Requested market data is not subscribed. Displaying delayed market data. (10167)
2026-06-10 23:48:13,835 - INFO - chart_engine.core.ibkr_data_fetcher - Chart data fetch complete source=IBKR symbol=BAX bars=71
2026-06-10 23:48:13,897 - INFO - chart_engine.drawings - Loaded state for BAX (day) — 2 drawings
2026-06-10 23:48:13,928 - INFO - ibkr.core.main_window - Chart panes revealed after initial symbol render: BAX
2026-06-10 23:48:13,928 - INFO - ibkr.core.main_window - Chart symbol changed to: BAX
2026-06-10 23:48:13,930 - INFO - ibkr.core.main_window - Added chart symbol BAX to subscription
2026-06-10 23:48:13,932 - INFO - ibkr.core.main_window - Ensured subscription for chart symbol BAX
2026-06-10 23:48:13,932 - INFO - chart_engine.core.chart_widget - Chart HTML loaded: BAX (71 candles)
2026-06-10 23:48:13,952 - INFO - ibkr.core.network_monitor - Network confirmed online at startup
2026-06-10 23:48:14,859 - INFO - ibkr.core.market_data_worker - Subscribed IBKR market data: NVDA key=4815747 type=delayed
2026-06-10 23:48:14,868 - INFO - ibkr.core.market_data_worker - Subscribed IBKR market data: TACT key=6858145 type=delayed
2026-06-10 23:48:14,869 - INFO - chart_engine.core.ibkr_data_fetcher - Chart data fetch complete source=IBKR symbol=BAX bars=348
2026-06-10 23:48:14,869 - INFO - ibkr.core.market_data_worker - Subscribed IBKR market data: BAX key=8111188 type=delayed
2026-06-10 23:48:14,869 - INFO - ibkr.core.market_data_worker - Subscribed IBKR market data: UMC key=46613372 type=delayed
2026-06-10 23:48:14,870 - INFO - ibkr.core.market_data_worker - Subscribed IBKR market data: TSLA key=76792991 type=delayed
2026-06-10 23:48:14,870 - INFO - ibkr.core.market_data_worker - Subscribed IBKR market data: PTCT key=129374415 type=delayed
2026-06-10 23:48:14,873 - INFO - ibkr.core.market_data_worker - Subscribed IBKR market data: HPQ key=209411801 type=delayed
2026-06-10 23:48:14,881 - INFO - ibkr.core.market_data_worker - Subscribed IBKR market data: DELL key=346218218 type=delayed
2026-06-10 23:48:14,883 - INFO - ibkr.core.market_data_worker - Subscribed IBKR market data: MTA key=395717235 type=delayed
2026-06-10 23:48:14,903 - INFO - ibkr.core.market_data_worker - Subscribed IBKR market data: DRS key=478483396 type=delayed
2026-06-10 23:48:14,903 - INFO - ibkr.core.market_data_worker - Subscribed IBKR market data: RDW key=512000171 type=delayed
2026-06-10 23:48:14,904 - INFO - ibkr.core.market_data_worker - Subscribed IBKR market data: IONQ key=517593749 type=delayed
2026-06-10 23:48:14,905 - INFO - ibkr.core.market_data_worker - Subscribed IBKR market data: GFS key=523222624 type=delayed
2026-06-10 23:48:14,905 - INFO - ibkr.core.market_data_worker - Subscribed IBKR market data: QBTS key=578031277 type=delayed
2026-06-10 23:48:14,906 - INFO - ibkr.core.market_data_worker - Subscribed IBKR market data: LUNR key=613910262 type=delayed
2026-06-10 23:48:14,920 - INFO - ibkr.core.market_data_worker - Subscribed IBKR market data: SIDU key=673368857 type=delayed
2026-06-10 23:48:14,929 - INFO - ibkr.core.market_data_worker - Subscribed IBKR market data: DPRO key=725468685 type=delayed
2026-06-10 23:48:14,930 - INFO - ibkr.core.market_data_worker - Subscribed IBKR market data: SNDK key=760250490 type=delayed
2026-06-10 23:48:14,930 - INFO - ibkr.core.market_data_worker - Subscribed IBKR market data: RKLB key=787273575 type=delayed
2026-06-10 23:48:14,931 - INFO - ibkr.core.market_data_worker - Subscribed IBKR market data: SPRC key=860471331 type=delayed
2026-06-10 23:48:14,931 - INFO - chart_engine.drawings - Loaded state for BAX (60minute) — 2 drawings
2026-06-10 23:48:14,988 - INFO - chart_engine.core.chart_widget - Chart HTML loaded: BAX (348 candles)
2026-06-10 23:48:15,196 - WARNING - ibkr.core.market_data_worker - IBKR market data notice for NVDA: Requested market data is not subscribed. Displaying delayed market data. (10167)
2026-06-10 23:48:15,658 - WARNING - ibkr.core.market_data_worker - IBKR market data notice for TACT: Requested market data is not subscribed. Displaying delayed market data. (10167)
2026-06-10 23:48:15,940 - WARNING - ibkr.core.market_data_worker - IBKR market data notice for BAX: Requested market data is not subscribed. Displaying delayed market data. (10167)
2026-06-10 23:48:15,941 - WARNING - ibkr.core.market_data_worker - IBKR market data notice for UMC: Requested market data is not subscribed. Displaying delayed market data. (10167)
2026-06-10 23:48:15,941 - WARNING - ibkr.core.market_data_worker - IBKR market data notice for TSLA: Requested market data is not subscribed. Displaying delayed market data. (10167)
2026-06-10 23:48:15,941 - WARNING - ibkr.core.market_data_worker - IBKR market data notice for PTCT: Requested market data is not subscribed. Displaying delayed market data. (10167)
2026-06-10 23:48:15,941 - WARNING - ibkr.core.market_data_worker - IBKR market data notice for HPQ: Requested market data is not subscribed. Displaying delayed market data. (10167)
2026-06-10 23:48:15,941 - WARNING - ibkr.core.market_data_worker - IBKR market data notice for DELL: Requested market data is not subscribed. Displaying delayed market data. (10167)
2026-06-10 23:48:15,942 - WARNING - ibkr.core.market_data_worker - IBKR market data notice for MTA: Requested market data is not subscribed. Displaying delayed market data. (10167)
2026-06-10 23:48:15,946 - WARNING - ibkr.core.market_data_worker - IBKR market data notice for DRS: Requested market data is not subscribed. Displaying delayed market data. (10167)
2026-06-10 23:48:16,191 - WARNING - ibkr.core.market_data_worker - IBKR market data notice for RDW: Requested market data is not subscribed. Displaying delayed market data. (10167)
2026-06-10 23:48:16,233 - WARNING - ibkr.core.market_data_worker - IBKR market data notice for IONQ: Requested market data is not subscribed. Displaying delayed market data. (10167)
2026-06-10 23:48:16,233 - WARNING - ibkr.core.market_data_worker - IBKR market data notice for GFS: Requested market data is not subscribed. Displaying delayed market data. (10167)
2026-06-10 23:48:16,234 - WARNING - ibkr.core.market_data_worker - IBKR market data notice for QBTS: Requested market data is not subscribed. Displaying delayed market data. (10167)
2026-06-10 23:48:16,243 - WARNING - ibkr.core.market_data_worker - IBKR market data notice for LUNR: Requested market data is not subscribed. Displaying delayed market data. (10167)
2026-06-10 23:48:16,244 - WARNING - ibkr.core.market_data_worker - IBKR market data notice for SIDU: Requested market data is not subscribed. Displaying delayed market data. (10167)
2026-06-10 23:48:16,245 - WARNING - ibkr.core.market_data_worker - IBKR market data notice for DPRO: Requested market data is not subscribed. Displaying delayed market data. (10167)
2026-06-10 23:48:16,245 - WARNING - ibkr.core.market_data_worker - IBKR market data notice for SNDK: Requested market data is not subscribed. Displaying delayed market data. (10167)
2026-06-10 23:48:16,246 - WARNING - ibkr.core.market_data_worker - IBKR market data notice for RKLB: Requested market data is not subscribed. Displaying delayed market data. (10167)
2026-06-10 23:48:16,246 - WARNING - ibkr.core.market_data_worker - IBKR market data notice for SPRC: Requested market data is not subscribed. Displaying delayed market data. (10167)
2026-06-10 23:48:19,206 - INFO - ibkr.core.main_window - Floating positions dialog opened
2026-06-10 23:48:24,904 - INFO - chart_engine.drawings - Loaded state for BAX (day) — 2 drawings
2026-06-10 23:48:24,911 - INFO - chart_engine.drawings - Saved state for BAX (day) — 2 drawings
2026-06-10 23:48:29,651 - INFO - chart_engine.drawings - Loaded state for BAX (60minute) — 2 drawings
2026-06-10 23:48:29,655 - INFO - chart_engine.drawings - Saved state for BAX (60minute) — 2 drawings
2026-06-10 23:48:32,356 - INFO - ibkr.core.shutdown_manager - closeEvent received — beginning fast IBKR shutdown
2026-06-10 23:48:32,358 - INFO - ibkr.core.shutdown_manager - === Fast IBKR window-close shutdown starting ===
2026-06-10 23:48:32,358 - INFO - ibkr.core.shutdown_manager - Shutdown: [quiesce_background_activity]…
2026-06-10 23:48:32,360 - INFO - ibkr.core.shutdown_manager - Shutdown: [quiesce_background_activity] ✓
2026-06-10 23:48:32,367 - INFO - ibkr.core.shutdown_manager - Shutdown: [save_window_state]…
2026-06-10 23:48:32,369 - INFO - ibkr.core.main_window - Window state saved
2026-06-10 23:48:32,369 - INFO - ibkr.core.shutdown_manager - Shutdown: [save_window_state] ✓
2026-06-10 23:48:32,399 - INFO - ib_insync.client - Disconnecting
2026-06-10 23:48:32,400 - INFO - ibkr.core.market_data_worker - IBKR MarketDataWorker stopped
2026-06-10 23:48:32,403 - INFO - ibkr.core.shutdown_manager - Shutdown: [save_chart_state]…
2026-06-10 23:48:32,438 - INFO - ibkr.core.shutdown_manager - Shutdown: [save_chart_state] ✓
2026-06-10 23:48:32,438 - INFO - ibkr.core.shutdown_manager - Shutdown: [stop_remaining_timers]…
2026-06-10 23:48:32,448 - INFO - ibkr.core.shutdown_manager - Shutdown: [stop_remaining_timers] ✓
2026-06-10 23:48:32,449 - INFO - ibkr.core.shutdown_manager - === Fast IBKR window-close shutdown complete ===
2026-06-10 23:48:32,455 - INFO - __main__ - Shutting down and cleaning up resources...
2026-06-10 23:48:32,455 - INFO - __main__ - Skipping broker disconnect during fast window-close shutdown.
2026-06-10 23:48:32,455 - INFO - __main__ - Cleanup complete.
