2026-06-10 22:02:09,370 - INFO - login_setup.login_setup_config - qullamaggie v1.0.0 starting...
2026-06-10 22:02:09,370 - INFO - login_setup.login_setup_config - Logging to file: /home/kavi/Desktop/Python_Projects/swing_trader/logs/qullamaggie_20260610_220209.log
2026-06-10 22:02:09,370 - INFO - login_setup.login_setup_config - Fatal crash diagnostics enabled for all threads.
2026-06-10 22:02:09,370 - INFO - __main__ - 🚀 Starting qullamaggie Application...
2026-06-10 22:02:09,518 - INFO - __main__ - Application icon loaded from: /home/kavi/Desktop/Python_Projects/swing_trader/assets/qullamaggie_swing_trader_icon.svg
2026-06-10 22:02:11,762 - INFO - ib_insync.client - Connecting to 127.0.0.1:4002 with clientId 1...
2026-06-10 22:02:11,765 - INFO - ib_insync.client - Connected
2026-06-10 22:02:11,784 - INFO - ib_insync.client - Logged on to server version 176
2026-06-10 22:02:11,827 - INFO - ib_insync.client - API connection ready
2026-06-10 22:02:12,329 - INFO - __main__ - Authenticated for broker: america
2026-06-10 22:02:12,329 - INFO - __main__ - Initializing trading and data clients...
2026-06-10 22:02:12,329 - INFO - login_setup.broker_factory - Creating america client for live trading
2026-06-10 22:02:12,330 - INFO - login_setup.broker_factory - IBKR client created with accounts: ['DUQ624205']
2026-06-10 22:02:12,340 - INFO - ibkr.core.trading_client - Subscribed to IBKR real-time order events
2026-06-10 22:02:12,340 - INFO - ibkr.core.trading_client - IBKR trading client startup snapshots deferred; using local cache/event sync
2026-06-10 22:02:12,340 - INFO - __main__ - Trading client created; creating data client...
2026-06-10 22:02:12,341 - INFO - login_setup.broker_factory - Creating data client for america
2026-06-10 22:02:12,341 - INFO - __main__ - Data client created; validating connection state...
2026-06-10 22:02:12,341 - INFO - __main__ - Trading client connected: True
2026-06-10 22:02:12,344 - INFO - __main__ - Data client connected: True
2026-06-10 22:02:12,344 - INFO - __main__ - Clients initialized successfully.
2026-06-10 22:02:12,345 - INFO - login_setup.broker_factory - Added america client to manager
2026-06-10 22:02:12,347 - INFO - login_setup.broker_factory - Started connection monitoring for america
2026-06-10 22:02:12,348 - INFO - __main__ - Creating main window for america...
2026-06-10 22:02:12,349 - INFO - login_setup.broker_factory - Dynamically loading main window from: ibkr.core.main_window
2026-06-10 22:02:13,473 - INFO - ibkr.core.trade_logger - Trade history database for 'live' mode at: /home/kavi/.qullamaggie/trade_history_live.db
2026-06-10 22:02:13,474 - INFO - ibkr.core.trade_logger - TradeLogger initialized with background processing
2026-06-10 22:02:13,475 - INFO - ibkr.core.trade_logger - DatabaseWorker processing started
2026-06-10 22:02:13,478 - INFO - ibkr.core.position_manager - ✅ Connected to trader.order_status_updated signal - orders will sync immediately
2026-06-10 22:02:13,478 - INFO - ibkr.core.position_manager - ✅ Connected to trader.position_updated signal - positions will sync immediately
2026-06-10 22:02:13,479 - INFO - ibkr.core.position_manager - ✅ Connected to trader.connection_status_changed signal
2026-06-10 22:02:13,479 - INFO - ibkr.core.trade_logger - Database initialization completed
2026-06-10 22:02:13,525 - INFO - ibkr.widgets.scanner_table - Loaded 1 valid scan configurations
2026-06-10 22:02:13,539 - INFO - ibkr.widgets.scanner_table - Scanner table ready for context-aware navigation
2026-06-10 22:02:13,545 - INFO - ibkr.widgets.scanner_table - Running EOD Finviz scan: Month Up - Any
2026-06-10 22:02:13,549 - INFO - chart_engine.core.ibkr_data_fetcher - Pre-warming dedicated IBKR history connection...
2026-06-10 22:02:13,554 - INFO - ib_insync.client - Connecting to 127.0.0.1:4002 with clientId 102...
2026-06-10 22:02:13,557 - INFO - chart_engine.drawings - Loaded global chart settings.
2026-06-10 22:02:13,868 - INFO - chart_engine.core.ibkr_data_fetcher - Chart data source=IBKR symbol=DELL interval=day from=2025-05-06T12:32:13.867748-04:00 to=2026-06-10T12:32:13.867748-04:00 dedicated_history=True
2026-06-10 22:02:14,044 - INFO - chart_engine.core.ibkr_data_fetcher - IBKR chart history connected on 127.0.0.1:4002 clientId=102
2026-06-10 22:02:14,080 - INFO - ibkr.core.data_cache - MarketAwareDataCache initialised for IBKR/US market time
2026-06-10 22:02:14,083 - INFO - chart_engine.core.ibkr_data_fetcher - Chart data source=IBKR symbol=DELL interval=60minute from=2026-04-21T12:32:14.083138-04:00 to=2026-06-10T12:32:14.083138-04:00 dedicated_history=True
2026-06-10 22:02:14,201 - INFO - chart_engine.drawings - Saved global chart settings.
2026-06-10 22:02:14,437 - INFO - chart_engine.core.ibkr_data_fetcher - Requesting IBKR historical data: DELL conId=346218218 bar=1 day duration=2 Y end=latest
2026-06-10 22:02:14,438 - INFO - chart_engine.core.ibkr_data_fetcher - Requesting IBKR historical data: DELL conId=346218218 bar=30 mins duration=50 D end=latest
2026-06-10 22:02:14,441 - INFO - ibkr.core.alert_management_system - Loaded 0 alerts from disk
2026-06-10 22:02:14,442 - INFO - ibkr.core.alert_management_system - AlertSystemManager ready
2026-06-10 22:02:14,442 - INFO - ibkr.core.alert_management_system - AlertEngine started
2026-06-10 22:02:14,442 - INFO - ibkr.core.main_window - Alert system initialized successfully.
2026-06-10 22:02:14,448 - INFO - ibkr.core.main_window - Connecting component signals...
2026-06-10 22:02:14,450 - INFO - ib_insync.client - Connecting to 127.0.0.1:4002 with clientId 101...
2026-06-10 22:02:14,456 - INFO - ibkr.core.main_window - IBKR order lifecycle UI signals connected
2026-06-10 22:02:14,467 - INFO - ibkr.core.main_window - Keyboard shortcuts initialized
2026-06-10 22:02:14,602 - INFO - ibkr.core.main_window - Window state restored
2026-06-10 22:02:14,602 - INFO - ibkr.core.main_window - Applied startup chart timeframes: left=day, right=60minute
2026-06-10 22:02:14,603 - INFO - ibkr.core.main_window - Simplified qullamaggie Window with Status Bar Initialized Successfully.
2026-06-10 22:02:14,603 - INFO - __main__ - Main window created successfully.
2026-06-10 22:02:14,703 - INFO - __main__ - Starting application event loop.
2026-06-10 22:02:15,242 - INFO - ibkr.core.market_data_worker - Dedicated IBKR market-data connection established on 127.0.0.1:4002 clientId=101
2026-06-10 22:02:15,242 - INFO - ibkr.core.market_data_worker - IBKR MarketDataWorker started
2026-06-10 22:02:15,243 - INFO - ibkr.core.market_data_worker - Requested IBKR delayed market data type (3); delayed fallback=False; generic ticks=''
2026-06-10 22:02:15,412 - INFO - ibkr.core.main_window - IBKR loader: Building initial instrument list...
2026-06-10 22:02:15,463 - INFO - ibkr.core.main_window - Subscription universe changed: 3 instruments (0 token-backed, +3/-0) sources={'charts': 2, 'header': 2}
2026-06-10 22:02:15,492 - INFO - chart_engine.core.ibkr_data_fetcher - Chart data fetch complete source=IBKR symbol=DELL bars=276
2026-06-10 22:02:16,201 - INFO - ibkr.core.market_data_worker - Subscribed IBKR market data: DELL key=346218218 type=delayed
2026-06-10 22:02:16,201 - INFO - ibkr.core.market_data_worker - Subscribed IBKR market data: SPY key=756733 type=delayed
2026-06-10 22:02:16,202 - INFO - ibkr.core.market_data_worker - Subscribed IBKR market data: QQQ key=320227571 type=delayed
2026-06-10 22:02:16,315 - INFO - chart_engine.core.ibkr_data_fetcher - Chart data fetch complete source=IBKR symbol=DELL bars=346
2026-06-10 22:02:16,524 - WARNING - ibkr.core.main_window - IBKR market data is delayed (delayed); live subscription is unavailable.
2026-06-10 22:02:16,524 - INFO - ibkr.core.main_window - WebSocket connected. Setting up subscriptions.
2026-06-10 22:02:16,525 - INFO - ibkr.core.position_manager - Fetching positions from broker - Reason: ibkr_connected
2026-06-10 22:02:16,542 - INFO - ibkr.core.main_window - Added 20 widget market-data subscriptions (20 token-backed)
2026-06-10 22:02:16,547 - INFO - ibkr.core.position_manager - Position table changed: 20 open positions | open MTM -39364.18 | realized 0.00
2026-06-10 22:02:16,646 - WARNING - ibkr.core.market_data_worker - IBKR market data notice for DELL: Requested market data is not subscribed. Displaying delayed market data. (10167)
2026-06-10 22:02:16,647 - INFO - chart_engine.drawings - Loaded state for DELL (day) — 1 drawings
2026-06-10 22:02:16,650 - WARNING - ibkr.core.market_data_worker - IBKR market data notice for SPY: Requested market data is not subscribed. Displaying delayed market data. (10167)
2026-06-10 22:02:16,715 - INFO - ibkr.core.main_window - Chart panes revealed after initial symbol render: DELL
2026-06-10 22:02:16,715 - INFO - ibkr.core.main_window - Chart symbol changed to: DELL
2026-06-10 22:02:16,715 - INFO - ibkr.core.main_window - Added chart symbol DELL to subscription
2026-06-10 22:02:16,716 - INFO - ibkr.core.main_window - Ensured subscription for chart symbol DELL
2026-06-10 22:02:16,716 - INFO - chart_engine.core.chart_widget - Chart HTML loaded: DELL (276 candles)
2026-06-10 22:02:16,799 - INFO - ibkr.core.main_window - Successfully loaded 3275 instruments.
2026-06-10 22:02:16,801 - INFO - ibkr.widgets.header_toolbar - Search index ready: 3275 instruments
2026-06-10 22:02:16,835 - INFO - ibkr.core.main_window - Instruments loaded successfully.
2026-06-10 22:02:16,878 - INFO - ibkr.core.main_window - IBKR loader: Loaded 181 symbols (qualifying in background...)
2026-06-10 22:02:16,945 - WARNING - ibkr.core.market_data_worker - IBKR market data notice for QQQ: Requested market data is not subscribed. Displaying delayed market data. (10167)
2026-06-10 22:02:16,995 - INFO - chart_engine.drawings - Loaded state for DELL (60minute) — 1 drawings
2026-06-10 22:02:17,092 - INFO - chart_engine.core.chart_widget - Chart HTML loaded: DELL (346 candles)
2026-06-10 22:02:17,135 - INFO - ibkr.core.position_manager - Fetching positions from broker - Reason: app_startup
2026-06-10 22:02:17,154 - INFO - ibkr.core.main_window - Position system initialized successfully
2026-06-10 22:02:17,423 - INFO - ibkr.core.main_window - Subscription universe changed: 23 instruments (20 token-backed, +20/-0) sources={'positions': 20, 'charts': 2, 'header': 2}
2026-06-10 22:02:17,684 - INFO - ibkr.core.network_monitor - NetworkMonitor started
2026-06-10 22:02:17,686 - INFO - ibkr.core.main_window - Network resilience layer initialized
2026-06-10 22:02:17,807 - INFO - ibkr.core.position_manager - Fetching positions from broker - Reason: instruments_loaded
2026-06-10 22:02:17,858 - INFO - ibkr.core.main_window - Chart auto-loading initiated
2026-06-10 22:02:17,858 - INFO - ibkr.core.main_window - Chart already has active rendered symbol: DELL
2026-06-10 22:02:18,608 - INFO - ibkr.core.market_data_worker - Subscribed IBKR market data: NVDA key=4815747 type=delayed
2026-06-10 22:02:18,609 - INFO - ibkr.core.market_data_worker - Subscribed IBKR market data: TACT key=6858145 type=delayed
2026-06-10 22:02:18,609 - INFO - ibkr.core.market_data_worker - Subscribed IBKR market data: BAX key=8111188 type=delayed
2026-06-10 22:02:18,612 - INFO - ibkr.core.market_data_worker - Subscribed IBKR market data: UMC key=46613372 type=delayed
2026-06-10 22:02:18,612 - INFO - ibkr.core.market_data_worker - Subscribed IBKR market data: TSLA key=76792991 type=delayed
2026-06-10 22:02:18,613 - INFO - ibkr.core.market_data_worker - Subscribed IBKR market data: PTCT key=129374415 type=delayed
2026-06-10 22:02:18,613 - INFO - ibkr.core.market_data_worker - Subscribed IBKR market data: HPQ key=209411801 type=delayed
2026-06-10 22:02:18,614 - INFO - ibkr.core.market_data_worker - Subscribed IBKR market data: MTA key=395717235 type=delayed
2026-06-10 22:02:18,614 - INFO - ibkr.core.market_data_worker - Subscribed IBKR market data: DRS key=478483396 type=delayed
2026-06-10 22:02:18,617 - INFO - ibkr.core.market_data_worker - Subscribed IBKR market data: RDW key=512000171 type=delayed
2026-06-10 22:02:18,619 - INFO - ibkr.core.market_data_worker - Subscribed IBKR market data: IONQ key=517593749 type=delayed
2026-06-10 22:02:18,619 - INFO - ibkr.core.market_data_worker - Subscribed IBKR market data: GFS key=523222624 type=delayed
2026-06-10 22:02:18,620 - INFO - ibkr.core.market_data_worker - Subscribed IBKR market data: QBTS key=578031277 type=delayed
2026-06-10 22:02:18,620 - INFO - ibkr.core.market_data_worker - Subscribed IBKR market data: LUNR key=613910262 type=delayed
2026-06-10 22:02:18,620 - INFO - ibkr.core.market_data_worker - Subscribed IBKR market data: SIDU key=673368857 type=delayed
2026-06-10 22:02:18,621 - INFO - ibkr.core.market_data_worker - Subscribed IBKR market data: DPRO key=725468685 type=delayed
2026-06-10 22:02:18,622 - INFO - ibkr.core.market_data_worker - Subscribed IBKR market data: SNDK key=760250490 type=delayed
2026-06-10 22:02:18,622 - INFO - ibkr.core.market_data_worker - Subscribed IBKR market data: RKLB key=787273575 type=delayed
2026-06-10 22:02:18,623 - INFO - ibkr.core.market_data_worker - Subscribed IBKR market data: SPRC key=860471331 type=delayed
2026-06-10 22:02:18,660 - INFO - ibkr.core.network_monitor - Network confirmed online at startup
2026-06-10 22:02:19,121 - WARNING - ibkr.core.market_data_worker - IBKR market data notice for NVDA: Requested market data is not subscribed. Displaying delayed market data. (10167)
2026-06-10 22:02:19,339 - WARNING - ibkr.core.market_data_worker - IBKR market data notice for TACT: Requested market data is not subscribed. Displaying delayed market data. (10167)
2026-06-10 22:02:19,398 - WARNING - ibkr.core.market_data_worker - IBKR market data notice for BAX: Requested market data is not subscribed. Displaying delayed market data. (10167)
2026-06-10 22:02:19,406 - WARNING - ibkr.core.market_data_worker - IBKR market data notice for UMC: Requested market data is not subscribed. Displaying delayed market data. (10167)
2026-06-10 22:02:19,407 - WARNING - ibkr.core.market_data_worker - IBKR market data notice for TSLA: Requested market data is not subscribed. Displaying delayed market data. (10167)
2026-06-10 22:02:19,408 - WARNING - ibkr.core.market_data_worker - IBKR market data notice for PTCT: Requested market data is not subscribed. Displaying delayed market data. (10167)
2026-06-10 22:02:19,411 - WARNING - ibkr.core.market_data_worker - IBKR market data notice for HPQ: Requested market data is not subscribed. Displaying delayed market data. (10167)
2026-06-10 22:02:19,417 - WARNING - ibkr.core.market_data_worker - IBKR market data notice for MTA: Requested market data is not subscribed. Displaying delayed market data. (10167)
2026-06-10 22:02:19,462 - WARNING - ibkr.core.market_data_worker - IBKR market data notice for DRS: Requested market data is not subscribed. Displaying delayed market data. (10167)
2026-06-10 22:02:19,463 - WARNING - ibkr.core.market_data_worker - IBKR market data notice for RDW: Requested market data is not subscribed. Displaying delayed market data. (10167)
2026-06-10 22:02:19,463 - WARNING - ibkr.core.market_data_worker - IBKR market data notice for IONQ: Requested market data is not subscribed. Displaying delayed market data. (10167)
2026-06-10 22:02:19,463 - WARNING - ibkr.core.market_data_worker - IBKR market data notice for GFS: Requested market data is not subscribed. Displaying delayed market data. (10167)
2026-06-10 22:02:19,697 - WARNING - ibkr.core.market_data_worker - IBKR market data notice for QBTS: Requested market data is not subscribed. Displaying delayed market data. (10167)
2026-06-10 22:02:19,700 - WARNING - ibkr.core.market_data_worker - IBKR market data notice for LUNR: Requested market data is not subscribed. Displaying delayed market data. (10167)
2026-06-10 22:02:19,712 - WARNING - ibkr.core.market_data_worker - IBKR market data notice for SIDU: Requested market data is not subscribed. Displaying delayed market data. (10167)
2026-06-10 22:02:19,903 - WARNING - ibkr.core.market_data_worker - IBKR market data notice for DPRO: Requested market data is not subscribed. Displaying delayed market data. (10167)
2026-06-10 22:02:19,921 - WARNING - ibkr.core.market_data_worker - IBKR market data notice for SNDK: Requested market data is not subscribed. Displaying delayed market data. (10167)
2026-06-10 22:02:19,967 - WARNING - ibkr.core.market_data_worker - IBKR market data notice for RKLB: Requested market data is not subscribed. Displaying delayed market data. (10167)
2026-06-10 22:02:20,097 - INFO - chart_engine.drawings - Saved state for DELL (day) — 1 drawings
2026-06-10 22:02:20,190 - WARNING - ibkr.core.market_data_worker - IBKR market data notice for SPRC: Requested market data is not subscribed. Displaying delayed market data. (10167)
2026-06-10 22:02:22,536 - INFO - ibkr.core.main_window - Window state saved
2026-06-10 22:02:30,686 - INFO - chart_engine.drawings - Loaded state for DELL (60minute) — 1 drawings
2026-06-10 22:02:30,690 - INFO - chart_engine.drawings - Saved state for DELL (60minute) — 1 drawings
2026-06-10 22:02:59,889 - INFO - ibkr.core.main_window - Floating positions dialog opened
2026-06-10 22:03:05,104 - INFO - chart_engine.core.ibkr_data_fetcher - Chart data source=IBKR symbol=DELL interval=60minute from=2026-04-21T12:33:05.104159-04:00 to=2026-06-10T12:33:05.104159-04:00 dedicated_history=True
2026-06-10 22:03:05,105 - INFO - chart_engine.core.ibkr_data_fetcher - Requesting IBKR historical data: DELL conId=346218218 bar=30 mins duration=50 D end=latest
2026-06-10 22:03:06,510 - INFO - chart_engine.core.ibkr_data_fetcher - Chart data fetch complete source=IBKR symbol=DELL bars=346
2026-06-10 22:03:06,556 - INFO - chart_engine.drawings - Loaded state for DELL (60minute) — 1 drawings
2026-06-10 22:03:06,557 - INFO - chart_engine.drawings - Loaded global chart settings.
2026-06-10 22:03:06,558 - INFO - chart_engine.drawings - Saved global chart settings.
2026-06-10 22:03:06,562 - INFO - ibkr.core.main_window - Ensured subscription for chart symbol DELL
2026-06-10 22:03:06,563 - INFO - chart_engine.core.chart_widget - Chart seamlessly updated: DELL (346 candles)
2026-06-10 22:03:14,150 - INFO - ibkr.core.data_cache - US market-open cache flush complete; intraday entries cleared
2026-06-10 22:03:20,450 - INFO - chart_engine.core.ibkr_data_fetcher - Chart data source=IBKR symbol=SNDK interval=day from=2025-05-06T12:33:20.450625-04:00 to=2026-06-10T12:33:20.450625-04:00 dedicated_history=True
2026-06-10 22:03:20,465 - INFO - chart_engine.core.ibkr_data_fetcher - Chart data source=IBKR symbol=SNDK interval=60minute from=2026-04-21T12:33:20.464648-04:00 to=2026-06-10T12:33:20.464648-04:00 dedicated_history=True
2026-06-10 22:03:20,469 - INFO - ibkr.core.main_window - Ensured subscription for chart symbol SNDK
2026-06-10 22:03:20,755 - INFO - chart_engine.core.ibkr_data_fetcher - Requesting IBKR historical data: SNDK conId=760250490 bar=1 day duration=2 Y end=latest
2026-06-10 22:03:20,806 - INFO - ibkr.core.main_window - Subscription universe changed: 23 instruments (20 token-backed, +1/-1) sources={'positions': 20, 'charts': 2, 'header': 2}
2026-06-10 22:03:21,068 - INFO - chart_engine.core.ibkr_data_fetcher - Requesting IBKR historical data: SNDK conId=760250490 bar=30 mins duration=50 D end=latest
2026-06-10 22:03:23,171 - INFO - chart_engine.core.ibkr_data_fetcher - Chart data fetch complete source=IBKR symbol=SNDK bars=276
2026-06-10 22:03:23,172 - INFO - chart_engine.core.ibkr_data_fetcher - Chart data fetch complete source=IBKR symbol=SNDK bars=346
2026-06-10 22:03:23,263 - INFO - chart_engine.drawings - Loaded state for SNDK (day) — 1 drawings
2026-06-10 22:03:23,263 - INFO - chart_engine.drawings - Loaded global chart settings.
2026-06-10 22:03:23,265 - INFO - chart_engine.drawings - Saved global chart settings.
2026-06-10 22:03:23,270 - INFO - ibkr.core.main_window - Chart symbol changed to: SNDK
2026-06-10 22:03:23,271 - INFO - ibkr.core.main_window - Added chart symbol SNDK to subscription
2026-06-10 22:03:23,272 - INFO - chart_engine.core.chart_widget - Chart seamlessly updated: SNDK (276 candles)
2026-06-10 22:03:23,297 - INFO - chart_engine.drawings - Loaded state for SNDK (60minute) — 1 drawings
2026-06-10 22:03:23,311 - INFO - chart_engine.core.chart_widget - Chart seamlessly updated: SNDK (346 candles)
2026-06-10 22:03:48,939 - INFO - chart_engine.drawings - Loaded global chart settings.
2026-06-10 22:03:48,941 - INFO - chart_engine.drawings - Saved global chart settings.
2026-06-10 22:04:05,104 - INFO - chart_engine.core.ibkr_data_fetcher - Chart data source=IBKR symbol=SNDK interval=60minute from=2026-04-21T12:34:05.104875-04:00 to=2026-06-10T12:34:05.104875-04:00 dedicated_history=True
2026-06-10 22:04:05,105 - INFO - chart_engine.core.ibkr_data_fetcher - Requesting IBKR historical data: SNDK conId=760250490 bar=30 mins duration=50 D end=latest
2026-06-10 22:04:06,406 - INFO - chart_engine.core.ibkr_data_fetcher - Chart data fetch complete source=IBKR symbol=SNDK bars=346
2026-06-10 22:04:06,452 - INFO - chart_engine.drawings - Loaded state for SNDK (60minute) — 1 drawings
2026-06-10 22:04:06,452 - INFO - chart_engine.drawings - Loaded global chart settings.
2026-06-10 22:04:06,454 - INFO - chart_engine.drawings - Saved global chart settings.
2026-06-10 22:04:06,460 - INFO - ibkr.core.main_window - Ensured subscription for chart symbol SNDK
2026-06-10 22:04:06,460 - INFO - chart_engine.core.chart_widget - Chart seamlessly updated: SNDK (346 candles)
2026-06-10 22:04:19,389 - INFO - chart_engine.core.ibkr_data_fetcher - Chart data source=IBKR symbol=SPY interval=day from=2025-05-06T12:34:19.388702-04:00 to=2026-06-10T12:34:19.388702-04:00 dedicated_history=True
2026-06-10 22:04:19,691 - INFO - chart_engine.core.ibkr_data_fetcher - Requesting IBKR historical data: SPY conId=756733 bar=1 day duration=2 Y end=latest
2026-06-10 22:04:20,121 - INFO - chart_engine.core.ibkr_data_fetcher - Chart data source=IBKR symbol=SPY interval=60minute from=2026-04-21T12:34:20.121444-04:00 to=2026-06-10T12:34:20.121444-04:00 dedicated_history=True
2026-06-10 22:04:20,122 - INFO - chart_engine.core.ibkr_data_fetcher - Requesting IBKR historical data: SPY conId=756733 bar=30 mins duration=50 D end=latest
2026-06-10 22:04:21,145 - INFO - chart_engine.core.ibkr_data_fetcher - Chart data fetch complete source=IBKR symbol=SPY bars=276
2026-06-10 22:04:21,231 - INFO - chart_engine.drawings - Loaded global chart settings.
2026-06-10 22:04:21,232 - INFO - chart_engine.drawings - Saved global chart settings.
2026-06-10 22:04:21,236 - INFO - ibkr.core.main_window - Chart symbol changed to: SPY
2026-06-10 22:04:21,236 - INFO - ibkr.core.main_window - Added chart symbol SPY to subscription
2026-06-10 22:04:21,237 - INFO - ibkr.core.main_window - Ensured subscription for chart symbol SPY
2026-06-10 22:04:21,237 - INFO - chart_engine.core.chart_widget - Chart seamlessly updated: SPY (276 candles)
2026-06-10 22:04:21,547 - INFO - ibkr.core.main_window - Subscription universe changed: 22 instruments (20 token-backed, +0/-1) sources={'positions': 20, 'charts': 2, 'header': 2}
2026-06-10 22:04:21,890 - INFO - chart_engine.core.ibkr_data_fetcher - Chart data fetch complete source=IBKR symbol=SPY bars=346
2026-06-10 22:04:21,943 - INFO - chart_engine.core.chart_widget - Chart seamlessly updated: SPY (346 candles)
2026-06-10 22:04:31,327 - INFO - ibkr.widgets.scanner_table - EOD Scan completed: 3141 symbols with complete data
2026-06-10 22:04:41,976 - INFO - ibkr.widgets.scanner_table - EOD Scanner table updated with 3141 symbols.
2026-06-10 22:05:05,104 - INFO - chart_engine.core.ibkr_data_fetcher - Chart data source=IBKR symbol=SPY interval=60minute from=2026-04-21T12:35:05.104436-04:00 to=2026-06-10T12:35:05.104436-04:00 dedicated_history=True
2026-06-10 22:05:05,105 - INFO - chart_engine.core.ibkr_data_fetcher - Requesting IBKR historical data: SPY conId=756733 bar=30 mins duration=50 D end=latest
2026-06-10 22:05:06,839 - INFO - chart_engine.core.ibkr_data_fetcher - Chart data fetch complete source=IBKR symbol=SPY bars=346
2026-06-10 22:05:06,869 - INFO - chart_engine.drawings - Loaded global chart settings.
2026-06-10 22:05:06,869 - INFO - chart_engine.drawings - Saved global chart settings.
2026-06-10 22:05:06,875 - INFO - ibkr.core.main_window - Ensured subscription for chart symbol SPY
2026-06-10 22:05:06,876 - INFO - chart_engine.core.chart_widget - Chart seamlessly updated: SPY (346 candles)
2026-06-10 22:06:05,104 - INFO - chart_engine.core.ibkr_data_fetcher - Chart data source=IBKR symbol=SPY interval=60minute from=2026-04-21T12:36:05.104460-04:00 to=2026-06-10T12:36:05.104460-04:00 dedicated_history=True
2026-06-10 22:06:05,105 - INFO - chart_engine.core.ibkr_data_fetcher - Requesting IBKR historical data: SPY conId=756733 bar=30 mins duration=50 D end=latest
2026-06-10 22:06:06,261 - INFO - ibkr.widgets.scanner_table - Saved 2 scans to /home/kavi/.qullamaggie/storage/user_data/ibkr/live/finviz_scans.json
2026-06-10 22:06:06,272 - INFO - ibkr.widgets.scanner_table - Running EOD Finviz scan: Month Up - Any
2026-06-10 22:06:06,338 - INFO - ibkr.widgets.scanner_table - Scans saved successfully. 2 scans available.
2026-06-10 22:06:06,781 - INFO - chart_engine.core.ibkr_data_fetcher - Chart data fetch complete source=IBKR symbol=SPY bars=346
2026-06-10 22:06:06,829 - INFO - chart_engine.drawings - Loaded global chart settings.
2026-06-10 22:06:06,830 - INFO - chart_engine.drawings - Saved global chart settings.
2026-06-10 22:06:06,837 - INFO - ibkr.core.main_window - Ensured subscription for chart symbol SPY
2026-06-10 22:06:06,838 - INFO - chart_engine.core.chart_widget - Chart seamlessly updated: SPY (346 candles)
2026-06-10 22:07:05,104 - INFO - chart_engine.core.ibkr_data_fetcher - Chart data source=IBKR symbol=SPY interval=60minute from=2026-04-21T12:37:05.104557-04:00 to=2026-06-10T12:37:05.104557-04:00 dedicated_history=True
2026-06-10 22:07:05,105 - INFO - chart_engine.core.ibkr_data_fetcher - Requesting IBKR historical data: SPY conId=756733 bar=30 mins duration=50 D end=latest
2026-06-10 22:07:06,721 - INFO - chart_engine.core.ibkr_data_fetcher - Chart data fetch complete source=IBKR symbol=SPY bars=346
2026-06-10 22:07:06,755 - INFO - chart_engine.drawings - Loaded global chart settings.
2026-06-10 22:07:06,757 - INFO - chart_engine.drawings - Saved global chart settings.
2026-06-10 22:07:06,761 - INFO - ibkr.core.main_window - Ensured subscription for chart symbol SPY
2026-06-10 22:07:06,762 - INFO - chart_engine.core.chart_widget - Chart seamlessly updated: SPY (346 candles)
2026-06-10 22:07:53,298 - INFO - chart_engine.core.ibkr_data_fetcher - Chart data source=IBKR symbol=SIDU interval=day from=2025-05-06T12:37:53.298438-04:00 to=2026-06-10T12:37:53.298438-04:00 dedicated_history=True
2026-06-10 22:07:53,313 - INFO - chart_engine.core.ibkr_data_fetcher - Chart data source=IBKR symbol=SIDU interval=60minute from=2026-04-21T12:37:53.313795-04:00 to=2026-06-10T12:37:53.313795-04:00 dedicated_history=True
2026-06-10 22:07:53,413 - INFO - chart_engine.core.ibkr_data_fetcher - Chart data source=IBKR symbol=SIDU interval=day from=2025-05-06T12:37:53.413152-04:00 to=2026-06-10T12:37:53.413152-04:00 dedicated_history=True
2026-06-10 22:07:53,427 - INFO - chart_engine.core.ibkr_data_fetcher - Chart data source=IBKR symbol=SIDU interval=60minute from=2026-04-21T12:37:53.427078-04:00 to=2026-06-10T12:37:53.427078-04:00 dedicated_history=True
2026-06-10 22:07:53,610 - INFO - chart_engine.core.ibkr_data_fetcher - Requesting IBKR historical data: SIDU conId=673368857 bar=1 day duration=2 Y end=latest
2026-06-10 22:07:53,944 - INFO - chart_engine.core.ibkr_data_fetcher - Requesting IBKR historical data: SIDU conId=673368857 bar=30 mins duration=50 D end=latest
2026-06-10 22:07:55,463 - INFO - chart_engine.core.ibkr_data_fetcher - Chart data fetch complete source=IBKR symbol=SIDU bars=276
2026-06-10 22:07:55,541 - INFO - chart_engine.drawings - Loaded state for SIDU (day) — 1 drawings
2026-06-10 22:07:55,541 - INFO - chart_engine.drawings - Loaded global chart settings.
2026-06-10 22:07:55,542 - INFO - chart_engine.drawings - Saved global chart settings.
2026-06-10 22:07:55,546 - INFO - ibkr.core.main_window - Chart symbol changed to: SIDU
2026-06-10 22:07:55,546 - INFO - ibkr.core.main_window - Added chart symbol SIDU to subscription
2026-06-10 22:07:55,547 - INFO - ibkr.core.main_window - Ensured subscription for chart symbol SIDU
2026-06-10 22:07:55,548 - INFO - chart_engine.core.chart_widget - Chart seamlessly updated: SIDU (276 candles)
2026-06-10 22:07:55,849 - INFO - ibkr.core.main_window - Subscription universe changed: 23 instruments (20 token-backed, +1/-0) sources={'positions': 20, 'charts': 2, 'header': 2}
2026-06-10 22:07:55,920 - INFO - chart_engine.core.ibkr_data_fetcher - Chart data fetch complete source=IBKR symbol=SIDU bars=346
2026-06-10 22:07:55,961 - INFO - chart_engine.drawings - Loaded state for SIDU (60minute) — 1 drawings
2026-06-10 22:07:55,969 - INFO - chart_engine.core.chart_widget - Chart seamlessly updated: SIDU (346 candles)
2026-06-10 22:08:05,104 - INFO - chart_engine.core.ibkr_data_fetcher - Chart data source=IBKR symbol=SIDU interval=60minute from=2026-04-21T12:38:05.104270-04:00 to=2026-06-10T12:38:05.104270-04:00 dedicated_history=True
2026-06-10 22:08:05,105 - INFO - chart_engine.core.ibkr_data_fetcher - Requesting IBKR historical data: SIDU conId=673368857 bar=30 mins duration=50 D end=latest
2026-06-10 22:08:06,618 - INFO - chart_engine.core.ibkr_data_fetcher - Chart data fetch complete source=IBKR symbol=SIDU bars=346
2026-06-10 22:08:06,779 - INFO - chart_engine.drawings - Loaded state for SIDU (60minute) — 1 drawings
2026-06-10 22:08:06,780 - INFO - chart_engine.drawings - Loaded global chart settings.
2026-06-10 22:08:06,781 - INFO - chart_engine.drawings - Saved global chart settings.
2026-06-10 22:08:06,789 - INFO - ibkr.core.main_window - Ensured subscription for chart symbol SIDU
2026-06-10 22:08:06,789 - INFO - chart_engine.core.chart_widget - Chart seamlessly updated: SIDU (346 candles)
2026-06-10 22:08:13,495 - INFO - chart_engine.drawings - Loaded state for SNDK (day) — 1 drawings
2026-06-10 22:08:13,501 - INFO - ibkr.core.main_window - Chart symbol changed to: SNDK
2026-06-10 22:08:13,501 - INFO - ibkr.core.main_window - Added chart symbol SNDK to subscription
2026-06-10 22:08:13,502 - INFO - ibkr.core.main_window - Ensured subscription for chart symbol SNDK
2026-06-10 22:08:13,502 - INFO - chart_engine.core.chart_widget - Chart seamlessly updated: SNDK (276 candles)
2026-06-10 22:08:13,544 - INFO - chart_engine.drawings - Loaded state for SNDK (60minute) — 1 drawings
2026-06-10 22:08:13,565 - INFO - chart_engine.core.chart_widget - Chart seamlessly updated: SNDK (346 candles)
2026-06-10 22:08:13,922 - INFO - ibkr.core.main_window - Subscription universe changed: 23 instruments (20 token-backed, +1/-1) sources={'positions': 20, 'charts': 2, 'header': 2}
2026-06-10 22:08:15,177 - INFO - chart_engine.core.ibkr_data_fetcher - Chart data source=IBKR symbol=SPRC interval=day from=2025-05-06T12:38:15.176807-04:00 to=2026-06-10T12:38:15.176807-04:00 dedicated_history=True
2026-06-10 22:08:15,253 - INFO - chart_engine.core.ibkr_data_fetcher - Chart data source=IBKR symbol=SPRC interval=60minute from=2026-04-21T12:38:15.253427-04:00 to=2026-06-10T12:38:15.253427-04:00 dedicated_history=True
2026-06-10 22:08:15,945 - INFO - chart_engine.core.ibkr_data_fetcher - Requesting IBKR historical data: SPRC conId=860471331 bar=1 day duration=2 Y end=latest
2026-06-10 22:08:16,251 - INFO - chart_engine.core.ibkr_data_fetcher - Requesting IBKR historical data: SPRC conId=860471331 bar=30 mins duration=50 D end=latest
2026-06-10 22:08:18,132 - INFO - chart_engine.core.ibkr_data_fetcher - Chart data fetch complete source=IBKR symbol=SPRC bars=345
2026-06-10 22:08:18,175 - INFO - chart_engine.drawings - Loaded state for SPRC (60minute) — 1 drawings
2026-06-10 22:08:18,190 - INFO - ibkr.core.main_window - Ensured subscription for chart symbol SPRC
2026-06-10 22:08:18,192 - INFO - chart_engine.core.chart_widget - Chart seamlessly updated: SPRC (345 candles)
2026-06-10 22:08:18,835 - INFO - chart_engine.core.ibkr_data_fetcher - Chart data fetch complete source=IBKR symbol=SPRC bars=276
2026-06-10 22:08:18,987 - INFO - chart_engine.drawings - Loaded state for SPRC (day) — 1 drawings
2026-06-10 22:08:18,995 - INFO - ibkr.core.main_window - Chart symbol changed to: SPRC
2026-06-10 22:08:18,995 - INFO - ibkr.core.main_window - Added chart symbol SPRC to subscription
2026-06-10 22:08:18,997 - INFO - chart_engine.core.chart_widget - Chart seamlessly updated: SPRC (276 candles)
2026-06-10 22:08:21,174 - INFO - chart_engine.core.ibkr_data_fetcher - Chart data source=IBKR symbol=TACT interval=day from=2025-05-06T12:38:21.173971-04:00 to=2026-06-10T12:38:21.173971-04:00 dedicated_history=True
2026-06-10 22:08:21,314 - INFO - chart_engine.core.ibkr_data_fetcher - Chart data source=IBKR symbol=TACT interval=60minute from=2026-04-21T12:38:21.313800-04:00 to=2026-06-10T12:38:21.313800-04:00 dedicated_history=True
2026-06-10 22:08:21,467 - INFO - chart_engine.core.ibkr_data_fetcher - Requesting IBKR historical data: TACT conId=6858145 bar=1 day duration=2 Y end=latest
2026-06-10 22:08:21,783 - INFO - chart_engine.core.ibkr_data_fetcher - Requesting IBKR historical data: TACT conId=6858145 bar=30 mins duration=50 D end=latest
2026-06-10 22:08:23,322 - INFO - chart_engine.core.ibkr_data_fetcher - Chart data fetch complete source=IBKR symbol=TACT bars=276
2026-06-10 22:08:23,425 - INFO - chart_engine.drawings - Loaded state for TACT (day) — 1 drawings
2026-06-10 22:08:23,431 - INFO - ibkr.core.main_window - Chart symbol changed to: TACT
2026-06-10 22:08:23,433 - INFO - ibkr.core.main_window - Added chart symbol TACT to subscription
2026-06-10 22:08:23,434 - INFO - ibkr.core.main_window - Ensured subscription for chart symbol TACT
2026-06-10 22:08:23,434 - INFO - chart_engine.core.chart_widget - Chart seamlessly updated: TACT (276 candles)
2026-06-10 22:08:23,886 - INFO - chart_engine.core.ibkr_data_fetcher - Chart data fetch complete source=IBKR symbol=TACT bars=343
2026-06-10 22:08:23,950 - INFO - chart_engine.drawings - Loaded state for TACT (60minute) — 1 drawings
2026-06-10 22:08:23,957 - INFO - chart_engine.core.chart_widget - Chart seamlessly updated: TACT (343 candles)
2026-06-10 22:08:26,165 - INFO - ibkr.widgets.scanner_table - EOD Scan completed: 3151 symbols with complete data
2026-06-10 22:08:36,622 - INFO - ibkr.widgets.scanner_table - EOD Scanner table updated with 3151 symbols.
2026-06-10 22:08:38,615 - INFO - chart_engine.core.ibkr_data_fetcher - Chart data source=IBKR symbol=ALOY interval=day from=2025-05-06T12:38:38.614517-04:00 to=2026-06-10T12:38:38.614517-04:00 dedicated_history=True
2026-06-10 22:08:38,616 - INFO - chart_engine.core.ibkr_data_fetcher - Requesting IBKR historical data: ALOY conId=858150318 bar=1 day duration=2 Y end=latest
2026-06-10 22:08:38,629 - INFO - chart_engine.core.ibkr_data_fetcher - Chart data source=IBKR symbol=ALOY interval=60minute from=2026-04-21T12:38:38.629589-04:00 to=2026-06-10T12:38:38.629589-04:00 dedicated_history=True
2026-06-10 22:08:38,634 - INFO - chart_engine.core.ibkr_data_fetcher - Requesting IBKR historical data: ALOY conId=858150318 bar=30 mins duration=50 D end=latest
2026-06-10 22:08:40,792 - INFO - chart_engine.core.ibkr_data_fetcher - Chart data fetch complete source=IBKR symbol=ALOY bars=346
2026-06-10 22:08:40,828 - INFO - chart_engine.core.ibkr_data_fetcher - Chart data fetch complete source=IBKR symbol=ALOY bars=276
2026-06-10 22:08:40,898 - INFO - chart_engine.drawings - Loaded global chart settings.
2026-06-10 22:08:40,899 - INFO - chart_engine.drawings - Saved global chart settings.
2026-06-10 22:08:40,905 - INFO - ibkr.core.main_window - Ensured subscription for chart symbol ALOY
2026-06-10 22:08:40,906 - INFO - chart_engine.core.chart_widget - Chart seamlessly updated: ALOY (346 candles)
2026-06-10 22:08:40,953 - INFO - ibkr.core.main_window - Chart symbol changed to: ALOY
2026-06-10 22:08:40,954 - INFO - ibkr.core.main_window - Added chart symbol ALOY to subscription
2026-06-10 22:08:40,954 - INFO - chart_engine.core.chart_widget - Chart seamlessly updated: ALOY (276 candles)
2026-06-10 22:08:41,240 - INFO - ibkr.core.market_data_worker - Subscribed IBKR market data: ALOY key=858150318 type=delayed
2026-06-10 22:08:41,281 - INFO - ibkr.core.main_window - Subscription universe changed: 23 instruments (20 token-backed, +1/-1) sources={'positions': 20, 'charts': 2, 'header': 2}
2026-06-10 22:08:41,761 - WARNING - ibkr.core.market_data_worker - IBKR market data notice for ALOY: Requested market data is not subscribed. Displaying delayed market data. (10167)
2026-06-10 22:08:47,831 - INFO - ibkr.widgets.scanner_table - Running EOD Finviz scan: Semiconductors
2026-06-10 22:08:50,138 - INFO - ibkr.widgets.scanner_table - EOD Scan completed: 26 symbols with complete data
2026-06-10 22:08:50,244 - INFO - ibkr.widgets.scanner_table - EOD Scanner table updated with 26 symbols.
2026-06-10 22:08:53,975 - INFO - chart_engine.core.ibkr_data_fetcher - Chart data source=IBKR symbol=AMBQ interval=day from=2025-05-06T12:38:53.975425-04:00 to=2026-06-10T12:38:53.975425-04:00 dedicated_history=True
2026-06-10 22:08:53,977 - INFO - chart_engine.core.ibkr_data_fetcher - Requesting IBKR historical data: AMBQ conId=802476467 bar=1 day duration=2 Y end=latest
2026-06-10 22:08:53,988 - INFO - chart_engine.core.ibkr_data_fetcher - Chart data source=IBKR symbol=AMBQ interval=60minute from=2026-04-21T12:38:53.988059-04:00 to=2026-06-10T12:38:53.988059-04:00 dedicated_history=True
2026-06-10 22:08:53,989 - INFO - chart_engine.core.ibkr_data_fetcher - Requesting IBKR historical data: AMBQ conId=802476467 bar=30 mins duration=50 D end=latest
2026-06-10 22:08:56,225 - INFO - chart_engine.core.ibkr_data_fetcher - Chart data fetch complete source=IBKR symbol=AMBQ bars=346
2026-06-10 22:08:56,268 - INFO - chart_engine.drawings - Loaded global chart settings.
2026-06-10 22:08:56,269 - INFO - chart_engine.drawings - Saved global chart settings.
2026-06-10 22:08:56,273 - INFO - ibkr.core.main_window - Ensured subscription for chart symbol AMBQ
2026-06-10 22:08:56,274 - INFO - chart_engine.core.chart_widget - Chart seamlessly updated: AMBQ (346 candles)
2026-06-10 22:08:56,607 - INFO - ibkr.core.market_data_worker - Subscribed IBKR market data: AMBQ key=802476467 type=delayed
2026-06-10 22:08:56,614 - INFO - ibkr.core.main_window - Subscription universe changed: 23 instruments (20 token-backed, +1/-1) sources={'positions': 20, 'charts': 2, 'header': 2}
2026-06-10 22:08:56,763 - INFO - chart_engine.core.ibkr_data_fetcher - Chart data fetch complete source=IBKR symbol=AMBQ bars=218
2026-06-10 22:08:56,925 - INFO - ibkr.core.main_window - Chart symbol changed to: AMBQ
2026-06-10 22:08:56,925 - INFO - ibkr.core.main_window - Added chart symbol AMBQ to subscription
2026-06-10 22:08:56,925 - INFO - chart_engine.core.chart_widget - Chart seamlessly updated: AMBQ (218 candles)
2026-06-10 22:08:57,144 - WARNING - ibkr.core.market_data_worker - IBKR market data notice for AMBQ: Requested market data is not subscribed. Displaying delayed market data. (10167)
2026-06-10 22:08:57,148 - INFO - ibkr.core.market_data_worker - Unsubscribed IBKR market data: ALOY
2026-06-10 22:08:57,154 - ERROR - ib_insync.wrapper - Error 300, reqId 285: Can't find EId with tickerId:285
2026-06-10 22:09:05,104 - INFO - chart_engine.core.ibkr_data_fetcher - Chart data source=IBKR symbol=AMBQ interval=60minute from=2026-04-21T12:39:05.104353-04:00 to=2026-06-10T12:39:05.104353-04:00 dedicated_history=True
2026-06-10 22:09:05,105 - INFO - chart_engine.core.ibkr_data_fetcher - Requesting IBKR historical data: AMBQ conId=802476467 bar=30 mins duration=50 D end=latest
2026-06-10 22:10:05,105 - INFO - chart_engine.core.ibkr_data_fetcher - Chart data source=IBKR symbol=AMBQ interval=60minute from=2026-04-21T12:40:05.104311-04:00 to=2026-06-10T12:40:05.104311-04:00 dedicated_history=True
2026-06-10 22:10:05,106 - INFO - chart_engine.core.ibkr_data_fetcher - Requesting IBKR historical data: AMBQ conId=802476467 bar=30 mins duration=50 D end=latest
2026-06-10 22:10:06,250 - INFO - chart_engine.core.ibkr_data_fetcher - Chart data fetch complete source=IBKR symbol=AMBQ bars=346
2026-06-10 22:10:06,312 - INFO - chart_engine.drawings - Loaded global chart settings.
2026-06-10 22:10:06,313 - INFO - chart_engine.drawings - Saved global chart settings.
2026-06-10 22:10:06,318 - INFO - ibkr.core.main_window - Ensured subscription for chart symbol AMBQ
2026-06-10 22:10:06,319 - INFO - chart_engine.core.chart_widget - Chart seamlessly updated: AMBQ (346 candles)
2026-06-10 22:10:33,414 - INFO - chart_engine.drawings - Saved global chart settings.
2026-06-10 22:10:33,606 - INFO - chart_engine.drawings - Loaded global chart settings.
2026-06-10 22:10:33,611 - INFO - ibkr.core.main_window - Chart symbol changed to: AMBQ
2026-06-10 22:10:33,611 - INFO - ibkr.core.main_window - Added chart symbol AMBQ to subscription
2026-06-10 22:10:33,612 - INFO - ibkr.core.main_window - Ensured subscription for chart symbol AMBQ
2026-06-10 22:10:33,613 - INFO - chart_engine.core.chart_widget - Chart seamlessly updated: AMBQ (218 candles)
2026-06-10 22:10:33,763 - INFO - chart_engine.core.chart_widget - Chart seamlessly updated: AMBQ (346 candles)
2026-06-10 22:10:56,354 - INFO - ibkr.core.main_window - Window state saved
2026-06-10 22:11:05,103 - INFO - chart_engine.core.ibkr_data_fetcher - Chart data source=IBKR symbol=AMBQ interval=60minute from=2026-04-21T12:41:05.103684-04:00 to=2026-06-10T12:41:05.103684-04:00 dedicated_history=True
2026-06-10 22:11:05,104 - INFO - chart_engine.core.ibkr_data_fetcher - Requesting IBKR historical data: AMBQ conId=802476467 bar=30 mins duration=50 D end=latest
2026-06-10 22:11:06,174 - INFO - chart_engine.core.ibkr_data_fetcher - Chart data fetch complete source=IBKR symbol=AMBQ bars=346
2026-06-10 22:11:06,224 - INFO - chart_engine.drawings - Loaded global chart settings.
2026-06-10 22:11:06,226 - INFO - chart_engine.drawings - Saved global chart settings.
2026-06-10 22:11:06,236 - INFO - ibkr.core.main_window - Ensured subscription for chart symbol AMBQ
2026-06-10 22:11:06,236 - INFO - chart_engine.core.chart_widget - Chart seamlessly updated: AMBQ (346 candles)
2026-06-10 22:11:26,178 - INFO - ibkr.core.main_window - Floating positions dialog opened
2026-06-10 22:11:30,969 - INFO - chart_engine.core.ibkr_data_fetcher - Chart data source=IBKR symbol=BAX interval=day from=2025-05-06T12:41:30.969058-04:00 to=2026-06-10T12:41:30.969058-04:00 dedicated_history=True
2026-06-10 22:11:30,982 - INFO - chart_engine.core.ibkr_data_fetcher - Chart data source=IBKR symbol=BAX interval=60minute from=2026-04-21T12:41:30.982307-04:00 to=2026-06-10T12:41:30.982307-04:00 dedicated_history=True
2026-06-10 22:11:30,987 - INFO - ibkr.core.main_window - Ensured subscription for chart symbol BAX
2026-06-10 22:11:31,263 - INFO - chart_engine.core.ibkr_data_fetcher - Requesting IBKR historical data: BAX conId=8111188 bar=1 day duration=2 Y end=latest
2026-06-10 22:11:31,325 - INFO - ibkr.core.main_window - Subscription universe changed: 23 instruments (20 token-backed, +1/-1) sources={'positions': 20, 'charts': 2, 'header': 2}
2026-06-10 22:11:31,349 - INFO - ibkr.core.market_data_worker - Unsubscribed IBKR market data: AMBQ
2026-06-10 22:11:31,351 - ERROR - ib_insync.wrapper - Error 300, reqId 321: Can't find EId with tickerId:321
2026-06-10 22:11:31,579 - INFO - chart_engine.core.ibkr_data_fetcher - Requesting IBKR historical data: BAX conId=8111188 bar=30 mins duration=50 D end=latest
2026-06-10 22:11:32,472 - INFO - chart_engine.core.ibkr_data_fetcher - Chart data fetch complete source=IBKR symbol=BAX bars=276
2026-06-10 22:11:32,530 - INFO - chart_engine.drawings - Loaded state for BAX (day) — 1 drawings
2026-06-10 22:11:32,530 - INFO - chart_engine.drawings - Loaded global chart settings.
2026-06-10 22:11:32,531 - INFO - chart_engine.drawings - Saved global chart settings.
2026-06-10 22:11:32,535 - INFO - ibkr.core.main_window - Chart symbol changed to: BAX
2026-06-10 22:11:32,535 - INFO - ibkr.core.main_window - Added chart symbol BAX to subscription
2026-06-10 22:11:32,536 - INFO - chart_engine.core.chart_widget - Chart seamlessly updated: BAX (276 candles)
2026-06-10 22:11:33,670 - INFO - chart_engine.core.ibkr_data_fetcher - Chart data fetch complete source=IBKR symbol=BAX bars=346
2026-06-10 22:11:33,732 - INFO - chart_engine.drawings - Loaded state for BAX (60minute) — 1 drawings
2026-06-10 22:11:33,738 - INFO - chart_engine.core.chart_widget - Chart seamlessly updated: BAX (346 candles)
2026-06-10 22:11:35,873 - INFO - ibkr.core.main_window - Added 1 widget market-data subscriptions (0 token-backed)
2026-06-10 22:11:35,876 - INFO - ibkr.core.chart_lines_manager - Updated stop-loss line for BAX @ 20.34
2026-06-10 22:11:35,879 - INFO - ibkr.core.stop_loss_manager - SL set: BAX @ $20.34 (FULL, 4.58% from avg $19.45)
2026-06-10 22:11:42,389 - INFO - chart_engine.drawings - Loaded state for BAX (60minute) — 2 drawings
2026-06-10 22:11:42,395 - INFO - chart_engine.drawings - Saved state for BAX (60minute) — 2 drawings
2026-06-10 22:11:42,832 - INFO - ibkr.core.chart_lines_manager - Updated stop-loss line for BAX @ 20.25
2026-06-10 22:11:42,834 - INFO - ibkr.core.stop_loss_manager - SL modified: BAX → $20.25
2026-06-10 22:11:42,851 - INFO - chart_engine.core.chart_bridge - ChartBridge: stop-loss price updated from chart: {"symbol":"BAX","old_price":20.34,"new_price":20.248437116530013}
2026-06-10 22:11:51,187 - INFO - ibkr.core.chart_lines_manager - Updated stop-loss line for BAX @ 20.31
2026-06-10 22:11:51,189 - INFO - ibkr.core.stop_loss_manager - SL modified: BAX → $20.31
2026-06-10 22:11:51,210 - INFO - chart_engine.core.chart_bridge - ChartBridge: stop-loss price updated from chart: {"symbol":"BAX","old_price":20.248437116530013,"new_price":20.309479038843335}
2026-06-10 22:12:05,104 - INFO - chart_engine.core.ibkr_data_fetcher - Chart data source=IBKR symbol=BAX interval=60minute from=2026-04-21T12:42:05.103847-04:00 to=2026-06-10T12:42:05.103847-04:00 dedicated_history=True
2026-06-10 22:12:05,104 - INFO - chart_engine.core.ibkr_data_fetcher - Requesting IBKR historical data: BAX conId=8111188 bar=30 mins duration=50 D end=latest
2026-06-10 22:12:06,287 - INFO - chart_engine.core.ibkr_data_fetcher - Chart data fetch complete source=IBKR symbol=BAX bars=346
2026-06-10 22:12:06,331 - INFO - chart_engine.drawings - Loaded state for BAX (60minute) — 2 drawings
2026-06-10 22:12:06,332 - INFO - chart_engine.drawings - Loaded global chart settings.
2026-06-10 22:12:06,332 - INFO - chart_engine.drawings - Saved global chart settings.
2026-06-10 22:12:06,337 - INFO - ibkr.core.main_window - Ensured subscription for chart symbol BAX
2026-06-10 22:12:06,337 - INFO - chart_engine.core.chart_widget - Chart seamlessly updated: BAX (346 candles)
2026-06-10 22:12:17,798 - INFO - chart_engine.drawings - Loaded global chart settings.
2026-06-10 22:12:17,799 - INFO - chart_engine.drawings - Saved global chart settings.
2026-06-10 22:12:17,800 - INFO - chart_engine.drawings - Loaded state for BAX (day) — 2 drawings
2026-06-10 22:12:17,805 - INFO - chart_engine.drawings - Saved state for BAX (day) — 2 drawings
2026-06-10 22:13:05,105 - INFO - chart_engine.core.ibkr_data_fetcher - Chart data source=IBKR symbol=BAX interval=60minute from=2026-04-21T12:43:05.105146-04:00 to=2026-06-10T12:43:05.105146-04:00 dedicated_history=True
2026-06-10 22:13:05,106 - INFO - chart_engine.core.ibkr_data_fetcher - Requesting IBKR historical data: BAX conId=8111188 bar=30 mins duration=50 D end=latest
2026-06-10 22:13:06,355 - INFO - chart_engine.core.ibkr_data_fetcher - Chart data fetch complete source=IBKR symbol=BAX bars=346
2026-06-10 22:13:06,404 - INFO - chart_engine.drawings - Loaded state for BAX (60minute) — 2 drawings
2026-06-10 22:13:06,405 - INFO - chart_engine.drawings - Loaded global chart settings.
2026-06-10 22:13:06,406 - INFO - chart_engine.drawings - Saved global chart settings.
2026-06-10 22:13:06,413 - INFO - ibkr.core.main_window - Ensured subscription for chart symbol BAX
2026-06-10 22:13:06,414 - INFO - chart_engine.core.chart_widget - Chart seamlessly updated: BAX (346 candles)
2026-06-10 22:13:49,508 - INFO - ibkr.core.alert_management_system - Alert added: BAX Price Crossed Down @ 20.48507131572268
2026-06-10 22:13:49,511 - INFO - ibkr.core.chart_lines_manager - Alert line drawn: BAX @ 20.49 (all intervals)
2026-06-10 22:13:49,515 - INFO - ibkr.core.alert_management_system - Restored lines for 1 active alert(s) across all timeframes
2026-06-10 22:13:49,516 - INFO - ibkr.core.alert_management_system - Alert created from chart: BAX Price Crossed Down @ 20.48507131572268
2026-06-10 22:14:03,878 - INFO - chart_engine.drawings - Loaded state for BAX (60minute) — 3 drawings
2026-06-10 22:14:03,884 - INFO - chart_engine.drawings - Saved state for BAX (60minute) — 3 drawings
2026-06-10 22:14:04,691 - INFO - chart_engine.core.chart_widget - CandlestickChart: alert price updated from chart: {"symbol":"BAX","old_price":20.48507131572268,"new_price":20.530852757457673}
2026-06-10 22:14:04,692 - INFO - ibkr.core.alert_management_system - Updating alert price: BAX 20.49 → 20.53
2026-06-10 22:14:04,695 - INFO - ibkr.core.chart_lines_manager - Removed alert line for BAX at 20.49
2026-06-10 22:14:04,710 - INFO - ibkr.core.alert_management_system - Alert price updated successfully: BAX → ₹20.53
2026-06-10 22:14:04,711 - INFO - chart_engine.core.chart_bridge - ChartBridge: alert price updated from chart: {"symbol":"BAX","old_price":20.48507131572268,"new_price":20.530852757457673}
2026-06-10 22:14:05,103 - INFO - chart_engine.core.ibkr_data_fetcher - Chart data source=IBKR symbol=BAX interval=60minute from=2026-04-21T12:44:05.103735-04:00 to=2026-06-10T12:44:05.103735-04:00 dedicated_history=True
2026-06-10 22:14:05,104 - INFO - chart_engine.core.ibkr_data_fetcher - Requesting IBKR historical data: BAX conId=8111188 bar=30 mins duration=50 D end=latest
2026-06-10 22:14:06,345 - INFO - chart_engine.core.ibkr_data_fetcher - Chart data fetch complete source=IBKR symbol=BAX bars=346
2026-06-10 22:14:06,395 - INFO - chart_engine.drawings - Loaded global chart settings.
2026-06-10 22:14:06,397 - INFO - chart_engine.drawings - Saved global chart settings.
2026-06-10 22:14:06,407 - INFO - ibkr.core.main_window - Ensured subscription for chart symbol BAX
2026-06-10 22:14:06,408 - INFO - chart_engine.core.chart_widget - Chart seamlessly updated: BAX (346 candles)
2026-06-10 22:14:16,402 - INFO - chart_engine.drawings - Loaded state for BAX (60minute) — 3 drawings
2026-06-10 22:14:16,406 - INFO - chart_engine.drawings - Saved state for BAX (60minute) — 3 drawings
2026-06-10 22:14:17,752 - INFO - chart_engine.core.chart_widget - CandlestickChart: alert price updated from chart: {"symbol":"BAX","old_price":20.530852757457673,"new_price":20.55211709963979}
2026-06-10 22:14:17,753 - INFO - ibkr.core.alert_management_system - Updating alert price: BAX 20.53 → 20.55
2026-06-10 22:14:17,758 - INFO - ibkr.core.chart_lines_manager - Removed alert line for BAX at 20.53
2026-06-10 22:14:17,780 - INFO - ibkr.core.alert_management_system - Alert price updated successfully: BAX → ₹20.55
2026-06-10 22:14:17,780 - INFO - chart_engine.core.chart_bridge - ChartBridge: alert price updated from chart: {"symbol":"BAX","old_price":20.530852757457673,"new_price":20.55211709963979}
2026-06-10 22:14:27,831 - INFO - chart_engine.drawings - Loaded global chart settings.
2026-06-10 22:14:27,833 - INFO - chart_engine.drawings - Saved global chart settings.
2026-06-10 22:14:27,837 - INFO - chart_engine.drawings - Loaded state for BAX (60minute) — 3 drawings
2026-06-10 22:14:27,841 - INFO - chart_engine.drawings - Saved state for BAX (60minute) — 3 drawings
2026-06-10 22:14:37,921 - INFO - ibkr.core.shutdown_manager - closeEvent received — beginning fast IBKR shutdown
2026-06-10 22:14:37,922 - INFO - ibkr.core.shutdown_manager - === Fast IBKR window-close shutdown starting ===
2026-06-10 22:14:37,922 - INFO - ibkr.core.shutdown_manager - Shutdown: [quiesce_background_activity]…
2026-06-10 22:14:37,923 - INFO - ibkr.core.shutdown_manager - Shutdown: [quiesce_background_activity] ✓
2026-06-10 22:14:37,925 - INFO - ibkr.core.shutdown_manager - Shutdown: [save_window_state]…
2026-06-10 22:14:37,927 - INFO - ibkr.core.main_window - Window state saved
2026-06-10 22:14:37,927 - INFO - ibkr.core.shutdown_manager - Shutdown: [save_window_state] ✓
2026-06-10 22:14:37,928 - INFO - ibkr.core.shutdown_manager - Shutdown: [save_chart_state]…
2026-06-10 22:14:37,945 - INFO - ibkr.core.shutdown_manager - Shutdown: [save_chart_state] ✓
2026-06-10 22:14:37,946 - INFO - ibkr.core.shutdown_manager - Shutdown: [stop_remaining_timers]…
2026-06-10 22:14:37,972 - INFO - ibkr.core.shutdown_manager - Shutdown: [stop_remaining_timers] ✓
2026-06-10 22:14:37,973 - INFO - ibkr.core.shutdown_manager - === Fast IBKR window-close shutdown complete ===
2026-06-10 22:14:37,976 - INFO - ib_insync.client - Disconnecting
2026-06-10 22:14:37,980 - INFO - ibkr.core.market_data_worker - IBKR MarketDataWorker stopped
2026-06-10 22:14:37,994 - INFO - __main__ - Shutting down and cleaning up resources...
2026-06-10 22:14:37,998 - INFO - __main__ - Skipping broker disconnect during fast window-close shutdown.
2026-06-10 22:14:37,999 - INFO - __main__ - Cleanup complete.
