2026-06-11 00:28:37,432 - INFO - login_setup.login_setup_config - qullamaggie v1.0.0 starting...
2026-06-11 00:28:37,432 - INFO - login_setup.login_setup_config - Logging to file: /home/kavi/Desktop/Python_Projects/swing_trader/logs/qullamaggie_20260611_002837.log
2026-06-11 00:28:37,432 - INFO - login_setup.login_setup_config - Fatal crash diagnostics enabled for all threads.
2026-06-11 00:28:37,433 - INFO - __main__ - 🚀 Starting qullamaggie Application...
2026-06-11 00:28:37,566 - INFO - __main__ - Application icon loaded from: /home/kavi/Desktop/Python_Projects/swing_trader/assets/qullamaggie_swing_trader_icon.svg
2026-06-11 00:28:39,578 - INFO - ib_insync.client - Connecting to 127.0.0.1:4002 with clientId 1...
2026-06-11 00:28:39,579 - INFO - ib_insync.client - Connected
2026-06-11 00:28:39,594 - INFO - ib_insync.client - Logged on to server version 176
2026-06-11 00:28:39,636 - INFO - ib_insync.client - API connection ready
2026-06-11 00:28:40,123 - INFO - __main__ - Authenticated for broker: america
2026-06-11 00:28:40,123 - INFO - __main__ - Initializing trading and data clients...
2026-06-11 00:28:40,123 - INFO - login_setup.broker_factory - Creating america client for live trading
2026-06-11 00:28:40,124 - INFO - login_setup.broker_factory - IBKR client created with accounts: ['DUQ624205']
2026-06-11 00:28:40,130 - INFO - ibkr.core.trading_client - Subscribed to IBKR real-time order events
2026-06-11 00:28:40,130 - INFO - ibkr.core.trading_client - IBKR trading client startup snapshots deferred; using local cache/event sync
2026-06-11 00:28:40,131 - INFO - __main__ - Trading client created; creating data client...
2026-06-11 00:28:40,131 - INFO - login_setup.broker_factory - Creating data client for america
2026-06-11 00:28:40,132 - INFO - __main__ - Data client created; validating connection state...
2026-06-11 00:28:40,132 - INFO - __main__ - Trading client connected: True
2026-06-11 00:28:40,133 - INFO - __main__ - Data client connected: True
2026-06-11 00:28:40,134 - INFO - __main__ - Clients initialized successfully.
2026-06-11 00:28:40,134 - INFO - login_setup.broker_factory - Added america client to manager
2026-06-11 00:28:40,135 - INFO - login_setup.broker_factory - Started connection monitoring for america
2026-06-11 00:28:40,135 - INFO - __main__ - Creating main window for america...
2026-06-11 00:28:40,135 - INFO - login_setup.broker_factory - Dynamically loading main window from: ibkr.core.main_window
2026-06-11 00:28:41,145 - INFO - ibkr.core.trade_logger - Trade history database for 'live' mode at: /home/kavi/.qullamaggie/trade_history_live.db
2026-06-11 00:28:41,146 - INFO - ibkr.core.trade_logger - TradeLogger initialized with background processing
2026-06-11 00:28:41,147 - INFO - ibkr.core.trade_logger - DatabaseWorker processing started
2026-06-11 00:28:41,150 - INFO - ibkr.core.trade_logger - Database initialization completed
2026-06-11 00:28:41,151 - INFO - ibkr.core.position_manager - ✅ Connected to trader.order_status_updated signal - orders will sync immediately
2026-06-11 00:28:41,152 - INFO - ibkr.core.position_manager - ✅ Connected to trader.position_updated signal - positions will sync immediately
2026-06-11 00:28:41,152 - INFO - ibkr.core.position_manager - ✅ Connected to trader.connection_status_changed signal
2026-06-11 00:28:41,217 - INFO - ibkr.widgets.scanner_table - Loaded 19 valid scan configurations
2026-06-11 00:28:41,240 - INFO - ibkr.widgets.scanner_table - Scanner table ready for context-aware navigation
2026-06-11 00:28:41,250 - INFO - chart_engine.drawings - Loaded global chart settings.
2026-06-11 00:28:41,616 - INFO - ibkr.core.data_cache - MarketAwareDataCache initialised for IBKR/US market time
2026-06-11 00:28:41,712 - INFO - chart_engine.drawings - Saved global chart settings.
2026-06-11 00:28:41,912 - INFO - ibkr.core.alert_management_system - Loaded 0 alerts from disk
2026-06-11 00:28:41,912 - INFO - ibkr.core.alert_management_system - AlertSystemManager ready
2026-06-11 00:28:41,913 - INFO - ibkr.core.main_window - Alert system initialized successfully.
2026-06-11 00:28:41,913 - INFO - ibkr.core.alert_management_system - AlertEngine started
2026-06-11 00:28:41,913 - INFO - ibkr.core.main_window - Connecting component signals...
2026-06-11 00:28:41,914 - INFO - ibkr.core.main_window - IBKR order lifecycle UI signals connected
2026-06-11 00:28:41,919 - INFO - ibkr.core.main_window - Keyboard shortcuts initialized
2026-06-11 00:28:42,047 - INFO - ibkr.core.main_window - Window state restored
2026-06-11 00:28:42,079 - INFO - ibkr.core.main_window - Applied startup chart timeframes: left=day, right=60minute
2026-06-11 00:28:42,080 - INFO - ibkr.core.main_window - Simplified qullamaggie Window with Status Bar Initialized Successfully.
2026-06-11 00:28:42,080 - INFO - __main__ - Main window created successfully.
2026-06-11 00:28:42,166 - INFO - __main__ - Starting application event loop.
2026-06-11 00:28:42,683 - INFO - ibkr.core.main_window - Starting deferred IBKR post-show workers
2026-06-11 00:28:42,683 - INFO - chart_engine.core.ibkr_data_fetcher - Pre-warming dedicated IBKR history connection...
2026-06-11 00:28:42,687 - INFO - ib_insync.client - Connecting to 127.0.0.1:4002 with clientId 102...
2026-06-11 00:28:42,693 - INFO - ib_insync.client - Connecting to 127.0.0.1:4002 with clientId 101...
2026-06-11 00:28:42,738 - INFO - ibkr.core.main_window - IBKR loader: Building initial instrument list...
2026-06-11 00:28:43,289 - INFO - ibkr.core.main_window - Successfully loaded 398 instruments.
2026-06-11 00:28:43,291 - INFO - ibkr.widgets.header_toolbar - Search index ready: 398 instruments
2026-06-11 00:28:43,307 - INFO - ibkr.core.main_window - Instruments loaded successfully.
2026-06-11 00:28:43,309 - INFO - ibkr.core.main_window - IBKR loader: Loaded 181 symbols (qualifying in background...)
2026-06-11 00:28:43,353 - INFO - ibkr.widgets.scanner_table - Running EOD Finviz scan: Computer Hardware
2026-06-11 00:28:43,390 - INFO - ibkr.core.main_window - Added 2 widget market-data subscriptions (2 token-backed)
2026-06-11 00:28:43,392 - INFO - ibkr.core.chart_lines_manager - Removed stop-loss line for AMCX
2026-06-11 00:28:43,393 - INFO - ibkr.core.chart_lines_manager - Removed stop-loss line for BAX
2026-06-11 00:28:43,394 - INFO - ibkr.core.chart_lines_manager - Removed position line for TACT
2026-06-11 00:28:43,395 - INFO - ibkr.core.chart_lines_manager - Removed position line for HPQ
2026-06-11 00:28:43,396 - INFO - ibkr.core.chart_lines_manager - Removed position line for SNDK
2026-06-11 00:28:43,397 - INFO - ibkr.core.position_manager - Position table changed: 2 open positions | open MTM -12.50 | realized 0.00
2026-06-11 00:28:43,704 - INFO - ibkr.core.main_window - Subscription universe changed: 5 instruments (2 token-backed, +5/-0) sources={'positions': 2, 'watchlist': 1, 'header': 2}
2026-06-11 00:28:43,898 - INFO - chart_engine.core.ibkr_data_fetcher - IBKR chart history connected on 127.0.0.1:4002 clientId=102
2026-06-11 00:28:44,081 - INFO - ibkr.core.market_data_worker - Dedicated IBKR market-data connection established on 127.0.0.1:4002 clientId=101
2026-06-11 00:28:44,082 - INFO - ibkr.core.market_data_worker - IBKR MarketDataWorker started
2026-06-11 00:28:44,082 - WARNING - ibkr.core.main_window - IBKR market data is delayed (delayed); live subscription is unavailable.
2026-06-11 00:28:44,095 - INFO - ibkr.core.market_data_worker - Requested IBKR delayed market data type (3); delayed fallback=False; generic ticks=''
2026-06-11 00:28:44,097 - INFO - ibkr.core.main_window - WebSocket connected. Setting up subscriptions.
2026-06-11 00:28:44,097 - INFO - ibkr.core.stop_loss_manager - Stop-loss opening-gap check enabled after market-data worker connection
2026-06-11 00:28:44,107 - INFO - ibkr.core.position_manager - Fetching positions from broker - Reason: ibkr_connected
2026-06-11 00:28:44,254 - INFO - ibkr.core.position_manager - Fetching positions from broker - Reason: instruments_loaded
2026-06-11 00:28:44,275 - INFO - ibkr.core.main_window - Chart auto-loading initiated
2026-06-11 00:28:44,309 - INFO - ibkr.core.main_window - Auto-loading startup chart symbol: AMCX
2026-06-11 00:28:44,368 - INFO - chart_engine.core.ibkr_data_fetcher - Chart data source=IBKR symbol=AMCX interval=day from=2026-03-02T14:58:44.368253-05:00 to=2026-06-10T14:58:44.368253-04:00 dedicated_history=True
2026-06-11 00:28:44,383 - INFO - chart_engine.core.ibkr_data_fetcher - Chart data source=IBKR symbol=AMCX interval=60minute from=2026-04-21T14:58:44.383391-04:00 to=2026-06-10T14:58:44.383391-04:00 dedicated_history=True
2026-06-11 00:28:44,384 - INFO - chart_engine.core.ibkr_data_fetcher - Requesting IBKR historical data: AMCX conId=89520835 bar=30 mins duration=50 D end=latest
2026-06-11 00:28:44,603 - INFO - ibkr.core.position_manager - Fetching positions from broker - Reason: app_startup
2026-06-11 00:28:44,614 - INFO - ibkr.core.main_window - Position system initialized successfully
2026-06-11 00:28:44,660 - INFO - ibkr.core.market_data_worker - Subscribed IBKR market data: SPY key=756733 type=delayed
2026-06-11 00:28:44,660 - INFO - ibkr.core.market_data_worker - Subscribed IBKR market data: QQQ key=320227571 type=delayed
2026-06-11 00:28:44,905 - INFO - chart_engine.core.ibkr_data_fetcher - Requesting IBKR historical data: AMCX conId=89520835 bar=1 day duration=100 D end=latest
2026-06-11 00:28:44,924 - INFO - ibkr.widgets.scanner_table - EOD Scan completed: 16 symbols with complete data
2026-06-11 00:28:44,991 - INFO - ibkr.widgets.scanner_table - EOD Scanner table updated with 16 symbols.
2026-06-11 00:28:45,106 - INFO - ibkr.core.network_monitor - NetworkMonitor started
2026-06-11 00:28:45,106 - INFO - ibkr.core.main_window - Network resilience layer initialized
2026-06-11 00:28:45,211 - WARNING - ibkr.core.market_data_worker - IBKR market data notice for SPY: Requested market data is not subscribed. Displaying delayed market data. (10167)
2026-06-11 00:28:45,530 - WARNING - ibkr.core.market_data_worker - IBKR market data notice for QQQ: Requested market data is not subscribed. Displaying delayed market data. (10167)
2026-06-11 00:28:45,602 - INFO - chart_engine.core.ibkr_data_fetcher - Chart data fetch complete source=IBKR symbol=AMCX bars=349
2026-06-11 00:28:45,666 - INFO - chart_engine.drawings - Loaded state for AMCX (60minute) — 1 drawings
2026-06-11 00:28:45,735 - INFO - ibkr.core.main_window - Chart panes revealed after initial symbol render: AMCX
2026-06-11 00:28:45,735 - INFO - ibkr.core.main_window - Ensured subscription for chart symbol AMCX
2026-06-11 00:28:45,736 - INFO - chart_engine.core.chart_widget - Chart HTML loaded: AMCX (349 candles)
2026-06-11 00:28:45,860 - INFO - chart_engine.core.ibkr_data_fetcher - Chart data fetch complete source=IBKR symbol=AMCX bars=71
2026-06-11 00:28:45,915 - INFO - chart_engine.drawings - Loaded state for AMCX (day) — 1 drawings
2026-06-11 00:28:45,949 - INFO - ibkr.core.main_window - Chart symbol changed to: AMCX
2026-06-11 00:28:45,950 - INFO - ibkr.core.main_window - Added chart symbol AMCX to subscription
2026-06-11 00:28:45,951 - INFO - chart_engine.core.chart_widget - Chart HTML loaded: AMCX (71 candles)
2026-06-11 00:28:46,085 - INFO - ibkr.core.network_monitor - Network confirmed online at startup
2026-06-11 00:28:46,514 - INFO - ibkr.core.market_data_worker - Subscribed IBKR market data: BAX key=8111188 type=delayed
2026-06-11 00:28:46,515 - INFO - ibkr.core.market_data_worker - Subscribed IBKR market data: AMCX key=89520835 type=delayed
2026-06-11 00:28:47,127 - WARNING - ibkr.core.market_data_worker - IBKR market data notice for BAX: Requested market data is not subscribed. Displaying delayed market data. (10167)
2026-06-11 00:28:47,129 - WARNING - ibkr.core.market_data_worker - IBKR market data notice for AMCX: Requested market data is not subscribed. Displaying delayed market data. (10167)
2026-06-11 00:29:04,106 - INFO - chart_engine.core.ibkr_data_fetcher - Chart data source=IBKR symbol=AMCX interval=60minute from=2026-04-21T14:59:04.106065-04:00 to=2026-06-10T14:59:04.106065-04:00 dedicated_history=True
2026-06-11 00:29:04,111 - INFO - chart_engine.core.ibkr_data_fetcher - Requesting IBKR historical data: AMCX conId=89520835 bar=30 mins duration=50 D end=latest
2026-06-11 00:29:05,144 - INFO - chart_engine.core.ibkr_data_fetcher - Chart data fetch complete source=IBKR symbol=AMCX bars=349
2026-06-11 00:29:05,198 - INFO - chart_engine.drawings - Loaded state for AMCX (60minute) — 1 drawings
2026-06-11 00:29:05,199 - INFO - chart_engine.drawings - Loaded global chart settings.
2026-06-11 00:29:05,200 - INFO - chart_engine.drawings - Saved global chart settings.
2026-06-11 00:29:05,208 - INFO - ibkr.core.main_window - Ensured subscription for chart symbol AMCX
2026-06-11 00:29:05,208 - INFO - chart_engine.core.chart_widget - Chart seamlessly updated: AMCX (349 candles)
2026-06-11 00:29:16,816 - INFO - ibkr.widgets.scanner_table - Saved 19 scans to /home/kavi/.qullamaggie/storage/user_data/ibkr/live/finviz_scans.json
2026-06-11 00:29:16,828 - INFO - ibkr.widgets.scanner_table - Scans saved successfully. 19 scans available.
2026-06-11 00:29:22,309 - INFO - ibkr.widgets.scanner_table - Running EOD Finviz scan: Computer Hardware
2026-06-11 00:29:23,528 - INFO - ibkr.widgets.scanner_table - EOD Scan completed: 16 symbols with complete data
2026-06-11 00:29:23,612 - INFO - ibkr.widgets.scanner_table - EOD Scanner table updated with 16 symbols.
2026-06-11 00:29:25,401 - INFO - chart_engine.core.ibkr_data_fetcher - Chart data source=IBKR symbol=KTCC interval=day from=2026-03-02T14:59:25.401757-05:00 to=2026-06-10T14:59:25.401757-04:00 dedicated_history=True
2026-06-11 00:29:25,402 - INFO - chart_engine.core.ibkr_data_fetcher - Requesting IBKR historical data: KTCC conId=271042 bar=1 day duration=100 D end=latest
2026-06-11 00:29:25,418 - INFO - chart_engine.core.ibkr_data_fetcher - Chart data source=IBKR symbol=KTCC interval=60minute from=2026-04-21T14:59:25.418742-04:00 to=2026-06-10T14:59:25.418742-04:00 dedicated_history=True
2026-06-11 00:29:25,419 - INFO - chart_engine.core.ibkr_data_fetcher - Requesting IBKR historical data: KTCC conId=271042 bar=30 mins duration=50 D end=latest
2026-06-11 00:29:26,648 - INFO - chart_engine.core.ibkr_data_fetcher - Chart data fetch complete source=IBKR symbol=KTCC bars=71
2026-06-11 00:29:26,721 - INFO - chart_engine.drawings - Loaded global chart settings.
2026-06-11 00:29:26,723 - INFO - chart_engine.drawings - Saved global chart settings.
2026-06-11 00:29:26,726 - INFO - ibkr.core.main_window - Chart symbol changed to: KTCC
2026-06-11 00:29:26,727 - INFO - ibkr.core.main_window - Added chart symbol KTCC to subscription
2026-06-11 00:29:26,727 - INFO - ibkr.core.main_window - Ensured subscription for chart symbol KTCC
2026-06-11 00:29:26,728 - INFO - chart_engine.core.chart_widget - Chart seamlessly updated: KTCC (71 candles)
2026-06-11 00:29:27,015 - INFO - ibkr.core.main_window - Subscription universe changed: 6 instruments (2 token-backed, +1/-0) sources={'positions': 2, 'charts': 2, 'watchlist': 1, 'header': 2}
2026-06-11 00:29:27,031 - INFO - ibkr.core.market_data_worker - Subscribed IBKR market data: KTCC key=271042 type=delayed
2026-06-11 00:29:27,277 - INFO - chart_engine.core.ibkr_data_fetcher - Chart data fetch complete source=IBKR symbol=KTCC bars=331
2026-06-11 00:29:27,322 - INFO - chart_engine.core.chart_widget - Chart seamlessly updated: KTCC (331 candles)
2026-06-11 00:29:27,599 - WARNING - ibkr.core.market_data_worker - IBKR market data notice for KTCC: Requested market data is not subscribed. Displaying delayed market data. (10167)
2026-06-11 00:29:42,103 - INFO - ibkr.core.data_cache - US market-open cache flush complete; intraday entries cleared
2026-06-11 00:29:44,000 - INFO - ibkr.widgets.scanner_table - Running EOD Finviz scan: Semiconductor Equips
2026-06-11 00:29:45,401 - INFO - ibkr.widgets.scanner_table - EOD Scan completed: 8 symbols with complete data
2026-06-11 00:29:45,453 - INFO - ibkr.widgets.scanner_table - EOD Scanner table updated with 8 symbols.
2026-06-11 00:29:47,355 - INFO - chart_engine.core.ibkr_data_fetcher - Chart data source=IBKR symbol=SMTK interval=day from=2026-03-02T14:59:47.353889-05:00 to=2026-06-10T14:59:47.353889-04:00 dedicated_history=True
2026-06-11 00:29:47,356 - INFO - chart_engine.core.ibkr_data_fetcher - Requesting IBKR historical data: SMTK conId=655618227 bar=1 day duration=100 D end=latest
2026-06-11 00:29:47,367 - INFO - chart_engine.core.ibkr_data_fetcher - Chart data source=IBKR symbol=SMTK interval=60minute from=2026-04-21T14:59:47.367502-04:00 to=2026-06-10T14:59:47.367502-04:00 dedicated_history=True
2026-06-11 00:29:47,371 - INFO - chart_engine.core.ibkr_data_fetcher - Requesting IBKR historical data: SMTK conId=655618227 bar=30 mins duration=50 D end=latest
2026-06-11 00:29:48,603 - INFO - chart_engine.core.ibkr_data_fetcher - Chart data fetch complete source=IBKR symbol=SMTK bars=71
2026-06-11 00:29:48,689 - INFO - chart_engine.drawings - Loaded global chart settings.
2026-06-11 00:29:48,691 - INFO - chart_engine.drawings - Saved global chart settings.
2026-06-11 00:29:48,694 - INFO - ibkr.core.main_window - Chart symbol changed to: SMTK
2026-06-11 00:29:48,694 - INFO - ibkr.core.main_window - Added chart symbol SMTK to subscription
2026-06-11 00:29:48,695 - INFO - ibkr.core.main_window - Ensured subscription for chart symbol SMTK
2026-06-11 00:29:48,695 - INFO - chart_engine.core.chart_widget - Chart seamlessly updated: SMTK (71 candles)
2026-06-11 00:29:49,006 - INFO - ibkr.core.main_window - Subscription universe changed: 6 instruments (2 token-backed, +1/-1) sources={'positions': 2, 'charts': 2, 'watchlist': 1, 'header': 2}
2026-06-11 00:29:49,021 - INFO - ibkr.core.market_data_worker - Subscribed IBKR market data: SMTK key=655618227 type=delayed
2026-06-11 00:29:49,460 - WARNING - ibkr.core.market_data_worker - IBKR market data notice for SMTK: Requested market data is not subscribed. Displaying delayed market data. (10167)
2026-06-11 00:29:49,659 - INFO - chart_engine.core.ibkr_data_fetcher - Chart data fetch complete source=IBKR symbol=SMTK bars=349
2026-06-11 00:29:49,740 - INFO - chart_engine.core.chart_widget - Chart seamlessly updated: SMTK (349 candles)
2026-06-11 00:29:50,131 - INFO - ibkr.core.market_data_worker - Unsubscribed IBKR market data: KTCC
2026-06-11 00:29:50,231 - ERROR - ib_insync.wrapper - Error 300, reqId 34: Can't find EId with tickerId:34
2026-06-11 00:29:56,171 - INFO - chart_engine.core.ibkr_data_fetcher - Chart data source=IBKR symbol=COHU interval=day from=2026-03-02T14:59:56.171823-05:00 to=2026-06-10T14:59:56.171823-04:00 dedicated_history=True
2026-06-11 00:29:56,173 - INFO - chart_engine.core.ibkr_data_fetcher - Requesting IBKR historical data: COHU conId=4728453 bar=1 day duration=100 D end=latest
2026-06-11 00:29:56,186 - INFO - chart_engine.core.ibkr_data_fetcher - Chart data source=IBKR symbol=COHU interval=60minute from=2026-04-21T14:59:56.186707-04:00 to=2026-06-10T14:59:56.186707-04:00 dedicated_history=True
2026-06-11 00:29:56,187 - INFO - chart_engine.core.ibkr_data_fetcher - Requesting IBKR historical data: COHU conId=4728453 bar=30 mins duration=50 D end=latest
2026-06-11 00:29:57,440 - INFO - chart_engine.core.ibkr_data_fetcher - Chart data fetch complete source=IBKR symbol=COHU bars=71
2026-06-11 00:29:57,519 - INFO - ibkr.core.main_window - Chart symbol changed to: COHU
2026-06-11 00:29:57,520 - INFO - ibkr.core.main_window - Added chart symbol COHU to subscription
2026-06-11 00:29:57,520 - INFO - ibkr.core.main_window - Ensured subscription for chart symbol COHU
2026-06-11 00:29:57,520 - INFO - chart_engine.core.chart_widget - Chart seamlessly updated: COHU (71 candles)
2026-06-11 00:29:57,820 - INFO - ibkr.core.market_data_worker - Subscribed IBKR market data: COHU key=4728453 type=delayed
2026-06-11 00:29:58,161 - WARNING - ibkr.core.market_data_worker - IBKR market data notice for COHU: Requested market data is not subscribed. Displaying delayed market data. (10167)
2026-06-11 00:29:58,282 - INFO - chart_engine.core.ibkr_data_fetcher - Chart data fetch complete source=IBKR symbol=COHU bars=349
2026-06-11 00:29:58,331 - INFO - chart_engine.core.chart_widget - Chart seamlessly updated: COHU (349 candles)
2026-06-11 00:29:58,989 - INFO - ibkr.core.market_data_worker - Unsubscribed IBKR market data: SMTK
2026-06-11 00:29:59,089 - ERROR - ib_insync.wrapper - Error 300, reqId 45: Can't find EId with tickerId:45
2026-06-11 00:30:05,104 - INFO - chart_engine.core.ibkr_data_fetcher - Chart data source=IBKR symbol=COHU interval=60minute from=2026-04-21T15:00:05.104002-04:00 to=2026-06-10T15:00:05.104002-04:00 dedicated_history=True
2026-06-11 00:30:05,482 - INFO - ibkr.widgets.scanner_table - Running EOD Finviz scan: Auto Parts
2026-06-11 00:30:07,508 - INFO - ibkr.widgets.scanner_table - EOD Scan completed: 20 symbols with complete data
2026-06-11 00:30:07,589 - INFO - ibkr.widgets.scanner_table - EOD Scanner table updated with 20 symbols.
2026-06-11 00:30:11,291 - INFO - chart_engine.core.ibkr_data_fetcher - Chart data source=IBKR symbol=INEO interval=day from=2026-03-02T15:00:11.290997-05:00 to=2026-06-10T15:00:11.290997-04:00 dedicated_history=True
2026-06-11 00:30:11,291 - INFO - chart_engine.core.ibkr_data_fetcher - Requesting IBKR historical data: INEO conId=736726751 bar=1 day duration=100 D end=latest
2026-06-11 00:30:11,303 - INFO - chart_engine.core.ibkr_data_fetcher - Chart data source=IBKR symbol=INEO interval=60minute from=2026-04-21T15:00:11.303463-04:00 to=2026-06-10T15:00:11.303463-04:00 dedicated_history=True
2026-06-11 00:30:11,307 - INFO - chart_engine.core.ibkr_data_fetcher - Requesting IBKR historical data: INEO conId=736726751 bar=30 mins duration=50 D end=latest
2026-06-11 00:30:12,461 - INFO - chart_engine.core.ibkr_data_fetcher - Chart data fetch complete source=IBKR symbol=INEO bars=71
2026-06-11 00:30:12,516 - INFO - ibkr.core.main_window - Chart symbol changed to: INEO
2026-06-11 00:30:12,516 - INFO - ibkr.core.main_window - Added chart symbol INEO to subscription
2026-06-11 00:30:12,517 - INFO - ibkr.core.main_window - Ensured subscription for chart symbol INEO
2026-06-11 00:30:12,517 - INFO - chart_engine.core.chart_widget - Chart seamlessly updated: INEO (71 candles)
2026-06-11 00:30:12,806 - INFO - ibkr.core.main_window - Subscription universe changed: 6 instruments (2 token-backed, +1/-1) sources={'positions': 2, 'charts': 2, 'watchlist': 1, 'header': 2}
2026-06-11 00:30:12,848 - INFO - ibkr.core.market_data_worker - Subscribed IBKR market data: INEO key=736726751 type=delayed
2026-06-11 00:30:13,204 - WARNING - ibkr.core.market_data_worker - IBKR market data notice for INEO: Requested market data is not subscribed. Displaying delayed market data. (10167)
2026-06-11 00:30:13,248 - INFO - chart_engine.core.ibkr_data_fetcher - Chart data fetch complete source=IBKR symbol=INEO bars=349
2026-06-11 00:30:13,298 - INFO - chart_engine.core.chart_widget - Chart seamlessly updated: INEO (349 candles)
2026-06-11 00:30:14,025 - INFO - ibkr.core.market_data_worker - Unsubscribed IBKR market data: COHU
2026-06-11 00:30:14,125 - ERROR - ib_insync.wrapper - Error 300, reqId 57: Can't find EId with tickerId:57
2026-06-11 00:30:14,171 - INFO - chart_engine.core.ibkr_data_fetcher - Chart data source=IBKR symbol=HYLN interval=day from=2026-03-02T15:00:14.171511-05:00 to=2026-06-10T15:00:14.171511-04:00 dedicated_history=True
2026-06-11 00:30:14,173 - INFO - chart_engine.core.ibkr_data_fetcher - Requesting IBKR historical data: HYLN conId=447913962 bar=1 day duration=100 D end=latest
2026-06-11 00:30:14,180 - INFO - chart_engine.core.ibkr_data_fetcher - Chart data source=IBKR symbol=HYLN interval=60minute from=2026-04-21T15:00:14.180384-04:00 to=2026-06-10T15:00:14.180384-04:00 dedicated_history=True
2026-06-11 00:30:14,181 - INFO - chart_engine.core.ibkr_data_fetcher - Requesting IBKR historical data: HYLN conId=447913962 bar=30 mins duration=50 D end=latest
2026-06-11 00:30:16,230 - INFO - chart_engine.core.ibkr_data_fetcher - Chart data fetch complete source=IBKR symbol=HYLN bars=71
2026-06-11 00:30:16,278 - INFO - ibkr.core.main_window - Chart symbol changed to: HYLN
2026-06-11 00:30:16,278 - INFO - ibkr.core.main_window - Added chart symbol HYLN to subscription
2026-06-11 00:30:16,278 - INFO - ibkr.core.main_window - Ensured subscription for chart symbol HYLN
2026-06-11 00:30:16,278 - INFO - chart_engine.core.chart_widget - Chart seamlessly updated: HYLN (71 candles)
2026-06-11 00:30:16,585 - INFO - ibkr.core.market_data_worker - Subscribed IBKR market data: HYLN key=447913962 type=delayed
2026-06-11 00:30:17,044 - WARNING - ibkr.core.market_data_worker - IBKR market data notice for HYLN: Requested market data is not subscribed. Displaying delayed market data. (10167)
2026-06-11 00:30:17,217 - INFO - chart_engine.core.ibkr_data_fetcher - Chart data fetch complete source=IBKR symbol=HYLN bars=349
2026-06-11 00:30:17,291 - INFO - chart_engine.core.chart_widget - Chart seamlessly updated: HYLN (349 candles)
2026-06-11 00:30:17,715 - INFO - ibkr.core.market_data_worker - Unsubscribed IBKR market data: INEO
2026-06-11 00:30:17,815 - ERROR - ib_insync.wrapper - Error 300, reqId 68: Can't find EId with tickerId:68
2026-06-11 00:30:18,830 - INFO - chart_engine.core.ibkr_data_fetcher - Chart data source=IBKR symbol=MPAA interval=day from=2026-03-02T15:00:18.829805-05:00 to=2026-06-10T15:00:18.829805-04:00 dedicated_history=True
2026-06-11 00:30:18,833 - INFO - chart_engine.core.ibkr_data_fetcher - Requesting IBKR historical data: MPAA conId=47537354 bar=1 day duration=100 D end=latest
2026-06-11 00:30:18,845 - INFO - chart_engine.core.ibkr_data_fetcher - Chart data source=IBKR symbol=MPAA interval=60minute from=2026-04-21T15:00:18.844525-04:00 to=2026-06-10T15:00:18.844525-04:00 dedicated_history=True
2026-06-11 00:30:18,847 - INFO - chart_engine.core.ibkr_data_fetcher - Requesting IBKR historical data: MPAA conId=47537354 bar=30 mins duration=50 D end=latest
2026-06-11 00:30:20,199 - INFO - chart_engine.core.ibkr_data_fetcher - Chart data fetch complete source=IBKR symbol=MPAA bars=71
2026-06-11 00:30:20,261 - INFO - ibkr.core.main_window - Chart symbol changed to: MPAA
2026-06-11 00:30:20,262 - INFO - ibkr.core.main_window - Added chart symbol MPAA to subscription
2026-06-11 00:30:20,262 - INFO - ibkr.core.main_window - Ensured subscription for chart symbol MPAA
2026-06-11 00:30:20,263 - INFO - chart_engine.core.chart_widget - Chart seamlessly updated: MPAA (71 candles)
2026-06-11 00:30:20,567 - INFO - ibkr.core.market_data_worker - Subscribed IBKR market data: MPAA key=47537354 type=delayed
2026-06-11 00:30:20,855 - INFO - chart_engine.core.ibkr_data_fetcher - Chart data fetch complete source=IBKR symbol=MPAA bars=349
2026-06-11 00:30:20,916 - INFO - chart_engine.core.chart_widget - Chart seamlessly updated: MPAA (349 candles)
2026-06-11 00:30:21,206 - WARNING - ibkr.core.market_data_worker - IBKR market data notice for MPAA: Requested market data is not subscribed. Displaying delayed market data. (10167)
2026-06-11 00:30:21,634 - INFO - ibkr.core.market_data_worker - Unsubscribed IBKR market data: HYLN
2026-06-11 00:30:21,695 - INFO - chart_engine.core.ibkr_data_fetcher - Chart data source=IBKR symbol=ECX interval=day from=2026-03-02T15:00:21.694609-05:00 to=2026-06-10T15:00:21.694609-04:00 dedicated_history=True
2026-06-11 00:30:21,696 - INFO - chart_engine.core.ibkr_data_fetcher - Requesting IBKR historical data: ECX conId=604572036 bar=1 day duration=100 D end=latest
2026-06-11 00:30:21,705 - INFO - chart_engine.core.ibkr_data_fetcher - Chart data source=IBKR symbol=ECX interval=60minute from=2026-04-21T15:00:21.705406-04:00 to=2026-06-10T15:00:21.705406-04:00 dedicated_history=True
2026-06-11 00:30:21,706 - INFO - chart_engine.core.ibkr_data_fetcher - Requesting IBKR historical data: ECX conId=604572036 bar=30 mins duration=50 D end=latest
2026-06-11 00:30:21,734 - ERROR - ib_insync.wrapper - Error 300, reqId 79: Can't find EId with tickerId:79
2026-06-11 00:30:23,223 - INFO - chart_engine.core.ibkr_data_fetcher - Chart data fetch complete source=IBKR symbol=ECX bars=71
2026-06-11 00:30:23,287 - INFO - ibkr.core.main_window - Chart symbol changed to: ECX
2026-06-11 00:30:23,287 - INFO - ibkr.core.main_window - Added chart symbol ECX to subscription
2026-06-11 00:30:23,288 - INFO - ibkr.core.main_window - Ensured subscription for chart symbol ECX
2026-06-11 00:30:23,288 - INFO - chart_engine.core.chart_widget - Chart seamlessly updated: ECX (71 candles)
2026-06-11 00:30:23,586 - INFO - ibkr.core.market_data_worker - Subscribed IBKR market data: ECX key=604572036 type=delayed
2026-06-11 00:30:23,946 - INFO - chart_engine.core.ibkr_data_fetcher - Chart data fetch complete source=IBKR symbol=ECX bars=349
2026-06-11 00:30:24,000 - INFO - chart_engine.core.chart_widget - Chart seamlessly updated: ECX (349 candles)
2026-06-11 00:30:24,141 - WARNING - ibkr.core.market_data_worker - IBKR market data notice for ECX: Requested market data is not subscribed. Displaying delayed market data. (10167)
2026-06-11 00:30:24,665 - INFO - ibkr.core.market_data_worker - Unsubscribed IBKR market data: MPAA
2026-06-11 00:30:24,766 - ERROR - ib_insync.wrapper - Error 300, reqId 90: Can't find EId with tickerId:90
2026-06-11 00:30:30,614 - INFO - ibkr.core.shutdown_manager - closeEvent received — beginning fast IBKR shutdown
2026-06-11 00:30:30,616 - INFO - ibkr.core.shutdown_manager - === Fast IBKR window-close shutdown starting ===
2026-06-11 00:30:30,617 - INFO - ibkr.core.shutdown_manager - Shutdown: [quiesce_background_activity]…
2026-06-11 00:30:30,618 - INFO - ibkr.core.shutdown_manager - Shutdown: [quiesce_background_activity] ✓
2026-06-11 00:30:30,620 - INFO - ibkr.core.shutdown_manager - Shutdown: [save_window_state]…
2026-06-11 00:30:30,622 - INFO - ibkr.core.main_window - Window state saved
2026-06-11 00:30:30,622 - INFO - ibkr.core.shutdown_manager - Shutdown: [save_window_state] ✓
2026-06-11 00:30:30,623 - INFO - ibkr.core.shutdown_manager - Shutdown: [save_chart_state]…
2026-06-11 00:30:30,635 - INFO - ib_insync.client - Disconnecting
2026-06-11 00:30:30,636 - INFO - ibkr.core.market_data_worker - IBKR MarketDataWorker stopped
2026-06-11 00:30:30,638 - INFO - ibkr.core.shutdown_manager - Shutdown: [save_chart_state] ✓
2026-06-11 00:30:30,638 - INFO - ibkr.core.shutdown_manager - Shutdown: [stop_remaining_timers]…
2026-06-11 00:30:30,648 - INFO - ibkr.core.shutdown_manager - Shutdown: [stop_remaining_timers] ✓
2026-06-11 00:30:30,648 - INFO - ibkr.core.shutdown_manager - === Fast IBKR window-close shutdown complete ===
2026-06-11 00:30:30,656 - INFO - __main__ - Shutting down and cleaning up resources...
2026-06-11 00:30:30,656 - INFO - __main__ - Skipping broker disconnect during fast window-close shutdown.
2026-06-11 00:30:30,656 - INFO - __main__ - Cleanup complete.
