2026-06-08 21:53:40,628 - INFO - login_setup.login_setup_config - qullamaggie v1.0.0 starting...
2026-06-08 21:53:40,628 - INFO - login_setup.login_setup_config - Logging to file: /home/kavi/Desktop/Python_Projects/swing_trader/logs/qullamaggie_20260608_215340.log
2026-06-08 21:53:40,628 - INFO - __main__ - 🚀 Starting qullamaggie Application...
2026-06-08 21:53:40,857 - INFO - __main__ - Application icon loaded from: /home/kavi/Desktop/Python_Projects/swing_trader/assets/qullamaggie_swing_trader_icon.svg
2026-06-08 21:53:44,121 - INFO - ib_insync.client - Connecting to 127.0.0.1:4002 with clientId 1...
2026-06-08 21:53:44,124 - INFO - ib_insync.client - Connected
2026-06-08 21:53:44,142 - INFO - ib_insync.client - Logged on to server version 176
2026-06-08 21:53:44,145 - INFO - ib_insync.wrapper - Warning 2103, reqId -1: Market data farm connection is broken:usfarm
2026-06-08 21:53:44,145 - INFO - ib_insync.wrapper - Warning 2105, reqId -1: HMDS data farm connection is broken:ushmds
2026-06-08 21:53:44,154 - INFO - ib_insync.wrapper - Warning 2157, reqId -1: Sec-def data farm connection is broken:secdefil
2026-06-08 21:53:44,154 - INFO - ib_insync.client - API connection ready
2026-06-08 21:53:44,158 - INFO - ib_insync.wrapper - position: Position(account='DUQ624205', contract=Stock(conId=653400472, symbol='ARM', exchange='NASDAQ', currency='USD', localSymbol='ARM', tradingClass='NMS'), position=100.0, avgCost=359.300003)
2026-06-08 21:53:44,198 - INFO - ib_insync.wrapper - position: Position(account='DUQ624205', contract=Stock(conId=760250490, symbol='SNDK', exchange='NASDAQ', currency='USD', localSymbol='SNDK', tradingClass='NMS'), position=10.0, avgCost=1579.3)
2026-06-08 21:53:44,198 - INFO - ib_insync.wrapper - position: Position(account='DUQ624205', contract=Stock(conId=860471331, symbol='SPRC', exchange='NASDAQ', currency='USD', localSymbol='SPRC', tradingClass='SCM'), position=1000.0, avgCost=11.955003)
2026-06-08 21:53:44,199 - INFO - ib_insync.wrapper - position: Position(account='DUQ624205', contract=Stock(conId=8111188, symbol='BAX', exchange='NYSE', currency='USD', localSymbol='BAX', tradingClass='BAX'), position=10.0, avgCost=19.45)
2026-06-08 21:53:44,199 - INFO - ib_insync.wrapper - position: Position(account='DUQ624205', contract=Stock(conId=512000171, symbol='RDW', exchange='NYSE', currency='USD', localSymbol='RDW', tradingClass='RDW'), position=1000.0, avgCost=22.355003)
2026-06-08 21:53:44,199 - INFO - ib_insync.wrapper - position: Position(account='DUQ624205', contract=Stock(conId=613910262, symbol='LUNR', exchange='NASDAQ', currency='USD', localSymbol='LUNR', tradingClass='NMS'), position=1000.0, avgCost=34.565003)
2026-06-08 21:53:44,199 - INFO - ib_insync.wrapper - position: Position(account='DUQ624205', contract=Stock(conId=395717235, symbol='MTA', exchange='AMEX', currency='USD', localSymbol='MTA', tradingClass='MTA'), position=1.0, avgCost=7.1811)
2026-06-08 21:53:44,199 - INFO - ib_insync.wrapper - position: Position(account='DUQ624205', contract=Stock(conId=129374415, symbol='PTCT', exchange='NASDAQ', currency='USD', localSymbol='PTCT', tradingClass='NMS'), position=100.0, avgCost=72.190003)
2026-06-08 21:53:44,200 - INFO - ib_insync.wrapper - position: Position(account='DUQ624205', contract=Stock(conId=366131368, symbol='AVTR', exchange='NYSE', currency='USD', localSymbol='AVTR', tradingClass='AVTR'), position=1.0, avgCost=9.5957)
2026-06-08 21:53:44,200 - INFO - ib_insync.wrapper - position: Position(account='DUQ624205', contract=Stock(conId=673368857, symbol='SIDU', exchange='NASDAQ', currency='USD', localSymbol='SIDU', tradingClass='SCM'), position=1000.0, avgCost=5.015003)
2026-06-08 21:53:44,200 - INFO - ib_insync.wrapper - position: Position(account='DUQ624205', contract=Stock(conId=725468685, symbol='DPRO', exchange='NASDAQ', currency='USD', localSymbol='DPRO', tradingClass='SCM'), position=1.0, avgCost=6.3536)
2026-06-08 21:53:44,200 - INFO - ib_insync.wrapper - position: Position(account='DUQ624205', contract=Stock(conId=137537411, symbol='VCYT', exchange='NASDAQ', currency='USD', localSymbol='VCYT', tradingClass='NMS'), position=2.0, avgCost=49.3587)
2026-06-08 21:53:44,200 - INFO - ib_insync.wrapper - position: Position(account='DUQ624205', contract=Stock(conId=6858145, symbol='TACT', exchange='NASDAQ', currency='USD', localSymbol='TACT', tradingClass='NMS'), position=1.0, avgCost=4.747)
2026-06-08 21:53:44,200 - INFO - ib_insync.wrapper - position: Position(account='DUQ624205', contract=Stock(conId=4815747, symbol='NVDA', exchange='NASDAQ', currency='USD', localSymbol='NVDA', tradingClass='NMS'), position=100.0, avgCost=210.520003)
2026-06-08 21:53:44,201 - INFO - ib_insync.wrapper - position: Position(account='DUQ624205', contract=Stock(conId=787273575, symbol='RKLB', exchange='NASDAQ', currency='USD', localSymbol='RKLB', tradingClass='NMS'), position=150.0, avgCost=118.70000335)
2026-06-08 21:53:44,201 - INFO - ib_insync.wrapper - position: Position(account='DUQ624205', contract=Stock(conId=517593749, symbol='IONQ', exchange='NYSE', currency='USD', localSymbol='IONQ', tradingClass='IONQ'), position=2.0, avgCost=63.367753)
2026-06-08 21:53:44,201 - INFO - ib_insync.wrapper - position: Position(account='DUQ624205', contract=Stock(conId=76792991, symbol='TSLA', exchange='NASDAQ', currency='USD', localSymbol='TSLA', tradingClass='NMS'), position=20.0, avgCost=412.475005)
2026-06-08 21:53:44,201 - INFO - ib_insync.wrapper - position: Position(account='DUQ624205', contract=Stock(conId=523222624, symbol='GFS', exchange='NASDAQ', currency='USD', localSymbol='GFS', tradingClass='NMS'), position=10.0, avgCost=79.08)
2026-06-08 21:53:44,201 - INFO - ib_insync.wrapper - position: Position(account='DUQ624205', contract=Stock(conId=478483396, symbol='DRS', exchange='NASDAQ', currency='USD', localSymbol='DRS', tradingClass='NMS'), position=1000.0, avgCost=48.466503)
2026-06-08 21:53:44,201 - INFO - ib_insync.wrapper - position: Position(account='DUQ624205', contract=Stock(conId=839174082, symbol='MNTS', exchange='NASDAQ', currency='USD', localSymbol='MNTS', tradingClass='SCM'), position=1500.0, avgCost=16.575003)
2026-06-08 21:53:44,202 - INFO - ib_insync.wrapper - position: Position(account='DUQ624205', contract=Stock(conId=314244771, symbol='ASX', exchange='NYSE', currency='USD', localSymbol='ASX', tradingClass='ASX'), position=100.0, avgCost=35.880003)
2026-06-08 21:53:44,202 - INFO - ib_insync.wrapper - position: Position(account='DUQ624205', contract=Stock(conId=446872191, symbol='CRSR', exchange='NASDAQ', currency='USD', localSymbol='CRSR', tradingClass='NMS'), position=1000.0, avgCost=9.055003)
2026-06-08 21:53:44,486 - INFO - ib_insync.wrapper - updatePortfolio: PortfolioItem(contract=Stock(conId=653400472, symbol='ARM', right='0', primaryExchange='NASDAQ', currency='USD', localSymbol='ARM', tradingClass='NMS'), position=100.0, marketPrice=358.07998655, marketValue=35808.0, averageCost=359.300003, unrealizedPNL=-122.0, realizedPNL=0.0, account='DUQ624205')
2026-06-08 21:53:44,487 - INFO - ib_insync.wrapper - updatePortfolio: PortfolioItem(contract=Stock(conId=314244771, symbol='ASX', right='0', primaryExchange='NYSE', currency='USD', localSymbol='ASX', tradingClass='ASX'), position=100.0, marketPrice=35.77000045, marketValue=3577.0, averageCost=35.880003, unrealizedPNL=-11.0, realizedPNL=0.0, account='DUQ624205')
2026-06-08 21:53:44,487 - INFO - ib_insync.wrapper - updatePortfolio: PortfolioItem(contract=Stock(conId=366131368, symbol='AVTR', right='0', primaryExchange='NYSE', currency='USD', localSymbol='AVTR', tradingClass='AVTR'), position=1.0, marketPrice=9.73999975, marketValue=9.74, averageCost=9.5957, unrealizedPNL=0.14, realizedPNL=0.0, account='DUQ624205')
2026-06-08 21:53:44,488 - INFO - ib_insync.wrapper - updatePortfolio: PortfolioItem(contract=Stock(conId=8111188, symbol='BAX', right='0', primaryExchange='NYSE', currency='USD', localSymbol='BAX', tradingClass='BAX'), position=10.0, marketPrice=19.45000075, marketValue=194.5, averageCost=19.45, unrealizedPNL=0.0, realizedPNL=0.0, account='DUQ624205')
2026-06-08 21:53:44,489 - INFO - ib_insync.wrapper - updatePortfolio: PortfolioItem(contract=Stock(conId=446872191, symbol='CRSR', right='0', primaryExchange='NASDAQ', currency='USD', localSymbol='CRSR', tradingClass='NMS'), position=1000.0, marketPrice=8.97000025, marketValue=8970.0, averageCost=9.055003, unrealizedPNL=-85.0, realizedPNL=0.0, account='DUQ624205')
2026-06-08 21:53:44,489 - INFO - ib_insync.wrapper - updatePortfolio: PortfolioItem(contract=Stock(conId=725468685, symbol='DPRO', right='0', primaryExchange='NASDAQ', currency='USD', localSymbol='DPRO', tradingClass='SCM'), position=1.0, marketPrice=6.57000015, marketValue=6.57, averageCost=6.3536, unrealizedPNL=0.22, realizedPNL=0.0, account='DUQ624205')
2026-06-08 21:53:44,489 - INFO - ib_insync.wrapper - updatePortfolio: PortfolioItem(contract=Stock(conId=478483396, symbol='DRS', right='0', primaryExchange='NASDAQ', currency='USD', localSymbol='DRS', tradingClass='NMS'), position=1000.0, marketPrice=46.81000135, marketValue=46810.0, averageCost=48.466503, unrealizedPNL=-1656.5, realizedPNL=0.0, account='DUQ624205')
2026-06-08 21:53:44,490 - INFO - ib_insync.wrapper - updatePortfolio: PortfolioItem(contract=Stock(conId=523222624, symbol='GFS', right='0', primaryExchange='NASDAQ', currency='USD', localSymbol='GFS', tradingClass='NMS'), position=10.0, marketPrice=78.1399994, marketValue=781.4, averageCost=79.08, unrealizedPNL=-9.4, realizedPNL=0.0, account='DUQ624205')
2026-06-08 21:53:44,490 - INFO - ib_insync.wrapper - updatePortfolio: PortfolioItem(contract=Stock(conId=517593749, symbol='IONQ', right='0', primaryExchange='NYSE', currency='USD', localSymbol='IONQ', tradingClass='IONQ'), position=2.0, marketPrice=62.65000155, marketValue=125.3, averageCost=63.367753, unrealizedPNL=-1.44, realizedPNL=0.0, account='DUQ624205')
2026-06-08 21:53:44,491 - INFO - ib_insync.wrapper - updatePortfolio: PortfolioItem(contract=Stock(conId=613910262, symbol='LUNR', right='0', primaryExchange='NASDAQ', currency='USD', localSymbol='LUNR', tradingClass='NMS'), position=1000.0, marketPrice=29.8199997, marketValue=29820.0, averageCost=34.565003, unrealizedPNL=-4745.0, realizedPNL=0.0, account='DUQ624205')
2026-06-08 21:53:44,491 - INFO - ib_insync.wrapper - updatePortfolio: PortfolioItem(contract=Stock(conId=839174082, symbol='MNTS', right='0', primaryExchange='NASDAQ', currency='USD', localSymbol='MNTS', tradingClass='SCM'), position=1500.0, marketPrice=13.22000025, marketValue=19830.0, averageCost=16.575003, unrealizedPNL=-5032.5, realizedPNL=0.0, account='DUQ624205')
2026-06-08 21:53:44,494 - INFO - ib_insync.wrapper - updatePortfolio: PortfolioItem(contract=Stock(conId=395717235, symbol='MTA', right='0', primaryExchange='AMEX', currency='USD', localSymbol='MTA', tradingClass='MTA'), position=1.0, marketPrice=7.21000005, marketValue=7.21, averageCost=7.1811, unrealizedPNL=0.03, realizedPNL=0.0, account='DUQ624205')
2026-06-08 21:53:44,494 - INFO - ib_insync.wrapper - updatePortfolio: PortfolioItem(contract=Stock(conId=4815747, symbol='NVDA', right='0', primaryExchange='NASDAQ', currency='USD', localSymbol='NVDA', tradingClass='NMS'), position=100.0, marketPrice=208.6399994, marketValue=20864.0, averageCost=210.520003, unrealizedPNL=-188.0, realizedPNL=0.0, account='DUQ624205')
2026-06-08 21:53:44,495 - INFO - ib_insync.wrapper - updatePortfolio: PortfolioItem(contract=Stock(conId=129374415, symbol='PTCT', right='0', primaryExchange='NASDAQ', currency='USD', localSymbol='PTCT', tradingClass='NMS'), position=100.0, marketPrice=70.55999755, marketValue=7056.0, averageCost=72.190003, unrealizedPNL=-163.0, realizedPNL=0.0, account='DUQ624205')
2026-06-08 21:53:44,495 - INFO - ib_insync.wrapper - updatePortfolio: PortfolioItem(contract=Stock(conId=512000171, symbol='RDW', right='0', primaryExchange='NYSE', currency='USD', localSymbol='RDW', tradingClass='RDW'), position=1000.0, marketPrice=18.76000025, marketValue=18760.0, averageCost=22.355003, unrealizedPNL=-3595.0, realizedPNL=0.0, account='DUQ624205')
2026-06-08 21:53:44,496 - INFO - ib_insync.wrapper - updatePortfolio: PortfolioItem(contract=Stock(conId=787273575, symbol='RKLB', right='0', primaryExchange='NASDAQ', currency='USD', localSymbol='RKLB', tradingClass='NMS'), position=150.0, marketPrice=113.8199997, marketValue=17073.0, averageCost=118.70000335, unrealizedPNL=-732.0, realizedPNL=0.0, account='DUQ624205')
2026-06-08 21:53:44,496 - INFO - ib_insync.wrapper - updatePortfolio: PortfolioItem(contract=Stock(conId=673368857, symbol='SIDU', right='0', primaryExchange='NASDAQ', currency='USD', localSymbol='SIDU', tradingClass='SCM'), position=1000.0, marketPrice=4.28999995, marketValue=4290.0, averageCost=5.015003, unrealizedPNL=-725.0, realizedPNL=0.0, account='DUQ624205')
2026-06-08 21:53:44,497 - INFO - ib_insync.wrapper - updatePortfolio: PortfolioItem(contract=Stock(conId=760250490, symbol='SNDK', right='0', primaryExchange='NASDAQ', currency='USD', localSymbol='SNDK', tradingClass='NMS'), position=10.0, marketPrice=1661.0, marketValue=16610.0, averageCost=1579.3, unrealizedPNL=817.0, realizedPNL=0.0, account='DUQ624205')
2026-06-08 21:53:44,497 - INFO - ib_insync.wrapper - updatePortfolio: PortfolioItem(contract=Stock(conId=860471331, symbol='SPRC', right='0', primaryExchange='NASDAQ', currency='USD', localSymbol='SPRC', tradingClass='SCM'), position=1000.0, marketPrice=11.29586885, marketValue=11295.87, averageCost=11.955003, unrealizedPNL=-659.13, realizedPNL=0.0, account='DUQ624205')
2026-06-08 21:53:44,497 - INFO - ib_insync.wrapper - updatePortfolio: PortfolioItem(contract=Stock(conId=6858145, symbol='TACT', right='0', primaryExchange='NASDAQ', currency='USD', localSymbol='TACT', tradingClass='NMS'), position=1.0, marketPrice=4.80480435, marketValue=4.8, averageCost=4.747, unrealizedPNL=0.06, realizedPNL=0.0, account='DUQ624205')
2026-06-08 21:53:44,498 - INFO - ib_insync.wrapper - updatePortfolio: PortfolioItem(contract=Stock(conId=76792991, symbol='TSLA', right='0', primaryExchange='NASDAQ', currency='USD', localSymbol='TSLA', tradingClass='NMS'), position=20.0, marketPrice=401.8699951, marketValue=8037.4, averageCost=412.475005, unrealizedPNL=-212.1, realizedPNL=0.0, account='DUQ624205')
2026-06-08 21:53:44,498 - INFO - ib_insync.wrapper - updatePortfolio: PortfolioItem(contract=Stock(conId=137537411, symbol='VCYT', right='0', primaryExchange='NASDAQ', currency='USD', localSymbol='VCYT', tradingClass='NMS'), position=2.0, marketPrice=48.13000105, marketValue=96.26, averageCost=49.3587, unrealizedPNL=-2.46, realizedPNL=0.0, account='DUQ624205')
2026-06-08 21:53:44,616 - INFO - ib_insync.wrapper - execDetails Execution(execId='00012ec5.6a333a8e.01.01', time=datetime.datetime(2026, 6, 8, 8, 15, 23, tzinfo=datetime.timezone.utc), acctNumber='DUQ624205', exchange='NASDAQ', side='BOT', shares=100.0, price=14.99, permId=1973074377, clientId=1, orderId=221, liquidation=0, cumQty=100.0, avgPrice=14.99, orderRef='', evRule='', evMultiplier=0.0, modelCode='', lastLiquidity=1)
2026-06-08 21:53:44,617 - INFO - ib_insync.wrapper - execDetails Execution(execId='00012ec5.6a333b76.01.01', time=datetime.datetime(2026, 6, 8, 8, 15, 37, tzinfo=datetime.timezone.utc), acctNumber='DUQ624205', exchange='NASDAQ', side='BOT', shares=100.0, price=14.99, permId=1973074377, clientId=1, orderId=221, liquidation=0, cumQty=200.0, avgPrice=14.99, orderRef='', evRule='', evMultiplier=0.0, modelCode='', lastLiquidity=1)
2026-06-08 21:53:44,649 - INFO - ib_insync.wrapper - execDetails Execution(execId='00012ec5.6a333cd1.01.01', time=datetime.datetime(2026, 6, 8, 8, 16, 7, tzinfo=datetime.timezone.utc), acctNumber='DUQ624205', exchange='NASDAQ', side='BOT', shares=200.0, price=14.99, permId=1973074377, clientId=1, orderId=221, liquidation=0, cumQty=400.0, avgPrice=14.99, orderRef='', evRule='', evMultiplier=0.0, modelCode='', lastLiquidity=1)
2026-06-08 21:53:44,650 - INFO - ib_insync.wrapper - execDetails Execution(execId='00012ec5.6a333e24.01.01', time=datetime.datetime(2026, 6, 8, 8, 17, 59, tzinfo=datetime.timezone.utc), acctNumber='DUQ624205', exchange='NASDAQ', side='BOT', shares=100.0, price=14.99, permId=1973074377, clientId=1, orderId=221, liquidation=0, cumQty=500.0, avgPrice=14.99, orderRef='', evRule='', evMultiplier=0.0, modelCode='', lastLiquidity=1)
2026-06-08 21:53:44,650 - INFO - ib_insync.wrapper - execDetails Execution(execId='00012ec5.6a341b6e.01.01', time=datetime.datetime(2026, 6, 8, 15, 3, 49, tzinfo=datetime.timezone.utc), acctNumber='DUQ624205', exchange='NYSE', side='BOT', shares=1.0, price=62.5, permId=1327048471, clientId=1, orderId=235, liquidation=0, cumQty=1.0, avgPrice=62.5, orderRef='', evRule='', evMultiplier=0.0, modelCode='', lastLiquidity=1)
2026-06-08 21:53:44,650 - INFO - ib_insync.wrapper - execDetails Execution(execId='00012ec5.6a3423d9.01.01', time=datetime.datetime(2026, 6, 8, 15, 11, 18, tzinfo=datetime.timezone.utc), acctNumber='DUQ624205', exchange='BEX', side='BOT', shares=1.0, price=62.98, permId=2036933801, clientId=1, orderId=249, liquidation=0, cumQty=1.0, avgPrice=62.98, orderRef='', evRule='', evMultiplier=0.0, modelCode='', lastLiquidity=2)
2026-06-08 21:53:44,650 - INFO - ib_insync.wrapper - commissionReport: CommissionReport(execId='00012ec5.6a333a8e.01.01', commission=1.0003, currency='USD', realizedPNL=0.0, yield_=0.0, yieldRedemptionDate=0)
2026-06-08 21:53:44,650 - INFO - ib_insync.wrapper - commissionReport: CommissionReport(execId='00012ec5.6a333b76.01.01', commission=0.0003, currency='USD', realizedPNL=0.0, yield_=0.0, yieldRedemptionDate=0)
2026-06-08 21:53:44,651 - INFO - ib_insync.wrapper - commissionReport: CommissionReport(execId='00012ec5.6a333cd1.01.01', commission=1.0006, currency='USD', realizedPNL=0.0, yield_=0.0, yieldRedemptionDate=0)
2026-06-08 21:53:44,651 - INFO - ib_insync.wrapper - commissionReport: CommissionReport(execId='00012ec5.6a333e24.01.01', commission=0.5003, currency='USD', realizedPNL=0.0, yield_=0.0, yieldRedemptionDate=0)
2026-06-08 21:53:44,651 - INFO - ib_insync.wrapper - commissionReport: CommissionReport(execId='00012ec5.6a341b6e.01.01', commission=0.625003, currency='USD', realizedPNL=0.0, yield_=0.0, yieldRedemptionDate=0)
2026-06-08 21:53:44,651 - INFO - ib_insync.wrapper - commissionReport: CommissionReport(execId='00012ec5.6a3423d9.01.01', commission=0.630503, currency='USD', realizedPNL=0.0, yield_=0.0, yieldRedemptionDate=0)
2026-06-08 21:53:44,651 - INFO - ib_insync.ib - Synchronization complete
2026-06-08 21:53:44,674 - INFO - __main__ - Authenticated for broker: america
2026-06-08 21:53:44,674 - INFO - __main__ - Initializing trading and data clients...
2026-06-08 21:53:44,674 - INFO - login_setup.broker_factory - Creating america client for live trading
2026-06-08 21:53:44,675 - INFO - login_setup.broker_factory - IBKR client created with accounts: ['DUQ624205']
2026-06-08 21:53:44,726 - INFO - ibkr.core.trading_client - Subscribed to IBKR real-time order events
2026-06-08 21:53:44,726 - INFO - login_setup.broker_factory - Creating data client for america
2026-06-08 21:53:44,727 - INFO - __main__ - Clients initialized successfully.
2026-06-08 21:53:44,727 - INFO - login_setup.broker_factory - Added america client to manager
2026-06-08 21:53:44,728 - INFO - login_setup.broker_factory - Started connection monitoring for america
2026-06-08 21:53:44,729 - INFO - __main__ - Creating main window for america...
2026-06-08 21:53:44,729 - INFO - login_setup.broker_factory - Dynamically loading main window from: ibkr.core.main_window
2026-06-08 21:53:46,228 - INFO - ibkr.core.trade_logger - Trade history database for 'live' mode at: /home/kavi/.qullamaggie/trade_history_live.db
2026-06-08 21:53:46,230 - INFO - ibkr.core.trade_logger - TradeLogger initialized with background processing
2026-06-08 21:53:46,233 - INFO - ibkr.core.trade_logger - DatabaseWorker processing started
2026-06-08 21:53:46,244 - INFO - ibkr.core.position_manager - ✅ Connected to trader.order_status_updated signal - orders will sync immediately
2026-06-08 21:53:46,244 - INFO - ibkr.core.position_manager - ✅ Connected to trader.position_updated signal - positions will sync immediately
2026-06-08 21:53:46,245 - INFO - ibkr.core.position_manager - ✅ Connected to trader.connection_status_changed signal
2026-06-08 21:53:46,246 - INFO - ibkr.core.trade_logger - Database initialization completed
2026-06-08 21:53:46,342 - INFO - ibkr.widgets.scanner_table - Loaded 2 valid scan configurations
2026-06-08 21:53:46,366 - INFO - ibkr.widgets.scanner_table - Scanner table ready for context-aware navigation
2026-06-08 21:53:46,376 - INFO - ibkr.widgets.scanner_table - Running EOD Finviz scan: Computer Hardware
2026-06-08 21:53:46,380 - INFO - chart_engine.core.ibkr_data_fetcher - Pre-warming dedicated IBKR history connection...
2026-06-08 21:53:46,384 - INFO - ib_insync.client - Connecting to 127.0.0.1:4002 with clientId 102...
2026-06-08 21:53:46,385 - INFO - chart_engine.drawings - Loaded global chart settings.
2026-06-08 21:53:46,386 - INFO - chart_engine.drawings - Loaded global chart settings.
2026-06-08 21:53:46,388 - INFO - ib_insync.client - Connected
2026-06-08 21:53:46,396 - INFO - ib_insync.client - Logged on to server version 176
2026-06-08 21:53:46,444 - INFO - ib_insync.wrapper - Warning 2103, reqId -1: Market data farm connection is broken:usfarm
2026-06-08 21:53:46,445 - INFO - ib_insync.wrapper - Warning 2105, reqId -1: HMDS data farm connection is broken:ushmds
2026-06-08 21:53:46,445 - INFO - ib_insync.wrapper - Warning 2157, reqId -1: Sec-def data farm connection is broken:secdefil
2026-06-08 21:53:46,445 - INFO - ib_insync.client - API connection ready
2026-06-08 21:53:46,453 - INFO - ib_insync.wrapper - position: Position(account='DUQ624205', contract=Stock(conId=653400472, symbol='ARM', exchange='NASDAQ', currency='USD', localSymbol='ARM', tradingClass='NMS'), position=100.0, avgCost=359.300003)
2026-06-08 21:53:46,453 - INFO - ib_insync.wrapper - position: Position(account='DUQ624205', contract=Stock(conId=760250490, symbol='SNDK', exchange='NASDAQ', currency='USD', localSymbol='SNDK', tradingClass='NMS'), position=10.0, avgCost=1579.3)
2026-06-08 21:53:46,454 - INFO - ib_insync.wrapper - position: Position(account='DUQ624205', contract=Stock(conId=860471331, symbol='SPRC', exchange='NASDAQ', currency='USD', localSymbol='SPRC', tradingClass='SCM'), position=1000.0, avgCost=11.955003)
2026-06-08 21:53:46,455 - INFO - ib_insync.wrapper - position: Position(account='DUQ624205', contract=Stock(conId=8111188, symbol='BAX', exchange='NYSE', currency='USD', localSymbol='BAX', tradingClass='BAX'), position=10.0, avgCost=19.45)
2026-06-08 21:53:46,458 - INFO - ib_insync.wrapper - position: Position(account='DUQ624205', contract=Stock(conId=512000171, symbol='RDW', exchange='NYSE', currency='USD', localSymbol='RDW', tradingClass='RDW'), position=1000.0, avgCost=22.355003)
2026-06-08 21:53:46,458 - INFO - ib_insync.wrapper - position: Position(account='DUQ624205', contract=Stock(conId=613910262, symbol='LUNR', exchange='NASDAQ', currency='USD', localSymbol='LUNR', tradingClass='NMS'), position=1000.0, avgCost=34.565003)
2026-06-08 21:53:46,459 - INFO - ib_insync.wrapper - position: Position(account='DUQ624205', contract=Stock(conId=395717235, symbol='MTA', exchange='AMEX', currency='USD', localSymbol='MTA', tradingClass='MTA'), position=1.0, avgCost=7.1811)
2026-06-08 21:53:46,459 - INFO - ib_insync.wrapper - position: Position(account='DUQ624205', contract=Stock(conId=129374415, symbol='PTCT', exchange='NASDAQ', currency='USD', localSymbol='PTCT', tradingClass='NMS'), position=100.0, avgCost=72.190003)
2026-06-08 21:53:46,460 - INFO - ib_insync.wrapper - position: Position(account='DUQ624205', contract=Stock(conId=366131368, symbol='AVTR', exchange='NYSE', currency='USD', localSymbol='AVTR', tradingClass='AVTR'), position=1.0, avgCost=9.5957)
2026-06-08 21:53:46,465 - INFO - ib_insync.wrapper - position: Position(account='DUQ624205', contract=Stock(conId=673368857, symbol='SIDU', exchange='NASDAQ', currency='USD', localSymbol='SIDU', tradingClass='SCM'), position=1000.0, avgCost=5.015003)
2026-06-08 21:53:46,466 - INFO - ib_insync.wrapper - position: Position(account='DUQ624205', contract=Stock(conId=725468685, symbol='DPRO', exchange='NASDAQ', currency='USD', localSymbol='DPRO', tradingClass='SCM'), position=1.0, avgCost=6.3536)
2026-06-08 21:53:46,467 - INFO - ib_insync.wrapper - position: Position(account='DUQ624205', contract=Stock(conId=137537411, symbol='VCYT', exchange='NASDAQ', currency='USD', localSymbol='VCYT', tradingClass='NMS'), position=2.0, avgCost=49.3587)
2026-06-08 21:53:46,467 - INFO - ib_insync.wrapper - position: Position(account='DUQ624205', contract=Stock(conId=6858145, symbol='TACT', exchange='NASDAQ', currency='USD', localSymbol='TACT', tradingClass='NMS'), position=1.0, avgCost=4.747)
2026-06-08 21:53:46,467 - INFO - ib_insync.wrapper - position: Position(account='DUQ624205', contract=Stock(conId=4815747, symbol='NVDA', exchange='NASDAQ', currency='USD', localSymbol='NVDA', tradingClass='NMS'), position=100.0, avgCost=210.520003)
2026-06-08 21:53:46,468 - INFO - ib_insync.wrapper - position: Position(account='DUQ624205', contract=Stock(conId=787273575, symbol='RKLB', exchange='NASDAQ', currency='USD', localSymbol='RKLB', tradingClass='NMS'), position=150.0, avgCost=118.70000335)
2026-06-08 21:53:46,495 - INFO - ib_insync.wrapper - position: Position(account='DUQ624205', contract=Stock(conId=517593749, symbol='IONQ', exchange='NYSE', currency='USD', localSymbol='IONQ', tradingClass='IONQ'), position=2.0, avgCost=63.367753)
2026-06-08 21:53:46,496 - INFO - ib_insync.wrapper - position: Position(account='DUQ624205', contract=Stock(conId=76792991, symbol='TSLA', exchange='NASDAQ', currency='USD', localSymbol='TSLA', tradingClass='NMS'), position=20.0, avgCost=412.475005)
2026-06-08 21:53:46,496 - INFO - ib_insync.wrapper - position: Position(account='DUQ624205', contract=Stock(conId=523222624, symbol='GFS', exchange='NASDAQ', currency='USD', localSymbol='GFS', tradingClass='NMS'), position=10.0, avgCost=79.08)
2026-06-08 21:53:46,497 - INFO - ib_insync.wrapper - position: Position(account='DUQ624205', contract=Stock(conId=478483396, symbol='DRS', exchange='NASDAQ', currency='USD', localSymbol='DRS', tradingClass='NMS'), position=1000.0, avgCost=48.466503)
2026-06-08 21:53:46,497 - INFO - ib_insync.wrapper - position: Position(account='DUQ624205', contract=Stock(conId=839174082, symbol='MNTS', exchange='NASDAQ', currency='USD', localSymbol='MNTS', tradingClass='SCM'), position=1500.0, avgCost=16.575003)
2026-06-08 21:53:46,497 - INFO - ib_insync.wrapper - position: Position(account='DUQ624205', contract=Stock(conId=314244771, symbol='ASX', exchange='NYSE', currency='USD', localSymbol='ASX', tradingClass='ASX'), position=100.0, avgCost=35.880003)
2026-06-08 21:53:46,498 - INFO - ib_insync.wrapper - position: Position(account='DUQ624205', contract=Stock(conId=446872191, symbol='CRSR', exchange='NASDAQ', currency='USD', localSymbol='CRSR', tradingClass='NMS'), position=1000.0, avgCost=9.055003)
2026-06-08 21:53:46,669 - INFO - ib_insync.wrapper - updatePortfolio: PortfolioItem(contract=Stock(conId=653400472, symbol='ARM', right='0', primaryExchange='NASDAQ', currency='USD', localSymbol='ARM', tradingClass='NMS'), position=100.0, marketPrice=358.07998655, marketValue=35808.0, averageCost=359.300003, unrealizedPNL=-122.0, realizedPNL=0.0, account='DUQ624205')
2026-06-08 21:53:46,671 - INFO - ib_insync.wrapper - updatePortfolio: PortfolioItem(contract=Stock(conId=314244771, symbol='ASX', right='0', primaryExchange='NYSE', currency='USD', localSymbol='ASX', tradingClass='ASX'), position=100.0, marketPrice=35.77000045, marketValue=3577.0, averageCost=35.880003, unrealizedPNL=-11.0, realizedPNL=0.0, account='DUQ624205')
2026-06-08 21:53:46,671 - INFO - ib_insync.wrapper - updatePortfolio: PortfolioItem(contract=Stock(conId=366131368, symbol='AVTR', right='0', primaryExchange='NYSE', currency='USD', localSymbol='AVTR', tradingClass='AVTR'), position=1.0, marketPrice=9.73999975, marketValue=9.74, averageCost=9.5957, unrealizedPNL=0.14, realizedPNL=0.0, account='DUQ624205')
2026-06-08 21:53:46,672 - INFO - ib_insync.wrapper - updatePortfolio: PortfolioItem(contract=Stock(conId=8111188, symbol='BAX', right='0', primaryExchange='NYSE', currency='USD', localSymbol='BAX', tradingClass='BAX'), position=10.0, marketPrice=19.45000075, marketValue=194.5, averageCost=19.45, unrealizedPNL=0.0, realizedPNL=0.0, account='DUQ624205')
2026-06-08 21:53:46,676 - INFO - ib_insync.wrapper - updatePortfolio: PortfolioItem(contract=Stock(conId=446872191, symbol='CRSR', right='0', primaryExchange='NASDAQ', currency='USD', localSymbol='CRSR', tradingClass='NMS'), position=1000.0, marketPrice=8.97000025, marketValue=8970.0, averageCost=9.055003, unrealizedPNL=-85.0, realizedPNL=0.0, account='DUQ624205')
2026-06-08 21:53:46,677 - INFO - ib_insync.wrapper - updatePortfolio: PortfolioItem(contract=Stock(conId=725468685, symbol='DPRO', right='0', primaryExchange='NASDAQ', currency='USD', localSymbol='DPRO', tradingClass='SCM'), position=1.0, marketPrice=6.57000015, marketValue=6.57, averageCost=6.3536, unrealizedPNL=0.22, realizedPNL=0.0, account='DUQ624205')
2026-06-08 21:53:46,680 - INFO - ib_insync.wrapper - updatePortfolio: PortfolioItem(contract=Stock(conId=478483396, symbol='DRS', right='0', primaryExchange='NASDAQ', currency='USD', localSymbol='DRS', tradingClass='NMS'), position=1000.0, marketPrice=46.81000135, marketValue=46810.0, averageCost=48.466503, unrealizedPNL=-1656.5, realizedPNL=0.0, account='DUQ624205')
2026-06-08 21:53:46,680 - INFO - ib_insync.wrapper - updatePortfolio: PortfolioItem(contract=Stock(conId=523222624, symbol='GFS', right='0', primaryExchange='NASDAQ', currency='USD', localSymbol='GFS', tradingClass='NMS'), position=10.0, marketPrice=78.1399994, marketValue=781.4, averageCost=79.08, unrealizedPNL=-9.4, realizedPNL=0.0, account='DUQ624205')
2026-06-08 21:53:46,686 - INFO - ib_insync.wrapper - updatePortfolio: PortfolioItem(contract=Stock(conId=517593749, symbol='IONQ', right='0', primaryExchange='NYSE', currency='USD', localSymbol='IONQ', tradingClass='IONQ'), position=2.0, marketPrice=62.65000155, marketValue=125.3, averageCost=63.367753, unrealizedPNL=-1.44, realizedPNL=0.0, account='DUQ624205')
2026-06-08 21:53:46,687 - INFO - ib_insync.wrapper - updatePortfolio: PortfolioItem(contract=Stock(conId=613910262, symbol='LUNR', right='0', primaryExchange='NASDAQ', currency='USD', localSymbol='LUNR', tradingClass='NMS'), position=1000.0, marketPrice=29.8199997, marketValue=29820.0, averageCost=34.565003, unrealizedPNL=-4745.0, realizedPNL=0.0, account='DUQ624205')
2026-06-08 21:53:46,688 - INFO - ib_insync.wrapper - updatePortfolio: PortfolioItem(contract=Stock(conId=839174082, symbol='MNTS', right='0', primaryExchange='NASDAQ', currency='USD', localSymbol='MNTS', tradingClass='SCM'), position=1500.0, marketPrice=13.22000025, marketValue=19830.0, averageCost=16.575003, unrealizedPNL=-5032.5, realizedPNL=0.0, account='DUQ624205')
2026-06-08 21:53:46,690 - INFO - ib_insync.wrapper - updatePortfolio: PortfolioItem(contract=Stock(conId=395717235, symbol='MTA', right='0', primaryExchange='AMEX', currency='USD', localSymbol='MTA', tradingClass='MTA'), position=1.0, marketPrice=7.21000005, marketValue=7.21, averageCost=7.1811, unrealizedPNL=0.03, realizedPNL=0.0, account='DUQ624205')
2026-06-08 21:53:46,689 - INFO - chart_engine.drawings - Loaded global chart settings.
2026-06-08 21:53:46,691 - INFO - ib_insync.wrapper - updatePortfolio: PortfolioItem(contract=Stock(conId=4815747, symbol='NVDA', right='0', primaryExchange='NASDAQ', currency='USD', localSymbol='NVDA', tradingClass='NMS'), position=100.0, marketPrice=208.6399994, marketValue=20864.0, averageCost=210.520003, unrealizedPNL=-188.0, realizedPNL=0.0, account='DUQ624205')
2026-06-08 21:53:46,691 - INFO - chart_engine.core.ibkr_data_fetcher - Chart data source=IBKR symbol=ARM interval=day from=2025-11-20T12:23:46.691768-05:00 to=2026-06-08T12:23:46.691768-04:00 dedicated_history=True
2026-06-08 21:53:46,693 - INFO - ib_insync.wrapper - updatePortfolio: PortfolioItem(contract=Stock(conId=129374415, symbol='PTCT', right='0', primaryExchange='NASDAQ', currency='USD', localSymbol='PTCT', tradingClass='NMS'), position=100.0, marketPrice=70.55999755, marketValue=7056.0, averageCost=72.190003, unrealizedPNL=-163.0, realizedPNL=0.0, account='DUQ624205')
2026-06-08 21:53:46,695 - INFO - ib_insync.wrapper - updatePortfolio: PortfolioItem(contract=Stock(conId=512000171, symbol='RDW', right='0', primaryExchange='NYSE', currency='USD', localSymbol='RDW', tradingClass='RDW'), position=1000.0, marketPrice=18.76000025, marketValue=18760.0, averageCost=22.355003, unrealizedPNL=-3595.0, realizedPNL=0.0, account='DUQ624205')
2026-06-08 21:53:46,696 - INFO - ib_insync.wrapper - updatePortfolio: PortfolioItem(contract=Stock(conId=787273575, symbol='RKLB', right='0', primaryExchange='NASDAQ', currency='USD', localSymbol='RKLB', tradingClass='NMS'), position=150.0, marketPrice=113.8199997, marketValue=17073.0, averageCost=118.70000335, unrealizedPNL=-732.0, realizedPNL=0.0, account='DUQ624205')
2026-06-08 21:53:46,697 - INFO - ib_insync.wrapper - updatePortfolio: PortfolioItem(contract=Stock(conId=673368857, symbol='SIDU', right='0', primaryExchange='NASDAQ', currency='USD', localSymbol='SIDU', tradingClass='SCM'), position=1000.0, marketPrice=4.28999995, marketValue=4290.0, averageCost=5.015003, unrealizedPNL=-725.0, realizedPNL=0.0, account='DUQ624205')
2026-06-08 21:53:46,694 - INFO - chart_engine.drawings - Loaded global chart settings.
2026-06-08 21:53:46,698 - INFO - ib_insync.wrapper - updatePortfolio: PortfolioItem(contract=Stock(conId=760250490, symbol='SNDK', right='0', primaryExchange='NASDAQ', currency='USD', localSymbol='SNDK', tradingClass='NMS'), position=10.0, marketPrice=1661.0, marketValue=16610.0, averageCost=1579.3, unrealizedPNL=817.0, realizedPNL=0.0, account='DUQ624205')
2026-06-08 21:53:46,699 - INFO - ib_insync.wrapper - updatePortfolio: PortfolioItem(contract=Stock(conId=860471331, symbol='SPRC', right='0', primaryExchange='NASDAQ', currency='USD', localSymbol='SPRC', tradingClass='SCM'), position=1000.0, marketPrice=11.29586885, marketValue=11295.87, averageCost=11.955003, unrealizedPNL=-659.13, realizedPNL=0.0, account='DUQ624205')
2026-06-08 21:53:46,705 - INFO - ib_insync.wrapper - updatePortfolio: PortfolioItem(contract=Stock(conId=6858145, symbol='TACT', right='0', primaryExchange='NASDAQ', currency='USD', localSymbol='TACT', tradingClass='NMS'), position=1.0, marketPrice=4.80480435, marketValue=4.8, averageCost=4.747, unrealizedPNL=0.06, realizedPNL=0.0, account='DUQ624205')
2026-06-08 21:53:46,705 - INFO - ib_insync.wrapper - updatePortfolio: PortfolioItem(contract=Stock(conId=76792991, symbol='TSLA', right='0', primaryExchange='NASDAQ', currency='USD', localSymbol='TSLA', tradingClass='NMS'), position=20.0, marketPrice=401.8699951, marketValue=8037.4, averageCost=412.475005, unrealizedPNL=-212.1, realizedPNL=0.0, account='DUQ624205')
2026-06-08 21:53:46,706 - INFO - ib_insync.wrapper - updatePortfolio: PortfolioItem(contract=Stock(conId=137537411, symbol='VCYT', right='0', primaryExchange='NASDAQ', currency='USD', localSymbol='VCYT', tradingClass='NMS'), position=2.0, marketPrice=48.13000105, marketValue=96.26, averageCost=49.3587, unrealizedPNL=-2.46, realizedPNL=0.0, account='DUQ624205')
2026-06-08 21:53:46,782 - INFO - ib_insync.wrapper - execDetails Execution(execId='00012ec5.6a333a8e.01.01', time=datetime.datetime(2026, 6, 8, 8, 15, 23, tzinfo=datetime.timezone.utc), acctNumber='DUQ624205', exchange='NASDAQ', side='BOT', shares=100.0, price=14.99, permId=1973074377, clientId=1, orderId=221, liquidation=0, cumQty=100.0, avgPrice=14.99, orderRef='', evRule='', evMultiplier=0.0, modelCode='', lastLiquidity=1)
2026-06-08 21:53:46,820 - INFO - ib_insync.wrapper - execDetails Execution(execId='00012ec5.6a333b76.01.01', time=datetime.datetime(2026, 6, 8, 8, 15, 37, tzinfo=datetime.timezone.utc), acctNumber='DUQ624205', exchange='NASDAQ', side='BOT', shares=100.0, price=14.99, permId=1973074377, clientId=1, orderId=221, liquidation=0, cumQty=200.0, avgPrice=14.99, orderRef='', evRule='', evMultiplier=0.0, modelCode='', lastLiquidity=1)
2026-06-08 21:53:46,824 - INFO - ib_insync.wrapper - execDetails Execution(execId='00012ec5.6a333cd1.01.01', time=datetime.datetime(2026, 6, 8, 8, 16, 7, tzinfo=datetime.timezone.utc), acctNumber='DUQ624205', exchange='NASDAQ', side='BOT', shares=200.0, price=14.99, permId=1973074377, clientId=1, orderId=221, liquidation=0, cumQty=400.0, avgPrice=14.99, orderRef='', evRule='', evMultiplier=0.0, modelCode='', lastLiquidity=1)
2026-06-08 21:53:46,824 - INFO - ib_insync.wrapper - execDetails Execution(execId='00012ec5.6a333e24.01.01', time=datetime.datetime(2026, 6, 8, 8, 17, 59, tzinfo=datetime.timezone.utc), acctNumber='DUQ624205', exchange='NASDAQ', side='BOT', shares=100.0, price=14.99, permId=1973074377, clientId=1, orderId=221, liquidation=0, cumQty=500.0, avgPrice=14.99, orderRef='', evRule='', evMultiplier=0.0, modelCode='', lastLiquidity=1)
2026-06-08 21:53:46,825 - INFO - ib_insync.wrapper - execDetails Execution(execId='00012ec5.6a341b6e.01.01', time=datetime.datetime(2026, 6, 8, 15, 3, 49, tzinfo=datetime.timezone.utc), acctNumber='DUQ624205', exchange='NYSE', side='BOT', shares=1.0, price=62.5, permId=1327048471, clientId=1, orderId=235, liquidation=0, cumQty=1.0, avgPrice=62.5, orderRef='', evRule='', evMultiplier=0.0, modelCode='', lastLiquidity=1)
2026-06-08 21:53:46,825 - INFO - ib_insync.wrapper - execDetails Execution(execId='00012ec5.6a3423d9.01.01', time=datetime.datetime(2026, 6, 8, 15, 11, 18, tzinfo=datetime.timezone.utc), acctNumber='DUQ624205', exchange='BEX', side='BOT', shares=1.0, price=62.98, permId=2036933801, clientId=1, orderId=249, liquidation=0, cumQty=1.0, avgPrice=62.98, orderRef='', evRule='', evMultiplier=0.0, modelCode='', lastLiquidity=2)
2026-06-08 21:53:46,825 - INFO - ib_insync.wrapper - commissionReport: CommissionReport(execId='00012ec5.6a333a8e.01.01', commission=1.0003, currency='USD', realizedPNL=0.0, yield_=0.0, yieldRedemptionDate=0)
2026-06-08 21:53:46,825 - INFO - ib_insync.wrapper - commissionReport: CommissionReport(execId='00012ec5.6a333b76.01.01', commission=0.0003, currency='USD', realizedPNL=0.0, yield_=0.0, yieldRedemptionDate=0)
2026-06-08 21:53:46,825 - INFO - ib_insync.wrapper - commissionReport: CommissionReport(execId='00012ec5.6a333cd1.01.01', commission=1.0006, currency='USD', realizedPNL=0.0, yield_=0.0, yieldRedemptionDate=0)
2026-06-08 21:53:46,825 - INFO - ib_insync.wrapper - commissionReport: CommissionReport(execId='00012ec5.6a333e24.01.01', commission=0.5003, currency='USD', realizedPNL=0.0, yield_=0.0, yieldRedemptionDate=0)
2026-06-08 21:53:46,826 - INFO - ib_insync.wrapper - commissionReport: CommissionReport(execId='00012ec5.6a341b6e.01.01', commission=0.625003, currency='USD', realizedPNL=0.0, yield_=0.0, yieldRedemptionDate=0)
2026-06-08 21:53:46,826 - INFO - ib_insync.wrapper - commissionReport: CommissionReport(execId='00012ec5.6a3423d9.01.01', commission=0.630503, currency='USD', realizedPNL=0.0, yield_=0.0, yieldRedemptionDate=0)
2026-06-08 21:53:46,826 - INFO - ib_insync.ib - Synchronization complete
2026-06-08 21:53:46,827 - INFO - chart_engine.core.ibkr_data_fetcher - IBKR chart history connected on 127.0.0.1:4002 clientId=102
2026-06-08 21:53:46,916 - INFO - ibkr.core.data_cache - MarketAwareDataCache initialised for IBKR/US market time
2026-06-08 21:53:46,920 - INFO - chart_engine.core.ibkr_data_fetcher - Chart data source=IBKR symbol=ARM interval=60minute from=2026-04-19T12:23:46.919754-04:00 to=2026-06-08T12:23:46.919754-04:00 dedicated_history=True
2026-06-08 21:53:47,087 - INFO - chart_engine.drawings - Loaded global chart settings.
2026-06-08 21:53:47,088 - INFO - chart_engine.drawings - Saved global chart settings.
2026-06-08 21:53:47,088 - INFO - chart_engine.drawings - Loaded global chart settings.
2026-06-08 21:53:47,089 - INFO - chart_engine.drawings - Saved global chart settings.
2026-06-08 21:53:47,402 - INFO - ibkr.core.alert_management_system - Loaded 0 alerts from disk
2026-06-08 21:53:47,402 - INFO - ibkr.core.alert_management_system - AlertSystemManager ready
2026-06-08 21:53:47,403 - INFO - ibkr.core.main_window - Alert system initialized successfully.
2026-06-08 21:53:47,403 - INFO - ibkr.core.alert_management_system - AlertEngine started
2026-06-08 21:53:47,406 - INFO - ibkr.core.main_window - Connecting component signals...
2026-06-08 21:53:47,408 - INFO - ib_insync.client - Connecting to 127.0.0.1:4002 with clientId 101...
2026-06-08 21:53:47,409 - INFO - ibkr.core.main_window - IBKR order lifecycle signals connected
2026-06-08 21:53:47,417 - INFO - ib_insync.client - Connected
2026-06-08 21:53:47,428 - INFO - ib_insync.client - Logged on to server version 176
2026-06-08 21:53:47,429 - INFO - ibkr.core.main_window - Keyboard shortcuts initialized
2026-06-08 21:53:47,485 - INFO - ib_insync.wrapper - Warning 2103, reqId -1: Market data farm connection is broken:usfarm
2026-06-08 21:53:47,585 - INFO - ib_insync.wrapper - Warning 2105, reqId -1: HMDS data farm connection is broken:ushmds
2026-06-08 21:53:47,585 - INFO - ib_insync.wrapper - Warning 2157, reqId -1: Sec-def data farm connection is broken:secdefil
2026-06-08 21:53:47,585 - INFO - ib_insync.client - API connection ready
2026-06-08 21:53:47,654 - INFO - ib_insync.wrapper - position: Position(account='DUQ624205', contract=Stock(conId=653400472, symbol='ARM', exchange='NASDAQ', currency='USD', localSymbol='ARM', tradingClass='NMS'), position=100.0, avgCost=359.300003)
2026-06-08 21:53:47,655 - INFO - ib_insync.wrapper - position: Position(account='DUQ624205', contract=Stock(conId=760250490, symbol='SNDK', exchange='NASDAQ', currency='USD', localSymbol='SNDK', tradingClass='NMS'), position=10.0, avgCost=1579.3)
2026-06-08 21:53:47,685 - INFO - ib_insync.wrapper - position: Position(account='DUQ624205', contract=Stock(conId=860471331, symbol='SPRC', exchange='NASDAQ', currency='USD', localSymbol='SPRC', tradingClass='SCM'), position=1000.0, avgCost=11.955003)
2026-06-08 21:53:47,687 - INFO - ib_insync.wrapper - position: Position(account='DUQ624205', contract=Stock(conId=8111188, symbol='BAX', exchange='NYSE', currency='USD', localSymbol='BAX', tradingClass='BAX'), position=10.0, avgCost=19.45)
2026-06-08 21:53:47,688 - INFO - ib_insync.wrapper - position: Position(account='DUQ624205', contract=Stock(conId=512000171, symbol='RDW', exchange='NYSE', currency='USD', localSymbol='RDW', tradingClass='RDW'), position=1000.0, avgCost=22.355003)
2026-06-08 21:53:47,688 - INFO - ib_insync.wrapper - position: Position(account='DUQ624205', contract=Stock(conId=613910262, symbol='LUNR', exchange='NASDAQ', currency='USD', localSymbol='LUNR', tradingClass='NMS'), position=1000.0, avgCost=34.565003)
2026-06-08 21:53:47,700 - INFO - ibkr.core.main_window - Subscription universe changed: 10 instruments (0 token-backed, +10/-0) sources={'charts': 2, 'header': 2}
2026-06-08 21:53:47,708 - INFO - ibkr.core.main_window - Window state restored
2026-06-08 21:53:47,708 - INFO - ibkr.core.main_window - Applied startup chart timeframes: left=day, right=60minute
2026-06-08 21:53:47,709 - INFO - ibkr.core.main_window - Simplified qullamaggie Window with Status Bar Initialized Successfully.
2026-06-08 21:53:47,702 - INFO - ib_insync.wrapper - position: Position(account='DUQ624205', contract=Stock(conId=395717235, symbol='MTA', exchange='AMEX', currency='USD', localSymbol='MTA', tradingClass='MTA'), position=1.0, avgCost=7.1811)
2026-06-08 21:53:47,713 - INFO - ib_insync.wrapper - position: Position(account='DUQ624205', contract=Stock(conId=129374415, symbol='PTCT', exchange='NASDAQ', currency='USD', localSymbol='PTCT', tradingClass='NMS'), position=100.0, avgCost=72.190003)
2026-06-08 21:53:47,713 - INFO - ib_insync.wrapper - position: Position(account='DUQ624205', contract=Stock(conId=366131368, symbol='AVTR', exchange='NYSE', currency='USD', localSymbol='AVTR', tradingClass='AVTR'), position=1.0, avgCost=9.5957)
2026-06-08 21:53:47,714 - INFO - ib_insync.wrapper - position: Position(account='DUQ624205', contract=Stock(conId=673368857, symbol='SIDU', exchange='NASDAQ', currency='USD', localSymbol='SIDU', tradingClass='SCM'), position=1000.0, avgCost=5.015003)
2026-06-08 21:53:47,714 - INFO - ib_insync.wrapper - position: Position(account='DUQ624205', contract=Stock(conId=725468685, symbol='DPRO', exchange='NASDAQ', currency='USD', localSymbol='DPRO', tradingClass='SCM'), position=1.0, avgCost=6.3536)
2026-06-08 21:53:47,712 - INFO - __main__ - Main window created successfully.
2026-06-08 21:53:47,715 - INFO - ib_insync.wrapper - position: Position(account='DUQ624205', contract=Stock(conId=137537411, symbol='VCYT', exchange='NASDAQ', currency='USD', localSymbol='VCYT', tradingClass='NMS'), position=2.0, avgCost=49.3587)
2026-06-08 21:53:47,730 - INFO - ib_insync.wrapper - position: Position(account='DUQ624205', contract=Stock(conId=6858145, symbol='TACT', exchange='NASDAQ', currency='USD', localSymbol='TACT', tradingClass='NMS'), position=1.0, avgCost=4.747)
2026-06-08 21:53:47,731 - INFO - ib_insync.wrapper - position: Position(account='DUQ624205', contract=Stock(conId=4815747, symbol='NVDA', exchange='NASDAQ', currency='USD', localSymbol='NVDA', tradingClass='NMS'), position=100.0, avgCost=210.520003)
2026-06-08 21:53:47,735 - INFO - ib_insync.wrapper - position: Position(account='DUQ624205', contract=Stock(conId=787273575, symbol='RKLB', exchange='NASDAQ', currency='USD', localSymbol='RKLB', tradingClass='NMS'), position=150.0, avgCost=118.70000335)
2026-06-08 21:53:47,738 - INFO - ib_insync.wrapper - position: Position(account='DUQ624205', contract=Stock(conId=517593749, symbol='IONQ', exchange='NYSE', currency='USD', localSymbol='IONQ', tradingClass='IONQ'), position=2.0, avgCost=63.367753)
2026-06-08 21:53:47,739 - INFO - ib_insync.wrapper - position: Position(account='DUQ624205', contract=Stock(conId=76792991, symbol='TSLA', exchange='NASDAQ', currency='USD', localSymbol='TSLA', tradingClass='NMS'), position=20.0, avgCost=412.475005)
2026-06-08 21:53:47,739 - INFO - ib_insync.wrapper - position: Position(account='DUQ624205', contract=Stock(conId=523222624, symbol='GFS', exchange='NASDAQ', currency='USD', localSymbol='GFS', tradingClass='NMS'), position=10.0, avgCost=79.08)
2026-06-08 21:53:47,739 - INFO - ib_insync.wrapper - position: Position(account='DUQ624205', contract=Stock(conId=478483396, symbol='DRS', exchange='NASDAQ', currency='USD', localSymbol='DRS', tradingClass='NMS'), position=1000.0, avgCost=48.466503)
2026-06-08 21:53:47,740 - INFO - ib_insync.wrapper - position: Position(account='DUQ624205', contract=Stock(conId=839174082, symbol='MNTS', exchange='NASDAQ', currency='USD', localSymbol='MNTS', tradingClass='SCM'), position=1500.0, avgCost=16.575003)
2026-06-08 21:53:47,741 - INFO - ib_insync.wrapper - position: Position(account='DUQ624205', contract=Stock(conId=314244771, symbol='ASX', exchange='NYSE', currency='USD', localSymbol='ASX', tradingClass='ASX'), position=100.0, avgCost=35.880003)
2026-06-08 21:53:47,805 - INFO - __main__ - Starting application event loop.
2026-06-08 21:53:47,805 - INFO - ib_insync.wrapper - position: Position(account='DUQ624205', contract=Stock(conId=446872191, symbol='CRSR', exchange='NASDAQ', currency='USD', localSymbol='CRSR', tradingClass='NMS'), position=1000.0, avgCost=9.055003)
2026-06-08 21:53:47,808 - INFO - ib_insync.wrapper - updatePortfolio: PortfolioItem(contract=Stock(conId=653400472, symbol='ARM', right='0', primaryExchange='NASDAQ', currency='USD', localSymbol='ARM', tradingClass='NMS'), position=100.0, marketPrice=358.07998655, marketValue=35808.0, averageCost=359.300003, unrealizedPNL=-122.0, realizedPNL=0.0, account='DUQ624205')
2026-06-08 21:53:47,809 - INFO - ib_insync.wrapper - updatePortfolio: PortfolioItem(contract=Stock(conId=314244771, symbol='ASX', right='0', primaryExchange='NYSE', currency='USD', localSymbol='ASX', tradingClass='ASX'), position=100.0, marketPrice=35.77000045, marketValue=3577.0, averageCost=35.880003, unrealizedPNL=-11.0, realizedPNL=0.0, account='DUQ624205')
2026-06-08 21:53:47,810 - INFO - ib_insync.wrapper - updatePortfolio: PortfolioItem(contract=Stock(conId=366131368, symbol='AVTR', right='0', primaryExchange='NYSE', currency='USD', localSymbol='AVTR', tradingClass='AVTR'), position=1.0, marketPrice=9.73999975, marketValue=9.74, averageCost=9.5957, unrealizedPNL=0.14, realizedPNL=0.0, account='DUQ624205')
2026-06-08 21:53:47,810 - INFO - ib_insync.wrapper - updatePortfolio: PortfolioItem(contract=Stock(conId=8111188, symbol='BAX', right='0', primaryExchange='NYSE', currency='USD', localSymbol='BAX', tradingClass='BAX'), position=10.0, marketPrice=19.45000075, marketValue=194.5, averageCost=19.45, unrealizedPNL=0.0, realizedPNL=0.0, account='DUQ624205')
2026-06-08 21:53:47,811 - INFO - ib_insync.wrapper - updatePortfolio: PortfolioItem(contract=Stock(conId=446872191, symbol='CRSR', right='0', primaryExchange='NASDAQ', currency='USD', localSymbol='CRSR', tradingClass='NMS'), position=1000.0, marketPrice=8.97000025, marketValue=8970.0, averageCost=9.055003, unrealizedPNL=-85.0, realizedPNL=0.0, account='DUQ624205')
2026-06-08 21:53:47,811 - INFO - ib_insync.wrapper - updatePortfolio: PortfolioItem(contract=Stock(conId=725468685, symbol='DPRO', right='0', primaryExchange='NASDAQ', currency='USD', localSymbol='DPRO', tradingClass='SCM'), position=1.0, marketPrice=6.57000015, marketValue=6.57, averageCost=6.3536, unrealizedPNL=0.22, realizedPNL=0.0, account='DUQ624205')
2026-06-08 21:53:47,811 - INFO - ib_insync.wrapper - updatePortfolio: PortfolioItem(contract=Stock(conId=478483396, symbol='DRS', right='0', primaryExchange='NASDAQ', currency='USD', localSymbol='DRS', tradingClass='NMS'), position=1000.0, marketPrice=46.81000135, marketValue=46810.0, averageCost=48.466503, unrealizedPNL=-1656.5, realizedPNL=0.0, account='DUQ624205')
2026-06-08 21:53:47,812 - INFO - ib_insync.wrapper - updatePortfolio: PortfolioItem(contract=Stock(conId=523222624, symbol='GFS', right='0', primaryExchange='NASDAQ', currency='USD', localSymbol='GFS', tradingClass='NMS'), position=10.0, marketPrice=78.1399994, marketValue=781.4, averageCost=79.08, unrealizedPNL=-9.4, realizedPNL=0.0, account='DUQ624205')
2026-06-08 21:53:47,812 - INFO - ib_insync.wrapper - updatePortfolio: PortfolioItem(contract=Stock(conId=517593749, symbol='IONQ', right='0', primaryExchange='NYSE', currency='USD', localSymbol='IONQ', tradingClass='IONQ'), position=2.0, marketPrice=62.65000155, marketValue=125.3, averageCost=63.367753, unrealizedPNL=-1.44, realizedPNL=0.0, account='DUQ624205')
2026-06-08 21:53:47,812 - INFO - ib_insync.wrapper - updatePortfolio: PortfolioItem(contract=Stock(conId=613910262, symbol='LUNR', right='0', primaryExchange='NASDAQ', currency='USD', localSymbol='LUNR', tradingClass='NMS'), position=1000.0, marketPrice=29.8199997, marketValue=29820.0, averageCost=34.565003, unrealizedPNL=-4745.0, realizedPNL=0.0, account='DUQ624205')
2026-06-08 21:53:47,813 - INFO - ib_insync.wrapper - updatePortfolio: PortfolioItem(contract=Stock(conId=839174082, symbol='MNTS', right='0', primaryExchange='NASDAQ', currency='USD', localSymbol='MNTS', tradingClass='SCM'), position=1500.0, marketPrice=13.22000025, marketValue=19830.0, averageCost=16.575003, unrealizedPNL=-5032.5, realizedPNL=0.0, account='DUQ624205')
2026-06-08 21:53:47,813 - INFO - ib_insync.wrapper - updatePortfolio: PortfolioItem(contract=Stock(conId=395717235, symbol='MTA', right='0', primaryExchange='AMEX', currency='USD', localSymbol='MTA', tradingClass='MTA'), position=1.0, marketPrice=7.21000005, marketValue=7.21, averageCost=7.1811, unrealizedPNL=0.03, realizedPNL=0.0, account='DUQ624205')
2026-06-08 21:53:47,814 - INFO - ib_insync.wrapper - updatePortfolio: PortfolioItem(contract=Stock(conId=4815747, symbol='NVDA', right='0', primaryExchange='NASDAQ', currency='USD', localSymbol='NVDA', tradingClass='NMS'), position=100.0, marketPrice=208.6399994, marketValue=20864.0, averageCost=210.520003, unrealizedPNL=-188.0, realizedPNL=0.0, account='DUQ624205')
2026-06-08 21:53:47,814 - INFO - ib_insync.wrapper - updatePortfolio: PortfolioItem(contract=Stock(conId=129374415, symbol='PTCT', right='0', primaryExchange='NASDAQ', currency='USD', localSymbol='PTCT', tradingClass='NMS'), position=100.0, marketPrice=70.55999755, marketValue=7056.0, averageCost=72.190003, unrealizedPNL=-163.0, realizedPNL=0.0, account='DUQ624205')
2026-06-08 21:53:47,815 - INFO - ib_insync.wrapper - updatePortfolio: PortfolioItem(contract=Stock(conId=512000171, symbol='RDW', right='0', primaryExchange='NYSE', currency='USD', localSymbol='RDW', tradingClass='RDW'), position=1000.0, marketPrice=18.76000025, marketValue=18760.0, averageCost=22.355003, unrealizedPNL=-3595.0, realizedPNL=0.0, account='DUQ624205')
2026-06-08 21:53:47,815 - INFO - ib_insync.wrapper - updatePortfolio: PortfolioItem(contract=Stock(conId=787273575, symbol='RKLB', right='0', primaryExchange='NASDAQ', currency='USD', localSymbol='RKLB', tradingClass='NMS'), position=150.0, marketPrice=113.8199997, marketValue=17073.0, averageCost=118.70000335, unrealizedPNL=-732.0, realizedPNL=0.0, account='DUQ624205')
2026-06-08 21:53:47,815 - INFO - ib_insync.wrapper - updatePortfolio: PortfolioItem(contract=Stock(conId=673368857, symbol='SIDU', right='0', primaryExchange='NASDAQ', currency='USD', localSymbol='SIDU', tradingClass='SCM'), position=1000.0, marketPrice=4.28999995, marketValue=4290.0, averageCost=5.015003, unrealizedPNL=-725.0, realizedPNL=0.0, account='DUQ624205')
2026-06-08 21:53:47,816 - INFO - ib_insync.wrapper - updatePortfolio: PortfolioItem(contract=Stock(conId=760250490, symbol='SNDK', right='0', primaryExchange='NASDAQ', currency='USD', localSymbol='SNDK', tradingClass='NMS'), position=10.0, marketPrice=1661.0, marketValue=16610.0, averageCost=1579.3, unrealizedPNL=817.0, realizedPNL=0.0, account='DUQ624205')
2026-06-08 21:53:47,816 - INFO - ib_insync.wrapper - updatePortfolio: PortfolioItem(contract=Stock(conId=860471331, symbol='SPRC', right='0', primaryExchange='NASDAQ', currency='USD', localSymbol='SPRC', tradingClass='SCM'), position=1000.0, marketPrice=11.29586885, marketValue=11295.87, averageCost=11.955003, unrealizedPNL=-659.13, realizedPNL=0.0, account='DUQ624205')
2026-06-08 21:53:47,817 - INFO - ib_insync.wrapper - updatePortfolio: PortfolioItem(contract=Stock(conId=6858145, symbol='TACT', right='0', primaryExchange='NASDAQ', currency='USD', localSymbol='TACT', tradingClass='NMS'), position=1.0, marketPrice=4.80480435, marketValue=4.8, averageCost=4.747, unrealizedPNL=0.06, realizedPNL=0.0, account='DUQ624205')
2026-06-08 21:53:47,817 - INFO - ib_insync.wrapper - updatePortfolio: PortfolioItem(contract=Stock(conId=76792991, symbol='TSLA', right='0', primaryExchange='NASDAQ', currency='USD', localSymbol='TSLA', tradingClass='NMS'), position=20.0, marketPrice=401.8699951, marketValue=8037.4, averageCost=412.475005, unrealizedPNL=-212.1, realizedPNL=0.0, account='DUQ624205')
2026-06-08 21:53:47,817 - INFO - ib_insync.wrapper - updatePortfolio: PortfolioItem(contract=Stock(conId=137537411, symbol='VCYT', right='0', primaryExchange='NASDAQ', currency='USD', localSymbol='VCYT', tradingClass='NMS'), position=2.0, marketPrice=48.13000105, marketValue=96.26, averageCost=49.3587, unrealizedPNL=-2.46, realizedPNL=0.0, account='DUQ624205')
2026-06-08 21:53:48,217 - INFO - ib_insync.wrapper - execDetails Execution(execId='00012ec5.6a333a8e.01.01', time=datetime.datetime(2026, 6, 8, 8, 15, 23, tzinfo=datetime.timezone.utc), acctNumber='DUQ624205', exchange='NASDAQ', side='BOT', shares=100.0, price=14.99, permId=1973074377, clientId=1, orderId=221, liquidation=0, cumQty=100.0, avgPrice=14.99, orderRef='', evRule='', evMultiplier=0.0, modelCode='', lastLiquidity=1)
2026-06-08 21:53:48,218 - INFO - ib_insync.wrapper - execDetails Execution(execId='00012ec5.6a333b76.01.01', time=datetime.datetime(2026, 6, 8, 8, 15, 37, tzinfo=datetime.timezone.utc), acctNumber='DUQ624205', exchange='NASDAQ', side='BOT', shares=100.0, price=14.99, permId=1973074377, clientId=1, orderId=221, liquidation=0, cumQty=200.0, avgPrice=14.99, orderRef='', evRule='', evMultiplier=0.0, modelCode='', lastLiquidity=1)
2026-06-08 21:53:48,274 - INFO - ib_insync.wrapper - execDetails Execution(execId='00012ec5.6a333cd1.01.01', time=datetime.datetime(2026, 6, 8, 8, 16, 7, tzinfo=datetime.timezone.utc), acctNumber='DUQ624205', exchange='NASDAQ', side='BOT', shares=200.0, price=14.99, permId=1973074377, clientId=1, orderId=221, liquidation=0, cumQty=400.0, avgPrice=14.99, orderRef='', evRule='', evMultiplier=0.0, modelCode='', lastLiquidity=1)
2026-06-08 21:53:48,275 - INFO - ib_insync.wrapper - execDetails Execution(execId='00012ec5.6a333e24.01.01', time=datetime.datetime(2026, 6, 8, 8, 17, 59, tzinfo=datetime.timezone.utc), acctNumber='DUQ624205', exchange='NASDAQ', side='BOT', shares=100.0, price=14.99, permId=1973074377, clientId=1, orderId=221, liquidation=0, cumQty=500.0, avgPrice=14.99, orderRef='', evRule='', evMultiplier=0.0, modelCode='', lastLiquidity=1)
2026-06-08 21:53:48,275 - INFO - ib_insync.wrapper - execDetails Execution(execId='00012ec5.6a341b6e.01.01', time=datetime.datetime(2026, 6, 8, 15, 3, 49, tzinfo=datetime.timezone.utc), acctNumber='DUQ624205', exchange='NYSE', side='BOT', shares=1.0, price=62.5, permId=1327048471, clientId=1, orderId=235, liquidation=0, cumQty=1.0, avgPrice=62.5, orderRef='', evRule='', evMultiplier=0.0, modelCode='', lastLiquidity=1)
2026-06-08 21:53:48,276 - INFO - ib_insync.wrapper - execDetails Execution(execId='00012ec5.6a3423d9.01.01', time=datetime.datetime(2026, 6, 8, 15, 11, 18, tzinfo=datetime.timezone.utc), acctNumber='DUQ624205', exchange='BEX', side='BOT', shares=1.0, price=62.98, permId=2036933801, clientId=1, orderId=249, liquidation=0, cumQty=1.0, avgPrice=62.98, orderRef='', evRule='', evMultiplier=0.0, modelCode='', lastLiquidity=2)
2026-06-08 21:53:48,276 - INFO - ib_insync.wrapper - commissionReport: CommissionReport(execId='00012ec5.6a333a8e.01.01', commission=1.0003, currency='USD', realizedPNL=0.0, yield_=0.0, yieldRedemptionDate=0)
2026-06-08 21:53:48,277 - INFO - ib_insync.wrapper - commissionReport: CommissionReport(execId='00012ec5.6a333b76.01.01', commission=0.0003, currency='USD', realizedPNL=0.0, yield_=0.0, yieldRedemptionDate=0)
2026-06-08 21:53:48,277 - INFO - ib_insync.wrapper - commissionReport: CommissionReport(execId='00012ec5.6a333cd1.01.01', commission=1.0006, currency='USD', realizedPNL=0.0, yield_=0.0, yieldRedemptionDate=0)
2026-06-08 21:53:48,277 - INFO - ib_insync.wrapper - commissionReport: CommissionReport(execId='00012ec5.6a333e24.01.01', commission=0.5003, currency='USD', realizedPNL=0.0, yield_=0.0, yieldRedemptionDate=0)
2026-06-08 21:53:48,277 - INFO - ib_insync.wrapper - commissionReport: CommissionReport(execId='00012ec5.6a341b6e.01.01', commission=0.625003, currency='USD', realizedPNL=0.0, yield_=0.0, yieldRedemptionDate=0)
2026-06-08 21:53:48,277 - INFO - ib_insync.wrapper - commissionReport: CommissionReport(execId='00012ec5.6a3423d9.01.01', commission=0.630503, currency='USD', realizedPNL=0.0, yield_=0.0, yieldRedemptionDate=0)
2026-06-08 21:53:48,278 - INFO - ib_insync.ib - Synchronization complete
2026-06-08 21:53:48,278 - INFO - ibkr.core.market_data_worker - Dedicated IBKR market-data connection established on 127.0.0.1:4002 clientId=101
2026-06-08 21:53:48,278 - INFO - ibkr.core.market_data_worker - IBKR MarketDataWorker started
2026-06-08 21:53:48,279 - INFO - ibkr.core.market_data_worker - Requested IBKR delayed market data type (3); delayed fallback=False; generic ticks=''
2026-06-08 21:53:48,370 - INFO - ibkr.core.main_window - IBKR loader: Building initial instrument list...
2026-06-08 21:53:48,386 - INFO - ibkr.core.main_window - Window state saved
2026-06-08 21:53:48,420 - WARNING - ibkr.core.main_window - IBKR market data is delayed (delayed); live subscription is unavailable.
2026-06-08 21:53:48,420 - INFO - ibkr.core.main_window - WebSocket connected. Setting up subscriptions.
2026-06-08 21:53:48,420 - INFO - ibkr.core.position_manager - Fetching positions from broker - Reason: ibkr_connected
2026-06-08 21:53:48,573 - INFO - ibkr.core.main_window - Added 22 widget market-data subscriptions (22 token-backed)
2026-06-08 21:53:48,592 - INFO - ibkr.core.position_manager - Position table changed: 22 open positions | open MTM -17122.08 | realized 0.00
2026-06-08 21:53:48,646 - INFO - ibkr.core.position_manager - Fetching positions from broker - Reason: ibkr_order_update
2026-06-08 21:53:49,692 - INFO - ibkr.core.main_window - Successfully loaded 3798 instruments.
2026-06-08 21:53:49,695 - INFO - ibkr.widgets.header_toolbar - Search index ready: 3798 instruments
2026-06-08 21:53:49,766 - INFO - ibkr.core.main_window - Instruments loaded successfully.
2026-06-08 21:53:49,785 - INFO - ibkr.core.main_window - IBKR loader: Loaded 181 symbols (qualifying in background...)
2026-06-08 21:53:49,841 - INFO - ibkr.core.position_manager - Fetching positions from broker - Reason: app_startup
2026-06-08 21:53:49,863 - INFO - ibkr.core.main_window - Position system initialized successfully
2026-06-08 21:53:49,985 - INFO - ibkr.widgets.scanner_table - EOD Scan completed: 24 symbols with complete data
2026-06-08 21:53:50,069 - INFO - ibkr.widgets.scanner_table - EOD Scanner table updated with 24 symbols.
2026-06-08 21:53:50,370 - INFO - ibkr.core.main_window - Subscription universe changed: 32 instruments (22 token-backed, +22/-0) sources={'positions': 22, 'charts': 2, 'watchlist': 1, 'header': 2}
2026-06-08 21:53:50,762 - INFO - ibkr.core.network_monitor - NetworkMonitor started
2026-06-08 21:53:50,762 - INFO - ibkr.core.main_window - Network resilience layer initialized
2026-06-08 21:53:50,763 - INFO - ibkr.core.position_manager - Fetching positions from broker - Reason: instruments_loaded
2026-06-08 21:53:50,778 - INFO - ibkr.core.main_window - Chart auto-loading initiated
2026-06-08 21:53:50,778 - INFO - ibkr.core.main_window - Chart has active symbol ARM but no rendered data; retrying historical load (conId=symbol-lookup)
2026-06-08 21:53:50,841 - INFO - chart_engine.core.ibkr_data_fetcher - Chart data source=IBKR symbol=ARM interval=day from=2025-11-20T12:23:50.841086-05:00 to=2026-06-08T12:23:50.841086-04:00 dedicated_history=True
2026-06-08 21:53:50,864 - INFO - ibkr.core.position_manager - Fetching positions from broker - Reason: ibkr_order_update
2026-06-08 21:53:51,687 - INFO - ibkr.core.network_monitor - Network confirmed online at startup
2026-06-08 21:53:53,760 - INFO - ibkr.core.position_manager - Fetching positions from broker - Reason: ibkr_order_update
2026-06-08 21:53:54,021 - INFO - ib_insync.wrapper - Warning 2157, reqId -1: Sec-def data farm connection is broken:secdefil
2026-06-08 21:53:54,022 - INFO - ib_insync.wrapper - Warning 2157, reqId -1: Sec-def data farm connection is broken:secdefil
2026-06-08 21:53:56,760 - INFO - ibkr.core.position_manager - Fetching positions from broker - Reason: ibkr_order_update
2026-06-08 21:53:56,840 - INFO - chart_engine.core.ibkr_data_fetcher - Chart data source=IBKR symbol=ANET interval=day from=2025-11-20T12:23:56.840655-05:00 to=2026-06-08T12:23:56.840655-04:00 dedicated_history=True
2026-06-08 21:53:56,879 - INFO - chart_engine.core.ibkr_data_fetcher - Chart data source=IBKR symbol=ANET interval=60minute from=2026-04-19T12:23:56.878954-04:00 to=2026-06-08T12:23:56.878954-04:00 dedicated_history=True
2026-06-08 21:53:59,760 - INFO - ibkr.core.position_manager - Fetching positions from broker - Reason: ibkr_order_update
2026-06-08 21:54:01,892 - INFO - chart_engine.core.ibkr_data_fetcher - Chart data source=IBKR symbol=ASX interval=day from=2025-11-20T12:24:01.890776-05:00 to=2026-06-08T12:24:01.890776-04:00 dedicated_history=True
2026-06-08 21:54:01,911 - INFO - chart_engine.core.ibkr_data_fetcher - Chart data source=IBKR symbol=ASX interval=60minute from=2026-04-19T12:24:01.910668-04:00 to=2026-06-08T12:24:01.910668-04:00 dedicated_history=True
2026-06-08 21:54:01,961 - INFO - chart_engine.core.ibkr_data_fetcher - Chart data source=IBKR symbol=ASX interval=day from=2025-11-20T12:24:01.961765-05:00 to=2026-06-08T12:24:01.961765-04:00 dedicated_history=True
2026-06-08 21:54:01,973 - INFO - chart_engine.core.ibkr_data_fetcher - Chart data source=IBKR symbol=ASX interval=60minute from=2026-04-19T12:24:01.973666-04:00 to=2026-06-08T12:24:01.973666-04:00 dedicated_history=True
2026-06-08 21:54:02,468 - INFO - ib_insync.wrapper - Warning 2103, reqId -1: Market data farm connection is broken:usfarm
2026-06-08 21:54:02,469 - INFO - ib_insync.wrapper - Warning 2103, reqId -1: Market data farm connection is broken:usfarm
2026-06-08 21:54:02,474 - INFO - ib_insync.wrapper - Warning 2105, reqId -1: HMDS data farm connection is broken:ushmds
2026-06-08 21:54:02,474 - INFO - ib_insync.wrapper - Warning 2105, reqId -1: HMDS data farm connection is broken:ushmds
2026-06-08 21:54:02,759 - INFO - ibkr.core.position_manager - Fetching positions from broker - Reason: ibkr_order_update
2026-06-08 21:54:03,118 - INFO - chart_engine.core.ibkr_data_fetcher - Chart data source=IBKR symbol=DPRO interval=day from=2025-11-20T12:24:03.118052-05:00 to=2026-06-08T12:24:03.118052-04:00 dedicated_history=True
2026-06-08 21:54:03,126 - INFO - chart_engine.core.ibkr_data_fetcher - Chart data source=IBKR symbol=DPRO interval=60minute from=2026-04-19T12:24:03.126469-04:00 to=2026-06-08T12:24:03.126469-04:00 dedicated_history=True
2026-06-08 21:54:03,229 - INFO - chart_engine.core.ibkr_data_fetcher - Chart data source=IBKR symbol=DPRO interval=day from=2025-11-20T12:24:03.229623-05:00 to=2026-06-08T12:24:03.229623-04:00 dedicated_history=True
2026-06-08 21:54:03,236 - INFO - chart_engine.core.ibkr_data_fetcher - Chart data source=IBKR symbol=DPRO interval=60minute from=2026-04-19T12:24:03.236246-04:00 to=2026-06-08T12:24:03.236246-04:00 dedicated_history=True
2026-06-08 21:54:05,760 - INFO - ibkr.core.position_manager - Fetching positions from broker - Reason: ibkr_order_update
2026-06-08 21:54:08,760 - INFO - ibkr.core.position_manager - Fetching positions from broker - Reason: ibkr_order_update
2026-06-08 21:54:11,760 - INFO - ibkr.core.position_manager - Fetching positions from broker - Reason: ibkr_order_update
2026-06-08 21:54:14,760 - INFO - ibkr.core.position_manager - Fetching positions from broker - Reason: ibkr_order_update
2026-06-08 21:54:17,761 - INFO - ibkr.core.position_manager - Fetching positions from broker - Reason: ibkr_order_update
2026-06-08 21:54:20,761 - INFO - ibkr.core.position_manager - Fetching positions from broker - Reason: ibkr_order_update
2026-06-08 21:54:23,078 - INFO - ib_insync.wrapper - Warning 2105, reqId -1: HMDS data farm connection is broken:ushmds
2026-06-08 21:54:23,080 - INFO - ib_insync.wrapper - Warning 2105, reqId -1: HMDS data farm connection is broken:ushmds
2026-06-08 21:54:23,123 - INFO - ib_insync.wrapper - Warning 2103, reqId -1: Market data farm connection is broken:usfarm
2026-06-08 21:54:23,124 - INFO - ib_insync.wrapper - Warning 2103, reqId -1: Market data farm connection is broken:usfarm
2026-06-08 21:54:23,761 - INFO - ibkr.core.position_manager - Fetching positions from broker - Reason: ibkr_order_update
2026-06-08 21:54:26,760 - INFO - ibkr.core.position_manager - Fetching positions from broker - Reason: ibkr_order_update
2026-06-08 21:54:27,523 - ERROR - ib_insync.client - Peer closed connection.
2026-06-08 21:54:27,526 - WARNING - chart_engine.core.data_loader - Fetch failed for DPRO: Could not qualify contract for DPRO: Socket disconnect
2026-06-08 21:54:27,527 - ERROR - ib_insync.client - Peer closed connection.
2026-06-08 21:54:27,527 - WARNING - chart_engine.core.data_loader - Fetch failed for DPRO: Could not qualify contract for DPRO: Socket disconnect
2026-06-08 21:54:27,529 - WARNING - ibkr.core.market_data_worker - Batch contract qualification failed, falling back per contract: Socket disconnect
2026-06-08 21:54:27,534 - ERROR - ibkr.core.market_data_worker - Contract qualification failed for Stock(symbol='ARM', exchange='SMART', currency='USD'): Not connected
2026-06-08 21:54:27,535 - ERROR - ibkr.core.market_data_worker - Contract qualification failed for Stock(symbol='SPY', exchange='SMART', currency='USD'): Not connected
2026-06-08 21:54:27,535 - ERROR - ibkr.core.market_data_worker - Contract qualification failed for Stock(symbol='IONQ', exchange='SMART', currency='USD'): Not connected
2026-06-08 21:54:27,535 - ERROR - ibkr.core.market_data_worker - Contract qualification failed for Stock(symbol='KTCC', exchange='SMART', currency='USD'): Not connected
2026-06-08 21:54:27,536 - ERROR - ibkr.core.market_data_worker - Contract qualification failed for Stock(symbol='LOGI', exchange='SMART', currency='USD'): Not connected
2026-06-08 21:54:27,536 - ERROR - ibkr.core.market_data_worker - Contract qualification failed for Stock(symbol='OSS', exchange='SMART', currency='USD'): Not connected
2026-06-08 21:54:27,536 - ERROR - ibkr.core.market_data_worker - Contract qualification failed for Stock(symbol='QMCO', exchange='SMART', currency='USD'): Not connected
2026-06-08 21:54:27,537 - ERROR - ibkr.core.market_data_worker - Contract qualification failed for Stock(symbol='SMCI', exchange='SMART', currency='USD'): Not connected
2026-06-08 21:54:27,540 - ERROR - ibkr.core.market_data_worker - Contract qualification failed for Stock(symbol='HPQ', exchange='SMART', currency='USD'): Not connected
2026-06-08 21:54:27,541 - ERROR - ibkr.core.market_data_worker - Contract qualification failed for Stock(symbol='QQQ', exchange='SMART', currency='USD'): Not connected
2026-06-08 21:54:27,541 - ERROR - ibkr.core.market_data_worker - IBKR market data subscribe failed for ARM: Not connected
2026-06-08 21:54:27,541 - ERROR - ibkr.core.market_data_worker - IBKR market data subscribe failed for SPY: Not connected
2026-06-08 21:54:27,541 - ERROR - ibkr.core.market_data_worker - IBKR market data subscribe failed for IONQ: Not connected
2026-06-08 21:54:27,541 - ERROR - ibkr.core.market_data_worker - IBKR market data subscribe failed for KTCC: Not connected
2026-06-08 21:54:27,541 - ERROR - ibkr.core.market_data_worker - IBKR market data subscribe failed for LOGI: Not connected
2026-06-08 21:54:27,541 - ERROR - ibkr.core.market_data_worker - IBKR market data subscribe failed for OSS: Not connected
2026-06-08 21:54:27,542 - ERROR - ibkr.core.market_data_worker - IBKR market data subscribe failed for QMCO: Not connected
2026-06-08 21:54:27,542 - ERROR - ibkr.core.market_data_worker - IBKR market data subscribe failed for SMCI: Not connected
2026-06-08 21:54:27,542 - ERROR - ibkr.core.market_data_worker - IBKR market data subscribe failed for HPQ: Not connected
2026-06-08 21:54:27,542 - ERROR - ibkr.core.market_data_worker - IBKR market data subscribe failed for QQQ: Not connected
2026-06-08 21:54:27,544 - WARNING - ibkr.core.market_data_worker - Batch contract qualification failed, falling back per contract: Not connected
2026-06-08 21:54:27,545 - ERROR - ibkr.core.market_data_worker - Contract qualification failed for Contract(secType='STK', conId=4815747, exchange='SMART', currency='USD'): Not connected
2026-06-08 21:54:27,545 - ERROR - ibkr.core.market_data_worker - Contract qualification failed for Contract(secType='STK', conId=6858145, exchange='SMART', currency='USD'): Not connected
2026-06-08 21:54:27,548 - ERROR - ibkr.core.market_data_worker - Contract qualification failed for Contract(secType='STK', conId=8111188, exchange='SMART', currency='USD'): Not connected
2026-06-08 21:54:27,548 - ERROR - ibkr.core.market_data_worker - Contract qualification failed for Contract(secType='STK', conId=76792991, exchange='SMART', currency='USD'): Not connected
2026-06-08 21:54:27,549 - ERROR - ibkr.core.market_data_worker - Contract qualification failed for Contract(secType='STK', conId=129374415, exchange='SMART', currency='USD'): Not connected
2026-06-08 21:54:27,549 - ERROR - ibkr.core.market_data_worker - Contract qualification failed for Contract(secType='STK', conId=137537411, exchange='SMART', currency='USD'): Not connected
2026-06-08 21:54:27,549 - ERROR - ibkr.core.market_data_worker - Contract qualification failed for Contract(secType='STK', conId=314244771, exchange='SMART', currency='USD'): Not connected
2026-06-08 21:54:27,550 - ERROR - ibkr.core.market_data_worker - Contract qualification failed for Contract(secType='STK', conId=366131368, exchange='SMART', currency='USD'): Not connected
2026-06-08 21:54:27,552 - ERROR - ibkr.core.market_data_worker - Contract qualification failed for Contract(secType='STK', conId=395717235, exchange='SMART', currency='USD'): Not connected
2026-06-08 21:54:27,552 - ERROR - ibkr.core.market_data_worker - Contract qualification failed for Contract(secType='STK', conId=446872191, exchange='SMART', currency='USD'): Not connected
2026-06-08 21:54:27,553 - ERROR - ibkr.core.market_data_worker - Contract qualification failed for Contract(secType='STK', conId=478483396, exchange='SMART', currency='USD'): Not connected
2026-06-08 21:54:27,553 - ERROR - ibkr.core.market_data_worker - Contract qualification failed for Contract(secType='STK', conId=512000171, exchange='SMART', currency='USD'): Not connected
2026-06-08 21:54:27,553 - ERROR - ibkr.core.market_data_worker - Contract qualification failed for Contract(secType='STK', conId=517593749, exchange='SMART', currency='USD'): Not connected
2026-06-08 21:54:27,554 - ERROR - ibkr.core.market_data_worker - Contract qualification failed for Contract(secType='STK', conId=523222624, exchange='SMART', currency='USD'): Not connected
2026-06-08 21:54:27,554 - ERROR - ibkr.core.market_data_worker - Contract qualification failed for Contract(secType='STK', conId=613910262, exchange='SMART', currency='USD'): Not connected
2026-06-08 21:54:27,555 - ERROR - ibkr.core.market_data_worker - Contract qualification failed for Contract(secType='STK', conId=653400472, exchange='SMART', currency='USD'): Not connected
2026-06-08 21:54:27,559 - ERROR - ibkr.core.market_data_worker - Contract qualification failed for Contract(secType='STK', conId=673368857, exchange='SMART', currency='USD'): Not connected
2026-06-08 21:54:27,559 - ERROR - ibkr.core.market_data_worker - Contract qualification failed for Contract(secType='STK', conId=725468685, exchange='SMART', currency='USD'): Not connected
2026-06-08 21:54:27,561 - ERROR - ibkr.core.market_data_worker - Contract qualification failed for Contract(secType='STK', conId=760250490, exchange='SMART', currency='USD'): Not connected
2026-06-08 21:54:27,562 - ERROR - ibkr.core.market_data_worker - Contract qualification failed for Contract(secType='STK', conId=787273575, exchange='SMART', currency='USD'): Not connected
2026-06-08 21:54:27,562 - ERROR - ibkr.core.market_data_worker - Contract qualification failed for Contract(secType='STK', conId=839174082, exchange='SMART', currency='USD'): Not connected
2026-06-08 21:54:27,563 - ERROR - ibkr.core.market_data_worker - Contract qualification failed for Contract(secType='STK', conId=860471331, exchange='SMART', currency='USD'): Not connected
2026-06-08 21:54:27,563 - ERROR - ibkr.core.market_data_worker - IBKR market data subscribe failed for 4815747: Not connected
2026-06-08 21:54:27,563 - ERROR - ibkr.core.market_data_worker - IBKR market data subscribe failed for 6858145: Not connected
2026-06-08 21:54:27,564 - ERROR - ibkr.core.market_data_worker - IBKR market data subscribe failed for 8111188: Not connected
2026-06-08 21:54:27,564 - ERROR - ibkr.core.market_data_worker - IBKR market data subscribe failed for 76792991: Not connected
2026-06-08 21:54:27,564 - ERROR - ibkr.core.market_data_worker - IBKR market data subscribe failed for 129374415: Not connected
2026-06-08 21:54:27,564 - ERROR - ibkr.core.market_data_worker - IBKR market data subscribe failed for 137537411: Not connected
2026-06-08 21:54:27,565 - ERROR - ibkr.core.market_data_worker - IBKR market data subscribe failed for 314244771: Not connected
2026-06-08 21:54:27,565 - ERROR - ibkr.core.market_data_worker - IBKR market data subscribe failed for 366131368: Not connected
2026-06-08 21:54:27,565 - ERROR - ibkr.core.market_data_worker - IBKR market data subscribe failed for 395717235: Not connected
2026-06-08 21:54:27,565 - ERROR - ibkr.core.market_data_worker - IBKR market data subscribe failed for 446872191: Not connected
2026-06-08 21:54:27,566 - ERROR - ibkr.core.market_data_worker - IBKR market data subscribe failed for 478483396: Not connected
2026-06-08 21:54:27,566 - ERROR - ibkr.core.market_data_worker - IBKR market data subscribe failed for 512000171: Not connected
2026-06-08 21:54:27,566 - ERROR - ibkr.core.market_data_worker - IBKR market data subscribe failed for 517593749: Not connected
2026-06-08 21:54:27,566 - ERROR - ibkr.core.market_data_worker - IBKR market data subscribe failed for 523222624: Not connected
2026-06-08 21:54:27,566 - ERROR - ibkr.core.market_data_worker - IBKR market data subscribe failed for 613910262: Not connected
2026-06-08 21:54:27,566 - ERROR - ibkr.core.market_data_worker - IBKR market data subscribe failed for 653400472: Not connected
2026-06-08 21:54:27,566 - ERROR - ibkr.core.market_data_worker - IBKR market data subscribe failed for 673368857: Not connected
2026-06-08 21:54:27,567 - ERROR - ibkr.core.market_data_worker - IBKR market data subscribe failed for 725468685: Not connected
2026-06-08 21:54:27,567 - ERROR - ibkr.core.market_data_worker - IBKR market data subscribe failed for 760250490: Not connected
2026-06-08 21:54:27,567 - ERROR - ibkr.core.market_data_worker - IBKR market data subscribe failed for 787273575: Not connected
2026-06-08 21:54:27,568 - ERROR - ibkr.core.market_data_worker - IBKR market data subscribe failed for 839174082: Not connected
2026-06-08 21:54:27,568 - ERROR - ibkr.core.market_data_worker - IBKR market data subscribe failed for 860471331: Not connected
2026-06-08 21:54:27,576 - WARNING - ibkr.core.market_data_worker - Batch contract qualification failed, falling back per contract: Not connected
2026-06-08 21:54:27,576 - ERROR - ibkr.core.market_data_worker - Contract qualification failed for Stock(symbol='SPY', exchange='SMART', currency='USD'): Not connected
2026-06-08 21:54:27,577 - ERROR - ibkr.core.market_data_worker - Contract qualification failed for Stock(symbol='QQQ', exchange='SMART', currency='USD'): Not connected
2026-06-08 21:54:27,577 - ERROR - ibkr.core.market_data_worker - IBKR market data subscribe failed for SPY: Not connected
2026-06-08 21:54:27,577 - ERROR - ibkr.core.market_data_worker - IBKR market data subscribe failed for QQQ: Not connected
2026-06-08 21:54:27,578 - WARNING - ibkr.core.market_data_worker - Batch contract qualification failed, falling back per contract: Not connected
2026-06-08 21:54:27,579 - ERROR - ibkr.core.market_data_worker - Contract qualification failed for Contract(secType='STK', conId=653400472, symbol='ARM', exchange='SMART', currency='USD'): Not connected
2026-06-08 21:54:27,579 - ERROR - ibkr.core.market_data_worker - Contract qualification failed for Contract(secType='STK', conId=314244771, symbol='ASX', exchange='SMART', currency='USD'): Not connected
2026-06-08 21:54:27,580 - ERROR - ibkr.core.market_data_worker - Contract qualification failed for Contract(secType='STK', conId=366131368, symbol='AVTR', exchange='SMART', currency='USD'): Not connected
2026-06-08 21:54:27,581 - ERROR - ibkr.core.market_data_worker - Contract qualification failed for Contract(secType='STK', conId=8111188, symbol='BAX', exchange='SMART', currency='USD'): Not connected
2026-06-08 21:54:27,581 - ERROR - ibkr.core.market_data_worker - Contract qualification failed for Contract(secType='STK', conId=446872191, symbol='CRSR', exchange='SMART', currency='USD'): Not connected
2026-06-08 21:54:27,582 - ERROR - ibkr.core.market_data_worker - Contract qualification failed for Contract(secType='STK', conId=725468685, symbol='DPRO', exchange='SMART', currency='USD'): Not connected
2026-06-08 21:54:27,583 - ERROR - ibkr.core.market_data_worker - Contract qualification failed for Contract(secType='STK', conId=478483396, symbol='DRS', exchange='SMART', currency='USD'): Not connected
2026-06-08 21:54:27,584 - ERROR - ibkr.core.market_data_worker - Contract qualification failed for Contract(secType='STK', conId=523222624, symbol='GFS', exchange='SMART', currency='USD'): Not connected
2026-06-08 21:54:27,587 - ERROR - ibkr.core.market_data_worker - Contract qualification failed for Contract(secType='STK', conId=517593749, symbol='IONQ', exchange='SMART', currency='USD'): Not connected
2026-06-08 21:54:27,588 - ERROR - ibkr.core.market_data_worker - Contract qualification failed for Contract(secType='STK', conId=613910262, symbol='LUNR', exchange='SMART', currency='USD'): Not connected
2026-06-08 21:54:27,588 - ERROR - ibkr.core.market_data_worker - Contract qualification failed for Contract(secType='STK', conId=839174082, symbol='MNTS', exchange='SMART', currency='USD'): Not connected
2026-06-08 21:54:27,589 - ERROR - ibkr.core.market_data_worker - Contract qualification failed for Contract(secType='STK', conId=395717235, symbol='MTA', exchange='SMART', currency='USD'): Not connected
2026-06-08 21:54:27,589 - ERROR - ibkr.core.market_data_worker - Contract qualification failed for Contract(secType='STK', conId=4815747, symbol='NVDA', exchange='SMART', currency='USD'): Not connected
2026-06-08 21:54:27,590 - ERROR - ibkr.core.market_data_worker - Contract qualification failed for Contract(secType='STK', conId=129374415, symbol='PTCT', exchange='SMART', currency='USD'): Not connected
2026-06-08 21:54:27,592 - ERROR - ibkr.core.market_data_worker - Contract qualification failed for Contract(secType='STK', conId=512000171, symbol='RDW', exchange='SMART', currency='USD'): Not connected
2026-06-08 21:54:27,592 - ERROR - ibkr.core.market_data_worker - Contract qualification failed for Contract(secType='STK', conId=787273575, symbol='RKLB', exchange='SMART', currency='USD'): Not connected
2026-06-08 21:54:27,593 - ERROR - ibkr.core.market_data_worker - Contract qualification failed for Contract(secType='STK', conId=673368857, symbol='SIDU', exchange='SMART', currency='USD'): Not connected
2026-06-08 21:54:27,593 - ERROR - ibkr.core.market_data_worker - Contract qualification failed for Contract(secType='STK', conId=760250490, symbol='SNDK', exchange='SMART', currency='USD'): Not connected
2026-06-08 21:54:27,594 - ERROR - ibkr.core.market_data_worker - Contract qualification failed for Contract(secType='STK', conId=860471331, symbol='SPRC', exchange='SMART', currency='USD'): Not connected
2026-06-08 21:54:27,594 - ERROR - ibkr.core.market_data_worker - Contract qualification failed for Contract(secType='STK', conId=6858145, symbol='TACT', exchange='SMART', currency='USD'): Not connected
2026-06-08 21:54:27,595 - ERROR - ibkr.core.market_data_worker - Contract qualification failed for Contract(secType='STK', conId=76792991, symbol='TSLA', exchange='SMART', currency='USD'): Not connected
2026-06-08 21:54:27,596 - ERROR - ibkr.core.market_data_worker - Contract qualification failed for Contract(secType='STK', conId=137537411, symbol='VCYT', exchange='SMART', currency='USD'): Not connected
2026-06-08 21:54:27,598 - ERROR - ibkr.core.market_data_worker - Contract qualification failed for Stock(symbol='ARM', exchange='SMART', currency='USD'): Not connected
2026-06-08 21:54:27,599 - ERROR - ibkr.core.market_data_worker - Contract qualification failed for Stock(symbol='SPY', exchange='SMART', currency='USD'): Not connected
2026-06-08 21:54:27,599 - ERROR - ibkr.core.market_data_worker - Contract qualification failed for Stock(symbol='IONQ', exchange='SMART', currency='USD'): Not connected
2026-06-08 21:54:27,602 - ERROR - ibkr.core.market_data_worker - IBKR market data subscribe failed for ARM: Not connected
2026-06-08 21:54:27,602 - ERROR - ibkr.core.market_data_worker - IBKR market data subscribe failed for ASX: Not connected
2026-06-08 21:54:27,602 - ERROR - ibkr.core.market_data_worker - IBKR market data subscribe failed for AVTR: Not connected
2026-06-08 21:54:27,602 - ERROR - ibkr.core.market_data_worker - IBKR market data subscribe failed for BAX: Not connected
2026-06-08 21:54:27,603 - ERROR - ibkr.core.market_data_worker - IBKR market data subscribe failed for CRSR: Not connected
2026-06-08 21:54:27,603 - ERROR - ibkr.core.market_data_worker - IBKR market data subscribe failed for DPRO: Not connected
2026-06-08 21:54:27,603 - ERROR - ibkr.core.market_data_worker - IBKR market data subscribe failed for DRS: Not connected
2026-06-08 21:54:27,603 - ERROR - ibkr.core.market_data_worker - IBKR market data subscribe failed for GFS: Not connected
2026-06-08 21:54:27,603 - ERROR - ibkr.core.market_data_worker - IBKR market data subscribe failed for IONQ: Not connected
2026-06-08 21:54:27,603 - ERROR - ibkr.core.market_data_worker - IBKR market data subscribe failed for LUNR: Not connected
2026-06-08 21:54:27,603 - ERROR - ibkr.core.market_data_worker - IBKR market data subscribe failed for MNTS: Not connected
2026-06-08 21:54:27,604 - ERROR - ibkr.core.market_data_worker - IBKR market data subscribe failed for MTA: Not connected
2026-06-08 21:54:27,604 - ERROR - ibkr.core.market_data_worker - IBKR market data subscribe failed for NVDA: Not connected
2026-06-08 21:54:27,604 - ERROR - ibkr.core.market_data_worker - IBKR market data subscribe failed for PTCT: Not connected
2026-06-08 21:54:27,607 - ERROR - ibkr.core.market_data_worker - IBKR market data subscribe failed for RDW: Not connected
2026-06-08 21:54:27,607 - ERROR - ibkr.core.market_data_worker - IBKR market data subscribe failed for RKLB: Not connected
2026-06-08 21:54:27,607 - ERROR - ibkr.core.market_data_worker - IBKR market data subscribe failed for SIDU: Not connected
2026-06-08 21:54:27,608 - ERROR - ibkr.core.market_data_worker - IBKR market data subscribe failed for SNDK: Not connected
2026-06-08 21:54:27,608 - ERROR - ibkr.core.market_data_worker - IBKR market data subscribe failed for SPRC: Not connected
2026-06-08 21:54:27,608 - ERROR - ibkr.core.market_data_worker - IBKR market data subscribe failed for TACT: Not connected
2026-06-08 21:54:27,608 - ERROR - ibkr.core.market_data_worker - IBKR market data subscribe failed for TSLA: Not connected
2026-06-08 21:54:27,608 - ERROR - ibkr.core.market_data_worker - IBKR market data subscribe failed for VCYT: Not connected
2026-06-08 21:54:27,608 - ERROR - ibkr.core.market_data_worker - IBKR market data subscribe failed for ARM: Not connected
2026-06-08 21:54:27,608 - ERROR - ibkr.core.market_data_worker - IBKR market data subscribe failed for SPY: Not connected
2026-06-08 21:54:27,608 - ERROR - ibkr.core.market_data_worker - IBKR market data subscribe failed for IONQ: Not connected
2026-06-08 21:54:27,608 - WARNING - ibkr.core.market_data_worker - Batch contract qualification failed, falling back per contract: Not connected
2026-06-08 21:54:27,609 - ERROR - ibkr.core.market_data_worker - Contract qualification failed for Stock(symbol='KTCC', exchange='SMART', currency='USD'): Not connected
2026-06-08 21:54:27,609 - ERROR - ibkr.core.market_data_worker - Contract qualification failed for Stock(symbol='LOGI', exchange='SMART', currency='USD'): Not connected
2026-06-08 21:54:27,609 - ERROR - ibkr.core.market_data_worker - Contract qualification failed for Stock(symbol='OSS', exchange='SMART', currency='USD'): Not connected
2026-06-08 21:54:27,610 - ERROR - ibkr.core.market_data_worker - Contract qualification failed for Stock(symbol='QMCO', exchange='SMART', currency='USD'): Not connected
2026-06-08 21:54:27,611 - ERROR - ibkr.core.market_data_worker - Contract qualification failed for Stock(symbol='SMCI', exchange='SMART', currency='USD'): Not connected
2026-06-08 21:54:27,611 - ERROR - ibkr.core.market_data_worker - Contract qualification failed for Stock(symbol='HPQ', exchange='SMART', currency='USD'): Not connected
2026-06-08 21:54:27,611 - ERROR - ibkr.core.market_data_worker - Contract qualification failed for Stock(symbol='QQQ', exchange='SMART', currency='USD'): Not connected
2026-06-08 21:54:27,612 - ERROR - ibkr.core.market_data_worker - IBKR market data subscribe failed for KTCC: Not connected
2026-06-08 21:54:27,612 - ERROR - ibkr.core.market_data_worker - IBKR market data subscribe failed for LOGI: Not connected
2026-06-08 21:54:27,612 - ERROR - ibkr.core.market_data_worker - IBKR market data subscribe failed for OSS: Not connected
2026-06-08 21:54:27,612 - ERROR - ibkr.core.market_data_worker - IBKR market data subscribe failed for QMCO: Not connected
2026-06-08 21:54:27,612 - ERROR - ibkr.core.market_data_worker - IBKR market data subscribe failed for SMCI: Not connected
2026-06-08 21:54:27,612 - ERROR - ibkr.core.market_data_worker - IBKR market data subscribe failed for HPQ: Not connected
2026-06-08 21:54:27,612 - ERROR - ibkr.core.market_data_worker - IBKR market data subscribe failed for QQQ: Not connected
2026-06-08 21:54:27,667 - INFO - ibkr.core.market_data_worker - IBKR MarketDataWorker stopped
2026-06-08 21:54:29,760 - INFO - ibkr.core.position_manager - Fetching positions from broker - Reason: ibkr_order_update
2026-06-08 21:54:32,509 - WARNING - __main__ - Signal 2 received, initiating shutdown.
2026-06-08 21:54:32,509 - INFO - __main__ - Shutting down and cleaning up resources...
2026-06-08 21:54:32,509 - INFO - ibkr.core.shutdown_manager - closeEvent received — beginning fast IBKR shutdown
2026-06-08 21:54:32,510 - INFO - ibkr.core.shutdown_manager - === Fast IBKR window-close shutdown starting ===
2026-06-08 21:54:32,510 - INFO - ibkr.core.shutdown_manager - Shutdown: [save_window_state]…
2026-06-08 21:54:32,511 - INFO - ibkr.core.main_window - Window state saved
2026-06-08 21:54:32,511 - INFO - ibkr.core.shutdown_manager - Shutdown: [save_window_state] ✓
2026-06-08 21:54:32,512 - INFO - ibkr.core.shutdown_manager - Shutdown: [save_chart_state]…
2026-06-08 21:54:32,513 - INFO - ibkr.core.shutdown_manager - Shutdown: [save_chart_state] ✓
2026-06-08 21:54:32,513 - INFO - ibkr.core.shutdown_manager - Shutdown: [stop_remaining_timers]…
2026-06-08 21:54:32,522 - INFO - ibkr.core.shutdown_manager - Shutdown: [stop_remaining_timers] ✓
2026-06-08 21:54:32,522 - INFO - ibkr.core.shutdown_manager - === Fast IBKR window-close shutdown complete ===
2026-06-08 21:54:32,526 - INFO - __main__ - Skipping broker disconnect during fast window-close shutdown.
2026-06-08 21:54:32,526 - INFO - __main__ - Cleanup complete.
2026-06-08 21:54:32,529 - INFO - __main__ - Shutting down and cleaning up resources...
2026-06-08 21:54:32,529 - INFO - __main__ - Cleanup complete.
