2026-06-09 00:35:41,572 - INFO - login_setup.login_setup_config - qullamaggie v1.0.0 starting...
2026-06-09 00:35:41,573 - INFO - login_setup.login_setup_config - Logging to file: /home/kavi/Desktop/Python_Projects/swing_trader/logs/qullamaggie_20260609_003541.log
2026-06-09 00:35:41,575 - INFO - __main__ - 🚀 Starting qullamaggie Application...
2026-06-09 00:35:41,916 - INFO - __main__ - Application icon loaded from: /home/kavi/Desktop/Python_Projects/swing_trader/assets/qullamaggie_swing_trader_icon.svg
2026-06-09 00:35:44,224 - INFO - ib_insync.client - Connecting to 127.0.0.1:4002 with clientId 1...
2026-06-09 00:35:44,242 - INFO - ib_insync.client - Connected
2026-06-09 00:35:44,277 - INFO - ib_insync.client - Logged on to server version 176
2026-06-09 00:35:44,320 - INFO - ib_insync.client - API connection ready
2026-06-09 00:35:44,876 - INFO - __main__ - Authenticated for broker: america
2026-06-09 00:35:44,876 - INFO - __main__ - Initializing trading and data clients...
2026-06-09 00:35:44,876 - INFO - login_setup.broker_factory - Creating america client for live trading
2026-06-09 00:35:44,876 - INFO - login_setup.broker_factory - IBKR client created with accounts: ['DUQ624205']
2026-06-09 00:35:44,887 - INFO - ibkr.core.trading_client - Subscribed to IBKR real-time order events
2026-06-09 00:35:44,888 - INFO - login_setup.broker_factory - Creating data client for america
2026-06-09 00:35:44,888 - INFO - __main__ - Clients initialized successfully.
2026-06-09 00:35:44,888 - INFO - login_setup.broker_factory - Added america client to manager
2026-06-09 00:35:44,889 - INFO - login_setup.broker_factory - Started connection monitoring for america
2026-06-09 00:35:44,889 - INFO - __main__ - Creating main window for america...
2026-06-09 00:35:44,893 - INFO - login_setup.broker_factory - Dynamically loading main window from: ibkr.core.main_window
2026-06-09 00:35:47,270 - INFO - ibkr.core.trade_logger - Trade history database for 'live' mode at: /home/kavi/.qullamaggie/trade_history_live.db
2026-06-09 00:35:47,271 - INFO - ibkr.core.trade_logger - TradeLogger initialized with background processing
2026-06-09 00:35:47,272 - INFO - ibkr.core.trade_logger - DatabaseWorker processing started
2026-06-09 00:35:47,273 - INFO - ibkr.core.trade_logger - Database initialization completed
2026-06-09 00:35:47,278 - INFO - ibkr.core.position_manager - ✅ Connected to trader.order_status_updated signal - orders will sync immediately
2026-06-09 00:35:47,279 - INFO - ibkr.core.position_manager - ✅ Connected to trader.position_updated signal - positions will sync immediately
2026-06-09 00:35:47,279 - INFO - ibkr.core.position_manager - ✅ Connected to trader.connection_status_changed signal
2026-06-09 00:35:47,358 - INFO - ibkr.widgets.scanner_table - Loaded 2 valid scan configurations
2026-06-09 00:35:47,382 - INFO - ibkr.widgets.scanner_table - Scanner table ready for context-aware navigation
2026-06-09 00:35:47,395 - INFO - ibkr.widgets.scanner_table - Running EOD Finviz scan: Computer Hardware
2026-06-09 00:35:47,411 - INFO - chart_engine.core.ibkr_data_fetcher - Pre-warming dedicated IBKR history connection...
2026-06-09 00:35:47,441 - INFO - chart_engine.drawings - Loaded global chart settings.
2026-06-09 00:35:47,446 - INFO - ib_insync.client - Connecting to 127.0.0.1:4002 with clientId 102...
2026-06-09 00:35:48,057 - INFO - chart_engine.core.ibkr_data_fetcher - IBKR chart history connected on 127.0.0.1:4002 clientId=102
2026-06-09 00:35:48,070 - INFO - chart_engine.core.ibkr_data_fetcher - Chart data source=IBKR symbol=HPQ interval=day from=2025-11-20T15:05:48.069988-05:00 to=2026-06-08T15:05:48.069988-04:00 dedicated_history=True
2026-06-09 00:35:48,343 - INFO - ibkr.core.data_cache - MarketAwareDataCache initialised for IBKR/US market time
2026-06-09 00:35:48,344 - INFO - chart_engine.core.ibkr_data_fetcher - Chart data source=IBKR symbol=HPQ interval=60minute from=2026-04-19T15:05:48.344423-04:00 to=2026-06-08T15:05:48.344423-04:00 dedicated_history=True
2026-06-09 00:35:48,407 - INFO - chart_engine.core.ibkr_data_fetcher - Requesting IBKR historical data: HPQ conId=209411801 bar=1 day duration=200 D end=latest
2026-06-09 00:35:48,649 - INFO - chart_engine.drawings - Saved global chart settings.
2026-06-09 00:35:48,673 - INFO - chart_engine.core.ibkr_data_fetcher - Requesting IBKR historical data: HPQ conId=209411801 bar=30 mins duration=50 D end=latest
2026-06-09 00:35:49,052 - INFO - ibkr.core.alert_management_system - Loaded 0 alerts from disk
2026-06-09 00:35:49,053 - INFO - ibkr.core.alert_management_system - AlertSystemManager ready
2026-06-09 00:35:49,054 - INFO - ibkr.core.main_window - Alert system initialized successfully.
2026-06-09 00:35:49,055 - INFO - ibkr.core.alert_management_system - AlertEngine started
2026-06-09 00:35:49,060 - INFO - ibkr.core.main_window - Connecting component signals...
2026-06-09 00:35:49,064 - INFO - ib_insync.client - Connecting to 127.0.0.1:4002 with clientId 101...
2026-06-09 00:35:49,066 - INFO - ibkr.core.main_window - IBKR order lifecycle UI signals connected
2026-06-09 00:35:49,093 - INFO - ibkr.core.main_window - Keyboard shortcuts initialized
2026-06-09 00:35:49,739 - INFO - ibkr.core.main_window - Subscription universe changed: 9 instruments (0 token-backed, +9/-0) sources={'charts': 2, 'header': 2}
2026-06-09 00:35:49,742 - INFO - chart_engine.core.ibkr_data_fetcher - Chart data fetch complete source=IBKR symbol=HPQ bars=136
2026-06-09 00:35:49,774 - INFO - ibkr.core.main_window - Window state restored
2026-06-09 00:35:49,775 - INFO - ibkr.core.market_data_worker - Dedicated IBKR market-data connection established on 127.0.0.1:4002 clientId=101
2026-06-09 00:35:49,786 - INFO - ibkr.core.main_window - Applied startup chart timeframes: left=day, right=60minute
2026-06-09 00:35:49,787 - INFO - ibkr.core.main_window - Simplified qullamaggie Window with Status Bar Initialized Successfully.
2026-06-09 00:35:49,787 - INFO - __main__ - Main window created successfully.
2026-06-09 00:35:49,824 - INFO - ibkr.core.market_data_worker - IBKR MarketDataWorker started
2026-06-09 00:35:49,825 - INFO - ibkr.core.market_data_worker - Requested IBKR delayed market data type (3); delayed fallback=False; generic ticks=''
2026-06-09 00:35:50,193 - INFO - __main__ - Starting application event loop.
2026-06-09 00:35:51,251 - INFO - ibkr.core.market_data_worker - Subscribed IBKR market data: HPQ key=209411801 type=delayed
2026-06-09 00:35:51,273 - INFO - ibkr.core.market_data_worker - Subscribed IBKR market data: SPY key=756733 type=delayed
2026-06-09 00:35:51,273 - INFO - ibkr.core.market_data_worker - Subscribed IBKR market data: IONQ key=517593749 type=delayed
2026-06-09 00:35:51,274 - INFO - ibkr.core.market_data_worker - Subscribed IBKR market data: KTCC key=271042 type=delayed
2026-06-09 00:35:51,274 - INFO - ibkr.core.market_data_worker - Subscribed IBKR market data: LOGI key=41475996 type=delayed
2026-06-09 00:35:51,274 - INFO - ibkr.core.market_data_worker - Subscribed IBKR market data: OSS key=305186144 type=delayed
2026-06-09 00:35:51,276 - INFO - ibkr.core.market_data_worker - Subscribed IBKR market data: QMCO key=725237355 type=delayed
2026-06-09 00:35:51,318 - INFO - ibkr.core.market_data_worker - Subscribed IBKR market data: SMCI key=731466419 type=delayed
2026-06-09 00:35:51,318 - INFO - ibkr.core.market_data_worker - Subscribed IBKR market data: QQQ key=320227571 type=delayed
2026-06-09 00:35:51,308 - INFO - ibkr.core.main_window - IBKR loader: Building initial instrument list...
2026-06-09 00:35:51,337 - WARNING - ibkr.core.main_window - IBKR market data is delayed (delayed); live subscription is unavailable.
2026-06-09 00:35:51,337 - INFO - ibkr.core.main_window - WebSocket connected. Setting up subscriptions.
2026-06-09 00:35:51,338 - INFO - ibkr.core.position_manager - Fetching positions from broker - Reason: ibkr_connected
2026-06-09 00:35:51,564 - WARNING - ibkr.core.market_data_worker - IBKR market data notice for HPQ: Requested market data is not subscribed. Displaying delayed market data. (10167)
2026-06-09 00:35:51,679 - INFO - ibkr.core.main_window - Added 20 widget market-data subscriptions (20 token-backed)
2026-06-09 00:35:51,687 - INFO - ibkr.core.position_manager - Position table changed: 20 open positions | open MTM -12593.18 | realized 0.00
2026-06-09 00:35:51,701 - INFO - chart_engine.core.ibkr_data_fetcher - Chart data fetch complete source=IBKR symbol=HPQ bars=349
2026-06-09 00:35:51,757 - INFO - ibkr.core.main_window - Window state saved
2026-06-09 00:35:52,222 - WARNING - ibkr.core.market_data_worker - IBKR market data notice for SPY: Requested market data is not subscribed. Displaying delayed market data. (10167)
2026-06-09 00:35:52,223 - WARNING - ibkr.core.market_data_worker - IBKR market data notice for IONQ: Requested market data is not subscribed. Displaying delayed market data. (10167)
2026-06-09 00:35:52,224 - WARNING - ibkr.core.market_data_worker - IBKR market data notice for KTCC: Requested market data is not subscribed. Displaying delayed market data. (10167)
2026-06-09 00:35:52,224 - WARNING - ibkr.core.market_data_worker - IBKR market data notice for LOGI: Requested market data is not subscribed. Displaying delayed market data. (10167)
2026-06-09 00:35:52,224 - WARNING - ibkr.core.market_data_worker - IBKR market data notice for OSS: Requested market data is not subscribed. Displaying delayed market data. (10167)
2026-06-09 00:35:52,226 - WARNING - ibkr.core.market_data_worker - IBKR market data notice for QMCO: Requested market data is not subscribed. Displaying delayed market data. (10167)
2026-06-09 00:35:52,347 - INFO - ibkr.widgets.scanner_table - EOD Scan completed: 24 symbols with complete data
2026-06-09 00:35:52,350 - WARNING - ibkr.core.market_data_worker - IBKR market data notice for SMCI: Requested market data is not subscribed. Displaying delayed market data. (10167)
2026-06-09 00:35:52,396 - WARNING - ibkr.core.market_data_worker - IBKR market data notice for QQQ: Requested market data is not subscribed. Displaying delayed market data. (10167)
2026-06-09 00:35:53,031 - INFO - ibkr.core.main_window - Chart panes revealed after initial symbol render: HPQ
2026-06-09 00:35:53,032 - INFO - ibkr.core.main_window - Chart symbol changed to: HPQ
2026-06-09 00:35:53,033 - INFO - ibkr.core.main_window - Added chart symbol HPQ to subscription
2026-06-09 00:35:53,033 - INFO - ibkr.core.main_window - Ensured subscription for chart symbol HPQ
2026-06-09 00:35:53,034 - INFO - chart_engine.core.chart_widget - Chart HTML loaded: HPQ (136 candles)
2026-06-09 00:35:53,372 - INFO - chart_engine.core.chart_widget - Chart HTML loaded: HPQ (349 candles)
2026-06-09 00:35:53,585 - INFO - ibkr.core.main_window - Successfully loaded 3798 instruments.
2026-06-09 00:35:53,586 - INFO - ibkr.widgets.header_toolbar - Search index ready: 3798 instruments
2026-06-09 00:35:53,823 - INFO - ibkr.core.main_window - Instruments loaded successfully.
2026-06-09 00:35:53,899 - INFO - ibkr.core.main_window - IBKR loader: Loaded 181 symbols (qualifying in background...)
2026-06-09 00:35:54,055 - INFO - ibkr.widgets.scanner_table - EOD Scanner table updated with 24 symbols.
2026-06-09 00:35:54,086 - INFO - ibkr.core.position_manager - Fetching positions from broker - Reason: app_startup
2026-06-09 00:35:54,100 - INFO - ibkr.core.main_window - Position system initialized successfully
2026-06-09 00:35:54,105 - INFO - ibkr.core.network_monitor - NetworkMonitor started
2026-06-09 00:35:54,105 - INFO - ibkr.core.main_window - Network resilience layer initialized
2026-06-09 00:35:54,445 - INFO - ibkr.core.main_window - Subscription universe changed: 29 instruments (20 token-backed, +20/-0) sources={'positions': 20, 'charts': 2, 'watchlist': 1, 'header': 2}
2026-06-09 00:35:54,529 - INFO - ibkr.core.market_data_worker - Subscribed IBKR market data: NVDA key=4815747 type=delayed
2026-06-09 00:35:54,529 - INFO - ibkr.core.market_data_worker - Subscribed IBKR market data: TACT key=6858145 type=delayed
2026-06-09 00:35:54,530 - INFO - ibkr.core.market_data_worker - Subscribed IBKR market data: BAX key=8111188 type=delayed
2026-06-09 00:35:54,533 - INFO - ibkr.core.market_data_worker - Subscribed IBKR market data: TSLA key=76792991 type=delayed
2026-06-09 00:35:54,537 - INFO - ibkr.core.market_data_worker - Subscribed IBKR market data: PTCT key=129374415 type=delayed
2026-06-09 00:35:54,538 - INFO - ibkr.core.market_data_worker - Subscribed IBKR market data: DELL key=346218218 type=delayed
2026-06-09 00:35:54,538 - INFO - ibkr.core.market_data_worker - Subscribed IBKR market data: MTA key=395717235 type=delayed
2026-06-09 00:35:54,539 - INFO - ibkr.core.market_data_worker - Subscribed IBKR market data: DRS key=478483396 type=delayed
2026-06-09 00:35:54,541 - INFO - ibkr.core.market_data_worker - Subscribed IBKR market data: RDW key=512000171 type=delayed
2026-06-09 00:35:54,541 - INFO - ibkr.core.market_data_worker - Subscribed IBKR market data: GFS key=523222624 type=delayed
2026-06-09 00:35:54,542 - INFO - ibkr.core.market_data_worker - Subscribed IBKR market data: QBTS key=578031277 type=delayed
2026-06-09 00:35:54,546 - INFO - ibkr.core.market_data_worker - Subscribed IBKR market data: LUNR key=613910262 type=delayed
2026-06-09 00:35:54,546 - INFO - ibkr.core.market_data_worker - Subscribed IBKR market data: SIDU key=673368857 type=delayed
2026-06-09 00:35:54,547 - INFO - ibkr.core.market_data_worker - Subscribed IBKR market data: UMAC key=698227338 type=delayed
2026-06-09 00:35:54,549 - INFO - ibkr.core.market_data_worker - Subscribed IBKR market data: DPRO key=725468685 type=delayed
2026-06-09 00:35:54,549 - INFO - ibkr.core.market_data_worker - Subscribed IBKR market data: SNDK key=760250490 type=delayed
2026-06-09 00:35:54,550 - INFO - ibkr.core.market_data_worker - Subscribed IBKR market data: RKLB key=787273575 type=delayed
2026-06-09 00:35:54,550 - INFO - ibkr.core.market_data_worker - Subscribed IBKR market data: SPRC key=860471331 type=delayed
2026-06-09 00:35:54,814 - INFO - ibkr.core.position_manager - Fetching positions from broker - Reason: instruments_loaded
2026-06-09 00:35:54,849 - INFO - ibkr.core.main_window - Chart auto-loading initiated
2026-06-09 00:35:54,849 - INFO - ibkr.core.main_window - Chart already has active rendered symbol: HPQ
2026-06-09 00:35:55,090 - INFO - ibkr.core.network_monitor - Network confirmed online at startup
2026-06-09 00:35:55,625 - WARNING - ibkr.core.market_data_worker - IBKR market data notice for NVDA: Requested market data is not subscribed. Displaying delayed market data. (10167)
2026-06-09 00:35:55,933 - WARNING - ibkr.core.market_data_worker - IBKR market data notice for TACT: Requested market data is not subscribed. Displaying delayed market data. (10167)
2026-06-09 00:35:55,934 - WARNING - ibkr.core.market_data_worker - IBKR market data notice for BAX: Requested market data is not subscribed. Displaying delayed market data. (10167)
2026-06-09 00:35:55,934 - WARNING - ibkr.core.market_data_worker - IBKR market data notice for TSLA: Requested market data is not subscribed. Displaying delayed market data. (10167)
2026-06-09 00:35:55,935 - WARNING - ibkr.core.market_data_worker - IBKR market data notice for PTCT: Requested market data is not subscribed. Displaying delayed market data. (10167)
2026-06-09 00:35:55,939 - WARNING - ibkr.core.market_data_worker - IBKR market data notice for DELL: Requested market data is not subscribed. Displaying delayed market data. (10167)
2026-06-09 00:35:55,940 - WARNING - ibkr.core.market_data_worker - IBKR market data notice for MTA: Requested market data is not subscribed. Displaying delayed market data. (10167)
2026-06-09 00:35:55,940 - WARNING - ibkr.core.market_data_worker - IBKR market data notice for DRS: Requested market data is not subscribed. Displaying delayed market data. (10167)
2026-06-09 00:35:55,941 - WARNING - ibkr.core.market_data_worker - IBKR market data notice for RDW: Requested market data is not subscribed. Displaying delayed market data. (10167)
2026-06-09 00:35:55,941 - WARNING - ibkr.core.market_data_worker - IBKR market data notice for GFS: Requested market data is not subscribed. Displaying delayed market data. (10167)
2026-06-09 00:35:55,941 - WARNING - ibkr.core.market_data_worker - IBKR market data notice for QBTS: Requested market data is not subscribed. Displaying delayed market data. (10167)
2026-06-09 00:35:55,942 - WARNING - ibkr.core.market_data_worker - IBKR market data notice for LUNR: Requested market data is not subscribed. Displaying delayed market data. (10167)
2026-06-09 00:35:55,942 - WARNING - ibkr.core.market_data_worker - IBKR market data notice for SIDU: Requested market data is not subscribed. Displaying delayed market data. (10167)
2026-06-09 00:35:55,944 - WARNING - ibkr.core.market_data_worker - IBKR market data notice for UMAC: Requested market data is not subscribed. Displaying delayed market data. (10167)
2026-06-09 00:35:55,945 - WARNING - ibkr.core.market_data_worker - IBKR market data notice for DPRO: Requested market data is not subscribed. Displaying delayed market data. (10167)
2026-06-09 00:35:55,946 - WARNING - ibkr.core.market_data_worker - IBKR market data notice for SNDK: Requested market data is not subscribed. Displaying delayed market data. (10167)
2026-06-09 00:35:55,946 - WARNING - ibkr.core.market_data_worker - IBKR market data notice for RKLB: Requested market data is not subscribed. Displaying delayed market data. (10167)
2026-06-09 00:35:55,946 - WARNING - ibkr.core.market_data_worker - IBKR market data notice for SPRC: Requested market data is not subscribed. Displaying delayed market data. (10167)
2026-06-09 00:36:05,262 - INFO - chart_engine.core.ibkr_data_fetcher - Chart data source=IBKR symbol=HPQ interval=60minute from=2026-04-19T15:06:05.262366-04:00 to=2026-06-08T15:06:05.262366-04:00 dedicated_history=True
2026-06-09 00:36:05,264 - INFO - chart_engine.core.ibkr_data_fetcher - Requesting IBKR historical data: HPQ conId=209411801 bar=30 mins duration=50 D end=latest
2026-06-09 00:36:06,769 - INFO - chart_engine.core.ibkr_data_fetcher - Chart data fetch complete source=IBKR symbol=HPQ bars=349
2026-06-09 00:36:06,820 - INFO - chart_engine.drawings - Loaded global chart settings.
2026-06-09 00:36:06,821 - INFO - chart_engine.drawings - Saved global chart settings.
2026-06-09 00:36:06,826 - INFO - ibkr.core.main_window - Ensured subscription for chart symbol HPQ
2026-06-09 00:36:06,826 - INFO - chart_engine.core.chart_widget - Chart seamlessly updated: HPQ (349 candles)
2026-06-09 00:36:48,259 - INFO - ibkr.core.data_cache - US market-open cache flush complete; intraday entries cleared
2026-06-09 00:37:05,261 - INFO - chart_engine.core.ibkr_data_fetcher - Chart data source=IBKR symbol=HPQ interval=60minute from=2026-04-19T15:07:05.260097-04:00 to=2026-06-08T15:07:05.260097-04:00 dedicated_history=True
2026-06-09 00:37:05,262 - INFO - chart_engine.core.ibkr_data_fetcher - Requesting IBKR historical data: HPQ conId=209411801 bar=30 mins duration=50 D end=latest
2026-06-09 00:37:06,868 - INFO - chart_engine.core.ibkr_data_fetcher - Chart data fetch complete source=IBKR symbol=HPQ bars=349
2026-06-09 00:37:06,922 - INFO - chart_engine.drawings - Loaded global chart settings.
2026-06-09 00:37:06,923 - INFO - chart_engine.drawings - Saved global chart settings.
2026-06-09 00:37:06,932 - INFO - ibkr.core.main_window - Ensured subscription for chart symbol HPQ
2026-06-09 00:37:06,933 - INFO - chart_engine.core.chart_widget - Chart seamlessly updated: HPQ (349 candles)
2026-06-09 00:37:54,769 - INFO - ibkr.core.shutdown_manager - closeEvent received — beginning fast IBKR shutdown
2026-06-09 00:37:54,772 - INFO - ibkr.core.shutdown_manager - === Fast IBKR window-close shutdown starting ===
2026-06-09 00:37:54,773 - INFO - ibkr.core.shutdown_manager - Shutdown: [save_window_state]…
2026-06-09 00:37:54,779 - INFO - ibkr.core.main_window - Window state saved
2026-06-09 00:37:54,780 - INFO - ibkr.core.shutdown_manager - Shutdown: [save_window_state] ✓
2026-06-09 00:37:54,788 - INFO - ibkr.core.shutdown_manager - Shutdown: [save_chart_state]…
2026-06-09 00:37:54,924 - INFO - ibkr.core.shutdown_manager - Shutdown: [save_chart_state] ✓
2026-06-09 00:37:54,949 - INFO - ibkr.core.shutdown_manager - Shutdown: [stop_remaining_timers]…
2026-06-09 00:37:54,963 - INFO - ibkr.core.shutdown_manager - Shutdown: [stop_remaining_timers] ✓
2026-06-09 00:37:54,964 - INFO - ibkr.core.shutdown_manager - === Fast IBKR window-close shutdown complete ===
2026-06-09 00:37:54,971 - INFO - __main__ - Shutting down and cleaning up resources...
2026-06-09 00:37:54,972 - INFO - __main__ - Skipping broker disconnect during fast window-close shutdown.
2026-06-09 00:37:54,972 - INFO - __main__ - Cleanup complete.
