2026-06-10 22:55:19,935 - INFO - login_setup.login_setup_config - qullamaggie v1.0.0 starting...
2026-06-10 22:55:19,935 - INFO - login_setup.login_setup_config - Logging to file: /home/kavi/Desktop/Python_Projects/swing_trader/logs/qullamaggie_20260610_225519.log
2026-06-10 22:55:19,936 - INFO - login_setup.login_setup_config - Fatal crash diagnostics enabled for all threads.
2026-06-10 22:55:19,936 - INFO - __main__ - 🚀 Starting qullamaggie Application...
2026-06-10 22:55:20,070 - INFO - __main__ - Application icon loaded from: /home/kavi/Desktop/Python_Projects/swing_trader/assets/qullamaggie_swing_trader_icon.svg
2026-06-10 22:55:22,274 - INFO - ib_insync.client - Connecting to 127.0.0.1:4002 with clientId 1...
2026-06-10 22:55:22,276 - INFO - ib_insync.client - Connected
2026-06-10 22:55:22,293 - INFO - ib_insync.client - Logged on to server version 176
2026-06-10 22:55:22,335 - INFO - ib_insync.client - API connection ready
2026-06-10 22:55:22,775 - INFO - __main__ - Authenticated for broker: america
2026-06-10 22:55:22,775 - INFO - __main__ - Initializing trading and data clients...
2026-06-10 22:55:22,776 - INFO - login_setup.broker_factory - Creating america client for live trading
2026-06-10 22:55:22,776 - INFO - login_setup.broker_factory - IBKR client created with accounts: ['DUQ624205']
2026-06-10 22:55:22,781 - INFO - ibkr.core.trading_client - Subscribed to IBKR real-time order events
2026-06-10 22:55:22,781 - INFO - ibkr.core.trading_client - IBKR trading client startup snapshots deferred; using local cache/event sync
2026-06-10 22:55:22,781 - INFO - __main__ - Trading client created; creating data client...
2026-06-10 22:55:22,782 - INFO - login_setup.broker_factory - Creating data client for america
2026-06-10 22:55:22,782 - INFO - __main__ - Data client created; validating connection state...
2026-06-10 22:55:22,782 - INFO - __main__ - Trading client connected: True
2026-06-10 22:55:22,785 - INFO - __main__ - Data client connected: True
2026-06-10 22:55:22,786 - INFO - __main__ - Clients initialized successfully.
2026-06-10 22:55:22,786 - INFO - login_setup.broker_factory - Added america client to manager
2026-06-10 22:55:22,786 - INFO - login_setup.broker_factory - Started connection monitoring for america
2026-06-10 22:55:22,787 - INFO - __main__ - Creating main window for america...
2026-06-10 22:55:22,787 - INFO - login_setup.broker_factory - Dynamically loading main window from: ibkr.core.main_window
2026-06-10 22:55:23,702 - INFO - ibkr.core.trade_logger - Trade history database for 'live' mode at: /home/kavi/.qullamaggie/trade_history_live.db
2026-06-10 22:55:23,703 - INFO - ibkr.core.trade_logger - TradeLogger initialized with background processing
2026-06-10 22:55:23,704 - INFO - ibkr.core.trade_logger - DatabaseWorker processing started
2026-06-10 22:55:23,705 - INFO - ibkr.core.trade_logger - Database initialization completed
2026-06-10 22:55:23,707 - INFO - ibkr.core.position_manager - ✅ Connected to trader.order_status_updated signal - orders will sync immediately
2026-06-10 22:55:23,707 - INFO - ibkr.core.position_manager - ✅ Connected to trader.position_updated signal - positions will sync immediately
2026-06-10 22:55:23,707 - INFO - ibkr.core.position_manager - ✅ Connected to trader.connection_status_changed signal
2026-06-10 22:55:23,770 - INFO - ibkr.widgets.scanner_table - Loaded 2 valid scan configurations
2026-06-10 22:55:23,787 - INFO - ibkr.widgets.scanner_table - Scanner table ready for context-aware navigation
2026-06-10 22:55:23,794 - INFO - chart_engine.drawings - Loaded global chart settings.
2026-06-10 22:55:24,145 - INFO - ibkr.core.data_cache - MarketAwareDataCache initialised for IBKR/US market time
2026-06-10 22:55:24,244 - INFO - chart_engine.drawings - Saved global chart settings.
2026-06-10 22:55:24,443 - INFO - ibkr.core.alert_management_system - Loaded 0 alerts from disk
2026-06-10 22:55:24,444 - INFO - ibkr.core.alert_management_system - AlertSystemManager ready
2026-06-10 22:55:24,444 - INFO - ibkr.core.main_window - Alert system initialized successfully.
2026-06-10 22:55:24,444 - INFO - ibkr.core.main_window - Connecting component signals...
2026-06-10 22:55:24,444 - INFO - ibkr.core.alert_management_system - AlertEngine started
2026-06-10 22:55:24,445 - INFO - ibkr.core.main_window - IBKR order lifecycle UI signals connected
2026-06-10 22:55:24,450 - INFO - ibkr.core.main_window - Keyboard shortcuts initialized
2026-06-10 22:55:24,575 - INFO - ibkr.core.main_window - Window state restored
2026-06-10 22:55:24,607 - INFO - ibkr.core.main_window - Applied startup chart timeframes: left=day, right=60minute
2026-06-10 22:55:24,607 - INFO - ibkr.core.main_window - Simplified qullamaggie Window with Status Bar Initialized Successfully.
2026-06-10 22:55:24,607 - INFO - __main__ - Main window created successfully.
2026-06-10 22:55:24,668 - INFO - __main__ - Starting application event loop.
2026-06-10 22:55:25,222 - INFO - ibkr.core.main_window - Starting deferred IBKR post-show workers
2026-06-10 22:55:25,223 - INFO - chart_engine.core.ibkr_data_fetcher - Pre-warming dedicated IBKR history connection...
2026-06-10 22:55:25,227 - INFO - ib_insync.client - Connecting to 127.0.0.1:4002 with clientId 102...
2026-06-10 22:55:25,238 - INFO - ib_insync.client - Connecting to 127.0.0.1:4002 with clientId 101...
2026-06-10 22:55:25,277 - INFO - ibkr.core.main_window - IBKR loader: Building initial instrument list...
2026-06-10 22:55:25,931 - INFO - ibkr.core.main_window - Successfully loaded 226 instruments.
2026-06-10 22:55:25,942 - INFO - ibkr.widgets.header_toolbar - Search index ready: 226 instruments
2026-06-10 22:55:25,957 - INFO - ibkr.core.main_window - Instruments loaded successfully.
2026-06-10 22:55:25,968 - INFO - ibkr.core.main_window - IBKR loader: Loaded 181 symbols (qualifying in background...)
2026-06-10 22:55:26,028 - INFO - ibkr.widgets.scanner_table - Running EOD Finviz scan: Semiconductors
2026-06-10 22:55:26,232 - INFO - ibkr.core.main_window - Subscription universe changed: 2 instruments (0 token-backed, +2/-0) sources={'header': 2}
2026-06-10 22:55:26,548 - INFO - chart_engine.core.ibkr_data_fetcher - IBKR chart history connected on 127.0.0.1:4002 clientId=102
2026-06-10 22:55:26,641 - INFO - ibkr.core.market_data_worker - Dedicated IBKR market-data connection established on 127.0.0.1:4002 clientId=101
2026-06-10 22:55:26,642 - INFO - ibkr.core.market_data_worker - IBKR MarketDataWorker started
2026-06-10 22:55:26,642 - INFO - ibkr.core.market_data_worker - Requested IBKR delayed market data type (3); delayed fallback=False; generic ticks=''
2026-06-10 22:55:26,643 - WARNING - ibkr.core.main_window - IBKR market data is delayed (delayed); live subscription is unavailable.
2026-06-10 22:55:26,644 - INFO - ibkr.core.main_window - WebSocket connected. Setting up subscriptions.
2026-06-10 22:55:26,645 - INFO - ibkr.core.position_manager - Fetching positions from broker - Reason: ibkr_connected
2026-06-10 22:55:26,659 - INFO - ibkr.core.main_window - Added 20 widget market-data subscriptions (20 token-backed)
2026-06-10 22:55:26,664 - INFO - ibkr.core.position_manager - Position table changed: 20 open positions | open MTM -41343.37 | realized 0.00
2026-06-10 22:55:26,977 - INFO - ibkr.core.main_window - Subscription universe changed: 22 instruments (20 token-backed, +20/-0) sources={'positions': 20, 'header': 2}
2026-06-10 22:55:26,996 - INFO - ibkr.core.position_manager - Fetching positions from broker - Reason: instruments_loaded
2026-06-10 22:55:27,059 - INFO - ibkr.core.main_window - Chart auto-loading initiated
2026-06-10 22:55:27,088 - INFO - ibkr.core.main_window - Auto-loading startup chart symbol: BAX
2026-06-10 22:55:27,107 - INFO - chart_engine.core.ibkr_data_fetcher - Chart data source=IBKR symbol=BAX interval=day from=2026-03-02T13:25:27.107191-05:00 to=2026-06-10T13:25:27.107191-04:00 dedicated_history=True
2026-06-10 22:55:27,116 - INFO - chart_engine.core.ibkr_data_fetcher - Chart data source=IBKR symbol=BAX interval=60minute from=2026-04-21T13:25:27.116438-04:00 to=2026-06-10T13:25:27.116438-04:00 dedicated_history=True
2026-06-10 22:55:27,150 - INFO - ibkr.core.position_manager - Fetching positions from broker - Reason: app_startup
2026-06-10 22:55:27,171 - INFO - ibkr.core.main_window - Position system initialized successfully
2026-06-10 22:55:27,220 - INFO - ibkr.core.market_data_worker - Subscribed IBKR market data: SPY key=756733 type=delayed
2026-06-10 22:55:27,224 - INFO - ibkr.core.market_data_worker - Subscribed IBKR market data: QQQ key=320227571 type=delayed
2026-06-10 22:55:27,505 - INFO - chart_engine.core.ibkr_data_fetcher - Requesting IBKR historical data: BAX conId=8111188 bar=1 day duration=100 D end=latest
2026-06-10 22:55:27,546 - INFO - chart_engine.core.ibkr_data_fetcher - Requesting IBKR historical data: BAX conId=8111188 bar=30 mins duration=50 D end=latest
2026-06-10 22:55:27,606 - INFO - ibkr.core.network_monitor - NetworkMonitor started
2026-06-10 22:55:27,606 - INFO - ibkr.core.main_window - Network resilience layer initialized
2026-06-10 22:55:27,713 - WARNING - ibkr.core.market_data_worker - IBKR market data notice for SPY: Requested market data is not subscribed. Displaying delayed market data. (10167)
2026-06-10 22:55:27,990 - WARNING - ibkr.core.market_data_worker - IBKR market data notice for QQQ: Requested market data is not subscribed. Displaying delayed market data. (10167)
2026-06-10 22:55:28,411 - INFO - chart_engine.core.ibkr_data_fetcher - Chart data fetch complete source=IBKR symbol=BAX bars=71
2026-06-10 22:55:28,437 - INFO - ibkr.core.network_monitor - Network confirmed online at startup
2026-06-10 22:55:28,477 - INFO - chart_engine.drawings - Loaded state for BAX (day) — 2 drawings
2026-06-10 22:55:28,514 - INFO - ibkr.core.main_window - Chart panes revealed after initial symbol render: BAX
2026-06-10 22:55:28,514 - INFO - ibkr.core.main_window - Chart symbol changed to: BAX
2026-06-10 22:55:28,514 - INFO - ibkr.core.main_window - Added chart symbol BAX to subscription
2026-06-10 22:55:28,515 - INFO - ibkr.core.main_window - Ensured subscription for chart symbol BAX
2026-06-10 22:55:28,515 - INFO - chart_engine.core.chart_widget - Chart HTML loaded: BAX (71 candles)
2026-06-10 22:55:28,795 - INFO - ibkr.widgets.scanner_table - EOD Scan completed: 25 symbols with complete data
2026-06-10 22:55:28,806 - INFO - ibkr.core.main_window - Subscription universe changed: 23 instruments (20 token-backed, +1/-0) sources={'positions': 20, 'charts': 2, 'header': 2}
2026-06-10 22:55:28,916 - INFO - ibkr.widgets.scanner_table - EOD Scanner table updated with 25 symbols.
2026-06-10 22:55:29,374 - INFO - ibkr.core.market_data_worker - Subscribed IBKR market data: NVDA key=4815747 type=delayed
2026-06-10 22:55:29,374 - INFO - ibkr.core.market_data_worker - Subscribed IBKR market data: TACT key=6858145 type=delayed
2026-06-10 22:55:29,375 - INFO - ibkr.core.market_data_worker - Subscribed IBKR market data: BAX key=8111188 type=delayed
2026-06-10 22:55:29,377 - INFO - ibkr.core.market_data_worker - Subscribed IBKR market data: UMC key=46613372 type=delayed
2026-06-10 22:55:29,377 - INFO - ibkr.core.market_data_worker - Subscribed IBKR market data: TSLA key=76792991 type=delayed
2026-06-10 22:55:29,378 - INFO - ibkr.core.market_data_worker - Subscribed IBKR market data: PTCT key=129374415 type=delayed
2026-06-10 22:55:29,378 - INFO - ibkr.core.market_data_worker - Subscribed IBKR market data: HPQ key=209411801 type=delayed
2026-06-10 22:55:29,379 - INFO - ibkr.core.market_data_worker - Subscribed IBKR market data: DELL key=346218218 type=delayed
2026-06-10 22:55:29,380 - INFO - ibkr.core.market_data_worker - Subscribed IBKR market data: MTA key=395717235 type=delayed
2026-06-10 22:55:29,381 - INFO - ibkr.core.market_data_worker - Subscribed IBKR market data: DRS key=478483396 type=delayed
2026-06-10 22:55:29,381 - INFO - ibkr.core.market_data_worker - Subscribed IBKR market data: RDW key=512000171 type=delayed
2026-06-10 22:55:29,382 - INFO - ibkr.core.market_data_worker - Subscribed IBKR market data: IONQ key=517593749 type=delayed
2026-06-10 22:55:29,382 - INFO - ibkr.core.market_data_worker - Subscribed IBKR market data: GFS key=523222624 type=delayed
2026-06-10 22:55:29,385 - INFO - ibkr.core.market_data_worker - Subscribed IBKR market data: QBTS key=578031277 type=delayed
2026-06-10 22:55:29,386 - INFO - ibkr.core.market_data_worker - Subscribed IBKR market data: LUNR key=613910262 type=delayed
2026-06-10 22:55:29,388 - INFO - ibkr.core.market_data_worker - Subscribed IBKR market data: SIDU key=673368857 type=delayed
2026-06-10 22:55:29,390 - INFO - ibkr.core.market_data_worker - Subscribed IBKR market data: DPRO key=725468685 type=delayed
2026-06-10 22:55:29,390 - INFO - ibkr.core.market_data_worker - Subscribed IBKR market data: SNDK key=760250490 type=delayed
2026-06-10 22:55:29,392 - INFO - ibkr.core.market_data_worker - Subscribed IBKR market data: RKLB key=787273575 type=delayed
2026-06-10 22:55:29,392 - INFO - ibkr.core.market_data_worker - Subscribed IBKR market data: SPRC key=860471331 type=delayed
2026-06-10 22:55:29,501 - INFO - chart_engine.core.ibkr_data_fetcher - Chart data fetch complete source=IBKR symbol=BAX bars=347
2026-06-10 22:55:29,547 - INFO - chart_engine.drawings - Loaded state for BAX (60minute) — 2 drawings
2026-06-10 22:55:29,644 - INFO - chart_engine.core.chart_widget - Chart HTML loaded: BAX (347 candles)
2026-06-10 22:55:30,231 - WARNING - ibkr.core.market_data_worker - IBKR market data notice for NVDA: Requested market data is not subscribed. Displaying delayed market data. (10167)
2026-06-10 22:55:30,519 - WARNING - ibkr.core.market_data_worker - IBKR market data notice for TACT: Requested market data is not subscribed. Displaying delayed market data. (10167)
2026-06-10 22:55:30,520 - WARNING - ibkr.core.market_data_worker - IBKR market data notice for BAX: Requested market data is not subscribed. Displaying delayed market data. (10167)
2026-06-10 22:55:30,762 - WARNING - ibkr.core.market_data_worker - IBKR market data notice for UMC: Requested market data is not subscribed. Displaying delayed market data. (10167)
2026-06-10 22:55:30,801 - WARNING - ibkr.core.market_data_worker - IBKR market data notice for TSLA: Requested market data is not subscribed. Displaying delayed market data. (10167)
2026-06-10 22:55:30,803 - WARNING - ibkr.core.market_data_worker - IBKR market data notice for PTCT: Requested market data is not subscribed. Displaying delayed market data. (10167)
2026-06-10 22:55:30,804 - WARNING - ibkr.core.market_data_worker - IBKR market data notice for HPQ: Requested market data is not subscribed. Displaying delayed market data. (10167)
2026-06-10 22:55:30,865 - WARNING - ibkr.core.market_data_worker - IBKR market data notice for DELL: Requested market data is not subscribed. Displaying delayed market data. (10167)
2026-06-10 22:55:30,865 - WARNING - ibkr.core.market_data_worker - IBKR market data notice for MTA: Requested market data is not subscribed. Displaying delayed market data. (10167)
2026-06-10 22:55:30,866 - WARNING - ibkr.core.market_data_worker - IBKR market data notice for DRS: Requested market data is not subscribed. Displaying delayed market data. (10167)
2026-06-10 22:55:30,866 - WARNING - ibkr.core.market_data_worker - IBKR market data notice for RDW: Requested market data is not subscribed. Displaying delayed market data. (10167)
2026-06-10 22:55:30,866 - WARNING - ibkr.core.market_data_worker - IBKR market data notice for IONQ: Requested market data is not subscribed. Displaying delayed market data. (10167)
2026-06-10 22:55:30,866 - WARNING - ibkr.core.market_data_worker - IBKR market data notice for GFS: Requested market data is not subscribed. Displaying delayed market data. (10167)
2026-06-10 22:55:30,866 - WARNING - ibkr.core.market_data_worker - IBKR market data notice for QBTS: Requested market data is not subscribed. Displaying delayed market data. (10167)
2026-06-10 22:55:30,867 - WARNING - ibkr.core.market_data_worker - IBKR market data notice for LUNR: Requested market data is not subscribed. Displaying delayed market data. (10167)
2026-06-10 22:55:30,871 - WARNING - ibkr.core.market_data_worker - IBKR market data notice for SIDU: Requested market data is not subscribed. Displaying delayed market data. (10167)
2026-06-10 22:55:30,872 - WARNING - ibkr.core.market_data_worker - IBKR market data notice for DPRO: Requested market data is not subscribed. Displaying delayed market data. (10167)
2026-06-10 22:55:30,872 - WARNING - ibkr.core.market_data_worker - IBKR market data notice for SNDK: Requested market data is not subscribed. Displaying delayed market data. (10167)
2026-06-10 22:55:30,872 - WARNING - ibkr.core.market_data_worker - IBKR market data notice for RKLB: Requested market data is not subscribed. Displaying delayed market data. (10167)
2026-06-10 22:55:30,872 - WARNING - ibkr.core.market_data_worker - IBKR market data notice for SPRC: Requested market data is not subscribed. Displaying delayed market data. (10167)
2026-06-10 22:55:32,235 - INFO - ibkr.core.main_window - Floating positions dialog opened
2026-06-10 22:55:36,695 - INFO - ibkr.core.main_window - No active stop-loss matched deleted chart line for BAX @ 20.42
2026-06-10 22:55:36,704 - INFO - chart_engine.drawings - Saved state for BAX (60minute) — 1 drawings
2026-06-10 22:55:47,290 - INFO - ibkr.core.main_window - Floating positions dialog opened
2026-06-10 22:55:53,796 - INFO - ibkr.core.main_window - Added 1 widget market-data subscriptions (0 token-backed)
2026-06-10 22:55:53,799 - INFO - ibkr.core.chart_lines_manager - Updated stop-loss line for IONQ @ 56.97
2026-06-10 22:55:53,802 - INFO - ibkr.core.stop_loss_manager - SL set: IONQ @ $56.97 (FULL, 10.10% from avg $63.37)
2026-06-10 22:55:58,537 - INFO - chart_engine.core.ibkr_data_fetcher - Chart data source=IBKR symbol=IONQ interval=day from=2026-03-02T13:25:58.537365-05:00 to=2026-06-10T13:25:58.537365-04:00 dedicated_history=True
2026-06-10 22:55:58,552 - INFO - chart_engine.core.ibkr_data_fetcher - Chart data source=IBKR symbol=IONQ interval=60minute from=2026-04-21T13:25:58.552032-04:00 to=2026-06-10T13:25:58.552032-04:00 dedicated_history=True
2026-06-10 22:55:58,646 - INFO - chart_engine.core.ibkr_data_fetcher - Chart data source=IBKR symbol=IONQ interval=day from=2026-03-02T13:25:58.646726-05:00 to=2026-06-10T13:25:58.646726-04:00 dedicated_history=True
2026-06-10 22:55:58,656 - INFO - chart_engine.core.ibkr_data_fetcher - Chart data source=IBKR symbol=IONQ interval=60minute from=2026-04-21T13:25:58.656310-04:00 to=2026-06-10T13:25:58.656310-04:00 dedicated_history=True
2026-06-10 22:55:58,828 - INFO - chart_engine.core.ibkr_data_fetcher - Requesting IBKR historical data: IONQ conId=517593749 bar=1 day duration=100 D end=latest
2026-06-10 22:55:59,172 - INFO - chart_engine.core.ibkr_data_fetcher - Requesting IBKR historical data: IONQ conId=517593749 bar=30 mins duration=50 D end=latest
2026-06-10 22:56:00,315 - INFO - chart_engine.core.ibkr_data_fetcher - Chart data fetch complete source=IBKR symbol=IONQ bars=71
2026-06-10 22:56:00,354 - INFO - chart_engine.drawings - Loaded state for IONQ (day) — 2 drawings
2026-06-10 22:56:00,354 - INFO - chart_engine.drawings - Loaded global chart settings.
2026-06-10 22:56:00,356 - INFO - chart_engine.drawings - Saved global chart settings.
2026-06-10 22:56:00,358 - INFO - ibkr.core.main_window - Chart symbol changed to: IONQ
2026-06-10 22:56:00,359 - INFO - ibkr.core.main_window - Added chart symbol IONQ to subscription
2026-06-10 22:56:00,360 - INFO - ibkr.core.main_window - Ensured subscription for chart symbol IONQ
2026-06-10 22:56:00,360 - INFO - chart_engine.core.chart_widget - Chart seamlessly updated: IONQ (71 candles)
2026-06-10 22:56:00,675 - INFO - ibkr.core.main_window - Subscription universe changed: 23 instruments (20 token-backed, +1/-1) sources={'positions': 20, 'charts': 2, 'header': 2}
2026-06-10 22:56:01,292 - INFO - chart_engine.core.ibkr_data_fetcher - Chart data fetch complete source=IBKR symbol=IONQ bars=347
2026-06-10 22:56:01,342 - INFO - chart_engine.drawings - Loaded state for IONQ (60minute) — 2 drawings
2026-06-10 22:56:01,350 - INFO - chart_engine.core.chart_widget - Chart seamlessly updated: IONQ (347 candles)
2026-06-10 22:56:04,731 - INFO - ibkr.core.main_window - Floating positions dialog opened
2026-06-10 22:56:23,290 - INFO - chart_engine.drawings - Loaded global chart settings.
2026-06-10 22:56:23,292 - INFO - chart_engine.drawings - Saved global chart settings.
2026-06-10 22:56:23,292 - INFO - chart_engine.drawings - Loaded state for IONQ (day) — 2 drawings
2026-06-10 22:56:23,298 - INFO - chart_engine.drawings - Saved state for IONQ (day) — 2 drawings
2026-06-10 22:56:24,103 - INFO - ibkr.core.data_cache - US market-open cache flush complete; intraday entries cleared
2026-06-10 22:56:38,222 - INFO - ibkr.core.shutdown_manager - closeEvent received — beginning fast IBKR shutdown
2026-06-10 22:56:38,223 - INFO - ibkr.core.shutdown_manager - === Fast IBKR window-close shutdown starting ===
2026-06-10 22:56:38,224 - INFO - ibkr.core.shutdown_manager - Shutdown: [quiesce_background_activity]…
2026-06-10 22:56:38,225 - INFO - ibkr.core.shutdown_manager - Shutdown: [quiesce_background_activity] ✓
2026-06-10 22:56:38,227 - INFO - ibkr.core.shutdown_manager - Shutdown: [save_window_state]…
2026-06-10 22:56:38,230 - INFO - ibkr.core.main_window - Window state saved
2026-06-10 22:56:38,231 - INFO - ibkr.core.shutdown_manager - Shutdown: [save_window_state] ✓
2026-06-10 22:56:38,231 - INFO - ibkr.core.shutdown_manager - Shutdown: [save_chart_state]…
2026-06-10 22:56:38,244 - INFO - ibkr.core.shutdown_manager - Shutdown: [save_chart_state] ✓
2026-06-10 22:56:38,244 - INFO - ibkr.core.shutdown_manager - Shutdown: [stop_remaining_timers]…
2026-06-10 22:56:38,257 - INFO - ibkr.core.shutdown_manager - Shutdown: [stop_remaining_timers] ✓
2026-06-10 22:56:38,258 - INFO - ibkr.core.shutdown_manager - === Fast IBKR window-close shutdown complete ===
2026-06-10 22:56:38,260 - INFO - ib_insync.client - Disconnecting
2026-06-10 22:56:38,261 - INFO - ibkr.core.market_data_worker - IBKR MarketDataWorker stopped
2026-06-10 22:56:38,273 - INFO - __main__ - Shutting down and cleaning up resources...
2026-06-10 22:56:38,273 - INFO - __main__ - Skipping broker disconnect during fast window-close shutdown.
2026-06-10 22:56:38,273 - INFO - __main__ - Cleanup complete.
