2026-06-09 23:48:10,872 - INFO - login_setup.login_setup_config - qullamaggie v1.0.0 starting...
2026-06-09 23:48:10,872 - INFO - login_setup.login_setup_config - Logging to file: /home/kavi/Desktop/Python_Projects/swing_trader/logs/qullamaggie_20260609_234810.log
2026-06-09 23:48:10,872 - INFO - login_setup.login_setup_config - Fatal crash diagnostics enabled for all threads.
2026-06-09 23:48:10,873 - INFO - __main__ - 🚀 Starting qullamaggie Application...
2026-06-09 23:48:11,048 - INFO - __main__ - Application icon loaded from: /home/kavi/Desktop/Python_Projects/swing_trader/assets/qullamaggie_swing_trader_icon.svg
2026-06-09 23:48:13,147 - INFO - ib_insync.client - Connecting to 127.0.0.1:4002 with clientId 1...
2026-06-09 23:48:13,162 - INFO - ib_insync.client - Connected
2026-06-09 23:48:13,176 - INFO - ib_insync.client - Logged on to server version 176
2026-06-09 23:48:13,216 - INFO - ib_insync.client - API connection ready
2026-06-09 23:48:13,700 - INFO - __main__ - Authenticated for broker: america
2026-06-09 23:48:13,701 - INFO - __main__ - Initializing trading and data clients...
2026-06-09 23:48:13,701 - INFO - login_setup.broker_factory - Creating america client for live trading
2026-06-09 23:48:13,702 - INFO - login_setup.broker_factory - IBKR client created with accounts: ['DUQ624205']
2026-06-09 23:48:13,715 - INFO - ibkr.core.trading_client - Subscribed to IBKR real-time order events
2026-06-09 23:48:13,715 - INFO - ibkr.core.trading_client - IBKR trading client startup snapshots deferred; using local cache/event sync
2026-06-09 23:48:13,717 - INFO - __main__ - Trading client created; creating data client...
2026-06-09 23:48:13,717 - INFO - login_setup.broker_factory - Creating data client for america
2026-06-09 23:48:13,717 - INFO - __main__ - Data client created; validating connection state...
2026-06-09 23:48:13,717 - INFO - __main__ - Trading client connected: True
2026-06-09 23:48:13,718 - INFO - __main__ - Data client connected: True
2026-06-09 23:48:13,718 - INFO - __main__ - Clients initialized successfully.
2026-06-09 23:48:13,718 - INFO - login_setup.broker_factory - Added america client to manager
2026-06-09 23:48:13,718 - INFO - login_setup.broker_factory - Started connection monitoring for america
2026-06-09 23:48:13,718 - INFO - __main__ - Creating main window for america...
2026-06-09 23:48:13,718 - INFO - login_setup.broker_factory - Dynamically loading main window from: ibkr.core.main_window
2026-06-09 23:48:15,681 - INFO - ibkr.core.trade_logger - Trade history database for 'live' mode at: /home/kavi/.qullamaggie/trade_history_live.db
2026-06-09 23:48:15,682 - INFO - ibkr.core.trade_logger - TradeLogger initialized with background processing
2026-06-09 23:48:15,683 - INFO - ibkr.core.trade_logger - DatabaseWorker processing started
2026-06-09 23:48:15,684 - INFO - ibkr.core.trade_logger - Database initialization completed
2026-06-09 23:48:15,688 - INFO - ibkr.core.position_manager - ✅ Connected to trader.order_status_updated signal - orders will sync immediately
2026-06-09 23:48:15,689 - INFO - ibkr.core.position_manager - ✅ Connected to trader.position_updated signal - positions will sync immediately
2026-06-09 23:48:15,689 - INFO - ibkr.core.position_manager - ✅ Connected to trader.connection_status_changed signal
2026-06-09 23:48:15,760 - INFO - ibkr.widgets.scanner_table - Loaded 19 valid scan configurations
2026-06-09 23:48:15,780 - INFO - ibkr.widgets.scanner_table - Scanner table ready for context-aware navigation
2026-06-09 23:48:15,791 - INFO - ibkr.widgets.scanner_table - Running EOD Finviz scan: Biotechnology
2026-06-09 23:48:15,796 - INFO - chart_engine.core.ibkr_data_fetcher - Pre-warming dedicated IBKR history connection...
2026-06-09 23:48:15,799 - INFO - ib_insync.client - Connecting to 127.0.0.1:4002 with clientId 102...
2026-06-09 23:48:15,803 - INFO - chart_engine.drawings - Loaded global chart settings.
2026-06-09 23:48:16,261 - INFO - chart_engine.core.ibkr_data_fetcher - IBKR chart history connected on 127.0.0.1:4002 clientId=102
2026-06-09 23:48:16,267 - INFO - chart_engine.core.ibkr_data_fetcher - Chart data source=IBKR symbol=IONQ interval=day from=2025-05-05T14:18:16.267297-04:00 to=2026-06-09T14:18:16.267297-04:00 dedicated_history=True
2026-06-09 23:48:16,436 - INFO - ibkr.core.data_cache - MarketAwareDataCache initialised for IBKR/US market time
2026-06-09 23:48:16,437 - INFO - chart_engine.core.ibkr_data_fetcher - Chart data source=IBKR symbol=IONQ interval=60minute from=2026-04-20T14:18:16.437084-04:00 to=2026-06-09T14:18:16.437084-04:00 dedicated_history=True
2026-06-09 23:48:16,590 - INFO - chart_engine.drawings - Saved global chart settings.
2026-06-09 23:48:16,833 - INFO - chart_engine.core.ibkr_data_fetcher - Requesting IBKR historical data: IONQ conId=517593749 bar=1 day duration=2 Y end=latest
2026-06-09 23:48:16,841 - INFO - ibkr.core.alert_management_system - Loaded 0 alerts from disk
2026-06-09 23:48:16,842 - INFO - ibkr.core.alert_management_system - AlertSystemManager ready
2026-06-09 23:48:16,842 - INFO - ibkr.core.alert_management_system - AlertEngine started
2026-06-09 23:48:16,843 - INFO - ibkr.core.main_window - Alert system initialized successfully.
2026-06-09 23:48:16,848 - INFO - ibkr.core.main_window - Connecting component signals...
2026-06-09 23:48:16,849 - INFO - ibkr.core.main_window - IBKR order lifecycle UI signals connected
2026-06-09 23:48:16,853 - INFO - ib_insync.client - Connecting to 127.0.0.1:4002 with clientId 101...
2026-06-09 23:48:16,858 - INFO - chart_engine.core.ibkr_data_fetcher - Requesting IBKR historical data: IONQ conId=517593749 bar=30 mins duration=50 D end=latest
2026-06-09 23:48:16,877 - INFO - ibkr.core.main_window - Keyboard shortcuts initialized
2026-06-09 23:48:17,217 - INFO - ibkr.core.main_window - Window state restored
2026-06-09 23:48:17,217 - INFO - ibkr.core.main_window - Applied startup chart timeframes: left=day, right=60minute
2026-06-09 23:48:17,218 - INFO - ibkr.core.main_window - Simplified qullamaggie Window with Status Bar Initialized Successfully.
2026-06-09 23:48:17,222 - INFO - __main__ - Main window created successfully.
2026-06-09 23:48:17,305 - INFO - ibkr.core.market_data_worker - Dedicated IBKR market-data connection established on 127.0.0.1:4002 clientId=101
2026-06-09 23:48:17,305 - INFO - ibkr.core.market_data_worker - IBKR MarketDataWorker started
2026-06-09 23:48:17,307 - INFO - ibkr.core.market_data_worker - Requested IBKR delayed market data type (3); delayed fallback=False; generic ticks=''
2026-06-09 23:48:17,355 - INFO - __main__ - Starting application event loop.
2026-06-09 23:48:17,926 - INFO - chart_engine.core.ibkr_data_fetcher - Chart data fetch complete source=IBKR symbol=IONQ bars=276
2026-06-09 23:48:18,223 - INFO - ibkr.core.main_window - IBKR loader: Building initial instrument list...
2026-06-09 23:48:18,236 - WARNING - ibkr.core.main_window - IBKR market data is delayed (delayed); live subscription is unavailable.
2026-06-09 23:48:18,236 - INFO - ibkr.core.main_window - WebSocket connected. Setting up subscriptions.
2026-06-09 23:48:18,237 - INFO - ibkr.core.position_manager - Fetching positions from broker - Reason: ibkr_connected
2026-06-09 23:48:18,596 - INFO - ibkr.core.main_window - Added 20 widget market-data subscriptions (20 token-backed)
2026-06-09 23:48:18,625 - INFO - ibkr.core.position_manager - Position table changed: 20 open positions | open MTM -51414.96 | realized 0.00
2026-06-09 23:48:18,759 - INFO - chart_engine.core.ibkr_data_fetcher - Chart data fetch complete source=IBKR symbol=IONQ bars=348
2026-06-09 23:48:19,661 - INFO - ibkr.core.market_data_worker - Subscribed IBKR market data: NVDA key=4815747 type=delayed
2026-06-09 23:48:19,661 - INFO - ibkr.core.market_data_worker - Subscribed IBKR market data: TACT key=6858145 type=delayed
2026-06-09 23:48:19,662 - INFO - ibkr.core.market_data_worker - Subscribed IBKR market data: BAX key=8111188 type=delayed
2026-06-09 23:48:19,663 - INFO - ibkr.core.market_data_worker - Subscribed IBKR market data: UMC key=46613372 type=delayed
2026-06-09 23:48:19,664 - INFO - ibkr.core.market_data_worker - Subscribed IBKR market data: TSLA key=76792991 type=delayed
2026-06-09 23:48:19,665 - INFO - ibkr.core.market_data_worker - Subscribed IBKR market data: PTCT key=129374415 type=delayed
2026-06-09 23:48:19,665 - INFO - ibkr.core.market_data_worker - Subscribed IBKR market data: HPQ key=209411801 type=delayed
2026-06-09 23:48:19,666 - INFO - ibkr.core.market_data_worker - Subscribed IBKR market data: DELL key=346218218 type=delayed
2026-06-09 23:48:19,666 - INFO - ibkr.core.market_data_worker - Subscribed IBKR market data: MTA key=395717235 type=delayed
2026-06-09 23:48:19,669 - INFO - ibkr.core.market_data_worker - Subscribed IBKR market data: DRS key=478483396 type=delayed
2026-06-09 23:48:19,669 - INFO - ibkr.core.market_data_worker - Subscribed IBKR market data: RDW key=512000171 type=delayed
2026-06-09 23:48:19,670 - INFO - ibkr.core.market_data_worker - Subscribed IBKR market data: IONQ key=517593749 type=delayed
2026-06-09 23:48:19,670 - INFO - ibkr.core.market_data_worker - Subscribed IBKR market data: GFS key=523222624 type=delayed
2026-06-09 23:48:19,670 - INFO - ibkr.core.market_data_worker - Subscribed IBKR market data: QBTS key=578031277 type=delayed
2026-06-09 23:48:19,671 - INFO - ibkr.core.market_data_worker - Subscribed IBKR market data: LUNR key=613910262 type=delayed
2026-06-09 23:48:19,671 - INFO - ibkr.core.market_data_worker - Subscribed IBKR market data: SIDU key=673368857 type=delayed
2026-06-09 23:48:19,671 - INFO - ibkr.core.market_data_worker - Subscribed IBKR market data: DPRO key=725468685 type=delayed
2026-06-09 23:48:19,672 - INFO - ibkr.core.market_data_worker - Subscribed IBKR market data: SNDK key=760250490 type=delayed
2026-06-09 23:48:19,672 - INFO - ibkr.core.market_data_worker - Subscribed IBKR market data: RKLB key=787273575 type=delayed
2026-06-09 23:48:19,672 - INFO - ibkr.core.market_data_worker - Subscribed IBKR market data: SPRC key=860471331 type=delayed
2026-06-09 23:48:19,856 - INFO - ibkr.core.main_window - Chart panes revealed after initial symbol render: IONQ
2026-06-09 23:48:19,857 - INFO - ibkr.core.main_window - Ensured subscription for chart symbol IONQ
2026-06-09 23:48:19,858 - INFO - chart_engine.core.chart_widget - Chart HTML loaded: IONQ (348 candles)
2026-06-09 23:48:20,118 - INFO - ibkr.core.main_window - Chart symbol changed to: IONQ
2026-06-09 23:48:20,118 - INFO - ibkr.core.main_window - Added chart symbol IONQ to subscription
2026-06-09 23:48:20,119 - INFO - chart_engine.core.chart_widget - Chart HTML loaded: IONQ (276 candles)
2026-06-09 23:48:20,198 - INFO - ibkr.core.main_window - Successfully loaded 4341 instruments.
2026-06-09 23:48:20,199 - INFO - ibkr.widgets.header_toolbar - Search index ready: 4341 instruments
2026-06-09 23:48:20,232 - INFO - ibkr.core.main_window - Instruments loaded successfully.
2026-06-09 23:48:20,260 - INFO - ibkr.core.main_window - IBKR loader: Loaded 181 symbols (qualifying in background...)
2026-06-09 23:48:20,325 - INFO - ibkr.core.position_manager - Fetching positions from broker - Reason: app_startup
2026-06-09 23:48:20,360 - INFO - ibkr.core.main_window - Position system initialized successfully
2026-06-09 23:48:20,377 - INFO - ibkr.core.network_monitor - NetworkMonitor started
2026-06-09 23:48:20,377 - INFO - ibkr.core.main_window - Network resilience layer initialized
2026-06-09 23:48:20,434 - WARNING - ibkr.core.market_data_worker - IBKR market data notice for NVDA: Requested market data is not subscribed. Displaying delayed market data. (10167)
2026-06-09 23:48:20,614 - INFO - ibkr.core.main_window - Subscription universe changed: 24 instruments (20 token-backed, +24/-0) sources={'positions': 20, 'charts': 2, 'watchlist': 1, 'header': 2}
2026-06-09 23:48:20,732 - WARNING - ibkr.core.market_data_worker - IBKR market data notice for TACT: Requested market data is not subscribed. Displaying delayed market data. (10167)
2026-06-09 23:48:20,733 - WARNING - ibkr.core.market_data_worker - IBKR market data notice for BAX: Requested market data is not subscribed. Displaying delayed market data. (10167)
2026-06-09 23:48:20,987 - WARNING - ibkr.core.market_data_worker - IBKR market data notice for UMC: Requested market data is not subscribed. Displaying delayed market data. (10167)
2026-06-09 23:48:20,987 - WARNING - ibkr.core.market_data_worker - IBKR market data notice for TSLA: Requested market data is not subscribed. Displaying delayed market data. (10167)
2026-06-09 23:48:20,988 - WARNING - ibkr.core.market_data_worker - IBKR market data notice for PTCT: Requested market data is not subscribed. Displaying delayed market data. (10167)
2026-06-09 23:48:21,207 - WARNING - ibkr.core.market_data_worker - IBKR market data notice for HPQ: Requested market data is not subscribed. Displaying delayed market data. (10167)
2026-06-09 23:48:21,208 - WARNING - ibkr.core.market_data_worker - IBKR market data notice for DELL: Requested market data is not subscribed. Displaying delayed market data. (10167)
2026-06-09 23:48:21,210 - WARNING - ibkr.core.market_data_worker - IBKR market data notice for MTA: Requested market data is not subscribed. Displaying delayed market data. (10167)
2026-06-09 23:48:21,210 - WARNING - ibkr.core.market_data_worker - IBKR market data notice for DRS: Requested market data is not subscribed. Displaying delayed market data. (10167)
2026-06-09 23:48:21,210 - WARNING - ibkr.core.market_data_worker - IBKR market data notice for RDW: Requested market data is not subscribed. Displaying delayed market data. (10167)
2026-06-09 23:48:21,210 - WARNING - ibkr.core.market_data_worker - IBKR market data notice for IONQ: Requested market data is not subscribed. Displaying delayed market data. (10167)
2026-06-09 23:48:21,211 - WARNING - ibkr.core.market_data_worker - IBKR market data notice for GFS: Requested market data is not subscribed. Displaying delayed market data. (10167)
2026-06-09 23:48:21,213 - WARNING - ibkr.core.market_data_worker - IBKR market data notice for QBTS: Requested market data is not subscribed. Displaying delayed market data. (10167)
2026-06-09 23:48:21,214 - WARNING - ibkr.core.market_data_worker - IBKR market data notice for LUNR: Requested market data is not subscribed. Displaying delayed market data. (10167)
2026-06-09 23:48:21,214 - WARNING - ibkr.core.market_data_worker - IBKR market data notice for SIDU: Requested market data is not subscribed. Displaying delayed market data. (10167)
2026-06-09 23:48:21,214 - WARNING - ibkr.core.market_data_worker - IBKR market data notice for DPRO: Requested market data is not subscribed. Displaying delayed market data. (10167)
2026-06-09 23:48:21,215 - WARNING - ibkr.core.market_data_worker - IBKR market data notice for SNDK: Requested market data is not subscribed. Displaying delayed market data. (10167)
2026-06-09 23:48:21,215 - WARNING - ibkr.core.market_data_worker - IBKR market data notice for RKLB: Requested market data is not subscribed. Displaying delayed market data. (10167)
2026-06-09 23:48:21,215 - WARNING - ibkr.core.market_data_worker - IBKR market data notice for SPRC: Requested market data is not subscribed. Displaying delayed market data. (10167)
2026-06-09 23:48:21,219 - INFO - ibkr.core.position_manager - Fetching positions from broker - Reason: instruments_loaded
2026-06-09 23:48:21,271 - INFO - ibkr.core.main_window - Chart auto-loading initiated
2026-06-09 23:48:21,271 - INFO - ibkr.core.main_window - Chart already has active rendered symbol: IONQ
2026-06-09 23:48:21,560 - INFO - ibkr.core.network_monitor - Network confirmed online at startup
2026-06-09 23:48:24,298 - INFO - ibkr.core.market_data_worker - Subscribed IBKR market data: SPY key=756733 type=delayed
2026-06-09 23:48:24,300 - INFO - ibkr.core.market_data_worker - Subscribed IBKR market data: QQQ key=320227571 type=delayed
2026-06-09 23:48:24,643 - WARNING - ibkr.core.market_data_worker - IBKR market data notice for SPY: Requested market data is not subscribed. Displaying delayed market data. (10167)
2026-06-09 23:48:24,893 - WARNING - ibkr.core.market_data_worker - IBKR market data notice for QQQ: Requested market data is not subscribed. Displaying delayed market data. (10167)
2026-06-09 23:48:25,613 - INFO - ibkr.core.main_window - Floating positions dialog opened
2026-06-09 23:48:25,824 - INFO - ibkr.core.market_data_worker - Subscribed IBKR market data: RMBS key=4031477 type=delayed
2026-06-09 23:48:25,839 - INFO - ibkr.widgets.scanner_table - EOD Scan completed: 104 symbols with complete data
2026-06-09 23:48:26,199 - WARNING - ibkr.core.market_data_worker - IBKR market data notice for RMBS: Requested market data is not subscribed. Displaying delayed market data. (10167)
2026-06-09 23:48:26,432 - INFO - ibkr.widgets.scanner_table - EOD Scanner table updated with 104 symbols.
2026-06-09 23:49:05,104 - INFO - chart_engine.core.ibkr_data_fetcher - Chart data source=IBKR symbol=IONQ interval=60minute from=2026-04-20T14:19:05.104734-04:00 to=2026-06-09T14:19:05.104734-04:00 dedicated_history=True
2026-06-09 23:49:05,106 - INFO - chart_engine.core.ibkr_data_fetcher - Requesting IBKR historical data: IONQ conId=517593749 bar=30 mins duration=50 D end=latest
2026-06-09 23:49:06,426 - INFO - chart_engine.core.ibkr_data_fetcher - Chart data fetch complete source=IBKR symbol=IONQ bars=348
2026-06-09 23:49:06,465 - INFO - chart_engine.drawings - Loaded global chart settings.
2026-06-09 23:49:06,465 - INFO - chart_engine.drawings - Saved global chart settings.
2026-06-09 23:49:06,471 - INFO - ibkr.core.main_window - Ensured subscription for chart symbol IONQ
2026-06-09 23:49:06,471 - INFO - chart_engine.core.chart_widget - Chart seamlessly updated: IONQ (348 candles)
2026-06-09 23:49:16,103 - INFO - ibkr.core.data_cache - US market-open cache flush complete; intraday entries cleared
2026-06-09 23:50:05,105 - INFO - chart_engine.core.ibkr_data_fetcher - Chart data source=IBKR symbol=IONQ interval=60minute from=2026-04-20T14:20:05.105349-04:00 to=2026-06-09T14:20:05.105349-04:00 dedicated_history=True
2026-06-09 23:50:05,106 - INFO - chart_engine.core.ibkr_data_fetcher - Requesting IBKR historical data: IONQ conId=517593749 bar=30 mins duration=50 D end=latest
2026-06-09 23:50:06,438 - INFO - chart_engine.core.ibkr_data_fetcher - Chart data fetch complete source=IBKR symbol=IONQ bars=348
2026-06-09 23:50:06,492 - INFO - chart_engine.drawings - Loaded global chart settings.
2026-06-09 23:50:06,492 - INFO - chart_engine.drawings - Saved global chart settings.
2026-06-09 23:50:06,497 - INFO - ibkr.core.main_window - Ensured subscription for chart symbol IONQ
2026-06-09 23:50:06,497 - INFO - chart_engine.core.chart_widget - Chart seamlessly updated: IONQ (348 candles)
2026-06-09 23:51:05,105 - INFO - chart_engine.core.ibkr_data_fetcher - Chart data source=IBKR symbol=IONQ interval=60minute from=2026-04-20T14:21:05.105339-04:00 to=2026-06-09T14:21:05.105339-04:00 dedicated_history=True
2026-06-09 23:51:05,109 - INFO - chart_engine.core.ibkr_data_fetcher - Requesting IBKR historical data: IONQ conId=517593749 bar=30 mins duration=50 D end=latest
2026-06-09 23:51:06,431 - INFO - chart_engine.core.ibkr_data_fetcher - Chart data fetch complete source=IBKR symbol=IONQ bars=348
2026-06-09 23:51:06,492 - INFO - chart_engine.drawings - Loaded global chart settings.
2026-06-09 23:51:06,495 - INFO - chart_engine.drawings - Saved global chart settings.
2026-06-09 23:51:06,505 - INFO - ibkr.core.main_window - Ensured subscription for chart symbol IONQ
2026-06-09 23:51:06,506 - INFO - chart_engine.core.chart_widget - Chart seamlessly updated: IONQ (348 candles)
2026-06-09 23:52:04,104 - INFO - chart_engine.core.ibkr_data_fetcher - Chart data source=IBKR symbol=IONQ interval=60minute from=2026-04-20T14:22:04.104364-04:00 to=2026-06-09T14:22:04.104364-04:00 dedicated_history=True
2026-06-09 23:52:04,105 - INFO - chart_engine.core.ibkr_data_fetcher - Requesting IBKR historical data: IONQ conId=517593749 bar=30 mins duration=50 D end=latest
2026-06-09 23:52:05,498 - INFO - chart_engine.core.ibkr_data_fetcher - Chart data fetch complete source=IBKR symbol=IONQ bars=348
2026-06-09 23:52:05,541 - INFO - chart_engine.drawings - Loaded global chart settings.
2026-06-09 23:52:05,542 - INFO - chart_engine.drawings - Saved global chart settings.
2026-06-09 23:52:05,546 - INFO - ibkr.core.main_window - Ensured subscription for chart symbol IONQ
2026-06-09 23:52:05,546 - INFO - chart_engine.core.chart_widget - Chart seamlessly updated: IONQ (348 candles)
2026-06-09 23:53:04,104 - INFO - chart_engine.core.ibkr_data_fetcher - Chart data source=IBKR symbol=IONQ interval=60minute from=2026-04-20T14:23:04.104749-04:00 to=2026-06-09T14:23:04.104749-04:00 dedicated_history=True
2026-06-09 23:53:04,105 - INFO - chart_engine.core.ibkr_data_fetcher - Requesting IBKR historical data: IONQ conId=517593749 bar=30 mins duration=50 D end=latest
2026-06-09 23:53:05,426 - INFO - chart_engine.core.ibkr_data_fetcher - Chart data fetch complete source=IBKR symbol=IONQ bars=348
2026-06-09 23:53:05,472 - INFO - chart_engine.drawings - Loaded global chart settings.
2026-06-09 23:53:05,474 - INFO - chart_engine.drawings - Saved global chart settings.
2026-06-09 23:53:05,483 - INFO - ibkr.core.main_window - Ensured subscription for chart symbol IONQ
2026-06-09 23:53:05,484 - INFO - chart_engine.core.chart_widget - Chart seamlessly updated: IONQ (348 candles)
2026-06-09 23:53:33,068 - INFO - ibkr.core.shutdown_manager - closeEvent received — beginning fast IBKR shutdown
2026-06-09 23:53:33,069 - INFO - ibkr.core.shutdown_manager - === Fast IBKR window-close shutdown starting ===
2026-06-09 23:53:33,070 - INFO - ibkr.core.shutdown_manager - Shutdown: [save_window_state]…
2026-06-09 23:53:33,072 - INFO - ibkr.core.main_window - Window state saved
2026-06-09 23:53:33,072 - INFO - ibkr.core.shutdown_manager - Shutdown: [save_window_state] ✓
2026-06-09 23:53:33,170 - INFO - ibkr.core.shutdown_manager - Shutdown: [save_chart_state]…
2026-06-09 23:53:33,215 - INFO - ibkr.core.shutdown_manager - Shutdown: [save_chart_state] ✓
2026-06-09 23:53:33,215 - INFO - ibkr.core.shutdown_manager - Shutdown: [stop_remaining_timers]…
2026-06-09 23:53:33,250 - INFO - ibkr.core.shutdown_manager - Shutdown: [stop_remaining_timers] ✓
2026-06-09 23:53:33,250 - INFO - ibkr.core.shutdown_manager - === Fast IBKR window-close shutdown complete ===
2026-06-09 23:53:33,279 - INFO - __main__ - Shutting down and cleaning up resources...
2026-06-09 23:53:33,279 - INFO - __main__ - Skipping broker disconnect during fast window-close shutdown.
2026-06-09 23:53:33,280 - INFO - __main__ - Cleanup complete.
