2026-06-10 00:28:29,752 - INFO - login_setup.login_setup_config - qullamaggie v1.0.0 starting...
2026-06-10 00:28:29,753 - INFO - login_setup.login_setup_config - Logging to file: /home/kavi/Desktop/Python_Projects/swing_trader/logs/qullamaggie_20260610_002829.log
2026-06-10 00:28:29,753 - INFO - login_setup.login_setup_config - Fatal crash diagnostics enabled for all threads.
2026-06-10 00:28:29,754 - INFO - __main__ - 🚀 Starting qullamaggie Application...
2026-06-10 00:28:30,125 - INFO - __main__ - Application icon loaded from: /home/kavi/Desktop/Python_Projects/swing_trader/assets/qullamaggie_swing_trader_icon.svg
2026-06-10 00:28:32,387 - INFO - ib_insync.client - Connecting to 127.0.0.1:4002 with clientId 1...
2026-06-10 00:28:32,399 - INFO - ib_insync.client - Connected
2026-06-10 00:28:32,428 - INFO - ib_insync.client - Logged on to server version 176
2026-06-10 00:28:32,511 - INFO - ib_insync.client - API connection ready
2026-06-10 00:28:32,902 - INFO - __main__ - Authenticated for broker: america
2026-06-10 00:28:32,903 - INFO - __main__ - Initializing trading and data clients...
2026-06-10 00:28:32,903 - INFO - login_setup.broker_factory - Creating america client for live trading
2026-06-10 00:28:32,903 - INFO - login_setup.broker_factory - IBKR client created with accounts: ['DUQ624205']
2026-06-10 00:28:33,133 - INFO - ibkr.core.trading_client - Subscribed to IBKR real-time order events
2026-06-10 00:28:33,135 - INFO - ibkr.core.trading_client - IBKR trading client startup snapshots deferred; using local cache/event sync
2026-06-10 00:28:33,135 - INFO - __main__ - Trading client created; creating data client...
2026-06-10 00:28:33,136 - INFO - login_setup.broker_factory - Creating data client for america
2026-06-10 00:28:33,136 - INFO - __main__ - Data client created; validating connection state...
2026-06-10 00:28:33,136 - INFO - __main__ - Trading client connected: True
2026-06-10 00:28:33,139 - INFO - __main__ - Data client connected: True
2026-06-10 00:28:33,139 - INFO - __main__ - Clients initialized successfully.
2026-06-10 00:28:33,139 - INFO - login_setup.broker_factory - Added america client to manager
2026-06-10 00:28:33,139 - INFO - login_setup.broker_factory - Started connection monitoring for america
2026-06-10 00:28:33,140 - INFO - __main__ - Creating main window for america...
2026-06-10 00:28:33,140 - INFO - login_setup.broker_factory - Dynamically loading main window from: ibkr.core.main_window
2026-06-10 00:28:37,014 - INFO - ibkr.core.trade_logger - Trade history database for 'live' mode at: /home/kavi/.qullamaggie/trade_history_live.db
2026-06-10 00:28:37,016 - INFO - ibkr.core.trade_logger - TradeLogger initialized with background processing
2026-06-10 00:28:37,021 - INFO - ibkr.core.trade_logger - DatabaseWorker processing started
2026-06-10 00:28:37,025 - INFO - ibkr.core.trade_logger - Database initialization completed
2026-06-10 00:28:37,035 - INFO - ibkr.core.position_manager - ✅ Connected to trader.order_status_updated signal - orders will sync immediately
2026-06-10 00:28:37,036 - INFO - ibkr.core.position_manager - ✅ Connected to trader.position_updated signal - positions will sync immediately
2026-06-10 00:28:37,036 - INFO - ibkr.core.position_manager - ✅ Connected to trader.connection_status_changed signal
2026-06-10 00:28:37,228 - INFO - ibkr.widgets.scanner_table - Loaded 19 valid scan configurations
2026-06-10 00:28:37,296 - INFO - ibkr.widgets.scanner_table - Scanner table ready for context-aware navigation
2026-06-10 00:28:37,328 - INFO - ibkr.widgets.scanner_table - Running EOD Finviz scan: Semiconductors
2026-06-10 00:28:37,344 - INFO - chart_engine.core.ibkr_data_fetcher - Pre-warming dedicated IBKR history connection...
2026-06-10 00:28:37,358 - INFO - ib_insync.client - Connecting to 127.0.0.1:4002 with clientId 102...
2026-06-10 00:28:37,377 - INFO - chart_engine.drawings - Loaded global chart settings.
2026-06-10 00:28:37,989 - INFO - chart_engine.core.ibkr_data_fetcher - IBKR chart history connected on 127.0.0.1:4002 clientId=102
2026-06-10 00:28:38,058 - INFO - chart_engine.core.ibkr_data_fetcher - Chart data source=IBKR symbol=PTCT interval=day from=2025-05-05T14:58:38.058058-04:00 to=2026-06-09T14:58:38.058058-04:00 dedicated_history=True
2026-06-10 00:28:38,410 - INFO - chart_engine.core.ibkr_data_fetcher - Requesting IBKR historical data: PTCT conId=129374415 bar=1 day duration=2 Y end=latest
2026-06-10 00:28:38,423 - INFO - ibkr.core.data_cache - MarketAwareDataCache initialised for IBKR/US market time
2026-06-10 00:28:38,425 - INFO - chart_engine.core.ibkr_data_fetcher - Chart data source=IBKR symbol=PTCT interval=60minute from=2026-04-20T14:58:38.424843-04:00 to=2026-06-09T14:58:38.424843-04:00 dedicated_history=True
2026-06-10 00:28:38,425 - INFO - chart_engine.core.ibkr_data_fetcher - Requesting IBKR historical data: PTCT conId=129374415 bar=30 mins duration=50 D end=latest
2026-06-10 00:28:38,664 - INFO - chart_engine.drawings - Saved global chart settings.
2026-06-10 00:28:39,126 - INFO - ibkr.core.alert_management_system - Loaded 0 alerts from disk
2026-06-10 00:28:39,127 - INFO - ibkr.core.alert_management_system - AlertSystemManager ready
2026-06-10 00:28:39,127 - INFO - ibkr.core.main_window - Alert system initialized successfully.
2026-06-10 00:28:39,134 - INFO - ibkr.core.alert_management_system - AlertEngine started
2026-06-10 00:28:39,157 - INFO - ibkr.core.main_window - Connecting component signals...
2026-06-10 00:28:39,158 - INFO - ibkr.core.main_window - IBKR order lifecycle UI signals connected
2026-06-10 00:28:39,162 - INFO - ib_insync.client - Connecting to 127.0.0.1:4002 with clientId 101...
2026-06-10 00:28:39,195 - INFO - ibkr.core.main_window - Keyboard shortcuts initialized
2026-06-10 00:28:39,868 - INFO - chart_engine.core.ibkr_data_fetcher - Chart data fetch complete source=IBKR symbol=PTCT bars=276
2026-06-10 00:28:39,888 - INFO - ibkr.core.market_data_worker - Dedicated IBKR market-data connection established on 127.0.0.1:4002 clientId=101
2026-06-10 00:28:39,888 - INFO - ibkr.core.market_data_worker - IBKR MarketDataWorker started
2026-06-10 00:28:39,889 - INFO - ibkr.core.market_data_worker - Requested IBKR delayed market data type (3); delayed fallback=False; generic ticks=''
2026-06-10 00:28:39,900 - INFO - ibkr.core.main_window - Window state restored
2026-06-10 00:28:39,900 - INFO - ibkr.core.main_window - Applied startup chart timeframes: left=day, right=60minute
2026-06-10 00:28:39,901 - INFO - ibkr.core.main_window - Simplified qullamaggie Window with Status Bar Initialized Successfully.
2026-06-10 00:28:39,901 - INFO - __main__ - Main window created successfully.
2026-06-10 00:28:40,256 - INFO - __main__ - Starting application event loop.
2026-06-10 00:28:41,275 - INFO - ibkr.core.main_window - IBKR loader: Building initial instrument list...
2026-06-10 00:28:41,277 - WARNING - ibkr.core.main_window - IBKR market data is delayed (delayed); live subscription is unavailable.
2026-06-10 00:28:41,277 - INFO - ibkr.core.main_window - WebSocket connected. Setting up subscriptions.
2026-06-10 00:28:41,278 - INFO - ibkr.core.position_manager - Fetching positions from broker - Reason: ibkr_connected
2026-06-10 00:28:41,311 - INFO - chart_engine.core.ibkr_data_fetcher - Chart data fetch complete source=IBKR symbol=PTCT bars=349
2026-06-10 00:28:41,527 - INFO - ibkr.core.main_window - Added 20 widget market-data subscriptions (20 token-backed)
2026-06-10 00:28:41,552 - INFO - ibkr.core.position_manager - Position table changed: 20 open positions | open MTM -43357.50 | realized 0.00
2026-06-10 00:28:42,613 - INFO - ibkr.core.market_data_worker - Subscribed IBKR market data: NVDA key=4815747 type=delayed
2026-06-10 00:28:42,614 - INFO - ibkr.core.market_data_worker - Subscribed IBKR market data: TACT key=6858145 type=delayed
2026-06-10 00:28:42,618 - INFO - ibkr.core.market_data_worker - Subscribed IBKR market data: BAX key=8111188 type=delayed
2026-06-10 00:28:42,618 - INFO - ibkr.core.market_data_worker - Subscribed IBKR market data: UMC key=46613372 type=delayed
2026-06-10 00:28:42,619 - INFO - ibkr.core.market_data_worker - Subscribed IBKR market data: TSLA key=76792991 type=delayed
2026-06-10 00:28:42,619 - INFO - ibkr.core.market_data_worker - Subscribed IBKR market data: PTCT key=129374415 type=delayed
2026-06-10 00:28:42,625 - INFO - ibkr.core.market_data_worker - Subscribed IBKR market data: HPQ key=209411801 type=delayed
2026-06-10 00:28:42,627 - INFO - ibkr.core.market_data_worker - Subscribed IBKR market data: DELL key=346218218 type=delayed
2026-06-10 00:28:42,630 - INFO - ibkr.core.market_data_worker - Subscribed IBKR market data: MTA key=395717235 type=delayed
2026-06-10 00:28:42,631 - INFO - ibkr.core.market_data_worker - Subscribed IBKR market data: DRS key=478483396 type=delayed
2026-06-10 00:28:42,631 - INFO - ibkr.core.market_data_worker - Subscribed IBKR market data: RDW key=512000171 type=delayed
2026-06-10 00:28:42,632 - INFO - ibkr.core.market_data_worker - Subscribed IBKR market data: IONQ key=517593749 type=delayed
2026-06-10 00:28:42,636 - INFO - ibkr.core.market_data_worker - Subscribed IBKR market data: GFS key=523222624 type=delayed
2026-06-10 00:28:42,637 - INFO - ibkr.core.market_data_worker - Subscribed IBKR market data: QBTS key=578031277 type=delayed
2026-06-10 00:28:42,637 - INFO - ibkr.core.market_data_worker - Subscribed IBKR market data: LUNR key=613910262 type=delayed
2026-06-10 00:28:42,638 - INFO - ibkr.core.market_data_worker - Subscribed IBKR market data: SIDU key=673368857 type=delayed
2026-06-10 00:28:42,640 - INFO - ibkr.core.market_data_worker - Subscribed IBKR market data: DPRO key=725468685 type=delayed
2026-06-10 00:28:42,644 - INFO - ibkr.core.market_data_worker - Subscribed IBKR market data: SNDK key=760250490 type=delayed
2026-06-10 00:28:42,645 - INFO - ibkr.core.market_data_worker - Subscribed IBKR market data: RKLB key=787273575 type=delayed
2026-06-10 00:28:42,646 - INFO - ibkr.core.market_data_worker - Subscribed IBKR market data: SPRC key=860471331 type=delayed
2026-06-10 00:28:43,331 - WARNING - ibkr.core.market_data_worker - IBKR market data notice for NVDA: Requested market data is not subscribed. Displaying delayed market data. (10167)
2026-06-10 00:28:43,449 - INFO - ibkr.core.main_window - Chart panes revealed after initial symbol render: PTCT
2026-06-10 00:28:43,451 - INFO - ibkr.core.main_window - Ensured subscription for chart symbol PTCT
2026-06-10 00:28:43,451 - INFO - chart_engine.core.chart_widget - Chart HTML loaded: PTCT (349 candles)
2026-06-10 00:28:43,701 - WARNING - ibkr.core.market_data_worker - IBKR market data notice for TACT: Requested market data is not subscribed. Displaying delayed market data. (10167)
2026-06-10 00:28:43,702 - WARNING - ibkr.core.market_data_worker - IBKR market data notice for BAX: Requested market data is not subscribed. Displaying delayed market data. (10167)
2026-06-10 00:28:43,800 - INFO - ibkr.core.main_window - Chart symbol changed to: PTCT
2026-06-10 00:28:43,800 - INFO - ibkr.core.main_window - Added chart symbol PTCT to subscription
2026-06-10 00:28:43,801 - INFO - chart_engine.core.chart_widget - Chart HTML loaded: PTCT (276 candles)
2026-06-10 00:28:43,986 - WARNING - ibkr.core.market_data_worker - IBKR market data notice for UMC: Requested market data is not subscribed. Displaying delayed market data. (10167)
2026-06-10 00:28:43,987 - INFO - ibkr.core.main_window - Successfully loaded 4342 instruments.
2026-06-10 00:28:43,987 - WARNING - ibkr.core.market_data_worker - IBKR market data notice for TSLA: Requested market data is not subscribed. Displaying delayed market data. (10167)
2026-06-10 00:28:43,990 - WARNING - ibkr.core.market_data_worker - IBKR market data notice for PTCT: Requested market data is not subscribed. Displaying delayed market data. (10167)
2026-06-10 00:28:43,989 - INFO - ibkr.widgets.header_toolbar - Search index ready: 4342 instruments
2026-06-10 00:28:44,069 - INFO - ibkr.core.main_window - Instruments loaded successfully.
2026-06-10 00:28:44,102 - INFO - ibkr.core.main_window - IBKR loader: Loaded 181 symbols (qualifying in background...)
2026-06-10 00:28:44,107 - WARNING - ibkr.core.market_data_worker - IBKR market data notice for HPQ: Requested market data is not subscribed. Displaying delayed market data. (10167)
2026-06-10 00:28:44,159 - WARNING - ibkr.core.market_data_worker - IBKR market data notice for DELL: Requested market data is not subscribed. Displaying delayed market data. (10167)
2026-06-10 00:28:44,160 - WARNING - ibkr.core.market_data_worker - IBKR market data notice for MTA: Requested market data is not subscribed. Displaying delayed market data. (10167)
2026-06-10 00:28:44,160 - WARNING - ibkr.core.market_data_worker - IBKR market data notice for DRS: Requested market data is not subscribed. Displaying delayed market data. (10167)
2026-06-10 00:28:44,166 - WARNING - ibkr.core.market_data_worker - IBKR market data notice for RDW: Requested market data is not subscribed. Displaying delayed market data. (10167)
2026-06-10 00:28:44,170 - INFO - ibkr.core.position_manager - Fetching positions from broker - Reason: app_startup
2026-06-10 00:28:44,170 - WARNING - ibkr.core.market_data_worker - IBKR market data notice for IONQ: Requested market data is not subscribed. Displaying delayed market data. (10167)
2026-06-10 00:28:44,176 - WARNING - ibkr.core.market_data_worker - IBKR market data notice for GFS: Requested market data is not subscribed. Displaying delayed market data. (10167)
2026-06-10 00:28:44,176 - WARNING - ibkr.core.market_data_worker - IBKR market data notice for QBTS: Requested market data is not subscribed. Displaying delayed market data. (10167)
2026-06-10 00:28:44,177 - WARNING - ibkr.core.market_data_worker - IBKR market data notice for LUNR: Requested market data is not subscribed. Displaying delayed market data. (10167)
2026-06-10 00:28:44,177 - WARNING - ibkr.core.market_data_worker - IBKR market data notice for SIDU: Requested market data is not subscribed. Displaying delayed market data. (10167)
2026-06-10 00:28:44,237 - INFO - ibkr.core.main_window - Position system initialized successfully
2026-06-10 00:28:44,243 - WARNING - ibkr.core.market_data_worker - IBKR market data notice for DPRO: Requested market data is not subscribed. Displaying delayed market data. (10167)
2026-06-10 00:28:44,246 - WARNING - ibkr.core.market_data_worker - IBKR market data notice for SNDK: Requested market data is not subscribed. Displaying delayed market data. (10167)
2026-06-10 00:28:44,247 - WARNING - ibkr.core.market_data_worker - IBKR market data notice for RKLB: Requested market data is not subscribed. Displaying delayed market data. (10167)
2026-06-10 00:28:44,247 - WARNING - ibkr.core.market_data_worker - IBKR market data notice for SPRC: Requested market data is not subscribed. Displaying delayed market data. (10167)
2026-06-10 00:28:44,314 - INFO - ibkr.core.network_monitor - NetworkMonitor started
2026-06-10 00:28:44,315 - INFO - ibkr.core.main_window - Network resilience layer initialized
2026-06-10 00:28:44,559 - INFO - ibkr.core.main_window - Subscription universe changed: 24 instruments (20 token-backed, +24/-0) sources={'positions': 20, 'charts': 2, 'watchlist': 1, 'header': 2}
2026-06-10 00:28:44,657 - INFO - ibkr.widgets.scanner_table - EOD Scan completed: 35 symbols with complete data
2026-06-10 00:28:45,209 - INFO - ibkr.widgets.scanner_table - EOD Scanner table updated with 35 symbols.
2026-06-10 00:28:45,416 - INFO - ibkr.core.position_manager - Fetching positions from broker - Reason: instruments_loaded
2026-06-10 00:28:45,457 - INFO - ibkr.core.main_window - Chart auto-loading initiated
2026-06-10 00:28:45,458 - INFO - ibkr.core.main_window - Chart already has active rendered symbol: PTCT
2026-06-10 00:28:46,028 - INFO - ibkr.core.network_monitor - Network confirmed online at startup
2026-06-10 00:28:46,852 - INFO - ibkr.core.market_data_worker - Subscribed IBKR market data: SPY key=756733 type=delayed
2026-06-10 00:28:46,852 - INFO - ibkr.core.market_data_worker - Subscribed IBKR market data: QQQ key=320227571 type=delayed
2026-06-10 00:28:47,312 - WARNING - ibkr.core.market_data_worker - IBKR market data notice for SPY: Requested market data is not subscribed. Displaying delayed market data. (10167)
2026-06-10 00:28:47,313 - WARNING - ibkr.core.market_data_worker - IBKR market data notice for QQQ: Requested market data is not subscribed. Displaying delayed market data. (10167)
2026-06-10 00:28:48,899 - INFO - ibkr.core.market_data_worker - Subscribed IBKR market data: RMBS key=4031477 type=delayed
2026-06-10 00:28:49,824 - WARNING - ibkr.core.market_data_worker - IBKR market data notice for RMBS: Requested market data is not subscribed. Displaying delayed market data. (10167)
2026-06-10 00:28:57,164 - INFO - chart_engine.core.ibkr_data_fetcher - Chart data source=IBKR symbol=DELL interval=day from=2025-05-05T14:58:57.164340-04:00 to=2026-06-09T14:58:57.164340-04:00 dedicated_history=True
2026-06-10 00:28:57,212 - INFO - chart_engine.core.ibkr_data_fetcher - Chart data source=IBKR symbol=DELL interval=60minute from=2026-04-20T14:58:57.212513-04:00 to=2026-06-09T14:58:57.212513-04:00 dedicated_history=True
2026-06-10 00:28:57,439 - INFO - chart_engine.core.ibkr_data_fetcher - Chart data source=IBKR symbol=DELL interval=day from=2025-05-05T14:58:57.439270-04:00 to=2026-06-09T14:58:57.439270-04:00 dedicated_history=True
2026-06-10 00:28:57,474 - INFO - chart_engine.core.ibkr_data_fetcher - Chart data source=IBKR symbol=DELL interval=60minute from=2026-04-20T14:58:57.474568-04:00 to=2026-06-09T14:58:57.474568-04:00 dedicated_history=True
2026-06-10 00:28:57,501 - INFO - chart_engine.core.ibkr_data_fetcher - Requesting IBKR historical data: DELL conId=346218218 bar=1 day duration=2 Y end=latest
2026-06-10 00:28:57,898 - INFO - chart_engine.core.ibkr_data_fetcher - Requesting IBKR historical data: DELL conId=346218218 bar=30 mins duration=50 D end=latest
2026-06-10 00:29:00,253 - INFO - chart_engine.core.ibkr_data_fetcher - Chart data fetch complete source=IBKR symbol=DELL bars=276
2026-06-10 00:29:00,554 - INFO - chart_engine.drawings - Loaded global chart settings.
2026-06-10 00:29:00,558 - INFO - chart_engine.drawings - Saved global chart settings.
2026-06-10 00:29:00,578 - INFO - ibkr.core.main_window - Chart symbol changed to: DELL
2026-06-10 00:29:00,578 - INFO - ibkr.core.main_window - Added chart symbol DELL to subscription
2026-06-10 00:29:00,580 - INFO - ibkr.core.main_window - Ensured subscription for chart symbol DELL
2026-06-10 00:29:00,580 - INFO - chart_engine.core.chart_widget - Chart seamlessly updated: DELL (276 candles)
2026-06-10 00:29:01,115 - INFO - ibkr.core.main_window - Subscription universe changed: 24 instruments (20 token-backed, +1/-1) sources={'positions': 20, 'charts': 2, 'watchlist': 1, 'header': 2}
2026-06-10 00:29:01,846 - INFO - chart_engine.core.ibkr_data_fetcher - Chart data fetch complete source=IBKR symbol=DELL bars=349
2026-06-10 00:29:02,090 - INFO - chart_engine.core.chart_widget - Chart seamlessly updated: DELL (349 candles)
2026-06-10 00:29:38,103 - INFO - ibkr.core.data_cache - US market-open cache flush complete; intraday entries cleared
