2026-06-10 23:26:25,802 - INFO - login_setup.login_setup_config - qullamaggie v1.0.0 starting...
2026-06-10 23:26:25,803 - INFO - login_setup.login_setup_config - Logging to file: /home/kavi/Desktop/Python_Projects/swing_trader/logs/qullamaggie_20260610_232625.log
2026-06-10 23:26:25,803 - INFO - login_setup.login_setup_config - Fatal crash diagnostics enabled for all threads.
2026-06-10 23:26:25,803 - INFO - __main__ - 🚀 Starting qullamaggie Application...
2026-06-10 23:26:25,935 - INFO - __main__ - Application icon loaded from: /home/kavi/Desktop/Python_Projects/swing_trader/assets/qullamaggie_swing_trader_icon.svg
2026-06-10 23:26:28,221 - INFO - ib_insync.client - Connecting to 127.0.0.1:4002 with clientId 1...
2026-06-10 23:26:28,223 - INFO - ib_insync.client - Connected
2026-06-10 23:26:28,238 - INFO - ib_insync.client - Logged on to server version 176
2026-06-10 23:26:28,280 - INFO - ib_insync.client - API connection ready
2026-06-10 23:26:28,715 - INFO - __main__ - Authenticated for broker: america
2026-06-10 23:26:28,716 - INFO - __main__ - Initializing trading and data clients...
2026-06-10 23:26:28,716 - INFO - login_setup.broker_factory - Creating america client for live trading
2026-06-10 23:26:28,716 - INFO - login_setup.broker_factory - IBKR client created with accounts: ['DUQ624205']
2026-06-10 23:26:28,722 - INFO - ibkr.core.trading_client - Subscribed to IBKR real-time order events
2026-06-10 23:26:28,722 - INFO - ibkr.core.trading_client - IBKR trading client startup snapshots deferred; using local cache/event sync
2026-06-10 23:26:28,722 - INFO - __main__ - Trading client created; creating data client...
2026-06-10 23:26:28,723 - INFO - login_setup.broker_factory - Creating data client for america
2026-06-10 23:26:28,723 - INFO - __main__ - Data client created; validating connection state...
2026-06-10 23:26:28,724 - INFO - __main__ - Trading client connected: True
2026-06-10 23:26:28,726 - INFO - __main__ - Data client connected: True
2026-06-10 23:26:28,726 - INFO - __main__ - Clients initialized successfully.
2026-06-10 23:26:28,727 - INFO - login_setup.broker_factory - Added america client to manager
2026-06-10 23:26:28,727 - INFO - login_setup.broker_factory - Started connection monitoring for america
2026-06-10 23:26:28,727 - INFO - __main__ - Creating main window for america...
2026-06-10 23:26:28,727 - INFO - login_setup.broker_factory - Dynamically loading main window from: ibkr.core.main_window
2026-06-10 23:26:29,773 - INFO - ibkr.core.trade_logger - Trade history database for 'live' mode at: /home/kavi/.qullamaggie/trade_history_live.db
2026-06-10 23:26:29,774 - INFO - ibkr.core.trade_logger - TradeLogger initialized with background processing
2026-06-10 23:26:29,775 - INFO - ibkr.core.trade_logger - DatabaseWorker processing started
2026-06-10 23:26:29,777 - INFO - ibkr.core.trade_logger - Database initialization completed
2026-06-10 23:26:29,778 - INFO - ibkr.core.position_manager - ✅ Connected to trader.order_status_updated signal - orders will sync immediately
2026-06-10 23:26:29,778 - INFO - ibkr.core.position_manager - ✅ Connected to trader.position_updated signal - positions will sync immediately
2026-06-10 23:26:29,778 - INFO - ibkr.core.position_manager - ✅ Connected to trader.connection_status_changed signal
2026-06-10 23:26:29,827 - INFO - ibkr.widgets.scanner_table - Loaded 19 valid scan configurations
2026-06-10 23:26:29,841 - INFO - ibkr.widgets.scanner_table - Scanner table ready for context-aware navigation
2026-06-10 23:26:29,848 - INFO - chart_engine.drawings - Loaded global chart settings.
2026-06-10 23:26:30,160 - INFO - ibkr.core.data_cache - MarketAwareDataCache initialised for IBKR/US market time
2026-06-10 23:26:30,249 - INFO - chart_engine.drawings - Saved global chart settings.
2026-06-10 23:26:30,443 - INFO - ibkr.core.alert_management_system - Loaded 0 alerts from disk
2026-06-10 23:26:30,444 - INFO - ibkr.core.alert_management_system - AlertSystemManager ready
2026-06-10 23:26:30,444 - INFO - ibkr.core.alert_management_system - AlertEngine started
2026-06-10 23:26:30,444 - INFO - ibkr.core.main_window - Alert system initialized successfully.
2026-06-10 23:26:30,445 - INFO - ibkr.core.main_window - Connecting component signals...
2026-06-10 23:26:30,445 - INFO - ibkr.core.main_window - IBKR order lifecycle UI signals connected
2026-06-10 23:26:30,450 - INFO - ibkr.core.main_window - Keyboard shortcuts initialized
2026-06-10 23:26:30,577 - INFO - ibkr.core.main_window - Window state restored
2026-06-10 23:26:30,605 - INFO - ibkr.core.main_window - Applied startup chart timeframes: left=day, right=60minute
2026-06-10 23:26:30,605 - INFO - ibkr.core.main_window - Simplified qullamaggie Window with Status Bar Initialized Successfully.
2026-06-10 23:26:30,605 - INFO - __main__ - Main window created successfully.
2026-06-10 23:26:30,665 - INFO - __main__ - Starting application event loop.
2026-06-10 23:26:31,171 - INFO - ibkr.core.main_window - Starting deferred IBKR post-show workers
2026-06-10 23:26:31,172 - INFO - chart_engine.core.ibkr_data_fetcher - Pre-warming dedicated IBKR history connection...
2026-06-10 23:26:31,175 - INFO - ib_insync.client - Connecting to 127.0.0.1:4002 with clientId 102...
2026-06-10 23:26:31,186 - INFO - ib_insync.client - Connecting to 127.0.0.1:4002 with clientId 101...
2026-06-10 23:26:31,220 - INFO - ibkr.core.main_window - IBKR loader: Building initial instrument list...
2026-06-10 23:26:31,684 - INFO - ibkr.core.main_window - Successfully loaded 226 instruments.
2026-06-10 23:26:31,687 - INFO - ibkr.widgets.header_toolbar - Search index ready: 226 instruments
2026-06-10 23:26:31,690 - INFO - ibkr.core.main_window - Instruments loaded successfully.
2026-06-10 23:26:31,691 - INFO - ibkr.core.main_window - IBKR loader: Loaded 181 symbols (qualifying in background...)
2026-06-10 23:26:31,740 - INFO - ibkr.widgets.scanner_table - Running EOD Finviz scan: Computer Hardware
2026-06-10 23:26:32,003 - INFO - ibkr.core.main_window - Subscription universe changed: 2 instruments (0 token-backed, +2/-0) sources={'header': 2}
2026-06-10 23:26:32,623 - INFO - chart_engine.core.ibkr_data_fetcher - IBKR chart history connected on 127.0.0.1:4002 clientId=102
2026-06-10 23:26:32,639 - INFO - ibkr.core.position_manager - Fetching positions from broker - Reason: instruments_loaded
2026-06-10 23:26:32,649 - INFO - ibkr.core.main_window - Added 20 widget market-data subscriptions (20 token-backed)
2026-06-10 23:26:32,652 - INFO - ibkr.core.position_manager - Position table changed: 20 open positions | open MTM -42601.50 | realized 0.00
2026-06-10 23:26:32,659 - INFO - ibkr.core.main_window - Chart auto-loading initiated
2026-06-10 23:26:32,676 - INFO - ibkr.core.main_window - Auto-loading startup chart symbol: IONQ
2026-06-10 23:26:32,695 - INFO - chart_engine.core.ibkr_data_fetcher - Chart data source=IBKR symbol=IONQ interval=day from=2026-03-02T13:56:32.694974-05:00 to=2026-06-10T13:56:32.694974-04:00 dedicated_history=True
2026-06-10 23:26:32,705 - INFO - chart_engine.core.ibkr_data_fetcher - Chart data source=IBKR symbol=IONQ interval=60minute from=2026-04-21T13:56:32.705529-04:00 to=2026-06-10T13:56:32.705529-04:00 dedicated_history=True
2026-06-10 23:26:32,724 - INFO - ibkr.core.market_data_worker - Dedicated IBKR market-data connection established on 127.0.0.1:4002 clientId=101
2026-06-10 23:26:32,725 - INFO - ibkr.core.market_data_worker - IBKR MarketDataWorker started
2026-06-10 23:26:32,725 - INFO - ibkr.core.market_data_worker - Requested IBKR delayed market data type (3); delayed fallback=False; generic ticks=''
2026-06-10 23:26:32,767 - WARNING - ibkr.core.main_window - IBKR market data is delayed (delayed); live subscription is unavailable.
2026-06-10 23:26:32,768 - INFO - ibkr.core.main_window - WebSocket connected. Setting up subscriptions.
2026-06-10 23:26:32,768 - INFO - ibkr.core.position_manager - Fetching positions from broker - Reason: ibkr_connected
2026-06-10 23:26:33,085 - INFO - ibkr.core.main_window - Subscription universe changed: 23 instruments (20 token-backed, +21/-0) sources={'positions': 20, 'charts': 2, 'header': 2}
2026-06-10 23:26:33,103 - INFO - ibkr.core.position_manager - Fetching positions from broker - Reason: app_startup
2026-06-10 23:26:33,122 - INFO - ibkr.core.main_window - Position system initialized successfully
2026-06-10 23:26:33,150 - INFO - ibkr.widgets.scanner_table - EOD Scan completed: 17 symbols with complete data
2026-06-10 23:26:33,223 - INFO - ibkr.widgets.scanner_table - EOD Scanner table updated with 17 symbols.
2026-06-10 23:26:33,406 - INFO - chart_engine.core.ibkr_data_fetcher - Requesting IBKR historical data: IONQ conId=517593749 bar=1 day duration=100 D end=latest
2026-06-10 23:26:33,448 - INFO - chart_engine.core.ibkr_data_fetcher - Requesting IBKR historical data: IONQ conId=517593749 bar=30 mins duration=50 D end=latest
2026-06-10 23:26:33,605 - INFO - ibkr.core.network_monitor - NetworkMonitor started
2026-06-10 23:26:33,607 - INFO - ibkr.core.main_window - Network resilience layer initialized
2026-06-10 23:26:33,734 - INFO - ibkr.core.market_data_worker - Subscribed IBKR market data: SPY key=756733 type=delayed
2026-06-10 23:26:33,734 - INFO - ibkr.core.market_data_worker - Subscribed IBKR market data: QQQ key=320227571 type=delayed
2026-06-10 23:26:34,298 - INFO - chart_engine.core.ibkr_data_fetcher - Chart data fetch complete source=IBKR symbol=IONQ bars=71
2026-06-10 23:26:34,360 - INFO - chart_engine.drawings - Loaded state for IONQ (day) — 3 drawings
2026-06-10 23:26:34,406 - INFO - ibkr.core.main_window - Chart panes revealed after initial symbol render: IONQ
2026-06-10 23:26:34,407 - INFO - ibkr.core.main_window - Chart symbol changed to: IONQ
2026-06-10 23:26:34,407 - INFO - ibkr.core.main_window - Added chart symbol IONQ to subscription
2026-06-10 23:26:34,408 - INFO - ibkr.core.main_window - Ensured subscription for chart symbol IONQ
2026-06-10 23:26:34,408 - INFO - chart_engine.core.chart_widget - Chart HTML loaded: IONQ (71 candles)
2026-06-10 23:26:34,447 - INFO - ibkr.core.network_monitor - Network confirmed online at startup
2026-06-10 23:26:34,975 - WARNING - ibkr.core.market_data_worker - IBKR market data notice for SPY: Requested market data is not subscribed. Displaying delayed market data. (10167)
2026-06-10 23:26:35,232 - WARNING - ibkr.core.market_data_worker - IBKR market data notice for QQQ: Requested market data is not subscribed. Displaying delayed market data. (10167)
2026-06-10 23:26:35,279 - INFO - chart_engine.core.ibkr_data_fetcher - Chart data fetch complete source=IBKR symbol=IONQ bars=348
2026-06-10 23:26:35,325 - INFO - chart_engine.drawings - Loaded state for IONQ (60minute) — 3 drawings
2026-06-10 23:26:35,394 - INFO - chart_engine.core.chart_widget - Chart HTML loaded: IONQ (348 candles)
2026-06-10 23:26:35,667 - INFO - ibkr.core.main_window - Floating positions dialog opened
2026-06-10 23:26:36,431 - INFO - ibkr.core.market_data_worker - Subscribed IBKR market data: NVDA key=4815747 type=delayed
2026-06-10 23:26:36,432 - INFO - ibkr.core.market_data_worker - Subscribed IBKR market data: TACT key=6858145 type=delayed
2026-06-10 23:26:36,432 - INFO - ibkr.core.market_data_worker - Subscribed IBKR market data: BAX key=8111188 type=delayed
2026-06-10 23:26:36,432 - INFO - ibkr.core.market_data_worker - Subscribed IBKR market data: UMC key=46613372 type=delayed
2026-06-10 23:26:36,433 - INFO - ibkr.core.market_data_worker - Subscribed IBKR market data: TSLA key=76792991 type=delayed
2026-06-10 23:26:36,433 - INFO - ibkr.core.market_data_worker - Subscribed IBKR market data: PTCT key=129374415 type=delayed
2026-06-10 23:26:36,438 - INFO - ibkr.core.market_data_worker - Subscribed IBKR market data: HPQ key=209411801 type=delayed
2026-06-10 23:26:36,438 - INFO - ibkr.core.market_data_worker - Subscribed IBKR market data: DELL key=346218218 type=delayed
2026-06-10 23:26:36,438 - INFO - ibkr.core.market_data_worker - Subscribed IBKR market data: MTA key=395717235 type=delayed
2026-06-10 23:26:36,439 - INFO - ibkr.core.market_data_worker - Subscribed IBKR market data: DRS key=478483396 type=delayed
2026-06-10 23:26:36,439 - INFO - ibkr.core.market_data_worker - Subscribed IBKR market data: RDW key=512000171 type=delayed
2026-06-10 23:26:36,439 - INFO - ibkr.core.market_data_worker - Subscribed IBKR market data: IONQ key=517593749 type=delayed
2026-06-10 23:26:36,440 - INFO - ibkr.core.market_data_worker - Subscribed IBKR market data: GFS key=523222624 type=delayed
2026-06-10 23:26:36,440 - INFO - ibkr.core.market_data_worker - Subscribed IBKR market data: QBTS key=578031277 type=delayed
2026-06-10 23:26:36,444 - INFO - ibkr.core.market_data_worker - Subscribed IBKR market data: LUNR key=613910262 type=delayed
2026-06-10 23:26:36,445 - INFO - ibkr.core.market_data_worker - Subscribed IBKR market data: SIDU key=673368857 type=delayed
2026-06-10 23:26:36,445 - INFO - ibkr.core.market_data_worker - Subscribed IBKR market data: DPRO key=725468685 type=delayed
2026-06-10 23:26:36,445 - INFO - ibkr.core.market_data_worker - Subscribed IBKR market data: SNDK key=760250490 type=delayed
2026-06-10 23:26:36,446 - INFO - ibkr.core.market_data_worker - Subscribed IBKR market data: RKLB key=787273575 type=delayed
2026-06-10 23:26:36,446 - INFO - ibkr.core.market_data_worker - Subscribed IBKR market data: SPRC key=860471331 type=delayed
2026-06-10 23:26:37,179 - WARNING - ibkr.core.market_data_worker - IBKR market data notice for NVDA: Requested market data is not subscribed. Displaying delayed market data. (10167)
2026-06-10 23:26:37,400 - WARNING - ibkr.core.market_data_worker - IBKR market data notice for TACT: Requested market data is not subscribed. Displaying delayed market data. (10167)
2026-06-10 23:26:37,440 - WARNING - ibkr.core.market_data_worker - IBKR market data notice for BAX: Requested market data is not subscribed. Displaying delayed market data. (10167)
2026-06-10 23:26:37,441 - WARNING - ibkr.core.market_data_worker - IBKR market data notice for UMC: Requested market data is not subscribed. Displaying delayed market data. (10167)
2026-06-10 23:26:37,449 - WARNING - ibkr.core.market_data_worker - IBKR market data notice for TSLA: Requested market data is not subscribed. Displaying delayed market data. (10167)
2026-06-10 23:26:37,491 - WARNING - ibkr.core.market_data_worker - IBKR market data notice for PTCT: Requested market data is not subscribed. Displaying delayed market data. (10167)
2026-06-10 23:26:37,735 - WARNING - ibkr.core.market_data_worker - IBKR market data notice for HPQ: Requested market data is not subscribed. Displaying delayed market data. (10167)
2026-06-10 23:26:37,776 - WARNING - ibkr.core.market_data_worker - IBKR market data notice for DELL: Requested market data is not subscribed. Displaying delayed market data. (10167)
2026-06-10 23:26:37,777 - WARNING - ibkr.core.market_data_worker - IBKR market data notice for MTA: Requested market data is not subscribed. Displaying delayed market data. (10167)
2026-06-10 23:26:37,843 - WARNING - ibkr.core.market_data_worker - IBKR market data notice for DRS: Requested market data is not subscribed. Displaying delayed market data. (10167)
2026-06-10 23:26:37,884 - WARNING - ibkr.core.market_data_worker - IBKR market data notice for RDW: Requested market data is not subscribed. Displaying delayed market data. (10167)
2026-06-10 23:26:37,885 - WARNING - ibkr.core.market_data_worker - IBKR market data notice for IONQ: Requested market data is not subscribed. Displaying delayed market data. (10167)
2026-06-10 23:26:37,885 - WARNING - ibkr.core.market_data_worker - IBKR market data notice for GFS: Requested market data is not subscribed. Displaying delayed market data. (10167)
2026-06-10 23:26:37,885 - WARNING - ibkr.core.market_data_worker - IBKR market data notice for QBTS: Requested market data is not subscribed. Displaying delayed market data. (10167)
2026-06-10 23:26:37,885 - WARNING - ibkr.core.market_data_worker - IBKR market data notice for LUNR: Requested market data is not subscribed. Displaying delayed market data. (10167)
2026-06-10 23:26:37,885 - WARNING - ibkr.core.market_data_worker - IBKR market data notice for SIDU: Requested market data is not subscribed. Displaying delayed market data. (10167)
2026-06-10 23:26:37,885 - WARNING - ibkr.core.market_data_worker - IBKR market data notice for DPRO: Requested market data is not subscribed. Displaying delayed market data. (10167)
2026-06-10 23:26:37,886 - WARNING - ibkr.core.market_data_worker - IBKR market data notice for SNDK: Requested market data is not subscribed. Displaying delayed market data. (10167)
2026-06-10 23:26:37,886 - WARNING - ibkr.core.market_data_worker - IBKR market data notice for RKLB: Requested market data is not subscribed. Displaying delayed market data. (10167)
2026-06-10 23:26:37,886 - WARNING - ibkr.core.market_data_worker - IBKR market data notice for SPRC: Requested market data is not subscribed. Displaying delayed market data. (10167)
2026-06-10 23:26:43,687 - INFO - ibkr.core.main_window - Added 1 widget market-data subscriptions (0 token-backed)
2026-06-10 23:26:43,694 - INFO - ibkr.core.chart_lines_manager - Updated stop-loss line for IONQ @ 57.00
2026-06-10 23:26:43,697 - INFO - ibkr.core.stop_loss_manager - SL set: IONQ @ $57.00 (FULL, 10.05% from avg $63.37)
2026-06-10 23:26:56,447 - INFO - chart_engine.drawings - Loaded state for IONQ (60minute) — 3 drawings
2026-06-10 23:26:56,453 - INFO - chart_engine.drawings - Saved state for IONQ (60minute) — 3 drawings
2026-06-10 23:26:56,652 - INFO - ibkr.utils.sounds - Audio fallback ready with 3 player(s)
2026-06-10 23:26:56,654 - INFO - ibkr.utils.sounds - Sound assets ready: 5/5 file(s) available
2026-06-10 23:26:56,654 - INFO - ibkr.utils.sounds - Initializing Qt sounds...
2026-06-10 23:26:56,657 - INFO - ibkr.utils.sounds - ✓ Qt sound loaded: /home/kavi/Desktop/Python_Projects/swing_trader/assets/alert.wav
2026-06-10 23:26:56,658 - INFO - ibkr.utils.sounds - ✓ Qt sound loaded: /home/kavi/Desktop/Python_Projects/swing_trader/assets/pop.wav
2026-06-10 23:26:56,658 - INFO - ibkr.utils.sounds - ✓ Qt sound loaded: /home/kavi/Desktop/Python_Projects/swing_trader/assets/error.wav
2026-06-10 23:26:56,659 - INFO - ibkr.utils.sounds - Qt sounds initialized successfully
2026-06-10 23:26:56,659 - INFO - ibkr.utils.sounds - SoundManager initialized successfully
2026-06-10 23:26:56,661 - INFO - ibkr.core.chart_lines_manager - Updated stop-loss line for IONQ @ 57.00
2026-06-10 23:26:56,662 - INFO - chart_engine.core.chart_bridge - ChartBridge: stop-loss price updated from chart: {"symbol":"IONQ","old_price":57,"new_price":58.094378531073446}
2026-06-10 23:27:05,104 - INFO - chart_engine.core.ibkr_data_fetcher - Chart data source=IBKR symbol=IONQ interval=60minute from=2026-04-21T13:57:05.104195-04:00 to=2026-06-10T13:57:05.104195-04:00 dedicated_history=True
2026-06-10 23:27:05,105 - INFO - chart_engine.core.ibkr_data_fetcher - Requesting IBKR historical data: IONQ conId=517593749 bar=30 mins duration=50 D end=latest
2026-06-10 23:27:06,518 - INFO - chart_engine.core.ibkr_data_fetcher - Chart data fetch complete source=IBKR symbol=IONQ bars=348
2026-06-10 23:27:06,555 - INFO - chart_engine.drawings - Loaded state for IONQ (60minute) — 3 drawings
2026-06-10 23:27:06,555 - INFO - chart_engine.drawings - Loaded global chart settings.
2026-06-10 23:27:06,556 - INFO - chart_engine.drawings - Saved global chart settings.
2026-06-10 23:27:06,560 - INFO - ibkr.core.main_window - Ensured subscription for chart symbol IONQ
2026-06-10 23:27:06,561 - INFO - chart_engine.core.chart_widget - Chart seamlessly updated: IONQ (348 candles)
2026-06-10 23:27:23,915 - INFO - ibkr.core.shutdown_manager - closeEvent received — beginning fast IBKR shutdown
2026-06-10 23:27:23,916 - INFO - ibkr.core.shutdown_manager - === Fast IBKR window-close shutdown starting ===
2026-06-10 23:27:23,917 - INFO - ibkr.core.shutdown_manager - Shutdown: [quiesce_background_activity]…
2026-06-10 23:27:23,918 - INFO - ibkr.core.shutdown_manager - Shutdown: [quiesce_background_activity] ✓
2026-06-10 23:27:23,919 - INFO - ibkr.core.shutdown_manager - Shutdown: [save_window_state]…
2026-06-10 23:27:23,921 - INFO - ibkr.core.main_window - Window state saved
2026-06-10 23:27:23,922 - INFO - ibkr.core.shutdown_manager - Shutdown: [save_window_state] ✓
2026-06-10 23:27:23,923 - INFO - ibkr.core.shutdown_manager - Shutdown: [save_chart_state]…
2026-06-10 23:27:23,937 - INFO - ibkr.core.shutdown_manager - Shutdown: [save_chart_state] ✓
2026-06-10 23:27:23,937 - INFO - ibkr.core.shutdown_manager - Shutdown: [stop_remaining_timers]…
2026-06-10 23:27:23,952 - INFO - ibkr.core.shutdown_manager - Shutdown: [stop_remaining_timers] ✓
2026-06-10 23:27:23,953 - INFO - ibkr.core.shutdown_manager - === Fast IBKR window-close shutdown complete ===
2026-06-10 23:27:23,958 - INFO - ib_insync.client - Disconnecting
2026-06-10 23:27:23,963 - INFO - ibkr.core.market_data_worker - IBKR MarketDataWorker stopped
2026-06-10 23:27:23,964 - INFO - __main__ - Shutting down and cleaning up resources...
2026-06-10 23:27:23,967 - INFO - __main__ - Skipping broker disconnect during fast window-close shutdown.
2026-06-10 23:27:23,967 - INFO - __main__ - Cleanup complete.
