2026-06-10 23:47:28,540 - INFO - login_setup.login_setup_config - qullamaggie v1.0.0 starting...
2026-06-10 23:47:28,540 - INFO - login_setup.login_setup_config - Logging to file: /home/kavi/Desktop/Python_Projects/swing_trader/logs/qullamaggie_20260610_234728.log
2026-06-10 23:47:28,540 - INFO - login_setup.login_setup_config - Fatal crash diagnostics enabled for all threads.
2026-06-10 23:47:28,540 - INFO - __main__ - 🚀 Starting qullamaggie Application...
2026-06-10 23:47:28,693 - INFO - __main__ - Application icon loaded from: /home/kavi/Desktop/Python_Projects/swing_trader/assets/qullamaggie_swing_trader_icon.svg
2026-06-10 23:47:30,737 - INFO - ib_insync.client - Connecting to 127.0.0.1:4002 with clientId 1...
2026-06-10 23:47:30,738 - INFO - ib_insync.client - Connected
2026-06-10 23:47:30,751 - INFO - ib_insync.client - Logged on to server version 176
2026-06-10 23:47:30,791 - INFO - ib_insync.client - API connection ready
2026-06-10 23:47:31,212 - INFO - __main__ - Authenticated for broker: america
2026-06-10 23:47:31,213 - INFO - __main__ - Initializing trading and data clients...
2026-06-10 23:47:31,213 - INFO - login_setup.broker_factory - Creating america client for live trading
2026-06-10 23:47:31,213 - INFO - login_setup.broker_factory - IBKR client created with accounts: ['DUQ624205']
2026-06-10 23:47:31,219 - INFO - ibkr.core.trading_client - Subscribed to IBKR real-time order events
2026-06-10 23:47:31,219 - INFO - ibkr.core.trading_client - IBKR trading client startup snapshots deferred; using local cache/event sync
2026-06-10 23:47:31,219 - INFO - __main__ - Trading client created; creating data client...
2026-06-10 23:47:31,220 - INFO - login_setup.broker_factory - Creating data client for america
2026-06-10 23:47:31,220 - INFO - __main__ - Data client created; validating connection state...
2026-06-10 23:47:31,221 - INFO - __main__ - Trading client connected: True
2026-06-10 23:47:31,222 - INFO - __main__ - Data client connected: True
2026-06-10 23:47:31,222 - INFO - __main__ - Clients initialized successfully.
2026-06-10 23:47:31,222 - INFO - login_setup.broker_factory - Added america client to manager
2026-06-10 23:47:31,222 - INFO - login_setup.broker_factory - Started connection monitoring for america
2026-06-10 23:47:31,223 - INFO - __main__ - Creating main window for america...
2026-06-10 23:47:31,223 - INFO - login_setup.broker_factory - Dynamically loading main window from: ibkr.core.main_window
2026-06-10 23:47:32,155 - INFO - ibkr.core.trade_logger - Trade history database for 'live' mode at: /home/kavi/.qullamaggie/trade_history_live.db
2026-06-10 23:47:32,156 - INFO - ibkr.core.trade_logger - TradeLogger initialized with background processing
2026-06-10 23:47:32,158 - INFO - ibkr.core.trade_logger - DatabaseWorker processing started
2026-06-10 23:47:32,163 - INFO - ibkr.core.position_manager - ✅ Connected to trader.order_status_updated signal - orders will sync immediately
2026-06-10 23:47:32,164 - INFO - ibkr.core.position_manager - ✅ Connected to trader.position_updated signal - positions will sync immediately
2026-06-10 23:47:32,164 - INFO - ibkr.core.position_manager - ✅ Connected to trader.connection_status_changed signal
2026-06-10 23:47:32,168 - INFO - ibkr.core.trade_logger - Database initialization completed
2026-06-10 23:47:32,172 - INFO - ibkr.core.stop_loss_manager - Restored 1 active SL record(s) from database
2026-06-10 23:47:32,241 - INFO - ibkr.widgets.scanner_table - Loaded 19 valid scan configurations
2026-06-10 23:47:32,256 - INFO - ibkr.widgets.scanner_table - Scanner table ready for context-aware navigation
2026-06-10 23:47:32,264 - INFO - chart_engine.drawings - Loaded global chart settings.
2026-06-10 23:47:32,631 - INFO - ibkr.core.data_cache - MarketAwareDataCache initialised for IBKR/US market time
2026-06-10 23:47:32,724 - INFO - chart_engine.drawings - Saved global chart settings.
2026-06-10 23:47:32,920 - INFO - ibkr.core.alert_management_system - Loaded 0 alerts from disk
2026-06-10 23:47:32,921 - INFO - ibkr.core.alert_management_system - AlertSystemManager ready
2026-06-10 23:47:32,921 - INFO - ibkr.core.alert_management_system - AlertEngine started
2026-06-10 23:47:32,921 - INFO - ibkr.core.main_window - Alert system initialized successfully.
2026-06-10 23:47:32,922 - INFO - ibkr.core.main_window - Connecting component signals...
2026-06-10 23:47:32,922 - INFO - ibkr.core.main_window - IBKR order lifecycle UI signals connected
2026-06-10 23:47:32,927 - INFO - ibkr.core.main_window - Keyboard shortcuts initialized
2026-06-10 23:47:33,053 - INFO - ibkr.core.main_window - Window state restored
2026-06-10 23:47:33,085 - INFO - ibkr.core.main_window - Applied startup chart timeframes: left=day, right=60minute
2026-06-10 23:47:33,085 - INFO - ibkr.core.main_window - Simplified qullamaggie Window with Status Bar Initialized Successfully.
2026-06-10 23:47:33,086 - INFO - __main__ - Main window created successfully.
2026-06-10 23:47:33,153 - INFO - __main__ - Starting application event loop.
2026-06-10 23:47:33,733 - INFO - ibkr.core.main_window - Starting deferred IBKR post-show workers
2026-06-10 23:47:33,734 - INFO - chart_engine.core.ibkr_data_fetcher - Pre-warming dedicated IBKR history connection...
2026-06-10 23:47:33,738 - INFO - ib_insync.client - Connecting to 127.0.0.1:4002 with clientId 102...
2026-06-10 23:47:33,746 - INFO - ib_insync.client - Connecting to 127.0.0.1:4002 with clientId 101...
2026-06-10 23:47:33,786 - INFO - ibkr.core.main_window - IBKR loader: Building initial instrument list...
2026-06-10 23:47:34,276 - INFO - ibkr.core.main_window - Successfully loaded 228 instruments.
2026-06-10 23:47:34,277 - INFO - ibkr.widgets.header_toolbar - Search index ready: 228 instruments
2026-06-10 23:47:34,280 - INFO - ibkr.core.main_window - Instruments loaded successfully.
2026-06-10 23:47:34,282 - INFO - ibkr.core.main_window - IBKR loader: Loaded 181 symbols (qualifying in background...)
2026-06-10 23:47:34,333 - INFO - ibkr.widgets.scanner_table - Running EOD Finviz scan: Computer Hardware
2026-06-10 23:47:34,595 - INFO - ibkr.core.main_window - Subscription universe changed: 2 instruments (0 token-backed, +2/-0) sources={'header': 2}
2026-06-10 23:47:35,049 - INFO - chart_engine.core.ibkr_data_fetcher - IBKR chart history connected on 127.0.0.1:4002 clientId=102
2026-06-10 23:47:35,149 - INFO - ibkr.core.market_data_worker - Dedicated IBKR market-data connection established on 127.0.0.1:4002 clientId=101
2026-06-10 23:47:35,149 - INFO - ibkr.core.market_data_worker - IBKR MarketDataWorker started
2026-06-10 23:47:35,150 - INFO - ibkr.core.market_data_worker - Requested IBKR delayed market data type (3); delayed fallback=False; generic ticks=''
2026-06-10 23:47:35,150 - WARNING - ibkr.core.main_window - IBKR market data is delayed (delayed); live subscription is unavailable.
2026-06-10 23:47:35,151 - INFO - ibkr.core.main_window - WebSocket connected. Setting up subscriptions.
2026-06-10 23:47:35,152 - INFO - ibkr.core.stop_loss_manager - Stop-loss opening-gap check enabled after market-data worker connection
2026-06-10 23:47:35,152 - INFO - ibkr.core.position_manager - Fetching positions from broker - Reason: ibkr_connected
2026-06-10 23:47:35,163 - INFO - ibkr.core.main_window - Added 20 widget market-data subscriptions (20 token-backed)
2026-06-10 23:47:35,167 - INFO - ibkr.core.position_manager - Position table changed: 20 open positions | open MTM -38156.21 | realized 0.00
2026-06-10 23:47:35,228 - INFO - ibkr.core.position_manager - Fetching positions from broker - Reason: instruments_loaded
2026-06-10 23:47:35,269 - INFO - ibkr.core.main_window - Chart auto-loading initiated
2026-06-10 23:47:35,300 - INFO - ibkr.core.main_window - Auto-loading startup chart symbol: BAX
2026-06-10 23:47:35,367 - INFO - chart_engine.core.ibkr_data_fetcher - Chart data source=IBKR symbol=BAX interval=day from=2026-03-02T14:17:35.351812-05:00 to=2026-06-10T14:17:35.351812-04:00 dedicated_history=True
2026-06-10 23:47:35,396 - INFO - chart_engine.core.ibkr_data_fetcher - Chart data source=IBKR symbol=BAX interval=60minute from=2026-04-21T14:17:35.396470-04:00 to=2026-06-10T14:17:35.396470-04:00 dedicated_history=True
2026-06-10 23:47:35,482 - INFO - ibkr.core.main_window - Subscription universe changed: 23 instruments (20 token-backed, +21/-0) sources={'positions': 20, 'charts': 2, 'header': 2}
2026-06-10 23:47:35,647 - INFO - ibkr.core.position_manager - Fetching positions from broker - Reason: app_startup
2026-06-10 23:47:35,682 - INFO - ibkr.core.main_window - Position system initialized successfully
2026-06-10 23:47:35,738 - INFO - ibkr.core.market_data_worker - Subscribed IBKR market data: SPY key=756733 type=delayed
2026-06-10 23:47:35,738 - INFO - ibkr.core.market_data_worker - Subscribed IBKR market data: QQQ key=320227571 type=delayed
2026-06-10 23:47:35,740 - INFO - chart_engine.core.ibkr_data_fetcher - Requesting IBKR historical data: BAX conId=8111188 bar=1 day duration=100 D end=latest
2026-06-10 23:47:35,781 - INFO - chart_engine.core.ibkr_data_fetcher - Requesting IBKR historical data: BAX conId=8111188 bar=30 mins duration=50 D end=latest
2026-06-10 23:47:36,075 - INFO - ibkr.widgets.scanner_table - EOD Scan completed: 19 symbols with complete data
2026-06-10 23:47:36,161 - INFO - ibkr.widgets.scanner_table - EOD Scanner table updated with 19 symbols.
2026-06-10 23:47:36,174 - WARNING - ibkr.core.market_data_worker - IBKR market data notice for SPY: Requested market data is not subscribed. Displaying delayed market data. (10167)
2026-06-10 23:47:36,192 - INFO - ibkr.core.network_monitor - NetworkMonitor started
2026-06-10 23:47:36,193 - INFO - ibkr.core.main_window - Network resilience layer initialized
2026-06-10 23:47:36,194 - INFO - ibkr.core.main_window - Added 1 widget market-data subscriptions (0 token-backed)
2026-06-10 23:47:36,408 - WARNING - ibkr.core.market_data_worker - IBKR market data notice for QQQ: Requested market data is not subscribed. Displaying delayed market data. (10167)
2026-06-10 23:47:36,726 - INFO - chart_engine.core.ibkr_data_fetcher - Chart data fetch complete source=IBKR symbol=BAX bars=71
2026-06-10 23:47:37,674 - INFO - chart_engine.core.ibkr_data_fetcher - Chart data fetch complete source=IBKR symbol=BAX bars=348
2026-06-10 23:47:38,453 - INFO - ibkr.core.market_data_worker - Subscribed IBKR market data: NVDA key=4815747 type=delayed
2026-06-10 23:47:38,453 - INFO - ibkr.core.market_data_worker - Subscribed IBKR market data: TACT key=6858145 type=delayed
2026-06-10 23:47:38,453 - INFO - ibkr.core.market_data_worker - Subscribed IBKR market data: BAX key=8111188 type=delayed
2026-06-10 23:47:38,454 - INFO - ibkr.core.market_data_worker - Subscribed IBKR market data: UMC key=46613372 type=delayed
2026-06-10 23:47:38,454 - INFO - ibkr.core.market_data_worker - Subscribed IBKR market data: TSLA key=76792991 type=delayed
2026-06-10 23:47:38,455 - INFO - ibkr.core.market_data_worker - Subscribed IBKR market data: PTCT key=129374415 type=delayed
2026-06-10 23:47:38,455 - INFO - ibkr.core.market_data_worker - Subscribed IBKR market data: HPQ key=209411801 type=delayed
2026-06-10 23:47:38,455 - INFO - ibkr.core.market_data_worker - Subscribed IBKR market data: DELL key=346218218 type=delayed
2026-06-10 23:47:38,455 - INFO - ibkr.core.market_data_worker - Subscribed IBKR market data: MTA key=395717235 type=delayed
2026-06-10 23:47:38,456 - INFO - ibkr.core.market_data_worker - Subscribed IBKR market data: DRS key=478483396 type=delayed
2026-06-10 23:47:38,456 - INFO - ibkr.core.market_data_worker - Subscribed IBKR market data: RDW key=512000171 type=delayed
2026-06-10 23:47:38,456 - INFO - ibkr.core.market_data_worker - Subscribed IBKR market data: IONQ key=517593749 type=delayed
2026-06-10 23:47:38,457 - INFO - ibkr.core.market_data_worker - Subscribed IBKR market data: GFS key=523222624 type=delayed
2026-06-10 23:47:38,457 - INFO - ibkr.core.market_data_worker - Subscribed IBKR market data: QBTS key=578031277 type=delayed
2026-06-10 23:47:38,457 - INFO - ibkr.core.market_data_worker - Subscribed IBKR market data: LUNR key=613910262 type=delayed
2026-06-10 23:47:38,457 - INFO - ibkr.core.market_data_worker - Subscribed IBKR market data: SIDU key=673368857 type=delayed
2026-06-10 23:47:38,458 - INFO - ibkr.core.market_data_worker - Subscribed IBKR market data: DPRO key=725468685 type=delayed
2026-06-10 23:47:38,458 - INFO - ibkr.core.market_data_worker - Subscribed IBKR market data: SNDK key=760250490 type=delayed
2026-06-10 23:47:38,458 - INFO - ibkr.core.market_data_worker - Subscribed IBKR market data: RKLB key=787273575 type=delayed
2026-06-10 23:47:38,458 - INFO - ibkr.core.market_data_worker - Subscribed IBKR market data: SPRC key=860471331 type=delayed
2026-06-10 23:47:38,938 - WARNING - ibkr.core.market_data_worker - IBKR market data notice for NVDA: Requested market data is not subscribed. Displaying delayed market data. (10167)
2026-06-10 23:47:39,218 - WARNING - ibkr.core.market_data_worker - IBKR market data notice for TACT: Requested market data is not subscribed. Displaying delayed market data. (10167)
2026-06-10 23:47:39,219 - WARNING - ibkr.core.market_data_worker - IBKR market data notice for BAX: Requested market data is not subscribed. Displaying delayed market data. (10167)
2026-06-10 23:47:39,447 - WARNING - ibkr.core.market_data_worker - IBKR market data notice for UMC: Requested market data is not subscribed. Displaying delayed market data. (10167)
2026-06-10 23:47:39,448 - WARNING - ibkr.core.market_data_worker - IBKR market data notice for TSLA: Requested market data is not subscribed. Displaying delayed market data. (10167)
2026-06-10 23:47:39,448 - WARNING - ibkr.core.market_data_worker - IBKR market data notice for PTCT: Requested market data is not subscribed. Displaying delayed market data. (10167)
2026-06-10 23:47:39,690 - WARNING - ibkr.core.market_data_worker - IBKR market data notice for HPQ: Requested market data is not subscribed. Displaying delayed market data. (10167)
2026-06-10 23:47:39,690 - WARNING - ibkr.core.market_data_worker - IBKR market data notice for DELL: Requested market data is not subscribed. Displaying delayed market data. (10167)
2026-06-10 23:47:39,691 - WARNING - ibkr.core.market_data_worker - IBKR market data notice for MTA: Requested market data is not subscribed. Displaying delayed market data. (10167)
2026-06-10 23:47:39,898 - WARNING - ibkr.core.market_data_worker - IBKR market data notice for DRS: Requested market data is not subscribed. Displaying delayed market data. (10167)
2026-06-10 23:47:39,900 - WARNING - ibkr.core.market_data_worker - IBKR market data notice for RDW: Requested market data is not subscribed. Displaying delayed market data. (10167)
2026-06-10 23:47:39,942 - WARNING - ibkr.core.market_data_worker - IBKR market data notice for IONQ: Requested market data is not subscribed. Displaying delayed market data. (10167)
2026-06-10 23:47:39,943 - WARNING - ibkr.core.market_data_worker - IBKR market data notice for GFS: Requested market data is not subscribed. Displaying delayed market data. (10167)
2026-06-10 23:47:39,943 - WARNING - ibkr.core.market_data_worker - IBKR market data notice for QBTS: Requested market data is not subscribed. Displaying delayed market data. (10167)
2026-06-10 23:47:39,944 - WARNING - ibkr.core.market_data_worker - IBKR market data notice for LUNR: Requested market data is not subscribed. Displaying delayed market data. (10167)
2026-06-10 23:47:39,944 - WARNING - ibkr.core.market_data_worker - IBKR market data notice for SIDU: Requested market data is not subscribed. Displaying delayed market data. (10167)
2026-06-10 23:47:39,945 - WARNING - ibkr.core.market_data_worker - IBKR market data notice for DPRO: Requested market data is not subscribed. Displaying delayed market data. (10167)
2026-06-10 23:47:39,945 - WARNING - ibkr.core.market_data_worker - IBKR market data notice for SNDK: Requested market data is not subscribed. Displaying delayed market data. (10167)
2026-06-10 23:47:39,945 - WARNING - ibkr.core.market_data_worker - IBKR market data notice for RKLB: Requested market data is not subscribed. Displaying delayed market data. (10167)
2026-06-10 23:47:39,946 - WARNING - ibkr.core.market_data_worker - IBKR market data notice for SPRC: Requested market data is not subscribed. Displaying delayed market data. (10167)
2026-06-10 23:48:03,459 - WARNING - __main__ - Signal 2 received, initiating shutdown.
