2026-06-09 02:19:10,155 - INFO - login_setup.login_setup_config - qullamaggie v1.0.0 starting...
2026-06-09 02:19:10,155 - INFO - login_setup.login_setup_config - Logging to file: /home/kavi/Desktop/Python_Projects/swing_trader/logs/qullamaggie_20260609_021910.log
2026-06-09 02:19:10,155 - INFO - login_setup.login_setup_config - Fatal crash diagnostics enabled for all threads.
2026-06-09 02:19:10,155 - INFO - __main__ - 🚀 Starting qullamaggie Application...
2026-06-09 02:19:10,290 - INFO - __main__ - Application icon loaded from: /home/kavi/Desktop/Python_Projects/swing_trader/assets/qullamaggie_swing_trader_icon.svg
2026-06-09 02:19:12,392 - INFO - ib_insync.client - Connecting to 127.0.0.1:4002 with clientId 1...
2026-06-09 02:19:12,394 - INFO - ib_insync.client - Connected
2026-06-09 02:19:12,417 - INFO - ib_insync.client - Logged on to server version 176
2026-06-09 02:19:12,454 - INFO - ib_insync.client - API connection ready
2026-06-09 02:19:12,942 - INFO - __main__ - Authenticated for broker: america
2026-06-09 02:19:12,942 - INFO - __main__ - Initializing trading and data clients...
2026-06-09 02:19:12,943 - INFO - login_setup.broker_factory - Creating america client for live trading
2026-06-09 02:19:12,943 - INFO - login_setup.broker_factory - IBKR client created with accounts: ['DUQ624205']
2026-06-09 02:19:13,000 - INFO - ibkr.core.trading_client - Subscribed to IBKR real-time order events
2026-06-09 02:19:13,000 - INFO - ibkr.core.trading_client - IBKR trading client startup snapshots deferred; using local cache/event sync
2026-06-09 02:19:13,001 - INFO - __main__ - Trading client created; creating data client...
2026-06-09 02:19:13,001 - INFO - login_setup.broker_factory - Creating data client for america
2026-06-09 02:19:13,001 - INFO - __main__ - Data client created; validating connection state...
2026-06-09 02:19:13,001 - INFO - __main__ - Trading client connected: True
2026-06-09 02:19:13,002 - INFO - __main__ - Data client connected: True
2026-06-09 02:19:13,002 - INFO - __main__ - Clients initialized successfully.
2026-06-09 02:19:13,002 - INFO - login_setup.broker_factory - Added america client to manager
2026-06-09 02:19:13,002 - INFO - login_setup.broker_factory - Started connection monitoring for america
2026-06-09 02:19:13,002 - INFO - __main__ - Creating main window for america...
2026-06-09 02:19:13,003 - INFO - login_setup.broker_factory - Dynamically loading main window from: ibkr.core.main_window
2026-06-09 02:19:14,273 - INFO - ibkr.core.trade_logger - Trade history database for 'live' mode at: /home/kavi/.qullamaggie/trade_history_live.db
2026-06-09 02:19:14,274 - INFO - ibkr.core.trade_logger - TradeLogger initialized with background processing
2026-06-09 02:19:14,275 - INFO - ibkr.core.trade_logger - DatabaseWorker processing started
2026-06-09 02:19:14,278 - INFO - ibkr.core.position_manager - ✅ Connected to trader.order_status_updated signal - orders will sync immediately
2026-06-09 02:19:14,278 - INFO - ibkr.core.position_manager - ✅ Connected to trader.position_updated signal - positions will sync immediately
2026-06-09 02:19:14,279 - INFO - ibkr.core.position_manager - ✅ Connected to trader.connection_status_changed signal
2026-06-09 02:19:14,279 - INFO - ibkr.core.trade_logger - Database initialization completed
2026-06-09 02:19:14,329 - INFO - ibkr.widgets.scanner_table - Loaded 1 valid scan configurations
2026-06-09 02:19:14,350 - INFO - ibkr.widgets.scanner_table - Scanner table ready for context-aware navigation
2026-06-09 02:19:14,359 - INFO - ibkr.widgets.scanner_table - Running EOD Finviz scan: Example: Above 20 SMA
2026-06-09 02:19:14,363 - INFO - chart_engine.core.ibkr_data_fetcher - Pre-warming dedicated IBKR history connection...
2026-06-09 02:19:14,365 - INFO - ib_insync.client - Connecting to 127.0.0.1:4002 with clientId 102...
2026-06-09 02:19:14,370 - INFO - chart_engine.drawings - Loaded global chart settings.
2026-06-09 02:19:14,376 - INFO - ibkr.widgets.scanner_table - EOD Scan completed: 0 symbols with complete data
2026-06-09 02:19:14,751 - INFO - chart_engine.core.ibkr_data_fetcher - Chart data source=IBKR symbol=NO SYMBOLS FOUND interval=day from=2026-02-28T16:49:14.751278-05:00 to=2026-06-08T16:49:14.751278-04:00 dedicated_history=True
2026-06-09 02:19:14,811 - INFO - chart_engine.core.ibkr_data_fetcher - IBKR chart history connected on 127.0.0.1:4002 clientId=102
2026-06-09 02:19:14,936 - INFO - ibkr.core.data_cache - MarketAwareDataCache initialised for IBKR/US market time
2026-06-09 02:19:14,936 - INFO - chart_engine.core.ibkr_data_fetcher - Chart data source=IBKR symbol=NO SYMBOLS FOUND interval=60minute from=2026-04-19T16:49:14.936604-04:00 to=2026-06-08T16:49:14.936604-04:00 dedicated_history=True
2026-06-09 02:19:15,061 - INFO - chart_engine.drawings - Saved global chart settings.
2026-06-09 02:19:15,216 - ERROR - ib_insync.wrapper - Error 200, reqId 3: No security definition has been found for the request, contract: Stock(symbol='NO SYMBOLS FOUND', exchange='SMART', currency='USD')
2026-06-09 02:19:15,233 - WARNING - ib_insync.ib - Unknown contract: Stock(symbol='NO SYMBOLS FOUND', exchange='SMART', currency='USD')
2026-06-09 02:19:15,255 - WARNING - chart_engine.core.data_loader - Fetch failed for NO SYMBOLS FOUND: Could not qualify contract for NO SYMBOLS FOUND: Could not qualify contract for NO SYMBOLS FOUND
2026-06-09 02:19:15,261 - INFO - ibkr.core.alert_management_system - Loaded 0 alerts from disk
2026-06-09 02:19:15,261 - INFO - ibkr.core.alert_management_system - AlertSystemManager ready
2026-06-09 02:19:15,262 - INFO - ibkr.core.main_window - Alert system initialized successfully.
2026-06-09 02:19:15,262 - INFO - ibkr.core.alert_management_system - AlertEngine started
2026-06-09 02:19:15,275 - INFO - ibkr.core.main_window - Connecting component signals...
2026-06-09 02:19:15,277 - INFO - ibkr.core.main_window - IBKR order lifecycle UI signals connected
2026-06-09 02:19:15,278 - INFO - ib_insync.client - Connecting to 127.0.0.1:4002 with clientId 101...
2026-06-09 02:19:15,338 - INFO - ibkr.core.main_window - Keyboard shortcuts initialized
2026-06-09 02:19:15,547 - ERROR - ib_insync.wrapper - Error 200, reqId 4: No security definition has been found for the request, contract: Stock(symbol='NO SYMBOLS FOUND', exchange='SMART', currency='USD')
2026-06-09 02:19:15,560 - INFO - ibkr.core.main_window - Window state restored
2026-06-09 02:19:15,561 - INFO - ibkr.core.main_window - Applied startup chart timeframes: left=day, right=60minute
2026-06-09 02:19:15,561 - INFO - ibkr.core.main_window - Simplified qullamaggie Window with Status Bar Initialized Successfully.
2026-06-09 02:19:15,561 - INFO - __main__ - Main window created successfully.
2026-06-09 02:19:15,620 - INFO - __main__ - Starting application event loop.
2026-06-09 02:19:15,622 - INFO - ibkr.widgets.scanner_table - EOD Scanner table updated with 0 symbols.
2026-06-09 02:19:16,236 - INFO - ibkr.core.main_window - IBKR loader: Building initial instrument list...
2026-06-09 02:19:16,241 - INFO - ibkr.core.main_window - Successfully loaded 181 instruments.
2026-06-09 02:19:16,243 - INFO - ibkr.widgets.header_toolbar - Search index ready: 181 instruments
2026-06-09 02:19:16,244 - INFO - ibkr.core.main_window - Instruments loaded successfully.
2026-06-09 02:19:16,245 - INFO - ibkr.core.main_window - IBKR loader: Loaded 181 symbols (qualifying in background...)
2026-06-09 02:19:16,328 - INFO - ibkr.core.main_window - Added 19 widget market-data subscriptions (19 token-backed)
2026-06-09 02:19:16,339 - INFO - ibkr.core.position_manager - Position table changed: 19 open positions | open MTM -13052.65 | realized 0.00
2026-06-09 02:19:16,583 - INFO - ibkr.core.market_data_worker - Dedicated IBKR market-data connection established on 127.0.0.1:4002 clientId=101
2026-06-09 02:19:16,584 - INFO - ibkr.core.market_data_worker - IBKR MarketDataWorker started
2026-06-09 02:19:16,587 - INFO - ibkr.core.market_data_worker - Requested IBKR delayed market data type (3); delayed fallback=False; generic ticks=''
2026-06-09 02:19:17,009 - WARNING - ibkr.core.main_window - IBKR market data is delayed (delayed); live subscription is unavailable.
2026-06-09 02:19:17,009 - INFO - ibkr.core.main_window - WebSocket connected. Setting up subscriptions.
2026-06-09 02:19:17,009 - INFO - ibkr.core.position_manager - Fetching positions from broker - Reason: ibkr_connected
2026-06-09 02:19:17,253 - INFO - ibkr.core.market_data_worker - Subscribed IBKR market data: SPY key=756733 type=delayed
2026-06-09 02:19:17,254 - INFO - ibkr.core.market_data_worker - Subscribed IBKR market data: QQQ key=320227571 type=delayed
2026-06-09 02:19:17,259 - INFO - ibkr.core.position_manager - Fetching positions from broker - Reason: instruments_loaded
2026-06-09 02:19:17,275 - INFO - ibkr.core.main_window - Chart auto-loading initiated
2026-06-09 02:19:17,275 - INFO - ibkr.core.main_window - Chart has active symbol NO SYMBOLS FOUND but no rendered data; retrying historical load (conId=symbol-lookup)
2026-06-09 02:19:17,305 - INFO - chart_engine.core.ibkr_data_fetcher - Chart data source=IBKR symbol=NO SYMBOLS FOUND interval=day from=2026-02-28T16:49:17.304882-05:00 to=2026-06-08T16:49:17.304882-04:00 dedicated_history=True
2026-06-09 02:19:17,346 - INFO - ibkr.core.main_window - Subscription universe changed: 22 instruments (19 token-backed, +22/-0) sources={'positions': 19, 'charts': 2, 'header': 2}
2026-06-09 02:19:17,661 - INFO - ibkr.core.position_manager - Fetching positions from broker - Reason: app_startup
2026-06-09 02:19:17,689 - INFO - ibkr.core.main_window - Position system initialized successfully
2026-06-09 02:19:17,718 - WARNING - ibkr.core.market_data_worker - IBKR market data notice for SPY: Requested market data is not subscribed. Displaying delayed market data. (10167)
2026-06-09 02:19:17,848 - ERROR - ib_insync.wrapper - Error 200, reqId 5: No security definition has been found for the request, contract: Stock(symbol='NO SYMBOLS FOUND', exchange='SMART', currency='USD')
2026-06-09 02:19:17,951 - WARNING - ibkr.core.market_data_worker - IBKR market data notice for QQQ: Requested market data is not subscribed. Displaying delayed market data. (10167)
2026-06-09 02:19:18,715 - INFO - ibkr.core.network_monitor - NetworkMonitor started
2026-06-09 02:19:18,716 - INFO - ibkr.core.main_window - Network resilience layer initialized
2026-06-09 02:19:19,327 - INFO - ibkr.core.market_data_worker - Subscribed IBKR market data: NVDA key=4815747 type=delayed
2026-06-09 02:19:19,328 - INFO - ibkr.core.market_data_worker - Subscribed IBKR market data: TACT key=6858145 type=delayed
2026-06-09 02:19:19,328 - INFO - ibkr.core.market_data_worker - Subscribed IBKR market data: BAX key=8111188 type=delayed
2026-06-09 02:19:19,328 - INFO - ibkr.core.market_data_worker - Subscribed IBKR market data: TSLA key=76792991 type=delayed
2026-06-09 02:19:19,329 - INFO - ibkr.core.market_data_worker - Subscribed IBKR market data: PTCT key=129374415 type=delayed
2026-06-09 02:19:19,329 - INFO - ibkr.core.market_data_worker - Subscribed IBKR market data: HPQ key=209411801 type=delayed
2026-06-09 02:19:19,330 - INFO - ibkr.core.market_data_worker - Subscribed IBKR market data: DELL key=346218218 type=delayed
2026-06-09 02:19:19,330 - INFO - ibkr.core.market_data_worker - Subscribed IBKR market data: MTA key=395717235 type=delayed
2026-06-09 02:19:19,331 - INFO - ibkr.core.market_data_worker - Subscribed IBKR market data: DRS key=478483396 type=delayed
2026-06-09 02:19:19,331 - INFO - ibkr.core.market_data_worker - Subscribed IBKR market data: RDW key=512000171 type=delayed
2026-06-09 02:19:19,332 - INFO - ibkr.core.market_data_worker - Subscribed IBKR market data: IONQ key=517593749 type=delayed
2026-06-09 02:19:19,332 - INFO - ibkr.core.market_data_worker - Subscribed IBKR market data: GFS key=523222624 type=delayed
2026-06-09 02:19:19,333 - INFO - ibkr.core.market_data_worker - Subscribed IBKR market data: QBTS key=578031277 type=delayed
2026-06-09 02:19:19,333 - INFO - ibkr.core.market_data_worker - Subscribed IBKR market data: LUNR key=613910262 type=delayed
2026-06-09 02:19:19,334 - INFO - ibkr.core.market_data_worker - Subscribed IBKR market data: SIDU key=673368857 type=delayed
2026-06-09 02:19:19,335 - INFO - ibkr.core.market_data_worker - Subscribed IBKR market data: DPRO key=725468685 type=delayed
2026-06-09 02:19:19,335 - INFO - ibkr.core.market_data_worker - Subscribed IBKR market data: SNDK key=760250490 type=delayed
2026-06-09 02:19:19,336 - INFO - ibkr.core.market_data_worker - Subscribed IBKR market data: RKLB key=787273575 type=delayed
2026-06-09 02:19:19,336 - INFO - ibkr.core.market_data_worker - Subscribed IBKR market data: SPRC key=860471331 type=delayed
2026-06-09 02:19:19,531 - INFO - ibkr.core.network_monitor - Network confirmed online at startup
2026-06-09 02:19:19,677 - WARNING - ibkr.core.market_data_worker - IBKR market data notice for NVDA: Requested market data is not subscribed. Displaying delayed market data. (10167)
2026-06-09 02:19:19,677 - WARNING - ibkr.core.market_data_worker - IBKR market data notice for TACT: Requested market data is not subscribed. Displaying delayed market data. (10167)
2026-06-09 02:19:20,134 - WARNING - ibkr.core.market_data_worker - IBKR market data notice for BAX: Requested market data is not subscribed. Displaying delayed market data. (10167)
2026-06-09 02:19:20,134 - WARNING - ibkr.core.market_data_worker - IBKR market data notice for TSLA: Requested market data is not subscribed. Displaying delayed market data. (10167)
2026-06-09 02:19:20,257 - INFO - chart_engine.core.ibkr_data_fetcher - Chart data source=IBKR symbol=SPY interval=day from=2026-02-28T16:49:20.257189-05:00 to=2026-06-08T16:49:20.257189-04:00 dedicated_history=True
2026-06-09 02:19:20,263 - INFO - chart_engine.core.ibkr_data_fetcher - Chart data source=IBKR symbol=SPY interval=60minute from=2026-04-19T16:49:20.263628-04:00 to=2026-06-08T16:49:20.263628-04:00 dedicated_history=True
2026-06-09 02:19:20,385 - WARNING - ibkr.core.market_data_worker - IBKR market data notice for PTCT: Requested market data is not subscribed. Displaying delayed market data. (10167)
2026-06-09 02:19:20,398 - WARNING - ibkr.core.market_data_worker - IBKR market data notice for HPQ: Requested market data is not subscribed. Displaying delayed market data. (10167)
2026-06-09 02:19:20,439 - WARNING - ibkr.core.market_data_worker - IBKR market data notice for DELL: Requested market data is not subscribed. Displaying delayed market data. (10167)
2026-06-09 02:19:20,439 - WARNING - ibkr.core.market_data_worker - IBKR market data notice for MTA: Requested market data is not subscribed. Displaying delayed market data. (10167)
2026-06-09 02:19:20,440 - WARNING - ibkr.core.market_data_worker - IBKR market data notice for DRS: Requested market data is not subscribed. Displaying delayed market data. (10167)
2026-06-09 02:19:20,440 - WARNING - ibkr.core.market_data_worker - IBKR market data notice for RDW: Requested market data is not subscribed. Displaying delayed market data. (10167)
2026-06-09 02:19:20,440 - WARNING - ibkr.core.market_data_worker - IBKR market data notice for IONQ: Requested market data is not subscribed. Displaying delayed market data. (10167)
2026-06-09 02:19:20,733 - WARNING - ibkr.core.market_data_worker - IBKR market data notice for GFS: Requested market data is not subscribed. Displaying delayed market data. (10167)
2026-06-09 02:19:20,735 - WARNING - ibkr.core.market_data_worker - IBKR market data notice for QBTS: Requested market data is not subscribed. Displaying delayed market data. (10167)
2026-06-09 02:19:20,792 - WARNING - ibkr.core.market_data_worker - IBKR market data notice for LUNR: Requested market data is not subscribed. Displaying delayed market data. (10167)
2026-06-09 02:19:20,837 - WARNING - ibkr.core.market_data_worker - IBKR market data notice for SIDU: Requested market data is not subscribed. Displaying delayed market data. (10167)
2026-06-09 02:19:20,838 - WARNING - ibkr.core.market_data_worker - IBKR market data notice for DPRO: Requested market data is not subscribed. Displaying delayed market data. (10167)
2026-06-09 02:19:20,838 - WARNING - ibkr.core.market_data_worker - IBKR market data notice for SNDK: Requested market data is not subscribed. Displaying delayed market data. (10167)
2026-06-09 02:19:20,839 - WARNING - ibkr.core.market_data_worker - IBKR market data notice for RKLB: Requested market data is not subscribed. Displaying delayed market data. (10167)
2026-06-09 02:19:20,839 - WARNING - ibkr.core.market_data_worker - IBKR market data notice for SPRC: Requested market data is not subscribed. Displaying delayed market data. (10167)
2026-06-09 02:19:20,842 - INFO - chart_engine.core.ibkr_data_fetcher - Requesting IBKR historical data: SPY conId=756733 bar=1 day duration=100 D end=latest
2026-06-09 02:19:21,129 - INFO - chart_engine.core.ibkr_data_fetcher - Requesting IBKR historical data: SPY conId=756733 bar=30 mins duration=50 D end=latest
2026-06-09 02:19:22,884 - ERROR - ib_insync.wrapper - Error 200, reqId 66: No security definition has been found for the request, contract: Stock(symbol='NO SYMBOLS FOUND', exchange='SMART', currency='USD')
2026-06-09 02:19:22,885 - WARNING - ibkr.core.market_data_worker - IBKR API error for NO SYMBOLS FOUND: No security definition has been found for the request (200)
2026-06-09 02:19:22,887 - INFO - ibkr.core.market_data_worker - Subscribed IBKR market data: NO SYMBOLS FOUND key=NO SYMBOLS FOUND type=delayed
2026-06-09 02:19:22,924 - INFO - chart_engine.core.ibkr_data_fetcher - Chart data fetch complete source=IBKR symbol=SPY bars=69
2026-06-09 02:19:23,176 - ERROR - ib_insync.wrapper - Error 200, reqId 67: No security definition has been found for the request, contract: Stock(symbol='NO SYMBOLS FOUND', exchange='SMART', currency='USD')
2026-06-09 02:19:23,438 - INFO - chart_engine.core.chart_widget - Pinned price scale currency to USD
2026-06-09 02:19:23,498 - INFO - ibkr.core.main_window - Chart panes revealed after initial symbol render: SPY
2026-06-09 02:19:23,498 - INFO - ibkr.core.main_window - Chart symbol changed to: SPY
2026-06-09 02:19:23,498 - INFO - ibkr.core.main_window - Added chart symbol SPY to subscription
2026-06-09 02:19:23,499 - INFO - ibkr.core.main_window - Ensured subscription for chart symbol SPY
2026-06-09 02:19:23,499 - INFO - chart_engine.core.chart_widget - Chart HTML loaded: SPY (69 candles)
2026-06-09 02:19:23,887 - INFO - ibkr.core.main_window - Subscription universe changed: 21 instruments (19 token-backed, +0/-1) sources={'positions': 19, 'charts': 2, 'header': 2}
2026-06-09 02:19:24,074 - INFO - ibkr.core.main_window - Window state saved
2026-06-09 02:19:24,179 - INFO - ibkr.core.market_data_worker - Unsubscribed IBKR market data: NO SYMBOLS FOUND
2026-06-09 02:19:25,219 - ERROR - ib_insync.wrapper - Error 200, reqId 87: No security definition has been found for the request
2026-06-09 02:19:25,219 - WARNING - ibkr.core.market_data_worker - IBKR API error for reqId=87: No security definition has been found for the request (200)
2026-06-09 02:19:25,220 - ERROR - ib_insync.wrapper - Error 300, reqId 87: Can't find EId with tickerId:87
2026-06-09 02:19:25,220 - WARNING - ibkr.core.market_data_worker - IBKR API error for reqId=87: Can't find EId with tickerId:87 (300)
2026-06-09 02:19:26,321 - INFO - chart_engine.core.ibkr_data_fetcher - Chart data fetch complete source=IBKR symbol=SPY bars=350
2026-06-09 02:19:26,454 - INFO - chart_engine.core.chart_widget - Chart HTML loaded: SPY (350 candles)
2026-06-09 02:19:28,408 - INFO - ibkr.utils.config_manager - Settings saved successfully
2026-06-09 02:19:29,877 - INFO - chart_engine.drawings - Saved state for SPY (day) — 0 drawings
2026-06-09 02:19:30,560 - INFO - chart_engine.core.chart_widget - Lazy-loading older candles for SPY [day]: 100 -> 200 days
2026-06-09 02:19:30,567 - INFO - chart_engine.core.ibkr_data_fetcher - Chart data source=IBKR symbol=SPY interval=day from=2025-11-20T16:49:30.566540-05:00 to=2026-06-08T16:49:30.566540-04:00 dedicated_history=True
2026-06-09 02:19:30,569 - INFO - chart_engine.core.ibkr_data_fetcher - Requesting IBKR historical data: SPY conId=756733 bar=1 day duration=200 D end=latest
2026-06-09 02:19:31,574 - INFO - chart_engine.core.ibkr_data_fetcher - Chart data fetch complete source=IBKR symbol=SPY bars=136
2026-06-09 02:19:31,676 - INFO - chart_engine.drawings - Loaded state for SPY (day) — 0 drawings
2026-06-09 02:19:31,687 - INFO - chart_engine.core.chart_widget - Chart seamlessly updated: SPY (136 candles)
2026-06-09 02:20:05,268 - INFO - chart_engine.core.ibkr_data_fetcher - Chart data source=IBKR symbol=SPY interval=60minute from=2026-04-19T16:50:05.268032-04:00 to=2026-06-08T16:50:05.268032-04:00 dedicated_history=True
2026-06-09 02:20:05,269 - INFO - chart_engine.core.ibkr_data_fetcher - Requesting IBKR historical data: SPY conId=756733 bar=30 mins duration=50 D end=latest
2026-06-09 02:20:07,034 - INFO - chart_engine.core.ibkr_data_fetcher - Chart data fetch complete source=IBKR symbol=SPY bars=350
2026-06-09 02:20:07,063 - INFO - chart_engine.drawings - Loaded state for SPY (60minute) — 0 drawings
2026-06-09 02:20:07,064 - INFO - chart_engine.drawings - Loaded global chart settings.
2026-06-09 02:20:07,065 - INFO - chart_engine.drawings - Saved global chart settings.
2026-06-09 02:20:07,068 - INFO - ibkr.core.main_window - Ensured subscription for chart symbol SPY
2026-06-09 02:20:07,068 - INFO - chart_engine.core.chart_widget - Chart seamlessly updated: SPY (350 candles)
2026-06-09 02:20:15,259 - INFO - ibkr.core.data_cache - US market-open cache flush complete; intraday entries cleared
2026-06-09 02:20:29,074 - INFO - ibkr.widgets.scanner_table - Saved 1 scans to /home/kavi/.qullamaggie/storage/user_data/ibkr/live/finviz_scans.json
2026-06-09 02:20:29,079 - INFO - ibkr.widgets.scanner_table - Running EOD Finviz scan: Computer Hardware
2026-06-09 02:20:29,088 - INFO - ibkr.widgets.scanner_table - Scans saved successfully. 1 scans available.
2026-06-09 02:20:32,384 - INFO - ibkr.widgets.scanner_table - EOD Scan completed: 24 symbols with complete data
2026-06-09 02:20:32,490 - INFO - ibkr.widgets.scanner_table - EOD Scanner table updated with 24 symbols.
2026-06-09 02:20:59,181 - INFO - ibkr.widgets.scanner_table - Saved 2 scans to /home/kavi/.qullamaggie/storage/user_data/ibkr/live/finviz_scans.json
2026-06-09 02:20:59,187 - INFO - ibkr.widgets.scanner_table - Running EOD Finviz scan: Computer Hardware
2026-06-09 02:20:59,197 - INFO - ibkr.widgets.scanner_table - Scans saved successfully. 2 scans available.
2026-06-09 02:21:01,531 - INFO - ibkr.widgets.scanner_table - EOD Scan completed: 24 symbols with complete data
2026-06-09 02:21:01,644 - INFO - ibkr.widgets.scanner_table - EOD Scanner table updated with 24 symbols.
2026-06-09 02:21:05,260 - INFO - chart_engine.core.ibkr_data_fetcher - Chart data source=IBKR symbol=SPY interval=60minute from=2026-04-19T16:51:05.259925-04:00 to=2026-06-08T16:51:05.259925-04:00 dedicated_history=True
2026-06-09 02:21:05,261 - INFO - chart_engine.core.ibkr_data_fetcher - Requesting IBKR historical data: SPY conId=756733 bar=30 mins duration=50 D end=latest
2026-06-09 02:21:05,893 - INFO - chart_engine.drawings - Loaded global chart settings.
2026-06-09 02:21:05,895 - INFO - chart_engine.drawings - Saved global chart settings.
2026-06-09 02:21:05,896 - INFO - chart_engine.drawings - Loaded state for SPY (day) — 0 drawings
2026-06-09 02:21:05,900 - INFO - chart_engine.drawings - Saved state for SPY (day) — 0 drawings
2026-06-09 02:21:06,688 - INFO - chart_engine.core.chart_widget - Lazy-loading older candles for SPY [day]: 200 -> 400 days
2026-06-09 02:21:06,694 - INFO - chart_engine.core.ibkr_data_fetcher - Chart data source=IBKR symbol=SPY interval=day from=2025-05-04T16:51:06.694602-04:00 to=2026-06-08T16:51:06.694602-04:00 dedicated_history=True
2026-06-09 02:21:06,695 - INFO - chart_engine.core.ibkr_data_fetcher - Requesting IBKR historical data: SPY conId=756733 bar=1 day duration=2 Y end=latest
2026-06-09 02:21:07,280 - INFO - chart_engine.core.ibkr_data_fetcher - Chart data fetch complete source=IBKR symbol=SPY bars=350
2026-06-09 02:21:07,369 - INFO - chart_engine.drawings - Loaded state for SPY (60minute) — 0 drawings
2026-06-09 02:21:07,373 - INFO - ibkr.core.main_window - Ensured subscription for chart symbol SPY
2026-06-09 02:21:07,373 - INFO - chart_engine.core.chart_widget - Chart seamlessly updated: SPY (350 candles)
2026-06-09 02:21:07,952 - INFO - chart_engine.core.ibkr_data_fetcher - Chart data fetch complete source=IBKR symbol=SPY bars=275
2026-06-09 02:21:08,013 - INFO - ibkr.core.main_window - Chart symbol changed to: SPY
2026-06-09 02:21:08,013 - INFO - ibkr.core.main_window - Added chart symbol SPY to subscription
2026-06-09 02:21:08,015 - INFO - chart_engine.core.chart_widget - Chart seamlessly updated: SPY (275 candles)
2026-06-09 02:21:44,129 - INFO - chart_engine.drawings - Loaded global chart settings.
2026-06-09 02:21:44,131 - INFO - chart_engine.drawings - Saved global chart settings.
2026-06-09 02:21:44,203 - INFO - chart_engine.drawings - Loaded state for SPY (day) — 0 drawings
2026-06-09 02:21:44,205 - INFO - ibkr.core.main_window - Chart symbol changed to: SPY
2026-06-09 02:21:44,206 - INFO - ibkr.core.main_window - Added chart symbol SPY to subscription
2026-06-09 02:21:44,206 - INFO - ibkr.core.main_window - Ensured subscription for chart symbol SPY
2026-06-09 02:21:44,206 - INFO - chart_engine.core.chart_widget - Chart seamlessly updated: SPY (275 candles)
2026-06-09 02:21:48,574 - INFO - ibkr.widgets.scanner_table - Running EOD Finviz scan: Any
2026-06-09 02:22:05,260 - INFO - chart_engine.core.ibkr_data_fetcher - Chart data source=IBKR symbol=SPY interval=60minute from=2026-04-19T16:52:05.259914-04:00 to=2026-06-08T16:52:05.259914-04:00 dedicated_history=True
2026-06-09 02:22:05,261 - INFO - chart_engine.core.ibkr_data_fetcher - Requesting IBKR historical data: SPY conId=756733 bar=30 mins duration=50 D end=latest
2026-06-09 02:22:07,161 - INFO - chart_engine.core.ibkr_data_fetcher - Chart data fetch complete source=IBKR symbol=SPY bars=350
2026-06-09 02:22:07,203 - INFO - chart_engine.drawings - Loaded state for SPY (60minute) — 0 drawings
2026-06-09 02:22:07,204 - INFO - chart_engine.drawings - Loaded global chart settings.
2026-06-09 02:22:07,206 - INFO - chart_engine.drawings - Saved global chart settings.
2026-06-09 02:22:07,208 - INFO - ibkr.core.main_window - Ensured subscription for chart symbol SPY
2026-06-09 02:22:07,209 - INFO - chart_engine.core.chart_widget - Chart seamlessly updated: SPY (350 candles)
2026-06-09 02:23:05,348 - INFO - chart_engine.core.ibkr_data_fetcher - Chart data source=IBKR symbol=SPY interval=60minute from=2026-04-19T16:53:05.346514-04:00 to=2026-06-08T16:53:05.346514-04:00 dedicated_history=True
2026-06-09 02:23:05,348 - INFO - chart_engine.core.ibkr_data_fetcher - Requesting IBKR historical data: SPY conId=756733 bar=30 mins duration=50 D end=latest
2026-06-09 02:23:07,208 - INFO - chart_engine.core.ibkr_data_fetcher - Chart data fetch complete source=IBKR symbol=SPY bars=350
2026-06-09 02:23:07,350 - INFO - chart_engine.drawings - Loaded state for SPY (60minute) — 0 drawings
2026-06-09 02:23:07,350 - INFO - chart_engine.drawings - Loaded global chart settings.
2026-06-09 02:23:07,353 - INFO - chart_engine.drawings - Saved global chart settings.
2026-06-09 02:23:07,356 - INFO - ibkr.core.main_window - Ensured subscription for chart symbol SPY
2026-06-09 02:23:07,358 - INFO - chart_engine.core.chart_widget - Chart seamlessly updated: SPY (350 candles)
2026-06-09 02:23:48,446 - INFO - chart_engine.drawings - Saved global chart settings.
2026-06-09 02:23:48,584 - INFO - chart_engine.drawings - Loaded state for SPY (day) — 0 drawings
2026-06-09 02:23:48,585 - INFO - chart_engine.drawings - Loaded global chart settings.
2026-06-09 02:23:48,588 - INFO - ibkr.core.main_window - Chart symbol changed to: SPY
2026-06-09 02:23:48,589 - INFO - ibkr.core.main_window - Added chart symbol SPY to subscription
2026-06-09 02:23:48,589 - INFO - ibkr.core.main_window - Ensured subscription for chart symbol SPY
2026-06-09 02:23:48,589 - INFO - chart_engine.core.chart_widget - Chart seamlessly updated: SPY (275 candles)
2026-06-09 02:23:48,624 - INFO - chart_engine.drawings - Loaded state for SPY (60minute) — 0 drawings
2026-06-09 02:23:48,642 - INFO - chart_engine.core.chart_widget - Chart seamlessly updated: SPY (350 candles)
2026-06-09 02:24:05,260 - INFO - chart_engine.core.ibkr_data_fetcher - Chart data source=IBKR symbol=SPY interval=60minute from=2026-04-19T16:54:05.260087-04:00 to=2026-06-08T16:54:05.260087-04:00 dedicated_history=True
2026-06-09 02:24:05,260 - INFO - chart_engine.core.ibkr_data_fetcher - Requesting IBKR historical data: SPY conId=756733 bar=30 mins duration=50 D end=latest
2026-06-09 02:24:07,110 - INFO - chart_engine.core.ibkr_data_fetcher - Chart data fetch complete source=IBKR symbol=SPY bars=350
2026-06-09 02:24:07,159 - INFO - chart_engine.drawings - Loaded state for SPY (60minute) — 0 drawings
2026-06-09 02:24:07,159 - INFO - chart_engine.drawings - Loaded global chart settings.
2026-06-09 02:24:07,160 - INFO - chart_engine.drawings - Saved global chart settings.
2026-06-09 02:24:07,166 - INFO - ibkr.core.main_window - Ensured subscription for chart symbol SPY
2026-06-09 02:24:07,166 - INFO - chart_engine.core.chart_widget - Chart seamlessly updated: SPY (350 candles)
2026-06-09 02:24:09,572 - INFO - chart_engine.drawings - Loaded state for SPY (day) — 0 drawings
2026-06-09 02:24:09,579 - INFO - ibkr.core.main_window - Chart symbol changed to: SPY
2026-06-09 02:24:09,579 - INFO - ibkr.core.main_window - Added chart symbol SPY to subscription
2026-06-09 02:24:09,580 - INFO - chart_engine.core.chart_widget - Chart seamlessly updated: SPY (275 candles)
2026-06-09 02:24:19,503 - INFO - ibkr.widgets.scanner_table - EOD Scan completed: 3800 symbols with complete data
2026-06-09 02:24:38,393 - INFO - ibkr.widgets.scanner_table - EOD Scanner table updated with 3800 symbols.
2026-06-09 02:24:44,858 - INFO - chart_engine.core.ibkr_data_fetcher - Chart data source=IBKR symbol=ALOY interval=day from=2025-05-04T16:54:44.858441-04:00 to=2026-06-08T16:54:44.858441-04:00 dedicated_history=True
2026-06-09 02:24:44,859 - INFO - chart_engine.core.ibkr_data_fetcher - Requesting IBKR historical data: ALOY conId=858150318 bar=1 day duration=2 Y end=latest
2026-06-09 02:24:44,873 - INFO - chart_engine.core.ibkr_data_fetcher - Chart data source=IBKR symbol=ALOY interval=60minute from=2026-04-19T16:54:44.872631-04:00 to=2026-06-08T16:54:44.872631-04:00 dedicated_history=True
2026-06-09 02:24:44,874 - INFO - chart_engine.core.ibkr_data_fetcher - Requesting IBKR historical data: ALOY conId=858150318 bar=30 mins duration=50 D end=latest
2026-06-09 02:24:47,436 - INFO - chart_engine.core.ibkr_data_fetcher - Chart data fetch complete source=IBKR symbol=ALOY bars=275
2026-06-09 02:24:47,436 - INFO - chart_engine.core.ibkr_data_fetcher - Chart data fetch complete source=IBKR symbol=ALOY bars=350
2026-06-09 02:24:47,549 - INFO - chart_engine.drawings - Loaded global chart settings.
2026-06-09 02:24:47,550 - INFO - chart_engine.drawings - Saved global chart settings.
2026-06-09 02:24:47,554 - INFO - ibkr.core.main_window - Ensured subscription for chart symbol ALOY
2026-06-09 02:24:47,554 - INFO - chart_engine.core.chart_widget - Chart seamlessly updated: ALOY (350 candles)
2026-06-09 02:24:47,599 - INFO - ibkr.core.main_window - Chart symbol changed to: ALOY
2026-06-09 02:24:47,599 - INFO - ibkr.core.main_window - Added chart symbol ALOY to subscription
2026-06-09 02:24:47,600 - INFO - chart_engine.core.chart_widget - Chart seamlessly updated: ALOY (275 candles)
2026-06-09 02:24:47,884 - INFO - ibkr.core.market_data_worker - Subscribed IBKR market data: ALOY key=858150318 type=delayed
2026-06-09 02:24:47,889 - INFO - ibkr.core.main_window - Subscription universe changed: 22 instruments (19 token-backed, +1/-0) sources={'positions': 19, 'charts': 2, 'header': 2}
2026-06-09 02:24:48,262 - WARNING - ibkr.core.market_data_worker - IBKR market data notice for ALOY: Requested market data is not subscribed. Displaying delayed market data. (10167)
2026-06-09 02:24:49,978 - INFO - chart_engine.core.ibkr_data_fetcher - Chart data source=IBKR symbol=BHP interval=day from=2025-05-04T16:54:49.978754-04:00 to=2026-06-08T16:54:49.978754-04:00 dedicated_history=True
2026-06-09 02:24:49,979 - INFO - chart_engine.core.ibkr_data_fetcher - Requesting IBKR historical data: BHP conId=4986 bar=1 day duration=2 Y end=latest
2026-06-09 02:24:49,990 - INFO - chart_engine.core.ibkr_data_fetcher - Chart data source=IBKR symbol=BHP interval=60minute from=2026-04-19T16:54:49.990835-04:00 to=2026-06-08T16:54:49.990835-04:00 dedicated_history=True
2026-06-09 02:24:49,995 - INFO - chart_engine.core.ibkr_data_fetcher - Requesting IBKR historical data: BHP conId=4986 bar=30 mins duration=50 D end=latest
2026-06-09 02:24:52,017 - INFO - chart_engine.core.ibkr_data_fetcher - Chart data fetch complete source=IBKR symbol=BHP bars=275
2026-06-09 02:24:52,137 - INFO - ibkr.core.main_window - Chart symbol changed to: BHP
2026-06-09 02:24:52,139 - INFO - ibkr.core.main_window - Added chart symbol BHP to subscription
2026-06-09 02:24:52,139 - INFO - ibkr.core.main_window - Ensured subscription for chart symbol BHP
2026-06-09 02:24:52,139 - INFO - chart_engine.core.chart_widget - Chart seamlessly updated: BHP (275 candles)
2026-06-09 02:24:52,456 - INFO - ibkr.core.main_window - Subscription universe changed: 22 instruments (19 token-backed, +1/-1) sources={'positions': 19, 'charts': 2, 'header': 2}
2026-06-09 02:24:52,496 - INFO - ibkr.core.market_data_worker - Subscribed IBKR market data: BHP key=4986 type=delayed
2026-06-09 02:24:52,942 - WARNING - ibkr.core.market_data_worker - IBKR market data notice for BHP: Requested market data is not subscribed. Displaying delayed market data. (10167)
2026-06-09 02:24:53,203 - INFO - chart_engine.core.ibkr_data_fetcher - Chart data fetch complete source=IBKR symbol=BHP bars=350
2026-06-09 02:24:53,390 - INFO - chart_engine.core.chart_widget - Chart seamlessly updated: BHP (350 candles)
2026-06-09 02:24:53,680 - INFO - ibkr.core.market_data_worker - Unsubscribed IBKR market data: ALOY
2026-06-09 02:24:53,686 - ERROR - ib_insync.wrapper - Error 300, reqId 157: Can't find EId with tickerId:157
2026-06-09 02:24:53,687 - WARNING - ibkr.core.market_data_worker - IBKR API error for reqId=157: Can't find EId with tickerId:157 (300)
2026-06-09 02:24:56,946 - INFO - ibkr.core.main_window - Window state saved
2026-06-09 02:24:57,764 - INFO - chart_engine.core.ibkr_data_fetcher - Chart data source=IBKR symbol=CMP interval=day from=2025-05-04T16:54:57.763922-04:00 to=2026-06-08T16:54:57.763922-04:00 dedicated_history=True
2026-06-09 02:24:57,764 - INFO - chart_engine.core.ibkr_data_fetcher - Requesting IBKR historical data: CMP conId=27022213 bar=1 day duration=2 Y end=latest
2026-06-09 02:24:57,778 - INFO - chart_engine.core.ibkr_data_fetcher - Chart data source=IBKR symbol=CMP interval=60minute from=2026-04-19T16:54:57.778684-04:00 to=2026-06-08T16:54:57.778684-04:00 dedicated_history=True
2026-06-09 02:24:57,781 - INFO - chart_engine.core.ibkr_data_fetcher - Requesting IBKR historical data: CMP conId=27022213 bar=30 mins duration=50 D end=latest
2026-06-09 02:24:59,361 - INFO - chart_engine.core.ibkr_data_fetcher - Chart data fetch complete source=IBKR symbol=CMP bars=275
2026-06-09 02:24:59,434 - INFO - ibkr.core.main_window - Chart symbol changed to: CMP
2026-06-09 02:24:59,434 - INFO - ibkr.core.main_window - Added chart symbol CMP to subscription
2026-06-09 02:24:59,435 - INFO - ibkr.core.main_window - Ensured subscription for chart symbol CMP
2026-06-09 02:24:59,435 - INFO - chart_engine.core.chart_widget - Chart seamlessly updated: CMP (275 candles)
2026-06-09 02:24:59,740 - INFO - ibkr.core.market_data_worker - Subscribed IBKR market data: CMP key=27022213 type=delayed
2026-06-09 02:24:59,969 - INFO - chart_engine.core.ibkr_data_fetcher - Chart data fetch complete source=IBKR symbol=CMP bars=350
2026-06-09 02:25:00,007 - INFO - chart_engine.core.chart_widget - Chart seamlessly updated: CMP (350 candles)
2026-06-09 02:25:00,228 - WARNING - ibkr.core.market_data_worker - IBKR market data notice for CMP: Requested market data is not subscribed. Displaying delayed market data. (10167)
2026-06-09 02:25:00,781 - INFO - ibkr.core.market_data_worker - Unsubscribed IBKR market data: BHP
2026-06-09 02:25:00,881 - ERROR - ib_insync.wrapper - Error 300, reqId 186: Can't find EId with tickerId:186
2026-06-09 02:25:00,881 - WARNING - ibkr.core.market_data_worker - IBKR API error for reqId=186: Can't find EId with tickerId:186 (300)
2026-06-09 02:25:01,299 - INFO - chart_engine.core.ibkr_data_fetcher - Chart data source=IBKR symbol=IONR interval=day from=2025-05-04T16:55:01.299130-04:00 to=2026-06-08T16:55:01.299130-04:00 dedicated_history=True
2026-06-09 02:25:01,300 - INFO - chart_engine.core.ibkr_data_fetcher - Requesting IBKR historical data: IONR conId=570487251 bar=1 day duration=2 Y end=latest
2026-06-09 02:25:01,318 - INFO - chart_engine.core.ibkr_data_fetcher - Chart data source=IBKR symbol=IONR interval=60minute from=2026-04-19T16:55:01.318764-04:00 to=2026-06-08T16:55:01.318764-04:00 dedicated_history=True
2026-06-09 02:25:01,323 - INFO - chart_engine.core.ibkr_data_fetcher - Requesting IBKR historical data: IONR conId=570487251 bar=30 mins duration=50 D end=latest
2026-06-09 02:25:03,469 - INFO - chart_engine.core.ibkr_data_fetcher - Chart data fetch complete source=IBKR symbol=IONR bars=275
2026-06-09 02:25:03,555 - INFO - ibkr.core.main_window - Chart symbol changed to: IONR
2026-06-09 02:25:03,555 - INFO - ibkr.core.main_window - Added chart symbol IONR to subscription
2026-06-09 02:25:03,555 - INFO - ibkr.core.main_window - Ensured subscription for chart symbol IONR
2026-06-09 02:25:03,555 - INFO - chart_engine.core.chart_widget - Chart seamlessly updated: IONR (275 candles)
2026-06-09 02:25:03,861 - INFO - ibkr.core.market_data_worker - Subscribed IBKR market data: IONR key=570487251 type=delayed
2026-06-09 02:25:03,968 - INFO - chart_engine.core.ibkr_data_fetcher - Chart data fetch complete source=IBKR symbol=IONR bars=350
2026-06-09 02:25:04,050 - INFO - chart_engine.core.chart_widget - Chart seamlessly updated: IONR (350 candles)
2026-06-09 02:25:04,320 - WARNING - ibkr.core.market_data_worker - IBKR market data notice for IONR: Requested market data is not subscribed. Displaying delayed market data. (10167)
2026-06-09 02:25:05,105 - INFO - ibkr.core.market_data_worker - Unsubscribed IBKR market data: CMP
2026-06-09 02:25:05,206 - ERROR - ib_insync.wrapper - Error 300, reqId 213: Can't find EId with tickerId:213
2026-06-09 02:25:05,206 - WARNING - ibkr.core.market_data_worker - IBKR API error for reqId=213: Can't find EId with tickerId:213 (300)
2026-06-09 02:25:11,887 - INFO - chart_engine.core.ibkr_data_fetcher - Chart data source=IBKR symbol=MTRN interval=day from=2025-05-04T16:55:11.887215-04:00 to=2026-06-08T16:55:11.887215-04:00 dedicated_history=True
2026-06-09 02:25:11,888 - INFO - chart_engine.core.ibkr_data_fetcher - Requesting IBKR historical data: MTRN conId=84822089 bar=1 day duration=2 Y end=latest
2026-06-09 02:25:11,903 - INFO - chart_engine.core.ibkr_data_fetcher - Chart data source=IBKR symbol=MTRN interval=60minute from=2026-04-19T16:55:11.903574-04:00 to=2026-06-08T16:55:11.903574-04:00 dedicated_history=True
2026-06-09 02:25:11,911 - INFO - chart_engine.core.ibkr_data_fetcher - Requesting IBKR historical data: MTRN conId=84822089 bar=30 mins duration=50 D end=latest
2026-06-09 02:25:13,483 - INFO - chart_engine.core.ibkr_data_fetcher - Chart data fetch complete source=IBKR symbol=MTRN bars=275
2026-06-09 02:25:13,678 - INFO - ibkr.core.main_window - Chart symbol changed to: MTRN
2026-06-09 02:25:13,678 - INFO - ibkr.core.main_window - Added chart symbol MTRN to subscription
2026-06-09 02:25:13,679 - INFO - ibkr.core.main_window - Ensured subscription for chart symbol MTRN
2026-06-09 02:25:13,679 - INFO - chart_engine.core.chart_widget - Chart seamlessly updated: MTRN (275 candles)
2026-06-09 02:25:14,010 - INFO - ibkr.core.main_window - Subscription universe changed: 22 instruments (19 token-backed, +1/-1) sources={'positions': 19, 'charts': 2, 'header': 2}
2026-06-09 02:25:14,027 - INFO - ibkr.core.market_data_worker - Subscribed IBKR market data: MTRN key=84822089 type=delayed
2026-06-09 02:25:14,220 - INFO - chart_engine.core.ibkr_data_fetcher - Chart data fetch complete source=IBKR symbol=MTRN bars=350
2026-06-09 02:25:14,314 - INFO - chart_engine.core.chart_widget - Chart seamlessly updated: MTRN (350 candles)
2026-06-09 02:25:14,561 - WARNING - ibkr.core.market_data_worker - IBKR market data notice for MTRN: Requested market data is not subscribed. Displaying delayed market data. (10167)
2026-06-09 02:25:15,217 - INFO - ibkr.core.market_data_worker - Unsubscribed IBKR market data: IONR
2026-06-09 02:25:15,319 - ERROR - ib_insync.wrapper - Error 300, reqId 240: Can't find EId with tickerId:240
2026-06-09 02:25:15,321 - WARNING - ibkr.core.market_data_worker - IBKR API error for reqId=240: Can't find EId with tickerId:240 (300)
2026-06-09 02:25:16,129 - INFO - ibkr.widgets.scanner_table - Running EOD Finviz scan: Computer Hardware
2026-06-09 02:25:18,928 - INFO - ibkr.widgets.scanner_table - EOD Scan completed: 24 symbols with complete data
2026-06-09 02:25:19,027 - INFO - ibkr.widgets.scanner_table - EOD Scanner table updated with 24 symbols.
2026-06-09 02:25:20,907 - INFO - ibkr.core.shutdown_manager - closeEvent received — beginning fast IBKR shutdown
2026-06-09 02:25:20,908 - INFO - ibkr.core.shutdown_manager - === Fast IBKR window-close shutdown starting ===
2026-06-09 02:25:20,909 - INFO - ibkr.core.shutdown_manager - Shutdown: [save_window_state]…
2026-06-09 02:25:20,910 - INFO - ibkr.core.main_window - Window state saved
2026-06-09 02:25:20,910 - INFO - ibkr.core.shutdown_manager - Shutdown: [save_window_state] ✓
2026-06-09 02:25:20,912 - INFO - ibkr.core.shutdown_manager - Shutdown: [save_chart_state]…
2026-06-09 02:25:20,922 - INFO - ibkr.core.shutdown_manager - Shutdown: [save_chart_state] ✓
2026-06-09 02:25:20,922 - INFO - ibkr.core.shutdown_manager - Shutdown: [stop_remaining_timers]…
2026-06-09 02:25:20,939 - INFO - ibkr.core.shutdown_manager - Shutdown: [stop_remaining_timers] ✓
2026-06-09 02:25:20,939 - INFO - ibkr.core.shutdown_manager - === Fast IBKR window-close shutdown complete ===
2026-06-09 02:25:20,944 - INFO - __main__ - Shutting down and cleaning up resources...
2026-06-09 02:25:20,944 - INFO - __main__ - Skipping broker disconnect during fast window-close shutdown.
2026-06-09 02:25:20,944 - INFO - __main__ - Cleanup complete.
