2026-06-09 01:01:10,635 - INFO - login_setup.login_setup_config - qullamaggie v1.0.0 starting...
2026-06-09 01:01:10,635 - INFO - login_setup.login_setup_config - Logging to file: /home/kavi/Desktop/Python_Projects/swing_trader/logs/qullamaggie_20260609_010110.log
2026-06-09 01:01:10,635 - INFO - login_setup.login_setup_config - Fatal crash diagnostics enabled for all threads.
2026-06-09 01:01:10,635 - INFO - __main__ - 🚀 Starting qullamaggie Application...
2026-06-09 01:01:10,770 - INFO - __main__ - Application icon loaded from: /home/kavi/Desktop/Python_Projects/swing_trader/assets/qullamaggie_swing_trader_icon.svg
2026-06-09 01:01:14,080 - INFO - ib_insync.client - Connecting to 127.0.0.1:4002 with clientId 1...
2026-06-09 01:01:14,082 - INFO - ib_insync.client - Connected
2026-06-09 01:01:14,101 - INFO - ib_insync.client - Logged on to server version 176
2026-06-09 01:01:14,146 - INFO - ib_insync.client - API connection ready
2026-06-09 01:01:14,629 - INFO - __main__ - Authenticated for broker: america
2026-06-09 01:01:14,630 - INFO - __main__ - Initializing trading and data clients...
2026-06-09 01:01:14,630 - INFO - login_setup.broker_factory - Creating america client for live trading
2026-06-09 01:01:14,630 - INFO - login_setup.broker_factory - IBKR client created with accounts: ['DUQ624205']
2026-06-09 01:01:14,675 - INFO - ibkr.core.trading_client - Subscribed to IBKR real-time order events
2026-06-09 01:01:14,676 - INFO - ibkr.core.trading_client - IBKR trading client startup snapshots deferred; using local cache/event sync
2026-06-09 01:01:14,676 - INFO - __main__ - Trading client created; creating data client...
2026-06-09 01:01:14,676 - INFO - login_setup.broker_factory - Creating data client for america
2026-06-09 01:01:14,677 - INFO - __main__ - Data client created; validating connection state...
2026-06-09 01:01:14,677 - INFO - __main__ - Trading client connected: True
2026-06-09 01:01:14,677 - INFO - __main__ - Data client connected: True
2026-06-09 01:01:14,677 - INFO - __main__ - Clients initialized successfully.
2026-06-09 01:01:14,678 - INFO - login_setup.broker_factory - Added america client to manager
2026-06-09 01:01:14,678 - INFO - login_setup.broker_factory - Started connection monitoring for america
2026-06-09 01:01:14,678 - INFO - __main__ - Creating main window for america...
2026-06-09 01:01:14,678 - INFO - login_setup.broker_factory - Dynamically loading main window from: ibkr.core.main_window
2026-06-09 01:01:15,822 - INFO - ibkr.core.trade_logger - Trade history database for 'live' mode at: /home/kavi/.qullamaggie/trade_history_live.db
2026-06-09 01:01:15,823 - INFO - ibkr.core.trade_logger - TradeLogger initialized with background processing
2026-06-09 01:01:15,823 - INFO - ibkr.core.trade_logger - DatabaseWorker processing started
2026-06-09 01:01:15,824 - INFO - ibkr.core.trade_logger - Database initialization completed
2026-06-09 01:01:15,826 - INFO - ibkr.core.position_manager - ✅ Connected to trader.order_status_updated signal - orders will sync immediately
2026-06-09 01:01:15,827 - INFO - ibkr.core.position_manager - ✅ Connected to trader.position_updated signal - positions will sync immediately
2026-06-09 01:01:15,827 - INFO - ibkr.core.position_manager - ✅ Connected to trader.connection_status_changed signal
2026-06-09 01:01:15,875 - INFO - ibkr.widgets.scanner_table - Loaded 2 valid scan configurations
2026-06-09 01:01:15,889 - INFO - ibkr.widgets.scanner_table - Scanner table ready for context-aware navigation
2026-06-09 01:01:15,897 - INFO - ibkr.widgets.scanner_table - Running EOD Finviz scan: Computer Hardware
2026-06-09 01:01:15,900 - INFO - chart_engine.core.ibkr_data_fetcher - Pre-warming dedicated IBKR history connection...
2026-06-09 01:01:15,904 - INFO - chart_engine.drawings - Loaded global chart settings.
2026-06-09 01:01:15,904 - INFO - ib_insync.client - Connecting to 127.0.0.1:4002 with clientId 102...
2026-06-09 01:01:16,252 - INFO - chart_engine.core.ibkr_data_fetcher - Chart data source=IBKR symbol=HPQ interval=day from=2025-11-20T15:31:16.252291-05:00 to=2026-06-08T15:31:16.252291-04:00 dedicated_history=True
2026-06-09 01:01:16,475 - INFO - chart_engine.core.ibkr_data_fetcher - IBKR chart history connected on 127.0.0.1:4002 clientId=102
2026-06-09 01:01:16,483 - INFO - chart_engine.core.ibkr_data_fetcher - Chart data source=IBKR symbol=HPQ interval=60minute from=2026-04-19T15:31:16.483420-04:00 to=2026-06-08T15:31:16.483420-04:00 dedicated_history=True
2026-06-09 01:01:16,484 - INFO - ibkr.core.data_cache - MarketAwareDataCache initialised for IBKR/US market time
2026-06-09 01:01:16,600 - INFO - chart_engine.drawings - Saved global chart settings.
2026-06-09 01:01:16,857 - INFO - chart_engine.core.ibkr_data_fetcher - Requesting IBKR historical data: HPQ conId=209411801 bar=1 day duration=200 D end=latest
2026-06-09 01:01:16,912 - INFO - ibkr.core.alert_management_system - Loaded 0 alerts from disk
2026-06-09 01:01:16,913 - INFO - ibkr.core.alert_management_system - AlertSystemManager ready
2026-06-09 01:01:16,913 - INFO - ibkr.core.alert_management_system - AlertEngine started
2026-06-09 01:01:16,914 - INFO - ibkr.core.main_window - Alert system initialized successfully.
2026-06-09 01:01:16,917 - INFO - ibkr.core.main_window - Connecting component signals...
2026-06-09 01:01:16,920 - INFO - ibkr.core.main_window - IBKR order lifecycle UI signals connected
2026-06-09 01:01:16,924 - INFO - ib_insync.client - Connecting to 127.0.0.1:4002 with clientId 101...
2026-06-09 01:01:16,944 - INFO - ibkr.core.main_window - Keyboard shortcuts initialized
2026-06-09 01:01:17,117 - INFO - chart_engine.core.ibkr_data_fetcher - Requesting IBKR historical data: HPQ conId=209411801 bar=30 mins duration=50 D end=latest
2026-06-09 01:01:17,119 - INFO - ibkr.core.main_window - Subscription universe changed: 9 instruments (0 token-backed, +9/-0) sources={'charts': 2, 'header': 2}
2026-06-09 01:01:17,129 - INFO - ibkr.core.main_window - Window state restored
2026-06-09 01:01:17,129 - INFO - ibkr.core.main_window - Applied startup chart timeframes: left=day, right=60minute
2026-06-09 01:01:17,129 - INFO - ibkr.core.main_window - Simplified qullamaggie Window with Status Bar Initialized Successfully.
2026-06-09 01:01:17,130 - INFO - __main__ - Main window created successfully.
2026-06-09 01:01:17,261 - INFO - __main__ - Starting application event loop.
2026-06-09 01:01:17,868 - INFO - ibkr.core.market_data_worker - Dedicated IBKR market-data connection established on 127.0.0.1:4002 clientId=101
2026-06-09 01:01:17,869 - INFO - ibkr.core.market_data_worker - IBKR MarketDataWorker started
2026-06-09 01:01:17,873 - INFO - ibkr.core.market_data_worker - Requested IBKR delayed market data type (3); delayed fallback=False; generic ticks=''
2026-06-09 01:01:18,220 - INFO - chart_engine.core.ibkr_data_fetcher - Chart data fetch complete source=IBKR symbol=HPQ bars=136
2026-06-09 01:01:18,278 - INFO - ibkr.core.main_window - IBKR loader: Building initial instrument list...
2026-06-09 01:01:18,362 - INFO - ibkr.core.main_window - Window state saved
2026-06-09 01:01:19,024 - INFO - ibkr.core.market_data_worker - Subscribed IBKR market data: HPQ key=209411801 type=delayed
2026-06-09 01:01:19,025 - INFO - ibkr.core.market_data_worker - Subscribed IBKR market data: SPY key=756733 type=delayed
2026-06-09 01:01:19,025 - INFO - ibkr.core.market_data_worker - Subscribed IBKR market data: IONQ key=517593749 type=delayed
2026-06-09 01:01:19,025 - INFO - ibkr.core.market_data_worker - Subscribed IBKR market data: KTCC key=271042 type=delayed
2026-06-09 01:01:19,026 - INFO - ibkr.core.market_data_worker - Subscribed IBKR market data: LOGI key=41475996 type=delayed
2026-06-09 01:01:19,026 - INFO - ibkr.core.market_data_worker - Subscribed IBKR market data: OSS key=305186144 type=delayed
2026-06-09 01:01:19,027 - INFO - ibkr.core.market_data_worker - Subscribed IBKR market data: QMCO key=725237355 type=delayed
2026-06-09 01:01:19,027 - INFO - ibkr.core.market_data_worker - Subscribed IBKR market data: SMCI key=731466419 type=delayed
2026-06-09 01:01:19,028 - INFO - ibkr.core.market_data_worker - Subscribed IBKR market data: QQQ key=320227571 type=delayed
2026-06-09 01:01:19,126 - INFO - chart_engine.core.ibkr_data_fetcher - Chart data fetch complete source=IBKR symbol=HPQ bars=349
2026-06-09 01:01:19,424 - INFO - ibkr.widgets.scanner_table - EOD Scan completed: 24 symbols with complete data
2026-06-09 01:01:19,500 - WARNING - ibkr.core.main_window - IBKR market data is delayed (delayed); live subscription is unavailable.
2026-06-09 01:01:19,500 - INFO - ibkr.core.main_window - WebSocket connected. Setting up subscriptions.
2026-06-09 01:01:19,501 - INFO - ibkr.core.position_manager - Fetching positions from broker - Reason: ibkr_connected
2026-06-09 01:01:19,514 - INFO - ibkr.core.main_window - Added 20 widget market-data subscriptions (20 token-backed)
2026-06-09 01:01:19,515 - INFO - ibkr.core.position_manager - Position table changed: 20 open positions | open MTM -16650.17 | realized 0.00
2026-06-09 01:01:19,673 - INFO - ibkr.core.main_window - Chart panes revealed after initial symbol render: HPQ
2026-06-09 01:01:19,674 - INFO - ibkr.core.main_window - Chart symbol changed to: HPQ
2026-06-09 01:01:19,675 - INFO - ibkr.core.main_window - Added chart symbol HPQ to subscription
2026-06-09 01:01:19,675 - INFO - ibkr.core.main_window - Ensured subscription for chart symbol HPQ
2026-06-09 01:01:19,675 - INFO - chart_engine.core.chart_widget - Chart HTML loaded: HPQ (136 candles)
2026-06-09 01:01:19,748 - INFO - ibkr.core.main_window - Successfully loaded 3798 instruments.
2026-06-09 01:01:19,749 - INFO - ibkr.widgets.header_toolbar - Search index ready: 3798 instruments
2026-06-09 01:01:19,815 - INFO - ibkr.core.main_window - Instruments loaded successfully.
2026-06-09 01:01:19,833 - INFO - ibkr.core.main_window - IBKR loader: Loaded 181 symbols (qualifying in background...)
2026-06-09 01:01:20,013 - INFO - chart_engine.core.chart_widget - Chart HTML loaded: HPQ (349 candles)
2026-06-09 01:01:20,104 - INFO - ibkr.widgets.scanner_table - EOD Scanner table updated with 24 symbols.
2026-06-09 01:01:20,134 - WARNING - ibkr.core.market_data_worker - IBKR market data notice for HPQ: Requested market data is not subscribed. Displaying delayed market data. (10167)
2026-06-09 01:01:20,171 - INFO - ibkr.core.position_manager - Fetching positions from broker - Reason: app_startup
2026-06-09 01:01:20,186 - INFO - ibkr.core.main_window - Position system initialized successfully
2026-06-09 01:01:20,300 - INFO - ibkr.core.network_monitor - NetworkMonitor started
2026-06-09 01:01:20,301 - INFO - ibkr.core.main_window - Network resilience layer initialized
2026-06-09 01:01:20,413 - INFO - ibkr.core.main_window - Subscription universe changed: 29 instruments (20 token-backed, +20/-0) sources={'positions': 20, 'charts': 2, 'watchlist': 1, 'header': 2}
2026-06-09 01:01:20,600 - WARNING - ibkr.core.market_data_worker - IBKR market data notice for SPY: Requested market data is not subscribed. Displaying delayed market data. (10167)
2026-06-09 01:01:20,604 - WARNING - ibkr.core.market_data_worker - IBKR market data notice for IONQ: Requested market data is not subscribed. Displaying delayed market data. (10167)
2026-06-09 01:01:20,888 - INFO - ibkr.core.position_manager - Fetching positions from broker - Reason: instruments_loaded
2026-06-09 01:01:20,913 - INFO - ibkr.core.main_window - Chart auto-loading initiated
2026-06-09 01:01:20,913 - WARNING - ibkr.core.market_data_worker - IBKR market data notice for KTCC: Requested market data is not subscribed. Displaying delayed market data. (10167)
2026-06-09 01:01:20,914 - INFO - ibkr.core.main_window - Chart already has active rendered symbol: HPQ
2026-06-09 01:01:20,914 - WARNING - ibkr.core.market_data_worker - IBKR market data notice for LOGI: Requested market data is not subscribed. Displaying delayed market data. (10167)
2026-06-09 01:01:20,914 - WARNING - ibkr.core.market_data_worker - IBKR market data notice for OSS: Requested market data is not subscribed. Displaying delayed market data. (10167)
2026-06-09 01:01:20,914 - WARNING - ibkr.core.market_data_worker - IBKR market data notice for QMCO: Requested market data is not subscribed. Displaying delayed market data. (10167)
2026-06-09 01:01:20,915 - WARNING - ibkr.core.market_data_worker - IBKR market data notice for SMCI: Requested market data is not subscribed. Displaying delayed market data. (10167)
2026-06-09 01:01:20,915 - WARNING - ibkr.core.market_data_worker - IBKR market data notice for QQQ: Requested market data is not subscribed. Displaying delayed market data. (10167)
2026-06-09 01:01:21,308 - INFO - ibkr.core.network_monitor - Network confirmed online at startup
2026-06-09 01:01:22,472 - INFO - ibkr.core.market_data_worker - Subscribed IBKR market data: NVDA key=4815747 type=delayed
2026-06-09 01:01:22,473 - INFO - ibkr.core.market_data_worker - Subscribed IBKR market data: TACT key=6858145 type=delayed
2026-06-09 01:01:22,473 - INFO - ibkr.core.market_data_worker - Subscribed IBKR market data: BAX key=8111188 type=delayed
2026-06-09 01:01:22,473 - INFO - ibkr.core.market_data_worker - Subscribed IBKR market data: TSLA key=76792991 type=delayed
2026-06-09 01:01:22,474 - INFO - ibkr.core.market_data_worker - Subscribed IBKR market data: PTCT key=129374415 type=delayed
2026-06-09 01:01:22,474 - INFO - ibkr.core.market_data_worker - Subscribed IBKR market data: DELL key=346218218 type=delayed
2026-06-09 01:01:22,474 - INFO - ibkr.core.market_data_worker - Subscribed IBKR market data: MTA key=395717235 type=delayed
2026-06-09 01:01:22,474 - INFO - ibkr.core.market_data_worker - Subscribed IBKR market data: DRS key=478483396 type=delayed
2026-06-09 01:01:22,475 - INFO - ibkr.core.market_data_worker - Subscribed IBKR market data: RDW key=512000171 type=delayed
2026-06-09 01:01:22,475 - INFO - ibkr.core.market_data_worker - Subscribed IBKR market data: GFS key=523222624 type=delayed
2026-06-09 01:01:22,475 - INFO - ibkr.core.market_data_worker - Subscribed IBKR market data: QBTS key=578031277 type=delayed
2026-06-09 01:01:22,476 - INFO - ibkr.core.market_data_worker - Subscribed IBKR market data: LUNR key=613910262 type=delayed
2026-06-09 01:01:22,476 - INFO - ibkr.core.market_data_worker - Subscribed IBKR market data: SIDU key=673368857 type=delayed
2026-06-09 01:01:22,476 - INFO - ibkr.core.market_data_worker - Subscribed IBKR market data: UMAC key=698227338 type=delayed
2026-06-09 01:01:22,476 - INFO - ibkr.core.market_data_worker - Subscribed IBKR market data: DPRO key=725468685 type=delayed
2026-06-09 01:01:22,477 - INFO - ibkr.core.market_data_worker - Subscribed IBKR market data: SNDK key=760250490 type=delayed
2026-06-09 01:01:22,477 - INFO - ibkr.core.market_data_worker - Subscribed IBKR market data: RKLB key=787273575 type=delayed
2026-06-09 01:01:22,477 - INFO - ibkr.core.market_data_worker - Subscribed IBKR market data: SPRC key=860471331 type=delayed
2026-06-09 01:01:23,345 - WARNING - ibkr.core.market_data_worker - IBKR market data notice for NVDA: Requested market data is not subscribed. Displaying delayed market data. (10167)
2026-06-09 01:01:23,558 - WARNING - ibkr.core.market_data_worker - IBKR market data notice for TACT: Requested market data is not subscribed. Displaying delayed market data. (10167)
2026-06-09 01:01:23,568 - WARNING - ibkr.core.market_data_worker - IBKR market data notice for BAX: Requested market data is not subscribed. Displaying delayed market data. (10167)
2026-06-09 01:01:23,605 - WARNING - ibkr.core.market_data_worker - IBKR market data notice for TSLA: Requested market data is not subscribed. Displaying delayed market data. (10167)
2026-06-09 01:01:23,626 - WARNING - ibkr.core.market_data_worker - IBKR market data notice for PTCT: Requested market data is not subscribed. Displaying delayed market data. (10167)
2026-06-09 01:01:23,826 - WARNING - ibkr.core.market_data_worker - IBKR market data notice for DELL: Requested market data is not subscribed. Displaying delayed market data. (10167)
2026-06-09 01:01:23,836 - WARNING - ibkr.core.market_data_worker - IBKR market data notice for MTA: Requested market data is not subscribed. Displaying delayed market data. (10167)
2026-06-09 01:01:23,855 - WARNING - ibkr.core.market_data_worker - IBKR market data notice for DRS: Requested market data is not subscribed. Displaying delayed market data. (10167)
2026-06-09 01:01:23,956 - WARNING - ibkr.core.market_data_worker - IBKR market data notice for RDW: Requested market data is not subscribed. Displaying delayed market data. (10167)
2026-06-09 01:01:23,957 - WARNING - ibkr.core.market_data_worker - IBKR market data notice for GFS: Requested market data is not subscribed. Displaying delayed market data. (10167)
2026-06-09 01:01:23,957 - WARNING - ibkr.core.market_data_worker - IBKR market data notice for QBTS: Requested market data is not subscribed. Displaying delayed market data. (10167)
2026-06-09 01:01:23,957 - WARNING - ibkr.core.market_data_worker - IBKR market data notice for LUNR: Requested market data is not subscribed. Displaying delayed market data. (10167)
2026-06-09 01:01:23,957 - WARNING - ibkr.core.market_data_worker - IBKR market data notice for SIDU: Requested market data is not subscribed. Displaying delayed market data. (10167)
2026-06-09 01:01:23,958 - WARNING - ibkr.core.market_data_worker - IBKR market data notice for UMAC: Requested market data is not subscribed. Displaying delayed market data. (10167)
2026-06-09 01:01:23,958 - WARNING - ibkr.core.market_data_worker - IBKR market data notice for DPRO: Requested market data is not subscribed. Displaying delayed market data. (10167)
2026-06-09 01:01:23,966 - WARNING - ibkr.core.market_data_worker - IBKR market data notice for SNDK: Requested market data is not subscribed. Displaying delayed market data. (10167)
2026-06-09 01:01:24,014 - WARNING - ibkr.core.market_data_worker - IBKR market data notice for RKLB: Requested market data is not subscribed. Displaying delayed market data. (10167)
2026-06-09 01:01:24,014 - WARNING - ibkr.core.market_data_worker - IBKR market data notice for SPRC: Requested market data is not subscribed. Displaying delayed market data. (10167)
2026-06-09 01:01:35,850 - INFO - chart_engine.core.ibkr_data_fetcher - Chart data source=IBKR symbol=RDW interval=day from=2025-11-20T15:31:35.850446-05:00 to=2026-06-08T15:31:35.850446-04:00 dedicated_history=True
2026-06-09 01:01:35,866 - INFO - chart_engine.core.ibkr_data_fetcher - Chart data source=IBKR symbol=RDW interval=60minute from=2026-04-19T15:31:35.866236-04:00 to=2026-06-08T15:31:35.866236-04:00 dedicated_history=True
2026-06-09 01:01:35,958 - INFO - chart_engine.core.ibkr_data_fetcher - Chart data source=IBKR symbol=RDW interval=day from=2025-11-20T15:31:35.958663-05:00 to=2026-06-08T15:31:35.958663-04:00 dedicated_history=True
2026-06-09 01:01:35,989 - INFO - chart_engine.core.ibkr_data_fetcher - Chart data source=IBKR symbol=RDW interval=60minute from=2026-04-19T15:31:35.988927-04:00 to=2026-06-08T15:31:35.988927-04:00 dedicated_history=True
2026-06-09 01:01:36,136 - INFO - chart_engine.core.ibkr_data_fetcher - Requesting IBKR historical data: RDW conId=512000171 bar=1 day duration=200 D end=latest
2026-06-09 01:01:36,451 - INFO - chart_engine.core.ibkr_data_fetcher - Requesting IBKR historical data: RDW conId=512000171 bar=30 mins duration=50 D end=latest
2026-06-09 01:01:37,900 - INFO - chart_engine.core.ibkr_data_fetcher - Chart data fetch complete source=IBKR symbol=RDW bars=136
2026-06-09 01:01:37,966 - INFO - chart_engine.drawings - Loaded global chart settings.
2026-06-09 01:01:37,967 - INFO - chart_engine.drawings - Saved global chart settings.
2026-06-09 01:01:37,971 - INFO - ibkr.core.main_window - Chart symbol changed to: RDW
2026-06-09 01:01:37,971 - INFO - ibkr.core.main_window - Added chart symbol RDW to subscription
2026-06-09 01:01:37,972 - INFO - ibkr.core.main_window - Ensured subscription for chart symbol RDW
2026-06-09 01:01:37,972 - INFO - chart_engine.core.chart_widget - Chart seamlessly updated: RDW (136 candles)
2026-06-09 01:01:38,283 - INFO - ibkr.core.main_window - Subscription universe changed: 30 instruments (20 token-backed, +1/-0) sources={'positions': 20, 'charts': 2, 'watchlist': 1, 'header': 2}
2026-06-09 01:01:38,647 - INFO - chart_engine.core.ibkr_data_fetcher - Chart data fetch complete source=IBKR symbol=RDW bars=349
2026-06-09 01:01:38,728 - INFO - chart_engine.core.chart_widget - Chart seamlessly updated: RDW (349 candles)
2026-06-09 01:01:47,843 - INFO - ibkr.core.main_window - [ENTRY] Placing order: {'action': 'SELL', 'currency': 'USD', 'exchange': 'SMART', 'orderRef': 'QULL-SWING-RDW', 'orderType': 'MKT', 'order_type': 'MKT', 'outsideRth': False, 'outside_rth': False, 'price': 0.0, 'primaryExch': '', 'primaryExchange': '', 'primary_exchange': '', 'product': 'IBKR', 'quantity': 100, 'route': 'AUTO', 'secType': 'STK', 'sec_type': 'STK', 'symbol': 'RDW', 'tag': 'terminal-ibkr-swing', 'tif': 'DAY', 'totalQuantity': 100, 'tradingsymbol': 'RDW', 'transaction_type': 'SELL', 'transmit': True, 'trigger_price': 0.0, 'validity': 'DAY', 'variety': 'regular'}
2026-06-09 01:01:47,848 - INFO - ibkr.core.position_manager - Started IBKR pending-order position sync (order_open)
2026-06-09 01:01:47,897 - INFO - ibkr.core.trade_logger - Queued order placement for logging: 398
2026-06-09 01:01:47,897 - INFO - ibkr.core.main_window - Order queued for logging: 398
2026-06-09 01:01:47,898 - INFO - ibkr.core.main_window - [ENTRY] Order accepted by broker: {'order_id': '398', 'perm_id': '', 'tradingsymbol': 'RDW', 'symbol': 'RDW', 'exchange': 'SMART', 'instrument_token': 512000171, 'transaction_type': 'SELL', 'order_type': 'MARKET', 'quantity': 100, 'price': 0.0, 'trigger_price': 0.0, 'status': 'PENDING', 'raw_status': 'PendingSubmit', 'status_message': '', 'filled_quantity': 0, 'pending_quantity': 0, 'average_price': 0.0, 'timestamp': '2026-06-08T15:31:47.851814', 'product': 'IBKR', 'accepted': True}
2026-06-09 01:01:47,898 - INFO - ibkr.widgets.order_dialog - [OrderDialog] SELL 100 RDW [SMART/MKT]
2026-06-09 01:01:47,949 - INFO - ibkr.core.position_manager - Fetching positions from broker - Reason: order_accepted
2026-06-09 01:02:04,261 - INFO - chart_engine.core.ibkr_data_fetcher - Chart data source=IBKR symbol=RDW interval=60minute from=2026-04-19T15:32:04.261510-04:00 to=2026-06-08T15:32:04.261510-04:00 dedicated_history=True
2026-06-09 01:02:04,263 - INFO - chart_engine.core.ibkr_data_fetcher - Requesting IBKR historical data: RDW conId=512000171 bar=30 mins duration=50 D end=latest
2026-06-09 01:02:05,568 - INFO - chart_engine.core.ibkr_data_fetcher - Chart data fetch complete source=IBKR symbol=RDW bars=349
2026-06-09 01:02:05,618 - INFO - chart_engine.drawings - Loaded global chart settings.
2026-06-09 01:02:05,620 - INFO - chart_engine.drawings - Saved global chart settings.
2026-06-09 01:02:05,629 - INFO - ibkr.core.main_window - Ensured subscription for chart symbol RDW
2026-06-09 01:02:05,629 - INFO - chart_engine.core.chart_widget - Chart seamlessly updated: RDW (349 candles)
2026-06-09 01:02:16,259 - INFO - ibkr.core.data_cache - US market-open cache flush complete; intraday entries cleared
2026-06-09 01:03:04,259 - INFO - chart_engine.core.ibkr_data_fetcher - Chart data source=IBKR symbol=RDW interval=60minute from=2026-04-19T15:33:04.259776-04:00 to=2026-06-08T15:33:04.259776-04:00 dedicated_history=True
2026-06-09 01:03:04,260 - INFO - chart_engine.core.ibkr_data_fetcher - Requesting IBKR historical data: RDW conId=512000171 bar=30 mins duration=50 D end=latest
2026-06-09 01:03:05,608 - INFO - chart_engine.core.ibkr_data_fetcher - Chart data fetch complete source=IBKR symbol=RDW bars=349
2026-06-09 01:03:05,638 - INFO - chart_engine.drawings - Loaded global chart settings.
2026-06-09 01:03:05,639 - INFO - chart_engine.drawings - Saved global chart settings.
2026-06-09 01:03:05,643 - INFO - ibkr.core.main_window - Ensured subscription for chart symbol RDW
2026-06-09 01:03:05,644 - INFO - chart_engine.core.chart_widget - Chart seamlessly updated: RDW (349 candles)
2026-06-09 01:03:06,950 - INFO - ibkr.core.shutdown_manager - closeEvent received — beginning fast IBKR shutdown
2026-06-09 01:03:06,951 - INFO - ibkr.core.shutdown_manager - === Fast IBKR window-close shutdown starting ===
2026-06-09 01:03:06,952 - INFO - ibkr.core.shutdown_manager - Shutdown: [save_window_state]…
2026-06-09 01:03:06,953 - INFO - ibkr.core.main_window - Window state saved
2026-06-09 01:03:06,953 - INFO - ibkr.core.shutdown_manager - Shutdown: [save_window_state] ✓
2026-06-09 01:03:06,955 - INFO - ibkr.core.shutdown_manager - Shutdown: [save_chart_state]…
2026-06-09 01:03:06,970 - INFO - ibkr.core.shutdown_manager - Shutdown: [save_chart_state] ✓
2026-06-09 01:03:06,970 - INFO - ibkr.core.shutdown_manager - Shutdown: [stop_remaining_timers]…
2026-06-09 01:03:06,984 - INFO - ibkr.core.shutdown_manager - Shutdown: [stop_remaining_timers] ✓
2026-06-09 01:03:06,984 - INFO - ibkr.core.shutdown_manager - === Fast IBKR window-close shutdown complete ===
2026-06-09 01:03:06,992 - INFO - __main__ - Shutting down and cleaning up resources...
2026-06-09 01:03:06,993 - INFO - __main__ - Skipping broker disconnect during fast window-close shutdown.
2026-06-09 01:03:06,993 - INFO - __main__ - Cleanup complete.
