2026-06-10 18:57:48,952 - INFO - login_setup.login_setup_config - qullamaggie v1.0.0 starting...
2026-06-10 18:57:48,953 - INFO - login_setup.login_setup_config - Logging to file: /home/kavi/Desktop/Python_Projects/swing_trader/logs/qullamaggie_20260610_185748.log
2026-06-10 18:57:48,953 - INFO - login_setup.login_setup_config - Fatal crash diagnostics enabled for all threads.
2026-06-10 18:57:48,953 - INFO - __main__ - 🚀 Starting qullamaggie Application...
2026-06-10 18:57:49,194 - INFO - __main__ - Application icon loaded from: /home/kavi/Desktop/Python_Projects/swing_trader/assets/qullamaggie_swing_trader_icon.svg
2026-06-10 18:57:51,700 - INFO - ib_insync.client - Connecting to 127.0.0.1:4002 with clientId 1...
2026-06-10 18:57:51,701 - INFO - ib_insync.client - Connected
2026-06-10 18:57:51,824 - INFO - ib_insync.client - Logged on to server version 176
2026-06-10 18:57:51,942 - INFO - ib_insync.client - API connection ready
2026-06-10 18:57:52,659 - INFO - __main__ - Authenticated for broker: america
2026-06-10 18:57:52,660 - INFO - __main__ - Initializing trading and data clients...
2026-06-10 18:57:52,660 - INFO - login_setup.broker_factory - Creating america client for live trading
2026-06-10 18:57:52,660 - INFO - login_setup.broker_factory - IBKR client created with accounts: ['DUQ624205']
2026-06-10 18:57:52,688 - INFO - ibkr.core.trading_client - Subscribed to IBKR real-time order events
2026-06-10 18:57:52,689 - INFO - ibkr.core.trading_client - IBKR trading client startup snapshots deferred; using local cache/event sync
2026-06-10 18:57:52,689 - INFO - __main__ - Trading client created; creating data client...
2026-06-10 18:57:52,689 - INFO - login_setup.broker_factory - Creating data client for america
2026-06-10 18:57:52,689 - INFO - __main__ - Data client created; validating connection state...
2026-06-10 18:57:52,689 - INFO - __main__ - Trading client connected: True
2026-06-10 18:57:52,691 - INFO - __main__ - Data client connected: True
2026-06-10 18:57:52,691 - INFO - __main__ - Clients initialized successfully.
2026-06-10 18:57:52,691 - INFO - login_setup.broker_factory - Added america client to manager
2026-06-10 18:57:52,692 - INFO - login_setup.broker_factory - Started connection monitoring for america
2026-06-10 18:57:52,692 - INFO - __main__ - Creating main window for america...
2026-06-10 18:57:52,692 - INFO - login_setup.broker_factory - Dynamically loading main window from: ibkr.core.main_window
2026-06-10 18:57:54,639 - INFO - ibkr.core.trade_logger - Trade history database for 'live' mode at: /home/kavi/.qullamaggie/trade_history_live.db
2026-06-10 18:57:54,640 - INFO - ibkr.core.trade_logger - TradeLogger initialized with background processing
2026-06-10 18:57:54,642 - INFO - ibkr.core.trade_logger - DatabaseWorker processing started
2026-06-10 18:57:54,653 - INFO - ibkr.core.trade_logger - Database initialization completed
2026-06-10 18:57:54,670 - INFO - ibkr.core.position_manager - ✅ Connected to trader.order_status_updated signal - orders will sync immediately
2026-06-10 18:57:54,670 - INFO - ibkr.core.position_manager - ✅ Connected to trader.position_updated signal - positions will sync immediately
2026-06-10 18:57:54,670 - INFO - ibkr.core.position_manager - ✅ Connected to trader.connection_status_changed signal
2026-06-10 18:57:54,787 - INFO - ibkr.widgets.scanner_table - Loaded 19 valid scan configurations
2026-06-10 18:57:54,809 - INFO - ibkr.widgets.scanner_table - Scanner table ready for context-aware navigation
2026-06-10 18:57:54,820 - INFO - ibkr.widgets.scanner_table - Running EOD Finviz scan: Semiconductors
2026-06-10 18:57:54,871 - INFO - chart_engine.core.ibkr_data_fetcher - Pre-warming dedicated IBKR history connection...
2026-06-10 18:57:54,877 - INFO - ib_insync.client - Connecting to 127.0.0.1:4002 with clientId 102...
2026-06-10 18:57:54,885 - INFO - chart_engine.drawings - Loaded global chart settings.
2026-06-10 18:57:55,392 - INFO - chart_engine.core.ibkr_data_fetcher - Chart data source=IBKR symbol=GFS interval=day from=2025-05-06T09:27:55.391861-04:00 to=2026-06-10T09:27:55.391861-04:00 dedicated_history=True
2026-06-10 18:57:55,552 - INFO - chart_engine.core.ibkr_data_fetcher - IBKR chart history connected on 127.0.0.1:4002 clientId=102
2026-06-10 18:57:55,904 - INFO - ibkr.core.data_cache - MarketAwareDataCache initialised for IBKR/US market time
2026-06-10 18:57:55,905 - INFO - chart_engine.core.ibkr_data_fetcher - Chart data source=IBKR symbol=GFS interval=60minute from=2026-04-21T09:27:55.905218-04:00 to=2026-06-10T09:27:55.905218-04:00 dedicated_history=True
2026-06-10 18:57:56,071 - INFO - chart_engine.drawings - Saved global chart settings.
2026-06-10 18:57:56,358 - INFO - ibkr.core.alert_management_system - Loaded 0 alerts from disk
2026-06-10 18:57:56,359 - INFO - ibkr.core.alert_management_system - AlertSystemManager ready
2026-06-10 18:57:56,359 - INFO - ibkr.core.alert_management_system - AlertEngine started
2026-06-10 18:57:56,359 - INFO - ibkr.core.main_window - Alert system initialized successfully.
2026-06-10 18:57:56,364 - INFO - ibkr.core.main_window - Connecting component signals...
2026-06-10 18:57:56,366 - INFO - ibkr.core.main_window - IBKR order lifecycle UI signals connected
2026-06-10 18:57:56,372 - INFO - ib_insync.client - Connecting to 127.0.0.1:4002 with clientId 101...
2026-06-10 18:57:56,384 - INFO - ibkr.core.main_window - Keyboard shortcuts initialized
2026-06-10 18:57:56,788 - INFO - ibkr.core.main_window - Window state restored
2026-06-10 18:57:56,792 - INFO - ibkr.core.market_data_worker - Dedicated IBKR market-data connection established on 127.0.0.1:4002 clientId=101
2026-06-10 18:57:56,792 - INFO - ibkr.core.main_window - Applied startup chart timeframes: left=day, right=60minute
2026-06-10 18:57:56,792 - INFO - ibkr.core.market_data_worker - IBKR MarketDataWorker started
2026-06-10 18:57:56,793 - INFO - ibkr.core.main_window - Simplified qullamaggie Window with Status Bar Initialized Successfully.
2026-06-10 18:57:56,794 - INFO - ibkr.core.market_data_worker - Requested IBKR delayed market data type (3); delayed fallback=False; generic ticks=''
2026-06-10 18:57:56,794 - INFO - __main__ - Main window created successfully.
2026-06-10 18:57:56,796 - INFO - chart_engine.core.ibkr_data_fetcher - Requesting IBKR historical data: GFS conId=523222624 bar=1 day duration=2 Y end=latest
2026-06-10 18:57:56,905 - INFO - chart_engine.core.ibkr_data_fetcher - Requesting IBKR historical data: GFS conId=523222624 bar=30 mins duration=50 D end=latest
2026-06-10 18:57:56,910 - INFO - __main__ - Starting application event loop.
2026-06-10 18:57:58,232 - INFO - ibkr.core.main_window - IBKR loader: Building initial instrument list...
2026-06-10 18:57:58,265 - WARNING - ibkr.core.main_window - IBKR market data is delayed (delayed); live subscription is unavailable.
2026-06-10 18:57:58,265 - INFO - ibkr.core.main_window - WebSocket connected. Setting up subscriptions.
2026-06-10 18:57:58,265 - INFO - ibkr.core.position_manager - Fetching positions from broker - Reason: ibkr_connected
2026-06-10 18:57:58,352 - INFO - ibkr.core.main_window - Added 20 widget market-data subscriptions (20 token-backed)
2026-06-10 18:57:58,357 - INFO - ibkr.core.position_manager - Position table changed: 20 open positions | open MTM -46826.16 | realized 0.00
2026-06-10 18:57:59,602 - INFO - ibkr.widgets.scanner_table - EOD Scan completed: 38 symbols with complete data
2026-06-10 18:57:59,727 - INFO - ibkr.core.main_window - Successfully loaded 4342 instruments.
2026-06-10 18:57:59,729 - INFO - ibkr.widgets.header_toolbar - Search index ready: 4342 instruments
2026-06-10 18:57:59,848 - INFO - ibkr.core.main_window - Instruments loaded successfully.
2026-06-10 18:57:59,880 - INFO - ibkr.core.main_window - IBKR loader: Loaded 181 symbols (qualifying in background...)
2026-06-10 18:58:02,140 - INFO - ibkr.core.market_data_worker - Subscribed IBKR market data: NVDA key=4815747 type=delayed
2026-06-10 18:58:02,153 - INFO - ibkr.core.market_data_worker - Subscribed IBKR market data: TACT key=6858145 type=delayed
2026-06-10 18:58:02,154 - INFO - ibkr.core.market_data_worker - Subscribed IBKR market data: BAX key=8111188 type=delayed
2026-06-10 18:58:02,154 - INFO - ibkr.core.market_data_worker - Subscribed IBKR market data: UMC key=46613372 type=delayed
2026-06-10 18:58:02,155 - INFO - ibkr.core.market_data_worker - Subscribed IBKR market data: TSLA key=76792991 type=delayed
2026-06-10 18:58:02,182 - INFO - ibkr.core.market_data_worker - Subscribed IBKR market data: PTCT key=129374415 type=delayed
2026-06-10 18:58:02,182 - INFO - ibkr.core.market_data_worker - Subscribed IBKR market data: HPQ key=209411801 type=delayed
2026-06-10 18:58:02,183 - INFO - ibkr.core.market_data_worker - Subscribed IBKR market data: DELL key=346218218 type=delayed
2026-06-10 18:58:02,183 - INFO - ibkr.core.market_data_worker - Subscribed IBKR market data: MTA key=395717235 type=delayed
2026-06-10 18:58:02,184 - INFO - ibkr.core.market_data_worker - Subscribed IBKR market data: DRS key=478483396 type=delayed
2026-06-10 18:58:02,216 - INFO - ibkr.core.market_data_worker - Subscribed IBKR market data: RDW key=512000171 type=delayed
2026-06-10 18:58:02,216 - INFO - ibkr.core.market_data_worker - Subscribed IBKR market data: IONQ key=517593749 type=delayed
2026-06-10 18:58:02,217 - INFO - ibkr.core.market_data_worker - Subscribed IBKR market data: GFS key=523222624 type=delayed
2026-06-10 18:58:02,237 - INFO - ibkr.core.market_data_worker - Subscribed IBKR market data: QBTS key=578031277 type=delayed
2026-06-10 18:58:02,238 - INFO - ibkr.core.market_data_worker - Subscribed IBKR market data: LUNR key=613910262 type=delayed
2026-06-10 18:58:02,238 - INFO - ibkr.core.market_data_worker - Subscribed IBKR market data: SIDU key=673368857 type=delayed
2026-06-10 18:58:02,239 - INFO - ibkr.core.market_data_worker - Subscribed IBKR market data: DPRO key=725468685 type=delayed
2026-06-10 18:58:02,239 - INFO - ibkr.core.market_data_worker - Subscribed IBKR market data: SNDK key=760250490 type=delayed
2026-06-10 18:58:02,240 - INFO - ibkr.core.market_data_worker - Subscribed IBKR market data: RKLB key=787273575 type=delayed
2026-06-10 18:58:02,243 - INFO - ibkr.core.market_data_worker - Subscribed IBKR market data: SPRC key=860471331 type=delayed
2026-06-10 18:58:02,472 - INFO - ibkr.widgets.scanner_table - EOD Scanner table updated with 38 symbols.
2026-06-10 18:58:02,582 - INFO - ibkr.core.position_manager - Fetching positions from broker - Reason: app_startup
2026-06-10 18:58:02,605 - INFO - ibkr.core.main_window - Position system initialized successfully
2026-06-10 18:58:02,613 - INFO - ibkr.core.network_monitor - NetworkMonitor started
2026-06-10 18:58:02,613 - INFO - ibkr.core.main_window - Network resilience layer initialized
2026-06-10 18:58:02,613 - INFO - ibkr.core.position_manager - Fetching positions from broker - Reason: instruments_loaded
2026-06-10 18:58:02,691 - INFO - ibkr.core.main_window - Chart auto-loading initiated
2026-06-10 18:58:02,692 - INFO - ibkr.core.main_window - Chart has active symbol GFS but no rendered data; retrying historical load (conId=symbol-lookup)
2026-06-10 18:58:02,959 - WARNING - ibkr.core.market_data_worker - IBKR market data notice for NVDA: Requested market data is not subscribed. Displaying delayed market data. (10167)
2026-06-10 18:58:03,098 - WARNING - ibkr.core.market_data_worker - IBKR market data notice for BAX: Requested market data is not subscribed. Displaying delayed market data. (10167)
2026-06-10 18:58:03,099 - WARNING - ibkr.core.market_data_worker - IBKR market data notice for UMC: Requested market data is not subscribed. Displaying delayed market data. (10167)
2026-06-10 18:58:03,099 - WARNING - ibkr.core.market_data_worker - IBKR market data notice for TSLA: Requested market data is not subscribed. Displaying delayed market data. (10167)
2026-06-10 18:58:03,100 - WARNING - ibkr.core.market_data_worker - IBKR market data notice for TACT: Requested market data is not subscribed. Displaying delayed market data. (10167)
2026-06-10 18:58:03,115 - INFO - chart_engine.core.ibkr_data_fetcher - Chart data source=IBKR symbol=GFS interval=day from=2025-05-06T09:28:03.115079-04:00 to=2026-06-10T09:28:03.115079-04:00 dedicated_history=True
2026-06-10 18:58:03,387 - WARNING - ibkr.core.market_data_worker - IBKR market data notice for PTCT: Requested market data is not subscribed. Displaying delayed market data. (10167)
2026-06-10 18:58:03,608 - WARNING - ibkr.core.market_data_worker - IBKR market data notice for HPQ: Requested market data is not subscribed. Displaying delayed market data. (10167)
2026-06-10 18:58:03,608 - WARNING - ibkr.core.market_data_worker - IBKR market data notice for DELL: Requested market data is not subscribed. Displaying delayed market data. (10167)
2026-06-10 18:58:03,677 - INFO - ibkr.core.main_window - Subscription universe changed: 24 instruments (20 token-backed, +24/-0) sources={'positions': 20, 'charts': 2, 'watchlist': 1, 'header': 2}
2026-06-10 18:58:03,712 - WARNING - ibkr.core.market_data_worker - IBKR market data notice for DRS: Requested market data is not subscribed. Displaying delayed market data. (10167)
2026-06-10 18:58:03,713 - WARNING - ibkr.core.market_data_worker - IBKR market data notice for MTA: Requested market data is not subscribed. Displaying delayed market data. (10167)
2026-06-10 18:58:03,787 - INFO - chart_engine.core.ibkr_data_fetcher - Chart data fetch complete source=IBKR symbol=GFS bars=275
2026-06-10 18:58:03,945 - WARNING - ibkr.core.market_data_worker - IBKR market data notice for RDW: Requested market data is not subscribed. Displaying delayed market data. (10167)
2026-06-10 18:58:04,042 - WARNING - ibkr.core.market_data_worker - IBKR market data notice for IONQ: Requested market data is not subscribed. Displaying delayed market data. (10167)
2026-06-10 18:58:04,043 - WARNING - ibkr.core.market_data_worker - IBKR market data notice for GFS: Requested market data is not subscribed. Displaying delayed market data. (10167)
2026-06-10 18:58:04,043 - WARNING - ibkr.core.market_data_worker - IBKR market data notice for QBTS: Requested market data is not subscribed. Displaying delayed market data. (10167)
2026-06-10 18:58:04,043 - WARNING - ibkr.core.market_data_worker - IBKR market data notice for LUNR: Requested market data is not subscribed. Displaying delayed market data. (10167)
2026-06-10 18:58:04,077 - WARNING - ibkr.core.market_data_worker - IBKR market data notice for SIDU: Requested market data is not subscribed. Displaying delayed market data. (10167)
2026-06-10 18:58:04,078 - WARNING - ibkr.core.market_data_worker - IBKR market data notice for DPRO: Requested market data is not subscribed. Displaying delayed market data. (10167)
2026-06-10 18:58:04,078 - WARNING - ibkr.core.market_data_worker - IBKR market data notice for SNDK: Requested market data is not subscribed. Displaying delayed market data. (10167)
2026-06-10 18:58:04,197 - WARNING - ibkr.core.market_data_worker - IBKR market data notice for RKLB: Requested market data is not subscribed. Displaying delayed market data. (10167)
2026-06-10 18:58:04,262 - WARNING - ibkr.core.market_data_worker - IBKR market data notice for SPRC: Requested market data is not subscribed. Displaying delayed market data. (10167)
2026-06-10 18:58:04,937 - WARNING - chart_engine.core.ibkr_data_fetcher - reqHistoricalDataAsync timed out after 8s on attempt 1/4 for GFS
2026-06-10 18:58:04,937 - WARNING - chart_engine.core.ibkr_data_fetcher - Empty bars attempt 1/4, retrying in 0.5s
2026-06-10 18:58:05,162 - INFO - chart_engine.drawings - Loaded state for GFS (day) — 0 drawings
2026-06-10 18:58:05,362 - INFO - ibkr.core.main_window - Chart panes revealed after initial symbol render: GFS
2026-06-10 18:58:05,362 - INFO - ibkr.core.main_window - Chart symbol changed to: GFS
2026-06-10 18:58:05,363 - INFO - ibkr.core.main_window - Added chart symbol GFS to subscription
2026-06-10 18:58:05,383 - INFO - ibkr.core.main_window - Ensured subscription for chart symbol GFS
2026-06-10 18:58:05,383 - INFO - chart_engine.core.chart_widget - Chart HTML loaded: GFS (275 candles)
2026-06-10 18:58:05,384 - INFO - ibkr.core.network_monitor - Network confirmed online at startup
2026-06-10 18:58:06,804 - INFO - ibkr.core.market_data_worker - Subscribed IBKR market data: SPY key=756733 type=delayed
2026-06-10 18:58:06,804 - INFO - ibkr.core.market_data_worker - Subscribed IBKR market data: QQQ key=320227571 type=delayed
2026-06-10 18:58:07,503 - WARNING - ibkr.core.market_data_worker - IBKR market data notice for SPY: Requested market data is not subscribed. Displaying delayed market data. (10167)
2026-06-10 18:58:07,504 - WARNING - ibkr.core.market_data_worker - IBKR market data notice for QQQ: Requested market data is not subscribed. Displaying delayed market data. (10167)
2026-06-10 18:58:08,630 - INFO - ibkr.core.market_data_worker - Subscribed IBKR market data: RMBS key=4031477 type=delayed
2026-06-10 18:58:08,772 - INFO - chart_engine.core.ibkr_data_fetcher - Chart data fetch complete source=IBKR symbol=GFS bars=343
2026-06-10 18:58:08,978 - INFO - chart_engine.drawings - Loaded state for GFS (60minute) — 0 drawings
2026-06-10 18:58:08,985 - WARNING - ibkr.core.market_data_worker - IBKR market data notice for RMBS: Requested market data is not subscribed. Displaying delayed market data. (10167)
2026-06-10 18:58:09,200 - INFO - chart_engine.core.chart_widget - Chart HTML loaded: GFS (343 candles)
2026-06-10 18:58:57,295 - INFO - chart_engine.core.ibkr_data_fetcher - Chart data source=IBKR symbol=CHWY interval=day from=2025-05-06T09:28:57.294828-04:00 to=2026-06-10T09:28:57.294828-04:00 dedicated_history=True
2026-06-10 18:58:57,388 - INFO - chart_engine.core.ibkr_data_fetcher - Chart data source=IBKR symbol=CHWY interval=60minute from=2026-04-21T09:28:57.388053-04:00 to=2026-06-10T09:28:57.388053-04:00 dedicated_history=True
2026-06-10 18:58:58,199 - INFO - chart_engine.core.ibkr_data_fetcher - Requesting IBKR historical data: CHWY conId=370766146 bar=1 day duration=2 Y end=latest
2026-06-10 18:58:58,502 - INFO - chart_engine.core.ibkr_data_fetcher - Requesting IBKR historical data: CHWY conId=370766146 bar=30 mins duration=50 D end=latest
2026-06-10 18:59:00,033 - INFO - chart_engine.core.ibkr_data_fetcher - Chart data fetch complete source=IBKR symbol=CHWY bars=275
2026-06-10 18:59:00,263 - INFO - chart_engine.drawings - Loaded global chart settings.
2026-06-10 18:59:00,267 - INFO - chart_engine.drawings - Saved global chart settings.
2026-06-10 18:59:00,278 - INFO - ibkr.core.main_window - Chart symbol changed to: CHWY
2026-06-10 18:59:00,279 - INFO - ibkr.core.main_window - Added chart symbol CHWY to subscription
2026-06-10 18:59:00,279 - INFO - ibkr.core.main_window - Ensured subscription for chart symbol CHWY
2026-06-10 18:59:00,279 - INFO - chart_engine.core.chart_widget - Chart seamlessly updated: CHWY (275 candles)
2026-06-10 18:59:00,617 - INFO - ibkr.core.market_data_worker - Subscribed IBKR market data: CHWY key=370766146 type=delayed
2026-06-10 18:59:00,713 - INFO - ibkr.core.main_window - Subscription universe changed: 24 instruments (20 token-backed, +1/-1) sources={'positions': 20, 'charts': 2, 'watchlist': 1, 'header': 2}
2026-06-10 18:59:01,137 - INFO - chart_engine.core.ibkr_data_fetcher - Chart data fetch complete source=IBKR symbol=CHWY bars=343
2026-06-10 18:59:01,221 - WARNING - ibkr.core.market_data_worker - IBKR market data notice for CHWY: Requested market data is not subscribed. Displaying delayed market data. (10167)
2026-06-10 18:59:01,224 - INFO - chart_engine.core.chart_widget - Chart seamlessly updated: CHWY (343 candles)
2026-06-10 18:59:19,780 - INFO - chart_engine.core.ibkr_data_fetcher - Chart data source=IBKR symbol=SMCI interval=day from=2025-05-06T09:29:19.780094-04:00 to=2026-06-10T09:29:19.780094-04:00 dedicated_history=True
2026-06-10 18:59:19,879 - INFO - chart_engine.core.ibkr_data_fetcher - Chart data source=IBKR symbol=SMCI interval=60minute from=2026-04-21T09:29:19.879461-04:00 to=2026-06-10T09:29:19.879461-04:00 dedicated_history=True
2026-06-10 18:59:20,688 - INFO - chart_engine.core.ibkr_data_fetcher - Requesting IBKR historical data: SMCI conId=731466419 bar=1 day duration=2 Y end=latest
2026-06-10 18:59:20,733 - INFO - chart_engine.core.ibkr_data_fetcher - Requesting IBKR historical data: SMCI conId=731466419 bar=30 mins duration=50 D end=latest
2026-06-10 18:59:23,050 - INFO - chart_engine.core.ibkr_data_fetcher - Chart data fetch complete source=IBKR symbol=SMCI bars=343
2026-06-10 18:59:23,064 - INFO - chart_engine.core.ibkr_data_fetcher - Chart data fetch complete source=IBKR symbol=SMCI bars=275
2026-06-10 18:59:23,194 - INFO - chart_engine.drawings - Loaded global chart settings.
2026-06-10 18:59:23,199 - INFO - chart_engine.drawings - Saved global chart settings.
2026-06-10 18:59:23,204 - INFO - ibkr.core.main_window - Ensured subscription for chart symbol SMCI
2026-06-10 18:59:23,204 - INFO - chart_engine.core.chart_widget - Chart seamlessly updated: SMCI (343 candles)
2026-06-10 18:59:23,268 - INFO - ibkr.core.main_window - Chart symbol changed to: SMCI
2026-06-10 18:59:23,269 - INFO - ibkr.core.main_window - Added chart symbol SMCI to subscription
2026-06-10 18:59:23,269 - INFO - chart_engine.core.chart_widget - Chart seamlessly updated: SMCI (275 candles)
2026-06-10 18:59:23,576 - INFO - ibkr.core.market_data_worker - Subscribed IBKR market data: SMCI key=731466419 type=delayed
2026-06-10 18:59:23,618 - INFO - ibkr.core.main_window - Subscription universe changed: 24 instruments (20 token-backed, +1/-1) sources={'positions': 20, 'charts': 2, 'watchlist': 1, 'header': 2}
2026-06-10 18:59:24,010 - WARNING - ibkr.core.market_data_worker - IBKR market data notice for SMCI: Requested market data is not subscribed. Displaying delayed market data. (10167)
2026-06-10 18:59:24,822 - INFO - ibkr.core.market_data_worker - Unsubscribed IBKR market data: CHWY
2026-06-10 18:59:25,119 - ERROR - ib_insync.wrapper - Error 300, reqId 126: Can't find EId with tickerId:126
2026-06-10 19:00:05,105 - INFO - chart_engine.core.ibkr_data_fetcher - Chart data source=IBKR symbol=SMCI interval=60minute from=2026-04-21T09:30:05.104928-04:00 to=2026-06-10T09:30:05.104928-04:00 dedicated_history=True
2026-06-10 19:00:05,113 - INFO - chart_engine.core.ibkr_data_fetcher - Requesting IBKR historical data: SMCI conId=731466419 bar=30 mins duration=50 D end=latest
2026-06-10 19:00:06,757 - INFO - chart_engine.core.ibkr_data_fetcher - Chart data fetch complete source=IBKR symbol=SMCI bars=343
2026-06-10 19:00:06,818 - INFO - chart_engine.drawings - Loaded global chart settings.
2026-06-10 19:00:06,819 - INFO - chart_engine.drawings - Saved global chart settings.
2026-06-10 19:00:06,823 - INFO - ibkr.core.main_window - Ensured subscription for chart symbol SMCI
2026-06-10 19:00:06,823 - INFO - chart_engine.core.chart_widget - Chart seamlessly updated: SMCI (343 candles)
2026-06-10 19:00:56,102 - INFO - ibkr.core.data_cache - US market-open cache flush complete; intraday entries cleared
2026-06-10 19:01:05,113 - INFO - chart_engine.core.ibkr_data_fetcher - Chart data source=IBKR symbol=SMCI interval=60minute from=2026-04-21T09:31:05.112767-04:00 to=2026-06-10T09:31:05.112767-04:00 dedicated_history=True
2026-06-10 19:01:05,114 - INFO - chart_engine.core.ibkr_data_fetcher - Requesting IBKR historical data: SMCI conId=731466419 bar=30 mins duration=50 D end=latest
2026-06-10 19:01:06,762 - INFO - chart_engine.core.ibkr_data_fetcher - Chart data fetch complete source=IBKR symbol=SMCI bars=343
2026-06-10 19:01:06,830 - INFO - chart_engine.drawings - Loaded global chart settings.
2026-06-10 19:01:06,832 - INFO - chart_engine.drawings - Saved global chart settings.
2026-06-10 19:01:06,839 - INFO - ibkr.core.main_window - Ensured subscription for chart symbol SMCI
2026-06-10 19:01:06,839 - INFO - chart_engine.core.chart_widget - Chart seamlessly updated: SMCI (343 candles)
2026-06-10 19:02:05,107 - INFO - chart_engine.core.ibkr_data_fetcher - Chart data source=IBKR symbol=SMCI interval=60minute from=2026-04-21T09:32:05.107278-04:00 to=2026-06-10T09:32:05.107278-04:00 dedicated_history=True
2026-06-10 19:02:05,108 - INFO - chart_engine.core.ibkr_data_fetcher - Requesting IBKR historical data: SMCI conId=731466419 bar=30 mins duration=50 D end=latest
2026-06-10 19:02:06,780 - INFO - chart_engine.core.ibkr_data_fetcher - Chart data fetch complete source=IBKR symbol=SMCI bars=343
2026-06-10 19:02:06,850 - INFO - chart_engine.drawings - Loaded global chart settings.
2026-06-10 19:02:06,852 - INFO - chart_engine.drawings - Saved global chart settings.
2026-06-10 19:02:06,858 - INFO - ibkr.core.main_window - Ensured subscription for chart symbol SMCI
2026-06-10 19:02:06,859 - INFO - chart_engine.core.chart_widget - Chart seamlessly updated: SMCI (343 candles)
2026-06-10 19:03:05,111 - INFO - chart_engine.core.ibkr_data_fetcher - Chart data source=IBKR symbol=SMCI interval=60minute from=2026-04-21T09:33:05.109562-04:00 to=2026-06-10T09:33:05.109562-04:00 dedicated_history=True
2026-06-10 19:03:05,118 - INFO - chart_engine.core.ibkr_data_fetcher - Requesting IBKR historical data: SMCI conId=731466419 bar=30 mins duration=50 D end=latest
2026-06-10 19:03:07,191 - INFO - chart_engine.core.ibkr_data_fetcher - Chart data fetch complete source=IBKR symbol=SMCI bars=343
2026-06-10 19:03:07,475 - INFO - chart_engine.drawings - Loaded global chart settings.
2026-06-10 19:03:07,477 - INFO - chart_engine.drawings - Saved global chart settings.
2026-06-10 19:03:07,490 - INFO - ibkr.core.main_window - Ensured subscription for chart symbol SMCI
2026-06-10 19:03:07,490 - INFO - chart_engine.core.chart_widget - Chart seamlessly updated: SMCI (343 candles)
2026-06-10 19:03:55,978 - INFO - chart_engine.core.ibkr_data_fetcher - Chart data source=IBKR symbol=BAX interval=day from=2025-05-06T09:33:55.978342-04:00 to=2026-06-10T09:33:55.978342-04:00 dedicated_history=True
2026-06-10 19:03:56,081 - INFO - chart_engine.core.ibkr_data_fetcher - Chart data source=IBKR symbol=BAX interval=60minute from=2026-04-21T09:33:56.081120-04:00 to=2026-06-10T09:33:56.081120-04:00 dedicated_history=True
2026-06-10 19:03:56,276 - INFO - chart_engine.core.ibkr_data_fetcher - Chart data source=IBKR symbol=BAX interval=day from=2025-05-06T09:33:56.275294-04:00 to=2026-06-10T09:33:56.275294-04:00 dedicated_history=True
2026-06-10 19:03:56,280 - INFO - chart_engine.core.ibkr_data_fetcher - Requesting IBKR historical data: BAX conId=8111188 bar=1 day duration=2 Y end=latest
2026-06-10 19:03:56,403 - INFO - chart_engine.core.ibkr_data_fetcher - Chart data source=IBKR symbol=BAX interval=60minute from=2026-04-21T09:33:56.403408-04:00 to=2026-06-10T09:33:56.403408-04:00 dedicated_history=True
2026-06-10 19:03:56,405 - INFO - chart_engine.core.ibkr_data_fetcher - Requesting IBKR historical data: BAX conId=8111188 bar=30 mins duration=50 D end=latest
2026-06-10 19:03:58,138 - INFO - chart_engine.core.ibkr_data_fetcher - Chart data fetch complete source=IBKR symbol=BAX bars=275
2026-06-10 19:03:58,286 - INFO - chart_engine.drawings - Loaded state for BAX (day) — 0 drawings
2026-06-10 19:03:58,287 - INFO - chart_engine.drawings - Loaded global chart settings.
2026-06-10 19:03:58,288 - INFO - chart_engine.drawings - Saved global chart settings.
2026-06-10 19:03:58,298 - INFO - ibkr.core.main_window - Chart symbol changed to: BAX
2026-06-10 19:03:58,299 - INFO - ibkr.core.main_window - Added chart symbol BAX to subscription
2026-06-10 19:03:58,301 - INFO - ibkr.core.main_window - Ensured subscription for chart symbol BAX
2026-06-10 19:03:58,303 - INFO - chart_engine.core.chart_widget - Chart seamlessly updated: BAX (275 candles)
2026-06-10 19:03:58,662 - INFO - ibkr.core.main_window - Subscription universe changed: 24 instruments (20 token-backed, +1/-1) sources={'positions': 20, 'charts': 2, 'watchlist': 1, 'header': 2}
2026-06-10 19:03:58,697 - INFO - ibkr.core.market_data_worker - Unsubscribed IBKR market data: SMCI
2026-06-10 19:03:58,854 - ERROR - ib_insync.wrapper - Error 300, reqId 159: Can't find EId with tickerId:159
2026-06-10 19:03:59,108 - INFO - chart_engine.core.ibkr_data_fetcher - Chart data fetch complete source=IBKR symbol=BAX bars=343
2026-06-10 19:03:59,265 - INFO - chart_engine.drawings - Loaded state for BAX (60minute) — 0 drawings
2026-06-10 19:03:59,281 - INFO - chart_engine.core.chart_widget - Chart seamlessly updated: BAX (343 candles)
2026-06-10 19:04:05,105 - INFO - chart_engine.core.ibkr_data_fetcher - Chart data source=IBKR symbol=BAX interval=60minute from=2026-04-21T09:34:05.105844-04:00 to=2026-06-10T09:34:05.105844-04:00 dedicated_history=True
2026-06-10 19:04:14,417 - INFO - ibkr.core.main_window - Floating positions dialog opened
2026-06-10 19:04:21,810 - INFO - ibkr.core.main_window - Ensured subscription for chart symbol BAX
2026-06-10 19:04:21,888 - INFO - chart_engine.drawings - Loaded state for BAX (day) — 0 drawings
2026-06-10 19:04:21,889 - INFO - chart_engine.drawings - Loaded global chart settings.
2026-06-10 19:04:21,890 - INFO - chart_engine.drawings - Saved global chart settings.
2026-06-10 19:04:21,896 - INFO - ibkr.core.main_window - Chart symbol changed to: BAX
2026-06-10 19:04:21,896 - INFO - ibkr.core.main_window - Added chart symbol BAX to subscription
2026-06-10 19:04:21,897 - INFO - chart_engine.core.chart_widget - Chart seamlessly updated: BAX (275 candles)
2026-06-10 19:04:21,984 - INFO - chart_engine.drawings - Loaded state for BAX (60minute) — 0 drawings
2026-06-10 19:04:21,992 - INFO - chart_engine.core.chart_widget - Chart seamlessly updated: BAX (343 candles)
2026-06-10 19:04:26,910 - INFO - ibkr.core.main_window - Added 1 widget market-data subscriptions (0 token-backed)
2026-06-10 19:04:26,914 - INFO - ibkr.core.chart_lines_manager - Updated stop-loss line for BAX @ 19.61
2026-06-10 19:04:26,917 - INFO - ibkr.core.stop_loss_manager - SL set: BAX @ $19.61 (FULL, 0.82% from avg $19.45)
2026-06-10 19:04:46,553 - INFO - chart_engine.drawings - Loaded state for BAX (60minute) — 1 drawings
2026-06-10 19:04:46,558 - INFO - chart_engine.drawings - Saved state for BAX (60minute) — 1 drawings
2026-06-10 19:04:53,914 - INFO - chart_engine.core.chart_bridge - ChartBridge: stop-loss price updated from chart: {"symbol":"BAX","old_price":19.61,"new_price":19.795339898500774}
2026-06-10 19:05:00,698 - INFO - ibkr.core.main_window - Floating positions dialog opened
2026-06-10 19:05:05,105 - INFO - chart_engine.core.ibkr_data_fetcher - Chart data source=IBKR symbol=BAX interval=60minute from=2026-04-21T09:35:05.105158-04:00 to=2026-06-10T09:35:05.105158-04:00 dedicated_history=True
2026-06-10 19:05:05,110 - INFO - chart_engine.core.ibkr_data_fetcher - Requesting IBKR historical data: BAX conId=8111188 bar=30 mins duration=50 D end=latest
2026-06-10 19:05:06,365 - INFO - chart_engine.core.ibkr_data_fetcher - Chart data fetch complete source=IBKR symbol=BAX bars=343
2026-06-10 19:05:06,404 - INFO - chart_engine.drawings - Loaded state for BAX (60minute) — 1 drawings
2026-06-10 19:05:06,405 - INFO - chart_engine.drawings - Loaded global chart settings.
2026-06-10 19:05:06,406 - INFO - chart_engine.drawings - Saved global chart settings.
2026-06-10 19:05:06,410 - INFO - ibkr.core.main_window - Ensured subscription for chart symbol BAX
2026-06-10 19:05:06,411 - INFO - chart_engine.core.chart_widget - Chart seamlessly updated: BAX (343 candles)
2026-06-10 19:05:15,058 - INFO - chart_engine.drawings - Saved state for BAX (60minute) — 1 drawings
2026-06-10 19:05:15,532 - INFO - chart_engine.core.chart_bridge - ChartBridge: stop-loss price updated from chart: {"symbol":"BAX","old_price":19.795339898500774,"new_price":19.7286175350405}
2026-06-10 19:05:19,708 - INFO - chart_engine.core.chart_bridge - ChartBridge: stop-loss price updated from chart: {"symbol":"BAX","old_price":19.7286175350405,"new_price":19.876889453841116}
2026-06-10 19:06:05,107 - INFO - chart_engine.core.ibkr_data_fetcher - Chart data source=IBKR symbol=BAX interval=60minute from=2026-04-21T09:36:05.107177-04:00 to=2026-06-10T09:36:05.107177-04:00 dedicated_history=True
2026-06-10 19:06:05,108 - INFO - chart_engine.core.ibkr_data_fetcher - Requesting IBKR historical data: BAX conId=8111188 bar=30 mins duration=50 D end=latest
2026-06-10 19:06:06,561 - INFO - chart_engine.core.ibkr_data_fetcher - Chart data fetch complete source=IBKR symbol=BAX bars=343
2026-06-10 19:06:06,640 - INFO - chart_engine.drawings - Loaded state for BAX (60minute) — 1 drawings
2026-06-10 19:06:06,640 - INFO - chart_engine.drawings - Loaded global chart settings.
2026-06-10 19:06:06,641 - INFO - chart_engine.drawings - Saved global chart settings.
2026-06-10 19:06:06,648 - INFO - ibkr.core.main_window - Ensured subscription for chart symbol BAX
2026-06-10 19:06:06,650 - INFO - chart_engine.core.chart_widget - Chart seamlessly updated: BAX (343 candles)
2026-06-10 19:07:05,107 - INFO - chart_engine.core.ibkr_data_fetcher - Chart data source=IBKR symbol=BAX interval=60minute from=2026-04-21T09:37:05.107531-04:00 to=2026-06-10T09:37:05.107531-04:00 dedicated_history=True
2026-06-10 19:07:05,108 - INFO - chart_engine.core.ibkr_data_fetcher - Requesting IBKR historical data: BAX conId=8111188 bar=30 mins duration=50 D end=latest
2026-06-10 19:07:06,795 - INFO - chart_engine.core.ibkr_data_fetcher - Chart data fetch complete source=IBKR symbol=BAX bars=343
2026-06-10 19:07:06,884 - INFO - chart_engine.drawings - Loaded state for BAX (60minute) — 1 drawings
2026-06-10 19:07:06,885 - INFO - chart_engine.drawings - Loaded global chart settings.
2026-06-10 19:07:06,887 - INFO - chart_engine.drawings - Saved global chart settings.
2026-06-10 19:07:06,894 - INFO - ibkr.core.main_window - Ensured subscription for chart symbol BAX
2026-06-10 19:07:06,898 - INFO - chart_engine.core.chart_widget - Chart seamlessly updated: BAX (343 candles)
2026-06-10 19:07:13,639 - INFO - ibkr.core.shutdown_manager - closeEvent received — beginning fast IBKR shutdown
2026-06-10 19:07:13,640 - INFO - ibkr.core.shutdown_manager - === Fast IBKR window-close shutdown starting ===
2026-06-10 19:07:13,640 - INFO - ibkr.core.shutdown_manager - Shutdown: [save_window_state]…
2026-06-10 19:07:13,643 - INFO - ibkr.core.main_window - Window state saved
2026-06-10 19:07:13,644 - INFO - ibkr.core.shutdown_manager - Shutdown: [save_window_state] ✓
2026-06-10 19:07:13,651 - INFO - ibkr.core.shutdown_manager - Shutdown: [save_chart_state]…
2026-06-10 19:07:13,826 - INFO - ibkr.core.shutdown_manager - Shutdown: [save_chart_state] ✓
2026-06-10 19:07:13,827 - INFO - ibkr.core.shutdown_manager - Shutdown: [stop_remaining_timers]…
2026-06-10 19:07:13,897 - INFO - ibkr.core.shutdown_manager - Shutdown: [stop_remaining_timers] ✓
2026-06-10 19:07:13,898 - INFO - ibkr.core.shutdown_manager - === Fast IBKR window-close shutdown complete ===
2026-06-10 19:07:13,927 - INFO - __main__ - Shutting down and cleaning up resources...
2026-06-10 19:07:13,931 - INFO - __main__ - Skipping broker disconnect during fast window-close shutdown.
2026-06-10 19:07:13,931 - INFO - __main__ - Cleanup complete.
