2026-06-10 23:51:01,225 - INFO - login_setup.login_setup_config - qullamaggie v1.0.0 starting...
2026-06-10 23:51:01,225 - INFO - login_setup.login_setup_config - Logging to file: /home/kavi/Desktop/Python_Projects/swing_trader/logs/qullamaggie_20260610_235101.log
2026-06-10 23:51:01,226 - INFO - login_setup.login_setup_config - Fatal crash diagnostics enabled for all threads.
2026-06-10 23:51:01,226 - INFO - __main__ - 🚀 Starting qullamaggie Application...
2026-06-10 23:51:01,360 - INFO - __main__ - Application icon loaded from: /home/kavi/Desktop/Python_Projects/swing_trader/assets/qullamaggie_swing_trader_icon.svg
2026-06-10 23:51:44,222 - INFO - login_setup.token_manager - Saved india credentials
2026-06-10 23:51:44,235 - INFO - login_setup.dual_mode_login_manager - Kite request token server started on ports [8765, 5678]
2026-06-10 23:51:53,289 - INFO - login_setup.dual_mode_login_manager - Request token auto-captured from browser callback.
2026-06-10 23:51:53,848 - INFO - login_setup.token_manager - Saved india session (paper)
2026-06-10 23:51:53,856 - INFO - __main__ - Authenticated for broker: india
2026-06-10 23:51:53,857 - INFO - __main__ - Initializing trading and data clients...
2026-06-10 23:51:53,857 - INFO - login_setup.broker_factory - Creating india client for paper trading
2026-06-10 23:51:53,930 - INFO - kite.utils.base_paper_trader - BasePaperTrader (kite) initialised — balance: ₹1,000,000.00
2026-06-10 23:51:53,930 - INFO - __main__ - Trading client created; creating data client...
2026-06-10 23:51:53,930 - INFO - login_setup.broker_factory - Creating data client for india
2026-06-10 23:51:53,952 - INFO - kite.core.relay_integration - No routing config found — using direct Kite client
2026-06-10 23:51:53,952 - INFO - __main__ - Data client created; validating connection state...
2026-06-10 23:51:53,953 - INFO - __main__ - Trading client connected: True
2026-06-10 23:51:54,356 - INFO - __main__ - Data client connected: True
2026-06-10 23:51:54,356 - INFO - __main__ - Clients initialized successfully.
2026-06-10 23:51:54,357 - INFO - login_setup.broker_factory - Added india client to manager
2026-06-10 23:51:54,357 - INFO - __main__ - Creating main window for india...
2026-06-10 23:51:54,357 - INFO - login_setup.broker_factory - Dynamically loading main window from: kite.core.main_window
2026-06-10 23:51:55,456 - INFO - kite.core.trade_logger - TradeLogger [kite/paper] → /home/kavi/.qullamaggie/trade_history_kite_paper.db
2026-06-10 23:51:55,553 - INFO - kite.core.position_manager - PositionManager: WebSocket available — order tracking via WS postbacks
2026-06-10 23:51:55,553 - INFO - kite.utils.paper_trading_manager - KitePaperTradingManager integrated — unified order pipeline active
2026-06-10 23:51:55,592 - INFO - kite.widgets.scanner_table - Creating default scan configuration at: /home/kavi/.qullamaggie/storage/user_data/kite/live/chartink_scans.json
2026-06-10 23:51:55,592 - INFO - kite.widgets.scanner_table - Saved 1 scans to /home/kavi/.qullamaggie/storage/user_data/kite/live/chartink_scans.json
2026-06-10 23:51:55,604 - INFO - kite.widgets.scanner_table - Scanner table ready for context-aware navigation
2026-06-10 23:51:55,610 - INFO - kite.widgets.scanner_table - Running EOD Chartink scan: Example: Above 20 SMA
2026-06-10 23:51:55,612 - INFO - chart_engine.drawings - Loaded global chart settings.
2026-06-10 23:51:55,812 - INFO - chart_engine.core.chart_widget - Deferring chart load for AGIIL until instruments are available
2026-06-10 23:51:55,943 - INFO - kite.core.data_cache - MarketAwareDataCache initialised (IST-aware, daily-bars exempt from pre-market eviction)
2026-06-10 23:51:56,061 - INFO - chart_engine.drawings - Saved global chart settings.
2026-06-10 23:51:56,246 - INFO - kite.core.alert_management_system - Loaded 0 alerts from disk
2026-06-10 23:51:56,246 - INFO - kite.core.alert_management_system - AlertSystemManager ready
2026-06-10 23:51:56,247 - INFO - kite.core.alert_management_system - AlertEngine started
2026-06-10 23:51:56,247 - INFO - kite.core.main_window - Alert system initialized successfully.
2026-06-10 23:51:56,248 - INFO - kite.core.market_data_worker - MarketDataWorker starting…
2026-06-10 23:51:56,249 - INFO - kite.core.instrument_loader - Attempt 1: Loading instruments...
2026-06-10 23:51:56,249 - INFO - kite.core.instrument_loader - Fetching NSE instruments...
2026-06-10 23:51:56,256 - INFO - kite.core.main_window - Connecting component signals...
2026-06-10 23:51:56,268 - INFO - kite.core.main_window - Keyboard shortcuts initialized
2026-06-10 23:51:56,458 - INFO - kite.core.main_window - Applied startup dual-chart timeframes: left=day, right=60minute
2026-06-10 23:51:56,459 - INFO - kite.core.main_window - Simplified qullamaggie Window with Status Bar Initialized Successfully.
2026-06-10 23:51:56,460 - INFO - __main__ - Main window created successfully.
2026-06-10 23:51:56,555 - INFO - __main__ - Starting application event loop.
2026-06-10 23:51:56,559 - INFO - kite.widgets.scanner_table - EOD Scan completed: 171 symbols with complete data
2026-06-10 23:51:57,060 - INFO - kite.core.main_window - Instruments: Fetching fresh instruments from API...
2026-06-10 23:51:57,061 - INFO - kite.core.main_window - Instruments: Attempt 1/5: Fetching instruments...
2026-06-10 23:51:57,062 - INFO - kite.core.main_window - Instruments: Fetching NSE instruments...
2026-06-10 23:51:57,213 - INFO - kite.core.market_data_worker - WebSocket connected — subscribing instruments
2026-06-10 23:51:57,240 - INFO - kite.core.instrument_loader - Fetched 9812 instruments from NSE
2026-06-10 23:51:57,241 - INFO - kite.core.instrument_loader - Fetching BSE instruments...
2026-06-10 23:51:57,333 - INFO - kite.widgets.scanner_table - EOD Scanner table updated with 171 symbols.
2026-06-10 23:51:57,697 - INFO - kite.core.instrument_loader - Fetched 12589 instruments from BSE
2026-06-10 23:51:57,699 - INFO - kite.core.instrument_loader - Successfully fetched 22401 total instruments
2026-06-10 23:51:57,761 - INFO - kite.core.instrument_loader - Cached 22401 instruments
2026-06-10 23:51:57,926 - INFO - kite.core.main_window - WebSocket connected. Setting up subscriptions.
2026-06-10 23:51:57,927 - INFO - kite.core.main_window - Instruments: Fetching BSE instruments...
2026-06-10 23:51:57,963 - INFO - kite.core.main_window - Instruments: Loaded 22401 instruments successfully
2026-06-10 23:51:58,233 - INFO - kite.core.main_window - Watchlist changed - updating subscriptions
2026-06-10 23:51:58,244 - INFO - kite.core.main_window - Added 0 watchlist tokens
2026-06-10 23:51:58,244 - INFO - kite.core.main_window - Updated subscription universe to 0 tokens
2026-06-10 23:51:58,600 - INFO - kite.core.main_window - Position system initialized successfully
2026-06-10 23:51:58,831 - INFO - kite.core.chart_lines_manager - Removed position line for PNBHOUSING
2026-06-10 23:51:58,905 - INFO - kite.core.chart_lines_manager - Removed position line for HFCL
2026-06-10 23:51:59,776 - INFO - kite.core.network_monitor - NetworkMonitor started
2026-06-10 23:51:59,776 - INFO - kite.core.main_window - Network resilience layer initialized
2026-06-10 23:52:00,143 - INFO - kite.core.main_window - Successfully loaded 22401 instruments.
2026-06-10 23:52:00,144 - INFO - kite.widgets.header_toolbar - Search index ready: 20133 instruments
2026-06-10 23:52:00,155 - INFO - chart_engine.core.chart_widget - Resolved token for restored symbol AGIIL after instrument load
2026-06-10 23:52:00,216 - INFO - kite.utils.paper_trading_manager - PaperTradingManager: loaded 20133 instruments
2026-06-10 23:52:00,216 - INFO - kite.core.main_window - Paper trader instrument map updated
2026-06-10 23:52:00,271 - INFO - kite.core.main_window - Instruments loaded successfully.
2026-06-10 23:52:00,530 - INFO - kite.core.main_window - Added chart token: 6257921
2026-06-10 23:52:00,579 - INFO - kite.core.main_window - Added 2 header ticker tokens
2026-06-10 23:52:00,580 - INFO - kite.core.main_window - Updated subscription universe to 3 tokens
2026-06-10 23:52:00,704 - INFO - chart_engine.drawings - Loaded state for AGIIL (day) — 0 drawings
2026-06-10 23:52:00,764 - INFO - kite.core.main_window - Chart panes revealed after initial symbol render: AGIIL
2026-06-10 23:52:00,764 - INFO - kite.core.main_window - Chart symbol changed to: AGIIL
2026-06-10 23:52:00,764 - INFO - kite.core.main_window - Added chart symbol AGIIL to subscription
2026-06-10 23:52:00,765 - INFO - chart_engine.core.chart_widget - Chart HTML loaded: AGIIL (472 candles)
2026-06-10 23:52:00,833 - INFO - chart_engine.drawings - Loaded state for AGIIL (60minute) — 0 drawings
2026-06-10 23:52:00,892 - INFO - chart_engine.core.chart_widget - Chart HTML loaded: AGIIL (462 candles)
2026-06-10 23:52:00,950 - INFO - kite.core.network_monitor - Network confirmed online at startup
2026-06-10 23:52:01,221 - INFO - kite.core.main_window - Chart auto-loading initiated
2026-06-10 23:52:25,403 - INFO - kite.core.main_window - Watchlist changed - updating subscriptions
2026-06-10 23:52:25,404 - INFO - kite.core.main_window - Added chart token: 6257921
2026-06-10 23:52:25,405 - INFO - kite.core.main_window - Added 0 watchlist tokens
2026-06-10 23:52:25,488 - INFO - kite.core.main_window - Added 2 header ticker tokens
2026-06-10 23:52:25,488 - INFO - kite.core.main_window - Updated subscription universe to 3 tokens
2026-06-10 23:52:29,177 - INFO - chart_engine.drawings - Loaded global chart settings.
2026-06-10 23:52:29,179 - INFO - chart_engine.drawings - Saved global chart settings.
2026-06-10 23:52:29,285 - INFO - chart_engine.drawings - Loaded state for AGIIL (60minute) — 0 drawings
2026-06-10 23:52:29,292 - INFO - chart_engine.core.chart_widget - Chart seamlessly updated: AGIIL (462 candles)
2026-06-10 23:52:30,120 - INFO - kite.core.main_window - Added 1 new tokens to subscription
2026-06-10 23:52:30,721 - INFO - chart_engine.drawings - Loaded state for ADANIGREEN (60minute) — 0 drawings
2026-06-10 23:52:30,768 - INFO - chart_engine.core.chart_widget - Chart seamlessly updated: ADANIGREEN (462 candles)
2026-06-10 23:52:30,872 - INFO - chart_engine.drawings - Loaded state for ADANIGREEN (day) — 0 drawings
2026-06-10 23:52:30,884 - INFO - kite.core.main_window - Chart symbol changed to: ADANIGREEN
2026-06-10 23:52:30,884 - INFO - kite.core.main_window - Added chart symbol ADANIGREEN to subscription
2026-06-10 23:52:30,885 - INFO - chart_engine.core.chart_widget - Chart seamlessly updated: ADANIGREEN (677 candles)
2026-06-10 23:52:31,200 - INFO - kite.core.main_window - Added chart token: 912129
2026-06-10 23:52:32,206 - INFO - chart_engine.core.chart_widget - Chart seamlessly updated: ADANIPORTS (462 candles)
2026-06-10 23:52:32,286 - INFO - kite.core.main_window - Chart symbol changed to: ADANIPORTS
2026-06-10 23:52:32,286 - INFO - kite.core.main_window - Added chart symbol ADANIPORTS to subscription
2026-06-10 23:52:32,287 - INFO - chart_engine.core.chart_widget - Chart seamlessly updated: ADANIPORTS (677 candles)
2026-06-10 23:52:32,602 - INFO - kite.core.main_window - Added chart token: 3861249
2026-06-10 23:52:33,455 - INFO - chart_engine.core.chart_widget - Chart seamlessly updated: AEGISLOG (462 candles)
2026-06-10 23:52:33,504 - INFO - kite.core.main_window - Chart symbol changed to: AEGISLOG
2026-06-10 23:52:33,504 - INFO - kite.core.main_window - Added chart symbol AEGISLOG to subscription
2026-06-10 23:52:33,505 - INFO - chart_engine.core.chart_widget - Chart seamlessly updated: AEGISLOG (677 candles)
2026-06-10 23:52:33,803 - INFO - kite.core.main_window - Added chart token: 10241
2026-06-10 23:52:34,393 - INFO - chart_engine.core.chart_widget - Chart seamlessly updated: AFCONS (462 candles)
2026-06-10 23:52:34,452 - INFO - kite.core.main_window - Chart symbol changed to: AFCONS
2026-06-10 23:52:34,452 - INFO - kite.core.main_window - Added chart symbol AFCONS to subscription
2026-06-10 23:52:34,452 - INFO - chart_engine.core.chart_widget - Chart seamlessly updated: AFCONS (395 candles)
2026-06-10 23:52:34,768 - INFO - kite.core.main_window - Added chart token: 6650113
2026-06-10 23:52:35,473 - INFO - chart_engine.core.chart_widget - Chart seamlessly updated: AIAENG (462 candles)
2026-06-10 23:52:35,571 - INFO - kite.core.main_window - Chart symbol changed to: AIAENG
2026-06-10 23:52:35,571 - INFO - kite.core.main_window - Added chart symbol AIAENG to subscription
2026-06-10 23:52:35,572 - INFO - chart_engine.core.chart_widget - Chart seamlessly updated: AIAENG (677 candles)
2026-06-10 23:52:35,887 - INFO - kite.core.main_window - Added chart token: 3350017
2026-06-10 23:52:36,697 - INFO - chart_engine.core.chart_widget - Chart seamlessly updated: AJANTPHARM (462 candles)
2026-06-10 23:52:36,866 - INFO - kite.core.main_window - Chart symbol changed to: AJANTPHARM
2026-06-10 23:52:36,866 - INFO - kite.core.main_window - Added chart symbol AJANTPHARM to subscription
2026-06-10 23:52:36,867 - INFO - chart_engine.core.chart_widget - Chart seamlessly updated: AJANTPHARM (677 candles)
2026-06-10 23:52:37,182 - INFO - kite.core.main_window - Added chart token: 2079745
2026-06-10 23:52:40,863 - INFO - chart_engine.core.chart_widget - Chart seamlessly updated: AMBER (462 candles)
2026-06-10 23:52:41,005 - INFO - kite.core.main_window - Chart symbol changed to: AMBER
2026-06-10 23:52:41,005 - INFO - kite.core.main_window - Added chart symbol AMBER to subscription
2026-06-10 23:52:41,006 - INFO - chart_engine.core.chart_widget - Chart seamlessly updated: AMBER (677 candles)
2026-06-10 23:52:41,303 - INFO - kite.core.main_window - Added chart token: 303361
2026-06-10 23:52:42,102 - INFO - kite.core.main_window - Chart symbol changed to: ANANTRAJ
2026-06-10 23:52:42,103 - INFO - kite.core.main_window - Added chart symbol ANANTRAJ to subscription
2026-06-10 23:52:42,103 - INFO - chart_engine.core.chart_widget - Chart seamlessly updated: ANANTRAJ (677 candles)
2026-06-10 23:52:42,159 - INFO - chart_engine.core.chart_widget - Chart seamlessly updated: ANANTRAJ (462 candles)
2026-06-10 23:52:42,403 - INFO - kite.core.main_window - Added chart token: 3486721
2026-06-10 23:52:43,138 - INFO - chart_engine.drawings - Loaded state for ANGELONE (60minute) — 0 drawings
2026-06-10 23:52:43,187 - INFO - chart_engine.core.chart_widget - Chart seamlessly updated: ANGELONE (462 candles)
2026-06-10 23:52:43,239 - INFO - chart_engine.drawings - Loaded state for ANGELONE (day) — 0 drawings
2026-06-10 23:52:43,249 - INFO - kite.core.main_window - Chart symbol changed to: ANGELONE
2026-06-10 23:52:43,249 - INFO - kite.core.main_window - Added chart symbol ANGELONE to subscription
2026-06-10 23:52:43,249 - INFO - chart_engine.core.chart_widget - Chart seamlessly updated: ANGELONE (677 candles)
2026-06-10 23:52:43,535 - INFO - kite.core.main_window - Added chart token: 82945
2026-06-10 23:52:44,217 - INFO - kite.core.main_window - Chart symbol changed to: APARINDS
2026-06-10 23:52:44,218 - INFO - kite.core.main_window - Added chart symbol APARINDS to subscription
2026-06-10 23:52:44,218 - INFO - chart_engine.core.chart_widget - Chart seamlessly updated: APARINDS (677 candles)
2026-06-10 23:52:44,281 - INFO - chart_engine.core.chart_widget - Chart seamlessly updated: APARINDS (462 candles)
2026-06-10 23:52:44,504 - INFO - kite.core.main_window - Added chart token: 2941697
2026-06-10 23:52:45,798 - INFO - chart_engine.core.chart_widget - Chart seamlessly updated: APOLLOHOSP (462 candles)
2026-06-10 23:52:45,943 - INFO - kite.core.main_window - Chart symbol changed to: APOLLOHOSP
2026-06-10 23:52:45,943 - INFO - kite.core.main_window - Added chart symbol APOLLOHOSP to subscription
2026-06-10 23:52:45,944 - INFO - chart_engine.core.chart_widget - Chart seamlessly updated: APOLLOHOSP (677 candles)
2026-06-10 23:52:46,229 - INFO - kite.core.main_window - Added chart token: 40193
2026-06-10 23:52:56,103 - INFO - kite.core.data_cache - Market-open flush complete (IST date=2026-06-10, IST time=23:52:56.103077) — intraday cache entries cleared (daily/weekly/monthly entries preserved)
2026-06-10 23:52:56,500 - INFO - kite.core.main_window - Floating positions dialog opened
2026-06-10 23:53:04,418 - INFO - chart_engine.drawings - Loaded global chart settings.
2026-06-10 23:53:04,419 - INFO - chart_engine.drawings - Saved global chart settings.
2026-06-10 23:53:04,428 - INFO - chart_engine.core.chart_widget - Chart seamlessly updated: APOLLOHOSP (462 candles)
2026-06-10 23:53:25,403 - INFO - kite.core.main_window - Watchlist changed - updating subscriptions
2026-06-10 23:53:25,403 - INFO - kite.core.main_window - Added chart token: 40193
2026-06-10 23:53:25,404 - INFO - kite.core.main_window - Added 0 watchlist tokens
2026-06-10 23:53:25,489 - INFO - kite.core.main_window - Added 2 header ticker tokens
2026-06-10 23:53:25,489 - INFO - kite.core.main_window - Updated subscription universe to 3 tokens
2026-06-10 23:53:55,403 - INFO - kite.core.main_window - Watchlist changed - updating subscriptions
2026-06-10 23:53:55,403 - INFO - kite.core.main_window - Added chart token: 40193
2026-06-10 23:53:55,404 - INFO - kite.core.main_window - Added 0 watchlist tokens
2026-06-10 23:53:55,457 - INFO - kite.core.main_window - Added 2 header ticker tokens
2026-06-10 23:53:55,457 - INFO - kite.core.main_window - Updated subscription universe to 3 tokens
2026-06-10 23:54:05,379 - INFO - chart_engine.drawings - Loaded global chart settings.
2026-06-10 23:54:05,380 - INFO - chart_engine.drawings - Saved global chart settings.
2026-06-10 23:54:05,390 - INFO - chart_engine.core.chart_widget - Chart seamlessly updated: APOLLOHOSP (462 candles)
2026-06-10 23:54:25,403 - INFO - kite.core.main_window - Watchlist changed - updating subscriptions
2026-06-10 23:54:25,404 - INFO - kite.core.main_window - Added chart token: 40193
2026-06-10 23:54:25,404 - INFO - kite.core.main_window - Added 0 watchlist tokens
2026-06-10 23:54:25,493 - INFO - kite.core.main_window - Added 2 header ticker tokens
2026-06-10 23:54:25,493 - INFO - kite.core.main_window - Updated subscription universe to 3 tokens
2026-06-10 23:54:47,649 - INFO - kite.core.shutdown_manager - closeEvent received — beginning graceful shutdown
2026-06-10 23:54:47,650 - INFO - kite.core.shutdown_manager - === Application shutdown sequence starting ===
2026-06-10 23:54:47,650 - INFO - kite.core.shutdown_manager - Shutdown: [save_window_state]…
2026-06-10 23:54:47,652 - INFO - kite.core.main_window - Window state saved
2026-06-10 23:54:47,653 - INFO - kite.core.shutdown_manager - Shutdown: [save_window_state] ✓
2026-06-10 23:54:47,655 - INFO - kite.core.shutdown_manager - Shutdown: [stop_alert_system]…
2026-06-10 23:54:47,656 - INFO - kite.core.alert_management_system - AlertEngine stopped
2026-06-10 23:54:47,657 - INFO - kite.core.alert_management_system - AlertSystemManager stopped
2026-06-10 23:54:47,657 - INFO - kite.core.shutdown_manager - Shutdown: [stop_alert_system] ✓
2026-06-10 23:54:47,657 - INFO - kite.core.shutdown_manager - Shutdown: [stop_chart_operations]…
2026-06-10 23:54:47,658 - INFO - kite.core.shutdown_manager - Shutdown: [stop_chart_operations] ✓
2026-06-10 23:54:47,658 - INFO - kite.core.shutdown_manager - Shutdown: [stop_position_manager]…
2026-06-10 23:54:47,659 - INFO - kite.core.position_manager - PositionManager stopped
2026-06-10 23:54:47,659 - INFO - kite.core.shutdown_manager - Shutdown: [stop_position_manager] ✓
2026-06-10 23:54:47,660 - INFO - kite.core.shutdown_manager - Shutdown: [stop_sl_manager]…
2026-06-10 23:54:47,660 - INFO - kite.core.shutdown_manager - Shutdown: [stop_sl_manager] ✓
2026-06-10 23:54:47,660 - INFO - kite.core.shutdown_manager - Shutdown: [stop_market_data_worker]…
2026-06-10 23:54:47,661 - WARNING - kite.core.shutdown_manager - Cancel subscriptions failed (non-critical): 'MarketDataWorker' object has no attribute '_cancel_all_subscriptions'
2026-06-10 23:54:47,661 - INFO - kite.core.market_data_worker - Stopping IBKR MarketDataWorker…
2026-06-10 23:54:47,662 - ERROR - kite.core.shutdown_manager - MarketDataWorker.stop() raised: 'MarketDataWorker' object has no attribute '_commands'
2026-06-10 23:54:47,662 - INFO - kite.core.shutdown_manager - Shutdown: [stop_market_data_worker] ✓
2026-06-10 23:54:47,662 - INFO - kite.core.shutdown_manager - Shutdown: [stop_trade_logger]…
2026-06-10 23:54:47,663 - INFO - kite.core.trade_logger - TradeLogger cleanup — draining DB queue…
2026-06-10 23:54:47,663 - INFO - kite.core.trade_logger - DatabaseWorker stopping — draining queue…
2026-06-10 23:54:47,663 - INFO - kite.core.trade_logger - DatabaseWorker stopped
2026-06-10 23:54:47,664 - INFO - kite.core.trade_logger - TradeLogger cleanup complete
2026-06-10 23:54:47,664 - INFO - kite.core.shutdown_manager - Shutdown: [stop_trade_logger] ✓
2026-06-10 23:54:47,664 - INFO - kite.core.shutdown_manager - Shutdown: [stop_ip_manager]…
2026-06-10 23:54:47,665 - INFO - kite.core.shutdown_manager - Shutdown: [stop_ip_manager] ✓
2026-06-10 23:54:47,665 - INFO - kite.core.shutdown_manager - Shutdown: [stop_remaining_timers]…
2026-06-10 23:54:47,682 - INFO - kite.core.shutdown_manager - Shutdown: [stop_remaining_timers] ✓
2026-06-10 23:54:47,683 - INFO - kite.core.shutdown_manager - Shutdown: [stop_qthreads]…
2026-06-10 23:54:47,687 - INFO - kite.core.shutdown_manager - Shutdown: [stop_qthreads] ✓
2026-06-10 23:54:47,687 - INFO - kite.core.shutdown_manager - === Application shutdown complete ===
2026-06-10 23:54:47,697 - INFO - __main__ - Shutting down and cleaning up resources...
2026-06-10 23:54:47,698 - INFO - login_setup.broker_factory - Removed india client from manager
2026-06-10 23:54:47,698 - INFO - __main__ - Cleanup complete.
