2026-06-10 19:28:10,517 - INFO - login_setup.login_setup_config - qullamaggie v1.0.0 starting...
2026-06-10 19:28:10,518 - INFO - login_setup.login_setup_config - Logging to file: /home/kavi/Desktop/Python_Projects/swing_trader/logs/qullamaggie_20260610_192810.log
2026-06-10 19:28:10,518 - INFO - login_setup.login_setup_config - Fatal crash diagnostics enabled for all threads.
2026-06-10 19:28:10,518 - INFO - __main__ - 🚀 Starting qullamaggie Application...
2026-06-10 19:28:10,669 - INFO - __main__ - Application icon loaded from: /home/kavi/Desktop/Python_Projects/swing_trader/assets/qullamaggie_swing_trader_icon.svg
2026-06-10 19:28:12,781 - INFO - ib_insync.client - Connecting to 127.0.0.1:4002 with clientId 1...
2026-06-10 19:28:12,783 - INFO - ib_insync.client - Connected
2026-06-10 19:28:12,799 - INFO - ib_insync.client - Logged on to server version 176
2026-06-10 19:28:12,840 - INFO - ib_insync.client - API connection ready
2026-06-10 19:28:13,286 - INFO - __main__ - Authenticated for broker: america
2026-06-10 19:28:13,286 - INFO - __main__ - Initializing trading and data clients...
2026-06-10 19:28:13,287 - INFO - login_setup.broker_factory - Creating america client for live trading
2026-06-10 19:28:13,287 - INFO - login_setup.broker_factory - IBKR client created with accounts: ['DUQ624205']
2026-06-10 19:28:13,297 - INFO - ibkr.core.trading_client - Subscribed to IBKR real-time order events
2026-06-10 19:28:13,297 - INFO - ibkr.core.trading_client - IBKR trading client startup snapshots deferred; using local cache/event sync
2026-06-10 19:28:13,298 - INFO - __main__ - Trading client created; creating data client...
2026-06-10 19:28:13,298 - INFO - login_setup.broker_factory - Creating data client for america
2026-06-10 19:28:13,298 - INFO - __main__ - Data client created; validating connection state...
2026-06-10 19:28:13,298 - INFO - __main__ - Trading client connected: True
2026-06-10 19:28:13,299 - INFO - __main__ - Data client connected: True
2026-06-10 19:28:13,299 - INFO - __main__ - Clients initialized successfully.
2026-06-10 19:28:13,299 - INFO - login_setup.broker_factory - Added america client to manager
2026-06-10 19:28:13,299 - INFO - login_setup.broker_factory - Started connection monitoring for america
2026-06-10 19:28:13,299 - INFO - __main__ - Creating main window for america...
2026-06-10 19:28:13,300 - INFO - login_setup.broker_factory - Dynamically loading main window from: ibkr.core.main_window
2026-06-10 19:28:15,155 - INFO - ibkr.core.trade_logger - Trade history database for 'live' mode at: /home/kavi/.qullamaggie/trade_history_live.db
2026-06-10 19:28:15,157 - INFO - ibkr.core.trade_logger - TradeLogger initialized with background processing
2026-06-10 19:28:15,161 - INFO - ibkr.core.trade_logger - DatabaseWorker processing started
2026-06-10 19:28:15,162 - INFO - ibkr.core.trade_logger - Database initialization completed
2026-06-10 19:28:15,163 - INFO - ibkr.core.position_manager - ✅ Connected to trader.order_status_updated signal - orders will sync immediately
2026-06-10 19:28:15,164 - INFO - ibkr.core.position_manager - ✅ Connected to trader.position_updated signal - positions will sync immediately
2026-06-10 19:28:15,165 - INFO - ibkr.core.position_manager - ✅ Connected to trader.connection_status_changed signal
2026-06-10 19:28:15,168 - INFO - ibkr.core.stop_loss_manager - Restored 1 active SL record(s) from database
2026-06-10 19:28:15,232 - INFO - ibkr.widgets.scanner_table - Loaded 19 valid scan configurations
2026-06-10 19:28:15,247 - INFO - ibkr.widgets.scanner_table - Scanner table ready for context-aware navigation
2026-06-10 19:28:15,254 - INFO - ibkr.widgets.scanner_table - Running EOD Finviz scan: Semiconductors
2026-06-10 19:28:15,258 - INFO - chart_engine.core.ibkr_data_fetcher - Pre-warming dedicated IBKR history connection...
2026-06-10 19:28:15,261 - INFO - ib_insync.client - Connecting to 127.0.0.1:4002 with clientId 102...
2026-06-10 19:28:15,263 - INFO - chart_engine.drawings - Loaded global chart settings.
2026-06-10 19:28:15,612 - INFO - chart_engine.core.ibkr_data_fetcher - Chart data source=IBKR symbol=BAX interval=day from=2025-05-06T09:58:15.611527-04:00 to=2026-06-10T09:58:15.611527-04:00 dedicated_history=True
2026-06-10 19:28:15,757 - INFO - chart_engine.core.ibkr_data_fetcher - IBKR chart history connected on 127.0.0.1:4002 clientId=102
2026-06-10 19:28:15,905 - INFO - ibkr.core.data_cache - MarketAwareDataCache initialised for IBKR/US market time
2026-06-10 19:28:15,907 - INFO - chart_engine.core.ibkr_data_fetcher - Chart data source=IBKR symbol=BAX interval=60minute from=2026-04-21T09:58:15.906139-04:00 to=2026-06-10T09:58:15.906139-04:00 dedicated_history=True
2026-06-10 19:28:16,019 - INFO - chart_engine.drawings - Saved global chart settings.
2026-06-10 19:28:16,271 - INFO - chart_engine.core.ibkr_data_fetcher - Requesting IBKR historical data: BAX conId=8111188 bar=1 day duration=2 Y end=latest
2026-06-10 19:28:16,312 - INFO - ibkr.core.alert_management_system - Loaded 0 alerts from disk
2026-06-10 19:28:16,314 - INFO - ibkr.core.alert_management_system - AlertSystemManager ready
2026-06-10 19:28:16,314 - INFO - ibkr.core.alert_management_system - AlertEngine started
2026-06-10 19:28:16,314 - INFO - ibkr.core.main_window - Alert system initialized successfully.
2026-06-10 19:28:16,319 - INFO - ibkr.core.main_window - Connecting component signals...
2026-06-10 19:28:16,321 - INFO - ibkr.core.main_window - IBKR order lifecycle UI signals connected
2026-06-10 19:28:16,321 - INFO - ib_insync.client - Connecting to 127.0.0.1:4002 with clientId 101...
2026-06-10 19:28:16,338 - INFO - ibkr.core.main_window - Keyboard shortcuts initialized
2026-06-10 19:28:16,401 - INFO - chart_engine.core.ibkr_data_fetcher - Requesting IBKR historical data: BAX conId=8111188 bar=30 mins duration=50 D end=latest
2026-06-10 19:28:16,627 - INFO - ibkr.core.main_window - Window state restored
2026-06-10 19:28:16,627 - INFO - ibkr.core.main_window - Applied startup chart timeframes: left=day, right=60minute
2026-06-10 19:28:16,627 - INFO - ibkr.core.main_window - Simplified qullamaggie Window with Status Bar Initialized Successfully.
2026-06-10 19:28:16,628 - INFO - __main__ - Main window created successfully.
2026-06-10 19:28:16,718 - INFO - __main__ - Starting application event loop.
2026-06-10 19:28:16,732 - INFO - ibkr.core.market_data_worker - Dedicated IBKR market-data connection established on 127.0.0.1:4002 clientId=101
2026-06-10 19:28:16,732 - INFO - ibkr.core.market_data_worker - IBKR MarketDataWorker started
2026-06-10 19:28:16,733 - INFO - ibkr.core.market_data_worker - Requested IBKR delayed market data type (3); delayed fallback=False; generic ticks=''
2026-06-10 19:28:17,409 - INFO - ibkr.core.main_window - IBKR loader: Building initial instrument list...
2026-06-10 19:28:17,491 - INFO - ibkr.core.main_window - Added 1 widget market-data subscriptions (0 token-backed)
2026-06-10 19:28:17,610 - INFO - chart_engine.core.ibkr_data_fetcher - Chart data fetch complete source=IBKR symbol=BAX bars=276
2026-06-10 19:28:17,872 - INFO - ibkr.core.market_data_worker - Subscribed IBKR market data: BAX key=8111188 type=delayed
2026-06-10 19:28:18,260 - WARNING - ibkr.core.market_data_worker - IBKR market data notice for BAX: Requested market data is not subscribed. Displaying delayed market data. (10167)
2026-06-10 19:28:18,608 - INFO - chart_engine.core.ibkr_data_fetcher - Chart data fetch complete source=IBKR symbol=BAX bars=344
2026-06-10 19:28:18,758 - INFO - ibkr.widgets.scanner_table - EOD Scan completed: 31 symbols with complete data
2026-06-10 19:29:58,632 - WARNING - __main__ - Signal 2 received, initiating shutdown.
2026-06-10 19:29:58,632 - INFO - __main__ - Shutting down and cleaning up resources...
2026-06-10 19:29:58,633 - INFO - ibkr.core.shutdown_manager - closeEvent received — beginning fast IBKR shutdown
2026-06-10 19:29:58,635 - INFO - ibkr.core.shutdown_manager - === Fast IBKR window-close shutdown starting ===
2026-06-10 19:29:58,635 - INFO - ibkr.core.shutdown_manager - Shutdown: [save_window_state]…
2026-06-10 19:29:58,639 - INFO - ibkr.core.main_window - Window state saved
2026-06-10 19:29:58,640 - INFO - ibkr.core.shutdown_manager - Shutdown: [save_window_state] ✓
2026-06-10 19:29:58,641 - WARNING - ibkr.core.main_window - IBKR market data is delayed (delayed); live subscription is unavailable.
2026-06-10 19:29:58,641 - INFO - ibkr.core.main_window - WebSocket connected. Setting up subscriptions.
2026-06-10 19:29:58,642 - INFO - ibkr.core.position_manager - Fetching positions from broker - Reason: ibkr_connected
2026-06-10 19:29:58,668 - INFO - ibkr.core.main_window - Added 20 widget market-data subscriptions (20 token-backed)
2026-06-10 19:29:58,676 - INFO - ibkr.core.chart_lines_manager - Set position line for BAX: BUY 10 @ 19.45
2026-06-10 19:29:58,679 - INFO - ibkr.core.chart_lines_manager - Set position line for DELL: BUY 1000 @ 398.77
2026-06-10 19:29:58,681 - INFO - ibkr.core.chart_lines_manager - Set position line for DPRO: BUY 1 @ 6.35
2026-06-10 19:29:58,685 - INFO - ibkr.core.chart_lines_manager - Set position line for DRS: BUY 1000 @ 48.47
2026-06-10 19:29:58,687 - INFO - ibkr.core.chart_lines_manager - Set position line for GFS: BUY 10 @ 79.08
2026-06-10 19:29:58,690 - INFO - ibkr.core.chart_lines_manager - Set position line for HPQ: BUY 200 @ 25.31
2026-06-10 19:29:58,692 - INFO - ibkr.core.chart_lines_manager - Set position line for IONQ: BUY 2 @ 63.37
2026-06-10 19:29:58,694 - INFO - ibkr.core.chart_lines_manager - Set position line for LUNR: BUY 1000 @ 34.57
2026-06-10 19:29:58,696 - INFO - ibkr.core.chart_lines_manager - Set position line for MTA: BUY 1 @ 7.18
2026-06-10 19:29:58,701 - INFO - ibkr.core.chart_lines_manager - Set position line for NVDA: BUY 100 @ 210.52
2026-06-10 19:29:58,704 - INFO - ibkr.core.chart_lines_manager - Set position line for PTCT: BUY 100 @ 72.19
2026-06-10 19:29:58,705 - INFO - ibkr.core.chart_lines_manager - Set position line for QBTS: BUY 2 @ 26.23
2026-06-10 19:29:58,707 - INFO - ibkr.core.chart_lines_manager - Set position line for RDW: BUY 900 @ 22.36
2026-06-10 19:29:58,709 - INFO - ibkr.core.chart_lines_manager - Set position line for RKLB: BUY 150 @ 118.70
2026-06-10 19:29:58,711 - INFO - ibkr.core.chart_lines_manager - Set position line for SIDU: BUY 1000 @ 5.02
2026-06-10 19:29:58,717 - INFO - ibkr.core.chart_lines_manager - Set position line for SNDK: BUY 10 @ 1579.30
2026-06-10 19:29:58,720 - INFO - ibkr.core.chart_lines_manager - Set position line for SPRC: BUY 1000 @ 11.96
2026-06-10 19:29:58,725 - INFO - ibkr.core.chart_lines_manager - Set position line for TACT: BUY 1 @ 4.75
2026-06-10 19:29:58,735 - INFO - ibkr.core.chart_lines_manager - Set position line for TSLA: BUY 20 @ 412.48
2026-06-10 19:29:58,739 - INFO - ibkr.core.chart_lines_manager - Set position line for UMC: BUY 1000 @ 20.72
2026-06-10 19:29:58,791 - INFO - ibkr.core.position_manager - Position table changed: 20 open positions | open MTM -37621.12 | realized 0.00
2026-06-10 19:29:58,874 - INFO - chart_engine.drawings - Loaded state for BAX (day) — 2 drawings
2026-06-10 19:29:58,875 - INFO - chart_engine.drawings - Loaded global chart settings.
2026-06-10 19:29:58,876 - INFO - chart_engine.drawings - Saved global chart settings.
