2026-06-09 03:27:52,132 - INFO - login_setup.login_setup_config - qullamaggie v1.0.0 starting...
2026-06-09 03:27:52,132 - INFO - login_setup.login_setup_config - Logging to file: /home/kavi/Desktop/Python_Projects/swing_trader/logs/qullamaggie_20260609_032752.log
2026-06-09 03:27:52,132 - INFO - login_setup.login_setup_config - Fatal crash diagnostics enabled for all threads.
2026-06-09 03:27:52,132 - INFO - __main__ - 🚀 Starting qullamaggie Application...
2026-06-09 03:27:52,270 - INFO - __main__ - Application icon loaded from: /home/kavi/Desktop/Python_Projects/swing_trader/assets/qullamaggie_swing_trader_icon.svg
2026-06-09 03:27:57,178 - INFO - ib_insync.client - Connecting to 127.0.0.1:4002 with clientId 1...
2026-06-09 03:27:57,180 - INFO - ib_insync.client - Connected
2026-06-09 03:27:57,199 - INFO - ib_insync.client - Logged on to server version 176
2026-06-09 03:27:57,239 - INFO - ib_insync.client - API connection ready
2026-06-09 03:27:57,487 - INFO - __main__ - Authenticated for broker: america
2026-06-09 03:27:57,487 - INFO - __main__ - Initializing trading and data clients...
2026-06-09 03:27:57,487 - INFO - login_setup.broker_factory - Creating america client for live trading
2026-06-09 03:27:57,487 - INFO - login_setup.broker_factory - IBKR client created with accounts: ['DUQ624205']
2026-06-09 03:27:57,502 - INFO - ibkr.core.trading_client - Subscribed to IBKR real-time order events
2026-06-09 03:27:57,502 - INFO - ibkr.core.trading_client - IBKR trading client startup snapshots deferred; using local cache/event sync
2026-06-09 03:27:57,502 - INFO - __main__ - Trading client created; creating data client...
2026-06-09 03:27:57,502 - INFO - login_setup.broker_factory - Creating data client for america
2026-06-09 03:27:57,503 - INFO - __main__ - Data client created; validating connection state...
2026-06-09 03:27:57,503 - INFO - __main__ - Trading client connected: True
2026-06-09 03:27:57,510 - INFO - __main__ - Data client connected: True
2026-06-09 03:27:57,510 - INFO - __main__ - Clients initialized successfully.
2026-06-09 03:27:57,511 - INFO - login_setup.broker_factory - Added america client to manager
2026-06-09 03:27:57,511 - INFO - login_setup.broker_factory - Started connection monitoring for america
2026-06-09 03:27:57,511 - INFO - __main__ - Creating main window for america...
2026-06-09 03:27:57,511 - INFO - login_setup.broker_factory - Dynamically loading main window from: ibkr.core.main_window
2026-06-09 03:27:59,157 - INFO - ibkr.core.trade_logger - Trade history database for 'live' mode at: /home/kavi/.qullamaggie/trade_history_live.db
2026-06-09 03:27:59,158 - INFO - ibkr.core.trade_logger - TradeLogger initialized with background processing
2026-06-09 03:27:59,158 - INFO - ibkr.core.trade_logger - DatabaseWorker processing started
2026-06-09 03:27:59,160 - INFO - ibkr.core.trade_logger - Database initialization completed
2026-06-09 03:27:59,163 - INFO - ibkr.core.position_manager - ✅ Connected to trader.order_status_updated signal - orders will sync immediately
2026-06-09 03:27:59,163 - INFO - ibkr.core.position_manager - ✅ Connected to trader.position_updated signal - positions will sync immediately
2026-06-09 03:27:59,163 - INFO - ibkr.core.position_manager - ✅ Connected to trader.connection_status_changed signal
2026-06-09 03:27:59,235 - INFO - ibkr.widgets.scanner_table - Loaded 4 valid scan configurations
2026-06-09 03:27:59,255 - INFO - ibkr.widgets.scanner_table - Scanner table ready for context-aware navigation
2026-06-09 03:27:59,264 - INFO - ibkr.widgets.scanner_table - Running EOD Finviz scan: Semiconductors
2026-06-09 03:27:59,269 - INFO - chart_engine.core.ibkr_data_fetcher - Pre-warming dedicated IBKR history connection...
2026-06-09 03:27:59,273 - INFO - ib_insync.client - Connecting to 127.0.0.1:4002 with clientId 102...
2026-06-09 03:27:59,279 - INFO - chart_engine.drawings - Loaded global chart settings.
2026-06-09 03:27:59,601 - INFO - chart_engine.core.ibkr_data_fetcher - Chart data source=IBKR symbol=IONQ interval=day from=2025-05-04T17:57:59.600750-04:00 to=2026-06-08T17:57:59.600750-04:00 dedicated_history=True
2026-06-09 03:27:59,707 - INFO - chart_engine.core.ibkr_data_fetcher - IBKR chart history connected on 127.0.0.1:4002 clientId=102
2026-06-09 03:27:59,791 - INFO - ibkr.core.data_cache - MarketAwareDataCache initialised for IBKR/US market time
2026-06-09 03:27:59,792 - INFO - chart_engine.core.ibkr_data_fetcher - Chart data source=IBKR symbol=IONQ interval=60minute from=2026-04-19T17:57:59.791602-04:00 to=2026-06-08T17:57:59.791602-04:00 dedicated_history=True
2026-06-09 03:27:59,924 - INFO - chart_engine.drawings - Saved global chart settings.
2026-06-09 03:28:00,131 - INFO - chart_engine.core.ibkr_data_fetcher - Requesting IBKR historical data: IONQ conId=517593749 bar=1 day duration=2 Y end=latest
2026-06-09 03:28:00,164 - INFO - ibkr.core.alert_management_system - Loaded 0 alerts from disk
2026-06-09 03:28:00,165 - INFO - ibkr.core.alert_management_system - AlertSystemManager ready
2026-06-09 03:28:00,165 - INFO - ibkr.core.alert_management_system - AlertEngine started
2026-06-09 03:28:00,171 - INFO - ibkr.core.main_window - Alert system initialized successfully.
2026-06-09 03:28:00,204 - INFO - ibkr.core.main_window - Connecting component signals...
2026-06-09 03:28:00,205 - INFO - ibkr.core.main_window - IBKR order lifecycle UI signals connected
2026-06-09 03:28:00,207 - INFO - ib_insync.client - Connecting to 127.0.0.1:4002 with clientId 101...
2026-06-09 03:28:00,221 - INFO - ibkr.core.main_window - Keyboard shortcuts initialized
2026-06-09 03:28:00,462 - INFO - chart_engine.core.ibkr_data_fetcher - Requesting IBKR historical data: IONQ conId=517593749 bar=30 mins duration=50 D end=latest
2026-06-09 03:28:00,489 - INFO - ibkr.core.main_window - Subscription universe changed: 3 instruments (0 token-backed, +3/-0) sources={'charts': 2, 'header': 2}
2026-06-09 03:28:00,489 - INFO - ibkr.core.main_window - Window state restored
2026-06-09 03:28:00,489 - INFO - ibkr.core.main_window - Applied startup chart timeframes: left=day, right=60minute
2026-06-09 03:28:00,490 - INFO - ibkr.core.main_window - Simplified qullamaggie Window with Status Bar Initialized Successfully.
2026-06-09 03:28:00,492 - INFO - __main__ - Main window created successfully.
2026-06-09 03:28:00,583 - INFO - __main__ - Starting application event loop.
2026-06-09 03:28:00,583 - INFO - ibkr.core.market_data_worker - Dedicated IBKR market-data connection established on 127.0.0.1:4002 clientId=101
2026-06-09 03:28:00,585 - INFO - ibkr.core.market_data_worker - IBKR MarketDataWorker started
2026-06-09 03:28:00,587 - INFO - ibkr.core.market_data_worker - Requested IBKR delayed market data type (3); delayed fallback=False; generic ticks=''
2026-06-09 03:28:01,233 - INFO - ibkr.core.market_data_worker - Subscribed IBKR market data: IONQ key=517593749 type=delayed
2026-06-09 03:28:01,245 - INFO - ibkr.core.market_data_worker - Subscribed IBKR market data: SPY key=756733 type=delayed
2026-06-09 03:28:01,247 - INFO - ibkr.core.main_window - IBKR loader: Building initial instrument list...
2026-06-09 03:28:01,248 - INFO - ibkr.core.market_data_worker - Subscribed IBKR market data: QQQ key=320227571 type=delayed
2026-06-09 03:28:01,314 - INFO - ibkr.core.main_window - Window state saved
2026-06-09 03:28:01,377 - INFO - chart_engine.core.ibkr_data_fetcher - Chart data fetch complete source=IBKR symbol=IONQ bars=275
2026-06-09 03:28:01,607 - WARNING - ibkr.core.market_data_worker - IBKR market data notice for IONQ: Requested market data is not subscribed. Displaying delayed market data. (10167)
2026-06-09 03:28:01,987 - WARNING - ibkr.core.market_data_worker - IBKR market data notice for SPY: Requested market data is not subscribed. Displaying delayed market data. (10167)
2026-06-09 03:28:01,988 - INFO - chart_engine.core.ibkr_data_fetcher - Chart data fetch complete source=IBKR symbol=IONQ bars=350
2026-06-09 03:28:01,988 - WARNING - ibkr.core.market_data_worker - IBKR market data notice for QQQ: Requested market data is not subscribed. Displaying delayed market data. (10167)
2026-06-09 03:28:02,240 - WARNING - ibkr.core.main_window - IBKR market data is delayed (delayed); live subscription is unavailable.
2026-06-09 03:28:02,240 - INFO - ibkr.core.main_window - WebSocket connected. Setting up subscriptions.
2026-06-09 03:28:02,241 - INFO - ibkr.core.position_manager - Fetching positions from broker - Reason: ibkr_connected
2026-06-09 03:28:02,253 - INFO - ibkr.core.main_window - Added 19 widget market-data subscriptions (19 token-backed)
2026-06-09 03:28:02,254 - INFO - ibkr.core.position_manager - Position table changed: 19 open positions | open MTM -13185.81 | realized 0.00
2026-06-09 03:28:02,370 - INFO - ibkr.core.main_window - Chart panes revealed after initial symbol render: IONQ
2026-06-09 03:28:02,370 - INFO - ibkr.core.main_window - Chart symbol changed to: IONQ
2026-06-09 03:28:02,370 - INFO - ibkr.core.main_window - Added chart symbol IONQ to subscription
2026-06-09 03:28:02,371 - INFO - ibkr.core.main_window - Ensured subscription for chart symbol IONQ
2026-06-09 03:28:02,371 - INFO - chart_engine.core.chart_widget - Chart HTML loaded: IONQ (275 candles)
2026-06-09 03:28:02,420 - INFO - ibkr.core.main_window - Successfully loaded 3929 instruments.
2026-06-09 03:28:02,422 - INFO - ibkr.widgets.header_toolbar - Search index ready: 3929 instruments
2026-06-09 03:28:02,457 - INFO - ibkr.core.main_window - Instruments loaded successfully.
2026-06-09 03:28:02,489 - INFO - ibkr.core.main_window - IBKR loader: Loaded 181 symbols (qualifying in background...)
2026-06-09 03:28:02,691 - INFO - chart_engine.core.chart_widget - Chart HTML loaded: IONQ (350 candles)
2026-06-09 03:28:02,750 - INFO - ibkr.core.position_manager - Fetching positions from broker - Reason: app_startup
2026-06-09 03:28:02,764 - INFO - ibkr.core.main_window - Position system initialized successfully
2026-06-09 03:28:02,998 - INFO - ibkr.core.main_window - Subscription universe changed: 22 instruments (19 token-backed, +19/-0) sources={'positions': 19, 'charts': 2, 'header': 2}
2026-06-09 03:28:03,388 - INFO - ibkr.core.network_monitor - NetworkMonitor started
2026-06-09 03:28:03,388 - INFO - ibkr.core.main_window - Network resilience layer initialized
2026-06-09 03:28:03,393 - INFO - ibkr.core.market_data_worker - Subscribed IBKR market data: NVDA key=4815747 type=delayed
2026-06-09 03:28:03,394 - INFO - ibkr.core.market_data_worker - Subscribed IBKR market data: TACT key=6858145 type=delayed
2026-06-09 03:28:03,394 - INFO - ibkr.core.market_data_worker - Subscribed IBKR market data: BAX key=8111188 type=delayed
2026-06-09 03:28:03,395 - INFO - ibkr.core.market_data_worker - Subscribed IBKR market data: TSLA key=76792991 type=delayed
2026-06-09 03:28:03,395 - INFO - ibkr.core.market_data_worker - Subscribed IBKR market data: PTCT key=129374415 type=delayed
2026-06-09 03:28:03,396 - INFO - ibkr.core.market_data_worker - Subscribed IBKR market data: HPQ key=209411801 type=delayed
2026-06-09 03:28:03,396 - INFO - ibkr.core.market_data_worker - Subscribed IBKR market data: DELL key=346218218 type=delayed
2026-06-09 03:28:03,396 - INFO - ibkr.core.market_data_worker - Subscribed IBKR market data: MTA key=395717235 type=delayed
2026-06-09 03:28:03,397 - INFO - ibkr.core.market_data_worker - Subscribed IBKR market data: DRS key=478483396 type=delayed
2026-06-09 03:28:03,397 - INFO - ibkr.core.market_data_worker - Subscribed IBKR market data: RDW key=512000171 type=delayed
2026-06-09 03:28:03,398 - INFO - ibkr.core.market_data_worker - Subscribed IBKR market data: GFS key=523222624 type=delayed
2026-06-09 03:28:03,400 - INFO - ibkr.core.market_data_worker - Subscribed IBKR market data: QBTS key=578031277 type=delayed
2026-06-09 03:28:03,401 - INFO - ibkr.core.market_data_worker - Subscribed IBKR market data: LUNR key=613910262 type=delayed
2026-06-09 03:28:03,401 - INFO - ibkr.core.market_data_worker - Subscribed IBKR market data: SIDU key=673368857 type=delayed
2026-06-09 03:28:03,401 - INFO - ibkr.core.market_data_worker - Subscribed IBKR market data: DPRO key=725468685 type=delayed
2026-06-09 03:28:03,402 - INFO - ibkr.core.market_data_worker - Subscribed IBKR market data: SNDK key=760250490 type=delayed
2026-06-09 03:28:03,402 - INFO - ibkr.core.market_data_worker - Subscribed IBKR market data: RKLB key=787273575 type=delayed
2026-06-09 03:28:03,402 - INFO - ibkr.core.market_data_worker - Subscribed IBKR market data: SPRC key=860471331 type=delayed
2026-06-09 03:28:03,444 - INFO - ibkr.core.position_manager - Fetching positions from broker - Reason: instruments_loaded
2026-06-09 03:28:03,464 - INFO - ibkr.core.main_window - Chart auto-loading initiated
2026-06-09 03:28:03,465 - INFO - ibkr.core.main_window - Chart already has active rendered symbol: IONQ
2026-06-09 03:28:03,925 - WARNING - ibkr.core.market_data_worker - IBKR market data notice for NVDA: Requested market data is not subscribed. Displaying delayed market data. (10167)
2026-06-09 03:28:03,925 - WARNING - ibkr.core.market_data_worker - IBKR market data notice for TACT: Requested market data is not subscribed. Displaying delayed market data. (10167)
2026-06-09 03:28:03,926 - WARNING - ibkr.core.market_data_worker - IBKR market data notice for BAX: Requested market data is not subscribed. Displaying delayed market data. (10167)
2026-06-09 03:28:03,929 - WARNING - ibkr.core.market_data_worker - IBKR market data notice for TSLA: Requested market data is not subscribed. Displaying delayed market data. (10167)
2026-06-09 03:28:03,931 - WARNING - ibkr.core.market_data_worker - IBKR market data notice for PTCT: Requested market data is not subscribed. Displaying delayed market data. (10167)
2026-06-09 03:28:04,079 - INFO - ibkr.widgets.scanner_table - EOD Scan completed: 47 symbols with complete data
2026-06-09 03:28:04,174 - WARNING - ibkr.core.market_data_worker - IBKR market data notice for HPQ: Requested market data is not subscribed. Displaying delayed market data. (10167)
2026-06-09 03:28:04,174 - WARNING - ibkr.core.market_data_worker - IBKR market data notice for DELL: Requested market data is not subscribed. Displaying delayed market data. (10167)
2026-06-09 03:28:04,177 - WARNING - ibkr.core.market_data_worker - IBKR market data notice for MTA: Requested market data is not subscribed. Displaying delayed market data. (10167)
2026-06-09 03:28:04,177 - WARNING - ibkr.core.market_data_worker - IBKR market data notice for DRS: Requested market data is not subscribed. Displaying delayed market data. (10167)
2026-06-09 03:28:04,179 - WARNING - ibkr.core.market_data_worker - IBKR market data notice for RDW: Requested market data is not subscribed. Displaying delayed market data. (10167)
2026-06-09 03:28:04,302 - INFO - ibkr.widgets.scanner_table - EOD Scanner table updated with 47 symbols.
2026-06-09 03:28:04,302 - INFO - ibkr.core.network_monitor - Network confirmed online at startup
2026-06-09 03:28:04,388 - WARNING - ibkr.core.market_data_worker - IBKR market data notice for GFS: Requested market data is not subscribed. Displaying delayed market data. (10167)
2026-06-09 03:28:04,397 - WARNING - ibkr.core.market_data_worker - IBKR market data notice for QBTS: Requested market data is not subscribed. Displaying delayed market data. (10167)
2026-06-09 03:28:04,468 - WARNING - ibkr.core.market_data_worker - IBKR market data notice for LUNR: Requested market data is not subscribed. Displaying delayed market data. (10167)
2026-06-09 03:28:04,633 - WARNING - ibkr.core.market_data_worker - IBKR market data notice for SIDU: Requested market data is not subscribed. Displaying delayed market data. (10167)
2026-06-09 03:28:04,676 - WARNING - ibkr.core.market_data_worker - IBKR market data notice for DPRO: Requested market data is not subscribed. Displaying delayed market data. (10167)
2026-06-09 03:28:04,699 - WARNING - ibkr.core.market_data_worker - IBKR market data notice for SNDK: Requested market data is not subscribed. Displaying delayed market data. (10167)
2026-06-09 03:28:04,794 - WARNING - ibkr.core.market_data_worker - IBKR market data notice for RKLB: Requested market data is not subscribed. Displaying delayed market data. (10167)
2026-06-09 03:28:04,803 - WARNING - ibkr.core.market_data_worker - IBKR market data notice for SPRC: Requested market data is not subscribed. Displaying delayed market data. (10167)
2026-06-09 03:29:00,259 - INFO - ibkr.core.data_cache - US market-open cache flush complete; intraday entries cleared
2026-06-09 03:29:04,260 - INFO - chart_engine.core.ibkr_data_fetcher - Chart data source=IBKR symbol=IONQ interval=60minute from=2026-04-19T17:59:04.260697-04:00 to=2026-06-08T17:59:04.260697-04:00 dedicated_history=True
2026-06-09 03:29:04,264 - INFO - chart_engine.core.ibkr_data_fetcher - Requesting IBKR historical data: IONQ conId=517593749 bar=30 mins duration=50 D end=latest
2026-06-09 03:29:05,584 - INFO - chart_engine.core.ibkr_data_fetcher - Chart data fetch complete source=IBKR symbol=IONQ bars=350
2026-06-09 03:29:05,630 - INFO - chart_engine.drawings - Loaded global chart settings.
2026-06-09 03:29:05,632 - INFO - chart_engine.drawings - Saved global chart settings.
2026-06-09 03:29:05,637 - INFO - ibkr.core.main_window - Ensured subscription for chart symbol IONQ
2026-06-09 03:29:05,637 - INFO - chart_engine.core.chart_widget - Chart seamlessly updated: IONQ (350 candles)
2026-06-09 03:30:04,261 - INFO - chart_engine.core.ibkr_data_fetcher - Chart data source=IBKR symbol=IONQ interval=60minute from=2026-04-19T18:00:04.261399-04:00 to=2026-06-08T18:00:04.261399-04:00 dedicated_history=True
2026-06-09 03:30:04,263 - INFO - chart_engine.core.ibkr_data_fetcher - Requesting IBKR historical data: IONQ conId=517593749 bar=30 mins duration=50 D end=latest
2026-06-09 03:30:05,708 - INFO - chart_engine.core.ibkr_data_fetcher - Chart data fetch complete source=IBKR symbol=IONQ bars=350
2026-06-09 03:30:05,755 - INFO - chart_engine.drawings - Loaded global chart settings.
2026-06-09 03:30:05,756 - INFO - chart_engine.drawings - Saved global chart settings.
2026-06-09 03:30:05,762 - INFO - ibkr.core.main_window - Ensured subscription for chart symbol IONQ
2026-06-09 03:30:05,762 - INFO - chart_engine.core.chart_widget - Chart seamlessly updated: IONQ (350 candles)
2026-06-09 03:31:05,261 - INFO - chart_engine.core.ibkr_data_fetcher - Chart data source=IBKR symbol=IONQ interval=60minute from=2026-04-19T18:01:05.260940-04:00 to=2026-06-08T18:01:05.260940-04:00 dedicated_history=True
2026-06-09 03:31:05,262 - INFO - chart_engine.core.ibkr_data_fetcher - Requesting IBKR historical data: IONQ conId=517593749 bar=30 mins duration=50 D end=latest
2026-06-09 03:31:06,754 - INFO - chart_engine.core.ibkr_data_fetcher - Chart data fetch complete source=IBKR symbol=IONQ bars=350
2026-06-09 03:31:06,786 - INFO - chart_engine.drawings - Loaded global chart settings.
2026-06-09 03:31:06,789 - INFO - chart_engine.drawings - Saved global chart settings.
2026-06-09 03:31:06,797 - INFO - ibkr.core.main_window - Ensured subscription for chart symbol IONQ
2026-06-09 03:31:06,797 - INFO - chart_engine.core.chart_widget - Chart seamlessly updated: IONQ (350 candles)
2026-06-09 03:31:43,718 - INFO - chart_engine.core.ibkr_data_fetcher - Chart data source=IBKR symbol=HPQ interval=day from=2025-05-04T18:01:43.717587-04:00 to=2026-06-08T18:01:43.717587-04:00 dedicated_history=True
2026-06-09 03:31:43,754 - INFO - chart_engine.core.ibkr_data_fetcher - Chart data source=IBKR symbol=HPQ interval=60minute from=2026-04-19T18:01:43.754647-04:00 to=2026-06-08T18:01:43.754647-04:00 dedicated_history=True
2026-06-09 03:31:43,894 - INFO - chart_engine.core.ibkr_data_fetcher - Chart data source=IBKR symbol=HPQ interval=day from=2025-05-04T18:01:43.893610-04:00 to=2026-06-08T18:01:43.893610-04:00 dedicated_history=True
2026-06-09 03:31:43,952 - INFO - chart_engine.core.ibkr_data_fetcher - Chart data source=IBKR symbol=HPQ interval=60minute from=2026-04-19T18:01:43.952236-04:00 to=2026-06-08T18:01:43.952236-04:00 dedicated_history=True
2026-06-09 03:31:44,062 - INFO - chart_engine.core.ibkr_data_fetcher - Requesting IBKR historical data: HPQ conId=209411801 bar=1 day duration=2 Y end=latest
2026-06-09 03:31:44,334 - INFO - chart_engine.core.ibkr_data_fetcher - Requesting IBKR historical data: HPQ conId=209411801 bar=30 mins duration=50 D end=latest
2026-06-09 03:31:45,286 - INFO - chart_engine.core.ibkr_data_fetcher - Chart data fetch complete source=IBKR symbol=HPQ bars=275
2026-06-09 03:31:45,392 - INFO - chart_engine.drawings - Loaded global chart settings.
2026-06-09 03:31:45,394 - INFO - chart_engine.drawings - Saved global chart settings.
2026-06-09 03:31:45,399 - INFO - ibkr.core.main_window - Chart symbol changed to: HPQ
2026-06-09 03:31:45,399 - INFO - ibkr.core.main_window - Added chart symbol HPQ to subscription
2026-06-09 03:31:45,400 - INFO - ibkr.core.main_window - Ensured subscription for chart symbol HPQ
2026-06-09 03:31:45,400 - INFO - chart_engine.core.chart_widget - Chart seamlessly updated: HPQ (275 candles)
2026-06-09 03:31:45,711 - INFO - ibkr.core.main_window - Subscription universe changed: 22 instruments (19 token-backed, +1/-1) sources={'positions': 19, 'charts': 2, 'header': 2}
2026-06-09 03:31:45,892 - INFO - chart_engine.core.ibkr_data_fetcher - Chart data fetch complete source=IBKR symbol=HPQ bars=350
2026-06-09 03:31:45,953 - INFO - chart_engine.core.chart_widget - Chart seamlessly updated: HPQ (350 candles)
2026-06-09 03:31:50,513 - INFO - chart_engine.core.ibkr_data_fetcher - Chart data source=IBKR symbol=IONQ interval=day from=2025-05-04T18:01:50.513591-04:00 to=2026-06-08T18:01:50.513591-04:00 dedicated_history=True
2026-06-09 03:31:50,515 - INFO - chart_engine.core.ibkr_data_fetcher - Requesting IBKR historical data: IONQ conId=517593749 bar=1 day duration=2 Y end=latest
2026-06-09 03:31:50,607 - INFO - ibkr.core.main_window - Ensured subscription for chart symbol IONQ
2026-06-09 03:31:50,607 - INFO - chart_engine.core.chart_widget - Chart seamlessly updated: IONQ (350 candles)
2026-06-09 03:31:51,428 - INFO - chart_engine.core.ibkr_data_fetcher - Chart data fetch complete source=IBKR symbol=IONQ bars=275
2026-06-09 03:31:51,479 - INFO - ibkr.core.main_window - Chart symbol changed to: IONQ
2026-06-09 03:31:51,479 - INFO - ibkr.core.main_window - Added chart symbol IONQ to subscription
2026-06-09 03:31:51,480 - INFO - chart_engine.core.chart_widget - Chart seamlessly updated: IONQ (275 candles)
2026-06-09 03:31:52,232 - INFO - chart_engine.core.ibkr_data_fetcher - Chart data source=IBKR symbol=LUNR interval=day from=2025-05-04T18:01:52.232603-04:00 to=2026-06-08T18:01:52.232603-04:00 dedicated_history=True
2026-06-09 03:31:52,251 - INFO - chart_engine.core.ibkr_data_fetcher - Chart data source=IBKR symbol=LUNR interval=60minute from=2026-04-19T18:01:52.251687-04:00 to=2026-06-08T18:01:52.251687-04:00 dedicated_history=True
2026-06-09 03:31:53,506 - INFO - chart_engine.core.ibkr_data_fetcher - Requesting IBKR historical data: LUNR conId=613910262 bar=1 day duration=2 Y end=latest
2026-06-09 03:31:53,818 - INFO - chart_engine.core.ibkr_data_fetcher - Requesting IBKR historical data: LUNR conId=613910262 bar=30 mins duration=50 D end=latest
2026-06-09 03:31:55,241 - INFO - chart_engine.core.ibkr_data_fetcher - Chart data fetch complete source=IBKR symbol=LUNR bars=275
2026-06-09 03:31:55,301 - INFO - ibkr.core.main_window - Chart symbol changed to: LUNR
2026-06-09 03:31:55,302 - INFO - ibkr.core.main_window - Added chart symbol LUNR to subscription
2026-06-09 03:31:55,302 - INFO - ibkr.core.main_window - Ensured subscription for chart symbol LUNR
2026-06-09 03:31:55,302 - INFO - chart_engine.core.chart_widget - Chart seamlessly updated: LUNR (275 candles)
2026-06-09 03:31:55,665 - INFO - chart_engine.core.ibkr_data_fetcher - Chart data fetch complete source=IBKR symbol=LUNR bars=350
2026-06-09 03:31:55,713 - INFO - chart_engine.core.chart_widget - Chart seamlessly updated: LUNR (350 candles)
2026-06-09 03:32:04,369 - INFO - ibkr.core.main_window - Chart symbol changed to: IONQ
2026-06-09 03:32:04,369 - INFO - ibkr.core.main_window - Added chart symbol IONQ to subscription
2026-06-09 03:32:04,369 - INFO - ibkr.core.main_window - Ensured subscription for chart symbol IONQ
2026-06-09 03:32:04,369 - INFO - chart_engine.core.chart_widget - Chart seamlessly updated: IONQ (275 candles)
2026-06-09 03:32:04,421 - INFO - chart_engine.core.chart_widget - Chart seamlessly updated: IONQ (350 candles)
2026-06-09 03:32:06,677 - INFO - ibkr.core.main_window - Chart symbol changed to: LUNR
2026-06-09 03:32:06,677 - INFO - ibkr.core.main_window - Added chart symbol LUNR to subscription
2026-06-09 03:32:06,678 - INFO - ibkr.core.main_window - Ensured subscription for chart symbol LUNR
2026-06-09 03:32:06,678 - INFO - chart_engine.core.chart_widget - Chart seamlessly updated: LUNR (275 candles)
2026-06-09 03:32:06,742 - INFO - chart_engine.core.chart_widget - Chart seamlessly updated: LUNR (350 candles)
2026-06-09 03:32:08,182 - INFO - chart_engine.core.ibkr_data_fetcher - Chart data source=IBKR symbol=MTA interval=day from=2025-05-04T18:02:08.181966-04:00 to=2026-06-08T18:02:08.181966-04:00 dedicated_history=True
2026-06-09 03:32:08,193 - INFO - chart_engine.core.ibkr_data_fetcher - Chart data source=IBKR symbol=MTA interval=60minute from=2026-04-19T18:02:08.193597-04:00 to=2026-06-08T18:02:08.193597-04:00 dedicated_history=True
2026-06-09 03:32:08,910 - INFO - chart_engine.core.ibkr_data_fetcher - Requesting IBKR historical data: MTA conId=395717235 bar=1 day duration=2 Y end=latest
2026-06-09 03:32:09,226 - INFO - chart_engine.core.ibkr_data_fetcher - Requesting IBKR historical data: MTA conId=395717235 bar=30 mins duration=50 D end=latest
2026-06-09 03:32:10,942 - INFO - chart_engine.core.ibkr_data_fetcher - Chart data fetch complete source=IBKR symbol=MTA bars=275
2026-06-09 03:32:11,030 - INFO - ibkr.core.main_window - Chart symbol changed to: MTA
2026-06-09 03:32:11,031 - INFO - ibkr.core.main_window - Added chart symbol MTA to subscription
2026-06-09 03:32:11,031 - INFO - ibkr.core.main_window - Ensured subscription for chart symbol MTA
2026-06-09 03:32:11,032 - INFO - chart_engine.core.chart_widget - Chart seamlessly updated: MTA (275 candles)
2026-06-09 03:32:11,357 - INFO - chart_engine.core.ibkr_data_fetcher - Chart data fetch complete source=IBKR symbol=MTA bars=350
2026-06-09 03:32:11,438 - INFO - chart_engine.core.chart_widget - Chart seamlessly updated: MTA (350 candles)
2026-06-09 03:32:12,338 - INFO - chart_engine.core.ibkr_data_fetcher - Chart data source=IBKR symbol=NVDA interval=day from=2025-05-04T18:02:12.337949-04:00 to=2026-06-08T18:02:12.337949-04:00 dedicated_history=True
2026-06-09 03:32:12,351 - INFO - chart_engine.core.ibkr_data_fetcher - Chart data source=IBKR symbol=NVDA interval=60minute from=2026-04-19T18:02:12.351278-04:00 to=2026-06-08T18:02:12.351278-04:00 dedicated_history=True
2026-06-09 03:32:13,022 - INFO - chart_engine.core.ibkr_data_fetcher - Requesting IBKR historical data: NVDA conId=4815747 bar=1 day duration=2 Y end=latest
2026-06-09 03:32:13,336 - INFO - chart_engine.core.ibkr_data_fetcher - Requesting IBKR historical data: NVDA conId=4815747 bar=30 mins duration=50 D end=latest
2026-06-09 03:32:15,309 - INFO - chart_engine.core.ibkr_data_fetcher - Chart data fetch complete source=IBKR symbol=NVDA bars=275
2026-06-09 03:32:15,418 - INFO - ibkr.core.main_window - Chart symbol changed to: NVDA
2026-06-09 03:32:15,418 - INFO - ibkr.core.main_window - Added chart symbol NVDA to subscription
2026-06-09 03:32:15,419 - INFO - ibkr.core.main_window - Ensured subscription for chart symbol NVDA
2026-06-09 03:32:15,419 - INFO - chart_engine.core.chart_widget - Chart seamlessly updated: NVDA (275 candles)
2026-06-09 03:32:15,831 - INFO - chart_engine.core.ibkr_data_fetcher - Chart data fetch complete source=IBKR symbol=NVDA bars=350
2026-06-09 03:32:15,875 - INFO - chart_engine.core.chart_widget - Chart seamlessly updated: NVDA (350 candles)
2026-06-09 03:32:22,069 - INFO - ibkr.core.shutdown_manager - closeEvent received — beginning fast IBKR shutdown
2026-06-09 03:32:22,071 - INFO - ibkr.core.shutdown_manager - === Fast IBKR window-close shutdown starting ===
2026-06-09 03:32:22,071 - INFO - ibkr.core.shutdown_manager - Shutdown: [save_window_state]…
2026-06-09 03:32:22,073 - INFO - ibkr.core.main_window - Window state saved
2026-06-09 03:32:22,073 - INFO - ibkr.core.shutdown_manager - Shutdown: [save_window_state] ✓
2026-06-09 03:32:22,074 - INFO - ibkr.core.shutdown_manager - Shutdown: [save_chart_state]…
2026-06-09 03:32:22,089 - INFO - ibkr.core.shutdown_manager - Shutdown: [save_chart_state] ✓
2026-06-09 03:32:22,090 - INFO - ibkr.core.shutdown_manager - Shutdown: [stop_remaining_timers]…
2026-06-09 03:32:22,102 - INFO - ibkr.core.shutdown_manager - Shutdown: [stop_remaining_timers] ✓
2026-06-09 03:32:22,102 - INFO - ibkr.core.shutdown_manager - === Fast IBKR window-close shutdown complete ===
2026-06-09 03:32:22,110 - INFO - __main__ - Shutting down and cleaning up resources...
2026-06-09 03:32:22,111 - INFO - __main__ - Skipping broker disconnect during fast window-close shutdown.
2026-06-09 03:32:22,111 - INFO - __main__ - Cleanup complete.
