2026-06-09 00:29:12,939 - INFO - login_setup.login_setup_config - qullamaggie v1.0.0 starting...
2026-06-09 00:29:12,939 - INFO - login_setup.login_setup_config - Logging to file: /home/kavi/Desktop/Python_Projects/swing_trader/logs/qullamaggie_20260609_002912.log
2026-06-09 00:29:12,940 - INFO - __main__ - 🚀 Starting qullamaggie Application...
2026-06-09 00:29:13,109 - INFO - __main__ - Application icon loaded from: /home/kavi/Desktop/Python_Projects/swing_trader/assets/qullamaggie_swing_trader_icon.svg
2026-06-09 00:29:16,287 - INFO - ib_insync.client - Connecting to 127.0.0.1:4002 with clientId 1...
2026-06-09 00:29:16,289 - INFO - ib_insync.client - Connected
2026-06-09 00:29:16,381 - INFO - ib_insync.client - Logged on to server version 176
2026-06-09 00:29:16,520 - INFO - ib_insync.client - API connection ready
2026-06-09 00:29:17,054 - INFO - __main__ - Authenticated for broker: america
2026-06-09 00:29:17,055 - INFO - __main__ - Initializing trading and data clients...
2026-06-09 00:29:17,055 - INFO - login_setup.broker_factory - Creating america client for live trading
2026-06-09 00:29:17,055 - INFO - login_setup.broker_factory - IBKR client created with accounts: ['DUQ624205']
2026-06-09 00:29:17,060 - INFO - ibkr.core.trading_client - Subscribed to IBKR real-time order events
2026-06-09 00:29:17,061 - INFO - login_setup.broker_factory - Creating data client for america
2026-06-09 00:29:17,061 - INFO - __main__ - Clients initialized successfully.
2026-06-09 00:29:17,061 - INFO - login_setup.broker_factory - Added america client to manager
2026-06-09 00:29:17,062 - INFO - login_setup.broker_factory - Started connection monitoring for america
2026-06-09 00:29:17,062 - INFO - __main__ - Creating main window for america...
2026-06-09 00:29:17,062 - INFO - login_setup.broker_factory - Dynamically loading main window from: ibkr.core.main_window
2026-06-09 00:29:18,545 - INFO - ibkr.core.trade_logger - Trade history database for 'live' mode at: /home/kavi/.qullamaggie/trade_history_live.db
2026-06-09 00:29:18,546 - INFO - ibkr.core.trade_logger - TradeLogger initialized with background processing
2026-06-09 00:29:18,547 - INFO - ibkr.core.trade_logger - Database initialization completed
2026-06-09 00:29:18,551 - INFO - ibkr.core.position_manager - ✅ Connected to trader.order_status_updated signal - orders will sync immediately
2026-06-09 00:29:18,551 - INFO - ibkr.core.position_manager - ✅ Connected to trader.position_updated signal - positions will sync immediately
2026-06-09 00:29:18,551 - INFO - ibkr.core.position_manager - ✅ Connected to trader.connection_status_changed signal
2026-06-09 00:29:18,552 - INFO - ibkr.core.trade_logger - DatabaseWorker processing started
2026-06-09 00:29:18,634 - INFO - ibkr.widgets.scanner_table - Loaded 2 valid scan configurations
2026-06-09 00:29:18,657 - INFO - ibkr.widgets.scanner_table - Scanner table ready for context-aware navigation
2026-06-09 00:29:18,668 - INFO - ibkr.widgets.scanner_table - Running EOD Finviz scan: Computer Hardware
2026-06-09 00:29:18,674 - INFO - chart_engine.core.ibkr_data_fetcher - Pre-warming dedicated IBKR history connection...
2026-06-09 00:29:18,678 - INFO - ib_insync.client - Connecting to 127.0.0.1:4002 with clientId 102...
2026-06-09 00:29:18,680 - INFO - chart_engine.drawings - Loaded global chart settings.
2026-06-09 00:29:18,979 - INFO - chart_engine.core.ibkr_data_fetcher - Chart data source=IBKR symbol=UMAC interval=day from=2025-11-20T14:59:18.979683-05:00 to=2026-06-08T14:59:18.979683-04:00 dedicated_history=True
2026-06-09 00:29:19,220 - INFO - chart_engine.core.ibkr_data_fetcher - IBKR chart history connected on 127.0.0.1:4002 clientId=102
2026-06-09 00:29:19,305 - INFO - ibkr.core.data_cache - MarketAwareDataCache initialised for IBKR/US market time
2026-06-09 00:29:19,307 - INFO - chart_engine.core.ibkr_data_fetcher - Chart data source=IBKR symbol=UMAC interval=60minute from=2026-04-19T14:59:19.307767-04:00 to=2026-06-08T14:59:19.307767-04:00 dedicated_history=True
2026-06-09 00:29:19,493 - INFO - chart_engine.drawings - Saved global chart settings.
2026-06-09 00:29:19,872 - INFO - ibkr.core.alert_management_system - Loaded 0 alerts from disk
2026-06-09 00:29:19,872 - INFO - ibkr.core.alert_management_system - AlertSystemManager ready
2026-06-09 00:29:19,873 - INFO - ibkr.core.alert_management_system - AlertEngine started
2026-06-09 00:29:19,873 - INFO - ibkr.core.main_window - Alert system initialized successfully.
2026-06-09 00:29:19,877 - INFO - ibkr.core.main_window - Connecting component signals...
2026-06-09 00:29:19,880 - INFO - ibkr.core.main_window - IBKR order lifecycle UI signals connected
2026-06-09 00:29:19,882 - INFO - ib_insync.client - Connecting to 127.0.0.1:4002 with clientId 101...
2026-06-09 00:29:19,903 - INFO - ibkr.core.main_window - Keyboard shortcuts initialized
2026-06-09 00:29:20,310 - INFO - ibkr.core.main_window - Subscription universe changed: 10 instruments (0 token-backed, +10/-0) sources={'charts': 2, 'header': 2}
2026-06-09 00:29:20,311 - INFO - ibkr.core.main_window - Window state restored
2026-06-09 00:29:20,312 - INFO - ibkr.core.main_window - Applied startup chart timeframes: left=day, right=60minute
2026-06-09 00:29:20,312 - INFO - ibkr.core.main_window - Simplified qullamaggie Window with Status Bar Initialized Successfully.
2026-06-09 00:29:20,313 - INFO - __main__ - Main window created successfully.
2026-06-09 00:29:20,386 - INFO - __main__ - Starting application event loop.
2026-06-09 00:29:20,387 - INFO - ibkr.core.market_data_worker - Dedicated IBKR market-data connection established on 127.0.0.1:4002 clientId=101
2026-06-09 00:29:20,390 - INFO - ibkr.core.market_data_worker - IBKR MarketDataWorker started
2026-06-09 00:29:20,391 - INFO - ibkr.core.market_data_worker - Requested IBKR delayed market data type (3); delayed fallback=False; generic ticks=''
2026-06-09 00:29:21,214 - INFO - chart_engine.core.ibkr_data_fetcher - Requesting IBKR historical data: UMAC conId=698227338 bar=1 day duration=200 D end=latest
2026-06-09 00:29:21,224 - INFO - chart_engine.core.ibkr_data_fetcher - Requesting IBKR historical data: UMAC conId=698227338 bar=30 mins duration=50 D end=latest
2026-06-09 00:29:21,321 - INFO - ibkr.core.main_window - IBKR loader: Building initial instrument list...
2026-06-09 00:29:21,350 - INFO - ibkr.core.main_window - Window state saved
2026-06-09 00:29:22,576 - WARNING - ibkr.core.main_window - IBKR market data is delayed (delayed); live subscription is unavailable.
2026-06-09 00:29:22,577 - INFO - ibkr.core.main_window - WebSocket connected. Setting up subscriptions.
2026-06-09 00:29:22,578 - INFO - ibkr.core.position_manager - Fetching positions from broker - Reason: ibkr_connected
2026-06-09 00:29:22,615 - INFO - ibkr.core.main_window - Added 24 widget market-data subscriptions (24 token-backed)
2026-06-09 00:29:22,617 - INFO - ibkr.core.position_manager - Position table changed: 24 open positions | open MTM -13933.18 | realized 0.00
2026-06-09 00:29:22,696 - INFO - ibkr.core.main_window - Successfully loaded 3798 instruments.
2026-06-09 00:29:22,697 - INFO - ibkr.widgets.header_toolbar - Search index ready: 3798 instruments
2026-06-09 00:29:22,885 - INFO - ibkr.widgets.scanner_table - EOD Scan completed: 24 symbols with complete data
2026-06-09 00:29:23,004 - INFO - ibkr.core.main_window - Instruments loaded successfully.
2026-06-09 00:29:23,029 - INFO - ibkr.core.main_window - IBKR loader: Loaded 181 symbols (qualifying in background...)
2026-06-09 00:29:23,132 - INFO - ibkr.core.position_manager - Fetching positions from broker - Reason: app_startup
2026-06-09 00:29:23,184 - INFO - ibkr.core.main_window - Position system initialized successfully
2026-06-09 00:29:23,351 - INFO - ibkr.widgets.scanner_table - EOD Scanner table updated with 24 symbols.
2026-06-09 00:29:23,437 - INFO - ibkr.core.network_monitor - NetworkMonitor started
2026-06-09 00:29:23,438 - INFO - ibkr.core.main_window - Network resilience layer initialized
2026-06-09 00:29:23,696 - INFO - ibkr.core.main_window - Subscription universe changed: 34 instruments (24 token-backed, +24/-0) sources={'positions': 24, 'charts': 2, 'watchlist': 1, 'header': 2}
2026-06-09 00:29:23,932 - INFO - ibkr.core.position_manager - Fetching positions from broker - Reason: instruments_loaded
2026-06-09 00:29:23,997 - INFO - ibkr.core.main_window - Chart auto-loading initiated
2026-06-09 00:29:23,998 - INFO - ibkr.core.main_window - Chart has active symbol UMAC but no rendered data; retrying historical load (conId=symbol-lookup)
2026-06-09 00:29:24,087 - INFO - chart_engine.core.ibkr_data_fetcher - Chart data source=IBKR symbol=UMAC interval=day from=2025-11-20T14:59:24.086735-05:00 to=2026-06-08T14:59:24.086735-04:00 dedicated_history=True
2026-06-09 00:29:24,292 - INFO - ibkr.core.network_monitor - Network confirmed online at startup
2026-06-09 00:29:25,358 - INFO - ibkr.core.market_data_worker - Subscribed IBKR market data: UMAC key=698227338 type=delayed
2026-06-09 00:29:25,361 - INFO - ibkr.core.market_data_worker - Subscribed IBKR market data: SPY key=756733 type=delayed
2026-06-09 00:29:25,362 - INFO - ibkr.core.market_data_worker - Subscribed IBKR market data: IONQ key=517593749 type=delayed
2026-06-09 00:29:25,362 - INFO - ibkr.core.market_data_worker - Subscribed IBKR market data: KTCC key=271042 type=delayed
2026-06-09 00:29:25,363 - INFO - ibkr.core.market_data_worker - Subscribed IBKR market data: LOGI key=41475996 type=delayed
2026-06-09 00:29:25,363 - INFO - ibkr.core.market_data_worker - Subscribed IBKR market data: OSS key=305186144 type=delayed
2026-06-09 00:29:25,366 - INFO - ibkr.core.market_data_worker - Subscribed IBKR market data: QMCO key=725237355 type=delayed
2026-06-09 00:29:25,368 - INFO - ibkr.core.market_data_worker - Subscribed IBKR market data: SMCI key=731466419 type=delayed
2026-06-09 00:29:25,368 - INFO - ibkr.core.market_data_worker - Subscribed IBKR market data: HPQ key=209411801 type=delayed
2026-06-09 00:29:25,369 - INFO - ibkr.core.market_data_worker - Subscribed IBKR market data: QQQ key=320227571 type=delayed
2026-06-09 00:29:25,968 - WARNING - ibkr.core.market_data_worker - IBKR market data notice for UMAC: Requested market data is not subscribed. Displaying delayed market data. (10167)
2026-06-09 00:29:26,259 - WARNING - ibkr.core.market_data_worker - IBKR market data notice for SPY: Requested market data is not subscribed. Displaying delayed market data. (10167)
2026-06-09 00:29:26,260 - WARNING - ibkr.core.market_data_worker - IBKR market data notice for IONQ: Requested market data is not subscribed. Displaying delayed market data. (10167)
2026-06-09 00:29:26,260 - WARNING - ibkr.core.market_data_worker - IBKR market data notice for LOGI: Requested market data is not subscribed. Displaying delayed market data. (10167)
2026-06-09 00:29:26,285 - WARNING - ibkr.core.market_data_worker - IBKR market data notice for KTCC: Requested market data is not subscribed. Displaying delayed market data. (10167)
2026-06-09 00:29:26,404 - INFO - chart_engine.core.ibkr_data_fetcher - Chart data fetch complete source=IBKR symbol=UMAC bars=136
2026-06-09 00:29:26,663 - WARNING - ibkr.core.market_data_worker - IBKR market data notice for OSS: Requested market data is not subscribed. Displaying delayed market data. (10167)
2026-06-09 00:29:26,956 - INFO - ibkr.core.main_window - Chart panes revealed after initial symbol render: UMAC
2026-06-09 00:29:26,957 - INFO - ibkr.core.main_window - Chart symbol changed to: UMAC
2026-06-09 00:29:26,957 - WARNING - ibkr.core.market_data_worker - IBKR market data notice for QMCO: Requested market data is not subscribed. Displaying delayed market data. (10167)
2026-06-09 00:29:26,958 - INFO - ibkr.core.main_window - Added chart symbol UMAC to subscription
2026-06-09 00:29:26,958 - WARNING - ibkr.core.market_data_worker - IBKR market data notice for SMCI: Requested market data is not subscribed. Displaying delayed market data. (10167)
2026-06-09 00:29:26,961 - INFO - ibkr.core.main_window - Ensured subscription for chart symbol UMAC
2026-06-09 00:29:26,965 - INFO - chart_engine.core.chart_widget - Chart HTML loaded: UMAC (136 candles)
2026-06-09 00:29:27,031 - WARNING - ibkr.core.market_data_worker - IBKR market data notice for HPQ: Requested market data is not subscribed. Displaying delayed market data. (10167)
2026-06-09 00:29:27,032 - WARNING - ibkr.core.market_data_worker - IBKR market data notice for QQQ: Requested market data is not subscribed. Displaying delayed market data. (10167)
2026-06-09 00:29:28,290 - INFO - chart_engine.core.ibkr_data_fetcher - Chart data fetch complete source=IBKR symbol=UMAC bars=349
2026-06-09 00:29:28,462 - INFO - chart_engine.core.chart_widget - Chart HTML loaded: UMAC (349 candles)
2026-06-09 00:29:30,126 - INFO - ibkr.core.market_data_worker - Subscribed IBKR market data: NVDA key=4815747 type=delayed
2026-06-09 00:29:30,127 - INFO - ibkr.core.market_data_worker - Subscribed IBKR market data: TACT key=6858145 type=delayed
2026-06-09 00:29:30,127 - INFO - ibkr.core.market_data_worker - Subscribed IBKR market data: BAX key=8111188 type=delayed
2026-06-09 00:29:30,128 - INFO - ibkr.core.market_data_worker - Subscribed IBKR market data: TSLA key=76792991 type=delayed
2026-06-09 00:29:30,131 - INFO - ibkr.core.market_data_worker - Subscribed IBKR market data: PTCT key=129374415 type=delayed
2026-06-09 00:29:30,132 - INFO - ibkr.core.market_data_worker - Subscribed IBKR market data: VCYT key=137537411 type=delayed
2026-06-09 00:29:30,132 - INFO - ibkr.core.market_data_worker - Subscribed IBKR market data: ASX key=314244771 type=delayed
2026-06-09 00:29:30,136 - INFO - ibkr.core.market_data_worker - Subscribed IBKR market data: DELL key=346218218 type=delayed
2026-06-09 00:29:30,137 - INFO - ibkr.core.market_data_worker - Subscribed IBKR market data: AVTR key=366131368 type=delayed
2026-06-09 00:29:30,137 - INFO - ibkr.core.market_data_worker - Subscribed IBKR market data: MTA key=395717235 type=delayed
2026-06-09 00:29:30,137 - INFO - ibkr.core.market_data_worker - Subscribed IBKR market data: CRSR key=446872191 type=delayed
2026-06-09 00:29:30,141 - INFO - ibkr.core.market_data_worker - Subscribed IBKR market data: DRS key=478483396 type=delayed
2026-06-09 00:29:30,142 - INFO - ibkr.core.market_data_worker - Subscribed IBKR market data: RDW key=512000171 type=delayed
2026-06-09 00:29:30,142 - INFO - ibkr.core.market_data_worker - Subscribed IBKR market data: GFS key=523222624 type=delayed
2026-06-09 00:29:30,142 - INFO - ibkr.core.market_data_worker - Subscribed IBKR market data: QBTS key=578031277 type=delayed
2026-06-09 00:29:30,143 - INFO - ibkr.core.market_data_worker - Subscribed IBKR market data: LUNR key=613910262 type=delayed
2026-06-09 00:29:30,143 - INFO - ibkr.core.market_data_worker - Subscribed IBKR market data: ARM key=653400472 type=delayed
2026-06-09 00:29:30,144 - INFO - ibkr.core.market_data_worker - Subscribed IBKR market data: SIDU key=673368857 type=delayed
2026-06-09 00:29:30,144 - INFO - ibkr.core.market_data_worker - Subscribed IBKR market data: DPRO key=725468685 type=delayed
2026-06-09 00:29:30,144 - INFO - ibkr.core.market_data_worker - Subscribed IBKR market data: SNDK key=760250490 type=delayed
2026-06-09 00:29:30,145 - INFO - ibkr.core.market_data_worker - Subscribed IBKR market data: RKLB key=787273575 type=delayed
2026-06-09 00:29:30,145 - INFO - ibkr.core.market_data_worker - Subscribed IBKR market data: SPRC key=860471331 type=delayed
2026-06-09 00:29:30,585 - WARNING - ibkr.core.market_data_worker - IBKR market data notice for NVDA: Requested market data is not subscribed. Displaying delayed market data. (10167)
2026-06-09 00:29:30,586 - WARNING - ibkr.core.market_data_worker - IBKR market data notice for TACT: Requested market data is not subscribed. Displaying delayed market data. (10167)
2026-06-09 00:29:30,804 - WARNING - ibkr.core.market_data_worker - IBKR market data notice for BAX: Requested market data is not subscribed. Displaying delayed market data. (10167)
2026-06-09 00:29:30,805 - WARNING - ibkr.core.market_data_worker - IBKR market data notice for TSLA: Requested market data is not subscribed. Displaying delayed market data. (10167)
2026-06-09 00:29:30,820 - WARNING - ibkr.core.market_data_worker - IBKR market data notice for PTCT: Requested market data is not subscribed. Displaying delayed market data. (10167)
2026-06-09 00:29:30,821 - WARNING - ibkr.core.market_data_worker - IBKR market data notice for VCYT: Requested market data is not subscribed. Displaying delayed market data. (10167)
2026-06-09 00:29:30,868 - WARNING - ibkr.core.market_data_worker - IBKR market data notice for ASX: Requested market data is not subscribed. Displaying delayed market data. (10167)
2026-06-09 00:29:30,868 - WARNING - ibkr.core.market_data_worker - IBKR market data notice for DELL: Requested market data is not subscribed. Displaying delayed market data. (10167)
2026-06-09 00:29:31,102 - WARNING - ibkr.core.market_data_worker - IBKR market data notice for AVTR: Requested market data is not subscribed. Displaying delayed market data. (10167)
2026-06-09 00:29:31,154 - WARNING - ibkr.core.market_data_worker - IBKR market data notice for MTA: Requested market data is not subscribed. Displaying delayed market data. (10167)
2026-06-09 00:29:31,541 - WARNING - ibkr.core.market_data_worker - IBKR market data notice for CRSR: Requested market data is not subscribed. Displaying delayed market data. (10167)
2026-06-09 00:29:31,622 - WARNING - ibkr.core.market_data_worker - IBKR market data notice for DRS: Requested market data is not subscribed. Displaying delayed market data. (10167)
2026-06-09 00:29:31,670 - WARNING - ibkr.core.market_data_worker - IBKR market data notice for RDW: Requested market data is not subscribed. Displaying delayed market data. (10167)
2026-06-09 00:29:31,670 - WARNING - ibkr.core.market_data_worker - IBKR market data notice for GFS: Requested market data is not subscribed. Displaying delayed market data. (10167)
2026-06-09 00:29:31,691 - WARNING - ibkr.core.market_data_worker - IBKR market data notice for QBTS: Requested market data is not subscribed. Displaying delayed market data. (10167)
2026-06-09 00:29:31,696 - WARNING - ibkr.core.market_data_worker - IBKR market data notice for LUNR: Requested market data is not subscribed. Displaying delayed market data. (10167)
2026-06-09 00:29:31,735 - WARNING - ibkr.core.market_data_worker - IBKR market data notice for ARM: Requested market data is not subscribed. Displaying delayed market data. (10167)
2026-06-09 00:29:31,738 - WARNING - ibkr.core.market_data_worker - IBKR market data notice for SIDU: Requested market data is not subscribed. Displaying delayed market data. (10167)
2026-06-09 00:29:31,744 - WARNING - ibkr.core.market_data_worker - IBKR market data notice for DPRO: Requested market data is not subscribed. Displaying delayed market data. (10167)
2026-06-09 00:29:31,751 - WARNING - ibkr.core.market_data_worker - IBKR market data notice for SNDK: Requested market data is not subscribed. Displaying delayed market data. (10167)
2026-06-09 00:29:31,752 - WARNING - ibkr.core.market_data_worker - IBKR market data notice for RKLB: Requested market data is not subscribed. Displaying delayed market data. (10167)
2026-06-09 00:29:31,752 - WARNING - ibkr.core.market_data_worker - IBKR market data notice for SPRC: Requested market data is not subscribed. Displaying delayed market data. (10167)
2026-06-09 00:29:41,873 - INFO - chart_engine.core.ibkr_data_fetcher - Chart data source=IBKR symbol=QTEX interval=day from=2025-11-20T14:59:41.873252-05:00 to=2026-06-08T14:59:41.873252-04:00 dedicated_history=True
2026-06-09 00:29:41,876 - INFO - chart_engine.core.ibkr_data_fetcher - Requesting IBKR historical data: QTEX conId=479807369 bar=1 day duration=200 D end=latest
2026-06-09 00:29:41,891 - INFO - chart_engine.core.ibkr_data_fetcher - Chart data source=IBKR symbol=QTEX interval=60minute from=2026-04-19T14:59:41.891541-04:00 to=2026-06-08T14:59:41.891541-04:00 dedicated_history=True
2026-06-09 00:29:41,892 - INFO - chart_engine.core.ibkr_data_fetcher - Requesting IBKR historical data: QTEX conId=479807369 bar=30 mins duration=50 D end=latest
2026-06-09 00:29:43,581 - INFO - chart_engine.core.ibkr_data_fetcher - Chart data fetch complete source=IBKR symbol=QTEX bars=136
2026-06-09 00:29:43,627 - INFO - chart_engine.drawings - Loaded global chart settings.
2026-06-09 00:29:43,629 - INFO - chart_engine.drawings - Saved global chart settings.
2026-06-09 00:29:43,632 - INFO - ibkr.core.main_window - Chart symbol changed to: QTEX
2026-06-09 00:29:43,633 - INFO - ibkr.core.main_window - Added chart symbol QTEX to subscription
2026-06-09 00:29:43,633 - INFO - ibkr.core.main_window - Ensured subscription for chart symbol QTEX
2026-06-09 00:29:43,633 - INFO - chart_engine.core.chart_widget - Chart seamlessly updated: QTEX (136 candles)
2026-06-09 00:29:43,948 - INFO - ibkr.core.market_data_worker - Subscribed IBKR market data: QTEX key=479807369 type=delayed
2026-06-09 00:29:44,002 - INFO - ibkr.core.main_window - Subscription universe changed: 34 instruments (24 token-backed, +1/-1) sources={'positions': 24, 'charts': 2, 'watchlist': 1, 'header': 2}
2026-06-09 00:29:44,245 - INFO - chart_engine.core.ibkr_data_fetcher - Chart data fetch complete source=IBKR symbol=QTEX bars=335
2026-06-09 00:29:44,334 - WARNING - ibkr.core.market_data_worker - IBKR market data notice for QTEX: Requested market data is not subscribed. Displaying delayed market data. (10167)
2026-06-09 00:29:44,347 - INFO - chart_engine.core.chart_widget - Chart seamlessly updated: QTEX (335 candles)
2026-06-09 00:29:50,004 - INFO - chart_engine.core.ibkr_data_fetcher - Chart data source=IBKR symbol=ARM interval=day from=2025-11-20T14:59:50.004014-05:00 to=2026-06-08T14:59:50.004014-04:00 dedicated_history=True
2026-06-09 00:29:50,022 - INFO - chart_engine.core.ibkr_data_fetcher - Chart data source=IBKR symbol=ARM interval=60minute from=2026-04-19T14:59:50.021992-04:00 to=2026-06-08T14:59:50.021992-04:00 dedicated_history=True
2026-06-09 00:29:50,306 - INFO - chart_engine.core.ibkr_data_fetcher - Requesting IBKR historical data: ARM conId=653400472 bar=1 day duration=200 D end=latest
2026-06-09 00:29:50,614 - INFO - chart_engine.core.ibkr_data_fetcher - Requesting IBKR historical data: ARM conId=653400472 bar=30 mins duration=50 D end=latest
2026-06-09 00:29:52,064 - INFO - chart_engine.core.ibkr_data_fetcher - Chart data fetch complete source=IBKR symbol=ARM bars=136
2026-06-09 00:29:52,130 - INFO - chart_engine.drawings - Loaded state for ARM (day) — 0 drawings
2026-06-09 00:29:52,138 - INFO - ibkr.core.main_window - Chart symbol changed to: ARM
2026-06-09 00:29:52,138 - INFO - ibkr.core.main_window - Added chart symbol ARM to subscription
2026-06-09 00:29:52,139 - INFO - ibkr.core.main_window - Ensured subscription for chart symbol ARM
2026-06-09 00:29:52,139 - INFO - chart_engine.core.chart_widget - Chart seamlessly updated: ARM (136 candles)
2026-06-09 00:29:52,494 - INFO - ibkr.core.market_data_worker - Unsubscribed IBKR market data: QTEX
2026-06-09 00:29:52,777 - ERROR - ib_insync.wrapper - Error 300, reqId 178: Can't find EId with tickerId:178
2026-06-09 00:29:52,778 - WARNING - ibkr.core.market_data_worker - IBKR API error for reqId=178: Can't find EId with tickerId:178 (300)
2026-06-09 00:29:53,091 - INFO - chart_engine.core.ibkr_data_fetcher - Chart data fetch complete source=IBKR symbol=ARM bars=349
2026-06-09 00:29:53,185 - INFO - chart_engine.drawings - Loaded state for ARM (60minute) — 0 drawings
2026-06-09 00:29:53,204 - INFO - chart_engine.core.chart_widget - Chart seamlessly updated: ARM (349 candles)
2026-06-09 00:29:59,868 - INFO - chart_engine.core.ibkr_data_fetcher - Chart data source=IBKR symbol=VCYT interval=day from=2025-11-20T14:59:59.867049-05:00 to=2026-06-08T14:59:59.867049-04:00 dedicated_history=True
2026-06-09 00:29:59,888 - INFO - chart_engine.core.ibkr_data_fetcher - Chart data source=IBKR symbol=VCYT interval=60minute from=2026-04-19T14:59:59.887745-04:00 to=2026-06-08T14:59:59.887745-04:00 dedicated_history=True
2026-06-09 00:30:00,171 - INFO - chart_engine.core.ibkr_data_fetcher - Requesting IBKR historical data: VCYT conId=137537411 bar=1 day duration=200 D end=latest
2026-06-09 00:30:00,442 - INFO - chart_engine.core.ibkr_data_fetcher - Requesting IBKR historical data: VCYT conId=137537411 bar=30 mins duration=50 D end=latest
2026-06-09 00:30:01,911 - INFO - chart_engine.core.ibkr_data_fetcher - Chart data fetch complete source=IBKR symbol=VCYT bars=136
2026-06-09 00:30:02,068 - INFO - ibkr.core.main_window - Chart symbol changed to: VCYT
2026-06-09 00:30:02,068 - INFO - ibkr.core.main_window - Added chart symbol VCYT to subscription
2026-06-09 00:30:02,069 - INFO - ibkr.core.main_window - Ensured subscription for chart symbol VCYT
2026-06-09 00:30:02,069 - INFO - chart_engine.core.chart_widget - Chart seamlessly updated: VCYT (136 candles)
2026-06-09 00:30:02,558 - INFO - chart_engine.core.ibkr_data_fetcher - Chart data fetch complete source=IBKR symbol=VCYT bars=349
2026-06-09 00:30:02,619 - INFO - chart_engine.core.chart_widget - Chart seamlessly updated: VCYT (349 candles)
2026-06-09 00:30:09,951 - INFO - ibkr.core.main_window - [ENTRY] Placing order: {'action': 'SELL', 'currency': 'USD', 'exchange': 'SMART', 'orderRef': 'QULL-SWING-VCYT', 'orderType': 'MKT', 'order_type': 'MKT', 'outsideRth': False, 'outside_rth': False, 'price': 0.0, 'primaryExch': '', 'primaryExchange': '', 'primary_exchange': '', 'product': 'IBKR', 'quantity': 2, 'route': 'AUTO', 'secType': 'STK', 'sec_type': 'STK', 'symbol': 'VCYT', 'tag': 'terminal-ibkr-swing', 'tif': 'DAY', 'totalQuantity': 2, 'tradingsymbol': 'VCYT', 'transaction_type': 'SELL', 'transmit': True, 'trigger_price': 0.0, 'validity': 'DAY', 'variety': 'regular'}
2026-06-09 00:30:09,954 - INFO - ibkr.core.position_manager - Started IBKR pending-order position sync (order_open)
2026-06-09 00:30:10,013 - INFO - ibkr.core.trade_logger - Queued order placement for logging: 344
2026-06-09 00:30:10,013 - INFO - ibkr.core.main_window - Order queued for logging: 344
2026-06-09 00:30:10,014 - INFO - ibkr.core.main_window - [ENTRY] Order accepted by broker: {'order_id': '344', 'perm_id': '', 'tradingsymbol': 'VCYT', 'symbol': 'VCYT', 'exchange': 'SMART', 'instrument_token': 137537411, 'transaction_type': 'SELL', 'order_type': 'MARKET', 'quantity': 2, 'price': 0.0, 'trigger_price': 0.0, 'status': 'PENDING', 'raw_status': 'PendingSubmit', 'status_message': '', 'filled_quantity': 0, 'pending_quantity': 0, 'average_price': 0.0, 'timestamp': '2026-06-08T15:00:09.956943', 'product': 'IBKR', 'accepted': True}
2026-06-09 00:30:10,014 - INFO - ibkr.widgets.order_dialog - [OrderDialog] SELL 2 VCYT [SMART/MKT]
2026-06-09 00:30:10,086 - INFO - ibkr.core.position_manager - Fetching positions from broker - Reason: order_accepted
2026-06-09 00:30:19,258 - INFO - ibkr.core.data_cache - US market-open cache flush complete; intraday entries cleared
2026-06-09 00:30:41,421 - INFO - chart_engine.drawings - Loaded global chart settings.
2026-06-09 00:30:41,422 - INFO - chart_engine.drawings - Saved global chart settings.
2026-06-09 00:30:41,473 - INFO - chart_engine.drawings - Saved state for VCYT (day) — 0 drawings
2026-06-09 00:31:04,259 - INFO - chart_engine.core.ibkr_data_fetcher - Chart data source=IBKR symbol=VCYT interval=60minute from=2026-04-19T15:01:04.259267-04:00 to=2026-06-08T15:01:04.259267-04:00 dedicated_history=True
2026-06-09 00:31:04,260 - INFO - chart_engine.core.ibkr_data_fetcher - Requesting IBKR historical data: VCYT conId=137537411 bar=30 mins duration=50 D end=latest
2026-06-09 00:31:05,465 - INFO - chart_engine.core.ibkr_data_fetcher - Chart data fetch complete source=IBKR symbol=VCYT bars=349
2026-06-09 00:31:05,507 - INFO - chart_engine.drawings - Loaded state for VCYT (60minute) — 0 drawings
2026-06-09 00:31:05,507 - INFO - chart_engine.drawings - Loaded global chart settings.
2026-06-09 00:31:05,508 - INFO - chart_engine.drawings - Saved global chart settings.
2026-06-09 00:31:05,513 - INFO - ibkr.core.main_window - Ensured subscription for chart symbol VCYT
2026-06-09 00:31:05,513 - INFO - chart_engine.core.chart_widget - Chart seamlessly updated: VCYT (349 candles)
2026-06-09 00:31:31,678 - INFO - ibkr.core.main_window - Pending orders dialog opened
2026-06-09 00:32:04,261 - INFO - chart_engine.core.ibkr_data_fetcher - Chart data source=IBKR symbol=VCYT interval=60minute from=2026-04-19T15:02:04.261035-04:00 to=2026-06-08T15:02:04.261035-04:00 dedicated_history=True
2026-06-09 00:32:04,265 - INFO - chart_engine.core.ibkr_data_fetcher - Requesting IBKR historical data: VCYT conId=137537411 bar=30 mins duration=50 D end=latest
2026-06-09 00:32:05,537 - INFO - chart_engine.core.ibkr_data_fetcher - Chart data fetch complete source=IBKR symbol=VCYT bars=349
2026-06-09 00:32:05,634 - INFO - chart_engine.drawings - Loaded state for VCYT (60minute) — 0 drawings
2026-06-09 00:32:05,635 - INFO - chart_engine.drawings - Loaded global chart settings.
2026-06-09 00:32:05,637 - INFO - chart_engine.drawings - Saved global chart settings.
2026-06-09 00:32:05,645 - INFO - ibkr.core.main_window - Ensured subscription for chart symbol VCYT
2026-06-09 00:32:05,645 - INFO - chart_engine.core.chart_widget - Chart seamlessly updated: VCYT (349 candles)
2026-06-09 00:32:12,705 - INFO - chart_engine.core.ibkr_data_fetcher - Chart data source=IBKR symbol=SIDU interval=day from=2025-11-20T15:02:12.704690-05:00 to=2026-06-08T15:02:12.704690-04:00 dedicated_history=True
2026-06-09 00:32:12,718 - INFO - chart_engine.core.ibkr_data_fetcher - Chart data source=IBKR symbol=SIDU interval=60minute from=2026-04-19T15:02:12.718674-04:00 to=2026-06-08T15:02:12.718674-04:00 dedicated_history=True
2026-06-09 00:32:12,886 - INFO - chart_engine.core.ibkr_data_fetcher - Chart data source=IBKR symbol=SIDU interval=day from=2025-11-20T15:02:12.886187-05:00 to=2026-06-08T15:02:12.886187-04:00 dedicated_history=True
2026-06-09 00:32:12,897 - INFO - chart_engine.core.ibkr_data_fetcher - Chart data source=IBKR symbol=SIDU interval=60minute from=2026-04-19T15:02:12.897665-04:00 to=2026-06-08T15:02:12.897665-04:00 dedicated_history=True
2026-06-09 00:32:13,009 - INFO - chart_engine.core.ibkr_data_fetcher - Requesting IBKR historical data: SIDU conId=673368857 bar=1 day duration=200 D end=latest
2026-06-09 00:32:13,332 - INFO - chart_engine.core.ibkr_data_fetcher - Requesting IBKR historical data: SIDU conId=673368857 bar=30 mins duration=50 D end=latest
2026-06-09 00:32:14,771 - INFO - chart_engine.core.ibkr_data_fetcher - Chart data fetch complete source=IBKR symbol=SIDU bars=136
2026-06-09 00:32:14,845 - INFO - ibkr.core.main_window - Chart symbol changed to: SIDU
2026-06-09 00:32:14,845 - INFO - ibkr.core.main_window - Added chart symbol SIDU to subscription
2026-06-09 00:32:14,846 - INFO - ibkr.core.main_window - Ensured subscription for chart symbol SIDU
2026-06-09 00:32:14,846 - INFO - chart_engine.core.chart_widget - Chart seamlessly updated: SIDU (136 candles)
2026-06-09 00:32:15,187 - INFO - ibkr.core.main_window - Subscription universe changed: 34 instruments (24 token-backed, +1/-1) sources={'positions': 24, 'charts': 2, 'watchlist': 1, 'header': 2}
2026-06-09 00:32:15,570 - INFO - chart_engine.core.ibkr_data_fetcher - Chart data fetch complete source=IBKR symbol=SIDU bars=349
2026-06-09 00:32:15,663 - INFO - chart_engine.core.chart_widget - Chart seamlessly updated: SIDU (349 candles)
2026-06-09 00:32:29,916 - INFO - ibkr.core.shutdown_manager - closeEvent received — beginning fast IBKR shutdown
2026-06-09 00:32:29,917 - INFO - ibkr.core.shutdown_manager - === Fast IBKR window-close shutdown starting ===
2026-06-09 00:32:29,917 - INFO - ibkr.core.shutdown_manager - Shutdown: [save_window_state]…
2026-06-09 00:32:29,919 - INFO - ibkr.core.main_window - Window state saved
2026-06-09 00:32:29,919 - INFO - ibkr.core.shutdown_manager - Shutdown: [save_window_state] ✓
2026-06-09 00:32:29,921 - INFO - ibkr.core.shutdown_manager - Shutdown: [save_chart_state]…
2026-06-09 00:32:29,932 - INFO - ibkr.core.shutdown_manager - Shutdown: [save_chart_state] ✓
2026-06-09 00:32:29,932 - INFO - ibkr.core.shutdown_manager - Shutdown: [stop_remaining_timers]…
2026-06-09 00:32:29,945 - INFO - ibkr.core.shutdown_manager - Shutdown: [stop_remaining_timers] ✓
2026-06-09 00:32:29,945 - INFO - ibkr.core.shutdown_manager - === Fast IBKR window-close shutdown complete ===
2026-06-09 00:32:29,952 - INFO - __main__ - Shutting down and cleaning up resources...
2026-06-09 00:32:29,953 - INFO - __main__ - Skipping broker disconnect during fast window-close shutdown.
2026-06-09 00:32:29,953 - INFO - __main__ - Cleanup complete.
