2026-06-10 23:08:50,208 - INFO - login_setup.login_setup_config - qullamaggie v1.0.0 starting...
2026-06-10 23:08:50,208 - INFO - login_setup.login_setup_config - Logging to file: /home/kavi/Desktop/Python_Projects/swing_trader/logs/qullamaggie_20260610_230850.log
2026-06-10 23:08:50,208 - INFO - login_setup.login_setup_config - Fatal crash diagnostics enabled for all threads.
2026-06-10 23:08:50,208 - INFO - __main__ - 🚀 Starting qullamaggie Application...
2026-06-10 23:08:50,347 - INFO - __main__ - Application icon loaded from: /home/kavi/Desktop/Python_Projects/swing_trader/assets/qullamaggie_swing_trader_icon.svg
2026-06-10 23:08:52,271 - INFO - ib_insync.client - Connecting to 127.0.0.1:4002 with clientId 1...
2026-06-10 23:08:52,273 - INFO - ib_insync.client - Connected
2026-06-10 23:08:52,287 - INFO - ib_insync.client - Logged on to server version 176
2026-06-10 23:08:52,327 - INFO - ib_insync.client - API connection ready
2026-06-10 23:08:52,763 - INFO - __main__ - Authenticated for broker: america
2026-06-10 23:08:52,764 - INFO - __main__ - Initializing trading and data clients...
2026-06-10 23:08:52,764 - INFO - login_setup.broker_factory - Creating america client for live trading
2026-06-10 23:08:52,765 - INFO - login_setup.broker_factory - IBKR client created with accounts: ['DUQ624205']
2026-06-10 23:08:52,773 - INFO - ibkr.core.trading_client - Subscribed to IBKR real-time order events
2026-06-10 23:08:52,773 - INFO - ibkr.core.trading_client - IBKR trading client startup snapshots deferred; using local cache/event sync
2026-06-10 23:08:52,774 - INFO - __main__ - Trading client created; creating data client...
2026-06-10 23:08:52,774 - INFO - login_setup.broker_factory - Creating data client for america
2026-06-10 23:08:52,774 - INFO - __main__ - Data client created; validating connection state...
2026-06-10 23:08:52,774 - INFO - __main__ - Trading client connected: True
2026-06-10 23:08:52,775 - INFO - __main__ - Data client connected: True
2026-06-10 23:08:52,775 - INFO - __main__ - Clients initialized successfully.
2026-06-10 23:08:52,775 - INFO - login_setup.broker_factory - Added america client to manager
2026-06-10 23:08:52,775 - INFO - login_setup.broker_factory - Started connection monitoring for america
2026-06-10 23:08:52,776 - INFO - __main__ - Creating main window for america...
2026-06-10 23:08:52,776 - INFO - login_setup.broker_factory - Dynamically loading main window from: ibkr.core.main_window
2026-06-10 23:08:53,731 - INFO - ibkr.core.trade_logger - Trade history database for 'live' mode at: /home/kavi/.qullamaggie/trade_history_live.db
2026-06-10 23:08:53,732 - INFO - ibkr.core.trade_logger - TradeLogger initialized with background processing
2026-06-10 23:08:53,733 - INFO - ibkr.core.trade_logger - DatabaseWorker processing started
2026-06-10 23:08:53,736 - INFO - ibkr.core.position_manager - ✅ Connected to trader.order_status_updated signal - orders will sync immediately
2026-06-10 23:08:53,736 - INFO - ibkr.core.position_manager - ✅ Connected to trader.position_updated signal - positions will sync immediately
2026-06-10 23:08:53,737 - INFO - ibkr.core.position_manager - ✅ Connected to trader.connection_status_changed signal
2026-06-10 23:08:53,740 - INFO - ibkr.core.trade_logger - Database initialization completed
2026-06-10 23:08:53,801 - INFO - ibkr.widgets.scanner_table - Loaded 2 valid scan configurations
2026-06-10 23:08:53,818 - INFO - ibkr.widgets.scanner_table - Scanner table ready for context-aware navigation
2026-06-10 23:08:53,828 - INFO - chart_engine.drawings - Loaded global chart settings.
2026-06-10 23:08:54,159 - INFO - ibkr.core.data_cache - MarketAwareDataCache initialised for IBKR/US market time
2026-06-10 23:08:54,251 - INFO - chart_engine.drawings - Saved global chart settings.
2026-06-10 23:08:54,456 - INFO - ibkr.core.alert_management_system - Loaded 0 alerts from disk
2026-06-10 23:08:54,457 - INFO - ibkr.core.alert_management_system - AlertSystemManager ready
2026-06-10 23:08:54,458 - INFO - ibkr.core.alert_management_system - AlertEngine started
2026-06-10 23:08:54,458 - INFO - ibkr.core.main_window - Alert system initialized successfully.
2026-06-10 23:08:54,459 - INFO - ibkr.core.main_window - Connecting component signals...
2026-06-10 23:08:54,459 - INFO - ibkr.core.main_window - IBKR order lifecycle UI signals connected
2026-06-10 23:08:54,464 - INFO - ibkr.core.main_window - Keyboard shortcuts initialized
2026-06-10 23:08:54,602 - INFO - ibkr.core.main_window - Window state restored
2026-06-10 23:08:54,650 - INFO - ibkr.core.main_window - Applied startup chart timeframes: left=day, right=60minute
2026-06-10 23:08:54,650 - INFO - ibkr.core.main_window - Simplified qullamaggie Window with Status Bar Initialized Successfully.
2026-06-10 23:08:54,650 - INFO - __main__ - Main window created successfully.
2026-06-10 23:08:54,742 - INFO - __main__ - Starting application event loop.
2026-06-10 23:08:55,330 - INFO - ibkr.core.main_window - Starting deferred IBKR post-show workers
2026-06-10 23:08:55,331 - INFO - chart_engine.core.ibkr_data_fetcher - Pre-warming dedicated IBKR history connection...
2026-06-10 23:08:55,337 - INFO - ib_insync.client - Connecting to 127.0.0.1:4002 with clientId 102...
2026-06-10 23:08:55,363 - INFO - ib_insync.client - Connecting to 127.0.0.1:4002 with clientId 101...
2026-06-10 23:08:55,433 - INFO - ibkr.core.main_window - IBKR loader: Building initial instrument list...
2026-06-10 23:08:56,049 - INFO - ibkr.core.main_window - Successfully loaded 226 instruments.
2026-06-10 23:08:56,050 - INFO - ibkr.widgets.header_toolbar - Search index ready: 226 instruments
2026-06-10 23:08:56,052 - INFO - ibkr.core.main_window - Instruments loaded successfully.
2026-06-10 23:08:56,053 - INFO - ibkr.core.main_window - IBKR loader: Loaded 181 symbols (qualifying in background...)
2026-06-10 23:08:56,096 - INFO - ibkr.widgets.scanner_table - Running EOD Finviz scan: Semiconductors
2026-06-10 23:08:56,337 - INFO - ibkr.core.main_window - Subscription universe changed: 2 instruments (0 token-backed, +2/-0) sources={'header': 2}
2026-06-10 23:08:56,672 - INFO - chart_engine.core.ibkr_data_fetcher - IBKR chart history connected on 127.0.0.1:4002 clientId=102
2026-06-10 23:08:56,775 - INFO - ibkr.core.market_data_worker - Dedicated IBKR market-data connection established on 127.0.0.1:4002 clientId=101
2026-06-10 23:08:56,776 - INFO - ibkr.core.market_data_worker - IBKR MarketDataWorker started
2026-06-10 23:08:56,787 - INFO - ibkr.core.market_data_worker - Requested IBKR delayed market data type (3); delayed fallback=False; generic ticks=''
2026-06-10 23:08:56,788 - WARNING - ibkr.core.main_window - IBKR market data is delayed (delayed); live subscription is unavailable.
2026-06-10 23:08:56,805 - INFO - ibkr.core.main_window - WebSocket connected. Setting up subscriptions.
2026-06-10 23:08:56,806 - INFO - ibkr.core.position_manager - Fetching positions from broker - Reason: ibkr_connected
2026-06-10 23:08:56,842 - INFO - ibkr.core.main_window - Added 20 widget market-data subscriptions (20 token-backed)
2026-06-10 23:08:56,853 - INFO - ibkr.core.position_manager - Position table changed: 20 open positions | open MTM -43933.60 | realized 0.00
2026-06-10 23:08:57,101 - INFO - ibkr.core.position_manager - Fetching positions from broker - Reason: instruments_loaded
2026-06-10 23:08:57,164 - INFO - ibkr.core.main_window - Chart auto-loading initiated
2026-06-10 23:08:57,194 - INFO - ibkr.core.main_window - Auto-loading startup chart symbol: IONQ
2026-06-10 23:08:57,216 - INFO - chart_engine.core.ibkr_data_fetcher - Chart data source=IBKR symbol=IONQ interval=day from=2026-03-02T13:38:57.213985-05:00 to=2026-06-10T13:38:57.213985-04:00 dedicated_history=True
2026-06-10 23:08:57,232 - INFO - chart_engine.core.ibkr_data_fetcher - Chart data source=IBKR symbol=IONQ interval=60minute from=2026-04-21T13:38:57.231778-04:00 to=2026-06-10T13:38:57.231778-04:00 dedicated_history=True
2026-06-10 23:08:57,235 - INFO - ibkr.core.main_window - Subscription universe changed: 23 instruments (20 token-backed, +21/-0) sources={'positions': 20, 'charts': 2, 'header': 2}
2026-06-10 23:08:57,282 - INFO - ibkr.core.position_manager - Fetching positions from broker - Reason: app_startup
2026-06-10 23:08:57,344 - INFO - ibkr.core.main_window - Position system initialized successfully
2026-06-10 23:08:57,380 - INFO - ibkr.core.market_data_worker - Subscribed IBKR market data: SPY key=756733 type=delayed
2026-06-10 23:08:57,389 - INFO - ibkr.core.market_data_worker - Subscribed IBKR market data: QQQ key=320227571 type=delayed
2026-06-10 23:08:57,616 - INFO - ibkr.core.network_monitor - NetworkMonitor started
2026-06-10 23:08:57,617 - INFO - ibkr.core.main_window - Network resilience layer initialized
2026-06-10 23:08:57,666 - INFO - chart_engine.core.ibkr_data_fetcher - Requesting IBKR historical data: IONQ conId=517593749 bar=1 day duration=100 D end=latest
2026-06-10 23:08:57,741 - INFO - chart_engine.core.ibkr_data_fetcher - Requesting IBKR historical data: IONQ conId=517593749 bar=30 mins duration=50 D end=latest
2026-06-10 23:08:57,975 - WARNING - ibkr.core.market_data_worker - IBKR market data notice for SPY: Requested market data is not subscribed. Displaying delayed market data. (10167)
2026-06-10 23:08:57,976 - WARNING - ibkr.core.market_data_worker - IBKR market data notice for QQQ: Requested market data is not subscribed. Displaying delayed market data. (10167)
2026-06-10 23:08:58,344 - INFO - ibkr.widgets.scanner_table - EOD Scan completed: 24 symbols with complete data
2026-06-10 23:08:58,445 - INFO - ibkr.widgets.scanner_table - EOD Scanner table updated with 24 symbols.
2026-06-10 23:08:58,446 - INFO - ibkr.core.network_monitor - Network confirmed online at startup
2026-06-10 23:08:58,583 - INFO - chart_engine.core.ibkr_data_fetcher - Chart data fetch complete source=IBKR symbol=IONQ bars=71
2026-06-10 23:08:58,700 - INFO - chart_engine.drawings - Loaded state for IONQ (day) — 2 drawings
2026-06-10 23:08:58,735 - INFO - ibkr.core.main_window - Chart panes revealed after initial symbol render: IONQ
2026-06-10 23:08:58,736 - INFO - ibkr.core.main_window - Chart symbol changed to: IONQ
2026-06-10 23:08:58,736 - INFO - ibkr.core.main_window - Added chart symbol IONQ to subscription
2026-06-10 23:08:58,736 - INFO - ibkr.core.main_window - Ensured subscription for chart symbol IONQ
2026-06-10 23:08:58,736 - INFO - chart_engine.core.chart_widget - Chart HTML loaded: IONQ (71 candles)
2026-06-10 23:08:59,382 - INFO - chart_engine.core.ibkr_data_fetcher - Chart data fetch complete source=IBKR symbol=IONQ bars=347
2026-06-10 23:08:59,450 - INFO - chart_engine.drawings - Loaded state for IONQ (60minute) — 2 drawings
2026-06-10 23:08:59,573 - INFO - chart_engine.core.chart_widget - Chart HTML loaded: IONQ (347 candles)
2026-06-10 23:08:59,779 - INFO - ibkr.core.market_data_worker - Subscribed IBKR market data: NVDA key=4815747 type=delayed
2026-06-10 23:08:59,780 - INFO - ibkr.core.market_data_worker - Subscribed IBKR market data: TACT key=6858145 type=delayed
2026-06-10 23:08:59,780 - INFO - ibkr.core.market_data_worker - Subscribed IBKR market data: BAX key=8111188 type=delayed
2026-06-10 23:08:59,781 - INFO - ibkr.core.market_data_worker - Subscribed IBKR market data: UMC key=46613372 type=delayed
2026-06-10 23:08:59,781 - INFO - ibkr.core.market_data_worker - Subscribed IBKR market data: TSLA key=76792991 type=delayed
2026-06-10 23:08:59,782 - INFO - ibkr.core.market_data_worker - Subscribed IBKR market data: PTCT key=129374415 type=delayed
2026-06-10 23:08:59,782 - INFO - ibkr.core.market_data_worker - Subscribed IBKR market data: HPQ key=209411801 type=delayed
2026-06-10 23:08:59,783 - INFO - ibkr.core.market_data_worker - Subscribed IBKR market data: DELL key=346218218 type=delayed
2026-06-10 23:08:59,783 - INFO - ibkr.core.market_data_worker - Subscribed IBKR market data: MTA key=395717235 type=delayed
2026-06-10 23:08:59,784 - INFO - ibkr.core.market_data_worker - Subscribed IBKR market data: DRS key=478483396 type=delayed
2026-06-10 23:08:59,784 - INFO - ibkr.core.market_data_worker - Subscribed IBKR market data: RDW key=512000171 type=delayed
2026-06-10 23:08:59,784 - INFO - ibkr.core.market_data_worker - Subscribed IBKR market data: IONQ key=517593749 type=delayed
2026-06-10 23:08:59,785 - INFO - ibkr.core.market_data_worker - Subscribed IBKR market data: GFS key=523222624 type=delayed
2026-06-10 23:08:59,785 - INFO - ibkr.core.market_data_worker - Subscribed IBKR market data: QBTS key=578031277 type=delayed
2026-06-10 23:08:59,786 - INFO - ibkr.core.market_data_worker - Subscribed IBKR market data: LUNR key=613910262 type=delayed
2026-06-10 23:08:59,786 - INFO - ibkr.core.market_data_worker - Subscribed IBKR market data: SIDU key=673368857 type=delayed
2026-06-10 23:08:59,786 - INFO - ibkr.core.market_data_worker - Subscribed IBKR market data: DPRO key=725468685 type=delayed
2026-06-10 23:08:59,786 - INFO - ibkr.core.market_data_worker - Subscribed IBKR market data: SNDK key=760250490 type=delayed
2026-06-10 23:08:59,787 - INFO - ibkr.core.market_data_worker - Subscribed IBKR market data: RKLB key=787273575 type=delayed
2026-06-10 23:08:59,787 - INFO - ibkr.core.market_data_worker - Subscribed IBKR market data: SPRC key=860471331 type=delayed
2026-06-10 23:09:00,413 - WARNING - ibkr.core.market_data_worker - IBKR market data notice for NVDA: Requested market data is not subscribed. Displaying delayed market data. (10167)
2026-06-10 23:09:00,987 - WARNING - ibkr.core.market_data_worker - IBKR market data notice for TACT: Requested market data is not subscribed. Displaying delayed market data. (10167)
2026-06-10 23:09:01,159 - WARNING - ibkr.core.market_data_worker - IBKR market data notice for BAX: Requested market data is not subscribed. Displaying delayed market data. (10167)
2026-06-10 23:09:01,204 - WARNING - ibkr.core.market_data_worker - IBKR market data notice for UMC: Requested market data is not subscribed. Displaying delayed market data. (10167)
2026-06-10 23:09:01,204 - WARNING - ibkr.core.market_data_worker - IBKR market data notice for TSLA: Requested market data is not subscribed. Displaying delayed market data. (10167)
2026-06-10 23:09:01,228 - WARNING - ibkr.core.market_data_worker - IBKR market data notice for PTCT: Requested market data is not subscribed. Displaying delayed market data. (10167)
2026-06-10 23:09:01,230 - WARNING - ibkr.core.market_data_worker - IBKR market data notice for HPQ: Requested market data is not subscribed. Displaying delayed market data. (10167)
2026-06-10 23:09:01,270 - WARNING - ibkr.core.market_data_worker - IBKR market data notice for DELL: Requested market data is not subscribed. Displaying delayed market data. (10167)
2026-06-10 23:09:01,271 - WARNING - ibkr.core.market_data_worker - IBKR market data notice for MTA: Requested market data is not subscribed. Displaying delayed market data. (10167)
2026-06-10 23:09:01,271 - WARNING - ibkr.core.market_data_worker - IBKR market data notice for DRS: Requested market data is not subscribed. Displaying delayed market data. (10167)
2026-06-10 23:09:01,271 - WARNING - ibkr.core.market_data_worker - IBKR market data notice for RDW: Requested market data is not subscribed. Displaying delayed market data. (10167)
2026-06-10 23:09:01,271 - WARNING - ibkr.core.market_data_worker - IBKR market data notice for IONQ: Requested market data is not subscribed. Displaying delayed market data. (10167)
2026-06-10 23:09:01,271 - WARNING - ibkr.core.market_data_worker - IBKR market data notice for GFS: Requested market data is not subscribed. Displaying delayed market data. (10167)
2026-06-10 23:09:01,272 - WARNING - ibkr.core.market_data_worker - IBKR market data notice for QBTS: Requested market data is not subscribed. Displaying delayed market data. (10167)
2026-06-10 23:09:01,272 - WARNING - ibkr.core.market_data_worker - IBKR market data notice for LUNR: Requested market data is not subscribed. Displaying delayed market data. (10167)
2026-06-10 23:09:01,272 - WARNING - ibkr.core.market_data_worker - IBKR market data notice for SIDU: Requested market data is not subscribed. Displaying delayed market data. (10167)
2026-06-10 23:09:01,272 - WARNING - ibkr.core.market_data_worker - IBKR market data notice for DPRO: Requested market data is not subscribed. Displaying delayed market data. (10167)
2026-06-10 23:09:01,558 - WARNING - ibkr.core.market_data_worker - IBKR market data notice for SNDK: Requested market data is not subscribed. Displaying delayed market data. (10167)
2026-06-10 23:09:01,559 - WARNING - ibkr.core.market_data_worker - IBKR market data notice for RKLB: Requested market data is not subscribed. Displaying delayed market data. (10167)
2026-06-10 23:09:01,559 - WARNING - ibkr.core.market_data_worker - IBKR market data notice for SPRC: Requested market data is not subscribed. Displaying delayed market data. (10167)
2026-06-10 23:09:05,170 - INFO - ibkr.core.main_window - Floating positions dialog opened
2026-06-10 23:09:05,175 - INFO - chart_engine.core.ibkr_data_fetcher - Chart data source=IBKR symbol=IONQ interval=60minute from=2026-04-21T13:39:05.175328-04:00 to=2026-06-10T13:39:05.175328-04:00 dedicated_history=True
2026-06-10 23:09:06,571 - INFO - chart_engine.core.chart_widget - Chart seamlessly updated: IONQ (347 candles)
2026-06-10 23:09:08,936 - INFO - chart_engine.drawings - Loaded state for IONQ (day) — 2 drawings
2026-06-10 23:09:08,943 - INFO - ibkr.core.main_window - Chart symbol changed to: IONQ
2026-06-10 23:09:08,943 - INFO - ibkr.core.main_window - Added chart symbol IONQ to subscription
2026-06-10 23:09:08,945 - INFO - chart_engine.core.chart_widget - Chart seamlessly updated: IONQ (71 candles)
2026-06-10 23:09:11,977 - INFO - ibkr.core.main_window - Added 1 widget market-data subscriptions (0 token-backed)
2026-06-10 23:09:11,981 - INFO - ibkr.core.chart_lines_manager - Updated stop-loss line for IONQ @ 57.05
2026-06-10 23:09:11,984 - INFO - ibkr.core.stop_loss_manager - SL set: IONQ @ $57.05 (FULL, 9.97% from avg $63.37)
2026-06-10 23:09:22,143 - INFO - chart_engine.drawings - Loaded state for IONQ (60minute) — 3 drawings
2026-06-10 23:09:22,148 - INFO - chart_engine.drawings - Saved state for IONQ (60minute) — 3 drawings
2026-06-10 23:09:31,055 - INFO - ibkr.core.chart_lines_manager - Removed stop-loss line for IONQ
2026-06-10 23:09:31,059 - INFO - ibkr.core.stop_loss_manager - SL cancelled: IONQ
2026-06-10 23:09:31,086 - INFO - chart_engine.drawings - Loaded state for IONQ (60minute) — 2 drawings
2026-06-10 23:09:31,091 - INFO - chart_engine.drawings - Saved state for IONQ (60minute) — 2 drawings
2026-06-10 23:09:33,153 - INFO - ibkr.core.main_window - Floating positions dialog opened
2026-06-10 23:09:37,304 - INFO - ibkr.core.main_window - Added 1 widget market-data subscriptions (0 token-backed)
2026-06-10 23:09:37,308 - INFO - ibkr.core.chart_lines_manager - Updated stop-loss line for IONQ @ 57.04
2026-06-10 23:09:37,313 - INFO - ibkr.core.stop_loss_manager - SL set: IONQ @ $57.04 (FULL, 9.99% from avg $63.37)
2026-06-10 23:09:41,140 - INFO - ibkr.core.shutdown_manager - closeEvent received — beginning fast IBKR shutdown
2026-06-10 23:09:41,142 - INFO - ibkr.core.shutdown_manager - === Fast IBKR window-close shutdown starting ===
2026-06-10 23:09:41,143 - INFO - ibkr.core.shutdown_manager - Shutdown: [quiesce_background_activity]…
2026-06-10 23:09:41,145 - INFO - ibkr.core.shutdown_manager - Shutdown: [quiesce_background_activity] ✓
2026-06-10 23:09:41,147 - INFO - ibkr.core.shutdown_manager - Shutdown: [save_window_state]…
2026-06-10 23:09:41,150 - INFO - ibkr.core.main_window - Window state saved
2026-06-10 23:09:41,150 - INFO - ibkr.core.shutdown_manager - Shutdown: [save_window_state] ✓
2026-06-10 23:09:41,151 - INFO - ibkr.core.shutdown_manager - Shutdown: [save_chart_state]…
2026-06-10 23:09:41,166 - INFO - ibkr.core.shutdown_manager - Shutdown: [save_chart_state] ✓
2026-06-10 23:09:41,167 - INFO - ibkr.core.shutdown_manager - Shutdown: [stop_remaining_timers]…
2026-06-10 23:09:41,185 - INFO - ibkr.core.shutdown_manager - Shutdown: [stop_remaining_timers] ✓
2026-06-10 23:09:41,185 - INFO - ibkr.core.shutdown_manager - === Fast IBKR window-close shutdown complete ===
2026-06-10 23:09:41,187 - INFO - ib_insync.client - Disconnecting
2026-06-10 23:09:41,188 - INFO - ibkr.core.market_data_worker - IBKR MarketDataWorker stopped
2026-06-10 23:09:41,198 - INFO - __main__ - Shutting down and cleaning up resources...
2026-06-10 23:09:41,198 - INFO - __main__ - Skipping broker disconnect during fast window-close shutdown.
2026-06-10 23:09:41,198 - INFO - __main__ - Cleanup complete.
