2026-06-08 23:14:06,385 - INFO - login_setup.login_setup_config - qullamaggie v1.0.0 starting...
2026-06-08 23:14:06,385 - INFO - login_setup.login_setup_config - Logging to file: /home/kavi/Desktop/Python_Projects/swing_trader/logs/qullamaggie_20260608_231406.log
2026-06-08 23:14:06,386 - INFO - __main__ - 🚀 Starting qullamaggie Application...
2026-06-08 23:14:06,647 - INFO - __main__ - Application icon loaded from: /home/kavi/Desktop/Python_Projects/swing_trader/assets/qullamaggie_swing_trader_icon.svg
2026-06-08 23:14:09,481 - INFO - ib_insync.client - Connecting to 127.0.0.1:4002 with clientId 1...
2026-06-08 23:14:09,483 - INFO - ib_insync.client - Connected
2026-06-08 23:14:09,560 - INFO - ib_insync.client - Logged on to server version 176
2026-06-08 23:14:09,656 - INFO - ib_insync.client - API connection ready
2026-06-08 23:14:10,242 - INFO - __main__ - Authenticated for broker: america
2026-06-08 23:14:10,243 - INFO - __main__ - Initializing trading and data clients...
2026-06-08 23:14:10,244 - INFO - login_setup.broker_factory - Creating america client for live trading
2026-06-08 23:14:10,244 - INFO - login_setup.broker_factory - IBKR client created with accounts: ['DUQ624205']
2026-06-08 23:14:10,257 - INFO - ibkr.core.trading_client - Subscribed to IBKR real-time order events
2026-06-08 23:14:10,258 - INFO - login_setup.broker_factory - Creating data client for america
2026-06-08 23:14:10,258 - INFO - __main__ - Clients initialized successfully.
2026-06-08 23:14:10,258 - INFO - login_setup.broker_factory - Added america client to manager
2026-06-08 23:14:10,259 - INFO - login_setup.broker_factory - Started connection monitoring for america
2026-06-08 23:14:10,259 - INFO - __main__ - Creating main window for america...
2026-06-08 23:14:10,259 - INFO - login_setup.broker_factory - Dynamically loading main window from: ibkr.core.main_window
2026-06-08 23:14:11,795 - INFO - ibkr.core.trade_logger - Trade history database for 'live' mode at: /home/kavi/.qullamaggie/trade_history_live.db
2026-06-08 23:14:11,795 - INFO - ibkr.core.trade_logger - TradeLogger initialized with background processing
2026-06-08 23:14:11,798 - INFO - ibkr.core.trade_logger - DatabaseWorker processing started
2026-06-08 23:14:11,800 - INFO - ibkr.core.position_manager - ✅ Connected to trader.order_status_updated signal - orders will sync immediately
2026-06-08 23:14:11,800 - INFO - ibkr.core.position_manager - ✅ Connected to trader.position_updated signal - positions will sync immediately
2026-06-08 23:14:11,800 - INFO - ibkr.core.position_manager - ✅ Connected to trader.connection_status_changed signal
2026-06-08 23:14:11,801 - INFO - ibkr.core.trade_logger - Database initialization completed
2026-06-08 23:14:11,868 - INFO - ibkr.widgets.scanner_table - Loaded 2 valid scan configurations
2026-06-08 23:14:11,889 - INFO - ibkr.widgets.scanner_table - Scanner table ready for context-aware navigation
2026-06-08 23:14:11,899 - INFO - ibkr.widgets.scanner_table - Running EOD Finviz scan: Computer Hardware
2026-06-08 23:14:11,904 - INFO - chart_engine.core.ibkr_data_fetcher - Pre-warming dedicated IBKR history connection...
2026-06-08 23:14:11,908 - INFO - ib_insync.client - Connecting to 127.0.0.1:4002 with clientId 102...
2026-06-08 23:14:11,911 - INFO - chart_engine.drawings - Loaded global chart settings.
2026-06-08 23:14:12,297 - INFO - chart_engine.core.ibkr_data_fetcher - Chart data source=IBKR symbol=DELL interval=day from=2025-11-20T13:44:12.297298-05:00 to=2026-06-08T13:44:12.297298-04:00 dedicated_history=True
2026-06-08 23:14:12,557 - INFO - chart_engine.core.ibkr_data_fetcher - Chart data source=IBKR symbol=DELL interval=60minute from=2026-04-19T13:44:12.557774-04:00 to=2026-06-08T13:44:12.557774-04:00 dedicated_history=True
2026-06-08 23:14:12,558 - INFO - ibkr.core.data_cache - MarketAwareDataCache initialised for IBKR/US market time
2026-06-08 23:14:12,711 - INFO - chart_engine.core.ibkr_data_fetcher - IBKR chart history connected on 127.0.0.1:4002 clientId=102
2026-06-08 23:14:12,764 - INFO - chart_engine.drawings - Saved global chart settings.
2026-06-08 23:14:12,967 - INFO - ibkr.core.alert_management_system - Loaded 0 alerts from disk
2026-06-08 23:14:12,967 - INFO - ibkr.core.alert_management_system - AlertSystemManager ready
2026-06-08 23:14:12,968 - INFO - ibkr.core.alert_management_system - AlertEngine started
2026-06-08 23:14:12,969 - INFO - ibkr.core.main_window - Alert system initialized successfully.
2026-06-08 23:14:12,973 - INFO - ibkr.core.main_window - Connecting component signals...
2026-06-08 23:14:12,977 - INFO - ibkr.core.main_window - IBKR order lifecycle UI signals connected
2026-06-08 23:14:12,979 - INFO - ib_insync.client - Connecting to 127.0.0.1:4002 with clientId 101...
2026-06-08 23:14:12,996 - INFO - ibkr.core.main_window - Keyboard shortcuts initialized
2026-06-08 23:14:13,179 - INFO - ibkr.core.main_window - Subscription universe changed: 10 instruments (0 token-backed, +10/-0) sources={'charts': 2, 'header': 2}
2026-06-08 23:14:13,189 - INFO - ibkr.core.main_window - Window state restored
2026-06-08 23:14:13,189 - INFO - chart_engine.core.ibkr_data_fetcher - Requesting IBKR historical data: DELL conId=346218218 bar=1 day duration=200 D end=latest
2026-06-08 23:14:13,190 - INFO - ibkr.core.main_window - Applied startup chart timeframes: left=day, right=60minute
2026-06-08 23:14:13,200 - INFO - ibkr.core.main_window - Simplified qullamaggie Window with Status Bar Initialized Successfully.
2026-06-08 23:14:13,201 - INFO - __main__ - Main window created successfully.
2026-06-08 23:14:13,304 - INFO - chart_engine.core.ibkr_data_fetcher - Requesting IBKR historical data: DELL conId=346218218 bar=30 mins duration=50 D end=latest
2026-06-08 23:14:13,331 - INFO - __main__ - Starting application event loop.
2026-06-08 23:14:14,006 - INFO - ibkr.core.market_data_worker - Dedicated IBKR market-data connection established on 127.0.0.1:4002 clientId=101
2026-06-08 23:14:14,309 - INFO - ibkr.core.market_data_worker - IBKR MarketDataWorker started
2026-06-08 23:14:14,322 - INFO - ibkr.core.market_data_worker - Requested IBKR delayed market data type (3); delayed fallback=False; generic ticks=''
2026-06-08 23:14:14,322 - INFO - ibkr.core.main_window - IBKR loader: Building initial instrument list...
2026-06-08 23:14:14,340 - INFO - ibkr.core.position_manager - Started IBKR pending-order position sync (order_open)
2026-06-08 23:14:14,346 - INFO - ibkr.core.main_window - Window state saved
2026-06-08 23:14:14,384 - WARNING - ibkr.core.main_window - IBKR market data is delayed (delayed); live subscription is unavailable.
2026-06-08 23:14:14,397 - INFO - ibkr.core.main_window - WebSocket connected. Setting up subscriptions.
2026-06-08 23:14:14,403 - INFO - ibkr.core.position_manager - Fetching positions from broker - Reason: ibkr_connected
2026-06-08 23:14:14,498 - INFO - ibkr.core.main_window - Added 23 widget market-data subscriptions (23 token-backed)
2026-06-08 23:14:14,511 - INFO - ibkr.core.position_manager - Position table changed: 23 open positions | open MTM -16363.79 | realized 0.00
2026-06-08 23:14:14,916 - INFO - chart_engine.core.ibkr_data_fetcher - Chart data fetch complete source=IBKR symbol=DELL bars=136
2026-06-08 23:14:15,483 - INFO - ibkr.core.main_window - Successfully loaded 3798 instruments.
2026-06-08 23:14:15,484 - INFO - ibkr.widgets.header_toolbar - Search index ready: 3798 instruments
2026-06-08 23:14:15,554 - INFO - ibkr.core.main_window - Instruments loaded successfully.
2026-06-08 23:14:15,615 - INFO - ibkr.core.main_window - IBKR loader: Loaded 181 symbols (qualifying in background...)
2026-06-08 23:14:15,646 - INFO - chart_engine.drawings - Loaded state for DELL (day) — 0 drawings
2026-06-08 23:14:15,695 - INFO - ibkr.core.main_window - Chart panes revealed after initial symbol render: DELL
2026-06-08 23:14:15,696 - INFO - ibkr.core.main_window - Chart symbol changed to: DELL
2026-06-08 23:14:15,696 - INFO - ibkr.core.main_window - Added chart symbol DELL to subscription
2026-06-08 23:14:15,697 - INFO - ibkr.core.main_window - Ensured subscription for chart symbol DELL
2026-06-08 23:14:15,697 - INFO - chart_engine.core.chart_widget - Chart HTML loaded: DELL (136 candles)
2026-06-08 23:14:15,716 - INFO - ibkr.core.position_manager - Fetching positions from broker - Reason: app_startup
2026-06-08 23:14:15,743 - INFO - ibkr.core.market_data_worker - Subscribed IBKR market data: DELL key=346218218 type=delayed
2026-06-08 23:14:15,745 - INFO - ibkr.core.market_data_worker - Subscribed IBKR market data: SPY key=756733 type=delayed
2026-06-08 23:14:15,751 - INFO - ibkr.core.market_data_worker - Subscribed IBKR market data: IONQ key=517593749 type=delayed
2026-06-08 23:14:15,753 - INFO - ibkr.core.market_data_worker - Subscribed IBKR market data: KTCC key=271042 type=delayed
2026-06-08 23:14:15,753 - INFO - ibkr.core.market_data_worker - Subscribed IBKR market data: LOGI key=41475996 type=delayed
2026-06-08 23:14:15,761 - INFO - ibkr.core.market_data_worker - Subscribed IBKR market data: OSS key=305186144 type=delayed
2026-06-08 23:14:15,764 - INFO - ibkr.core.market_data_worker - Subscribed IBKR market data: QMCO key=725237355 type=delayed
2026-06-08 23:14:15,765 - INFO - ibkr.core.market_data_worker - Subscribed IBKR market data: SMCI key=731466419 type=delayed
2026-06-08 23:14:15,770 - INFO - ibkr.core.market_data_worker - Subscribed IBKR market data: HPQ key=209411801 type=delayed
2026-06-08 23:14:15,770 - INFO - ibkr.core.market_data_worker - Subscribed IBKR market data: QQQ key=320227571 type=delayed
2026-06-08 23:14:15,779 - INFO - ibkr.core.main_window - Position system initialized successfully
2026-06-08 23:14:15,780 - INFO - ibkr.core.position_manager - Stopped IBKR pending-order position sync (no_pending_orders)
2026-06-08 23:14:16,016 - INFO - ibkr.core.main_window - Subscription universe changed: 33 instruments (23 token-backed, +23/-0) sources={'positions': 23, 'charts': 2, 'watchlist': 1, 'header': 2}
2026-06-08 23:14:16,147 - WARNING - ibkr.core.market_data_worker - IBKR market data notice for DELL: Requested market data is not subscribed. Displaying delayed market data. (10167)
2026-06-08 23:14:16,278 - INFO - ibkr.core.network_monitor - NetworkMonitor started
2026-06-08 23:14:16,280 - INFO - ibkr.core.main_window - Network resilience layer initialized
2026-06-08 23:14:16,438 - INFO - ibkr.widgets.scanner_table - EOD Scan completed: 24 symbols with complete data
2026-06-08 23:14:16,587 - WARNING - ibkr.core.market_data_worker - IBKR market data notice for SPY: Requested market data is not subscribed. Displaying delayed market data. (10167)
2026-06-08 23:14:16,611 - INFO - chart_engine.core.ibkr_data_fetcher - Chart data fetch complete source=IBKR symbol=DELL bars=347
2026-06-08 23:14:16,743 - WARNING - ibkr.core.market_data_worker - IBKR market data notice for IONQ: Requested market data is not subscribed. Displaying delayed market data. (10167)
2026-06-08 23:14:16,752 - WARNING - ibkr.core.market_data_worker - IBKR market data notice for KTCC: Requested market data is not subscribed. Displaying delayed market data. (10167)
2026-06-08 23:14:16,794 - WARNING - ibkr.core.market_data_worker - IBKR market data notice for LOGI: Requested market data is not subscribed. Displaying delayed market data. (10167)
2026-06-08 23:14:16,860 - WARNING - ibkr.core.market_data_worker - IBKR market data notice for OSS: Requested market data is not subscribed. Displaying delayed market data. (10167)
2026-06-08 23:14:16,899 - WARNING - ibkr.core.market_data_worker - IBKR market data notice for QMCO: Requested market data is not subscribed. Displaying delayed market data. (10167)
2026-06-08 23:14:16,932 - INFO - ibkr.widgets.scanner_table - EOD Scanner table updated with 24 symbols.
2026-06-08 23:14:17,040 - INFO - ibkr.core.position_manager - Fetching positions from broker - Reason: instruments_loaded
2026-06-08 23:14:17,082 - INFO - ibkr.core.main_window - Chart auto-loading initiated
2026-06-08 23:14:17,082 - INFO - ibkr.core.main_window - Chart already has active rendered symbol: DELL
2026-06-08 23:14:17,136 - WARNING - ibkr.core.market_data_worker - IBKR market data notice for SMCI: Requested market data is not subscribed. Displaying delayed market data. (10167)
2026-06-08 23:14:17,189 - WARNING - ibkr.core.market_data_worker - IBKR market data notice for HPQ: Requested market data is not subscribed. Displaying delayed market data. (10167)
2026-06-08 23:14:17,189 - WARNING - ibkr.core.market_data_worker - IBKR market data notice for QQQ: Requested market data is not subscribed. Displaying delayed market data. (10167)
2026-06-08 23:14:17,190 - INFO - chart_engine.drawings - Loaded state for DELL (60minute) — 0 drawings
2026-06-08 23:14:17,299 - INFO - chart_engine.core.chart_widget - Chart HTML loaded: DELL (347 candles)
2026-06-08 23:14:17,497 - INFO - ibkr.core.network_monitor - Network confirmed online at startup
2026-06-08 23:14:19,044 - INFO - ibkr.core.market_data_worker - Subscribed IBKR market data: NVDA key=4815747 type=delayed
2026-06-08 23:14:19,045 - INFO - ibkr.core.market_data_worker - Subscribed IBKR market data: TACT key=6858145 type=delayed
2026-06-08 23:14:19,045 - INFO - ibkr.core.market_data_worker - Subscribed IBKR market data: BAX key=8111188 type=delayed
2026-06-08 23:14:19,045 - INFO - ibkr.core.market_data_worker - Subscribed IBKR market data: TSLA key=76792991 type=delayed
2026-06-08 23:14:19,046 - INFO - ibkr.core.market_data_worker - Subscribed IBKR market data: PTCT key=129374415 type=delayed
2026-06-08 23:14:19,046 - INFO - ibkr.core.market_data_worker - Subscribed IBKR market data: VCYT key=137537411 type=delayed
2026-06-08 23:14:19,047 - INFO - ibkr.core.market_data_worker - Subscribed IBKR market data: ASX key=314244771 type=delayed
2026-06-08 23:14:19,047 - INFO - ibkr.core.market_data_worker - Subscribed IBKR market data: AVTR key=366131368 type=delayed
2026-06-08 23:14:19,047 - INFO - ibkr.core.market_data_worker - Subscribed IBKR market data: MTA key=395717235 type=delayed
2026-06-08 23:14:19,048 - INFO - ibkr.core.market_data_worker - Subscribed IBKR market data: CRSR key=446872191 type=delayed
2026-06-08 23:14:19,048 - INFO - ibkr.core.market_data_worker - Subscribed IBKR market data: DRS key=478483396 type=delayed
2026-06-08 23:14:19,049 - INFO - ibkr.core.market_data_worker - Subscribed IBKR market data: RDW key=512000171 type=delayed
2026-06-08 23:14:19,049 - INFO - ibkr.core.market_data_worker - Subscribed IBKR market data: GFS key=523222624 type=delayed
2026-06-08 23:14:19,050 - INFO - ibkr.core.market_data_worker - Subscribed IBKR market data: QBTS key=578031277 type=delayed
2026-06-08 23:14:19,051 - INFO - ibkr.core.market_data_worker - Subscribed IBKR market data: LUNR key=613910262 type=delayed
2026-06-08 23:14:19,051 - INFO - ibkr.core.market_data_worker - Subscribed IBKR market data: ARM key=653400472 type=delayed
2026-06-08 23:14:19,051 - INFO - ibkr.core.market_data_worker - Subscribed IBKR market data: SIDU key=673368857 type=delayed
2026-06-08 23:14:19,052 - INFO - ibkr.core.market_data_worker - Subscribed IBKR market data: DPRO key=725468685 type=delayed
2026-06-08 23:14:19,052 - INFO - ibkr.core.market_data_worker - Subscribed IBKR market data: SNDK key=760250490 type=delayed
2026-06-08 23:14:19,052 - INFO - ibkr.core.market_data_worker - Subscribed IBKR market data: RKLB key=787273575 type=delayed
2026-06-08 23:14:19,053 - INFO - ibkr.core.market_data_worker - Subscribed IBKR market data: SPRC key=860471331 type=delayed
2026-06-08 23:14:20,280 - WARNING - ibkr.core.market_data_worker - IBKR market data notice for NVDA: Requested market data is not subscribed. Displaying delayed market data. (10167)
2026-06-08 23:14:20,281 - WARNING - ibkr.core.market_data_worker - IBKR market data notice for TACT: Requested market data is not subscribed. Displaying delayed market data. (10167)
2026-06-08 23:14:20,281 - WARNING - ibkr.core.market_data_worker - IBKR market data notice for BAX: Requested market data is not subscribed. Displaying delayed market data. (10167)
2026-06-08 23:14:20,282 - WARNING - ibkr.core.market_data_worker - IBKR market data notice for TSLA: Requested market data is not subscribed. Displaying delayed market data. (10167)
2026-06-08 23:14:20,282 - WARNING - ibkr.core.market_data_worker - IBKR market data notice for PTCT: Requested market data is not subscribed. Displaying delayed market data. (10167)
2026-06-08 23:14:20,282 - WARNING - ibkr.core.market_data_worker - IBKR market data notice for VCYT: Requested market data is not subscribed. Displaying delayed market data. (10167)
2026-06-08 23:14:20,283 - WARNING - ibkr.core.market_data_worker - IBKR market data notice for ASX: Requested market data is not subscribed. Displaying delayed market data. (10167)
2026-06-08 23:14:20,283 - WARNING - ibkr.core.market_data_worker - IBKR market data notice for AVTR: Requested market data is not subscribed. Displaying delayed market data. (10167)
2026-06-08 23:14:20,289 - WARNING - ibkr.core.market_data_worker - IBKR market data notice for MTA: Requested market data is not subscribed. Displaying delayed market data. (10167)
2026-06-08 23:14:20,290 - WARNING - ibkr.core.market_data_worker - IBKR market data notice for CRSR: Requested market data is not subscribed. Displaying delayed market data. (10167)
2026-06-08 23:14:20,377 - WARNING - ibkr.core.market_data_worker - IBKR market data notice for DRS: Requested market data is not subscribed. Displaying delayed market data. (10167)
2026-06-08 23:14:20,426 - WARNING - ibkr.core.market_data_worker - IBKR market data notice for RDW: Requested market data is not subscribed. Displaying delayed market data. (10167)
2026-06-08 23:14:20,488 - WARNING - ibkr.core.market_data_worker - IBKR market data notice for GFS: Requested market data is not subscribed. Displaying delayed market data. (10167)
2026-06-08 23:14:20,489 - WARNING - ibkr.core.market_data_worker - IBKR market data notice for QBTS: Requested market data is not subscribed. Displaying delayed market data. (10167)
2026-06-08 23:14:20,489 - WARNING - ibkr.core.market_data_worker - IBKR market data notice for LUNR: Requested market data is not subscribed. Displaying delayed market data. (10167)
2026-06-08 23:14:20,489 - WARNING - ibkr.core.market_data_worker - IBKR market data notice for ARM: Requested market data is not subscribed. Displaying delayed market data. (10167)
2026-06-08 23:14:20,489 - WARNING - ibkr.core.market_data_worker - IBKR market data notice for SIDU: Requested market data is not subscribed. Displaying delayed market data. (10167)
2026-06-08 23:14:20,490 - WARNING - ibkr.core.market_data_worker - IBKR market data notice for DPRO: Requested market data is not subscribed. Displaying delayed market data. (10167)
2026-06-08 23:14:20,490 - WARNING - ibkr.core.market_data_worker - IBKR market data notice for SNDK: Requested market data is not subscribed. Displaying delayed market data. (10167)
2026-06-08 23:14:20,515 - WARNING - ibkr.core.market_data_worker - IBKR market data notice for RKLB: Requested market data is not subscribed. Displaying delayed market data. (10167)
2026-06-08 23:14:20,522 - WARNING - ibkr.core.market_data_worker - IBKR market data notice for SPRC: Requested market data is not subscribed. Displaying delayed market data. (10167)
2026-06-08 23:14:42,418 - INFO - chart_engine.core.ibkr_data_fetcher - Chart data source=IBKR symbol=DELL interval=day from=2025-11-20T13:44:42.418719-05:00 to=2026-06-08T13:44:42.418719-04:00 dedicated_history=True
2026-06-08 23:14:42,421 - INFO - chart_engine.core.ibkr_data_fetcher - Requesting IBKR historical data: DELL conId=346218218 bar=1 day duration=200 D end=latest
2026-06-08 23:14:42,431 - INFO - chart_engine.core.ibkr_data_fetcher - Chart data source=IBKR symbol=DELL interval=60minute from=2026-04-19T13:44:42.431202-04:00 to=2026-06-08T13:44:42.431202-04:00 dedicated_history=True
2026-06-08 23:14:42,433 - INFO - chart_engine.core.ibkr_data_fetcher - Requesting IBKR historical data: DELL conId=346218218 bar=30 mins duration=50 D end=latest
2026-06-08 23:14:43,326 - INFO - chart_engine.core.ibkr_data_fetcher - Chart data fetch complete source=IBKR symbol=DELL bars=136
2026-06-08 23:14:43,422 - INFO - chart_engine.drawings - Loaded state for DELL (day) — 0 drawings
2026-06-08 23:14:43,422 - INFO - chart_engine.drawings - Loaded global chart settings.
2026-06-08 23:14:43,424 - INFO - chart_engine.drawings - Saved global chart settings.
2026-06-08 23:14:43,427 - INFO - ibkr.core.main_window - Chart symbol changed to: DELL
2026-06-08 23:14:43,427 - INFO - ibkr.core.main_window - Added chart symbol DELL to subscription
2026-06-08 23:14:43,428 - INFO - ibkr.core.main_window - Ensured subscription for chart symbol DELL
2026-06-08 23:14:43,428 - INFO - chart_engine.core.chart_widget - Chart seamlessly updated: DELL (136 candles)
2026-06-08 23:14:45,502 - INFO - chart_engine.core.ibkr_data_fetcher - Chart data fetch complete source=IBKR symbol=DELL bars=347
2026-06-08 23:14:45,716 - INFO - chart_engine.drawings - Loaded state for DELL (60minute) — 0 drawings
2026-06-08 23:14:45,730 - INFO - chart_engine.core.chart_widget - Chart seamlessly updated: DELL (347 candles)
2026-06-08 23:14:48,750 - INFO - ibkr.core.main_window - [ENTRY] Placing order: {'action': 'BUY', 'currency': 'USD', 'exchange': 'SMART', 'limit_price': 398.0, 'lmtPrice': 398.0, 'orderRef': 'QULL-SWING-DELL', 'orderType': 'LMT', 'order_type': 'LMT', 'outsideRth': False, 'outside_rth': False, 'price': 398.0, 'primaryExch': '', 'primaryExchange': '', 'primary_exchange': '', 'product': 'IBKR', 'quantity': 1, 'route': 'AUTO', 'secType': 'STK', 'sec_type': 'STK', 'symbol': 'DELL', 'tag': 'terminal-ibkr-swing', 'tif': 'DAY', 'totalQuantity': 1, 'tradingsymbol': 'DELL', 'transaction_type': 'BUY', 'transmit': True, 'trigger_price': 0.0, 'validity': 'DAY', 'variety': 'regular'}
2026-06-08 23:14:48,786 - INFO - ibkr.core.trade_logger - Queued order placement for logging: 322
2026-06-08 23:14:48,786 - INFO - ibkr.core.main_window - Order queued for logging: 322
2026-06-08 23:14:48,787 - INFO - ibkr.core.main_window - [ENTRY] Order accepted by broker: {'order_id': '322', 'perm_id': '', 'tradingsymbol': 'DELL', 'symbol': 'DELL', 'exchange': 'SMART', 'instrument_token': 346218218, 'transaction_type': 'BUY', 'order_type': 'LIMIT', 'quantity': 1, 'price': 398.0, 'trigger_price': 0.0, 'status': 'PENDING', 'raw_status': 'PendingSubmit', 'status_message': '', 'filled_quantity': 0, 'pending_quantity': 0, 'average_price': 0.0, 'timestamp': '2026-06-08T13:44:48.754823', 'product': 'IBKR', 'accepted': True}
2026-06-08 23:14:48,787 - INFO - ibkr.widgets.order_dialog - [OrderDialog] BUY 1 DELL [SMART/LMT]
2026-06-08 23:14:48,849 - INFO - ibkr.core.position_manager - Fetching positions from broker - Reason: order_accepted
2026-06-08 23:15:04,272 - INFO - chart_engine.core.ibkr_data_fetcher - Chart data source=IBKR symbol=DELL interval=60minute from=2026-04-19T13:45:04.266913-04:00 to=2026-06-08T13:45:04.266913-04:00 dedicated_history=True
2026-06-08 23:15:04,276 - INFO - chart_engine.core.ibkr_data_fetcher - Requesting IBKR historical data: DELL conId=346218218 bar=30 mins duration=50 D end=latest
2026-06-08 23:15:07,662 - INFO - chart_engine.core.ibkr_data_fetcher - Chart data fetch complete source=IBKR symbol=DELL bars=347
2026-06-08 23:15:07,716 - INFO - chart_engine.drawings - Loaded state for DELL (60minute) — 0 drawings
2026-06-08 23:15:07,717 - INFO - chart_engine.drawings - Loaded global chart settings.
2026-06-08 23:15:07,718 - INFO - chart_engine.drawings - Saved global chart settings.
2026-06-08 23:15:07,724 - INFO - ibkr.core.main_window - Ensured subscription for chart symbol DELL
2026-06-08 23:15:07,725 - INFO - chart_engine.core.chart_widget - Chart seamlessly updated: DELL (347 candles)
2026-06-08 23:15:12,259 - INFO - ibkr.core.data_cache - US market-open cache flush complete; intraday entries cleared
2026-06-08 23:15:37,638 - INFO - ibkr.core.main_window - Pending orders dialog opened
2026-06-08 23:15:46,614 - INFO - ibkr.widgets.pending_orders_dialog - Cancelled pending order 322
2026-06-08 23:15:49,124 - INFO - ibkr.widgets.pending_orders_dialog - Cancelled pending order 263
2026-06-08 23:15:51,283 - INFO - ibkr.widgets.pending_orders_dialog - Cancelled pending order 279
2026-06-08 23:16:04,269 - INFO - chart_engine.core.ibkr_data_fetcher - Chart data source=IBKR symbol=DELL interval=60minute from=2026-04-19T13:46:04.267308-04:00 to=2026-06-08T13:46:04.267308-04:00 dedicated_history=True
2026-06-08 23:16:04,276 - INFO - chart_engine.core.ibkr_data_fetcher - Requesting IBKR historical data: DELL conId=346218218 bar=30 mins duration=50 D end=latest
2026-06-08 23:16:04,359 - INFO - chart_engine.core.ibkr_data_fetcher - Chart data source=IBKR symbol=UMAC interval=day from=2025-11-20T13:46:04.359457-05:00 to=2026-06-08T13:46:04.359457-04:00 dedicated_history=True
2026-06-08 23:16:04,361 - INFO - chart_engine.core.ibkr_data_fetcher - Requesting IBKR historical data: UMAC conId=698227338 bar=1 day duration=200 D end=latest
2026-06-08 23:16:04,375 - INFO - chart_engine.core.ibkr_data_fetcher - Chart data source=IBKR symbol=UMAC interval=60minute from=2026-04-19T13:46:04.375367-04:00 to=2026-06-08T13:46:04.375367-04:00 dedicated_history=True
2026-06-08 23:16:04,377 - INFO - chart_engine.core.ibkr_data_fetcher - Requesting IBKR historical data: UMAC conId=698227338 bar=30 mins duration=50 D end=latest
2026-06-08 23:16:06,829 - INFO - chart_engine.core.ibkr_data_fetcher - Chart data fetch complete source=IBKR symbol=DELL bars=348
2026-06-08 23:16:07,410 - INFO - chart_engine.core.ibkr_data_fetcher - Chart data fetch complete source=IBKR symbol=UMAC bars=136
2026-06-08 23:16:07,457 - INFO - chart_engine.drawings - Loaded global chart settings.
2026-06-08 23:16:07,458 - INFO - chart_engine.drawings - Saved global chart settings.
2026-06-08 23:16:07,461 - INFO - ibkr.core.main_window - Chart symbol changed to: UMAC
2026-06-08 23:16:07,461 - INFO - ibkr.core.main_window - Added chart symbol UMAC to subscription
2026-06-08 23:16:07,462 - INFO - ibkr.core.main_window - Ensured subscription for chart symbol UMAC
2026-06-08 23:16:07,462 - INFO - chart_engine.core.chart_widget - Chart seamlessly updated: UMAC (136 candles)
2026-06-08 23:16:07,789 - INFO - ibkr.core.main_window - Subscription universe changed: 33 instruments (23 token-backed, +1/-1) sources={'positions': 23, 'charts': 2, 'watchlist': 1, 'header': 2}
2026-06-08 23:16:07,802 - INFO - ibkr.core.market_data_worker - Subscribed IBKR market data: UMAC key=698227338 type=delayed
2026-06-08 23:16:08,322 - WARNING - ibkr.core.market_data_worker - IBKR market data notice for UMAC: Requested market data is not subscribed. Displaying delayed market data. (10167)
2026-06-08 23:16:09,050 - INFO - chart_engine.core.ibkr_data_fetcher - Chart data fetch complete source=IBKR symbol=UMAC bars=348
2026-06-08 23:16:09,100 - INFO - chart_engine.core.chart_widget - Chart seamlessly updated: UMAC (348 candles)
2026-06-08 23:16:16,875 - INFO - ibkr.core.main_window - [ENTRY] Placing order: {'action': 'BUY', 'currency': 'USD', 'exchange': 'SMART', 'orderRef': 'QULL-SWING-UMAC', 'orderType': 'MKT', 'order_type': 'MKT', 'outsideRth': False, 'outside_rth': False, 'price': 0.0, 'primaryExch': '', 'primaryExchange': '', 'primary_exchange': '', 'product': 'IBKR', 'quantity': 1000, 'route': 'AUTO', 'secType': 'STK', 'sec_type': 'STK', 'symbol': 'UMAC', 'tag': 'terminal-ibkr-swing', 'tif': 'DAY', 'totalQuantity': 1000, 'tradingsymbol': 'UMAC', 'transaction_type': 'BUY', 'transmit': True, 'trigger_price': 0.0, 'validity': 'DAY', 'variety': 'regular'}
2026-06-08 23:16:16,876 - INFO - ibkr.core.trading_client - Skipping synchronous IBKR contract qualification for UMAC because order path requested non-blocking resolution
2026-06-08 23:16:16,903 - INFO - ibkr.core.trade_logger - Queued order placement for logging: 323
2026-06-08 23:16:16,903 - INFO - ibkr.core.main_window - Order queued for logging: 323
2026-06-08 23:16:16,904 - INFO - ibkr.core.main_window - [ENTRY] Order accepted by broker: {'order_id': '323', 'perm_id': '', 'tradingsymbol': 'UMAC', 'symbol': 'UMAC', 'exchange': 'SMART', 'instrument_token': 0, 'transaction_type': 'BUY', 'order_type': 'MARKET', 'quantity': 1000, 'price': 0.0, 'trigger_price': 0.0, 'status': 'PENDING', 'raw_status': 'PendingSubmit', 'status_message': '', 'filled_quantity': 0, 'pending_quantity': 0, 'average_price': 0.0, 'timestamp': '2026-06-08T13:46:16.877955', 'product': 'IBKR', 'accepted': True}
2026-06-08 23:16:16,904 - INFO - ibkr.widgets.order_dialog - [OrderDialog] BUY 1000 UMAC [SMART/MKT]
2026-06-08 23:16:16,957 - INFO - ibkr.core.position_manager - Fetching positions from broker - Reason: order_accepted
2026-06-08 23:16:33,672 - INFO - ibkr.core.main_window - Floating positions dialog opened
2026-06-08 23:16:53,977 - INFO - ibkr.core.shutdown_manager - closeEvent received — beginning fast IBKR shutdown
2026-06-08 23:16:53,979 - INFO - ibkr.core.shutdown_manager - === Fast IBKR window-close shutdown starting ===
2026-06-08 23:16:53,979 - INFO - ibkr.core.shutdown_manager - Shutdown: [save_window_state]…
2026-06-08 23:16:53,982 - INFO - ibkr.core.main_window - Window state saved
2026-06-08 23:16:53,982 - INFO - ibkr.core.shutdown_manager - Shutdown: [save_window_state] ✓
2026-06-08 23:16:53,984 - INFO - ibkr.core.shutdown_manager - Shutdown: [save_chart_state]…
2026-06-08 23:16:53,999 - INFO - ibkr.core.shutdown_manager - Shutdown: [save_chart_state] ✓
2026-06-08 23:16:54,000 - INFO - ibkr.core.shutdown_manager - Shutdown: [stop_remaining_timers]…
2026-06-08 23:16:54,015 - INFO - ibkr.core.shutdown_manager - Shutdown: [stop_remaining_timers] ✓
2026-06-08 23:16:54,016 - INFO - ibkr.core.shutdown_manager - === Fast IBKR window-close shutdown complete ===
2026-06-08 23:16:54,024 - INFO - __main__ - Shutting down and cleaning up resources...
2026-06-08 23:16:54,024 - INFO - __main__ - Skipping broker disconnect during fast window-close shutdown.
2026-06-08 23:16:54,024 - INFO - __main__ - Cleanup complete.
