2026-06-10 22:18:09,039 - INFO - login_setup.login_setup_config - qullamaggie v1.0.0 starting...
2026-06-10 22:18:09,039 - INFO - login_setup.login_setup_config - Logging to file: /home/kavi/Desktop/Python_Projects/swing_trader/logs/qullamaggie_20260610_221809.log
2026-06-10 22:18:09,039 - INFO - login_setup.login_setup_config - Fatal crash diagnostics enabled for all threads.
2026-06-10 22:18:09,039 - INFO - __main__ - 🚀 Starting qullamaggie Application...
2026-06-10 22:18:09,175 - INFO - __main__ - Application icon loaded from: /home/kavi/Desktop/Python_Projects/swing_trader/assets/qullamaggie_swing_trader_icon.svg
2026-06-10 22:18:11,093 - INFO - ib_insync.client - Connecting to 127.0.0.1:4002 with clientId 1...
2026-06-10 22:18:11,094 - INFO - ib_insync.client - Connected
2026-06-10 22:18:11,111 - INFO - ib_insync.client - Logged on to server version 176
2026-06-10 22:18:11,152 - INFO - ib_insync.client - API connection ready
2026-06-10 22:18:11,586 - INFO - __main__ - Authenticated for broker: america
2026-06-10 22:18:11,586 - INFO - __main__ - Initializing trading and data clients...
2026-06-10 22:18:11,587 - INFO - login_setup.broker_factory - Creating america client for live trading
2026-06-10 22:18:11,587 - INFO - login_setup.broker_factory - IBKR client created with accounts: ['DUQ624205']
2026-06-10 22:18:11,597 - INFO - ibkr.core.trading_client - Subscribed to IBKR real-time order events
2026-06-10 22:18:11,597 - INFO - ibkr.core.trading_client - IBKR trading client startup snapshots deferred; using local cache/event sync
2026-06-10 22:18:11,597 - INFO - __main__ - Trading client created; creating data client...
2026-06-10 22:18:11,598 - INFO - login_setup.broker_factory - Creating data client for america
2026-06-10 22:18:11,598 - INFO - __main__ - Data client created; validating connection state...
2026-06-10 22:18:11,598 - INFO - __main__ - Trading client connected: True
2026-06-10 22:18:11,599 - INFO - __main__ - Data client connected: True
2026-06-10 22:18:11,599 - INFO - __main__ - Clients initialized successfully.
2026-06-10 22:18:11,600 - INFO - login_setup.broker_factory - Added america client to manager
2026-06-10 22:18:11,601 - INFO - login_setup.broker_factory - Started connection monitoring for america
2026-06-10 22:18:11,601 - INFO - __main__ - Creating main window for america...
2026-06-10 22:18:11,602 - INFO - login_setup.broker_factory - Dynamically loading main window from: ibkr.core.main_window
2026-06-10 22:18:12,669 - INFO - ibkr.core.trade_logger - Trade history database for 'live' mode at: /home/kavi/.qullamaggie/trade_history_live.db
2026-06-10 22:18:12,670 - INFO - ibkr.core.trade_logger - TradeLogger initialized with background processing
2026-06-10 22:18:12,671 - INFO - ibkr.core.trade_logger - DatabaseWorker processing started
2026-06-10 22:18:12,674 - INFO - ibkr.core.position_manager - ✅ Connected to trader.order_status_updated signal - orders will sync immediately
2026-06-10 22:18:12,674 - INFO - ibkr.core.position_manager - ✅ Connected to trader.position_updated signal - positions will sync immediately
2026-06-10 22:18:12,674 - INFO - ibkr.core.position_manager - ✅ Connected to trader.connection_status_changed signal
2026-06-10 22:18:12,675 - INFO - ibkr.core.trade_logger - Database initialization completed
2026-06-10 22:18:12,729 - INFO - ibkr.widgets.scanner_table - Loaded 1 valid scan configurations
2026-06-10 22:18:12,745 - INFO - ibkr.widgets.scanner_table - Scanner table ready for context-aware navigation
2026-06-10 22:18:12,752 - INFO - chart_engine.drawings - Loaded global chart settings.
2026-06-10 22:18:13,105 - INFO - ibkr.core.data_cache - MarketAwareDataCache initialised for IBKR/US market time
2026-06-10 22:18:13,195 - INFO - chart_engine.drawings - Saved global chart settings.
2026-06-10 22:18:13,395 - INFO - ibkr.core.alert_management_system - Loaded 0 alerts from disk
2026-06-10 22:18:13,395 - INFO - ibkr.core.alert_management_system - AlertSystemManager ready
2026-06-10 22:18:13,396 - INFO - ibkr.core.main_window - Alert system initialized successfully.
2026-06-10 22:18:13,396 - INFO - ibkr.core.main_window - Connecting component signals...
2026-06-10 22:18:13,396 - INFO - ibkr.core.alert_management_system - AlertEngine started
2026-06-10 22:18:13,397 - INFO - ibkr.core.main_window - IBKR order lifecycle UI signals connected
2026-06-10 22:18:13,402 - INFO - ibkr.core.main_window - Keyboard shortcuts initialized
2026-06-10 22:18:13,527 - INFO - ibkr.core.main_window - Window state restored
2026-06-10 22:18:13,557 - INFO - ibkr.core.main_window - Applied startup chart timeframes: left=day, right=60minute
2026-06-10 22:18:13,557 - INFO - ibkr.core.main_window - Simplified qullamaggie Window with Status Bar Initialized Successfully.
2026-06-10 22:18:13,558 - INFO - __main__ - Main window created successfully.
2026-06-10 22:18:13,617 - INFO - __main__ - Starting application event loop.
2026-06-10 22:18:14,162 - INFO - ibkr.core.main_window - Starting deferred IBKR post-show workers
2026-06-10 22:18:14,162 - INFO - chart_engine.core.ibkr_data_fetcher - Pre-warming dedicated IBKR history connection...
2026-06-10 22:18:14,165 - INFO - ib_insync.client - Connecting to 127.0.0.1:4002 with clientId 102...
2026-06-10 22:18:14,177 - INFO - ib_insync.client - Connecting to 127.0.0.1:4002 with clientId 101...
2026-06-10 22:18:14,205 - INFO - ibkr.core.main_window - IBKR loader: Building initial instrument list...
2026-06-10 22:18:14,212 - INFO - ibkr.core.main_window - Successfully loaded 181 instruments.
2026-06-10 22:18:14,214 - INFO - ibkr.widgets.header_toolbar - Search index ready: 181 instruments
2026-06-10 22:18:14,217 - INFO - ibkr.core.main_window - Instruments loaded successfully.
2026-06-10 22:18:14,219 - INFO - ibkr.core.main_window - IBKR loader: Loaded 181 symbols (qualifying in background...)
2026-06-10 22:18:14,831 - INFO - ibkr.widgets.scanner_table - Running EOD Finviz scan: Example: Above 20 SMA
2026-06-10 22:18:14,841 - INFO - ibkr.core.main_window - Subscription universe changed: 2 instruments (0 token-backed, +2/-0) sources={'header': 2}
2026-06-10 22:18:14,845 - INFO - ibkr.widgets.scanner_table - EOD Scan completed: 0 symbols with complete data
2026-06-10 22:18:14,866 - INFO - ibkr.widgets.scanner_table - EOD Scanner table updated with 0 symbols.
2026-06-10 22:18:15,166 - INFO - ibkr.core.position_manager - Fetching positions from broker - Reason: instruments_loaded
2026-06-10 22:18:15,186 - INFO - ibkr.core.main_window - Added 20 widget market-data subscriptions (20 token-backed)
2026-06-10 22:18:15,194 - INFO - ibkr.core.position_manager - Position table changed: 20 open positions | open MTM -39171.72 | realized 0.00
2026-06-10 22:18:15,205 - INFO - ibkr.core.main_window - Chart auto-loading initiated
2026-06-10 22:18:15,240 - INFO - ibkr.core.main_window - Auto-loading startup chart symbol: BAX
2026-06-10 22:18:15,263 - INFO - chart_engine.core.ibkr_data_fetcher - Chart data source=IBKR symbol=BAX interval=day from=2026-03-02T12:48:15.263348-05:00 to=2026-06-10T12:48:15.263348-04:00 dedicated_history=True
2026-06-10 22:18:15,274 - INFO - chart_engine.core.ibkr_data_fetcher - Chart data source=IBKR symbol=BAX interval=60minute from=2026-04-21T12:48:15.274854-04:00 to=2026-06-10T12:48:15.274854-04:00 dedicated_history=True
2026-06-10 22:18:15,487 - INFO - chart_engine.core.ibkr_data_fetcher - IBKR chart history connected on 127.0.0.1:4002 clientId=102
2026-06-10 22:18:15,504 - INFO - ibkr.core.main_window - Subscription universe changed: 23 instruments (20 token-backed, +21/-0) sources={'positions': 20, 'charts': 2, 'header': 2}
2026-06-10 22:18:15,578 - INFO - ibkr.core.market_data_worker - Dedicated IBKR market-data connection established on 127.0.0.1:4002 clientId=101
2026-06-10 22:18:15,579 - INFO - ibkr.core.market_data_worker - IBKR MarketDataWorker started
2026-06-10 22:18:15,579 - INFO - ibkr.core.market_data_worker - Requested IBKR delayed market data type (3); delayed fallback=False; generic ticks=''
2026-06-10 22:18:15,580 - WARNING - ibkr.core.main_window - IBKR market data is delayed (delayed); live subscription is unavailable.
2026-06-10 22:18:15,580 - INFO - ibkr.core.main_window - WebSocket connected. Setting up subscriptions.
2026-06-10 22:18:15,581 - INFO - ibkr.core.position_manager - Fetching positions from broker - Reason: ibkr_connected
2026-06-10 22:18:16,102 - INFO - ibkr.core.position_manager - Fetching positions from broker - Reason: app_startup
2026-06-10 22:18:16,117 - INFO - ibkr.core.main_window - Position system initialized successfully
2026-06-10 22:18:16,264 - INFO - chart_engine.core.ibkr_data_fetcher - Requesting IBKR historical data: BAX conId=8111188 bar=1 day duration=100 D end=latest
2026-06-10 22:18:16,305 - INFO - chart_engine.core.ibkr_data_fetcher - Requesting IBKR historical data: BAX conId=8111188 bar=30 mins duration=50 D end=latest
2026-06-10 22:18:16,610 - INFO - ibkr.core.network_monitor - NetworkMonitor started
2026-06-10 22:18:16,610 - INFO - ibkr.core.main_window - Network resilience layer initialized
2026-06-10 22:18:16,852 - INFO - ibkr.core.market_data_worker - Subscribed IBKR market data: SPY key=756733 type=delayed
2026-06-10 22:18:16,855 - INFO - ibkr.core.market_data_worker - Subscribed IBKR market data: QQQ key=320227571 type=delayed
2026-06-10 22:18:17,179 - INFO - chart_engine.core.ibkr_data_fetcher - Chart data fetch complete source=IBKR symbol=BAX bars=71
2026-06-10 22:18:17,246 - INFO - chart_engine.drawings - Loaded state for BAX (day) — 1 drawings
2026-06-10 22:18:17,295 - INFO - ibkr.core.main_window - Chart panes revealed after initial symbol render: BAX
2026-06-10 22:18:17,295 - INFO - ibkr.core.main_window - Chart symbol changed to: BAX
2026-06-10 22:18:17,295 - INFO - ibkr.core.main_window - Added chart symbol BAX to subscription
2026-06-10 22:18:17,296 - INFO - ibkr.core.main_window - Ensured subscription for chart symbol BAX
2026-06-10 22:18:17,296 - INFO - chart_engine.core.chart_widget - Chart HTML loaded: BAX (71 candles)
2026-06-10 22:18:17,415 - WARNING - ibkr.core.market_data_worker - IBKR market data notice for SPY: Requested market data is not subscribed. Displaying delayed market data. (10167)
2026-06-10 22:18:17,517 - INFO - ibkr.core.network_monitor - Network confirmed online at startup
2026-06-10 22:18:17,753 - WARNING - ibkr.core.market_data_worker - IBKR market data notice for QQQ: Requested market data is not subscribed. Displaying delayed market data. (10167)
2026-06-10 22:18:18,184 - INFO - chart_engine.core.ibkr_data_fetcher - Chart data fetch complete source=IBKR symbol=BAX bars=347
2026-06-10 22:18:18,211 - INFO - chart_engine.drawings - Loaded state for BAX (60minute) — 1 drawings
2026-06-10 22:18:18,267 - INFO - chart_engine.core.chart_widget - Chart HTML loaded: BAX (347 candles)
2026-06-10 22:18:19,478 - INFO - ibkr.core.market_data_worker - Subscribed IBKR market data: NVDA key=4815747 type=delayed
2026-06-10 22:18:19,479 - INFO - ibkr.core.market_data_worker - Subscribed IBKR market data: TACT key=6858145 type=delayed
2026-06-10 22:18:19,479 - INFO - ibkr.core.market_data_worker - Subscribed IBKR market data: BAX key=8111188 type=delayed
2026-06-10 22:18:19,479 - INFO - ibkr.core.market_data_worker - Subscribed IBKR market data: UMC key=46613372 type=delayed
2026-06-10 22:18:19,480 - INFO - ibkr.core.market_data_worker - Subscribed IBKR market data: TSLA key=76792991 type=delayed
2026-06-10 22:18:19,480 - INFO - ibkr.core.market_data_worker - Subscribed IBKR market data: PTCT key=129374415 type=delayed
2026-06-10 22:18:19,481 - INFO - ibkr.core.market_data_worker - Subscribed IBKR market data: HPQ key=209411801 type=delayed
2026-06-10 22:18:19,481 - INFO - ibkr.core.market_data_worker - Subscribed IBKR market data: DELL key=346218218 type=delayed
2026-06-10 22:18:19,481 - INFO - ibkr.core.market_data_worker - Subscribed IBKR market data: MTA key=395717235 type=delayed
2026-06-10 22:18:19,482 - INFO - ibkr.core.market_data_worker - Subscribed IBKR market data: DRS key=478483396 type=delayed
2026-06-10 22:18:19,482 - INFO - ibkr.core.market_data_worker - Subscribed IBKR market data: RDW key=512000171 type=delayed
2026-06-10 22:18:19,482 - INFO - ibkr.core.market_data_worker - Subscribed IBKR market data: IONQ key=517593749 type=delayed
2026-06-10 22:18:19,482 - INFO - ibkr.core.market_data_worker - Subscribed IBKR market data: GFS key=523222624 type=delayed
2026-06-10 22:18:19,483 - INFO - ibkr.core.market_data_worker - Subscribed IBKR market data: QBTS key=578031277 type=delayed
2026-06-10 22:18:19,483 - INFO - ibkr.core.market_data_worker - Subscribed IBKR market data: LUNR key=613910262 type=delayed
2026-06-10 22:18:19,483 - INFO - ibkr.core.market_data_worker - Subscribed IBKR market data: SIDU key=673368857 type=delayed
2026-06-10 22:18:19,484 - INFO - ibkr.core.market_data_worker - Subscribed IBKR market data: DPRO key=725468685 type=delayed
2026-06-10 22:18:19,484 - INFO - ibkr.core.market_data_worker - Subscribed IBKR market data: SNDK key=760250490 type=delayed
2026-06-10 22:18:19,484 - INFO - ibkr.core.market_data_worker - Subscribed IBKR market data: RKLB key=787273575 type=delayed
2026-06-10 22:18:19,485 - INFO - ibkr.core.market_data_worker - Subscribed IBKR market data: SPRC key=860471331 type=delayed
2026-06-10 22:18:19,922 - WARNING - ibkr.core.market_data_worker - IBKR market data notice for NVDA: Requested market data is not subscribed. Displaying delayed market data. (10167)
2026-06-10 22:18:20,166 - WARNING - ibkr.core.market_data_worker - IBKR market data notice for TACT: Requested market data is not subscribed. Displaying delayed market data. (10167)
2026-06-10 22:18:20,169 - WARNING - ibkr.core.market_data_worker - IBKR market data notice for BAX: Requested market data is not subscribed. Displaying delayed market data. (10167)
2026-06-10 22:18:20,453 - WARNING - ibkr.core.market_data_worker - IBKR market data notice for UMC: Requested market data is not subscribed. Displaying delayed market data. (10167)
2026-06-10 22:18:20,497 - WARNING - ibkr.core.market_data_worker - IBKR market data notice for TSLA: Requested market data is not subscribed. Displaying delayed market data. (10167)
2026-06-10 22:18:20,498 - WARNING - ibkr.core.market_data_worker - IBKR market data notice for PTCT: Requested market data is not subscribed. Displaying delayed market data. (10167)
2026-06-10 22:18:20,676 - WARNING - ibkr.core.market_data_worker - IBKR market data notice for HPQ: Requested market data is not subscribed. Displaying delayed market data. (10167)
2026-06-10 22:18:20,677 - WARNING - ibkr.core.market_data_worker - IBKR market data notice for DELL: Requested market data is not subscribed. Displaying delayed market data. (10167)
2026-06-10 22:18:20,677 - WARNING - ibkr.core.market_data_worker - IBKR market data notice for MTA: Requested market data is not subscribed. Displaying delayed market data. (10167)
2026-06-10 22:18:20,902 - WARNING - ibkr.core.market_data_worker - IBKR market data notice for DRS: Requested market data is not subscribed. Displaying delayed market data. (10167)
2026-06-10 22:18:20,952 - WARNING - ibkr.core.market_data_worker - IBKR market data notice for RDW: Requested market data is not subscribed. Displaying delayed market data. (10167)
2026-06-10 22:18:20,966 - WARNING - ibkr.core.market_data_worker - IBKR market data notice for IONQ: Requested market data is not subscribed. Displaying delayed market data. (10167)
2026-06-10 22:18:20,966 - WARNING - ibkr.core.market_data_worker - IBKR market data notice for GFS: Requested market data is not subscribed. Displaying delayed market data. (10167)
2026-06-10 22:18:20,966 - WARNING - ibkr.core.market_data_worker - IBKR market data notice for QBTS: Requested market data is not subscribed. Displaying delayed market data. (10167)
2026-06-10 22:18:20,967 - WARNING - ibkr.core.market_data_worker - IBKR market data notice for LUNR: Requested market data is not subscribed. Displaying delayed market data. (10167)
2026-06-10 22:18:20,967 - WARNING - ibkr.core.market_data_worker - IBKR market data notice for SIDU: Requested market data is not subscribed. Displaying delayed market data. (10167)
2026-06-10 22:18:20,967 - WARNING - ibkr.core.market_data_worker - IBKR market data notice for DPRO: Requested market data is not subscribed. Displaying delayed market data. (10167)
2026-06-10 22:18:20,967 - WARNING - ibkr.core.market_data_worker - IBKR market data notice for SNDK: Requested market data is not subscribed. Displaying delayed market data. (10167)
2026-06-10 22:18:20,968 - WARNING - ibkr.core.market_data_worker - IBKR market data notice for RKLB: Requested market data is not subscribed. Displaying delayed market data. (10167)
2026-06-10 22:18:20,968 - WARNING - ibkr.core.market_data_worker - IBKR market data notice for SPRC: Requested market data is not subscribed. Displaying delayed market data. (10167)
2026-06-10 22:18:35,511 - INFO - ibkr.core.main_window - Window state saved
2026-06-10 22:18:48,322 - INFO - chart_engine.core.chart_widget - Lazy-loading older candles for BAX [day]: 100 -> 200 days
2026-06-10 22:18:48,323 - INFO - chart_engine.core.ibkr_data_fetcher - Chart data source=IBKR symbol=BAX interval=day from=2025-11-22T12:48:48.323734-05:00 to=2026-06-10T12:48:48.323734-04:00 dedicated_history=True
2026-06-10 22:18:48,324 - INFO - chart_engine.core.ibkr_data_fetcher - Requesting IBKR historical data: BAX conId=8111188 bar=1 day duration=200 D end=latest
2026-06-10 22:18:49,256 - INFO - chart_engine.core.ibkr_data_fetcher - Chart data fetch complete source=IBKR symbol=BAX bars=136
2026-06-10 22:18:49,310 - INFO - chart_engine.drawings - Loaded state for BAX (day) — 1 drawings
2026-06-10 22:18:49,312 - INFO - chart_engine.drawings - Loaded global chart settings.
2026-06-10 22:18:49,313 - INFO - chart_engine.drawings - Saved global chart settings.
2026-06-10 22:18:49,314 - INFO - ibkr.core.main_window - Chart symbol changed to: BAX
2026-06-10 22:18:49,315 - INFO - ibkr.core.main_window - Added chart symbol BAX to subscription
2026-06-10 22:18:49,315 - INFO - ibkr.core.main_window - Ensured subscription for chart symbol BAX
2026-06-10 22:18:49,316 - INFO - chart_engine.core.chart_widget - Chart seamlessly updated: BAX (136 candles)
2026-06-10 22:19:05,105 - INFO - chart_engine.core.ibkr_data_fetcher - Chart data source=IBKR symbol=BAX interval=60minute from=2026-04-21T12:49:05.105110-04:00 to=2026-06-10T12:49:05.105110-04:00 dedicated_history=True
2026-06-10 22:19:05,106 - INFO - chart_engine.core.ibkr_data_fetcher - Requesting IBKR historical data: BAX conId=8111188 bar=30 mins duration=50 D end=latest
2026-06-10 22:19:06,396 - INFO - chart_engine.core.ibkr_data_fetcher - Chart data fetch complete source=IBKR symbol=BAX bars=347
2026-06-10 22:19:06,448 - INFO - chart_engine.drawings - Loaded state for BAX (60minute) — 1 drawings
2026-06-10 22:19:06,448 - INFO - chart_engine.drawings - Loaded global chart settings.
2026-06-10 22:19:06,449 - INFO - chart_engine.drawings - Saved global chart settings.
2026-06-10 22:19:06,452 - INFO - ibkr.core.main_window - Ensured subscription for chart symbol BAX
2026-06-10 22:19:06,453 - INFO - chart_engine.core.chart_widget - Chart seamlessly updated: BAX (347 candles)
2026-06-10 22:19:13,104 - INFO - ibkr.core.data_cache - US market-open cache flush complete; intraday entries cleared
2026-06-10 22:19:28,600 - INFO - chart_engine.drawings - Saved global chart settings.
2026-06-10 22:19:28,770 - INFO - chart_engine.drawings - Loaded state for BAX (day) — 1 drawings
2026-06-10 22:19:28,771 - INFO - chart_engine.drawings - Loaded global chart settings.
2026-06-10 22:19:28,774 - INFO - ibkr.core.main_window - Chart symbol changed to: BAX
2026-06-10 22:19:28,774 - INFO - ibkr.core.main_window - Added chart symbol BAX to subscription
2026-06-10 22:19:28,775 - INFO - ibkr.core.main_window - Ensured subscription for chart symbol BAX
2026-06-10 22:19:28,775 - INFO - chart_engine.core.chart_widget - Chart seamlessly updated: BAX (136 candles)
2026-06-10 22:19:28,819 - INFO - chart_engine.drawings - Loaded state for BAX (60minute) — 1 drawings
2026-06-10 22:19:28,836 - INFO - chart_engine.core.chart_widget - Chart seamlessly updated: BAX (347 candles)
2026-06-10 22:19:31,872 - INFO - ibkr.core.shutdown_manager - closeEvent received — beginning fast IBKR shutdown
2026-06-10 22:19:31,874 - INFO - ibkr.core.shutdown_manager - === Fast IBKR window-close shutdown starting ===
2026-06-10 22:19:31,874 - INFO - ibkr.core.shutdown_manager - Shutdown: [quiesce_background_activity]…
2026-06-10 22:19:31,875 - INFO - ibkr.core.shutdown_manager - Shutdown: [quiesce_background_activity] ✓
2026-06-10 22:19:31,877 - INFO - ibkr.core.shutdown_manager - Shutdown: [save_window_state]…
2026-06-10 22:19:31,880 - INFO - ibkr.core.main_window - Window state saved
2026-06-10 22:19:31,880 - INFO - ibkr.core.shutdown_manager - Shutdown: [save_window_state] ✓
2026-06-10 22:19:31,881 - INFO - ibkr.core.shutdown_manager - Shutdown: [save_chart_state]…
2026-06-10 22:19:31,896 - INFO - ibkr.core.shutdown_manager - Shutdown: [save_chart_state] ✓
2026-06-10 22:19:31,896 - INFO - ibkr.core.shutdown_manager - Shutdown: [stop_remaining_timers]…
2026-06-10 22:19:31,912 - INFO - ibkr.core.shutdown_manager - Shutdown: [stop_remaining_timers] ✓
2026-06-10 22:19:31,913 - INFO - ibkr.core.shutdown_manager - === Fast IBKR window-close shutdown complete ===
2026-06-10 22:19:31,915 - INFO - ib_insync.client - Disconnecting
2026-06-10 22:19:31,916 - INFO - ibkr.core.market_data_worker - IBKR MarketDataWorker stopped
2026-06-10 22:19:31,939 - INFO - __main__ - Shutting down and cleaning up resources...
2026-06-10 22:19:31,939 - INFO - __main__ - Skipping broker disconnect during fast window-close shutdown.
2026-06-10 22:19:31,940 - INFO - __main__ - Cleanup complete.
