2026-06-09 23:24:07,857 - INFO - login_setup.login_setup_config - qullamaggie v1.0.0 starting...
2026-06-09 23:24:07,857 - INFO - login_setup.login_setup_config - Logging to file: /home/kavi/Desktop/Python_Projects/swing_trader/logs/qullamaggie_20260609_232407.log
2026-06-09 23:24:07,857 - INFO - login_setup.login_setup_config - Fatal crash diagnostics enabled for all threads.
2026-06-09 23:24:07,858 - INFO - __main__ - 🚀 Starting qullamaggie Application...
2026-06-09 23:24:08,031 - INFO - __main__ - Application icon loaded from: /home/kavi/Desktop/Python_Projects/swing_trader/assets/qullamaggie_swing_trader_icon.svg
2026-06-09 23:24:10,650 - INFO - ib_insync.client - Connecting to 127.0.0.1:4002 with clientId 1...
2026-06-09 23:24:10,653 - INFO - ib_insync.client - Connected
2026-06-09 23:24:10,673 - INFO - ib_insync.client - Logged on to server version 176
2026-06-09 23:24:10,715 - INFO - ib_insync.client - API connection ready
2026-06-09 23:24:11,206 - INFO - __main__ - Authenticated for broker: america
2026-06-09 23:24:11,207 - INFO - __main__ - Initializing trading and data clients...
2026-06-09 23:24:11,207 - INFO - login_setup.broker_factory - Creating america client for live trading
2026-06-09 23:24:11,207 - INFO - login_setup.broker_factory - IBKR client created with accounts: ['DUQ624205']
2026-06-09 23:24:11,217 - INFO - ibkr.core.trading_client - Subscribed to IBKR real-time order events
2026-06-09 23:24:11,218 - INFO - ibkr.core.trading_client - IBKR trading client startup snapshots deferred; using local cache/event sync
2026-06-09 23:24:11,218 - INFO - __main__ - Trading client created; creating data client...
2026-06-09 23:24:11,218 - INFO - login_setup.broker_factory - Creating data client for america
2026-06-09 23:24:11,218 - INFO - __main__ - Data client created; validating connection state...
2026-06-09 23:24:11,219 - INFO - __main__ - Trading client connected: True
2026-06-09 23:24:11,222 - INFO - __main__ - Data client connected: True
2026-06-09 23:24:11,223 - INFO - __main__ - Clients initialized successfully.
2026-06-09 23:24:11,223 - INFO - login_setup.broker_factory - Added america client to manager
2026-06-09 23:24:11,224 - INFO - login_setup.broker_factory - Started connection monitoring for america
2026-06-09 23:24:11,225 - INFO - __main__ - Creating main window for america...
2026-06-09 23:24:11,225 - INFO - login_setup.broker_factory - Dynamically loading main window from: ibkr.core.main_window
2026-06-09 23:24:12,637 - INFO - ibkr.core.trade_logger - Trade history database for 'live' mode at: /home/kavi/.qullamaggie/trade_history_live.db
2026-06-09 23:24:12,638 - INFO - ibkr.core.trade_logger - TradeLogger initialized with background processing
2026-06-09 23:24:12,639 - INFO - ibkr.core.trade_logger - DatabaseWorker processing started
2026-06-09 23:24:12,642 - INFO - ibkr.core.trade_logger - Database initialization completed
2026-06-09 23:24:12,645 - INFO - ibkr.core.position_manager - ✅ Connected to trader.order_status_updated signal - orders will sync immediately
2026-06-09 23:24:12,646 - INFO - ibkr.core.position_manager - ✅ Connected to trader.position_updated signal - positions will sync immediately
2026-06-09 23:24:12,646 - INFO - ibkr.core.position_manager - ✅ Connected to trader.connection_status_changed signal
2026-06-09 23:24:12,721 - INFO - ibkr.widgets.scanner_table - Loaded 19 valid scan configurations
2026-06-09 23:24:12,742 - INFO - ibkr.widgets.scanner_table - Scanner table ready for context-aware navigation
2026-06-09 23:24:12,752 - INFO - ibkr.widgets.scanner_table - Running EOD Finviz scan: Computer Hardware
2026-06-09 23:24:12,757 - INFO - chart_engine.core.ibkr_data_fetcher - Pre-warming dedicated IBKR history connection...
2026-06-09 23:24:12,762 - INFO - ib_insync.client - Connecting to 127.0.0.1:4002 with clientId 102...
2026-06-09 23:24:12,763 - INFO - chart_engine.drawings - Loaded global chart settings.
2026-06-09 23:24:13,160 - INFO - chart_engine.core.ibkr_data_fetcher - Chart data source=IBKR symbol=SMCI interval=day from=2025-05-05T13:54:13.160722-04:00 to=2026-06-09T13:54:13.160722-04:00 dedicated_history=True
2026-06-09 23:24:13,320 - INFO - chart_engine.core.ibkr_data_fetcher - IBKR chart history connected on 127.0.0.1:4002 clientId=102
2026-06-09 23:24:13,325 - INFO - ibkr.core.data_cache - MarketAwareDataCache initialised for IBKR/US market time
2026-06-09 23:24:13,326 - INFO - chart_engine.core.ibkr_data_fetcher - Chart data source=IBKR symbol=SMCI interval=60minute from=2026-04-20T13:54:13.326355-04:00 to=2026-06-09T13:54:13.326355-04:00 dedicated_history=True
2026-06-09 23:24:13,469 - INFO - chart_engine.drawings - Saved global chart settings.
2026-06-09 23:24:13,715 - INFO - chart_engine.core.ibkr_data_fetcher - Requesting IBKR historical data: SMCI conId=731466419 bar=1 day duration=2 Y end=latest
2026-06-09 23:24:13,727 - INFO - ibkr.core.alert_management_system - Loaded 0 alerts from disk
2026-06-09 23:24:13,729 - INFO - ibkr.core.alert_management_system - AlertSystemManager ready
2026-06-09 23:24:13,729 - INFO - ibkr.core.main_window - Alert system initialized successfully.
2026-06-09 23:24:13,731 - INFO - ibkr.core.alert_management_system - AlertEngine started
2026-06-09 23:24:13,736 - INFO - ibkr.core.main_window - Connecting component signals...
2026-06-09 23:24:13,741 - INFO - ibkr.core.main_window - IBKR order lifecycle UI signals connected
2026-06-09 23:24:13,743 - INFO - ib_insync.client - Connecting to 127.0.0.1:4002 with clientId 101...
2026-06-09 23:24:13,772 - INFO - ibkr.core.main_window - Keyboard shortcuts initialized
2026-06-09 23:24:14,074 - INFO - chart_engine.core.ibkr_data_fetcher - Requesting IBKR historical data: SMCI conId=731466419 bar=30 mins duration=50 D end=latest
2026-06-09 23:24:14,103 - INFO - ibkr.core.main_window - Window state restored
2026-06-09 23:24:14,104 - INFO - ibkr.core.main_window - Applied startup chart timeframes: left=day, right=60minute
2026-06-09 23:24:14,105 - INFO - ibkr.core.main_window - Simplified qullamaggie Window with Status Bar Initialized Successfully.
2026-06-09 23:24:14,106 - INFO - __main__ - Main window created successfully.
2026-06-09 23:24:14,157 - INFO - __main__ - Starting application event loop.
2026-06-09 23:24:14,163 - INFO - ibkr.core.market_data_worker - Dedicated IBKR market-data connection established on 127.0.0.1:4002 clientId=101
2026-06-09 23:24:14,164 - INFO - ibkr.core.market_data_worker - IBKR MarketDataWorker started
2026-06-09 23:24:14,165 - INFO - ibkr.core.market_data_worker - Requested IBKR delayed market data type (3); delayed fallback=False; generic ticks=''
2026-06-09 23:24:14,860 - INFO - ibkr.core.main_window - IBKR loader: Building initial instrument list...
2026-06-09 23:24:15,545 - INFO - chart_engine.core.ibkr_data_fetcher - Chart data fetch complete source=IBKR symbol=SMCI bars=348
2026-06-09 23:24:15,556 - INFO - chart_engine.core.ibkr_data_fetcher - Chart data fetch complete source=IBKR symbol=SMCI bars=276
2026-06-09 23:24:15,942 - WARNING - ibkr.core.main_window - IBKR market data is delayed (delayed); live subscription is unavailable.
2026-06-09 23:24:15,942 - INFO - ibkr.core.main_window - WebSocket connected. Setting up subscriptions.
2026-06-09 23:24:15,943 - INFO - ibkr.core.position_manager - Fetching positions from broker - Reason: ibkr_connected
2026-06-09 23:24:15,962 - INFO - ibkr.core.main_window - Added 20 widget market-data subscriptions (20 token-backed)
2026-06-09 23:24:15,964 - INFO - ibkr.core.position_manager - Position table changed: 20 open positions | open MTM -48924.43 | realized 0.00
2026-06-09 23:24:16,074 - INFO - ibkr.core.main_window - Successfully loaded 4328 instruments.
2026-06-09 23:24:16,075 - INFO - ibkr.widgets.header_toolbar - Search index ready: 4328 instruments
2026-06-09 23:24:16,103 - INFO - ibkr.core.main_window - Instruments loaded successfully.
2026-06-09 23:24:16,123 - INFO - ibkr.core.main_window - IBKR loader: Loaded 181 symbols (qualifying in background...)
2026-06-09 23:24:16,295 - INFO - ibkr.core.main_window - Chart panes revealed after initial symbol render: SMCI
2026-06-09 23:24:16,295 - INFO - ibkr.core.main_window - Chart symbol changed to: SMCI
2026-06-09 23:24:16,295 - INFO - ibkr.core.main_window - Added chart symbol SMCI to subscription
2026-06-09 23:24:16,296 - INFO - ibkr.core.main_window - Ensured subscription for chart symbol SMCI
2026-06-09 23:24:16,296 - INFO - chart_engine.core.chart_widget - Chart HTML loaded: SMCI (276 candles)
2026-06-09 23:24:16,354 - INFO - chart_engine.core.chart_widget - Chart HTML loaded: SMCI (348 candles)
2026-06-09 23:24:16,419 - INFO - ibkr.core.position_manager - Fetching positions from broker - Reason: app_startup
2026-06-09 23:24:16,434 - INFO - ibkr.core.main_window - Position system initialized successfully
2026-06-09 23:24:16,592 - INFO - ibkr.widgets.scanner_table - EOD Scan completed: 20 symbols with complete data
2026-06-09 23:24:16,727 - INFO - ibkr.widgets.scanner_table - EOD Scanner table updated with 20 symbols.
2026-06-09 23:24:16,944 - INFO - ibkr.core.market_data_worker - Subscribed IBKR market data: NVDA key=4815747 type=delayed
2026-06-09 23:24:16,944 - INFO - ibkr.core.market_data_worker - Subscribed IBKR market data: TACT key=6858145 type=delayed
2026-06-09 23:24:16,945 - INFO - ibkr.core.market_data_worker - Subscribed IBKR market data: BAX key=8111188 type=delayed
2026-06-09 23:24:16,950 - INFO - ibkr.core.market_data_worker - Subscribed IBKR market data: UMC key=46613372 type=delayed
2026-06-09 23:24:16,951 - INFO - ibkr.core.market_data_worker - Subscribed IBKR market data: TSLA key=76792991 type=delayed
2026-06-09 23:24:16,951 - INFO - ibkr.core.market_data_worker - Subscribed IBKR market data: PTCT key=129374415 type=delayed
2026-06-09 23:24:16,951 - INFO - ibkr.core.market_data_worker - Subscribed IBKR market data: HPQ key=209411801 type=delayed
2026-06-09 23:24:16,952 - INFO - ibkr.core.market_data_worker - Subscribed IBKR market data: DELL key=346218218 type=delayed
2026-06-09 23:24:16,952 - INFO - ibkr.core.market_data_worker - Subscribed IBKR market data: MTA key=395717235 type=delayed
2026-06-09 23:24:16,953 - INFO - ibkr.core.market_data_worker - Subscribed IBKR market data: DRS key=478483396 type=delayed
2026-06-09 23:24:16,959 - INFO - ibkr.core.market_data_worker - Subscribed IBKR market data: RDW key=512000171 type=delayed
2026-06-09 23:24:16,960 - INFO - ibkr.core.market_data_worker - Subscribed IBKR market data: IONQ key=517593749 type=delayed
2026-06-09 23:24:16,960 - INFO - ibkr.core.market_data_worker - Subscribed IBKR market data: GFS key=523222624 type=delayed
2026-06-09 23:24:16,960 - INFO - ibkr.core.market_data_worker - Subscribed IBKR market data: QBTS key=578031277 type=delayed
2026-06-09 23:24:16,960 - INFO - ibkr.core.market_data_worker - Subscribed IBKR market data: LUNR key=613910262 type=delayed
2026-06-09 23:24:16,961 - INFO - ibkr.core.market_data_worker - Subscribed IBKR market data: SIDU key=673368857 type=delayed
2026-06-09 23:24:16,961 - INFO - ibkr.core.market_data_worker - Subscribed IBKR market data: DPRO key=725468685 type=delayed
2026-06-09 23:24:16,961 - INFO - ibkr.core.market_data_worker - Subscribed IBKR market data: SNDK key=760250490 type=delayed
2026-06-09 23:24:16,961 - INFO - ibkr.core.market_data_worker - Subscribed IBKR market data: RKLB key=787273575 type=delayed
2026-06-09 23:24:16,962 - INFO - ibkr.core.market_data_worker - Subscribed IBKR market data: SPRC key=860471331 type=delayed
2026-06-09 23:24:17,065 - INFO - ibkr.core.main_window - Subscription universe changed: 24 instruments (20 token-backed, +24/-0) sources={'positions': 20, 'charts': 2, 'watchlist': 1, 'header': 2}
2026-06-09 23:24:17,110 - INFO - ibkr.core.network_monitor - NetworkMonitor started
2026-06-09 23:24:17,112 - INFO - ibkr.core.main_window - Network resilience layer initialized
2026-06-09 23:24:17,120 - INFO - ibkr.core.position_manager - Fetching positions from broker - Reason: instruments_loaded
2026-06-09 23:24:17,150 - INFO - ibkr.core.main_window - Chart auto-loading initiated
2026-06-09 23:24:17,153 - INFO - ibkr.core.main_window - Chart already has active rendered symbol: SMCI
2026-06-09 23:24:17,482 - WARNING - ibkr.core.market_data_worker - IBKR market data notice for NVDA: Requested market data is not subscribed. Displaying delayed market data. (10167)
2026-06-09 23:24:17,720 - WARNING - ibkr.core.market_data_worker - IBKR market data notice for TACT: Requested market data is not subscribed. Displaying delayed market data. (10167)
2026-06-09 23:24:17,761 - WARNING - ibkr.core.market_data_worker - IBKR market data notice for BAX: Requested market data is not subscribed. Displaying delayed market data. (10167)
2026-06-09 23:24:17,999 - INFO - ibkr.core.network_monitor - Network confirmed online at startup
2026-06-09 23:24:18,042 - WARNING - ibkr.core.market_data_worker - IBKR market data notice for UMC: Requested market data is not subscribed. Displaying delayed market data. (10167)
2026-06-09 23:24:18,043 - WARNING - ibkr.core.market_data_worker - IBKR market data notice for TSLA: Requested market data is not subscribed. Displaying delayed market data. (10167)
2026-06-09 23:24:18,044 - WARNING - ibkr.core.market_data_worker - IBKR market data notice for PTCT: Requested market data is not subscribed. Displaying delayed market data. (10167)
2026-06-09 23:24:18,215 - WARNING - ibkr.core.market_data_worker - IBKR market data notice for HPQ: Requested market data is not subscribed. Displaying delayed market data. (10167)
2026-06-09 23:24:18,328 - WARNING - ibkr.core.market_data_worker - IBKR market data notice for DELL: Requested market data is not subscribed. Displaying delayed market data. (10167)
2026-06-09 23:24:18,329 - WARNING - ibkr.core.market_data_worker - IBKR market data notice for MTA: Requested market data is not subscribed. Displaying delayed market data. (10167)
2026-06-09 23:24:18,330 - WARNING - ibkr.core.market_data_worker - IBKR market data notice for DRS: Requested market data is not subscribed. Displaying delayed market data. (10167)
2026-06-09 23:24:18,330 - WARNING - ibkr.core.market_data_worker - IBKR market data notice for RDW: Requested market data is not subscribed. Displaying delayed market data. (10167)
2026-06-09 23:24:18,332 - WARNING - ibkr.core.market_data_worker - IBKR market data notice for IONQ: Requested market data is not subscribed. Displaying delayed market data. (10167)
2026-06-09 23:24:18,333 - WARNING - ibkr.core.market_data_worker - IBKR market data notice for GFS: Requested market data is not subscribed. Displaying delayed market data. (10167)
2026-06-09 23:24:18,334 - WARNING - ibkr.core.market_data_worker - IBKR market data notice for QBTS: Requested market data is not subscribed. Displaying delayed market data. (10167)
2026-06-09 23:24:18,334 - WARNING - ibkr.core.market_data_worker - IBKR market data notice for LUNR: Requested market data is not subscribed. Displaying delayed market data. (10167)
2026-06-09 23:24:18,335 - WARNING - ibkr.core.market_data_worker - IBKR market data notice for SIDU: Requested market data is not subscribed. Displaying delayed market data. (10167)
2026-06-09 23:24:18,335 - WARNING - ibkr.core.market_data_worker - IBKR market data notice for DPRO: Requested market data is not subscribed. Displaying delayed market data. (10167)
2026-06-09 23:24:18,336 - WARNING - ibkr.core.market_data_worker - IBKR market data notice for SNDK: Requested market data is not subscribed. Displaying delayed market data. (10167)
2026-06-09 23:24:18,342 - WARNING - ibkr.core.market_data_worker - IBKR market data notice for RKLB: Requested market data is not subscribed. Displaying delayed market data. (10167)
2026-06-09 23:24:18,342 - WARNING - ibkr.core.market_data_worker - IBKR market data notice for SPRC: Requested market data is not subscribed. Displaying delayed market data. (10167)
2026-06-09 23:24:21,513 - INFO - ibkr.core.market_data_worker - Subscribed IBKR market data: SPY key=756733 type=delayed
2026-06-09 23:24:21,515 - INFO - ibkr.core.market_data_worker - Subscribed IBKR market data: QQQ key=320227571 type=delayed
2026-06-09 23:24:21,968 - WARNING - ibkr.core.market_data_worker - IBKR market data notice for SPY: Requested market data is not subscribed. Displaying delayed market data. (10167)
2026-06-09 23:24:22,129 - WARNING - ibkr.core.market_data_worker - IBKR market data notice for QQQ: Requested market data is not subscribed. Displaying delayed market data. (10167)
2026-06-09 23:24:22,854 - INFO - ibkr.core.market_data_worker - Subscribed IBKR market data: SMCI key=731466419 type=delayed
2026-06-09 23:24:23,336 - WARNING - ibkr.core.market_data_worker - IBKR market data notice for SMCI: Requested market data is not subscribed. Displaying delayed market data. (10167)
2026-06-09 23:24:23,881 - INFO - chart_engine.core.ibkr_data_fetcher - Chart data source=IBKR symbol=ACLS interval=day from=2025-05-05T13:54:23.880894-04:00 to=2026-06-09T13:54:23.880894-04:00 dedicated_history=True
2026-06-09 23:24:23,901 - INFO - chart_engine.core.ibkr_data_fetcher - Chart data source=IBKR symbol=ACLS interval=60minute from=2026-04-20T13:54:23.901809-04:00 to=2026-06-09T13:54:23.901809-04:00 dedicated_history=True
2026-06-09 23:24:24,583 - INFO - ibkr.core.market_data_worker - Subscribed IBKR market data: RMBS key=4031477 type=delayed
2026-06-09 23:24:24,906 - INFO - chart_engine.core.ibkr_data_fetcher - Requesting IBKR historical data: ACLS conId=239037320 bar=1 day duration=2 Y end=latest
2026-06-09 23:24:24,974 - WARNING - ibkr.core.market_data_worker - IBKR market data notice for RMBS: Requested market data is not subscribed. Displaying delayed market data. (10167)
2026-06-09 23:24:25,257 - INFO - chart_engine.core.ibkr_data_fetcher - Requesting IBKR historical data: ACLS conId=239037320 bar=30 mins duration=50 D end=latest
2026-06-09 23:24:27,092 - INFO - chart_engine.core.ibkr_data_fetcher - Chart data fetch complete source=IBKR symbol=ACLS bars=276
2026-06-09 23:24:27,150 - INFO - chart_engine.drawings - Loaded global chart settings.
2026-06-09 23:24:27,151 - INFO - chart_engine.drawings - Saved global chart settings.
2026-06-09 23:24:27,154 - INFO - ibkr.core.main_window - Chart symbol changed to: ACLS
2026-06-09 23:24:27,154 - INFO - ibkr.core.main_window - Added chart symbol ACLS to subscription
2026-06-09 23:24:27,155 - INFO - ibkr.core.main_window - Ensured subscription for chart symbol ACLS
2026-06-09 23:24:27,155 - INFO - chart_engine.core.chart_widget - Chart seamlessly updated: ACLS (276 candles)
2026-06-09 23:24:27,480 - INFO - chart_engine.core.ibkr_data_fetcher - Chart data fetch complete source=IBKR symbol=ACLS bars=348
2026-06-09 23:24:27,527 - INFO - ibkr.core.main_window - Subscription universe changed: 24 instruments (20 token-backed, +1/-1) sources={'positions': 20, 'charts': 2, 'watchlist': 1, 'header': 2}
2026-06-09 23:24:27,527 - INFO - ibkr.core.market_data_worker - Subscribed IBKR market data: ACLS key=239037320 type=delayed
2026-06-09 23:24:27,557 - INFO - chart_engine.core.chart_widget - Chart seamlessly updated: ACLS (348 candles)
2026-06-09 23:24:27,860 - WARNING - ibkr.core.market_data_worker - IBKR market data notice for ACLS: Requested market data is not subscribed. Displaying delayed market data. (10167)
2026-06-09 23:24:28,662 - INFO - ibkr.core.market_data_worker - Unsubscribed IBKR market data: SMCI
2026-06-09 23:24:28,763 - ERROR - ib_insync.wrapper - Error 300, reqId 96: Can't find EId with tickerId:96
2026-06-09 23:24:28,764 - WARNING - ibkr.core.market_data_worker - IBKR API error for reqId=96: Can't find EId with tickerId:96 (300)
2026-06-09 23:24:44,174 - INFO - chart_engine.drawings - Loaded global chart settings.
2026-06-09 23:24:44,176 - INFO - chart_engine.drawings - Saved global chart settings.
2026-06-09 23:24:44,180 - INFO - ibkr.core.main_window - Chart symbol changed to: ACLS
2026-06-09 23:24:44,181 - INFO - ibkr.core.main_window - Added chart symbol ACLS to subscription
2026-06-09 23:24:44,182 - INFO - ibkr.core.main_window - Ensured subscription for chart symbol ACLS
2026-06-09 23:24:44,182 - INFO - chart_engine.core.chart_widget - Chart seamlessly updated: ACLS (348 candles)
2026-06-09 23:24:51,570 - INFO - chart_engine.core.chart_widget - Chart seamlessly updated: ACLS (276 candles)
2026-06-09 23:25:03,904 - INFO - chart_engine.core.ibkr_data_fetcher - Chart data source=IBKR symbol=ASTS interval=day from=2025-05-05T13:55:03.904185-04:00 to=2026-06-09T13:55:03.904185-04:00 dedicated_history=True
2026-06-09 23:25:03,921 - INFO - chart_engine.core.ibkr_data_fetcher - Chart data source=IBKR symbol=ASTS interval=60minute from=2026-04-20T13:55:03.921084-04:00 to=2026-06-09T13:55:03.921084-04:00 dedicated_history=True
2026-06-09 23:25:04,837 - INFO - chart_engine.core.ibkr_data_fetcher - Requesting IBKR historical data: ASTS conId=480745767 bar=1 day duration=2 Y end=latest
2026-06-09 23:25:05,462 - INFO - chart_engine.core.ibkr_data_fetcher - Requesting IBKR historical data: ASTS conId=480745767 bar=30 mins duration=50 D end=latest
2026-06-09 23:25:06,355 - INFO - chart_engine.core.ibkr_data_fetcher - Chart data fetch complete source=IBKR symbol=ASTS bars=276
2026-06-09 23:25:06,427 - INFO - chart_engine.drawings - Loaded global chart settings.
2026-06-09 23:25:06,429 - INFO - chart_engine.drawings - Saved global chart settings.
2026-06-09 23:25:06,435 - INFO - ibkr.core.main_window - Chart symbol changed to: ASTS
2026-06-09 23:25:06,436 - INFO - ibkr.core.main_window - Added chart symbol ASTS to subscription
2026-06-09 23:25:06,436 - INFO - ibkr.core.main_window - Ensured subscription for chart symbol ASTS
2026-06-09 23:25:06,437 - INFO - chart_engine.core.chart_widget - Chart seamlessly updated: ASTS (276 candles)
2026-06-09 23:25:06,780 - INFO - ibkr.core.market_data_worker - Subscribed IBKR market data: ASTS key=480745767 type=delayed
2026-06-09 23:25:06,811 - INFO - ibkr.core.main_window - Subscription universe changed: 24 instruments (20 token-backed, +1/-1) sources={'positions': 20, 'charts': 2, 'watchlist': 1, 'header': 2}
2026-06-09 23:25:06,926 - INFO - chart_engine.core.ibkr_data_fetcher - Chart data fetch complete source=IBKR symbol=ASTS bars=348
2026-06-09 23:25:06,991 - INFO - chart_engine.core.chart_widget - Chart seamlessly updated: ASTS (348 candles)
2026-06-09 23:25:07,189 - WARNING - ibkr.core.market_data_worker - IBKR market data notice for ASTS: Requested market data is not subscribed. Displaying delayed market data. (10167)
2026-06-09 23:25:07,700 - INFO - ibkr.core.market_data_worker - Unsubscribed IBKR market data: ACLS
2026-06-09 23:25:07,801 - ERROR - ib_insync.wrapper - Error 300, reqId 132: Can't find EId with tickerId:132
2026-06-09 23:25:07,801 - WARNING - ibkr.core.market_data_worker - IBKR API error for reqId=132: Can't find EId with tickerId:132 (300)
2026-06-09 23:25:13,103 - INFO - ibkr.core.data_cache - US market-open cache flush complete; intraday entries cleared
2026-06-09 23:25:18,773 - INFO - chart_engine.core.chart_widget - Chart seamlessly updated: ASTS (276 candles)
2026-06-09 23:25:20,594 - INFO - chart_engine.drawings - Saved state for ASTS (day) — 0 drawings
2026-06-09 23:25:24,882 - INFO - ibkr.utils.config_manager - Settings saved successfully
2026-06-09 23:25:26,738 - INFO - chart_engine.drawings - Loaded state for ASTS (60minute) — 0 drawings
2026-06-09 23:25:26,745 - INFO - chart_engine.drawings - Saved state for ASTS (60minute) — 0 drawings
2026-06-09 23:25:37,352 - INFO - chart_engine.drawings - Loaded state for ASTS (day) — 0 drawings
2026-06-09 23:25:37,358 - INFO - chart_engine.drawings - Saved state for ASTS (day) — 0 drawings
2026-06-09 23:26:05,105 - INFO - chart_engine.core.ibkr_data_fetcher - Chart data source=IBKR symbol=ASTS interval=60minute from=2026-04-20T13:56:05.105823-04:00 to=2026-06-09T13:56:05.105823-04:00 dedicated_history=True
2026-06-09 23:26:05,108 - INFO - chart_engine.core.ibkr_data_fetcher - Requesting IBKR historical data: ASTS conId=480745767 bar=30 mins duration=50 D end=latest
2026-06-09 23:26:06,439 - INFO - chart_engine.core.ibkr_data_fetcher - Chart data fetch complete source=IBKR symbol=ASTS bars=348
2026-06-09 23:26:06,472 - INFO - chart_engine.drawings - Loaded state for ASTS (60minute) — 0 drawings
2026-06-09 23:26:06,473 - INFO - chart_engine.drawings - Loaded global chart settings.
2026-06-09 23:26:06,474 - INFO - chart_engine.drawings - Saved global chart settings.
2026-06-09 23:26:06,478 - INFO - ibkr.core.main_window - Ensured subscription for chart symbol ASTS
2026-06-09 23:26:06,478 - INFO - chart_engine.core.chart_widget - Chart seamlessly updated: ASTS (348 candles)
2026-06-09 23:27:05,107 - INFO - chart_engine.core.ibkr_data_fetcher - Chart data source=IBKR symbol=ASTS interval=60minute from=2026-04-20T13:57:05.106906-04:00 to=2026-06-09T13:57:05.106906-04:00 dedicated_history=True
2026-06-09 23:27:05,107 - INFO - chart_engine.core.ibkr_data_fetcher - Requesting IBKR historical data: ASTS conId=480745767 bar=30 mins duration=50 D end=latest
2026-06-09 23:27:06,426 - INFO - chart_engine.core.ibkr_data_fetcher - Chart data fetch complete source=IBKR symbol=ASTS bars=348
2026-06-09 23:27:06,470 - INFO - chart_engine.drawings - Loaded state for ASTS (60minute) — 0 drawings
2026-06-09 23:27:06,471 - INFO - chart_engine.drawings - Loaded global chart settings.
2026-06-09 23:27:06,472 - INFO - chart_engine.drawings - Saved global chart settings.
2026-06-09 23:27:06,478 - INFO - ibkr.core.main_window - Ensured subscription for chart symbol ASTS
2026-06-09 23:27:06,478 - INFO - chart_engine.core.chart_widget - Chart seamlessly updated: ASTS (348 candles)
2026-06-09 23:27:38,974 - INFO - ibkr.core.shutdown_manager - closeEvent received — beginning fast IBKR shutdown
2026-06-09 23:27:38,976 - INFO - ibkr.core.shutdown_manager - === Fast IBKR window-close shutdown starting ===
2026-06-09 23:27:38,976 - INFO - ibkr.core.shutdown_manager - Shutdown: [save_window_state]…
2026-06-09 23:27:38,978 - INFO - ibkr.core.main_window - Window state saved
2026-06-09 23:27:38,978 - INFO - ibkr.core.shutdown_manager - Shutdown: [save_window_state] ✓
2026-06-09 23:27:38,980 - INFO - ibkr.core.shutdown_manager - Shutdown: [save_chart_state]…
2026-06-09 23:27:38,995 - INFO - ibkr.core.shutdown_manager - Shutdown: [save_chart_state] ✓
2026-06-09 23:27:38,996 - INFO - ibkr.core.shutdown_manager - Shutdown: [stop_remaining_timers]…
2026-06-09 23:27:39,015 - INFO - ibkr.core.shutdown_manager - Shutdown: [stop_remaining_timers] ✓
2026-06-09 23:27:39,016 - INFO - ibkr.core.shutdown_manager - === Fast IBKR window-close shutdown complete ===
2026-06-09 23:27:39,029 - INFO - __main__ - Shutting down and cleaning up resources...
2026-06-09 23:27:39,029 - INFO - __main__ - Skipping broker disconnect during fast window-close shutdown.
2026-06-09 23:27:39,033 - INFO - __main__ - Cleanup complete.
