2026-06-09 23:37:50,952 - INFO - login_setup.login_setup_config - qullamaggie v1.0.0 starting...
2026-06-09 23:37:50,952 - INFO - login_setup.login_setup_config - Logging to file: /home/kavi/Desktop/Python_Projects/swing_trader/logs/qullamaggie_20260609_233750.log
2026-06-09 23:37:50,952 - INFO - login_setup.login_setup_config - Fatal crash diagnostics enabled for all threads.
2026-06-09 23:37:50,952 - INFO - __main__ - 🚀 Starting qullamaggie Application...
2026-06-09 23:37:51,084 - INFO - __main__ - Application icon loaded from: /home/kavi/Desktop/Python_Projects/swing_trader/assets/qullamaggie_swing_trader_icon.svg
2026-06-09 23:37:54,052 - INFO - ib_insync.client - Connecting to 127.0.0.1:4002 with clientId 1...
2026-06-09 23:37:54,054 - INFO - ib_insync.client - Connected
2026-06-09 23:37:54,068 - INFO - ib_insync.client - Logged on to server version 176
2026-06-09 23:37:54,109 - INFO - ib_insync.client - API connection ready
2026-06-09 23:37:54,596 - INFO - __main__ - Authenticated for broker: america
2026-06-09 23:37:54,596 - INFO - __main__ - Initializing trading and data clients...
2026-06-09 23:37:54,596 - INFO - login_setup.broker_factory - Creating america client for live trading
2026-06-09 23:37:54,597 - INFO - login_setup.broker_factory - IBKR client created with accounts: ['DUQ624205']
2026-06-09 23:37:54,606 - INFO - ibkr.core.trading_client - Subscribed to IBKR real-time order events
2026-06-09 23:37:54,606 - INFO - ibkr.core.trading_client - IBKR trading client startup snapshots deferred; using local cache/event sync
2026-06-09 23:37:54,606 - INFO - __main__ - Trading client created; creating data client...
2026-06-09 23:37:54,607 - INFO - login_setup.broker_factory - Creating data client for america
2026-06-09 23:37:54,607 - INFO - __main__ - Data client created; validating connection state...
2026-06-09 23:37:54,607 - INFO - __main__ - Trading client connected: True
2026-06-09 23:37:54,608 - INFO - __main__ - Data client connected: True
2026-06-09 23:37:54,608 - INFO - __main__ - Clients initialized successfully.
2026-06-09 23:37:54,608 - INFO - login_setup.broker_factory - Added america client to manager
2026-06-09 23:37:54,608 - INFO - login_setup.broker_factory - Started connection monitoring for america
2026-06-09 23:37:54,609 - INFO - __main__ - Creating main window for america...
2026-06-09 23:37:54,609 - INFO - login_setup.broker_factory - Dynamically loading main window from: ibkr.core.main_window
2026-06-09 23:37:55,999 - INFO - ibkr.core.trade_logger - Trade history database for 'live' mode at: /home/kavi/.qullamaggie/trade_history_live.db
2026-06-09 23:37:56,000 - INFO - ibkr.core.trade_logger - TradeLogger initialized with background processing
2026-06-09 23:37:56,001 - INFO - ibkr.core.trade_logger - DatabaseWorker processing started
2026-06-09 23:37:56,005 - INFO - ibkr.core.position_manager - ✅ Connected to trader.order_status_updated signal - orders will sync immediately
2026-06-09 23:37:56,005 - INFO - ibkr.core.position_manager - ✅ Connected to trader.position_updated signal - positions will sync immediately
2026-06-09 23:37:56,006 - INFO - ibkr.core.position_manager - ✅ Connected to trader.connection_status_changed signal
2026-06-09 23:37:56,006 - INFO - ibkr.core.trade_logger - Database initialization completed
2026-06-09 23:37:56,092 - INFO - ibkr.widgets.scanner_table - Loaded 19 valid scan configurations
2026-06-09 23:37:56,116 - INFO - ibkr.widgets.scanner_table - Scanner table ready for context-aware navigation
2026-06-09 23:37:56,130 - INFO - ibkr.widgets.scanner_table - Running EOD Finviz scan: Biotechnology
2026-06-09 23:37:56,136 - INFO - chart_engine.core.ibkr_data_fetcher - Pre-warming dedicated IBKR history connection...
2026-06-09 23:37:56,141 - INFO - ib_insync.client - Connecting to 127.0.0.1:4002 with clientId 102...
2026-06-09 23:37:56,142 - INFO - chart_engine.drawings - Loaded global chart settings.
2026-06-09 23:37:56,566 - INFO - chart_engine.core.ibkr_data_fetcher - Chart data source=IBKR symbol=KPTI interval=day from=2025-05-05T14:07:56.566161-04:00 to=2026-06-09T14:07:56.566161-04:00 dedicated_history=True
2026-06-09 23:37:56,633 - INFO - chart_engine.core.ibkr_data_fetcher - IBKR chart history connected on 127.0.0.1:4002 clientId=102
2026-06-09 23:37:56,842 - INFO - ibkr.core.data_cache - MarketAwareDataCache initialised for IBKR/US market time
2026-06-09 23:37:56,845 - INFO - chart_engine.core.ibkr_data_fetcher - Chart data source=IBKR symbol=KPTI interval=60minute from=2026-04-20T14:07:56.845804-04:00 to=2026-06-09T14:07:56.845804-04:00 dedicated_history=True
2026-06-09 23:37:56,968 - INFO - chart_engine.core.ibkr_data_fetcher - Requesting IBKR historical data: KPTI conId=764163981 bar=1 day duration=2 Y end=latest
2026-06-09 23:37:57,029 - INFO - chart_engine.drawings - Saved global chart settings.
2026-06-09 23:37:57,335 - INFO - chart_engine.core.ibkr_data_fetcher - Requesting IBKR historical data: KPTI conId=764163981 bar=30 mins duration=50 D end=latest
2026-06-09 23:37:57,405 - INFO - ibkr.core.alert_management_system - Loaded 0 alerts from disk
2026-06-09 23:37:57,406 - INFO - ibkr.core.alert_management_system - AlertSystemManager ready
2026-06-09 23:37:57,406 - INFO - ibkr.core.alert_management_system - AlertEngine started
2026-06-09 23:37:57,407 - INFO - ibkr.core.main_window - Alert system initialized successfully.
2026-06-09 23:37:57,411 - INFO - ibkr.core.main_window - Connecting component signals...
2026-06-09 23:37:57,413 - INFO - ib_insync.client - Connecting to 127.0.0.1:4002 with clientId 101...
2026-06-09 23:37:57,414 - INFO - ibkr.core.main_window - IBKR order lifecycle UI signals connected
2026-06-09 23:37:57,432 - INFO - ibkr.core.main_window - Keyboard shortcuts initialized
2026-06-09 23:37:57,675 - INFO - ibkr.core.main_window - Window state restored
2026-06-09 23:37:57,675 - INFO - ibkr.core.main_window - Applied startup chart timeframes: left=day, right=60minute
2026-06-09 23:37:57,676 - INFO - ibkr.core.main_window - Simplified qullamaggie Window with Status Bar Initialized Successfully.
2026-06-09 23:37:57,688 - INFO - __main__ - Main window created successfully.
2026-06-09 23:37:57,760 - INFO - __main__ - Starting application event loop.
2026-06-09 23:37:57,792 - INFO - ibkr.core.market_data_worker - Dedicated IBKR market-data connection established on 127.0.0.1:4002 clientId=101
2026-06-09 23:37:57,793 - INFO - ibkr.core.market_data_worker - IBKR MarketDataWorker started
2026-06-09 23:37:57,794 - INFO - ibkr.core.market_data_worker - Requested IBKR delayed market data type (3); delayed fallback=False; generic ticks=''
2026-06-09 23:37:58,414 - INFO - ibkr.core.main_window - IBKR loader: Building initial instrument list...
2026-06-09 23:37:58,439 - INFO - ibkr.core.main_window - Window state saved
2026-06-09 23:37:58,444 - WARNING - ibkr.core.main_window - IBKR market data is delayed (delayed); live subscription is unavailable.
2026-06-09 23:37:58,445 - INFO - ibkr.core.main_window - WebSocket connected. Setting up subscriptions.
2026-06-09 23:37:58,448 - INFO - ibkr.core.position_manager - Fetching positions from broker - Reason: ibkr_connected
2026-06-09 23:37:58,651 - INFO - ibkr.core.main_window - Added 20 widget market-data subscriptions (20 token-backed)
2026-06-09 23:37:58,684 - INFO - ibkr.core.position_manager - Position table changed: 20 open positions | open MTM -53718.11 | realized 0.00
2026-06-09 23:37:58,926 - INFO - chart_engine.core.ibkr_data_fetcher - Chart data fetch complete source=IBKR symbol=KPTI bars=348
2026-06-09 23:37:59,017 - INFO - chart_engine.core.ibkr_data_fetcher - Chart data fetch complete source=IBKR symbol=KPTI bars=276
2026-06-09 23:37:59,730 - INFO - ibkr.core.main_window - Chart panes revealed after initial symbol render: KPTI
2026-06-09 23:37:59,730 - INFO - ibkr.core.main_window - Chart symbol changed to: KPTI
2026-06-09 23:37:59,730 - INFO - ibkr.core.main_window - Added chart symbol KPTI to subscription
2026-06-09 23:37:59,731 - INFO - ibkr.core.main_window - Ensured subscription for chart symbol KPTI
2026-06-09 23:37:59,731 - INFO - chart_engine.core.chart_widget - Chart HTML loaded: KPTI (276 candles)
2026-06-09 23:37:59,830 - INFO - chart_engine.core.chart_widget - Chart HTML loaded: KPTI (348 candles)
2026-06-09 23:37:59,909 - INFO - ibkr.core.main_window - Successfully loaded 4339 instruments.
2026-06-09 23:37:59,912 - INFO - ibkr.widgets.header_toolbar - Search index ready: 4339 instruments
2026-06-09 23:37:59,922 - INFO - ibkr.core.market_data_worker - Subscribed IBKR market data: NVDA key=4815747 type=delayed
2026-06-09 23:37:59,923 - INFO - ibkr.core.market_data_worker - Subscribed IBKR market data: TACT key=6858145 type=delayed
2026-06-09 23:37:59,924 - INFO - ibkr.core.market_data_worker - Subscribed IBKR market data: BAX key=8111188 type=delayed
2026-06-09 23:37:59,925 - INFO - ibkr.core.market_data_worker - Subscribed IBKR market data: UMC key=46613372 type=delayed
2026-06-09 23:37:59,925 - INFO - ibkr.core.market_data_worker - Subscribed IBKR market data: TSLA key=76792991 type=delayed
2026-06-09 23:37:59,926 - INFO - ibkr.core.market_data_worker - Subscribed IBKR market data: PTCT key=129374415 type=delayed
2026-06-09 23:37:59,927 - INFO - ibkr.core.market_data_worker - Subscribed IBKR market data: HPQ key=209411801 type=delayed
2026-06-09 23:37:59,927 - INFO - ibkr.core.market_data_worker - Subscribed IBKR market data: DELL key=346218218 type=delayed
2026-06-09 23:37:59,928 - INFO - ibkr.core.market_data_worker - Subscribed IBKR market data: MTA key=395717235 type=delayed
2026-06-09 23:37:59,929 - INFO - ibkr.core.market_data_worker - Subscribed IBKR market data: DRS key=478483396 type=delayed
2026-06-09 23:37:59,929 - INFO - ibkr.core.market_data_worker - Subscribed IBKR market data: RDW key=512000171 type=delayed
2026-06-09 23:37:59,930 - INFO - ibkr.core.market_data_worker - Subscribed IBKR market data: IONQ key=517593749 type=delayed
2026-06-09 23:37:59,932 - INFO - ibkr.core.market_data_worker - Subscribed IBKR market data: GFS key=523222624 type=delayed
2026-06-09 23:37:59,933 - INFO - ibkr.core.market_data_worker - Subscribed IBKR market data: QBTS key=578031277 type=delayed
2026-06-09 23:37:59,934 - INFO - ibkr.core.market_data_worker - Subscribed IBKR market data: LUNR key=613910262 type=delayed
2026-06-09 23:37:59,935 - INFO - ibkr.core.market_data_worker - Subscribed IBKR market data: SIDU key=673368857 type=delayed
2026-06-09 23:37:59,937 - INFO - ibkr.core.market_data_worker - Subscribed IBKR market data: DPRO key=725468685 type=delayed
2026-06-09 23:37:59,939 - INFO - ibkr.core.market_data_worker - Subscribed IBKR market data: SNDK key=760250490 type=delayed
2026-06-09 23:37:59,940 - INFO - ibkr.core.market_data_worker - Subscribed IBKR market data: RKLB key=787273575 type=delayed
2026-06-09 23:37:59,941 - INFO - ibkr.core.market_data_worker - Subscribed IBKR market data: SPRC key=860471331 type=delayed
2026-06-09 23:38:00,033 - INFO - ibkr.core.main_window - Instruments loaded successfully.
2026-06-09 23:38:00,069 - INFO - ibkr.core.main_window - IBKR loader: Loaded 181 symbols (qualifying in background...)
2026-06-09 23:38:00,118 - INFO - ibkr.core.position_manager - Fetching positions from broker - Reason: app_startup
2026-06-09 23:38:00,136 - INFO - ibkr.core.main_window - Position system initialized successfully
2026-06-09 23:38:00,355 - INFO - ibkr.core.main_window - Subscription universe changed: 24 instruments (20 token-backed, +24/-0) sources={'positions': 20, 'charts': 2, 'watchlist': 1, 'header': 2}
2026-06-09 23:38:00,605 - INFO - ibkr.core.network_monitor - NetworkMonitor started
2026-06-09 23:38:00,605 - INFO - ibkr.core.main_window - Network resilience layer initialized
2026-06-09 23:38:00,633 - WARNING - ibkr.core.market_data_worker - IBKR market data notice for NVDA: Requested market data is not subscribed. Displaying delayed market data. (10167)
2026-06-09 23:38:00,930 - WARNING - ibkr.core.market_data_worker - IBKR market data notice for TACT: Requested market data is not subscribed. Displaying delayed market data. (10167)
2026-06-09 23:38:00,971 - WARNING - ibkr.core.market_data_worker - IBKR market data notice for BAX: Requested market data is not subscribed. Displaying delayed market data. (10167)
2026-06-09 23:38:01,032 - INFO - ibkr.core.position_manager - Fetching positions from broker - Reason: instruments_loaded
2026-06-09 23:38:01,083 - INFO - ibkr.core.main_window - Chart auto-loading initiated
2026-06-09 23:38:01,084 - INFO - ibkr.core.main_window - Chart already has active rendered symbol: KPTI
2026-06-09 23:38:01,388 - WARNING - ibkr.core.market_data_worker - IBKR market data notice for UMC: Requested market data is not subscribed. Displaying delayed market data. (10167)
2026-06-09 23:38:01,400 - WARNING - ibkr.core.market_data_worker - IBKR market data notice for TSLA: Requested market data is not subscribed. Displaying delayed market data. (10167)
2026-06-09 23:38:01,415 - WARNING - ibkr.core.market_data_worker - IBKR market data notice for PTCT: Requested market data is not subscribed. Displaying delayed market data. (10167)
2026-06-09 23:38:01,464 - WARNING - ibkr.core.market_data_worker - IBKR market data notice for HPQ: Requested market data is not subscribed. Displaying delayed market data. (10167)
2026-06-09 23:38:01,468 - WARNING - ibkr.core.market_data_worker - IBKR market data notice for DELL: Requested market data is not subscribed. Displaying delayed market data. (10167)
2026-06-09 23:38:01,468 - WARNING - ibkr.core.market_data_worker - IBKR market data notice for MTA: Requested market data is not subscribed. Displaying delayed market data. (10167)
2026-06-09 23:38:01,473 - INFO - ibkr.core.network_monitor - Network confirmed online at startup
2026-06-09 23:38:01,483 - WARNING - ibkr.core.market_data_worker - IBKR market data notice for DRS: Requested market data is not subscribed. Displaying delayed market data. (10167)
2026-06-09 23:38:01,523 - WARNING - ibkr.core.market_data_worker - IBKR market data notice for RDW: Requested market data is not subscribed. Displaying delayed market data. (10167)
2026-06-09 23:38:01,523 - WARNING - ibkr.core.market_data_worker - IBKR market data notice for IONQ: Requested market data is not subscribed. Displaying delayed market data. (10167)
2026-06-09 23:38:01,523 - WARNING - ibkr.core.market_data_worker - IBKR market data notice for GFS: Requested market data is not subscribed. Displaying delayed market data. (10167)
2026-06-09 23:38:01,524 - WARNING - ibkr.core.market_data_worker - IBKR market data notice for QBTS: Requested market data is not subscribed. Displaying delayed market data. (10167)
2026-06-09 23:38:01,524 - WARNING - ibkr.core.market_data_worker - IBKR market data notice for LUNR: Requested market data is not subscribed. Displaying delayed market data. (10167)
2026-06-09 23:38:01,524 - WARNING - ibkr.core.market_data_worker - IBKR market data notice for SIDU: Requested market data is not subscribed. Displaying delayed market data. (10167)
2026-06-09 23:38:01,524 - WARNING - ibkr.core.market_data_worker - IBKR market data notice for DPRO: Requested market data is not subscribed. Displaying delayed market data. (10167)
2026-06-09 23:38:01,525 - WARNING - ibkr.core.market_data_worker - IBKR market data notice for SNDK: Requested market data is not subscribed. Displaying delayed market data. (10167)
2026-06-09 23:38:01,525 - WARNING - ibkr.core.market_data_worker - IBKR market data notice for RKLB: Requested market data is not subscribed. Displaying delayed market data. (10167)
2026-06-09 23:38:01,525 - WARNING - ibkr.core.market_data_worker - IBKR market data notice for SPRC: Requested market data is not subscribed. Displaying delayed market data. (10167)
2026-06-09 23:38:03,866 - INFO - ibkr.widgets.scanner_table - EOD Scan completed: 103 symbols with complete data
2026-06-09 23:38:04,390 - INFO - ibkr.widgets.scanner_table - EOD Scanner table updated with 103 symbols.
2026-06-09 23:38:04,439 - INFO - ibkr.core.market_data_worker - Subscribed IBKR market data: KPTI key=764163981 type=delayed
2026-06-09 23:38:04,964 - WARNING - ibkr.core.market_data_worker - IBKR market data notice for KPTI: Requested market data is not subscribed. Displaying delayed market data. (10167)
2026-06-09 23:38:05,103 - INFO - chart_engine.core.ibkr_data_fetcher - Chart data source=IBKR symbol=KPTI interval=60minute from=2026-04-20T14:08:05.103353-04:00 to=2026-06-09T14:08:05.103353-04:00 dedicated_history=True
2026-06-09 23:38:06,685 - INFO - ibkr.core.market_data_worker - Subscribed IBKR market data: SPY key=756733 type=delayed
2026-06-09 23:38:06,685 - INFO - ibkr.core.market_data_worker - Subscribed IBKR market data: QQQ key=320227571 type=delayed
2026-06-09 23:38:06,837 - INFO - chart_engine.core.chart_widget - Chart seamlessly updated: KPTI (348 candles)
2026-06-09 23:38:07,131 - WARNING - ibkr.core.market_data_worker - IBKR market data notice for SPY: Requested market data is not subscribed. Displaying delayed market data. (10167)
2026-06-09 23:38:07,253 - WARNING - ibkr.core.market_data_worker - IBKR market data notice for QQQ: Requested market data is not subscribed. Displaying delayed market data. (10167)
2026-06-09 23:38:08,518 - INFO - ibkr.core.market_data_worker - Subscribed IBKR market data: RMBS key=4031477 type=delayed
2026-06-09 23:38:08,859 - WARNING - ibkr.core.market_data_worker - IBKR market data notice for RMBS: Requested market data is not subscribed. Displaying delayed market data. (10167)
2026-06-09 23:38:19,462 - INFO - chart_engine.core.ibkr_data_fetcher - Chart data source=IBKR symbol=BAX interval=day from=2025-05-05T14:08:19.461018-04:00 to=2026-06-09T14:08:19.461018-04:00 dedicated_history=True
2026-06-09 23:38:19,474 - INFO - chart_engine.core.ibkr_data_fetcher - Chart data source=IBKR symbol=BAX interval=60minute from=2026-04-20T14:08:19.473947-04:00 to=2026-06-09T14:08:19.473947-04:00 dedicated_history=True
2026-06-09 23:38:19,610 - INFO - chart_engine.core.ibkr_data_fetcher - Chart data source=IBKR symbol=BAX interval=day from=2025-05-05T14:08:19.609960-04:00 to=2026-06-09T14:08:19.609960-04:00 dedicated_history=True
2026-06-09 23:38:19,644 - INFO - chart_engine.core.ibkr_data_fetcher - Chart data source=IBKR symbol=BAX interval=60minute from=2026-04-20T14:08:19.644623-04:00 to=2026-06-09T14:08:19.644623-04:00 dedicated_history=True
2026-06-09 23:38:19,758 - INFO - chart_engine.core.ibkr_data_fetcher - Requesting IBKR historical data: BAX conId=8111188 bar=1 day duration=2 Y end=latest
2026-06-09 23:38:20,050 - INFO - chart_engine.core.ibkr_data_fetcher - Requesting IBKR historical data: BAX conId=8111188 bar=30 mins duration=50 D end=latest
2026-06-09 23:38:21,566 - INFO - chart_engine.core.ibkr_data_fetcher - Chart data fetch complete source=IBKR symbol=BAX bars=276
2026-06-09 23:38:21,660 - INFO - chart_engine.drawings - Loaded state for BAX (day) — 0 drawings
2026-06-09 23:38:21,660 - INFO - chart_engine.drawings - Loaded global chart settings.
2026-06-09 23:38:21,661 - INFO - chart_engine.drawings - Saved global chart settings.
2026-06-09 23:38:21,667 - INFO - ibkr.core.main_window - Chart symbol changed to: BAX
2026-06-09 23:38:21,667 - INFO - ibkr.core.main_window - Added chart symbol BAX to subscription
2026-06-09 23:38:21,668 - INFO - ibkr.core.main_window - Ensured subscription for chart symbol BAX
2026-06-09 23:38:21,668 - INFO - chart_engine.core.chart_widget - Chart seamlessly updated: BAX (276 candles)
2026-06-09 23:38:22,023 - INFO - ibkr.core.main_window - Subscription universe changed: 24 instruments (20 token-backed, +1/-1) sources={'positions': 20, 'charts': 2, 'watchlist': 1, 'header': 2}
2026-06-09 23:38:22,026 - INFO - ibkr.core.market_data_worker - Unsubscribed IBKR market data: KPTI
2026-06-09 23:38:22,138 - ERROR - ib_insync.wrapper - Error 300, reqId 100: Can't find EId with tickerId:100
2026-06-09 23:38:22,139 - WARNING - ibkr.core.market_data_worker - IBKR API error for reqId=100: Can't find EId with tickerId:100 (300)
2026-06-09 23:38:22,185 - INFO - chart_engine.core.ibkr_data_fetcher - Chart data fetch complete source=IBKR symbol=BAX bars=348
2026-06-09 23:38:22,235 - INFO - chart_engine.drawings - Loaded state for BAX (60minute) — 0 drawings
2026-06-09 23:38:22,250 - INFO - chart_engine.core.chart_widget - Chart seamlessly updated: BAX (348 candles)
2026-06-09 23:38:32,439 - INFO - chart_engine.drawings - Loaded global chart settings.
2026-06-09 23:38:32,441 - INFO - chart_engine.drawings - Saved global chart settings.
2026-06-09 23:38:32,441 - INFO - chart_engine.drawings - Loaded state for BAX (day) — 0 drawings
2026-06-09 23:38:32,447 - INFO - chart_engine.drawings - Saved state for BAX (day) — 0 drawings
2026-06-09 23:38:47,705 - INFO - chart_engine.core.ibkr_data_fetcher - Chart data source=IBKR symbol=IONQ interval=day from=2025-05-05T14:08:47.705510-04:00 to=2026-06-09T14:08:47.705510-04:00 dedicated_history=True
2026-06-09 23:38:47,715 - INFO - chart_engine.core.ibkr_data_fetcher - Chart data source=IBKR symbol=IONQ interval=60minute from=2026-04-20T14:08:47.714665-04:00 to=2026-06-09T14:08:47.714665-04:00 dedicated_history=True
2026-06-09 23:38:47,851 - INFO - chart_engine.core.ibkr_data_fetcher - Chart data source=IBKR symbol=IONQ interval=day from=2025-05-05T14:08:47.851197-04:00 to=2026-06-09T14:08:47.851197-04:00 dedicated_history=True
2026-06-09 23:38:47,865 - INFO - chart_engine.core.ibkr_data_fetcher - Chart data source=IBKR symbol=IONQ interval=60minute from=2026-04-20T14:08:47.864860-04:00 to=2026-06-09T14:08:47.864860-04:00 dedicated_history=True
2026-06-09 23:38:48,008 - INFO - chart_engine.core.ibkr_data_fetcher - Requesting IBKR historical data: IONQ conId=517593749 bar=1 day duration=2 Y end=latest
2026-06-09 23:38:48,325 - INFO - chart_engine.core.ibkr_data_fetcher - Requesting IBKR historical data: IONQ conId=517593749 bar=30 mins duration=50 D end=latest
2026-06-09 23:38:49,807 - INFO - chart_engine.core.ibkr_data_fetcher - Chart data fetch complete source=IBKR symbol=IONQ bars=276
2026-06-09 23:38:49,852 - INFO - chart_engine.drawings - Loaded global chart settings.
2026-06-09 23:38:49,853 - INFO - chart_engine.drawings - Saved global chart settings.
2026-06-09 23:38:49,857 - INFO - ibkr.core.main_window - Chart symbol changed to: IONQ
2026-06-09 23:38:49,857 - INFO - ibkr.core.main_window - Added chart symbol IONQ to subscription
2026-06-09 23:38:49,858 - INFO - ibkr.core.main_window - Ensured subscription for chart symbol IONQ
2026-06-09 23:38:49,858 - INFO - chart_engine.core.chart_widget - Chart seamlessly updated: IONQ (276 candles)
2026-06-09 23:38:50,199 - INFO - ibkr.core.main_window - Subscription universe changed: 24 instruments (20 token-backed, +1/-1) sources={'positions': 20, 'charts': 2, 'watchlist': 1, 'header': 2}
2026-06-09 23:38:50,246 - INFO - chart_engine.core.ibkr_data_fetcher - Chart data fetch complete source=IBKR symbol=IONQ bars=348
2026-06-09 23:38:50,316 - INFO - chart_engine.core.chart_widget - Chart seamlessly updated: IONQ (348 candles)
2026-06-09 23:38:57,103 - INFO - ibkr.core.data_cache - US market-open cache flush complete; intraday entries cleared
2026-06-09 23:39:05,104 - INFO - chart_engine.core.ibkr_data_fetcher - Chart data source=IBKR symbol=IONQ interval=60minute from=2026-04-20T14:09:05.104590-04:00 to=2026-06-09T14:09:05.104590-04:00 dedicated_history=True
2026-06-09 23:39:05,106 - INFO - chart_engine.core.ibkr_data_fetcher - Requesting IBKR historical data: IONQ conId=517593749 bar=30 mins duration=50 D end=latest
2026-06-09 23:39:06,376 - INFO - chart_engine.core.ibkr_data_fetcher - Chart data fetch complete source=IBKR symbol=IONQ bars=348
2026-06-09 23:39:06,434 - INFO - chart_engine.drawings - Loaded global chart settings.
2026-06-09 23:39:06,435 - INFO - chart_engine.drawings - Saved global chart settings.
2026-06-09 23:39:06,441 - INFO - ibkr.core.main_window - Ensured subscription for chart symbol IONQ
2026-06-09 23:39:06,442 - INFO - chart_engine.core.chart_widget - Chart seamlessly updated: IONQ (348 candles)
2026-06-09 23:39:50,112 - INFO - ibkr.core.main_window - Window state saved
2026-06-09 23:39:59,631 - INFO - ibkr.core.main_window - Floating positions dialog opened
2026-06-09 23:40:05,103 - INFO - chart_engine.core.ibkr_data_fetcher - Chart data source=IBKR symbol=IONQ interval=60minute from=2026-04-20T14:10:05.103741-04:00 to=2026-06-09T14:10:05.103741-04:00 dedicated_history=True
2026-06-09 23:40:05,105 - INFO - chart_engine.core.ibkr_data_fetcher - Requesting IBKR historical data: IONQ conId=517593749 bar=30 mins duration=50 D end=latest
2026-06-09 23:40:06,435 - INFO - chart_engine.core.ibkr_data_fetcher - Chart data fetch complete source=IBKR symbol=IONQ bars=348
2026-06-09 23:40:06,476 - INFO - chart_engine.drawings - Loaded global chart settings.
2026-06-09 23:40:06,477 - INFO - chart_engine.drawings - Saved global chart settings.
2026-06-09 23:40:06,481 - INFO - ibkr.core.main_window - Ensured subscription for chart symbol IONQ
2026-06-09 23:40:06,482 - INFO - chart_engine.core.chart_widget - Chart seamlessly updated: IONQ (348 candles)
2026-06-09 23:41:05,103 - INFO - chart_engine.core.ibkr_data_fetcher - Chart data source=IBKR symbol=IONQ interval=60minute from=2026-04-20T14:11:05.103825-04:00 to=2026-06-09T14:11:05.103825-04:00 dedicated_history=True
2026-06-09 23:41:05,104 - INFO - chart_engine.core.ibkr_data_fetcher - Requesting IBKR historical data: IONQ conId=517593749 bar=30 mins duration=50 D end=latest
2026-06-09 23:41:06,413 - INFO - chart_engine.core.ibkr_data_fetcher - Chart data fetch complete source=IBKR symbol=IONQ bars=348
2026-06-09 23:41:06,462 - INFO - chart_engine.drawings - Loaded global chart settings.
2026-06-09 23:41:06,463 - INFO - chart_engine.drawings - Saved global chart settings.
2026-06-09 23:41:06,467 - INFO - ibkr.core.main_window - Ensured subscription for chart symbol IONQ
2026-06-09 23:41:06,467 - INFO - chart_engine.core.chart_widget - Chart seamlessly updated: IONQ (348 candles)
2026-06-09 23:42:05,104 - INFO - chart_engine.core.ibkr_data_fetcher - Chart data source=IBKR symbol=IONQ interval=60minute from=2026-04-20T14:12:05.104223-04:00 to=2026-06-09T14:12:05.104223-04:00 dedicated_history=True
2026-06-09 23:42:05,105 - INFO - chart_engine.core.ibkr_data_fetcher - Requesting IBKR historical data: IONQ conId=517593749 bar=30 mins duration=50 D end=latest
2026-06-09 23:42:06,352 - INFO - chart_engine.core.ibkr_data_fetcher - Chart data fetch complete source=IBKR symbol=IONQ bars=348
2026-06-09 23:42:06,401 - INFO - chart_engine.drawings - Loaded global chart settings.
2026-06-09 23:42:06,403 - INFO - chart_engine.drawings - Saved global chart settings.
2026-06-09 23:42:06,412 - INFO - ibkr.core.main_window - Ensured subscription for chart symbol IONQ
2026-06-09 23:42:06,412 - INFO - chart_engine.core.chart_widget - Chart seamlessly updated: IONQ (348 candles)
2026-06-09 23:42:30,149 - INFO - ibkr.core.main_window - Floating positions dialog opened
2026-06-09 23:43:05,104 - INFO - chart_engine.core.ibkr_data_fetcher - Chart data source=IBKR symbol=IONQ interval=60minute from=2026-04-20T14:13:05.104563-04:00 to=2026-06-09T14:13:05.104563-04:00 dedicated_history=True
2026-06-09 23:43:05,105 - INFO - chart_engine.core.ibkr_data_fetcher - Requesting IBKR historical data: IONQ conId=517593749 bar=30 mins duration=50 D end=latest
2026-06-09 23:43:06,542 - INFO - chart_engine.core.ibkr_data_fetcher - Chart data fetch complete source=IBKR symbol=IONQ bars=348
2026-06-09 23:43:06,662 - INFO - chart_engine.drawings - Loaded global chart settings.
2026-06-09 23:43:06,663 - INFO - chart_engine.drawings - Saved global chart settings.
2026-06-09 23:43:06,671 - INFO - ibkr.core.main_window - Ensured subscription for chart symbol IONQ
2026-06-09 23:43:06,672 - INFO - chart_engine.core.chart_widget - Chart seamlessly updated: IONQ (348 candles)
2026-06-09 23:43:10,137 - INFO - ibkr.core.shutdown_manager - closeEvent received — beginning fast IBKR shutdown
2026-06-09 23:43:10,139 - INFO - ibkr.core.shutdown_manager - === Fast IBKR window-close shutdown starting ===
2026-06-09 23:43:10,140 - INFO - ibkr.core.shutdown_manager - Shutdown: [save_window_state]…
2026-06-09 23:43:10,141 - INFO - ibkr.core.main_window - Window state saved
2026-06-09 23:43:10,142 - INFO - ibkr.core.shutdown_manager - Shutdown: [save_window_state] ✓
2026-06-09 23:43:10,143 - INFO - ibkr.core.shutdown_manager - Shutdown: [save_chart_state]…
2026-06-09 23:43:10,167 - INFO - ibkr.core.shutdown_manager - Shutdown: [save_chart_state] ✓
2026-06-09 23:43:10,168 - INFO - ibkr.core.shutdown_manager - Shutdown: [stop_remaining_timers]…
2026-06-09 23:43:10,182 - INFO - ibkr.core.shutdown_manager - Shutdown: [stop_remaining_timers] ✓
2026-06-09 23:43:10,182 - INFO - ibkr.core.shutdown_manager - === Fast IBKR window-close shutdown complete ===
2026-06-09 23:43:10,200 - INFO - __main__ - Shutting down and cleaning up resources...
2026-06-09 23:43:10,201 - INFO - __main__ - Skipping broker disconnect during fast window-close shutdown.
2026-06-09 23:43:10,201 - INFO - __main__ - Cleanup complete.
