2026-06-10 23:45:42,711 - INFO - login_setup.login_setup_config - qullamaggie v1.0.0 starting...
2026-06-10 23:45:42,711 - INFO - login_setup.login_setup_config - Logging to file: /home/kavi/Desktop/Python_Projects/swing_trader/logs/qullamaggie_20260610_234542.log
2026-06-10 23:45:42,712 - INFO - login_setup.login_setup_config - Fatal crash diagnostics enabled for all threads.
2026-06-10 23:45:42,712 - INFO - __main__ - 🚀 Starting qullamaggie Application...
2026-06-10 23:45:42,883 - INFO - __main__ - Application icon loaded from: /home/kavi/Desktop/Python_Projects/swing_trader/assets/qullamaggie_swing_trader_icon.svg
2026-06-10 23:45:44,845 - INFO - ib_insync.client - Connecting to 127.0.0.1:4002 with clientId 1...
2026-06-10 23:45:44,847 - INFO - ib_insync.client - Connected
2026-06-10 23:45:44,866 - INFO - ib_insync.client - Logged on to server version 176
2026-06-10 23:45:44,908 - INFO - ib_insync.client - API connection ready
2026-06-10 23:45:45,343 - INFO - __main__ - Authenticated for broker: america
2026-06-10 23:45:45,343 - INFO - __main__ - Initializing trading and data clients...
2026-06-10 23:45:45,343 - INFO - login_setup.broker_factory - Creating america client for live trading
2026-06-10 23:45:45,343 - INFO - login_setup.broker_factory - IBKR client created with accounts: ['DUQ624205']
2026-06-10 23:45:45,348 - INFO - ibkr.core.trading_client - Subscribed to IBKR real-time order events
2026-06-10 23:45:45,348 - INFO - ibkr.core.trading_client - IBKR trading client startup snapshots deferred; using local cache/event sync
2026-06-10 23:45:45,348 - INFO - __main__ - Trading client created; creating data client...
2026-06-10 23:45:45,349 - INFO - login_setup.broker_factory - Creating data client for america
2026-06-10 23:45:45,349 - INFO - __main__ - Data client created; validating connection state...
2026-06-10 23:45:45,349 - INFO - __main__ - Trading client connected: True
2026-06-10 23:45:45,349 - INFO - __main__ - Data client connected: True
2026-06-10 23:45:45,349 - INFO - __main__ - Clients initialized successfully.
2026-06-10 23:45:45,349 - INFO - login_setup.broker_factory - Added america client to manager
2026-06-10 23:45:45,350 - INFO - login_setup.broker_factory - Started connection monitoring for america
2026-06-10 23:45:45,350 - INFO - __main__ - Creating main window for america...
2026-06-10 23:45:45,350 - INFO - login_setup.broker_factory - Dynamically loading main window from: ibkr.core.main_window
2026-06-10 23:45:46,488 - INFO - ibkr.core.trade_logger - Trade history database for 'live' mode at: /home/kavi/.qullamaggie/trade_history_live.db
2026-06-10 23:45:46,489 - INFO - ibkr.core.trade_logger - TradeLogger initialized with background processing
2026-06-10 23:45:46,490 - INFO - ibkr.core.trade_logger - DatabaseWorker processing started
2026-06-10 23:45:46,493 - INFO - ibkr.core.position_manager - ✅ Connected to trader.order_status_updated signal - orders will sync immediately
2026-06-10 23:45:46,493 - INFO - ibkr.core.position_manager - ✅ Connected to trader.position_updated signal - positions will sync immediately
2026-06-10 23:45:46,493 - INFO - ibkr.core.position_manager - ✅ Connected to trader.connection_status_changed signal
2026-06-10 23:45:46,496 - INFO - ibkr.core.trade_logger - Database initialization completed
2026-06-10 23:45:46,553 - INFO - ibkr.widgets.scanner_table - Loaded 19 valid scan configurations
2026-06-10 23:45:46,569 - INFO - ibkr.widgets.scanner_table - Scanner table ready for context-aware navigation
2026-06-10 23:45:46,576 - INFO - chart_engine.drawings - Loaded global chart settings.
2026-06-10 23:45:46,921 - INFO - ibkr.core.data_cache - MarketAwareDataCache initialised for IBKR/US market time
2026-06-10 23:45:47,013 - INFO - chart_engine.drawings - Saved global chart settings.
2026-06-10 23:45:47,218 - INFO - ibkr.core.alert_management_system - Loaded 0 alerts from disk
2026-06-10 23:45:47,218 - INFO - ibkr.core.alert_management_system - AlertSystemManager ready
2026-06-10 23:45:47,220 - INFO - ibkr.core.main_window - Alert system initialized successfully.
2026-06-10 23:45:47,220 - INFO - ibkr.core.main_window - Connecting component signals...
2026-06-10 23:45:47,220 - INFO - ibkr.core.alert_management_system - AlertEngine started
2026-06-10 23:45:47,221 - INFO - ibkr.core.main_window - IBKR order lifecycle UI signals connected
2026-06-10 23:45:47,226 - INFO - ibkr.core.main_window - Keyboard shortcuts initialized
2026-06-10 23:45:47,350 - INFO - ibkr.core.main_window - Window state restored
2026-06-10 23:45:47,380 - INFO - ibkr.core.main_window - Applied startup chart timeframes: left=day, right=60minute
2026-06-10 23:45:47,380 - INFO - ibkr.core.main_window - Simplified qullamaggie Window with Status Bar Initialized Successfully.
2026-06-10 23:45:47,380 - INFO - __main__ - Main window created successfully.
2026-06-10 23:45:47,443 - INFO - __main__ - Starting application event loop.
2026-06-10 23:45:47,978 - INFO - ibkr.core.main_window - Starting deferred IBKR post-show workers
2026-06-10 23:45:47,979 - INFO - chart_engine.core.ibkr_data_fetcher - Pre-warming dedicated IBKR history connection...
2026-06-10 23:45:47,985 - INFO - ib_insync.client - Connecting to 127.0.0.1:4002 with clientId 102...
2026-06-10 23:45:47,995 - INFO - ib_insync.client - Connecting to 127.0.0.1:4002 with clientId 101...
2026-06-10 23:45:48,028 - INFO - ibkr.core.main_window - IBKR loader: Building initial instrument list...
2026-06-10 23:45:48,516 - INFO - ibkr.core.main_window - Successfully loaded 227 instruments.
2026-06-10 23:45:48,519 - INFO - ibkr.widgets.header_toolbar - Search index ready: 227 instruments
2026-06-10 23:45:48,521 - INFO - ibkr.core.main_window - Instruments loaded successfully.
2026-06-10 23:45:48,522 - INFO - ibkr.core.main_window - IBKR loader: Loaded 181 symbols (qualifying in background...)
2026-06-10 23:45:48,579 - INFO - ibkr.widgets.scanner_table - Running EOD Finviz scan: Computer Hardware
2026-06-10 23:45:48,807 - INFO - ibkr.core.main_window - Subscription universe changed: 2 instruments (0 token-backed, +2/-0) sources={'header': 2}
2026-06-10 23:45:49,260 - INFO - ibkr.core.market_data_worker - Dedicated IBKR market-data connection established on 127.0.0.1:4002 clientId=101
2026-06-10 23:45:49,260 - INFO - ibkr.core.market_data_worker - IBKR MarketDataWorker started
2026-06-10 23:45:49,266 - INFO - chart_engine.core.ibkr_data_fetcher - IBKR chart history connected on 127.0.0.1:4002 clientId=102
2026-06-10 23:45:49,276 - INFO - ibkr.core.market_data_worker - Requested IBKR delayed market data type (3); delayed fallback=False; generic ticks=''
2026-06-10 23:45:49,281 - WARNING - ibkr.core.main_window - IBKR market data is delayed (delayed); live subscription is unavailable.
2026-06-10 23:45:49,281 - INFO - ibkr.core.main_window - WebSocket connected. Setting up subscriptions.
2026-06-10 23:45:49,282 - INFO - ibkr.core.stop_loss_manager - Stop-loss opening-gap check enabled after market-data worker connection
2026-06-10 23:45:49,282 - INFO - ibkr.core.position_manager - Fetching positions from broker - Reason: ibkr_connected
2026-06-10 23:45:49,297 - INFO - ibkr.core.main_window - Added 20 widget market-data subscriptions (20 token-backed)
2026-06-10 23:45:49,302 - INFO - ibkr.core.position_manager - Position table changed: 20 open positions | open MTM -38156.21 | realized 0.00
2026-06-10 23:45:49,571 - INFO - ibkr.core.position_manager - Fetching positions from broker - Reason: instruments_loaded
2026-06-10 23:45:49,633 - INFO - ibkr.core.main_window - Chart auto-loading initiated
2026-06-10 23:45:49,662 - INFO - ibkr.core.main_window - Auto-loading startup chart symbol: IONQ
2026-06-10 23:45:49,676 - INFO - chart_engine.core.ibkr_data_fetcher - Chart data source=IBKR symbol=IONQ interval=day from=2026-03-02T14:15:49.676392-05:00 to=2026-06-10T14:15:49.676392-04:00 dedicated_history=True
2026-06-10 23:45:49,685 - INFO - chart_engine.core.ibkr_data_fetcher - Chart data source=IBKR symbol=IONQ interval=60minute from=2026-04-21T14:15:49.685585-04:00 to=2026-06-10T14:15:49.685585-04:00 dedicated_history=True
2026-06-10 23:45:49,691 - INFO - ibkr.core.main_window - Subscription universe changed: 23 instruments (20 token-backed, +21/-0) sources={'positions': 20, 'charts': 2, 'header': 2}
2026-06-10 23:45:49,733 - INFO - ibkr.core.market_data_worker - Subscribed IBKR market data: SPY key=756733 type=delayed
2026-06-10 23:45:49,733 - INFO - ibkr.core.market_data_worker - Subscribed IBKR market data: QQQ key=320227571 type=delayed
2026-06-10 23:45:49,976 - INFO - chart_engine.core.ibkr_data_fetcher - Requesting IBKR historical data: IONQ conId=517593749 bar=30 mins duration=50 D end=latest
2026-06-10 23:45:50,018 - INFO - chart_engine.core.ibkr_data_fetcher - Requesting IBKR historical data: IONQ conId=517593749 bar=1 day duration=100 D end=latest
2026-06-10 23:45:50,084 - WARNING - ibkr.core.market_data_worker - IBKR market data notice for SPY: Requested market data is not subscribed. Displaying delayed market data. (10167)
2026-06-10 23:45:50,097 - INFO - ibkr.core.position_manager - Fetching positions from broker - Reason: app_startup
2026-06-10 23:45:50,119 - INFO - ibkr.core.main_window - Position system initialized successfully
2026-06-10 23:45:50,309 - INFO - ibkr.widgets.scanner_table - EOD Scan completed: 19 symbols with complete data
2026-06-10 23:45:50,375 - INFO - ibkr.widgets.scanner_table - EOD Scanner table updated with 19 symbols.
2026-06-10 23:45:50,540 - INFO - ibkr.core.network_monitor - NetworkMonitor started
2026-06-10 23:45:50,540 - INFO - ibkr.core.main_window - Network resilience layer initialized
2026-06-10 23:45:50,544 - WARNING - ibkr.core.market_data_worker - IBKR market data notice for QQQ: Requested market data is not subscribed. Displaying delayed market data. (10167)
2026-06-10 23:45:51,362 - INFO - ibkr.core.network_monitor - Network confirmed online at startup
2026-06-10 23:45:51,671 - INFO - chart_engine.core.ibkr_data_fetcher - Chart data fetch complete source=IBKR symbol=IONQ bars=348
2026-06-10 23:45:51,671 - INFO - chart_engine.core.ibkr_data_fetcher - Chart data fetch complete source=IBKR symbol=IONQ bars=71
2026-06-10 23:45:51,793 - INFO - chart_engine.drawings - Loaded state for IONQ (day) — 3 drawings
2026-06-10 23:45:51,836 - INFO - ibkr.core.main_window - Chart panes revealed after initial symbol render: IONQ
2026-06-10 23:45:51,837 - INFO - ibkr.core.main_window - Chart symbol changed to: IONQ
2026-06-10 23:45:51,837 - INFO - ibkr.core.main_window - Added chart symbol IONQ to subscription
2026-06-10 23:45:51,838 - INFO - ibkr.core.main_window - Ensured subscription for chart symbol IONQ
2026-06-10 23:45:51,838 - INFO - chart_engine.core.chart_widget - Chart HTML loaded: IONQ (71 candles)
2026-06-10 23:45:51,849 - INFO - ibkr.core.market_data_worker - Subscribed IBKR market data: NVDA key=4815747 type=delayed
2026-06-10 23:45:51,849 - INFO - ibkr.core.market_data_worker - Subscribed IBKR market data: TACT key=6858145 type=delayed
2026-06-10 23:45:51,849 - INFO - ibkr.core.market_data_worker - Subscribed IBKR market data: BAX key=8111188 type=delayed
2026-06-10 23:45:51,849 - INFO - ibkr.core.market_data_worker - Subscribed IBKR market data: UMC key=46613372 type=delayed
2026-06-10 23:45:51,850 - INFO - ibkr.core.market_data_worker - Subscribed IBKR market data: TSLA key=76792991 type=delayed
2026-06-10 23:45:51,850 - INFO - ibkr.core.market_data_worker - Subscribed IBKR market data: PTCT key=129374415 type=delayed
2026-06-10 23:45:51,850 - INFO - ibkr.core.market_data_worker - Subscribed IBKR market data: HPQ key=209411801 type=delayed
2026-06-10 23:45:51,850 - INFO - ibkr.core.market_data_worker - Subscribed IBKR market data: DELL key=346218218 type=delayed
2026-06-10 23:45:51,851 - INFO - ibkr.core.market_data_worker - Subscribed IBKR market data: MTA key=395717235 type=delayed
2026-06-10 23:45:51,851 - INFO - ibkr.core.market_data_worker - Subscribed IBKR market data: DRS key=478483396 type=delayed
2026-06-10 23:45:51,851 - INFO - ibkr.core.market_data_worker - Subscribed IBKR market data: RDW key=512000171 type=delayed
2026-06-10 23:45:51,852 - INFO - ibkr.core.market_data_worker - Subscribed IBKR market data: IONQ key=517593749 type=delayed
2026-06-10 23:45:51,852 - INFO - ibkr.core.market_data_worker - Subscribed IBKR market data: GFS key=523222624 type=delayed
2026-06-10 23:45:51,853 - INFO - ibkr.core.market_data_worker - Subscribed IBKR market data: QBTS key=578031277 type=delayed
2026-06-10 23:45:51,853 - INFO - ibkr.core.market_data_worker - Subscribed IBKR market data: LUNR key=613910262 type=delayed
2026-06-10 23:45:51,854 - INFO - ibkr.core.market_data_worker - Subscribed IBKR market data: SIDU key=673368857 type=delayed
2026-06-10 23:45:51,855 - INFO - ibkr.core.market_data_worker - Subscribed IBKR market data: DPRO key=725468685 type=delayed
2026-06-10 23:45:51,856 - INFO - ibkr.core.market_data_worker - Subscribed IBKR market data: SNDK key=760250490 type=delayed
2026-06-10 23:45:51,857 - INFO - ibkr.core.market_data_worker - Subscribed IBKR market data: RKLB key=787273575 type=delayed
2026-06-10 23:45:51,859 - INFO - ibkr.core.market_data_worker - Subscribed IBKR market data: SPRC key=860471331 type=delayed
2026-06-10 23:45:51,889 - INFO - chart_engine.drawings - Loaded state for IONQ (60minute) — 3 drawings
2026-06-10 23:45:52,018 - INFO - chart_engine.core.chart_widget - Chart HTML loaded: IONQ (348 candles)
2026-06-10 23:45:52,223 - WARNING - ibkr.core.market_data_worker - IBKR market data notice for NVDA: Requested market data is not subscribed. Displaying delayed market data. (10167)
2026-06-10 23:45:52,223 - WARNING - ibkr.core.market_data_worker - IBKR market data notice for TACT: Requested market data is not subscribed. Displaying delayed market data. (10167)
2026-06-10 23:45:52,224 - WARNING - ibkr.core.market_data_worker - IBKR market data notice for BAX: Requested market data is not subscribed. Displaying delayed market data. (10167)
2026-06-10 23:45:52,224 - WARNING - ibkr.core.market_data_worker - IBKR market data notice for UMC: Requested market data is not subscribed. Displaying delayed market data. (10167)
2026-06-10 23:45:52,224 - WARNING - ibkr.core.market_data_worker - IBKR market data notice for TSLA: Requested market data is not subscribed. Displaying delayed market data. (10167)
2026-06-10 23:45:52,225 - WARNING - ibkr.core.market_data_worker - IBKR market data notice for PTCT: Requested market data is not subscribed. Displaying delayed market data. (10167)
2026-06-10 23:45:52,225 - WARNING - ibkr.core.market_data_worker - IBKR market data notice for HPQ: Requested market data is not subscribed. Displaying delayed market data. (10167)
2026-06-10 23:45:52,688 - WARNING - ibkr.core.market_data_worker - IBKR market data notice for DELL: Requested market data is not subscribed. Displaying delayed market data. (10167)
2026-06-10 23:45:52,735 - WARNING - ibkr.core.market_data_worker - IBKR market data notice for MTA: Requested market data is not subscribed. Displaying delayed market data. (10167)
2026-06-10 23:45:52,736 - WARNING - ibkr.core.market_data_worker - IBKR market data notice for DRS: Requested market data is not subscribed. Displaying delayed market data. (10167)
2026-06-10 23:45:52,736 - WARNING - ibkr.core.market_data_worker - IBKR market data notice for RDW: Requested market data is not subscribed. Displaying delayed market data. (10167)
2026-06-10 23:45:52,736 - WARNING - ibkr.core.market_data_worker - IBKR market data notice for IONQ: Requested market data is not subscribed. Displaying delayed market data. (10167)
2026-06-10 23:45:52,941 - WARNING - ibkr.core.market_data_worker - IBKR market data notice for GFS: Requested market data is not subscribed. Displaying delayed market data. (10167)
2026-06-10 23:45:52,984 - WARNING - ibkr.core.market_data_worker - IBKR market data notice for QBTS: Requested market data is not subscribed. Displaying delayed market data. (10167)
2026-06-10 23:45:52,985 - WARNING - ibkr.core.market_data_worker - IBKR market data notice for LUNR: Requested market data is not subscribed. Displaying delayed market data. (10167)
2026-06-10 23:45:52,985 - WARNING - ibkr.core.market_data_worker - IBKR market data notice for SIDU: Requested market data is not subscribed. Displaying delayed market data. (10167)
2026-06-10 23:45:53,000 - WARNING - ibkr.core.market_data_worker - IBKR market data notice for DPRO: Requested market data is not subscribed. Displaying delayed market data. (10167)
2026-06-10 23:45:53,220 - WARNING - ibkr.core.market_data_worker - IBKR market data notice for SNDK: Requested market data is not subscribed. Displaying delayed market data. (10167)
2026-06-10 23:45:53,221 - WARNING - ibkr.core.market_data_worker - IBKR market data notice for RKLB: Requested market data is not subscribed. Displaying delayed market data. (10167)
2026-06-10 23:45:53,250 - WARNING - ibkr.core.market_data_worker - IBKR market data notice for SPRC: Requested market data is not subscribed. Displaying delayed market data. (10167)
2026-06-10 23:45:54,928 - INFO - ibkr.core.main_window - Floating positions dialog opened
2026-06-10 23:46:00,843 - INFO - chart_engine.drawings - Saved state for IONQ (60minute) — 3 drawings
2026-06-10 23:46:01,137 - INFO - ibkr.core.main_window - No active stop-loss matched moved chart line for IONQ @ 57.00
2026-06-10 23:46:01,137 - INFO - chart_engine.core.chart_bridge - ChartBridge: stop-loss price updated from chart: {"symbol":"IONQ","old_price":57,"new_price":57.748785310734455}
2026-06-10 23:46:03,569 - INFO - ibkr.core.main_window - No active stop-loss matched moved chart line for IONQ @ 57.75
2026-06-10 23:46:03,569 - INFO - chart_engine.core.chart_bridge - ChartBridge: stop-loss price updated from chart: {"symbol":"IONQ","old_price":57.748785310734455,"new_price":56.712005649717504}
2026-06-10 23:46:05,103 - INFO - chart_engine.core.ibkr_data_fetcher - Chart data source=IBKR symbol=IONQ interval=60minute from=2026-04-21T14:16:05.103772-04:00 to=2026-06-10T14:16:05.103772-04:00 dedicated_history=True
2026-06-10 23:46:05,105 - INFO - chart_engine.core.ibkr_data_fetcher - Requesting IBKR historical data: IONQ conId=517593749 bar=30 mins duration=50 D end=latest
2026-06-10 23:46:06,071 - INFO - ibkr.core.main_window - No active stop-loss matched deleted chart line for IONQ @ 56.71
2026-06-10 23:46:06,080 - INFO - chart_engine.drawings - Saved state for IONQ (60minute) — 2 drawings
2026-06-10 23:46:06,456 - INFO - chart_engine.core.ibkr_data_fetcher - Chart data fetch complete source=IBKR symbol=IONQ bars=348
2026-06-10 23:46:06,500 - INFO - chart_engine.drawings - Loaded state for IONQ (60minute) — 2 drawings
2026-06-10 23:46:06,501 - INFO - chart_engine.drawings - Loaded global chart settings.
2026-06-10 23:46:06,502 - INFO - chart_engine.drawings - Saved global chart settings.
2026-06-10 23:46:06,511 - INFO - ibkr.core.main_window - Ensured subscription for chart symbol IONQ
2026-06-10 23:46:06,512 - INFO - chart_engine.core.chart_widget - Chart seamlessly updated: IONQ (348 candles)
2026-06-10 23:46:09,540 - INFO - chart_engine.core.ibkr_data_fetcher - Chart data source=IBKR symbol=BAX interval=day from=2026-03-02T14:16:09.540232-05:00 to=2026-06-10T14:16:09.540232-04:00 dedicated_history=True
2026-06-10 23:46:09,554 - INFO - chart_engine.core.ibkr_data_fetcher - Chart data source=IBKR symbol=BAX interval=60minute from=2026-04-21T14:16:09.554384-04:00 to=2026-06-10T14:16:09.554384-04:00 dedicated_history=True
2026-06-10 23:46:09,557 - INFO - ibkr.core.main_window - Ensured subscription for chart symbol BAX
2026-06-10 23:46:09,850 - INFO - chart_engine.core.ibkr_data_fetcher - Requesting IBKR historical data: BAX conId=8111188 bar=1 day duration=100 D end=latest
2026-06-10 23:46:09,874 - INFO - ibkr.core.main_window - Subscription universe changed: 23 instruments (20 token-backed, +1/-1) sources={'positions': 20, 'charts': 2, 'header': 2}
2026-06-10 23:46:10,167 - INFO - chart_engine.core.ibkr_data_fetcher - Requesting IBKR historical data: BAX conId=8111188 bar=30 mins duration=50 D end=latest
2026-06-10 23:46:10,727 - INFO - chart_engine.core.ibkr_data_fetcher - Chart data fetch complete source=IBKR symbol=BAX bars=71
2026-06-10 23:46:10,788 - INFO - chart_engine.drawings - Loaded state for BAX (day) — 1 drawings
2026-06-10 23:46:10,791 - INFO - ibkr.core.main_window - Chart symbol changed to: BAX
2026-06-10 23:46:10,791 - INFO - ibkr.core.main_window - Added chart symbol BAX to subscription
2026-06-10 23:46:10,792 - INFO - chart_engine.core.chart_widget - Chart seamlessly updated: BAX (71 candles)
2026-06-10 23:46:11,817 - INFO - chart_engine.core.ibkr_data_fetcher - Chart data fetch complete source=IBKR symbol=BAX bars=348
2026-06-10 23:46:11,882 - INFO - chart_engine.drawings - Loaded state for BAX (60minute) — 1 drawings
2026-06-10 23:46:11,891 - INFO - chart_engine.core.chart_widget - Chart seamlessly updated: BAX (348 candles)
2026-06-10 23:46:30,663 - INFO - ibkr.core.main_window - Added 1 widget market-data subscriptions (0 token-backed)
2026-06-10 23:46:30,665 - INFO - ibkr.core.chart_lines_manager - Updated stop-loss line for BAX @ 20.36
2026-06-10 23:46:30,667 - INFO - ibkr.core.stop_loss_manager - SL set: BAX @ $20.36 (FULL, 4.68% from avg $19.45)
2026-06-10 23:46:33,502 - INFO - ibkr.core.shutdown_manager - closeEvent received — beginning fast IBKR shutdown
2026-06-10 23:46:33,505 - INFO - ibkr.core.shutdown_manager - === Fast IBKR window-close shutdown starting ===
2026-06-10 23:46:33,505 - INFO - ibkr.core.shutdown_manager - Shutdown: [quiesce_background_activity]…
2026-06-10 23:46:33,506 - INFO - ibkr.core.shutdown_manager - Shutdown: [quiesce_background_activity] ✓
2026-06-10 23:46:33,507 - INFO - ibkr.core.shutdown_manager - Shutdown: [save_window_state]…
2026-06-10 23:46:33,509 - INFO - ibkr.core.main_window - Window state saved
2026-06-10 23:46:33,509 - INFO - ibkr.core.shutdown_manager - Shutdown: [save_window_state] ✓
2026-06-10 23:46:33,509 - INFO - ibkr.core.shutdown_manager - Shutdown: [save_chart_state]…
2026-06-10 23:46:33,524 - INFO - ibkr.core.shutdown_manager - Shutdown: [save_chart_state] ✓
2026-06-10 23:46:33,525 - INFO - ibkr.core.shutdown_manager - Shutdown: [stop_remaining_timers]…
2026-06-10 23:46:33,545 - INFO - ibkr.core.shutdown_manager - Shutdown: [stop_remaining_timers] ✓
2026-06-10 23:46:33,546 - INFO - ibkr.core.shutdown_manager - === Fast IBKR window-close shutdown complete ===
2026-06-10 23:46:33,549 - INFO - ib_insync.client - Disconnecting
2026-06-10 23:46:33,550 - INFO - ibkr.core.market_data_worker - IBKR MarketDataWorker stopped
2026-06-10 23:46:33,573 - INFO - __main__ - Shutting down and cleaning up resources...
2026-06-10 23:46:33,573 - INFO - __main__ - Skipping broker disconnect during fast window-close shutdown.
2026-06-10 23:46:33,574 - INFO - __main__ - Cleanup complete.
