2026-06-10 22:53:01,988 - INFO - login_setup.login_setup_config - qullamaggie v1.0.0 starting...
2026-06-10 22:53:01,988 - INFO - login_setup.login_setup_config - Logging to file: /home/kavi/Desktop/Python_Projects/swing_trader/logs/qullamaggie_20260610_225301.log
2026-06-10 22:53:01,988 - INFO - login_setup.login_setup_config - Fatal crash diagnostics enabled for all threads.
2026-06-10 22:53:01,989 - INFO - __main__ - 🚀 Starting qullamaggie Application...
2026-06-10 22:53:02,136 - INFO - __main__ - Application icon loaded from: /home/kavi/Desktop/Python_Projects/swing_trader/assets/qullamaggie_swing_trader_icon.svg
2026-06-10 22:53:04,020 - INFO - ib_insync.client - Connecting to 127.0.0.1:4002 with clientId 1...
2026-06-10 22:53:04,022 - INFO - ib_insync.client - Connected
2026-06-10 22:53:04,037 - INFO - ib_insync.client - Logged on to server version 176
2026-06-10 22:53:04,080 - INFO - ib_insync.client - API connection ready
2026-06-10 22:53:04,519 - INFO - __main__ - Authenticated for broker: america
2026-06-10 22:53:04,520 - INFO - __main__ - Initializing trading and data clients...
2026-06-10 22:53:04,520 - INFO - login_setup.broker_factory - Creating america client for live trading
2026-06-10 22:53:04,521 - INFO - login_setup.broker_factory - IBKR client created with accounts: ['DUQ624205']
2026-06-10 22:53:04,527 - INFO - ibkr.core.trading_client - Subscribed to IBKR real-time order events
2026-06-10 22:53:04,527 - INFO - ibkr.core.trading_client - IBKR trading client startup snapshots deferred; using local cache/event sync
2026-06-10 22:53:04,528 - INFO - __main__ - Trading client created; creating data client...
2026-06-10 22:53:04,528 - INFO - login_setup.broker_factory - Creating data client for america
2026-06-10 22:53:04,528 - INFO - __main__ - Data client created; validating connection state...
2026-06-10 22:53:04,528 - INFO - __main__ - Trading client connected: True
2026-06-10 22:53:04,529 - INFO - __main__ - Data client connected: True
2026-06-10 22:53:04,529 - INFO - __main__ - Clients initialized successfully.
2026-06-10 22:53:04,529 - INFO - login_setup.broker_factory - Added america client to manager
2026-06-10 22:53:04,530 - INFO - login_setup.broker_factory - Started connection monitoring for america
2026-06-10 22:53:04,530 - INFO - __main__ - Creating main window for america...
2026-06-10 22:53:04,530 - INFO - login_setup.broker_factory - Dynamically loading main window from: ibkr.core.main_window
2026-06-10 22:53:05,444 - INFO - ibkr.core.trade_logger - Trade history database for 'live' mode at: /home/kavi/.qullamaggie/trade_history_live.db
2026-06-10 22:53:05,445 - INFO - ibkr.core.trade_logger - TradeLogger initialized with background processing
2026-06-10 22:53:05,446 - INFO - ibkr.core.trade_logger - DatabaseWorker processing started
2026-06-10 22:53:05,447 - INFO - ibkr.core.trade_logger - Database initialization completed
2026-06-10 22:53:05,449 - INFO - ibkr.core.position_manager - ✅ Connected to trader.order_status_updated signal - orders will sync immediately
2026-06-10 22:53:05,449 - INFO - ibkr.core.position_manager - ✅ Connected to trader.position_updated signal - positions will sync immediately
2026-06-10 22:53:05,449 - INFO - ibkr.core.position_manager - ✅ Connected to trader.connection_status_changed signal
2026-06-10 22:53:05,452 - INFO - ibkr.core.stop_loss_manager - Restored 1 active SL record(s) from database
2026-06-10 22:53:05,505 - INFO - ibkr.widgets.scanner_table - Loaded 2 valid scan configurations
2026-06-10 22:53:05,519 - INFO - ibkr.widgets.scanner_table - Scanner table ready for context-aware navigation
2026-06-10 22:53:05,526 - INFO - chart_engine.drawings - Loaded global chart settings.
2026-06-10 22:53:05,868 - INFO - ibkr.core.data_cache - MarketAwareDataCache initialised for IBKR/US market time
2026-06-10 22:53:05,959 - INFO - chart_engine.drawings - Saved global chart settings.
2026-06-10 22:53:06,164 - INFO - ibkr.core.alert_management_system - Loaded 0 alerts from disk
2026-06-10 22:53:06,165 - INFO - ibkr.core.alert_management_system - AlertSystemManager ready
2026-06-10 22:53:06,165 - INFO - ibkr.core.alert_management_system - AlertEngine started
2026-06-10 22:53:06,166 - INFO - ibkr.core.main_window - Alert system initialized successfully.
2026-06-10 22:53:06,166 - INFO - ibkr.core.main_window - Connecting component signals...
2026-06-10 22:53:06,167 - INFO - ibkr.core.main_window - IBKR order lifecycle UI signals connected
2026-06-10 22:53:06,172 - INFO - ibkr.core.main_window - Keyboard shortcuts initialized
2026-06-10 22:53:06,298 - INFO - ibkr.core.main_window - Window state restored
2026-06-10 22:53:06,330 - INFO - ibkr.core.main_window - Applied startup chart timeframes: left=day, right=60minute
2026-06-10 22:53:06,331 - INFO - ibkr.core.main_window - Simplified qullamaggie Window with Status Bar Initialized Successfully.
2026-06-10 22:53:06,331 - INFO - __main__ - Main window created successfully.
2026-06-10 22:53:06,393 - INFO - __main__ - Starting application event loop.
2026-06-10 22:53:07,007 - INFO - ibkr.core.main_window - Starting deferred IBKR post-show workers
2026-06-10 22:53:07,008 - INFO - chart_engine.core.ibkr_data_fetcher - Pre-warming dedicated IBKR history connection...
2026-06-10 22:53:07,010 - INFO - ib_insync.client - Connecting to 127.0.0.1:4002 with clientId 102...
2026-06-10 22:53:07,020 - INFO - ibkr.core.main_window - Added 1 widget market-data subscriptions (0 token-backed)
2026-06-10 22:53:07,021 - INFO - ib_insync.client - Connecting to 127.0.0.1:4002 with clientId 101...
2026-06-10 22:53:08,324 - INFO - chart_engine.core.ibkr_data_fetcher - IBKR chart history connected on 127.0.0.1:4002 clientId=102
2026-06-10 22:53:08,426 - INFO - ibkr.core.market_data_worker - Dedicated IBKR market-data connection established on 127.0.0.1:4002 clientId=101
2026-06-10 22:53:08,426 - INFO - ibkr.core.market_data_worker - IBKR MarketDataWorker started
2026-06-10 22:53:08,426 - INFO - ibkr.core.market_data_worker - Requested IBKR delayed market data type (3); delayed fallback=False; generic ticks=''
2026-06-10 22:53:08,859 - INFO - ibkr.core.market_data_worker - Subscribed IBKR market data: BAX key=8111188 type=delayed
2026-06-10 22:53:09,346 - WARNING - ibkr.core.market_data_worker - IBKR market data notice for BAX: Requested market data is not subscribed. Displaying delayed market data. (10167)
2026-06-10 22:53:52,253 - WARNING - __main__ - Signal 2 received, initiating shutdown.
