2026-06-10 23:49:00,443 - INFO - login_setup.login_setup_config - qullamaggie v1.0.0 starting...
2026-06-10 23:49:00,444 - INFO - login_setup.login_setup_config - Logging to file: /home/kavi/Desktop/Python_Projects/swing_trader/logs/qullamaggie_20260610_234900.log
2026-06-10 23:49:00,444 - INFO - login_setup.login_setup_config - Fatal crash diagnostics enabled for all threads.
2026-06-10 23:49:00,444 - INFO - __main__ - 🚀 Starting qullamaggie Application...
2026-06-10 23:49:00,579 - INFO - __main__ - Application icon loaded from: /home/kavi/Desktop/Python_Projects/swing_trader/assets/qullamaggie_swing_trader_icon.svg
2026-06-10 23:49:02,501 - INFO - ib_insync.client - Connecting to 127.0.0.1:4002 with clientId 1...
2026-06-10 23:49:02,503 - INFO - ib_insync.client - Connected
2026-06-10 23:49:02,516 - INFO - ib_insync.client - Logged on to server version 176
2026-06-10 23:49:02,556 - INFO - ib_insync.client - API connection ready
2026-06-10 23:49:02,884 - INFO - __main__ - Authenticated for broker: america
2026-06-10 23:49:02,885 - INFO - __main__ - Initializing trading and data clients...
2026-06-10 23:49:02,885 - INFO - login_setup.broker_factory - Creating america client for live trading
2026-06-10 23:49:02,886 - INFO - login_setup.broker_factory - IBKR client created with accounts: ['DUQ624205']
2026-06-10 23:49:02,895 - INFO - ibkr.core.trading_client - Subscribed to IBKR real-time order events
2026-06-10 23:49:02,895 - INFO - ibkr.core.trading_client - IBKR trading client startup snapshots deferred; using local cache/event sync
2026-06-10 23:49:02,898 - INFO - __main__ - Trading client created; creating data client...
2026-06-10 23:49:02,898 - INFO - login_setup.broker_factory - Creating data client for america
2026-06-10 23:49:02,899 - INFO - __main__ - Data client created; validating connection state...
2026-06-10 23:49:02,899 - INFO - __main__ - Trading client connected: True
2026-06-10 23:49:02,900 - INFO - __main__ - Data client connected: True
2026-06-10 23:49:02,901 - INFO - __main__ - Clients initialized successfully.
2026-06-10 23:49:02,901 - INFO - login_setup.broker_factory - Added america client to manager
2026-06-10 23:49:02,901 - INFO - login_setup.broker_factory - Started connection monitoring for america
2026-06-10 23:49:02,902 - INFO - __main__ - Creating main window for america...
2026-06-10 23:49:02,902 - INFO - login_setup.broker_factory - Dynamically loading main window from: ibkr.core.main_window
2026-06-10 23:49:03,796 - INFO - ibkr.core.trade_logger - Trade history database for 'live' mode at: /home/kavi/.qullamaggie/trade_history_live.db
2026-06-10 23:49:03,797 - INFO - ibkr.core.trade_logger - TradeLogger initialized with background processing
2026-06-10 23:49:03,797 - INFO - ibkr.core.trade_logger - DatabaseWorker processing started
2026-06-10 23:49:03,800 - INFO - ibkr.core.position_manager - ✅ Connected to trader.order_status_updated signal - orders will sync immediately
2026-06-10 23:49:03,800 - INFO - ibkr.core.position_manager - ✅ Connected to trader.position_updated signal - positions will sync immediately
2026-06-10 23:49:03,800 - INFO - ibkr.core.position_manager - ✅ Connected to trader.connection_status_changed signal
2026-06-10 23:49:03,801 - INFO - ibkr.core.trade_logger - Database initialization completed
2026-06-10 23:49:03,805 - INFO - ibkr.core.stop_loss_manager - Restored 1 active SL record(s) from database
2026-06-10 23:49:03,862 - INFO - ibkr.widgets.scanner_table - Loaded 19 valid scan configurations
2026-06-10 23:49:03,880 - INFO - ibkr.widgets.scanner_table - Scanner table ready for context-aware navigation
2026-06-10 23:49:03,890 - INFO - chart_engine.drawings - Loaded global chart settings.
2026-06-10 23:49:04,233 - INFO - ibkr.core.data_cache - MarketAwareDataCache initialised for IBKR/US market time
2026-06-10 23:49:04,324 - INFO - chart_engine.drawings - Saved global chart settings.
2026-06-10 23:49:04,521 - INFO - ibkr.core.alert_management_system - Loaded 0 alerts from disk
2026-06-10 23:49:04,522 - INFO - ibkr.core.alert_management_system - AlertSystemManager ready
2026-06-10 23:49:04,522 - INFO - ibkr.core.alert_management_system - AlertEngine started
2026-06-10 23:49:04,522 - INFO - ibkr.core.main_window - Alert system initialized successfully.
2026-06-10 23:49:04,523 - INFO - ibkr.core.main_window - Connecting component signals...
2026-06-10 23:49:04,523 - INFO - ibkr.core.main_window - IBKR order lifecycle UI signals connected
2026-06-10 23:49:04,528 - INFO - ibkr.core.main_window - Keyboard shortcuts initialized
2026-06-10 23:49:04,651 - INFO - ibkr.core.main_window - Window state restored
2026-06-10 23:49:04,680 - INFO - ibkr.core.main_window - Applied startup chart timeframes: left=day, right=60minute
2026-06-10 23:49:04,681 - INFO - ibkr.core.main_window - Simplified qullamaggie Window with Status Bar Initialized Successfully.
2026-06-10 23:49:04,681 - INFO - __main__ - Main window created successfully.
2026-06-10 23:49:04,741 - INFO - __main__ - Starting application event loop.
2026-06-10 23:49:05,339 - INFO - ibkr.core.main_window - Starting deferred IBKR post-show workers
2026-06-10 23:49:05,340 - INFO - chart_engine.core.ibkr_data_fetcher - Pre-warming dedicated IBKR history connection...
2026-06-10 23:49:05,342 - INFO - ib_insync.client - Connecting to 127.0.0.1:4002 with clientId 102...
2026-06-10 23:49:05,353 - INFO - ib_insync.client - Connecting to 127.0.0.1:4002 with clientId 101...
2026-06-10 23:49:05,383 - INFO - ibkr.core.main_window - IBKR loader: Building initial instrument list...
2026-06-10 23:49:05,400 - INFO - ibkr.core.main_window - Successfully loaded 228 instruments.
2026-06-10 23:49:05,401 - INFO - ibkr.widgets.header_toolbar - Search index ready: 228 instruments
2026-06-10 23:49:05,404 - INFO - ibkr.core.main_window - Instruments loaded successfully.
2026-06-10 23:49:05,407 - INFO - ibkr.core.main_window - IBKR loader: Loaded 181 symbols (qualifying in background...)
2026-06-10 23:49:05,963 - INFO - ibkr.widgets.scanner_table - Running EOD Finviz scan: Computer Hardware
2026-06-10 23:49:05,970 - INFO - ibkr.core.main_window - Subscription universe changed: 2 instruments (0 token-backed, +2/-0) sources={'header': 2}
2026-06-10 23:49:06,453 - INFO - ibkr.core.position_manager - Fetching positions from broker - Reason: instruments_loaded
2026-06-10 23:49:06,465 - INFO - ibkr.core.main_window - Added 20 widget market-data subscriptions (20 token-backed)
2026-06-10 23:49:06,468 - INFO - ibkr.core.position_manager - Position table changed: 20 open positions | open MTM -38635.14 | realized 0.00
2026-06-10 23:49:06,476 - INFO - ibkr.core.main_window - Chart auto-loading initiated
2026-06-10 23:49:06,499 - INFO - chart_engine.core.ibkr_data_fetcher - IBKR chart history connected on 127.0.0.1:4002 clientId=102
2026-06-10 23:49:06,499 - INFO - ibkr.core.main_window - Auto-loading startup chart symbol: BAX
2026-06-10 23:49:06,514 - INFO - chart_engine.core.ibkr_data_fetcher - Chart data source=IBKR symbol=BAX interval=day from=2026-03-02T14:19:06.513642-05:00 to=2026-06-10T14:19:06.513642-04:00 dedicated_history=True
2026-06-10 23:49:06,525 - INFO - chart_engine.core.ibkr_data_fetcher - Chart data source=IBKR symbol=BAX interval=60minute from=2026-04-21T14:19:06.525677-04:00 to=2026-06-10T14:19:06.525677-04:00 dedicated_history=True
2026-06-10 23:49:06,591 - INFO - ibkr.core.market_data_worker - Dedicated IBKR market-data connection established on 127.0.0.1:4002 clientId=101
2026-06-10 23:49:06,591 - INFO - ibkr.core.market_data_worker - IBKR MarketDataWorker started
2026-06-10 23:49:06,591 - INFO - ibkr.core.market_data_worker - Requested IBKR delayed market data type (3); delayed fallback=False; generic ticks=''
2026-06-10 23:49:06,593 - WARNING - ibkr.core.main_window - IBKR market data is delayed (delayed); live subscription is unavailable.
2026-06-10 23:49:06,594 - INFO - ibkr.core.main_window - WebSocket connected. Setting up subscriptions.
2026-06-10 23:49:06,594 - INFO - ibkr.core.stop_loss_manager - Stop-loss opening-gap check enabled after market-data worker connection
2026-06-10 23:49:06,595 - INFO - ibkr.core.position_manager - Fetching positions from broker - Reason: ibkr_connected
2026-06-10 23:49:06,904 - INFO - ibkr.core.main_window - Subscription universe changed: 23 instruments (20 token-backed, +21/-0) sources={'positions': 20, 'charts': 2, 'header': 2}
2026-06-10 23:49:07,249 - INFO - ibkr.core.position_manager - Fetching positions from broker - Reason: app_startup
2026-06-10 23:49:07,258 - INFO - chart_engine.core.ibkr_data_fetcher - Requesting IBKR historical data: BAX conId=8111188 bar=1 day duration=100 D end=latest
2026-06-10 23:49:07,260 - INFO - chart_engine.core.ibkr_data_fetcher - Requesting IBKR historical data: BAX conId=8111188 bar=30 mins duration=50 D end=latest
2026-06-10 23:49:07,269 - INFO - ibkr.core.main_window - Position system initialized successfully
2026-06-10 23:49:07,606 - INFO - ibkr.core.network_monitor - NetworkMonitor started
2026-06-10 23:49:07,606 - INFO - ibkr.core.main_window - Network resilience layer initialized
2026-06-10 23:49:07,607 - INFO - ibkr.core.main_window - Added 1 widget market-data subscriptions (0 token-backed)
2026-06-10 23:49:07,609 - INFO - ibkr.core.market_data_worker - Subscribed IBKR market data: SPY key=756733 type=delayed
2026-06-10 23:49:07,610 - INFO - ibkr.core.market_data_worker - Subscribed IBKR market data: QQQ key=320227571 type=delayed
2026-06-10 23:49:08,198 - INFO - chart_engine.core.ibkr_data_fetcher - Chart data fetch complete source=IBKR symbol=BAX bars=71
2026-06-10 23:49:08,226 - WARNING - ibkr.core.market_data_worker - IBKR market data notice for SPY: Requested market data is not subscribed. Displaying delayed market data. (10167)
2026-06-10 23:49:08,342 - INFO - ibkr.widgets.scanner_table - EOD Scan completed: 19 symbols with complete data
2026-06-10 23:49:08,553 - WARNING - ibkr.core.market_data_worker - IBKR market data notice for QQQ: Requested market data is not subscribed. Displaying delayed market data. (10167)
2026-06-10 23:49:09,118 - INFO - chart_engine.core.ibkr_data_fetcher - Chart data fetch complete source=IBKR symbol=BAX bars=348
2026-06-10 23:49:10,581 - INFO - ibkr.core.market_data_worker - Subscribed IBKR market data: NVDA key=4815747 type=delayed
2026-06-10 23:49:10,582 - INFO - ibkr.core.market_data_worker - Subscribed IBKR market data: TACT key=6858145 type=delayed
2026-06-10 23:49:10,582 - INFO - ibkr.core.market_data_worker - Subscribed IBKR market data: BAX key=8111188 type=delayed
2026-06-10 23:49:10,582 - INFO - ibkr.core.market_data_worker - Subscribed IBKR market data: UMC key=46613372 type=delayed
2026-06-10 23:49:10,583 - INFO - ibkr.core.market_data_worker - Subscribed IBKR market data: TSLA key=76792991 type=delayed
2026-06-10 23:49:10,583 - INFO - ibkr.core.market_data_worker - Subscribed IBKR market data: PTCT key=129374415 type=delayed
2026-06-10 23:49:10,583 - INFO - ibkr.core.market_data_worker - Subscribed IBKR market data: HPQ key=209411801 type=delayed
2026-06-10 23:49:10,583 - INFO - ibkr.core.market_data_worker - Subscribed IBKR market data: DELL key=346218218 type=delayed
2026-06-10 23:49:10,584 - INFO - ibkr.core.market_data_worker - Subscribed IBKR market data: MTA key=395717235 type=delayed
2026-06-10 23:49:10,584 - INFO - ibkr.core.market_data_worker - Subscribed IBKR market data: DRS key=478483396 type=delayed
2026-06-10 23:49:10,585 - INFO - ibkr.core.market_data_worker - Subscribed IBKR market data: RDW key=512000171 type=delayed
2026-06-10 23:49:10,585 - INFO - ibkr.core.market_data_worker - Subscribed IBKR market data: IONQ key=517593749 type=delayed
2026-06-10 23:49:10,586 - INFO - ibkr.core.market_data_worker - Subscribed IBKR market data: GFS key=523222624 type=delayed
2026-06-10 23:49:10,586 - INFO - ibkr.core.market_data_worker - Subscribed IBKR market data: QBTS key=578031277 type=delayed
2026-06-10 23:49:10,586 - INFO - ibkr.core.market_data_worker - Subscribed IBKR market data: LUNR key=613910262 type=delayed
2026-06-10 23:49:10,587 - INFO - ibkr.core.market_data_worker - Subscribed IBKR market data: SIDU key=673368857 type=delayed
2026-06-10 23:49:10,587 - INFO - ibkr.core.market_data_worker - Subscribed IBKR market data: DPRO key=725468685 type=delayed
2026-06-10 23:49:10,588 - INFO - ibkr.core.market_data_worker - Subscribed IBKR market data: SNDK key=760250490 type=delayed
2026-06-10 23:49:10,588 - INFO - ibkr.core.market_data_worker - Subscribed IBKR market data: RKLB key=787273575 type=delayed
2026-06-10 23:49:10,589 - INFO - ibkr.core.market_data_worker - Subscribed IBKR market data: SPRC key=860471331 type=delayed
2026-06-10 23:49:11,016 - WARNING - ibkr.core.market_data_worker - IBKR market data notice for NVDA: Requested market data is not subscribed. Displaying delayed market data. (10167)
2026-06-10 23:49:11,266 - WARNING - ibkr.core.market_data_worker - IBKR market data notice for TACT: Requested market data is not subscribed. Displaying delayed market data. (10167)
2026-06-10 23:49:11,269 - WARNING - ibkr.core.market_data_worker - IBKR market data notice for BAX: Requested market data is not subscribed. Displaying delayed market data. (10167)
2026-06-10 23:49:11,554 - WARNING - ibkr.core.market_data_worker - IBKR market data notice for UMC: Requested market data is not subscribed. Displaying delayed market data. (10167)
2026-06-10 23:49:11,596 - WARNING - ibkr.core.market_data_worker - IBKR market data notice for TSLA: Requested market data is not subscribed. Displaying delayed market data. (10167)
2026-06-10 23:49:11,597 - WARNING - ibkr.core.market_data_worker - IBKR market data notice for PTCT: Requested market data is not subscribed. Displaying delayed market data. (10167)
2026-06-10 23:49:11,944 - WARNING - ibkr.core.market_data_worker - IBKR market data notice for HPQ: Requested market data is not subscribed. Displaying delayed market data. (10167)
2026-06-10 23:49:12,047 - WARNING - ibkr.core.market_data_worker - IBKR market data notice for DELL: Requested market data is not subscribed. Displaying delayed market data. (10167)
2026-06-10 23:49:12,048 - WARNING - ibkr.core.market_data_worker - IBKR market data notice for MTA: Requested market data is not subscribed. Displaying delayed market data. (10167)
2026-06-10 23:49:12,048 - WARNING - ibkr.core.market_data_worker - IBKR market data notice for DRS: Requested market data is not subscribed. Displaying delayed market data. (10167)
2026-06-10 23:49:12,048 - WARNING - ibkr.core.market_data_worker - IBKR market data notice for RDW: Requested market data is not subscribed. Displaying delayed market data. (10167)
2026-06-10 23:49:12,261 - WARNING - ibkr.core.market_data_worker - IBKR market data notice for IONQ: Requested market data is not subscribed. Displaying delayed market data. (10167)
2026-06-10 23:49:12,262 - WARNING - ibkr.core.market_data_worker - IBKR market data notice for GFS: Requested market data is not subscribed. Displaying delayed market data. (10167)
2026-06-10 23:49:12,262 - WARNING - ibkr.core.market_data_worker - IBKR market data notice for QBTS: Requested market data is not subscribed. Displaying delayed market data. (10167)
2026-06-10 23:49:12,262 - WARNING - ibkr.core.market_data_worker - IBKR market data notice for LUNR: Requested market data is not subscribed. Displaying delayed market data. (10167)
2026-06-10 23:49:12,262 - WARNING - ibkr.core.market_data_worker - IBKR market data notice for SIDU: Requested market data is not subscribed. Displaying delayed market data. (10167)
2026-06-10 23:49:12,263 - WARNING - ibkr.core.market_data_worker - IBKR market data notice for DPRO: Requested market data is not subscribed. Displaying delayed market data. (10167)
2026-06-10 23:49:12,263 - WARNING - ibkr.core.market_data_worker - IBKR market data notice for SNDK: Requested market data is not subscribed. Displaying delayed market data. (10167)
2026-06-10 23:49:12,263 - WARNING - ibkr.core.market_data_worker - IBKR market data notice for RKLB: Requested market data is not subscribed. Displaying delayed market data. (10167)
2026-06-10 23:49:12,263 - WARNING - ibkr.core.market_data_worker - IBKR market data notice for SPRC: Requested market data is not subscribed. Displaying delayed market data. (10167)
2026-06-10 23:49:25,759 - WARNING - __main__ - Signal 2 received, initiating shutdown.
