2026-06-10 22:16:33,521 - INFO - login_setup.login_setup_config - qullamaggie v1.0.0 starting...
2026-06-10 22:16:33,521 - INFO - login_setup.login_setup_config - Logging to file: /home/kavi/Desktop/Python_Projects/swing_trader/logs/qullamaggie_20260610_221633.log
2026-06-10 22:16:33,521 - INFO - login_setup.login_setup_config - Fatal crash diagnostics enabled for all threads.
2026-06-10 22:16:33,521 - INFO - __main__ - 🚀 Starting qullamaggie Application...
2026-06-10 22:16:33,722 - INFO - __main__ - Application icon loaded from: /home/kavi/Desktop/Python_Projects/swing_trader/assets/qullamaggie_swing_trader_icon.svg
2026-06-10 22:16:33,724 - INFO - login_setup.token_manager - Generating new encryption key for multi-broker setup
2026-06-10 22:16:43,169 - INFO - ib_insync.client - Connecting to 127.0.0.1:4002 with clientId 1...
2026-06-10 22:16:43,171 - INFO - ib_insync.client - Connected
2026-06-10 22:16:43,185 - INFO - ib_insync.client - Logged on to server version 176
2026-06-10 22:16:43,229 - INFO - ib_insync.client - API connection ready
2026-06-10 22:16:43,670 - INFO - __main__ - Authenticated for broker: america
2026-06-10 22:16:43,670 - INFO - __main__ - Initializing trading and data clients...
2026-06-10 22:16:43,671 - INFO - login_setup.broker_factory - Creating america client for live trading
2026-06-10 22:16:43,671 - INFO - login_setup.broker_factory - IBKR client created with accounts: ['DUQ624205']
2026-06-10 22:16:43,677 - INFO - ibkr.core.trading_client - Subscribed to IBKR real-time order events
2026-06-10 22:16:43,677 - INFO - ibkr.core.trading_client - IBKR trading client startup snapshots deferred; using local cache/event sync
2026-06-10 22:16:43,678 - INFO - __main__ - Trading client created; creating data client...
2026-06-10 22:16:43,678 - INFO - login_setup.broker_factory - Creating data client for america
2026-06-10 22:16:43,678 - INFO - __main__ - Data client created; validating connection state...
2026-06-10 22:16:43,679 - INFO - __main__ - Trading client connected: True
2026-06-10 22:16:43,679 - INFO - __main__ - Data client connected: True
2026-06-10 22:16:43,679 - INFO - __main__ - Clients initialized successfully.
2026-06-10 22:16:43,680 - INFO - login_setup.broker_factory - Added america client to manager
2026-06-10 22:16:43,680 - INFO - login_setup.broker_factory - Started connection monitoring for america
2026-06-10 22:16:43,680 - INFO - __main__ - Creating main window for america...
2026-06-10 22:16:43,680 - INFO - login_setup.broker_factory - Dynamically loading main window from: ibkr.core.main_window
2026-06-10 22:16:44,736 - INFO - ibkr.core.trade_logger - Trade history database for 'live' mode at: /home/kavi/.qullamaggie/trade_history_live.db
2026-06-10 22:16:44,737 - INFO - ibkr.core.trade_logger - TradeLogger initialized with background processing
2026-06-10 22:16:44,738 - INFO - ibkr.core.trade_logger - DatabaseWorker processing started
2026-06-10 22:16:44,740 - INFO - ibkr.core.position_manager - ✅ Connected to trader.order_status_updated signal - orders will sync immediately
2026-06-10 22:16:44,740 - INFO - ibkr.core.position_manager - ✅ Connected to trader.position_updated signal - positions will sync immediately
2026-06-10 22:16:44,740 - INFO - ibkr.core.position_manager - ✅ Connected to trader.connection_status_changed signal
2026-06-10 22:16:44,761 - INFO - ibkr.core.trade_logger - Database initialization completed
2026-06-10 22:16:44,813 - INFO - ibkr.widgets.scanner_table - Creating default scan configuration at: /home/kavi/.qullamaggie/storage/user_data/ibkr/live/finviz_scans.json
2026-06-10 22:16:44,814 - INFO - ibkr.widgets.scanner_table - Saved 1 scans to /home/kavi/.qullamaggie/storage/user_data/ibkr/live/finviz_scans.json
2026-06-10 22:16:44,827 - INFO - ibkr.widgets.scanner_table - Scanner table ready for context-aware navigation
2026-06-10 22:16:45,160 - INFO - ibkr.core.data_cache - MarketAwareDataCache initialised for IBKR/US market time
2026-06-10 22:16:45,255 - INFO - chart_engine.drawings - Saved global chart settings.
2026-06-10 22:16:45,256 - INFO - chart_engine.drawings - Loaded global chart settings.
2026-06-10 22:16:45,479 - INFO - ibkr.core.alert_management_system - Loaded 0 alerts from disk
2026-06-10 22:16:45,479 - INFO - ibkr.core.alert_management_system - AlertSystemManager ready
2026-06-10 22:16:45,480 - INFO - ibkr.core.main_window - Alert system initialized successfully.
2026-06-10 22:16:45,480 - INFO - ibkr.core.main_window - Connecting component signals...
2026-06-10 22:16:45,480 - INFO - ibkr.core.alert_management_system - AlertEngine started
2026-06-10 22:16:45,481 - INFO - ibkr.core.main_window - IBKR order lifecycle UI signals connected
2026-06-10 22:16:45,486 - INFO - ibkr.core.main_window - Keyboard shortcuts initialized
2026-06-10 22:16:45,628 - INFO - ibkr.core.main_window - Applied startup chart timeframes: left=day, right=60minute
2026-06-10 22:16:45,628 - INFO - ibkr.core.main_window - Simplified qullamaggie Window with Status Bar Initialized Successfully.
2026-06-10 22:16:45,628 - INFO - __main__ - Main window created successfully.
2026-06-10 22:16:45,683 - INFO - __main__ - Starting application event loop.
2026-06-10 22:16:46,267 - INFO - ibkr.core.main_window - Starting deferred IBKR post-show workers
2026-06-10 22:16:46,267 - INFO - chart_engine.core.ibkr_data_fetcher - Pre-warming dedicated IBKR history connection...
2026-06-10 22:16:46,272 - INFO - ib_insync.client - Connecting to 127.0.0.1:4002 with clientId 102...
2026-06-10 22:16:46,281 - INFO - ib_insync.client - Connecting to 127.0.0.1:4002 with clientId 101...
2026-06-10 22:16:46,320 - INFO - ibkr.core.main_window - IBKR loader: Building initial instrument list...
2026-06-10 22:16:46,884 - INFO - ibkr.core.main_window - Successfully loaded 181 instruments.
2026-06-10 22:16:46,888 - INFO - ibkr.widgets.header_toolbar - Search index ready: 181 instruments
2026-06-10 22:16:46,890 - INFO - ibkr.core.main_window - Instruments loaded successfully.
2026-06-10 22:16:46,891 - INFO - ibkr.core.main_window - IBKR loader: Loaded 181 symbols (qualifying in background...)
2026-06-10 22:16:46,947 - INFO - ibkr.widgets.scanner_table - Running EOD Finviz scan: Example: Above 20 SMA
2026-06-10 22:16:46,954 - INFO - ibkr.widgets.scanner_table - EOD Scan completed: 0 symbols with complete data
2026-06-10 22:16:46,973 - INFO - ibkr.widgets.scanner_table - EOD Scanner table updated with 0 symbols.
2026-06-10 22:16:47,289 - INFO - ibkr.core.main_window - Subscription universe changed: 2 instruments (0 token-backed, +2/-0) sources={'header': 2}
2026-06-10 22:16:47,738 - INFO - chart_engine.core.ibkr_data_fetcher - IBKR chart history connected on 127.0.0.1:4002 clientId=102
2026-06-10 22:16:47,838 - INFO - ibkr.core.market_data_worker - Dedicated IBKR market-data connection established on 127.0.0.1:4002 clientId=101
2026-06-10 22:16:47,839 - INFO - ibkr.core.market_data_worker - IBKR MarketDataWorker started
2026-06-10 22:16:47,839 - INFO - ibkr.core.market_data_worker - Requested IBKR delayed market data type (3); delayed fallback=False; generic ticks=''
2026-06-10 22:16:47,839 - WARNING - ibkr.core.main_window - IBKR market data is delayed (delayed); live subscription is unavailable.
2026-06-10 22:16:47,841 - INFO - ibkr.core.main_window - WebSocket connected. Setting up subscriptions.
2026-06-10 22:16:47,841 - INFO - ibkr.core.position_manager - Fetching positions from broker - Reason: ibkr_connected
2026-06-10 22:16:47,851 - INFO - ibkr.core.main_window - Added 20 widget market-data subscriptions (20 token-backed)
2026-06-10 22:16:47,853 - INFO - ibkr.core.chart_lines_manager - Set position line for BAX: BUY 10 @ 19.45
2026-06-10 22:16:47,854 - INFO - ibkr.core.chart_lines_manager - Set position line for DELL: BUY 1000 @ 398.77
2026-06-10 22:16:47,854 - INFO - ibkr.core.chart_lines_manager - Set position line for DPRO: BUY 1 @ 6.35
2026-06-10 22:16:47,855 - INFO - ibkr.core.chart_lines_manager - Set position line for DRS: BUY 1000 @ 48.47
2026-06-10 22:16:47,855 - INFO - ibkr.core.chart_lines_manager - Set position line for GFS: BUY 10 @ 79.08
2026-06-10 22:16:47,856 - INFO - ibkr.core.chart_lines_manager - Set position line for HPQ: BUY 200 @ 25.31
2026-06-10 22:16:47,856 - INFO - ibkr.core.chart_lines_manager - Set position line for IONQ: BUY 2 @ 63.37
2026-06-10 22:16:47,856 - INFO - ibkr.core.chart_lines_manager - Set position line for LUNR: BUY 1000 @ 34.57
2026-06-10 22:16:47,857 - INFO - ibkr.core.chart_lines_manager - Set position line for MTA: BUY 1 @ 7.18
2026-06-10 22:16:47,857 - INFO - ibkr.core.chart_lines_manager - Set position line for NVDA: BUY 100 @ 210.52
2026-06-10 22:16:47,858 - INFO - ibkr.core.chart_lines_manager - Set position line for PTCT: BUY 100 @ 72.19
2026-06-10 22:16:47,858 - INFO - ibkr.core.chart_lines_manager - Set position line for QBTS: BUY 2 @ 26.23
2026-06-10 22:16:47,859 - INFO - ibkr.core.chart_lines_manager - Set position line for RDW: BUY 900 @ 22.36
2026-06-10 22:16:47,859 - INFO - ibkr.core.chart_lines_manager - Set position line for RKLB: BUY 150 @ 118.70
2026-06-10 22:16:47,860 - INFO - ibkr.core.chart_lines_manager - Set position line for SIDU: BUY 1000 @ 5.02
2026-06-10 22:16:47,860 - INFO - ibkr.core.chart_lines_manager - Set position line for SNDK: BUY 10 @ 1579.30
2026-06-10 22:16:47,861 - INFO - ibkr.core.chart_lines_manager - Set position line for SPRC: BUY 1000 @ 11.96
2026-06-10 22:16:47,861 - INFO - ibkr.core.chart_lines_manager - Set position line for TACT: BUY 1 @ 4.75
2026-06-10 22:16:47,861 - INFO - ibkr.core.chart_lines_manager - Set position line for TSLA: BUY 20 @ 412.48
2026-06-10 22:16:47,862 - INFO - ibkr.core.chart_lines_manager - Set position line for UMC: BUY 1000 @ 20.72
2026-06-10 22:16:47,862 - INFO - ibkr.core.position_manager - Position table changed: 20 open positions | open MTM -38743.86 | realized 0.00
2026-06-10 22:16:47,939 - INFO - ibkr.core.position_manager - Fetching positions from broker - Reason: instruments_loaded
2026-06-10 22:16:47,990 - INFO - ibkr.core.main_window - Chart auto-loading initiated
2026-06-10 22:16:47,992 - INFO - ibkr.core.main_window - Auto-loading startup chart symbol: NO SYMBOLS FOUND
2026-06-10 22:16:48,039 - INFO - chart_engine.core.ibkr_data_fetcher - Chart data source=IBKR symbol=NO SYMBOLS FOUND interval=day from=2026-03-02T12:46:48.039418-05:00 to=2026-06-10T12:46:48.039418-04:00 dedicated_history=True
2026-06-10 22:16:48,057 - INFO - chart_engine.core.ibkr_data_fetcher - Chart data source=IBKR symbol=NO SYMBOLS FOUND interval=60minute from=2026-04-21T12:46:48.056974-04:00 to=2026-06-10T12:46:48.056974-04:00 dedicated_history=True
2026-06-10 22:16:48,169 - INFO - ibkr.core.main_window - Subscription universe changed: 23 instruments (20 token-backed, +21/-0) sources={'positions': 20, 'charts': 2, 'header': 2}
2026-06-10 22:16:48,183 - INFO - ibkr.core.position_manager - Fetching positions from broker - Reason: app_startup
2026-06-10 22:16:48,198 - INFO - ibkr.core.main_window - Position system initialized successfully
2026-06-10 22:16:48,434 - INFO - ibkr.core.market_data_worker - Subscribed IBKR market data: SPY key=756733 type=delayed
2026-06-10 22:16:48,435 - INFO - ibkr.core.market_data_worker - Subscribed IBKR market data: QQQ key=320227571 type=delayed
2026-06-10 22:16:48,436 - ERROR - ib_insync.wrapper - Error 200, reqId 3: No security definition has been found for the request, contract: Stock(symbol='NO SYMBOLS FOUND', exchange='SMART', currency='USD')
2026-06-10 22:16:48,437 - ERROR - ib_insync.wrapper - Error 200, reqId 4: No security definition has been found for the request, contract: Stock(symbol='NO SYMBOLS FOUND', exchange='SMART', currency='USD')
2026-06-10 22:16:48,437 - ERROR - ib_insync.wrapper - Error 200, reqId 5: No security definition has been found for the request, contract: Stock(symbol='NO SYMBOLS FOUND', exchange='SMART', currency='USD')
2026-06-10 22:16:48,438 - WARNING - ib_insync.ib - Unknown contract: Stock(symbol='NO SYMBOLS FOUND', exchange='SMART', currency='USD')
2026-06-10 22:16:48,439 - WARNING - chart_engine.core.data_loader - Fetch failed for NO SYMBOLS FOUND: Could not qualify contract for NO SYMBOLS FOUND: Could not qualify contract for NO SYMBOLS FOUND
2026-06-10 22:16:48,607 - INFO - ibkr.core.network_monitor - NetworkMonitor started
2026-06-10 22:16:48,607 - INFO - ibkr.core.main_window - Network resilience layer initialized
2026-06-10 22:16:48,719 - ERROR - ib_insync.wrapper - Error 200, reqId 6: No security definition has been found for the request, contract: Stock(symbol='NO SYMBOLS FOUND', exchange='SMART', currency='USD')
2026-06-10 22:16:48,940 - WARNING - ibkr.core.market_data_worker - IBKR market data notice for SPY: Requested market data is not subscribed. Displaying delayed market data. (10167)
2026-06-10 22:16:49,150 - ERROR - ib_insync.wrapper - Error 200, reqId 7: No security definition has been found for the request, contract: Stock(symbol='NO SYMBOLS FOUND', exchange='SMART', currency='USD')
2026-06-10 22:16:49,278 - WARNING - ibkr.core.market_data_worker - IBKR market data notice for QQQ: Requested market data is not subscribed. Displaying delayed market data. (10167)
2026-06-10 22:16:49,423 - ERROR - ib_insync.wrapper - Error 200, reqId 8: No security definition has been found for the request, contract: Stock(symbol='NO SYMBOLS FOUND', exchange='SMART', currency='USD')
2026-06-10 22:16:49,454 - INFO - ibkr.core.network_monitor - Network confirmed online at startup
2026-06-10 22:16:50,749 - INFO - chart_engine.core.ibkr_data_fetcher - Chart data source=IBKR symbol=BAX interval=day from=2026-03-02T12:46:50.748867-05:00 to=2026-06-10T12:46:50.748867-04:00 dedicated_history=True
2026-06-10 22:16:50,760 - INFO - chart_engine.core.ibkr_data_fetcher - Chart data source=IBKR symbol=BAX interval=60minute from=2026-04-21T12:46:50.760322-04:00 to=2026-06-10T12:46:50.760322-04:00 dedicated_history=True
2026-06-10 22:16:50,880 - INFO - chart_engine.core.ibkr_data_fetcher - Chart data source=IBKR symbol=BAX interval=day from=2026-03-02T12:46:50.880516-05:00 to=2026-06-10T12:46:50.880516-04:00 dedicated_history=True
2026-06-10 22:16:50,889 - INFO - chart_engine.core.ibkr_data_fetcher - Chart data source=IBKR symbol=BAX interval=60minute from=2026-04-21T12:46:50.889328-04:00 to=2026-06-10T12:46:50.889328-04:00 dedicated_history=True
2026-06-10 22:16:51,008 - INFO - ibkr.core.market_data_worker - Subscribed IBKR market data: NVDA key=4815747 type=delayed
2026-06-10 22:16:51,009 - INFO - ibkr.core.market_data_worker - Subscribed IBKR market data: TACT key=6858145 type=delayed
2026-06-10 22:16:51,009 - INFO - ibkr.core.market_data_worker - Subscribed IBKR market data: BAX key=8111188 type=delayed
2026-06-10 22:16:51,010 - INFO - ibkr.core.market_data_worker - Subscribed IBKR market data: UMC key=46613372 type=delayed
2026-06-10 22:16:51,010 - INFO - ibkr.core.market_data_worker - Subscribed IBKR market data: TSLA key=76792991 type=delayed
2026-06-10 22:16:51,011 - INFO - ibkr.core.market_data_worker - Subscribed IBKR market data: PTCT key=129374415 type=delayed
2026-06-10 22:16:51,011 - INFO - ibkr.core.market_data_worker - Subscribed IBKR market data: HPQ key=209411801 type=delayed
2026-06-10 22:16:51,011 - INFO - ibkr.core.market_data_worker - Subscribed IBKR market data: DELL key=346218218 type=delayed
2026-06-10 22:16:51,012 - INFO - ibkr.core.market_data_worker - Subscribed IBKR market data: MTA key=395717235 type=delayed
2026-06-10 22:16:51,012 - INFO - ibkr.core.market_data_worker - Subscribed IBKR market data: DRS key=478483396 type=delayed
2026-06-10 22:16:51,012 - INFO - ibkr.core.market_data_worker - Subscribed IBKR market data: RDW key=512000171 type=delayed
2026-06-10 22:16:51,013 - INFO - ibkr.core.market_data_worker - Subscribed IBKR market data: IONQ key=517593749 type=delayed
2026-06-10 22:16:51,013 - INFO - ibkr.core.market_data_worker - Subscribed IBKR market data: GFS key=523222624 type=delayed
2026-06-10 22:16:51,014 - INFO - ibkr.core.market_data_worker - Subscribed IBKR market data: QBTS key=578031277 type=delayed
2026-06-10 22:16:51,014 - INFO - ibkr.core.market_data_worker - Subscribed IBKR market data: LUNR key=613910262 type=delayed
2026-06-10 22:16:51,016 - INFO - ibkr.core.market_data_worker - Subscribed IBKR market data: SIDU key=673368857 type=delayed
2026-06-10 22:16:51,016 - INFO - ibkr.core.market_data_worker - Subscribed IBKR market data: DPRO key=725468685 type=delayed
2026-06-10 22:16:51,019 - INFO - ibkr.core.market_data_worker - Subscribed IBKR market data: SNDK key=760250490 type=delayed
2026-06-10 22:16:51,020 - INFO - ibkr.core.market_data_worker - Subscribed IBKR market data: RKLB key=787273575 type=delayed
2026-06-10 22:16:51,021 - INFO - ibkr.core.market_data_worker - Subscribed IBKR market data: SPRC key=860471331 type=delayed
2026-06-10 22:16:51,311 - INFO - chart_engine.core.ibkr_data_fetcher - Requesting IBKR historical data: BAX conId=8111188 bar=1 day duration=100 D end=latest
2026-06-10 22:16:51,632 - INFO - chart_engine.core.ibkr_data_fetcher - Requesting IBKR historical data: BAX conId=8111188 bar=30 mins duration=50 D end=latest
2026-06-10 22:16:51,951 - WARNING - ibkr.core.market_data_worker - IBKR market data notice for NVDA: Requested market data is not subscribed. Displaying delayed market data. (10167)
2026-06-10 22:16:52,202 - WARNING - ibkr.core.market_data_worker - IBKR market data notice for TACT: Requested market data is not subscribed. Displaying delayed market data. (10167)
2026-06-10 22:16:52,242 - WARNING - ibkr.core.market_data_worker - IBKR market data notice for BAX: Requested market data is not subscribed. Displaying delayed market data. (10167)
2026-06-10 22:16:52,289 - WARNING - ibkr.core.market_data_worker - IBKR market data notice for UMC: Requested market data is not subscribed. Displaying delayed market data. (10167)
2026-06-10 22:16:52,295 - WARNING - ibkr.core.market_data_worker - IBKR market data notice for TSLA: Requested market data is not subscribed. Displaying delayed market data. (10167)
2026-06-10 22:16:52,339 - WARNING - ibkr.core.market_data_worker - IBKR market data notice for PTCT: Requested market data is not subscribed. Displaying delayed market data. (10167)
2026-06-10 22:16:52,339 - WARNING - ibkr.core.market_data_worker - IBKR market data notice for HPQ: Requested market data is not subscribed. Displaying delayed market data. (10167)
2026-06-10 22:16:52,339 - WARNING - ibkr.core.market_data_worker - IBKR market data notice for DELL: Requested market data is not subscribed. Displaying delayed market data. (10167)
2026-06-10 22:16:52,339 - WARNING - ibkr.core.market_data_worker - IBKR market data notice for MTA: Requested market data is not subscribed. Displaying delayed market data. (10167)
2026-06-10 22:16:52,340 - WARNING - ibkr.core.market_data_worker - IBKR market data notice for DRS: Requested market data is not subscribed. Displaying delayed market data. (10167)
2026-06-10 22:16:52,340 - WARNING - ibkr.core.market_data_worker - IBKR market data notice for RDW: Requested market data is not subscribed. Displaying delayed market data. (10167)
2026-06-10 22:16:52,344 - WARNING - ibkr.core.market_data_worker - IBKR market data notice for IONQ: Requested market data is not subscribed. Displaying delayed market data. (10167)
2026-06-10 22:16:52,345 - WARNING - ibkr.core.market_data_worker - IBKR market data notice for GFS: Requested market data is not subscribed. Displaying delayed market data. (10167)
2026-06-10 22:16:52,345 - WARNING - ibkr.core.market_data_worker - IBKR market data notice for QBTS: Requested market data is not subscribed. Displaying delayed market data. (10167)
2026-06-10 22:16:52,345 - WARNING - ibkr.core.market_data_worker - IBKR market data notice for LUNR: Requested market data is not subscribed. Displaying delayed market data. (10167)
2026-06-10 22:16:52,345 - WARNING - ibkr.core.market_data_worker - IBKR market data notice for SIDU: Requested market data is not subscribed. Displaying delayed market data. (10167)
2026-06-10 22:16:52,346 - WARNING - ibkr.core.market_data_worker - IBKR market data notice for DPRO: Requested market data is not subscribed. Displaying delayed market data. (10167)
2026-06-10 22:16:52,574 - WARNING - ibkr.core.market_data_worker - IBKR market data notice for SNDK: Requested market data is not subscribed. Displaying delayed market data. (10167)
2026-06-10 22:16:52,575 - WARNING - ibkr.core.market_data_worker - IBKR market data notice for RKLB: Requested market data is not subscribed. Displaying delayed market data. (10167)
2026-06-10 22:16:52,575 - WARNING - ibkr.core.market_data_worker - IBKR market data notice for SPRC: Requested market data is not subscribed. Displaying delayed market data. (10167)
2026-06-10 22:16:52,660 - INFO - chart_engine.core.ibkr_data_fetcher - Chart data fetch complete source=IBKR symbol=BAX bars=71
2026-06-10 22:16:52,746 - INFO - chart_engine.drawings - Loaded state for BAX (day) — 1 drawings
2026-06-10 22:16:52,755 - INFO - chart_engine.core.chart_widget - Pinned price scale currency to USD
2026-06-10 22:16:52,837 - INFO - ibkr.core.main_window - Chart panes revealed after initial symbol render: BAX
2026-06-10 22:16:52,838 - INFO - ibkr.core.main_window - Chart symbol changed to: BAX
2026-06-10 22:16:52,840 - INFO - ibkr.core.main_window - Added chart symbol BAX to subscription
2026-06-10 22:16:52,841 - INFO - ibkr.core.main_window - Ensured subscription for chart symbol BAX
2026-06-10 22:16:52,841 - INFO - chart_engine.core.chart_widget - Chart HTML loaded: BAX (71 candles)
2026-06-10 22:16:53,150 - INFO - ibkr.core.main_window - Subscription universe changed: 23 instruments (20 token-backed, +1/-1) sources={'positions': 20, 'charts': 2, 'header': 2}
2026-06-10 22:16:54,525 - INFO - chart_engine.core.ibkr_data_fetcher - Chart data fetch complete source=IBKR symbol=BAX bars=347
2026-06-10 22:16:54,572 - INFO - chart_engine.drawings - Loaded state for BAX (60minute) — 1 drawings
2026-06-10 22:16:54,651 - INFO - chart_engine.core.chart_widget - Chart HTML loaded: BAX (347 candles)
2026-06-10 22:16:55,117 - ERROR - ib_insync.wrapper - Error 200, reqId 71: No security definition has been found for the request, contract: Stock(symbol='NO SYMBOLS FOUND', exchange='SMART', currency='USD')
2026-06-10 22:16:55,117 - WARNING - ibkr.core.market_data_worker - IBKR API error for NO SYMBOLS FOUND: No security definition has been found for the request (200)
2026-06-10 22:16:55,118 - INFO - ibkr.core.market_data_worker - Subscribed IBKR market data: NO SYMBOLS FOUND key=NO SYMBOLS FOUND type=delayed
2026-06-10 22:16:55,405 - ERROR - ib_insync.wrapper - Error 200, reqId 72: No security definition has been found for the request, contract: Stock(symbol='NO SYMBOLS FOUND', exchange='SMART', currency='USD')
2026-06-10 22:16:56,778 - INFO - ibkr.core.market_data_worker - Unsubscribed IBKR market data: NO SYMBOLS FOUND
2026-06-10 22:16:57,460 - ERROR - ib_insync.wrapper - Error 200, reqId 93: No security definition has been found for the request
2026-06-10 22:16:57,460 - WARNING - ibkr.core.market_data_worker - IBKR API error for reqId=93: No security definition has been found for the request (200)
2026-06-10 22:16:57,460 - ERROR - ib_insync.wrapper - Error 300, reqId 93: Can't find EId with tickerId:93
2026-06-10 22:16:57,831 - INFO - chart_engine.drawings - Saved state for BAX (60minute) — 1 drawings
2026-06-10 22:17:00,232 - INFO - chart_engine.drawings - Saved state for BAX (day) — 1 drawings
2026-06-10 22:17:00,966 - INFO - chart_engine.core.chart_widget - Lazy-loading older candles for BAX [day]: 100 -> 200 days
2026-06-10 22:17:00,968 - INFO - chart_engine.core.ibkr_data_fetcher - Chart data source=IBKR symbol=BAX interval=day from=2025-11-22T12:47:00.968342-05:00 to=2026-06-10T12:47:00.968342-04:00 dedicated_history=True
2026-06-10 22:17:00,970 - INFO - chart_engine.core.ibkr_data_fetcher - Requesting IBKR historical data: BAX conId=8111188 bar=1 day duration=200 D end=latest
2026-06-10 22:17:01,875 - INFO - chart_engine.core.ibkr_data_fetcher - Chart data fetch complete source=IBKR symbol=BAX bars=136
2026-06-10 22:17:01,985 - INFO - chart_engine.core.chart_widget - Chart seamlessly updated: BAX (136 candles)
2026-06-10 22:17:05,104 - INFO - chart_engine.core.ibkr_data_fetcher - Chart data source=IBKR symbol=BAX interval=60minute from=2026-04-21T12:47:05.104006-04:00 to=2026-06-10T12:47:05.104006-04:00 dedicated_history=True
2026-06-10 22:17:05,105 - INFO - chart_engine.core.ibkr_data_fetcher - Requesting IBKR historical data: BAX conId=8111188 bar=30 mins duration=50 D end=latest
2026-06-10 22:17:06,362 - INFO - chart_engine.core.ibkr_data_fetcher - Chart data fetch complete source=IBKR symbol=BAX bars=347
2026-06-10 22:17:06,393 - INFO - chart_engine.core.chart_widget - Chart seamlessly updated: BAX (347 candles)
2026-06-10 22:17:21,941 - INFO - ibkr.core.shutdown_manager - closeEvent received — beginning fast IBKR shutdown
2026-06-10 22:17:21,943 - INFO - ibkr.core.shutdown_manager - === Fast IBKR window-close shutdown starting ===
2026-06-10 22:17:21,943 - INFO - ibkr.core.shutdown_manager - Shutdown: [quiesce_background_activity]…
2026-06-10 22:17:21,945 - INFO - ibkr.core.shutdown_manager - Shutdown: [quiesce_background_activity] ✓
2026-06-10 22:17:21,946 - INFO - ibkr.core.shutdown_manager - Shutdown: [save_window_state]…
2026-06-10 22:17:21,947 - INFO - ibkr.core.main_window - Window state saved
2026-06-10 22:17:21,947 - INFO - ibkr.core.shutdown_manager - Shutdown: [save_window_state] ✓
2026-06-10 22:17:21,948 - INFO - ibkr.core.shutdown_manager - Shutdown: [save_chart_state]…
2026-06-10 22:17:21,963 - INFO - ibkr.core.shutdown_manager - Shutdown: [save_chart_state] ✓
2026-06-10 22:17:21,964 - INFO - ibkr.core.shutdown_manager - Shutdown: [stop_remaining_timers]…
2026-06-10 22:17:21,981 - INFO - ibkr.core.shutdown_manager - Shutdown: [stop_remaining_timers] ✓
2026-06-10 22:17:21,981 - INFO - ibkr.core.shutdown_manager - === Fast IBKR window-close shutdown complete ===
2026-06-10 22:17:21,991 - INFO - ib_insync.client - Disconnecting
2026-06-10 22:17:21,994 - INFO - ibkr.core.market_data_worker - IBKR MarketDataWorker stopped
2026-06-10 22:17:21,995 - INFO - __main__ - Shutting down and cleaning up resources...
2026-06-10 22:17:21,996 - INFO - __main__ - Skipping broker disconnect during fast window-close shutdown.
2026-06-10 22:17:21,996 - INFO - __main__ - Cleanup complete.
