2026-06-10 21:56:08,192 - INFO - login_setup.login_setup_config - qullamaggie v1.0.0 starting...
2026-06-10 21:56:08,193 - INFO - login_setup.login_setup_config - Logging to file: /home/kavi/Desktop/Python_Projects/swing_trader/logs/qullamaggie_20260610_215608.log
2026-06-10 21:56:08,193 - INFO - login_setup.login_setup_config - Fatal crash diagnostics enabled for all threads.
2026-06-10 21:56:08,193 - INFO - __main__ - 🚀 Starting qullamaggie Application...
2026-06-10 21:56:08,360 - INFO - __main__ - Application icon loaded from: /home/kavi/Desktop/Python_Projects/swing_trader/assets/qullamaggie_swing_trader_icon.svg
2026-06-10 21:56:08,361 - INFO - login_setup.token_manager - Generating new encryption key for multi-broker setup
2026-06-10 21:56:19,802 - INFO - ib_insync.client - Connecting to 127.0.0.1:4002 with clientId 1...
2026-06-10 21:56:19,816 - INFO - ib_insync.client - Connected
2026-06-10 21:56:19,824 - INFO - ib_insync.client - Logged on to server version 176
2026-06-10 21:56:19,872 - INFO - ib_insync.client - API connection ready
2026-06-10 21:56:20,361 - INFO - __main__ - Authenticated for broker: america
2026-06-10 21:56:20,361 - INFO - __main__ - Initializing trading and data clients...
2026-06-10 21:56:20,362 - INFO - login_setup.broker_factory - Creating america client for live trading
2026-06-10 21:56:20,362 - INFO - login_setup.broker_factory - IBKR client created with accounts: ['DUQ624205']
2026-06-10 21:56:20,371 - INFO - ibkr.core.trading_client - Subscribed to IBKR real-time order events
2026-06-10 21:56:20,372 - INFO - ibkr.core.trading_client - IBKR trading client startup snapshots deferred; using local cache/event sync
2026-06-10 21:56:20,373 - INFO - __main__ - Trading client created; creating data client...
2026-06-10 21:56:20,374 - INFO - login_setup.broker_factory - Creating data client for america
2026-06-10 21:56:20,374 - INFO - __main__ - Data client created; validating connection state...
2026-06-10 21:56:20,374 - INFO - __main__ - Trading client connected: True
2026-06-10 21:56:20,375 - INFO - __main__ - Data client connected: True
2026-06-10 21:56:20,375 - INFO - __main__ - Clients initialized successfully.
2026-06-10 21:56:20,376 - INFO - login_setup.broker_factory - Added america client to manager
2026-06-10 21:56:20,377 - INFO - login_setup.broker_factory - Started connection monitoring for america
2026-06-10 21:56:20,377 - INFO - __main__ - Creating main window for america...
2026-06-10 21:56:20,378 - INFO - login_setup.broker_factory - Dynamically loading main window from: ibkr.core.main_window
2026-06-10 21:56:21,835 - INFO - ibkr.core.trade_logger - Trade history database for 'live' mode at: /home/kavi/.qullamaggie/trade_history_live.db
2026-06-10 21:56:21,838 - INFO - ibkr.core.trade_logger - TradeLogger initialized with background processing
2026-06-10 21:56:21,842 - INFO - ibkr.core.position_manager - ✅ Connected to trader.order_status_updated signal - orders will sync immediately
2026-06-10 21:56:21,842 - INFO - ibkr.core.position_manager - ✅ Connected to trader.position_updated signal - positions will sync immediately
2026-06-10 21:56:21,842 - INFO - ibkr.core.trade_logger - DatabaseWorker processing started
2026-06-10 21:56:21,843 - INFO - ibkr.core.position_manager - ✅ Connected to trader.connection_status_changed signal
2026-06-10 21:56:21,865 - INFO - ibkr.core.trade_logger - Database initialization completed
2026-06-10 21:56:21,945 - INFO - ibkr.widgets.scanner_table - Creating default scan configuration at: /home/kavi/.qullamaggie/storage/user_data/ibkr/live/finviz_scans.json
2026-06-10 21:56:21,946 - INFO - ibkr.widgets.scanner_table - Saved 1 scans to /home/kavi/.qullamaggie/storage/user_data/ibkr/live/finviz_scans.json
2026-06-10 21:56:21,965 - INFO - ibkr.widgets.scanner_table - Scanner table ready for context-aware navigation
2026-06-10 21:56:21,975 - INFO - ibkr.widgets.scanner_table - Running EOD Finviz scan: Example: Above 20 SMA
2026-06-10 21:56:21,988 - INFO - chart_engine.core.ibkr_data_fetcher - Pre-warming dedicated IBKR history connection...
2026-06-10 21:56:21,994 - INFO - ib_insync.client - Connecting to 127.0.0.1:4002 with clientId 102...
2026-06-10 21:56:21,997 - INFO - ibkr.widgets.scanner_table - EOD Scan completed: 0 symbols with complete data
2026-06-10 21:56:22,555 - INFO - chart_engine.core.ibkr_data_fetcher - IBKR chart history connected on 127.0.0.1:4002 clientId=102
2026-06-10 21:56:22,711 - INFO - ibkr.core.data_cache - MarketAwareDataCache initialised for IBKR/US market time
2026-06-10 21:56:22,920 - INFO - chart_engine.drawings - Saved global chart settings.
2026-06-10 21:56:22,921 - INFO - chart_engine.drawings - Loaded global chart settings.
2026-06-10 21:56:23,266 - INFO - ibkr.core.alert_management_system - Loaded 0 alerts from disk
2026-06-10 21:56:23,267 - INFO - ibkr.core.alert_management_system - AlertSystemManager ready
2026-06-10 21:56:23,267 - INFO - ibkr.core.alert_management_system - AlertEngine started
2026-06-10 21:56:23,267 - INFO - ibkr.core.main_window - Alert system initialized successfully.
2026-06-10 21:56:23,271 - INFO - ibkr.core.main_window - Connecting component signals...
2026-06-10 21:56:23,273 - INFO - ib_insync.client - Connecting to 127.0.0.1:4002 with clientId 101...
2026-06-10 21:56:23,274 - INFO - ibkr.core.main_window - IBKR order lifecycle UI signals connected
2026-06-10 21:56:23,312 - INFO - ibkr.core.main_window - Keyboard shortcuts initialized
2026-06-10 21:56:23,610 - INFO - ibkr.core.main_window - Applied startup chart timeframes: left=day, right=60minute
2026-06-10 21:56:23,611 - INFO - ibkr.core.main_window - Simplified qullamaggie Window with Status Bar Initialized Successfully.
2026-06-10 21:56:23,612 - INFO - __main__ - Main window created successfully.
2026-06-10 21:56:23,715 - INFO - __main__ - Starting application event loop.
2026-06-10 21:56:23,722 - INFO - ibkr.widgets.scanner_table - EOD Scanner table updated with 0 symbols.
2026-06-10 21:56:24,920 - INFO - ibkr.core.main_window - IBKR loader: Building initial instrument list...
2026-06-10 21:56:24,923 - INFO - ibkr.core.market_data_worker - Dedicated IBKR market-data connection established on 127.0.0.1:4002 clientId=101
2026-06-10 21:56:24,924 - INFO - ibkr.core.market_data_worker - IBKR MarketDataWorker started
2026-06-10 21:56:24,932 - INFO - ibkr.core.market_data_worker - Requested IBKR delayed market data type (3); delayed fallback=False; generic ticks=''
2026-06-10 21:56:24,933 - INFO - ibkr.core.main_window - Successfully loaded 181 instruments.
2026-06-10 21:56:24,935 - INFO - ibkr.widgets.header_toolbar - Search index ready: 181 instruments
2026-06-10 21:56:24,938 - INFO - ibkr.core.main_window - Instruments loaded successfully.
2026-06-10 21:56:24,940 - INFO - ibkr.core.main_window - IBKR loader: Loaded 181 symbols (qualifying in background...)
2026-06-10 21:56:24,951 - WARNING - ibkr.core.main_window - IBKR market data is delayed (delayed); live subscription is unavailable.
2026-06-10 21:56:24,952 - INFO - ibkr.core.main_window - WebSocket connected. Setting up subscriptions.
2026-06-10 21:56:24,953 - INFO - ibkr.core.position_manager - Fetching positions from broker - Reason: ibkr_connected
2026-06-10 21:56:25,077 - INFO - ibkr.core.main_window - Added 20 widget market-data subscriptions (20 token-backed)
2026-06-10 21:56:25,102 - INFO - ibkr.core.chart_lines_manager - Set position line for BAX: BUY 10 @ 19.45
2026-06-10 21:56:25,108 - INFO - ibkr.core.chart_lines_manager - Set position line for DELL: BUY 1000 @ 398.77
2026-06-10 21:56:25,109 - INFO - ibkr.core.chart_lines_manager - Set position line for DPRO: BUY 1 @ 6.35
2026-06-10 21:56:25,110 - INFO - ibkr.core.chart_lines_manager - Set position line for DRS: BUY 1000 @ 48.47
2026-06-10 21:56:25,115 - INFO - ibkr.core.chart_lines_manager - Set position line for GFS: BUY 10 @ 79.08
2026-06-10 21:56:25,116 - INFO - ibkr.core.chart_lines_manager - Set position line for HPQ: BUY 200 @ 25.31
2026-06-10 21:56:25,117 - INFO - ibkr.core.chart_lines_manager - Set position line for IONQ: BUY 2 @ 63.37
2026-06-10 21:56:25,144 - INFO - ibkr.core.chart_lines_manager - Set position line for LUNR: BUY 1000 @ 34.57
2026-06-10 21:56:25,148 - INFO - ibkr.core.chart_lines_manager - Set position line for MTA: BUY 1 @ 7.18
2026-06-10 21:56:25,154 - INFO - ibkr.core.chart_lines_manager - Set position line for NVDA: BUY 100 @ 210.52
2026-06-10 21:56:25,154 - INFO - ibkr.core.chart_lines_manager - Set position line for PTCT: BUY 100 @ 72.19
2026-06-10 21:56:25,155 - INFO - ibkr.core.chart_lines_manager - Set position line for QBTS: BUY 2 @ 26.23
2026-06-10 21:56:25,156 - INFO - ibkr.core.chart_lines_manager - Set position line for RDW: BUY 900 @ 22.36
2026-06-10 21:56:25,165 - INFO - ibkr.core.chart_lines_manager - Set position line for RKLB: BUY 150 @ 118.70
2026-06-10 21:56:25,166 - INFO - ibkr.core.chart_lines_manager - Set position line for SIDU: BUY 1000 @ 5.02
2026-06-10 21:56:25,167 - INFO - ibkr.core.chart_lines_manager - Set position line for SNDK: BUY 10 @ 1579.30
2026-06-10 21:56:25,178 - INFO - ibkr.core.chart_lines_manager - Set position line for SPRC: BUY 1000 @ 11.96
2026-06-10 21:56:25,179 - INFO - ibkr.core.chart_lines_manager - Set position line for TACT: BUY 1 @ 4.75
2026-06-10 21:56:25,180 - INFO - ibkr.core.chart_lines_manager - Set position line for TSLA: BUY 20 @ 412.48
2026-06-10 21:56:25,180 - INFO - ibkr.core.chart_lines_manager - Set position line for UMC: BUY 1000 @ 20.72
2026-06-10 21:56:25,191 - INFO - ibkr.core.position_manager - Position table changed: 20 open positions | open MTM -36258.76 | realized 0.00
2026-06-10 21:56:25,593 - INFO - ibkr.core.market_data_worker - Subscribed IBKR market data: SPY key=756733 type=delayed
2026-06-10 21:56:25,596 - INFO - ibkr.core.market_data_worker - Subscribed IBKR market data: QQQ key=320227571 type=delayed
2026-06-10 21:56:26,077 - WARNING - ibkr.core.market_data_worker - IBKR market data notice for SPY: Requested market data is not subscribed. Displaying delayed market data. (10167)
2026-06-10 21:56:26,368 - WARNING - ibkr.core.market_data_worker - IBKR market data notice for QQQ: Requested market data is not subscribed. Displaying delayed market data. (10167)
2026-06-10 21:56:26,502 - INFO - ibkr.core.main_window - Subscription universe changed: 22 instruments (20 token-backed, +22/-0) sources={'positions': 20, 'header': 2}
2026-06-10 21:56:26,505 - INFO - ibkr.core.position_manager - Fetching positions from broker - Reason: app_startup
2026-06-10 21:56:26,538 - INFO - ibkr.core.main_window - Position system initialized successfully
2026-06-10 21:56:26,538 - INFO - ibkr.core.position_manager - Fetching positions from broker - Reason: instruments_loaded
2026-06-10 21:56:26,566 - INFO - ibkr.core.main_window - Chart auto-loading initiated
2026-06-10 21:56:26,566 - INFO - ibkr.core.main_window - Auto-loading startup chart symbol: NO SYMBOLS FOUND
2026-06-10 21:56:26,582 - INFO - chart_engine.core.ibkr_data_fetcher - Chart data source=IBKR symbol=NO SYMBOLS FOUND interval=day from=2026-03-02T12:26:26.582603-05:00 to=2026-06-10T12:26:26.582603-04:00 dedicated_history=True
2026-06-10 21:56:26,652 - INFO - chart_engine.core.ibkr_data_fetcher - Chart data source=IBKR symbol=NO SYMBOLS FOUND interval=60minute from=2026-04-21T12:26:26.651989-04:00 to=2026-06-10T12:26:26.651989-04:00 dedicated_history=True
2026-06-10 21:56:26,798 - INFO - ibkr.core.network_monitor - NetworkMonitor started
2026-06-10 21:56:26,799 - INFO - ibkr.core.main_window - Network resilience layer initialized
2026-06-10 21:56:26,862 - ERROR - ib_insync.wrapper - Error 200, reqId 3: No security definition has been found for the request, contract: Stock(symbol='NO SYMBOLS FOUND', exchange='SMART', currency='USD')
2026-06-10 21:56:26,862 - WARNING - ib_insync.ib - Unknown contract: Stock(symbol='NO SYMBOLS FOUND', exchange='SMART', currency='USD')
2026-06-10 21:56:27,137 - ERROR - ib_insync.wrapper - Error 200, reqId 4: No security definition has been found for the request, contract: Stock(symbol='NO SYMBOLS FOUND', exchange='SMART', currency='USD')
2026-06-10 21:56:27,139 - WARNING - chart_engine.core.data_loader - Fetch failed for NO SYMBOLS FOUND: Could not qualify contract for NO SYMBOLS FOUND: Could not qualify contract for NO SYMBOLS FOUND
2026-06-10 21:56:27,415 - ERROR - ib_insync.wrapper - Error 200, reqId 5: No security definition has been found for the request, contract: Stock(symbol='NO SYMBOLS FOUND', exchange='SMART', currency='USD')
2026-06-10 21:56:27,628 - INFO - ibkr.core.network_monitor - Network confirmed online at startup
2026-06-10 21:56:27,953 - INFO - ibkr.core.market_data_worker - Subscribed IBKR market data: NVDA key=4815747 type=delayed
2026-06-10 21:56:27,958 - INFO - ibkr.core.market_data_worker - Subscribed IBKR market data: TACT key=6858145 type=delayed
2026-06-10 21:56:27,959 - INFO - ibkr.core.market_data_worker - Subscribed IBKR market data: BAX key=8111188 type=delayed
2026-06-10 21:56:27,959 - INFO - ibkr.core.market_data_worker - Subscribed IBKR market data: UMC key=46613372 type=delayed
2026-06-10 21:56:27,961 - INFO - ibkr.core.market_data_worker - Subscribed IBKR market data: TSLA key=76792991 type=delayed
2026-06-10 21:56:27,962 - INFO - ibkr.core.market_data_worker - Subscribed IBKR market data: PTCT key=129374415 type=delayed
2026-06-10 21:56:27,962 - INFO - ibkr.core.market_data_worker - Subscribed IBKR market data: HPQ key=209411801 type=delayed
2026-06-10 21:56:27,963 - INFO - ibkr.core.market_data_worker - Subscribed IBKR market data: DELL key=346218218 type=delayed
2026-06-10 21:56:27,963 - INFO - ibkr.core.market_data_worker - Subscribed IBKR market data: MTA key=395717235 type=delayed
2026-06-10 21:56:27,964 - INFO - ibkr.core.market_data_worker - Subscribed IBKR market data: DRS key=478483396 type=delayed
2026-06-10 21:56:27,964 - INFO - ibkr.core.market_data_worker - Subscribed IBKR market data: RDW key=512000171 type=delayed
2026-06-10 21:56:27,965 - INFO - ibkr.core.market_data_worker - Subscribed IBKR market data: IONQ key=517593749 type=delayed
2026-06-10 21:56:27,965 - INFO - ibkr.core.market_data_worker - Subscribed IBKR market data: GFS key=523222624 type=delayed
2026-06-10 21:56:27,966 - INFO - ibkr.core.market_data_worker - Subscribed IBKR market data: QBTS key=578031277 type=delayed
2026-06-10 21:56:27,966 - INFO - ibkr.core.market_data_worker - Subscribed IBKR market data: LUNR key=613910262 type=delayed
2026-06-10 21:56:27,967 - INFO - ibkr.core.market_data_worker - Subscribed IBKR market data: SIDU key=673368857 type=delayed
2026-06-10 21:56:27,967 - INFO - ibkr.core.market_data_worker - Subscribed IBKR market data: DPRO key=725468685 type=delayed
2026-06-10 21:56:27,967 - INFO - ibkr.core.market_data_worker - Subscribed IBKR market data: SNDK key=760250490 type=delayed
2026-06-10 21:56:27,968 - INFO - ibkr.core.market_data_worker - Subscribed IBKR market data: RKLB key=787273575 type=delayed
2026-06-10 21:56:27,968 - INFO - ibkr.core.market_data_worker - Subscribed IBKR market data: SPRC key=860471331 type=delayed
2026-06-10 21:56:28,230 - ERROR - ib_insync.wrapper - Error 200, reqId 6: No security definition has been found for the request, contract: Stock(symbol='NO SYMBOLS FOUND', exchange='SMART', currency='USD')
2026-06-10 21:56:28,231 - ERROR - ib_insync.wrapper - Error 200, reqId 7: No security definition has been found for the request, contract: Stock(symbol='NO SYMBOLS FOUND', exchange='SMART', currency='USD')
2026-06-10 21:56:28,528 - WARNING - ibkr.core.market_data_worker - IBKR market data notice for NVDA: Requested market data is not subscribed. Displaying delayed market data. (10167)
2026-06-10 21:56:28,799 - WARNING - ibkr.core.market_data_worker - IBKR market data notice for BAX: Requested market data is not subscribed. Displaying delayed market data. (10167)
2026-06-10 21:56:28,800 - WARNING - ibkr.core.market_data_worker - IBKR market data notice for TACT: Requested market data is not subscribed. Displaying delayed market data. (10167)
2026-06-10 21:56:29,041 - WARNING - ibkr.core.market_data_worker - IBKR market data notice for UMC: Requested market data is not subscribed. Displaying delayed market data. (10167)
2026-06-10 21:56:29,083 - WARNING - ibkr.core.market_data_worker - IBKR market data notice for TSLA: Requested market data is not subscribed. Displaying delayed market data. (10167)
2026-06-10 21:56:29,083 - WARNING - ibkr.core.market_data_worker - IBKR market data notice for PTCT: Requested market data is not subscribed. Displaying delayed market data. (10167)
2026-06-10 21:56:29,153 - INFO - chart_engine.core.ibkr_data_fetcher - Chart data source=IBKR symbol=BAX interval=day from=2026-03-02T12:26:29.153620-05:00 to=2026-06-10T12:26:29.153620-04:00 dedicated_history=True
2026-06-10 21:56:29,169 - INFO - chart_engine.core.ibkr_data_fetcher - Chart data source=IBKR symbol=BAX interval=60minute from=2026-04-21T12:26:29.169630-04:00 to=2026-06-10T12:26:29.169630-04:00 dedicated_history=True
2026-06-10 21:56:29,240 - WARNING - ibkr.core.market_data_worker - IBKR market data notice for HPQ: Requested market data is not subscribed. Displaying delayed market data. (10167)
2026-06-10 21:56:29,246 - WARNING - ibkr.core.market_data_worker - IBKR market data notice for DELL: Requested market data is not subscribed. Displaying delayed market data. (10167)
2026-06-10 21:56:29,311 - WARNING - ibkr.core.market_data_worker - IBKR market data notice for MTA: Requested market data is not subscribed. Displaying delayed market data. (10167)
2026-06-10 21:56:29,327 - INFO - chart_engine.core.ibkr_data_fetcher - Chart data source=IBKR symbol=BAX interval=day from=2026-03-02T12:26:29.326784-05:00 to=2026-06-10T12:26:29.326784-04:00 dedicated_history=True
2026-06-10 21:56:29,366 - INFO - chart_engine.core.ibkr_data_fetcher - Chart data source=IBKR symbol=BAX interval=60minute from=2026-04-21T12:26:29.366798-04:00 to=2026-06-10T12:26:29.366798-04:00 dedicated_history=True
2026-06-10 21:56:29,439 - ERROR - ib_insync.wrapper - Error 200, reqId 8: No security definition has been found for the request, contract: Stock(symbol='NO SYMBOLS FOUND', exchange='SMART', currency='USD')
2026-06-10 21:56:29,494 - WARNING - ibkr.core.market_data_worker - IBKR market data notice for DRS: Requested market data is not subscribed. Displaying delayed market data. (10167)
2026-06-10 21:56:29,512 - WARNING - ibkr.core.market_data_worker - IBKR market data notice for RDW: Requested market data is not subscribed. Displaying delayed market data. (10167)
2026-06-10 21:56:29,564 - WARNING - ibkr.core.market_data_worker - IBKR market data notice for IONQ: Requested market data is not subscribed. Displaying delayed market data. (10167)
2026-06-10 21:56:29,566 - WARNING - ibkr.core.market_data_worker - IBKR market data notice for GFS: Requested market data is not subscribed. Displaying delayed market data. (10167)
2026-06-10 21:56:29,570 - WARNING - ibkr.core.market_data_worker - IBKR market data notice for QBTS: Requested market data is not subscribed. Displaying delayed market data. (10167)
2026-06-10 21:56:29,571 - WARNING - ibkr.core.market_data_worker - IBKR market data notice for LUNR: Requested market data is not subscribed. Displaying delayed market data. (10167)
2026-06-10 21:56:29,573 - WARNING - ibkr.core.market_data_worker - IBKR market data notice for SIDU: Requested market data is not subscribed. Displaying delayed market data. (10167)
2026-06-10 21:56:29,587 - WARNING - ibkr.core.market_data_worker - IBKR market data notice for DPRO: Requested market data is not subscribed. Displaying delayed market data. (10167)
2026-06-10 21:56:29,588 - WARNING - ibkr.core.market_data_worker - IBKR market data notice for SNDK: Requested market data is not subscribed. Displaying delayed market data. (10167)
2026-06-10 21:56:29,663 - WARNING - ibkr.core.market_data_worker - IBKR market data notice for RKLB: Requested market data is not subscribed. Displaying delayed market data. (10167)
2026-06-10 21:56:29,753 - WARNING - ibkr.core.market_data_worker - IBKR market data notice for SPRC: Requested market data is not subscribed. Displaying delayed market data. (10167)
2026-06-10 21:56:30,252 - INFO - chart_engine.core.ibkr_data_fetcher - Requesting IBKR historical data: BAX conId=8111188 bar=1 day duration=100 D end=latest
2026-06-10 21:56:30,574 - INFO - chart_engine.core.ibkr_data_fetcher - Requesting IBKR historical data: BAX conId=8111188 bar=30 mins duration=50 D end=latest
2026-06-10 21:56:31,834 - INFO - chart_engine.core.ibkr_data_fetcher - Chart data fetch complete source=IBKR symbol=BAX bars=71
2026-06-10 21:56:32,073 - INFO - chart_engine.drawings - Loaded state for BAX (day) — 1 drawings
2026-06-10 21:56:32,160 - INFO - chart_engine.core.chart_widget - Pinned price scale currency to USD
2026-06-10 21:56:32,323 - INFO - ibkr.core.main_window - Chart panes revealed after initial symbol render: BAX
2026-06-10 21:56:32,324 - INFO - ibkr.core.main_window - Chart symbol changed to: BAX
2026-06-10 21:56:32,325 - INFO - ibkr.core.main_window - Added chart symbol BAX to subscription
2026-06-10 21:56:32,331 - INFO - ibkr.core.main_window - Ensured subscription for chart symbol BAX
2026-06-10 21:56:32,331 - INFO - chart_engine.core.chart_widget - Chart HTML loaded: BAX (71 candles)
2026-06-10 21:56:32,674 - INFO - ibkr.core.main_window - Subscription universe changed: 23 instruments (20 token-backed, +1/-0) sources={'positions': 20, 'charts': 2, 'header': 2}
2026-06-10 21:56:33,689 - INFO - chart_engine.core.ibkr_data_fetcher - Chart data fetch complete source=IBKR symbol=BAX bars=346
2026-06-10 21:56:33,787 - INFO - chart_engine.drawings - Loaded state for BAX (60minute) — 1 drawings
2026-06-10 21:56:33,967 - INFO - chart_engine.core.chart_widget - Chart HTML loaded: BAX (346 candles)
2026-06-10 21:56:42,079 - INFO - ibkr.core.main_window - Window state saved
2026-06-10 21:56:59,085 - INFO - chart_engine.drawings - Loaded global chart settings.
2026-06-10 21:56:59,087 - INFO - chart_engine.drawings - Saved global chart settings.
2026-06-10 21:56:59,161 - INFO - chart_engine.drawings - Loaded state for BAX (day) — 1 drawings
2026-06-10 21:56:59,164 - INFO - ibkr.core.main_window - Chart symbol changed to: BAX
2026-06-10 21:56:59,165 - INFO - ibkr.core.main_window - Added chart symbol BAX to subscription
2026-06-10 21:56:59,165 - INFO - ibkr.core.main_window - Ensured subscription for chart symbol BAX
2026-06-10 21:56:59,166 - INFO - chart_engine.core.chart_widget - Chart seamlessly updated: BAX (71 candles)
2026-06-10 21:57:05,105 - INFO - chart_engine.core.ibkr_data_fetcher - Chart data source=IBKR symbol=BAX interval=60minute from=2026-04-21T12:27:05.104946-04:00 to=2026-06-10T12:27:05.104946-04:00 dedicated_history=True
2026-06-10 21:57:05,106 - INFO - chart_engine.core.ibkr_data_fetcher - Requesting IBKR historical data: BAX conId=8111188 bar=30 mins duration=50 D end=latest
2026-06-10 21:57:06,578 - INFO - chart_engine.core.ibkr_data_fetcher - Chart data fetch complete source=IBKR symbol=BAX bars=346
2026-06-10 21:57:06,615 - INFO - chart_engine.drawings - Loaded state for BAX (60minute) — 1 drawings
2026-06-10 21:57:06,619 - INFO - chart_engine.core.chart_widget - Chart seamlessly updated: BAX (346 candles)
2026-06-10 21:57:07,484 - INFO - ibkr.widgets.scanner_table - Running EOD Finviz scan: Example: Above 20 SMA
2026-06-10 21:57:07,494 - INFO - ibkr.widgets.scanner_table - EOD Scan completed: 0 symbols with complete data
2026-06-10 21:57:07,504 - INFO - ibkr.widgets.scanner_table - EOD Scanner table updated with 0 symbols.
2026-06-10 21:57:15,475 - INFO - chart_engine.core.ibkr_data_fetcher - Chart data source=IBKR symbol=HPQ interval=day from=2026-03-02T12:27:15.475613-05:00 to=2026-06-10T12:27:15.475613-04:00 dedicated_history=True
2026-06-10 21:57:15,494 - INFO - chart_engine.core.ibkr_data_fetcher - Chart data source=IBKR symbol=HPQ interval=60minute from=2026-04-21T12:27:15.494801-04:00 to=2026-06-10T12:27:15.494801-04:00 dedicated_history=True
2026-06-10 21:57:15,607 - INFO - chart_engine.core.ibkr_data_fetcher - Chart data source=IBKR symbol=HPQ interval=day from=2026-03-02T12:27:15.606794-05:00 to=2026-06-10T12:27:15.606794-04:00 dedicated_history=True
2026-06-10 21:57:15,619 - INFO - chart_engine.core.ibkr_data_fetcher - Chart data source=IBKR symbol=HPQ interval=60minute from=2026-04-21T12:27:15.618892-04:00 to=2026-06-10T12:27:15.618892-04:00 dedicated_history=True
2026-06-10 21:57:15,791 - INFO - chart_engine.core.ibkr_data_fetcher - Requesting IBKR historical data: HPQ conId=209411801 bar=1 day duration=100 D end=latest
2026-06-10 21:57:16,083 - INFO - chart_engine.core.ibkr_data_fetcher - Requesting IBKR historical data: HPQ conId=209411801 bar=30 mins duration=50 D end=latest
2026-06-10 21:57:17,490 - INFO - chart_engine.core.ibkr_data_fetcher - Chart data fetch complete source=IBKR symbol=HPQ bars=71
2026-06-10 21:57:17,532 - INFO - chart_engine.drawings - Loaded state for HPQ (day) — 1 drawings
2026-06-10 21:57:17,533 - INFO - chart_engine.drawings - Loaded global chart settings.
2026-06-10 21:57:17,535 - INFO - chart_engine.drawings - Saved global chart settings.
2026-06-10 21:57:17,538 - INFO - ibkr.core.main_window - Chart symbol changed to: HPQ
2026-06-10 21:57:17,539 - INFO - ibkr.core.main_window - Added chart symbol HPQ to subscription
2026-06-10 21:57:17,539 - INFO - ibkr.core.main_window - Ensured subscription for chart symbol HPQ
2026-06-10 21:57:17,540 - INFO - chart_engine.core.chart_widget - Chart seamlessly updated: HPQ (71 candles)
2026-06-10 21:57:17,827 - INFO - ibkr.core.main_window - Subscription universe changed: 23 instruments (20 token-backed, +1/-1) sources={'positions': 20, 'charts': 2, 'header': 2}
2026-06-10 21:57:18,839 - INFO - chart_engine.core.ibkr_data_fetcher - Chart data fetch complete source=IBKR symbol=HPQ bars=346
2026-06-10 21:57:18,922 - INFO - chart_engine.drawings - Loaded state for HPQ (60minute) — 1 drawings
2026-06-10 21:57:18,926 - INFO - chart_engine.core.chart_widget - Chart seamlessly updated: HPQ (346 candles)
2026-06-10 21:57:21,989 - INFO - chart_engine.drawings - Saved state for HPQ (60minute) — 1 drawings
2026-06-10 21:57:23,103 - INFO - ibkr.core.data_cache - US market-open cache flush complete; intraday entries cleared
2026-06-10 21:57:24,326 - INFO - chart_engine.drawings - Saved state for HPQ (day) — 1 drawings
2026-06-10 21:58:05,103 - INFO - chart_engine.core.ibkr_data_fetcher - Chart data source=IBKR symbol=HPQ interval=60minute from=2026-04-21T12:28:05.103602-04:00 to=2026-06-10T12:28:05.103602-04:00 dedicated_history=True
2026-06-10 21:58:05,104 - INFO - chart_engine.core.ibkr_data_fetcher - Requesting IBKR historical data: HPQ conId=209411801 bar=30 mins duration=50 D end=latest
2026-06-10 21:58:07,087 - INFO - chart_engine.core.ibkr_data_fetcher - Chart data fetch complete source=IBKR symbol=HPQ bars=346
2026-06-10 21:58:07,129 - INFO - chart_engine.drawings - Loaded state for HPQ (60minute) — 1 drawings
2026-06-10 21:58:07,130 - INFO - chart_engine.drawings - Loaded global chart settings.
2026-06-10 21:58:07,131 - INFO - chart_engine.drawings - Saved global chart settings.
2026-06-10 21:58:07,133 - INFO - ibkr.core.main_window - Ensured subscription for chart symbol HPQ
2026-06-10 21:58:07,133 - INFO - chart_engine.core.chart_widget - Chart seamlessly updated: HPQ (346 candles)
2026-06-10 21:58:32,213 - INFO - ibkr.widgets.scanner_table - Saved 1 scans to /home/kavi/.qullamaggie/storage/user_data/ibkr/live/finviz_scans.json
2026-06-10 21:58:32,219 - INFO - ibkr.widgets.scanner_table - Running EOD Finviz scan: Month Up - Any
2026-06-10 21:58:32,231 - INFO - ibkr.widgets.scanner_table - Scans saved successfully. 1 scans available.
2026-06-10 21:58:35,078 - ERROR - ib_insync.wrapper - Error 200, reqId 23: No security definition has been found for the request, contract: Stock(symbol='SCANS SAVED. SELECT A SCAN TO RUN.', exchange='SMART', currency='USD')
2026-06-10 21:58:35,078 - WARNING - ib_insync.ib - Unknown contract: Stock(symbol='SCANS SAVED. SELECT A SCAN TO RUN.', exchange='SMART', currency='USD')
2026-06-10 21:58:35,369 - ERROR - ib_insync.wrapper - Error 200, reqId 24: No security definition has been found for the request, contract: Stock(symbol='SCANS SAVED. SELECT A SCAN TO RUN.', exchange='SMART', currency='USD')
2026-06-10 21:58:42,642 - INFO - ibkr.core.main_window - Window state saved
2026-06-10 21:58:46,966 - INFO - ibkr.utils.config_manager - Settings saved successfully
2026-06-10 21:58:48,171 - INFO - chart_engine.core.chart_widget - Lazy-loading older candles for HPQ [day]: 100 -> 200 days
2026-06-10 21:58:48,174 - INFO - chart_engine.core.ibkr_data_fetcher - Chart data source=IBKR symbol=HPQ interval=day from=2025-11-22T12:28:48.174020-05:00 to=2026-06-10T12:28:48.174020-04:00 dedicated_history=True
2026-06-10 21:58:48,175 - INFO - chart_engine.core.ibkr_data_fetcher - Requesting IBKR historical data: HPQ conId=209411801 bar=1 day duration=200 D end=latest
2026-06-10 21:58:49,163 - INFO - chart_engine.core.ibkr_data_fetcher - Chart data fetch complete source=IBKR symbol=HPQ bars=136
2026-06-10 21:58:49,223 - INFO - chart_engine.drawings - Loaded state for HPQ (day) — 1 drawings
2026-06-10 21:58:49,223 - INFO - chart_engine.drawings - Loaded global chart settings.
2026-06-10 21:58:49,224 - INFO - chart_engine.drawings - Saved global chart settings.
2026-06-10 21:58:49,226 - INFO - ibkr.core.main_window - Chart symbol changed to: HPQ
2026-06-10 21:58:49,226 - INFO - ibkr.core.main_window - Added chart symbol HPQ to subscription
2026-06-10 21:58:49,229 - INFO - ibkr.core.main_window - Ensured subscription for chart symbol HPQ
2026-06-10 21:58:49,230 - INFO - chart_engine.core.chart_widget - Chart seamlessly updated: HPQ (136 candles)
2026-06-10 21:58:50,711 - INFO - chart_engine.drawings - Saved state for HPQ (day) — 1 drawings
2026-06-10 21:58:52,320 - INFO - chart_engine.core.chart_widget - Lazy-loading older candles for HPQ [day]: 200 -> 400 days
2026-06-10 21:58:52,326 - INFO - chart_engine.core.ibkr_data_fetcher - Chart data source=IBKR symbol=HPQ interval=day from=2025-05-06T12:28:52.325874-04:00 to=2026-06-10T12:28:52.325874-04:00 dedicated_history=True
2026-06-10 21:58:52,327 - INFO - chart_engine.core.ibkr_data_fetcher - Requesting IBKR historical data: HPQ conId=209411801 bar=1 day duration=2 Y end=latest
2026-06-10 21:58:53,377 - INFO - chart_engine.core.ibkr_data_fetcher - Chart data fetch complete source=IBKR symbol=HPQ bars=276
2026-06-10 21:58:53,519 - INFO - chart_engine.core.chart_widget - Chart seamlessly updated: HPQ (276 candles)
2026-06-10 21:59:05,104 - INFO - chart_engine.core.ibkr_data_fetcher - Chart data source=IBKR symbol=HPQ interval=60minute from=2026-04-21T12:29:05.104420-04:00 to=2026-06-10T12:29:05.104420-04:00 dedicated_history=True
2026-06-10 21:59:05,105 - INFO - chart_engine.core.ibkr_data_fetcher - Requesting IBKR historical data: HPQ conId=209411801 bar=30 mins duration=50 D end=latest
2026-06-10 21:59:06,729 - INFO - chart_engine.core.ibkr_data_fetcher - Chart data fetch complete source=IBKR symbol=HPQ bars=346
2026-06-10 21:59:06,761 - INFO - chart_engine.drawings - Loaded state for HPQ (60minute) — 1 drawings
2026-06-10 21:59:06,761 - INFO - chart_engine.drawings - Loaded global chart settings.
2026-06-10 21:59:06,763 - INFO - chart_engine.drawings - Saved global chart settings.
2026-06-10 21:59:06,766 - INFO - ibkr.core.main_window - Ensured subscription for chart symbol HPQ
2026-06-10 21:59:06,766 - INFO - chart_engine.core.chart_widget - Chart seamlessly updated: HPQ (346 candles)
2026-06-10 21:59:30,734 - INFO - ibkr.core.main_window - Window state saved
2026-06-10 22:00:05,104 - INFO - chart_engine.core.ibkr_data_fetcher - Chart data source=IBKR symbol=HPQ interval=60minute from=2026-04-21T12:30:05.104683-04:00 to=2026-06-10T12:30:05.104683-04:00 dedicated_history=True
2026-06-10 22:00:05,106 - INFO - chart_engine.core.ibkr_data_fetcher - Requesting IBKR historical data: HPQ conId=209411801 bar=30 mins duration=50 D end=latest
2026-06-10 22:00:07,069 - INFO - chart_engine.core.ibkr_data_fetcher - Chart data fetch complete source=IBKR symbol=HPQ bars=346
2026-06-10 22:00:07,115 - INFO - chart_engine.drawings - Loaded state for HPQ (60minute) — 1 drawings
2026-06-10 22:00:07,116 - INFO - chart_engine.drawings - Loaded global chart settings.
2026-06-10 22:00:07,117 - INFO - chart_engine.drawings - Saved global chart settings.
2026-06-10 22:00:07,119 - INFO - ibkr.core.main_window - Ensured subscription for chart symbol HPQ
2026-06-10 22:00:07,120 - INFO - chart_engine.core.chart_widget - Chart seamlessly updated: HPQ (346 candles)
2026-06-10 22:00:44,919 - INFO - ibkr.widgets.scanner_table - EOD Scan completed: 3148 symbols with complete data
2026-06-10 22:00:55,936 - INFO - ibkr.widgets.scanner_table - EOD Scanner table updated with 3148 symbols.
2026-06-10 22:01:02,252 - INFO - chart_engine.drawings - Saved global chart settings.
2026-06-10 22:01:02,532 - INFO - chart_engine.drawings - Loaded state for HPQ (day) — 1 drawings
2026-06-10 22:01:02,532 - INFO - chart_engine.drawings - Loaded global chart settings.
2026-06-10 22:01:02,539 - INFO - ibkr.core.main_window - Chart symbol changed to: HPQ
2026-06-10 22:01:02,539 - INFO - ibkr.core.main_window - Added chart symbol HPQ to subscription
2026-06-10 22:01:02,540 - INFO - ibkr.core.main_window - Ensured subscription for chart symbol HPQ
2026-06-10 22:01:02,540 - INFO - chart_engine.core.chart_widget - Chart seamlessly updated: HPQ (276 candles)
2026-06-10 22:01:02,646 - INFO - chart_engine.drawings - Loaded state for HPQ (60minute) — 1 drawings
2026-06-10 22:01:02,655 - INFO - chart_engine.core.chart_widget - Chart seamlessly updated: HPQ (346 candles)
2026-06-10 22:01:16,290 - INFO - chart_engine.drawings - Loaded global chart settings.
2026-06-10 22:01:16,293 - INFO - chart_engine.drawings - Saved global chart settings.
2026-06-10 22:01:16,381 - INFO - chart_engine.drawings - Loaded state for HPQ (day) — 1 drawings
2026-06-10 22:01:16,386 - INFO - ibkr.core.main_window - Chart symbol changed to: HPQ
2026-06-10 22:01:16,386 - INFO - ibkr.core.main_window - Added chart symbol HPQ to subscription
2026-06-10 22:01:16,387 - INFO - ibkr.core.main_window - Ensured subscription for chart symbol HPQ
2026-06-10 22:01:16,387 - INFO - chart_engine.core.chart_widget - Chart seamlessly updated: HPQ (276 candles)
2026-06-10 22:01:31,185 - INFO - chart_engine.drawings - Loaded global chart settings.
2026-06-10 22:01:31,189 - INFO - chart_engine.drawings - Saved global chart settings.
2026-06-10 22:01:31,320 - INFO - chart_engine.drawings - Loaded state for HPQ (day) — 1 drawings
2026-06-10 22:01:31,325 - INFO - ibkr.core.main_window - Chart symbol changed to: HPQ
2026-06-10 22:01:31,325 - INFO - ibkr.core.main_window - Added chart symbol HPQ to subscription
2026-06-10 22:01:31,326 - INFO - ibkr.core.main_window - Ensured subscription for chart symbol HPQ
2026-06-10 22:01:31,326 - INFO - chart_engine.core.chart_widget - Chart seamlessly updated: HPQ (276 candles)
2026-06-10 22:01:39,961 - INFO - chart_engine.core.ibkr_data_fetcher - Chart data source=IBKR symbol=DELL interval=day from=2025-05-06T12:31:39.961080-04:00 to=2026-06-10T12:31:39.961080-04:00 dedicated_history=True
2026-06-10 22:01:39,972 - INFO - chart_engine.core.ibkr_data_fetcher - Chart data source=IBKR symbol=DELL interval=60minute from=2026-04-21T12:31:39.972545-04:00 to=2026-06-10T12:31:39.972545-04:00 dedicated_history=True
2026-06-10 22:01:40,094 - INFO - chart_engine.core.ibkr_data_fetcher - Chart data source=IBKR symbol=DELL interval=day from=2025-05-06T12:31:40.094586-04:00 to=2026-06-10T12:31:40.094586-04:00 dedicated_history=True
2026-06-10 22:01:40,102 - INFO - chart_engine.core.ibkr_data_fetcher - Chart data source=IBKR symbol=DELL interval=60minute from=2026-04-21T12:31:40.102714-04:00 to=2026-06-10T12:31:40.102714-04:00 dedicated_history=True
2026-06-10 22:01:40,252 - INFO - chart_engine.core.ibkr_data_fetcher - Requesting IBKR historical data: DELL conId=346218218 bar=1 day duration=2 Y end=latest
2026-06-10 22:01:40,587 - INFO - chart_engine.core.ibkr_data_fetcher - Requesting IBKR historical data: DELL conId=346218218 bar=30 mins duration=50 D end=latest
2026-06-10 22:01:42,099 - INFO - chart_engine.core.ibkr_data_fetcher - Chart data fetch complete source=IBKR symbol=DELL bars=276
2026-06-10 22:01:42,160 - INFO - chart_engine.drawings - Loaded state for DELL (day) — 1 drawings
2026-06-10 22:01:42,160 - INFO - chart_engine.drawings - Loaded global chart settings.
2026-06-10 22:01:42,161 - INFO - chart_engine.drawings - Saved global chart settings.
2026-06-10 22:01:42,165 - INFO - ibkr.core.main_window - Chart symbol changed to: DELL
2026-06-10 22:01:42,166 - INFO - ibkr.core.main_window - Added chart symbol DELL to subscription
2026-06-10 22:01:42,166 - INFO - ibkr.core.main_window - Ensured subscription for chart symbol DELL
2026-06-10 22:01:42,167 - INFO - chart_engine.core.chart_widget - Chart seamlessly updated: DELL (276 candles)
2026-06-10 22:01:42,484 - INFO - ibkr.core.main_window - Subscription universe changed: 23 instruments (20 token-backed, +1/-1) sources={'positions': 20, 'charts': 2, 'header': 2}
2026-06-10 22:01:42,669 - INFO - chart_engine.core.ibkr_data_fetcher - Chart data fetch complete source=IBKR symbol=DELL bars=346
2026-06-10 22:01:42,724 - INFO - chart_engine.drawings - Loaded state for DELL (60minute) — 1 drawings
2026-06-10 22:01:42,733 - INFO - chart_engine.core.chart_widget - Chart seamlessly updated: DELL (346 candles)
2026-06-10 22:01:47,990 - INFO - ibkr.utils.config_manager - Settings saved successfully
2026-06-10 22:01:50,509 - INFO - ibkr.core.main_window - Window state saved
2026-06-10 22:01:55,980 - INFO - ibkr.core.shutdown_manager - closeEvent received — beginning fast IBKR shutdown
2026-06-10 22:01:55,981 - INFO - ibkr.core.shutdown_manager - === Fast IBKR window-close shutdown starting ===
2026-06-10 22:01:55,982 - INFO - ibkr.core.shutdown_manager - Shutdown: [quiesce_background_activity]…
2026-06-10 22:01:55,983 - INFO - ibkr.core.shutdown_manager - Shutdown: [quiesce_background_activity] ✓
2026-06-10 22:01:55,986 - INFO - ibkr.core.shutdown_manager - Shutdown: [save_window_state]…
2026-06-10 22:01:55,987 - INFO - ibkr.core.shutdown_manager - Shutdown: [save_window_state] ✓
2026-06-10 22:01:55,988 - INFO - ibkr.core.shutdown_manager - Shutdown: [save_chart_state]…
2026-06-10 22:01:56,003 - INFO - ibkr.core.shutdown_manager - Shutdown: [save_chart_state] ✓
2026-06-10 22:01:56,003 - INFO - ibkr.core.shutdown_manager - Shutdown: [stop_remaining_timers]…
2026-06-10 22:01:56,030 - INFO - ibkr.core.shutdown_manager - Shutdown: [stop_remaining_timers] ✓
2026-06-10 22:01:56,030 - INFO - ibkr.core.shutdown_manager - === Fast IBKR window-close shutdown complete ===
2026-06-10 22:01:56,033 - INFO - ib_insync.client - Disconnecting
2026-06-10 22:01:56,033 - INFO - ibkr.core.market_data_worker - IBKR MarketDataWorker stopped
2026-06-10 22:01:56,043 - INFO - __main__ - Shutting down and cleaning up resources...
2026-06-10 22:01:56,044 - INFO - __main__ - Skipping broker disconnect during fast window-close shutdown.
2026-06-10 22:01:56,044 - INFO - __main__ - Cleanup complete.
