2026-06-09 23:17:08,046 - INFO - login_setup.login_setup_config - qullamaggie v1.0.0 starting...
2026-06-09 23:17:08,047 - INFO - login_setup.login_setup_config - Logging to file: /home/kavi/Desktop/Python_Projects/swing_trader/logs/qullamaggie_20260609_231708.log
2026-06-09 23:17:08,047 - INFO - login_setup.login_setup_config - Fatal crash diagnostics enabled for all threads.
2026-06-09 23:17:08,047 - INFO - __main__ - 🚀 Starting qullamaggie Application...
2026-06-09 23:17:08,363 - INFO - __main__ - Application icon loaded from: /home/kavi/Desktop/Python_Projects/swing_trader/assets/qullamaggie_swing_trader_icon.svg
2026-06-09 23:17:11,401 - INFO - ib_insync.client - Connecting to 127.0.0.1:4002 with clientId 1...
2026-06-09 23:17:11,402 - INFO - ib_insync.client - Connected
2026-06-09 23:17:11,426 - INFO - ib_insync.client - Logged on to server version 176
2026-06-09 23:17:11,470 - INFO - ib_insync.client - API connection ready
2026-06-09 23:17:12,012 - INFO - __main__ - Authenticated for broker: america
2026-06-09 23:17:12,012 - INFO - __main__ - Initializing trading and data clients...
2026-06-09 23:17:12,013 - INFO - login_setup.broker_factory - Creating america client for live trading
2026-06-09 23:17:12,013 - INFO - login_setup.broker_factory - IBKR client created with accounts: ['DUQ624205']
2026-06-09 23:17:12,029 - INFO - ibkr.core.trading_client - Subscribed to IBKR real-time order events
2026-06-09 23:17:12,029 - INFO - ibkr.core.trading_client - IBKR trading client startup snapshots deferred; using local cache/event sync
2026-06-09 23:17:12,034 - INFO - __main__ - Trading client created; creating data client...
2026-06-09 23:17:12,035 - INFO - login_setup.broker_factory - Creating data client for america
2026-06-09 23:17:12,035 - INFO - __main__ - Data client created; validating connection state...
2026-06-09 23:17:12,035 - INFO - __main__ - Trading client connected: True
2026-06-09 23:17:12,041 - INFO - __main__ - Data client connected: True
2026-06-09 23:17:12,042 - INFO - __main__ - Clients initialized successfully.
2026-06-09 23:17:12,042 - INFO - login_setup.broker_factory - Added america client to manager
2026-06-09 23:17:12,043 - INFO - login_setup.broker_factory - Started connection monitoring for america
2026-06-09 23:17:12,046 - INFO - __main__ - Creating main window for america...
2026-06-09 23:17:12,046 - INFO - login_setup.broker_factory - Dynamically loading main window from: ibkr.core.main_window
2026-06-09 23:17:14,629 - INFO - ibkr.core.trade_logger - Trade history database for 'live' mode at: /home/kavi/.qullamaggie/trade_history_live.db
2026-06-09 23:17:14,630 - INFO - ibkr.core.trade_logger - TradeLogger initialized with background processing
2026-06-09 23:17:14,632 - INFO - ibkr.core.trade_logger - DatabaseWorker processing started
2026-06-09 23:17:14,636 - INFO - ibkr.core.trade_logger - Database initialization completed
2026-06-09 23:17:14,700 - INFO - ibkr.core.position_manager - ✅ Connected to trader.order_status_updated signal - orders will sync immediately
2026-06-09 23:17:14,700 - INFO - ibkr.core.position_manager - ✅ Connected to trader.position_updated signal - positions will sync immediately
2026-06-09 23:17:14,701 - INFO - ibkr.core.position_manager - ✅ Connected to trader.connection_status_changed signal
2026-06-09 23:17:14,836 - INFO - ibkr.widgets.scanner_table - Loaded 19 valid scan configurations
2026-06-09 23:17:14,862 - INFO - ibkr.widgets.scanner_table - Scanner table ready for context-aware navigation
2026-06-09 23:17:14,877 - INFO - ibkr.widgets.scanner_table - Running EOD Finviz scan: Computer Hardware
2026-06-09 23:17:14,957 - INFO - chart_engine.core.ibkr_data_fetcher - Pre-warming dedicated IBKR history connection...
2026-06-09 23:17:14,960 - INFO - ib_insync.client - Connecting to 127.0.0.1:4002 with clientId 102...
2026-06-09 23:17:14,962 - INFO - chart_engine.drawings - Loaded global chart settings.
2026-06-09 23:17:15,566 - INFO - chart_engine.core.ibkr_data_fetcher - IBKR chart history connected on 127.0.0.1:4002 clientId=102
2026-06-09 23:17:15,599 - INFO - chart_engine.core.ibkr_data_fetcher - Chart data source=IBKR symbol=SMCI interval=day from=2025-05-05T13:47:15.598878-04:00 to=2026-06-09T13:47:15.598878-04:00 dedicated_history=True
2026-06-09 23:17:15,929 - INFO - chart_engine.core.ibkr_data_fetcher - Requesting IBKR historical data: SMCI conId=731466419 bar=1 day duration=2 Y end=latest
2026-06-09 23:17:16,123 - INFO - ibkr.core.data_cache - MarketAwareDataCache initialised for IBKR/US market time
2026-06-09 23:17:16,124 - INFO - chart_engine.core.ibkr_data_fetcher - Chart data source=IBKR symbol=SMCI interval=60minute from=2026-04-20T13:47:16.124568-04:00 to=2026-06-09T13:47:16.124568-04:00 dedicated_history=True
2026-06-09 23:17:16,127 - INFO - chart_engine.core.ibkr_data_fetcher - Requesting IBKR historical data: SMCI conId=731466419 bar=30 mins duration=50 D end=latest
2026-06-09 23:17:16,487 - INFO - chart_engine.drawings - Saved global chart settings.
2026-06-09 23:17:17,170 - INFO - ibkr.core.alert_management_system - Loaded 0 alerts from disk
2026-06-09 23:17:17,176 - INFO - ibkr.core.alert_management_system - AlertSystemManager ready
2026-06-09 23:17:17,189 - INFO - ibkr.core.main_window - Alert system initialized successfully.
2026-06-09 23:17:17,190 - INFO - ibkr.core.alert_management_system - AlertEngine started
2026-06-09 23:17:17,215 - INFO - ibkr.core.main_window - Connecting component signals...
2026-06-09 23:17:17,235 - INFO - ibkr.core.main_window - IBKR order lifecycle UI signals connected
2026-06-09 23:17:17,237 - INFO - ib_insync.client - Connecting to 127.0.0.1:4002 with clientId 101...
2026-06-09 23:17:17,321 - INFO - ibkr.core.main_window - Keyboard shortcuts initialized
2026-06-09 23:17:17,907 - INFO - ibkr.core.main_window - Window state restored
2026-06-09 23:17:17,907 - INFO - ibkr.core.main_window - Applied startup chart timeframes: left=day, right=60minute
2026-06-09 23:17:17,908 - INFO - ibkr.core.main_window - Simplified qullamaggie Window with Status Bar Initialized Successfully.
2026-06-09 23:17:17,913 - INFO - ibkr.core.market_data_worker - Dedicated IBKR market-data connection established on 127.0.0.1:4002 clientId=101
2026-06-09 23:17:17,914 - INFO - __main__ - Main window created successfully.
2026-06-09 23:17:17,926 - INFO - ibkr.core.market_data_worker - IBKR MarketDataWorker started
2026-06-09 23:17:18,041 - INFO - __main__ - Starting application event loop.
2026-06-09 23:17:18,056 - INFO - ibkr.core.market_data_worker - Requested IBKR delayed market data type (3); delayed fallback=False; generic ticks=''
2026-06-09 23:17:18,552 - INFO - chart_engine.core.ibkr_data_fetcher - Chart data fetch complete source=IBKR symbol=SMCI bars=348
2026-06-09 23:17:18,570 - INFO - chart_engine.core.ibkr_data_fetcher - Chart data fetch complete source=IBKR symbol=SMCI bars=276
2026-06-09 23:17:18,852 - INFO - ibkr.core.main_window - IBKR loader: Building initial instrument list...
2026-06-09 23:17:18,895 - WARNING - ibkr.core.main_window - IBKR market data is delayed (delayed); live subscription is unavailable.
2026-06-09 23:17:19,387 - INFO - ibkr.widgets.scanner_table - EOD Scan completed: 20 symbols with complete data
2026-06-09 23:17:19,980 - INFO - ibkr.core.main_window - WebSocket connected. Setting up subscriptions.
2026-06-09 23:17:19,981 - INFO - ibkr.core.position_manager - Fetching positions from broker - Reason: ibkr_connected
2026-06-09 23:17:20,002 - INFO - ibkr.core.main_window - Added 20 widget market-data subscriptions (20 token-backed)
2026-06-09 23:17:20,004 - INFO - ibkr.core.position_manager - Position table changed: 20 open positions | open MTM -51220.62 | realized 0.00
2026-06-09 23:17:20,228 - INFO - ibkr.core.main_window - Chart panes revealed after initial symbol render: SMCI
2026-06-09 23:17:20,228 - INFO - ibkr.core.main_window - Chart symbol changed to: SMCI
2026-06-09 23:17:20,228 - INFO - ibkr.core.main_window - Added chart symbol SMCI to subscription
2026-06-09 23:17:20,229 - INFO - ibkr.core.main_window - Ensured subscription for chart symbol SMCI
2026-06-09 23:17:20,229 - INFO - chart_engine.core.chart_widget - Chart HTML loaded: SMCI (276 candles)
2026-06-09 23:17:20,303 - INFO - chart_engine.core.chart_widget - Chart HTML loaded: SMCI (348 candles)
2026-06-09 23:17:21,082 - INFO - ibkr.core.market_data_worker - Subscribed IBKR market data: NVDA key=4815747 type=delayed
2026-06-09 23:17:21,083 - INFO - ibkr.core.market_data_worker - Subscribed IBKR market data: TACT key=6858145 type=delayed
2026-06-09 23:17:21,083 - INFO - ibkr.core.market_data_worker - Subscribed IBKR market data: BAX key=8111188 type=delayed
2026-06-09 23:17:21,083 - INFO - ibkr.core.market_data_worker - Subscribed IBKR market data: UMC key=46613372 type=delayed
2026-06-09 23:17:21,084 - INFO - ibkr.core.market_data_worker - Subscribed IBKR market data: TSLA key=76792991 type=delayed
2026-06-09 23:17:21,099 - INFO - ibkr.core.market_data_worker - Subscribed IBKR market data: PTCT key=129374415 type=delayed
2026-06-09 23:17:21,099 - INFO - ibkr.core.market_data_worker - Subscribed IBKR market data: HPQ key=209411801 type=delayed
2026-06-09 23:17:21,099 - INFO - ibkr.core.market_data_worker - Subscribed IBKR market data: DELL key=346218218 type=delayed
2026-06-09 23:17:21,100 - INFO - ibkr.core.market_data_worker - Subscribed IBKR market data: MTA key=395717235 type=delayed
2026-06-09 23:17:21,103 - INFO - ibkr.core.market_data_worker - Subscribed IBKR market data: DRS key=478483396 type=delayed
2026-06-09 23:17:21,106 - INFO - ibkr.core.market_data_worker - Subscribed IBKR market data: RDW key=512000171 type=delayed
2026-06-09 23:17:21,107 - INFO - ibkr.core.market_data_worker - Subscribed IBKR market data: IONQ key=517593749 type=delayed
2026-06-09 23:17:21,107 - INFO - ibkr.core.market_data_worker - Subscribed IBKR market data: GFS key=523222624 type=delayed
2026-06-09 23:17:21,107 - INFO - ibkr.core.market_data_worker - Subscribed IBKR market data: QBTS key=578031277 type=delayed
2026-06-09 23:17:21,108 - INFO - ibkr.core.market_data_worker - Subscribed IBKR market data: LUNR key=613910262 type=delayed
2026-06-09 23:17:21,108 - INFO - ibkr.core.market_data_worker - Subscribed IBKR market data: SIDU key=673368857 type=delayed
2026-06-09 23:17:21,111 - INFO - ibkr.core.market_data_worker - Subscribed IBKR market data: DPRO key=725468685 type=delayed
2026-06-09 23:17:21,112 - INFO - ibkr.core.market_data_worker - Subscribed IBKR market data: SNDK key=760250490 type=delayed
2026-06-09 23:17:21,113 - INFO - ibkr.core.market_data_worker - Subscribed IBKR market data: RKLB key=787273575 type=delayed
2026-06-09 23:17:21,116 - INFO - ibkr.core.market_data_worker - Subscribed IBKR market data: SPRC key=860471331 type=delayed
2026-06-09 23:17:21,307 - INFO - ibkr.widgets.scanner_table - EOD Scanner table updated with 20 symbols.
2026-06-09 23:17:21,408 - INFO - ibkr.core.main_window - Successfully loaded 4328 instruments.
2026-06-09 23:17:21,410 - INFO - ibkr.widgets.header_toolbar - Search index ready: 4328 instruments
2026-06-09 23:17:21,562 - INFO - ibkr.core.main_window - Instruments loaded successfully.
2026-06-09 23:17:21,593 - INFO - ibkr.core.main_window - IBKR loader: Loaded 181 symbols (qualifying in background...)
2026-06-09 23:17:21,712 - INFO - ibkr.core.position_manager - Fetching positions from broker - Reason: app_startup
2026-06-09 23:17:21,730 - INFO - ibkr.core.main_window - Position system initialized successfully
2026-06-09 23:17:21,737 - INFO - ibkr.core.network_monitor - NetworkMonitor started
2026-06-09 23:17:21,737 - INFO - ibkr.core.main_window - Network resilience layer initialized
2026-06-09 23:17:21,808 - WARNING - ibkr.core.market_data_worker - IBKR market data notice for NVDA: Requested market data is not subscribed. Displaying delayed market data. (10167)
2026-06-09 23:17:21,885 - INFO - ibkr.core.main_window - Subscription universe changed: 24 instruments (20 token-backed, +24/-0) sources={'positions': 20, 'charts': 2, 'watchlist': 1, 'header': 2}
2026-06-09 23:17:22,073 - WARNING - ibkr.core.market_data_worker - IBKR market data notice for TACT: Requested market data is not subscribed. Displaying delayed market data. (10167)
2026-06-09 23:17:22,116 - WARNING - ibkr.core.market_data_worker - IBKR market data notice for BAX: Requested market data is not subscribed. Displaying delayed market data. (10167)
2026-06-09 23:17:22,116 - WARNING - ibkr.core.market_data_worker - IBKR market data notice for UMC: Requested market data is not subscribed. Displaying delayed market data. (10167)
2026-06-09 23:17:22,126 - WARNING - ibkr.core.market_data_worker - IBKR market data notice for TSLA: Requested market data is not subscribed. Displaying delayed market data. (10167)
2026-06-09 23:17:22,168 - WARNING - ibkr.core.market_data_worker - IBKR market data notice for PTCT: Requested market data is not subscribed. Displaying delayed market data. (10167)
2026-06-09 23:17:22,170 - WARNING - ibkr.core.market_data_worker - IBKR market data notice for HPQ: Requested market data is not subscribed. Displaying delayed market data. (10167)
2026-06-09 23:17:22,460 - WARNING - ibkr.core.market_data_worker - IBKR market data notice for DELL: Requested market data is not subscribed. Displaying delayed market data. (10167)
2026-06-09 23:17:22,499 - WARNING - ibkr.core.market_data_worker - IBKR market data notice for MTA: Requested market data is not subscribed. Displaying delayed market data. (10167)
2026-06-09 23:17:22,555 - WARNING - ibkr.core.market_data_worker - IBKR market data notice for DRS: Requested market data is not subscribed. Displaying delayed market data. (10167)
2026-06-09 23:17:22,602 - WARNING - ibkr.core.market_data_worker - IBKR market data notice for RDW: Requested market data is not subscribed. Displaying delayed market data. (10167)
2026-06-09 23:17:22,682 - WARNING - ibkr.core.market_data_worker - IBKR market data notice for IONQ: Requested market data is not subscribed. Displaying delayed market data. (10167)
2026-06-09 23:17:22,682 - WARNING - ibkr.core.market_data_worker - IBKR market data notice for GFS: Requested market data is not subscribed. Displaying delayed market data. (10167)
2026-06-09 23:17:22,683 - WARNING - ibkr.core.market_data_worker - IBKR market data notice for QBTS: Requested market data is not subscribed. Displaying delayed market data. (10167)
2026-06-09 23:17:22,683 - WARNING - ibkr.core.market_data_worker - IBKR market data notice for LUNR: Requested market data is not subscribed. Displaying delayed market data. (10167)
2026-06-09 23:17:22,683 - WARNING - ibkr.core.market_data_worker - IBKR market data notice for SIDU: Requested market data is not subscribed. Displaying delayed market data. (10167)
2026-06-09 23:17:22,684 - WARNING - ibkr.core.market_data_worker - IBKR market data notice for DPRO: Requested market data is not subscribed. Displaying delayed market data. (10167)
2026-06-09 23:17:22,684 - WARNING - ibkr.core.market_data_worker - IBKR market data notice for SNDK: Requested market data is not subscribed. Displaying delayed market data. (10167)
2026-06-09 23:17:22,697 - WARNING - ibkr.core.market_data_worker - IBKR market data notice for RKLB: Requested market data is not subscribed. Displaying delayed market data. (10167)
2026-06-09 23:17:22,698 - INFO - ibkr.core.network_monitor - Network confirmed online at startup
2026-06-09 23:17:22,701 - WARNING - ibkr.core.market_data_worker - IBKR market data notice for SPRC: Requested market data is not subscribed. Displaying delayed market data. (10167)
2026-06-09 23:17:22,708 - INFO - ibkr.core.position_manager - Fetching positions from broker - Reason: instruments_loaded
2026-06-09 23:17:22,754 - INFO - ibkr.core.main_window - Chart auto-loading initiated
2026-06-09 23:17:22,755 - INFO - ibkr.core.main_window - Chart already has active rendered symbol: SMCI
2026-06-09 23:17:25,996 - INFO - ibkr.core.market_data_worker - Subscribed IBKR market data: SMCI key=731466419 type=delayed
2026-06-09 23:17:26,582 - WARNING - ibkr.core.market_data_worker - IBKR market data notice for SMCI: Requested market data is not subscribed. Displaying delayed market data. (10167)
2026-06-09 23:17:27,746 - INFO - ibkr.core.market_data_worker - Subscribed IBKR market data: SPY key=756733 type=delayed
2026-06-09 23:17:27,746 - INFO - ibkr.core.market_data_worker - Subscribed IBKR market data: QQQ key=320227571 type=delayed
2026-06-09 23:17:28,244 - WARNING - ibkr.core.market_data_worker - IBKR market data notice for SPY: Requested market data is not subscribed. Displaying delayed market data. (10167)
2026-06-09 23:17:28,429 - WARNING - ibkr.core.market_data_worker - IBKR market data notice for QQQ: Requested market data is not subscribed. Displaying delayed market data. (10167)
2026-06-09 23:17:29,121 - INFO - ibkr.core.market_data_worker - Subscribed IBKR market data: RMBS key=4031477 type=delayed
2026-06-09 23:17:29,635 - WARNING - ibkr.core.market_data_worker - IBKR market data notice for RMBS: Requested market data is not subscribed. Displaying delayed market data. (10167)
2026-06-09 23:17:46,260 - INFO - ibkr.core.shutdown_manager - closeEvent received — beginning fast IBKR shutdown
2026-06-09 23:17:46,262 - INFO - ibkr.core.shutdown_manager - === Fast IBKR window-close shutdown starting ===
2026-06-09 23:17:46,262 - INFO - ibkr.core.shutdown_manager - Shutdown: [save_window_state]…
2026-06-09 23:17:46,263 - INFO - ibkr.core.main_window - Window state saved
2026-06-09 23:17:46,264 - INFO - ibkr.core.shutdown_manager - Shutdown: [save_window_state] ✓
2026-06-09 23:17:46,265 - INFO - ibkr.core.shutdown_manager - Shutdown: [save_chart_state]…
2026-06-09 23:17:46,281 - INFO - ibkr.core.shutdown_manager - Shutdown: [save_chart_state] ✓
2026-06-09 23:17:46,281 - INFO - ibkr.core.shutdown_manager - Shutdown: [stop_remaining_timers]…
2026-06-09 23:17:46,294 - INFO - ibkr.core.shutdown_manager - Shutdown: [stop_remaining_timers] ✓
2026-06-09 23:17:46,294 - INFO - ibkr.core.shutdown_manager - === Fast IBKR window-close shutdown complete ===
2026-06-09 23:17:46,300 - INFO - __main__ - Shutting down and cleaning up resources...
2026-06-09 23:17:46,300 - INFO - __main__ - Skipping broker disconnect during fast window-close shutdown.
2026-06-09 23:17:46,300 - INFO - __main__ - Cleanup complete.
