2026-06-10 20:18:33,527 - INFO - login_setup.login_setup_config - qullamaggie v1.0.0 starting...
2026-06-10 20:18:33,527 - INFO - login_setup.login_setup_config - Logging to file: /home/kavi/Desktop/Python_Projects/swing_trader/logs/qullamaggie_20260610_201833.log
2026-06-10 20:18:33,527 - INFO - login_setup.login_setup_config - Fatal crash diagnostics enabled for all threads.
2026-06-10 20:18:33,528 - INFO - __main__ - 🚀 Starting qullamaggie Application...
2026-06-10 20:18:33,680 - INFO - __main__ - Application icon loaded from: /home/kavi/Desktop/Python_Projects/swing_trader/assets/qullamaggie_swing_trader_icon.svg
2026-06-10 20:18:36,141 - INFO - ib_insync.client - Connecting to 127.0.0.1:4002 with clientId 1...
2026-06-10 20:18:36,143 - INFO - ib_insync.client - Connected
2026-06-10 20:18:36,159 - INFO - ib_insync.client - Logged on to server version 176
2026-06-10 20:18:36,200 - INFO - ib_insync.client - API connection ready
2026-06-10 20:18:36,694 - INFO - __main__ - Authenticated for broker: america
2026-06-10 20:18:36,695 - INFO - __main__ - Initializing trading and data clients...
2026-06-10 20:18:36,696 - INFO - login_setup.broker_factory - Creating america client for live trading
2026-06-10 20:18:36,696 - INFO - login_setup.broker_factory - IBKR client created with accounts: ['DUQ624205']
2026-06-10 20:18:36,713 - INFO - ibkr.core.trading_client - Subscribed to IBKR real-time order events
2026-06-10 20:18:36,714 - INFO - ibkr.core.trading_client - IBKR trading client startup snapshots deferred; using local cache/event sync
2026-06-10 20:18:36,714 - INFO - __main__ - Trading client created; creating data client...
2026-06-10 20:18:36,714 - INFO - login_setup.broker_factory - Creating data client for america
2026-06-10 20:18:36,715 - INFO - __main__ - Data client created; validating connection state...
2026-06-10 20:18:36,716 - INFO - __main__ - Trading client connected: True
2026-06-10 20:18:36,720 - INFO - __main__ - Data client connected: True
2026-06-10 20:18:36,721 - INFO - __main__ - Clients initialized successfully.
2026-06-10 20:18:36,721 - INFO - login_setup.broker_factory - Added america client to manager
2026-06-10 20:18:36,721 - INFO - login_setup.broker_factory - Started connection monitoring for america
2026-06-10 20:18:36,722 - INFO - __main__ - Creating main window for america...
2026-06-10 20:18:36,722 - INFO - login_setup.broker_factory - Dynamically loading main window from: ibkr.core.main_window
2026-06-10 20:18:37,825 - INFO - ibkr.core.trade_logger - Trade history database for 'live' mode at: /home/kavi/.qullamaggie/trade_history_live.db
2026-06-10 20:18:37,826 - INFO - ibkr.core.trade_logger - TradeLogger initialized with background processing
2026-06-10 20:18:37,827 - INFO - ibkr.core.trade_logger - DatabaseWorker processing started
2026-06-10 20:18:37,829 - INFO - ibkr.core.trade_logger - Database initialization completed
2026-06-10 20:18:37,856 - INFO - ibkr.core.position_manager - ✅ Connected to trader.order_status_updated signal - orders will sync immediately
2026-06-10 20:18:37,856 - INFO - ibkr.core.position_manager - ✅ Connected to trader.position_updated signal - positions will sync immediately
2026-06-10 20:18:37,856 - INFO - ibkr.core.position_manager - ✅ Connected to trader.connection_status_changed signal
2026-06-10 20:18:37,858 - INFO - ibkr.core.stop_loss_manager - Restored 1 active SL record(s) from database
2026-06-10 20:18:37,938 - INFO - ibkr.widgets.scanner_table - Loaded 19 valid scan configurations
2026-06-10 20:18:37,953 - INFO - ibkr.widgets.scanner_table - Scanner table ready for context-aware navigation
2026-06-10 20:18:37,960 - INFO - ibkr.widgets.scanner_table - Running EOD Finviz scan: Semiconductors
2026-06-10 20:18:37,988 - INFO - chart_engine.core.ibkr_data_fetcher - Pre-warming dedicated IBKR history connection...
2026-06-10 20:18:37,991 - INFO - ib_insync.client - Connecting to 127.0.0.1:4002 with clientId 102...
2026-06-10 20:18:37,995 - INFO - chart_engine.drawings - Loaded global chart settings.
2026-06-10 20:18:38,208 - INFO - chart_engine.core.ibkr_data_fetcher - Chart data source=IBKR symbol=BAX interval=day from=2025-05-06T10:48:38.208670-04:00 to=2026-06-10T10:48:38.208670-04:00 dedicated_history=True
2026-06-10 20:18:38,538 - INFO - ibkr.core.data_cache - MarketAwareDataCache initialised for IBKR/US market time
2026-06-10 20:18:38,538 - INFO - chart_engine.core.ibkr_data_fetcher - Chart data source=IBKR symbol=BAX interval=60minute from=2026-04-21T10:48:38.538728-04:00 to=2026-06-10T10:48:38.538728-04:00 dedicated_history=True
2026-06-10 20:18:38,540 - INFO - chart_engine.core.ibkr_data_fetcher - IBKR chart history connected on 127.0.0.1:4002 clientId=102
2026-06-10 20:18:38,753 - INFO - chart_engine.drawings - Saved global chart settings.
2026-06-10 20:18:38,941 - INFO - ibkr.core.alert_management_system - Loaded 0 alerts from disk
2026-06-10 20:18:38,942 - INFO - ibkr.core.alert_management_system - AlertSystemManager ready
2026-06-10 20:18:38,942 - INFO - ibkr.core.main_window - Alert system initialized successfully.
2026-06-10 20:18:38,943 - INFO - ibkr.core.alert_management_system - AlertEngine started
2026-06-10 20:18:38,946 - INFO - ibkr.core.main_window - Connecting component signals...
2026-06-10 20:18:38,948 - INFO - ib_insync.client - Connecting to 127.0.0.1:4002 with clientId 101...
2026-06-10 20:18:38,950 - INFO - ibkr.core.main_window - IBKR order lifecycle UI signals connected
2026-06-10 20:18:38,974 - INFO - ibkr.core.main_window - Keyboard shortcuts initialized
2026-06-10 20:18:39,011 - INFO - chart_engine.core.ibkr_data_fetcher - Requesting IBKR historical data: BAX conId=8111188 bar=1 day duration=2 Y end=latest
2026-06-10 20:18:39,261 - INFO - ibkr.core.main_window - Window state restored
2026-06-10 20:18:39,261 - INFO - ibkr.core.main_window - Applied startup chart timeframes: left=day, right=60minute
2026-06-10 20:18:39,261 - INFO - ibkr.core.main_window - Simplified qullamaggie Window with Status Bar Initialized Successfully.
2026-06-10 20:18:39,262 - INFO - __main__ - Main window created successfully.
2026-06-10 20:18:39,339 - INFO - ibkr.core.market_data_worker - Dedicated IBKR market-data connection established on 127.0.0.1:4002 clientId=101
2026-06-10 20:18:39,341 - INFO - __main__ - Starting application event loop.
2026-06-10 20:18:39,341 - INFO - ibkr.core.market_data_worker - IBKR MarketDataWorker started
2026-06-10 20:18:39,343 - INFO - ibkr.core.market_data_worker - Requested IBKR delayed market data type (3); delayed fallback=False; generic ticks=''
2026-06-10 20:18:39,843 - INFO - ibkr.core.main_window - IBKR loader: Building initial instrument list...
2026-06-10 20:18:39,850 - INFO - ibkr.core.main_window - Added 1 widget market-data subscriptions (0 token-backed)
2026-06-10 20:18:39,852 - INFO - chart_engine.core.ibkr_data_fetcher - Requesting IBKR historical data: BAX conId=8111188 bar=30 mins duration=50 D end=latest
2026-06-10 20:18:40,583 - INFO - ibkr.core.market_data_worker - Subscribed IBKR market data: BAX key=8111188 type=delayed
2026-06-10 20:18:41,034 - INFO - chart_engine.core.ibkr_data_fetcher - Chart data fetch complete source=IBKR symbol=BAX bars=276
2026-06-10 20:18:41,537 - WARNING - ibkr.core.market_data_worker - IBKR market data notice for BAX: Requested market data is not subscribed. Displaying delayed market data. (10167)
2026-06-10 20:18:41,761 - INFO - chart_engine.core.ibkr_data_fetcher - Chart data fetch complete source=IBKR symbol=BAX bars=345
2026-06-10 20:18:42,203 - INFO - ibkr.widgets.scanner_table - EOD Scan completed: 32 symbols with complete data
