2026-06-10 00:11:01,348 - INFO - login_setup.login_setup_config - qullamaggie v1.0.0 starting...
2026-06-10 00:11:01,348 - INFO - login_setup.login_setup_config - Logging to file: /home/kavi/Desktop/Python_Projects/swing_trader/logs/qullamaggie_20260610_001101.log
2026-06-10 00:11:01,348 - INFO - login_setup.login_setup_config - Fatal crash diagnostics enabled for all threads.
2026-06-10 00:11:01,349 - INFO - __main__ - 🚀 Starting qullamaggie Application...
2026-06-10 00:11:01,490 - INFO - __main__ - Application icon loaded from: /home/kavi/Desktop/Python_Projects/swing_trader/assets/qullamaggie_swing_trader_icon.svg
2026-06-10 00:11:04,041 - INFO - ib_insync.client - Connecting to 127.0.0.1:4002 with clientId 1...
2026-06-10 00:11:04,043 - INFO - ib_insync.client - Connected
2026-06-10 00:11:04,152 - INFO - ib_insync.client - Logged on to server version 176
2026-06-10 00:11:04,248 - INFO - ib_insync.client - API connection ready
2026-06-10 00:11:05,039 - INFO - __main__ - Authenticated for broker: america
2026-06-10 00:11:05,039 - INFO - __main__ - Initializing trading and data clients...
2026-06-10 00:11:05,039 - INFO - login_setup.broker_factory - Creating america client for live trading
2026-06-10 00:11:05,039 - INFO - login_setup.broker_factory - IBKR client created with accounts: ['DUQ624205']
2026-06-10 00:11:05,096 - INFO - ibkr.core.trading_client - Subscribed to IBKR real-time order events
2026-06-10 00:11:05,096 - INFO - ibkr.core.trading_client - IBKR trading client startup snapshots deferred; using local cache/event sync
2026-06-10 00:11:05,096 - INFO - __main__ - Trading client created; creating data client...
2026-06-10 00:11:05,096 - INFO - login_setup.broker_factory - Creating data client for america
2026-06-10 00:11:05,096 - INFO - __main__ - Data client created; validating connection state...
2026-06-10 00:11:05,097 - INFO - __main__ - Trading client connected: True
2026-06-10 00:11:05,097 - INFO - __main__ - Data client connected: True
2026-06-10 00:11:05,097 - INFO - __main__ - Clients initialized successfully.
2026-06-10 00:11:05,097 - INFO - login_setup.broker_factory - Added america client to manager
2026-06-10 00:11:05,097 - INFO - login_setup.broker_factory - Started connection monitoring for america
2026-06-10 00:11:05,098 - INFO - __main__ - Creating main window for america...
2026-06-10 00:11:05,098 - INFO - login_setup.broker_factory - Dynamically loading main window from: ibkr.core.main_window
2026-06-10 00:11:06,204 - INFO - ibkr.core.trade_logger - Trade history database for 'live' mode at: /home/kavi/.qullamaggie/trade_history_live.db
2026-06-10 00:11:06,205 - INFO - ibkr.core.trade_logger - TradeLogger initialized with background processing
2026-06-10 00:11:06,206 - INFO - ibkr.core.trade_logger - DatabaseWorker processing started
2026-06-10 00:11:06,208 - INFO - ibkr.core.trade_logger - Database initialization completed
2026-06-10 00:11:06,236 - INFO - ibkr.core.position_manager - ✅ Connected to trader.order_status_updated signal - orders will sync immediately
2026-06-10 00:11:06,236 - INFO - ibkr.core.position_manager - ✅ Connected to trader.position_updated signal - positions will sync immediately
2026-06-10 00:11:06,236 - INFO - ibkr.core.position_manager - ✅ Connected to trader.connection_status_changed signal
2026-06-10 00:11:06,310 - INFO - ibkr.widgets.scanner_table - Loaded 19 valid scan configurations
2026-06-10 00:11:06,331 - INFO - ibkr.widgets.scanner_table - Scanner table ready for context-aware navigation
2026-06-10 00:11:06,338 - INFO - ibkr.widgets.scanner_table - Running EOD Finviz scan: Semiconductors
2026-06-10 00:11:06,364 - INFO - chart_engine.core.ibkr_data_fetcher - Pre-warming dedicated IBKR history connection...
2026-06-10 00:11:06,367 - INFO - ib_insync.client - Connecting to 127.0.0.1:4002 with clientId 102...
2026-06-10 00:11:06,368 - INFO - chart_engine.drawings - Loaded global chart settings.
2026-06-10 00:11:06,748 - INFO - chart_engine.core.ibkr_data_fetcher - Chart data source=IBKR symbol=HIMX interval=day from=2025-05-05T14:41:06.748547-04:00 to=2026-06-09T14:41:06.748547-04:00 dedicated_history=True
2026-06-10 00:11:07,304 - INFO - chart_engine.core.ibkr_data_fetcher - IBKR chart history connected on 127.0.0.1:4002 clientId=102
2026-06-10 00:11:07,311 - INFO - ibkr.core.data_cache - MarketAwareDataCache initialised for IBKR/US market time
2026-06-10 00:11:07,313 - INFO - chart_engine.core.ibkr_data_fetcher - Chart data source=IBKR symbol=HIMX interval=60minute from=2026-04-20T14:41:07.312090-04:00 to=2026-06-09T14:41:07.312090-04:00 dedicated_history=True
2026-06-10 00:11:07,485 - INFO - chart_engine.drawings - Saved global chart settings.
2026-06-10 00:11:07,736 - INFO - ibkr.core.alert_management_system - Loaded 0 alerts from disk
2026-06-10 00:11:07,738 - INFO - ibkr.core.alert_management_system - AlertSystemManager ready
2026-06-10 00:11:07,738 - INFO - ibkr.core.main_window - Alert system initialized successfully.
2026-06-10 00:11:07,738 - INFO - ibkr.core.alert_management_system - AlertEngine started
2026-06-10 00:11:07,746 - INFO - ibkr.core.main_window - Connecting component signals...
2026-06-10 00:11:07,748 - INFO - ibkr.core.main_window - IBKR order lifecycle UI signals connected
2026-06-10 00:11:07,752 - INFO - ib_insync.client - Connecting to 127.0.0.1:4002 with clientId 101...
2026-06-10 00:11:07,812 - INFO - ibkr.core.main_window - Keyboard shortcuts initialized
2026-06-10 00:11:08,307 - INFO - chart_engine.core.ibkr_data_fetcher - Requesting IBKR historical data: HIMX conId=38559396 bar=1 day duration=2 Y end=latest
2026-06-10 00:11:08,308 - INFO - chart_engine.core.ibkr_data_fetcher - Requesting IBKR historical data: HIMX conId=38559396 bar=30 mins duration=50 D end=latest
2026-06-10 00:11:08,321 - INFO - ibkr.core.main_window - Window state restored
2026-06-10 00:11:08,323 - INFO - ibkr.core.main_window - Applied startup chart timeframes: left=day, right=60minute
2026-06-10 00:11:08,324 - INFO - ibkr.core.main_window - Simplified qullamaggie Window with Status Bar Initialized Successfully.
2026-06-10 00:11:08,330 - INFO - __main__ - Main window created successfully.
2026-06-10 00:11:08,344 - INFO - ibkr.core.market_data_worker - Dedicated IBKR market-data connection established on 127.0.0.1:4002 clientId=101
2026-06-10 00:11:08,345 - INFO - ibkr.core.market_data_worker - IBKR MarketDataWorker started
2026-06-10 00:11:08,345 - INFO - ibkr.core.market_data_worker - Requested IBKR delayed market data type (3); delayed fallback=False; generic ticks=''
2026-06-10 00:11:08,416 - INFO - __main__ - Starting application event loop.
2026-06-10 00:11:09,002 - INFO - ibkr.core.main_window - IBKR loader: Building initial instrument list...
2026-06-10 00:11:09,005 - WARNING - ibkr.core.main_window - IBKR market data is delayed (delayed); live subscription is unavailable.
2026-06-10 00:11:09,005 - INFO - ibkr.core.main_window - WebSocket connected. Setting up subscriptions.
2026-06-10 00:11:09,008 - INFO - ibkr.core.position_manager - Fetching positions from broker - Reason: ibkr_connected
2026-06-10 00:11:09,079 - INFO - ibkr.core.main_window - Added 20 widget market-data subscriptions (20 token-backed)
2026-06-10 00:11:09,087 - INFO - ibkr.core.position_manager - Position table changed: 20 open positions | open MTM -45253.39 | realized 0.00
2026-06-10 00:11:10,279 - INFO - ibkr.core.main_window - Successfully loaded 4342 instruments.
2026-06-10 00:11:10,280 - INFO - ibkr.widgets.header_toolbar - Search index ready: 4342 instruments
2026-06-10 00:11:10,364 - INFO - ibkr.core.main_window - Instruments loaded successfully.
2026-06-10 00:11:10,390 - INFO - ibkr.core.main_window - IBKR loader: Loaded 181 symbols (qualifying in background...)
2026-06-10 00:11:10,437 - INFO - ibkr.core.position_manager - Fetching positions from broker - Reason: app_startup
2026-06-10 00:11:10,460 - INFO - ibkr.core.main_window - Position system initialized successfully
2026-06-10 00:11:10,664 - INFO - ibkr.core.main_window - Subscription universe changed: 24 instruments (20 token-backed, +24/-0) sources={'positions': 20, 'charts': 2, 'watchlist': 1, 'header': 2}
2026-06-10 00:11:11,188 - INFO - ibkr.core.network_monitor - NetworkMonitor started
2026-06-10 00:11:11,188 - INFO - ibkr.core.main_window - Network resilience layer initialized
2026-06-10 00:11:11,301 - INFO - ibkr.core.position_manager - Fetching positions from broker - Reason: instruments_loaded
2026-06-10 00:11:11,415 - INFO - ibkr.core.main_window - Chart auto-loading initiated
2026-06-10 00:11:11,415 - INFO - ibkr.core.main_window - Chart has active symbol HIMX but no rendered data; retrying historical load (conId=symbol-lookup)
2026-06-10 00:11:11,581 - INFO - chart_engine.core.ibkr_data_fetcher - Chart data source=IBKR symbol=HIMX interval=day from=2025-05-05T14:41:11.580805-04:00 to=2026-06-09T14:41:11.580805-04:00 dedicated_history=True
2026-06-10 00:11:12,154 - INFO - ibkr.core.network_monitor - Network confirmed online at startup
2026-06-10 00:11:12,398 - INFO - ibkr.core.market_data_worker - Subscribed IBKR market data: NVDA key=4815747 type=delayed
2026-06-10 00:11:12,398 - INFO - ibkr.core.market_data_worker - Subscribed IBKR market data: TACT key=6858145 type=delayed
2026-06-10 00:11:12,402 - INFO - ibkr.core.market_data_worker - Subscribed IBKR market data: BAX key=8111188 type=delayed
2026-06-10 00:11:12,406 - INFO - ibkr.core.market_data_worker - Subscribed IBKR market data: UMC key=46613372 type=delayed
2026-06-10 00:11:12,413 - INFO - ibkr.core.market_data_worker - Subscribed IBKR market data: TSLA key=76792991 type=delayed
2026-06-10 00:11:12,413 - INFO - ibkr.core.market_data_worker - Subscribed IBKR market data: PTCT key=129374415 type=delayed
2026-06-10 00:11:12,417 - INFO - ibkr.core.market_data_worker - Subscribed IBKR market data: HPQ key=209411801 type=delayed
2026-06-10 00:11:12,418 - INFO - ibkr.core.market_data_worker - Subscribed IBKR market data: DELL key=346218218 type=delayed
2026-06-10 00:11:12,418 - INFO - ibkr.core.market_data_worker - Subscribed IBKR market data: MTA key=395717235 type=delayed
2026-06-10 00:11:12,419 - INFO - ibkr.core.market_data_worker - Subscribed IBKR market data: DRS key=478483396 type=delayed
2026-06-10 00:11:12,419 - INFO - ibkr.core.market_data_worker - Subscribed IBKR market data: RDW key=512000171 type=delayed
2026-06-10 00:11:12,425 - INFO - ibkr.core.market_data_worker - Subscribed IBKR market data: IONQ key=517593749 type=delayed
2026-06-10 00:11:12,425 - INFO - ibkr.core.market_data_worker - Subscribed IBKR market data: GFS key=523222624 type=delayed
2026-06-10 00:11:12,426 - INFO - ibkr.core.market_data_worker - Subscribed IBKR market data: QBTS key=578031277 type=delayed
2026-06-10 00:11:12,426 - INFO - ibkr.core.market_data_worker - Subscribed IBKR market data: LUNR key=613910262 type=delayed
2026-06-10 00:11:12,426 - INFO - ibkr.core.market_data_worker - Subscribed IBKR market data: SIDU key=673368857 type=delayed
2026-06-10 00:11:12,427 - INFO - ibkr.core.market_data_worker - Subscribed IBKR market data: DPRO key=725468685 type=delayed
2026-06-10 00:11:12,431 - INFO - ibkr.core.market_data_worker - Subscribed IBKR market data: SNDK key=760250490 type=delayed
2026-06-10 00:11:12,432 - INFO - ibkr.core.market_data_worker - Subscribed IBKR market data: RKLB key=787273575 type=delayed
2026-06-10 00:11:12,436 - INFO - ibkr.core.market_data_worker - Subscribed IBKR market data: SPRC key=860471331 type=delayed
2026-06-10 00:11:13,116 - WARNING - ibkr.core.market_data_worker - IBKR market data notice for NVDA: Requested market data is not subscribed. Displaying delayed market data. (10167)
2026-06-10 00:11:13,187 - WARNING - ibkr.core.market_data_worker - IBKR market data notice for BAX: Requested market data is not subscribed. Displaying delayed market data. (10167)
2026-06-10 00:11:13,194 - WARNING - ibkr.core.market_data_worker - IBKR market data notice for UMC: Requested market data is not subscribed. Displaying delayed market data. (10167)
2026-06-10 00:11:13,241 - WARNING - ibkr.core.market_data_worker - IBKR market data notice for TACT: Requested market data is not subscribed. Displaying delayed market data. (10167)
2026-06-10 00:11:13,459 - WARNING - ibkr.core.market_data_worker - IBKR market data notice for TSLA: Requested market data is not subscribed. Displaying delayed market data. (10167)
2026-06-10 00:11:13,460 - INFO - chart_engine.core.ibkr_data_fetcher - Chart data fetch complete source=IBKR symbol=HIMX bars=276
2026-06-10 00:11:13,716 - WARNING - ibkr.core.market_data_worker - IBKR market data notice for PTCT: Requested market data is not subscribed. Displaying delayed market data. (10167)
2026-06-10 00:11:13,717 - WARNING - ibkr.core.market_data_worker - IBKR market data notice for HPQ: Requested market data is not subscribed. Displaying delayed market data. (10167)
2026-06-10 00:11:13,807 - WARNING - ibkr.core.market_data_worker - IBKR market data notice for DELL: Requested market data is not subscribed. Displaying delayed market data. (10167)
2026-06-10 00:11:13,830 - INFO - chart_engine.drawings - Loaded state for HIMX (day) — 0 drawings
2026-06-10 00:11:13,866 - WARNING - ibkr.core.market_data_worker - IBKR market data notice for MTA: Requested market data is not subscribed. Displaying delayed market data. (10167)
2026-06-10 00:11:13,992 - INFO - ibkr.core.main_window - Chart panes revealed after initial symbol render: HIMX
2026-06-10 00:11:13,993 - INFO - ibkr.core.main_window - Chart symbol changed to: HIMX
2026-06-10 00:11:13,993 - INFO - ibkr.core.main_window - Added chart symbol HIMX to subscription
2026-06-10 00:11:14,000 - INFO - ibkr.core.main_window - Ensured subscription for chart symbol HIMX
2026-06-10 00:11:14,000 - INFO - chart_engine.core.chart_widget - Chart HTML loaded: HIMX (276 candles)
2026-06-10 00:11:14,066 - WARNING - ibkr.core.market_data_worker - IBKR market data notice for DRS: Requested market data is not subscribed. Displaying delayed market data. (10167)
2026-06-10 00:11:14,194 - WARNING - ibkr.core.market_data_worker - IBKR market data notice for RDW: Requested market data is not subscribed. Displaying delayed market data. (10167)
2026-06-10 00:11:14,194 - WARNING - ibkr.core.market_data_worker - IBKR market data notice for IONQ: Requested market data is not subscribed. Displaying delayed market data. (10167)
2026-06-10 00:11:14,202 - WARNING - ibkr.core.market_data_worker - IBKR market data notice for GFS: Requested market data is not subscribed. Displaying delayed market data. (10167)
2026-06-10 00:11:14,203 - WARNING - ibkr.core.market_data_worker - IBKR market data notice for QBTS: Requested market data is not subscribed. Displaying delayed market data. (10167)
2026-06-10 00:11:14,204 - WARNING - ibkr.core.market_data_worker - IBKR market data notice for LUNR: Requested market data is not subscribed. Displaying delayed market data. (10167)
2026-06-10 00:11:14,216 - WARNING - ibkr.core.market_data_worker - IBKR market data notice for SIDU: Requested market data is not subscribed. Displaying delayed market data. (10167)
2026-06-10 00:11:14,217 - WARNING - ibkr.core.market_data_worker - IBKR market data notice for DPRO: Requested market data is not subscribed. Displaying delayed market data. (10167)
2026-06-10 00:11:14,217 - WARNING - ibkr.core.market_data_worker - IBKR market data notice for SNDK: Requested market data is not subscribed. Displaying delayed market data. (10167)
2026-06-10 00:11:14,221 - WARNING - ibkr.core.market_data_worker - IBKR market data notice for RKLB: Requested market data is not subscribed. Displaying delayed market data. (10167)
2026-06-10 00:11:14,311 - WARNING - ibkr.core.market_data_worker - IBKR market data notice for SPRC: Requested market data is not subscribed. Displaying delayed market data. (10167)
2026-06-10 00:11:16,423 - INFO - chart_engine.core.ibkr_data_fetcher - Chart data fetch complete source=IBKR symbol=HIMX bars=348
2026-06-10 00:11:16,567 - INFO - ibkr.core.market_data_worker - Subscribed IBKR market data: SPY key=756733 type=delayed
2026-06-10 00:11:16,568 - INFO - ibkr.core.market_data_worker - Subscribed IBKR market data: QQQ key=320227571 type=delayed
2026-06-10 00:11:16,687 - INFO - chart_engine.drawings - Loaded state for HIMX (60minute) — 0 drawings
2026-06-10 00:11:16,836 - INFO - chart_engine.core.chart_widget - Chart HTML loaded: HIMX (348 candles)
2026-06-10 00:11:16,915 - INFO - ibkr.widgets.scanner_table - EOD Scan completed: 34 symbols with complete data
2026-06-10 00:11:17,057 - WARNING - ibkr.core.market_data_worker - IBKR market data notice for SPY: Requested market data is not subscribed. Displaying delayed market data. (10167)
2026-06-10 00:11:17,282 - WARNING - ibkr.core.market_data_worker - IBKR market data notice for QQQ: Requested market data is not subscribed. Displaying delayed market data. (10167)
2026-06-10 00:11:18,215 - INFO - ibkr.widgets.scanner_table - EOD Scanner table updated with 34 symbols.
2026-06-10 00:11:18,283 - INFO - ibkr.core.market_data_worker - Subscribed IBKR market data: HIMX key=38559396 type=delayed
2026-06-10 00:11:18,287 - INFO - ibkr.core.market_data_worker - Subscribed IBKR market data: RMBS key=4031477 type=delayed
2026-06-10 00:11:18,710 - WARNING - ibkr.core.market_data_worker - IBKR market data notice for HIMX: Requested market data is not subscribed. Displaying delayed market data. (10167)
2026-06-10 00:11:18,950 - WARNING - ibkr.core.market_data_worker - IBKR market data notice for RMBS: Requested market data is not subscribed. Displaying delayed market data. (10167)
2026-06-10 00:11:30,558 - INFO - ibkr.core.main_window - Floating positions dialog opened
2026-06-10 00:11:42,747 - INFO - ibkr.core.shutdown_manager - closeEvent received — beginning fast IBKR shutdown
2026-06-10 00:11:42,749 - INFO - ibkr.core.shutdown_manager - === Fast IBKR window-close shutdown starting ===
2026-06-10 00:11:42,749 - INFO - ibkr.core.shutdown_manager - Shutdown: [save_window_state]…
2026-06-10 00:11:42,750 - INFO - ibkr.core.main_window - Window state saved
2026-06-10 00:11:42,751 - INFO - ibkr.core.shutdown_manager - Shutdown: [save_window_state] ✓
2026-06-10 00:11:42,752 - INFO - ibkr.core.shutdown_manager - Shutdown: [save_chart_state]…
2026-06-10 00:11:42,772 - INFO - ibkr.core.shutdown_manager - Shutdown: [save_chart_state] ✓
2026-06-10 00:11:42,773 - INFO - ibkr.core.shutdown_manager - Shutdown: [stop_remaining_timers]…
2026-06-10 00:11:42,782 - INFO - ibkr.core.shutdown_manager - Shutdown: [stop_remaining_timers] ✓
2026-06-10 00:11:42,782 - INFO - ibkr.core.shutdown_manager - === Fast IBKR window-close shutdown complete ===
2026-06-10 00:11:42,790 - INFO - __main__ - Shutting down and cleaning up resources...
2026-06-10 00:11:42,790 - INFO - __main__ - Skipping broker disconnect during fast window-close shutdown.
2026-06-10 00:11:42,791 - INFO - __main__ - Cleanup complete.
