2026-06-10 22:23:51,185 - INFO - login_setup.login_setup_config - qullamaggie v1.0.0 starting...
2026-06-10 22:23:51,185 - INFO - login_setup.login_setup_config - Logging to file: /home/kavi/Desktop/Python_Projects/swing_trader/logs/qullamaggie_20260610_222351.log
2026-06-10 22:23:51,186 - INFO - login_setup.login_setup_config - Fatal crash diagnostics enabled for all threads.
2026-06-10 22:23:51,186 - INFO - __main__ - 🚀 Starting qullamaggie Application...
2026-06-10 22:23:51,344 - INFO - __main__ - Application icon loaded from: /home/kavi/Desktop/Python_Projects/swing_trader/assets/qullamaggie_swing_trader_icon.svg
2026-06-10 22:23:53,538 - INFO - ib_insync.client - Connecting to 127.0.0.1:4002 with clientId 1...
2026-06-10 22:23:53,539 - INFO - ib_insync.client - Connected
2026-06-10 22:23:53,554 - INFO - ib_insync.client - Logged on to server version 176
2026-06-10 22:23:53,594 - INFO - ib_insync.client - API connection ready
2026-06-10 22:23:54,036 - INFO - __main__ - Authenticated for broker: america
2026-06-10 22:23:54,036 - INFO - __main__ - Initializing trading and data clients...
2026-06-10 22:23:54,037 - INFO - login_setup.broker_factory - Creating america client for live trading
2026-06-10 22:23:54,037 - INFO - login_setup.broker_factory - IBKR client created with accounts: ['DUQ624205']
2026-06-10 22:23:54,043 - INFO - ibkr.core.trading_client - Subscribed to IBKR real-time order events
2026-06-10 22:23:54,044 - INFO - ibkr.core.trading_client - IBKR trading client startup snapshots deferred; using local cache/event sync
2026-06-10 22:23:54,044 - INFO - __main__ - Trading client created; creating data client...
2026-06-10 22:23:54,044 - INFO - login_setup.broker_factory - Creating data client for america
2026-06-10 22:23:54,044 - INFO - __main__ - Data client created; validating connection state...
2026-06-10 22:23:54,045 - INFO - __main__ - Trading client connected: True
2026-06-10 22:23:54,046 - INFO - __main__ - Data client connected: True
2026-06-10 22:23:54,046 - INFO - __main__ - Clients initialized successfully.
2026-06-10 22:23:54,046 - INFO - login_setup.broker_factory - Added america client to manager
2026-06-10 22:23:54,046 - INFO - login_setup.broker_factory - Started connection monitoring for america
2026-06-10 22:23:54,046 - INFO - __main__ - Creating main window for america...
2026-06-10 22:23:54,047 - INFO - login_setup.broker_factory - Dynamically loading main window from: ibkr.core.main_window
2026-06-10 22:23:55,009 - INFO - ibkr.core.trade_logger - Trade history database for 'live' mode at: /home/kavi/.qullamaggie/trade_history_live.db
2026-06-10 22:23:55,010 - INFO - ibkr.core.trade_logger - TradeLogger initialized with background processing
2026-06-10 22:23:55,011 - INFO - ibkr.core.trade_logger - DatabaseWorker processing started
2026-06-10 22:23:55,014 - INFO - ibkr.core.trade_logger - Database initialization completed
2026-06-10 22:23:55,014 - INFO - ibkr.core.position_manager - ✅ Connected to trader.order_status_updated signal - orders will sync immediately
2026-06-10 22:23:55,014 - INFO - ibkr.core.position_manager - ✅ Connected to trader.position_updated signal - positions will sync immediately
2026-06-10 22:23:55,015 - INFO - ibkr.core.position_manager - ✅ Connected to trader.connection_status_changed signal
2026-06-10 22:23:55,063 - INFO - ibkr.widgets.scanner_table - Loaded 1 valid scan configurations
2026-06-10 22:23:55,077 - INFO - ibkr.widgets.scanner_table - Scanner table ready for context-aware navigation
2026-06-10 22:23:55,087 - INFO - chart_engine.drawings - Loaded global chart settings.
2026-06-10 22:23:55,417 - INFO - ibkr.core.data_cache - MarketAwareDataCache initialised for IBKR/US market time
2026-06-10 22:23:55,511 - INFO - chart_engine.drawings - Saved global chart settings.
2026-06-10 22:23:55,716 - INFO - ibkr.core.alert_management_system - Loaded 0 alerts from disk
2026-06-10 22:23:55,716 - INFO - ibkr.core.alert_management_system - AlertSystemManager ready
2026-06-10 22:23:55,717 - INFO - ibkr.core.main_window - Alert system initialized successfully.
2026-06-10 22:23:55,717 - INFO - ibkr.core.alert_management_system - AlertEngine started
2026-06-10 22:23:55,717 - INFO - ibkr.core.main_window - Connecting component signals...
2026-06-10 22:23:55,718 - INFO - ibkr.core.main_window - IBKR order lifecycle UI signals connected
2026-06-10 22:23:55,723 - INFO - ibkr.core.main_window - Keyboard shortcuts initialized
2026-06-10 22:23:55,850 - INFO - ibkr.core.main_window - Window state restored
2026-06-10 22:23:55,881 - INFO - ibkr.core.main_window - Applied startup chart timeframes: left=day, right=60minute
2026-06-10 22:23:55,881 - INFO - ibkr.core.main_window - Simplified qullamaggie Window with Status Bar Initialized Successfully.
2026-06-10 22:23:55,881 - INFO - __main__ - Main window created successfully.
2026-06-10 22:23:55,979 - INFO - __main__ - Starting application event loop.
2026-06-10 22:23:56,524 - INFO - ibkr.core.main_window - Starting deferred IBKR post-show workers
2026-06-10 22:23:56,525 - INFO - chart_engine.core.ibkr_data_fetcher - Pre-warming dedicated IBKR history connection...
2026-06-10 22:23:56,529 - INFO - ib_insync.client - Connecting to 127.0.0.1:4002 with clientId 102...
2026-06-10 22:23:56,538 - INFO - ib_insync.client - Connecting to 127.0.0.1:4002 with clientId 101...
2026-06-10 22:23:56,579 - INFO - ibkr.core.main_window - IBKR loader: Building initial instrument list...
2026-06-10 22:23:57,028 - INFO - ibkr.core.main_window - Successfully loaded 209 instruments.
2026-06-10 22:23:57,030 - INFO - ibkr.widgets.header_toolbar - Search index ready: 209 instruments
2026-06-10 22:23:57,033 - INFO - ibkr.core.main_window - Instruments loaded successfully.
2026-06-10 22:23:57,035 - INFO - ibkr.core.main_window - IBKR loader: Loaded 181 symbols (qualifying in background...)
2026-06-10 22:23:57,086 - INFO - ibkr.widgets.scanner_table - Running EOD Finviz scan: Semiconductors
2026-06-10 22:23:57,318 - INFO - ibkr.core.main_window - Subscription universe changed: 2 instruments (0 token-backed, +2/-0) sources={'header': 2}
2026-06-10 22:23:57,967 - INFO - ibkr.core.market_data_worker - Dedicated IBKR market-data connection established on 127.0.0.1:4002 clientId=101
2026-06-10 22:23:57,967 - INFO - ibkr.core.market_data_worker - IBKR MarketDataWorker started
2026-06-10 22:23:57,967 - INFO - ibkr.core.market_data_worker - Requested IBKR delayed market data type (3); delayed fallback=False; generic ticks=''
2026-06-10 22:23:57,969 - WARNING - ibkr.core.main_window - IBKR market data is delayed (delayed); live subscription is unavailable.
2026-06-10 22:23:57,969 - INFO - ibkr.core.main_window - WebSocket connected. Setting up subscriptions.
2026-06-10 22:23:57,969 - INFO - ibkr.core.position_manager - Fetching positions from broker - Reason: ibkr_connected
2026-06-10 22:23:57,980 - INFO - ibkr.core.main_window - Added 20 widget market-data subscriptions (20 token-backed)
2026-06-10 22:23:57,984 - INFO - ibkr.core.position_manager - Position table changed: 20 open positions | open MTM -36220.95 | realized 0.00
2026-06-10 22:23:58,067 - INFO - chart_engine.core.ibkr_data_fetcher - IBKR chart history connected on 127.0.0.1:4002 clientId=102
2026-06-10 22:23:58,082 - INFO - ibkr.core.position_manager - Fetching positions from broker - Reason: instruments_loaded
2026-06-10 22:23:58,125 - INFO - ibkr.core.main_window - Chart auto-loading initiated
2026-06-10 22:23:58,148 - INFO - ibkr.core.main_window - Auto-loading startup chart symbol: ARM
2026-06-10 22:23:58,165 - INFO - chart_engine.core.ibkr_data_fetcher - Chart data source=IBKR symbol=ARM interval=day from=2026-03-02T12:53:58.165229-05:00 to=2026-06-10T12:53:58.165229-04:00 dedicated_history=True
2026-06-10 22:23:58,176 - INFO - chart_engine.core.ibkr_data_fetcher - Chart data source=IBKR symbol=ARM interval=60minute from=2026-04-21T12:53:58.175903-04:00 to=2026-06-10T12:53:58.175903-04:00 dedicated_history=True
2026-06-10 22:23:58,303 - INFO - ibkr.core.main_window - Subscription universe changed: 23 instruments (20 token-backed, +21/-0) sources={'positions': 20, 'charts': 2, 'header': 2}
2026-06-10 22:23:58,603 - INFO - ibkr.core.position_manager - Fetching positions from broker - Reason: app_startup
2026-06-10 22:23:58,618 - INFO - ibkr.core.main_window - Position system initialized successfully
2026-06-10 22:23:58,831 - INFO - ibkr.core.market_data_worker - Subscribed IBKR market data: SPY key=756733 type=delayed
2026-06-10 22:23:58,833 - INFO - ibkr.core.market_data_worker - Subscribed IBKR market data: QQQ key=320227571 type=delayed
2026-06-10 22:23:59,035 - INFO - ibkr.core.network_monitor - NetworkMonitor started
2026-06-10 22:23:59,035 - INFO - ibkr.core.main_window - Network resilience layer initialized
2026-06-10 22:23:59,109 - INFO - ibkr.widgets.scanner_table - EOD Scan completed: 29 symbols with complete data
2026-06-10 22:23:59,118 - INFO - chart_engine.core.ibkr_data_fetcher - Requesting IBKR historical data: ARM conId=653400472 bar=1 day duration=100 D end=latest
2026-06-10 22:23:59,120 - INFO - chart_engine.core.ibkr_data_fetcher - Requesting IBKR historical data: ARM conId=653400472 bar=30 mins duration=50 D end=latest
2026-06-10 22:23:59,181 - WARNING - ibkr.core.market_data_worker - IBKR market data notice for SPY: Requested market data is not subscribed. Displaying delayed market data. (10167)
2026-06-10 22:23:59,220 - INFO - ibkr.widgets.scanner_table - EOD Scanner table updated with 29 symbols.
2026-06-10 22:23:59,643 - WARNING - ibkr.core.market_data_worker - IBKR market data notice for QQQ: Requested market data is not subscribed. Displaying delayed market data. (10167)
2026-06-10 22:23:59,838 - INFO - ibkr.core.network_monitor - Network confirmed online at startup
2026-06-10 22:23:59,847 - INFO - chart_engine.core.ibkr_data_fetcher - Chart data fetch complete source=IBKR symbol=ARM bars=71
2026-06-10 22:23:59,966 - INFO - ibkr.core.main_window - Chart panes revealed after initial symbol render: ARM
2026-06-10 22:23:59,966 - INFO - ibkr.core.main_window - Chart symbol changed to: ARM
2026-06-10 22:23:59,966 - INFO - ibkr.core.main_window - Added chart symbol ARM to subscription
2026-06-10 22:23:59,967 - INFO - ibkr.core.main_window - Ensured subscription for chart symbol ARM
2026-06-10 22:23:59,967 - INFO - chart_engine.core.chart_widget - Chart HTML loaded: ARM (71 candles)
2026-06-10 22:24:00,944 - INFO - chart_engine.core.ibkr_data_fetcher - Chart data fetch complete source=IBKR symbol=ARM bars=347
2026-06-10 22:24:00,972 - INFO - ibkr.core.market_data_worker - Subscribed IBKR market data: NVDA key=4815747 type=delayed
2026-06-10 22:24:00,973 - INFO - ibkr.core.market_data_worker - Subscribed IBKR market data: TACT key=6858145 type=delayed
2026-06-10 22:24:00,991 - INFO - ibkr.core.market_data_worker - Subscribed IBKR market data: BAX key=8111188 type=delayed
2026-06-10 22:24:00,992 - INFO - ibkr.core.market_data_worker - Subscribed IBKR market data: UMC key=46613372 type=delayed
2026-06-10 22:24:00,993 - INFO - ibkr.core.market_data_worker - Subscribed IBKR market data: TSLA key=76792991 type=delayed
2026-06-10 22:24:00,994 - INFO - ibkr.core.market_data_worker - Subscribed IBKR market data: PTCT key=129374415 type=delayed
2026-06-10 22:24:00,995 - INFO - ibkr.core.market_data_worker - Subscribed IBKR market data: HPQ key=209411801 type=delayed
2026-06-10 22:24:01,003 - INFO - ibkr.core.market_data_worker - Subscribed IBKR market data: DELL key=346218218 type=delayed
2026-06-10 22:24:01,003 - INFO - ibkr.core.market_data_worker - Subscribed IBKR market data: MTA key=395717235 type=delayed
2026-06-10 22:24:01,019 - INFO - ibkr.core.market_data_worker - Subscribed IBKR market data: DRS key=478483396 type=delayed
2026-06-10 22:24:01,038 - INFO - ibkr.core.market_data_worker - Subscribed IBKR market data: RDW key=512000171 type=delayed
2026-06-10 22:24:01,039 - INFO - ibkr.core.market_data_worker - Subscribed IBKR market data: IONQ key=517593749 type=delayed
2026-06-10 22:24:01,039 - INFO - ibkr.core.market_data_worker - Subscribed IBKR market data: GFS key=523222624 type=delayed
2026-06-10 22:24:01,039 - INFO - ibkr.core.market_data_worker - Subscribed IBKR market data: QBTS key=578031277 type=delayed
2026-06-10 22:24:01,062 - INFO - ibkr.core.market_data_worker - Subscribed IBKR market data: LUNR key=613910262 type=delayed
2026-06-10 22:24:01,064 - INFO - chart_engine.core.chart_widget - Chart HTML loaded: ARM (347 candles)
2026-06-10 22:24:01,064 - INFO - ibkr.core.market_data_worker - Subscribed IBKR market data: SIDU key=673368857 type=delayed
2026-06-10 22:24:01,065 - INFO - ibkr.core.market_data_worker - Subscribed IBKR market data: DPRO key=725468685 type=delayed
2026-06-10 22:24:01,066 - INFO - ibkr.core.market_data_worker - Subscribed IBKR market data: SNDK key=760250490 type=delayed
2026-06-10 22:24:01,066 - INFO - ibkr.core.market_data_worker - Subscribed IBKR market data: RKLB key=787273575 type=delayed
2026-06-10 22:24:01,067 - INFO - ibkr.core.market_data_worker - Subscribed IBKR market data: SPRC key=860471331 type=delayed
2026-06-10 22:24:01,527 - WARNING - ibkr.core.market_data_worker - IBKR market data notice for NVDA: Requested market data is not subscribed. Displaying delayed market data. (10167)
2026-06-10 22:24:01,820 - WARNING - ibkr.core.market_data_worker - IBKR market data notice for TACT: Requested market data is not subscribed. Displaying delayed market data. (10167)
2026-06-10 22:24:01,821 - WARNING - ibkr.core.market_data_worker - IBKR market data notice for BAX: Requested market data is not subscribed. Displaying delayed market data. (10167)
2026-06-10 22:24:01,831 - WARNING - ibkr.core.market_data_worker - IBKR market data notice for UMC: Requested market data is not subscribed. Displaying delayed market data. (10167)
2026-06-10 22:24:02,090 - WARNING - ibkr.core.market_data_worker - IBKR market data notice for TSLA: Requested market data is not subscribed. Displaying delayed market data. (10167)
2026-06-10 22:24:02,099 - WARNING - ibkr.core.market_data_worker - IBKR market data notice for PTCT: Requested market data is not subscribed. Displaying delayed market data. (10167)
2026-06-10 22:24:02,276 - WARNING - ibkr.core.market_data_worker - IBKR market data notice for HPQ: Requested market data is not subscribed. Displaying delayed market data. (10167)
2026-06-10 22:24:02,335 - WARNING - ibkr.core.market_data_worker - IBKR market data notice for DELL: Requested market data is not subscribed. Displaying delayed market data. (10167)
2026-06-10 22:24:02,337 - WARNING - ibkr.core.market_data_worker - IBKR market data notice for MTA: Requested market data is not subscribed. Displaying delayed market data. (10167)
2026-06-10 22:24:02,423 - WARNING - ibkr.core.market_data_worker - IBKR market data notice for DRS: Requested market data is not subscribed. Displaying delayed market data. (10167)
2026-06-10 22:24:02,426 - WARNING - ibkr.core.market_data_worker - IBKR market data notice for RDW: Requested market data is not subscribed. Displaying delayed market data. (10167)
2026-06-10 22:24:02,693 - WARNING - ibkr.core.market_data_worker - IBKR market data notice for IONQ: Requested market data is not subscribed. Displaying delayed market data. (10167)
2026-06-10 22:24:02,694 - WARNING - ibkr.core.market_data_worker - IBKR market data notice for GFS: Requested market data is not subscribed. Displaying delayed market data. (10167)
2026-06-10 22:24:02,694 - WARNING - ibkr.core.market_data_worker - IBKR market data notice for QBTS: Requested market data is not subscribed. Displaying delayed market data. (10167)
2026-06-10 22:24:02,694 - WARNING - ibkr.core.market_data_worker - IBKR market data notice for LUNR: Requested market data is not subscribed. Displaying delayed market data. (10167)
2026-06-10 22:24:02,694 - WARNING - ibkr.core.market_data_worker - IBKR market data notice for SIDU: Requested market data is not subscribed. Displaying delayed market data. (10167)
2026-06-10 22:24:02,695 - WARNING - ibkr.core.market_data_worker - IBKR market data notice for DPRO: Requested market data is not subscribed. Displaying delayed market data. (10167)
2026-06-10 22:24:02,695 - WARNING - ibkr.core.market_data_worker - IBKR market data notice for SNDK: Requested market data is not subscribed. Displaying delayed market data. (10167)
2026-06-10 22:24:02,695 - WARNING - ibkr.core.market_data_worker - IBKR market data notice for RKLB: Requested market data is not subscribed. Displaying delayed market data. (10167)
2026-06-10 22:24:02,695 - WARNING - ibkr.core.market_data_worker - IBKR market data notice for SPRC: Requested market data is not subscribed. Displaying delayed market data. (10167)
2026-06-10 22:24:05,451 - INFO - ibkr.core.market_data_worker - Subscribed IBKR market data: ARM key=653400472 type=delayed
2026-06-10 22:24:05,898 - WARNING - ibkr.core.market_data_worker - IBKR market data notice for ARM: Requested market data is not subscribed. Displaying delayed market data. (10167)
2026-06-10 22:24:31,872 - INFO - chart_engine.drawings - Saved global chart settings.
2026-06-10 22:24:32,035 - INFO - chart_engine.drawings - Loaded global chart settings.
2026-06-10 22:24:32,038 - INFO - ibkr.core.main_window - Chart symbol changed to: ARM
2026-06-10 22:24:32,038 - INFO - ibkr.core.main_window - Added chart symbol ARM to subscription
2026-06-10 22:24:32,039 - INFO - ibkr.core.main_window - Ensured subscription for chart symbol ARM
2026-06-10 22:24:32,039 - INFO - chart_engine.core.chart_widget - Chart seamlessly updated: ARM (71 candles)
2026-06-10 22:24:32,125 - INFO - chart_engine.core.chart_widget - Chart seamlessly updated: ARM (347 candles)
2026-06-10 22:24:55,103 - INFO - ibkr.core.data_cache - US market-open cache flush complete; intraday entries cleared
2026-06-10 22:25:05,104 - INFO - chart_engine.core.ibkr_data_fetcher - Chart data source=IBKR symbol=ARM interval=60minute from=2026-04-21T12:55:05.103972-04:00 to=2026-06-10T12:55:05.103972-04:00 dedicated_history=True
2026-06-10 22:25:05,106 - INFO - chart_engine.core.ibkr_data_fetcher - Requesting IBKR historical data: ARM conId=653400472 bar=30 mins duration=50 D end=latest
2026-06-10 22:25:06,512 - INFO - chart_engine.core.ibkr_data_fetcher - Chart data fetch complete source=IBKR symbol=ARM bars=347
2026-06-10 22:25:06,550 - INFO - chart_engine.drawings - Loaded global chart settings.
2026-06-10 22:25:06,551 - INFO - chart_engine.drawings - Saved global chart settings.
2026-06-10 22:25:06,555 - INFO - ibkr.core.main_window - Ensured subscription for chart symbol ARM
2026-06-10 22:25:06,555 - INFO - chart_engine.core.chart_widget - Chart seamlessly updated: ARM (347 candles)
2026-06-10 22:26:04,105 - INFO - chart_engine.core.ibkr_data_fetcher - Chart data source=IBKR symbol=ARM interval=60minute from=2026-04-21T12:56:04.104917-04:00 to=2026-06-10T12:56:04.104917-04:00 dedicated_history=True
2026-06-10 22:26:04,106 - INFO - chart_engine.core.ibkr_data_fetcher - Requesting IBKR historical data: ARM conId=653400472 bar=30 mins duration=50 D end=latest
2026-06-10 22:26:05,433 - INFO - chart_engine.core.ibkr_data_fetcher - Chart data fetch complete source=IBKR symbol=ARM bars=347
2026-06-10 22:26:05,466 - INFO - chart_engine.drawings - Loaded global chart settings.
2026-06-10 22:26:05,467 - INFO - chart_engine.drawings - Saved global chart settings.
2026-06-10 22:26:05,472 - INFO - ibkr.core.main_window - Ensured subscription for chart symbol ARM
2026-06-10 22:26:05,473 - INFO - chart_engine.core.chart_widget - Chart seamlessly updated: ARM (347 candles)
