2026-06-10 20:11:44,058 - INFO - login_setup.login_setup_config - qullamaggie v1.0.0 starting...
2026-06-10 20:11:44,058 - INFO - login_setup.login_setup_config - Logging to file: /home/kavi/Desktop/Python_Projects/swing_trader/logs/qullamaggie_20260610_201144.log
2026-06-10 20:11:44,058 - INFO - login_setup.login_setup_config - Fatal crash diagnostics enabled for all threads.
2026-06-10 20:11:44,058 - INFO - __main__ - 🚀 Starting qullamaggie Application...
2026-06-10 20:11:44,268 - INFO - __main__ - Application icon loaded from: /home/kavi/Desktop/Python_Projects/swing_trader/assets/qullamaggie_swing_trader_icon.svg
2026-06-10 20:11:46,470 - INFO - ib_insync.client - Connecting to 127.0.0.1:4002 with clientId 1...
2026-06-10 20:11:46,471 - INFO - ib_insync.client - Connected
2026-06-10 20:11:46,562 - INFO - ib_insync.client - Logged on to server version 176
2026-06-10 20:11:46,652 - INFO - ib_insync.client - API connection ready
2026-06-10 20:11:47,405 - INFO - __main__ - Authenticated for broker: america
2026-06-10 20:11:47,406 - INFO - __main__ - Initializing trading and data clients...
2026-06-10 20:11:47,407 - INFO - login_setup.broker_factory - Creating america client for live trading
2026-06-10 20:11:47,407 - INFO - login_setup.broker_factory - IBKR client created with accounts: ['DUQ624205']
2026-06-10 20:11:47,425 - INFO - ibkr.core.trading_client - Subscribed to IBKR real-time order events
2026-06-10 20:11:47,425 - INFO - ibkr.core.trading_client - IBKR trading client startup snapshots deferred; using local cache/event sync
2026-06-10 20:11:47,426 - INFO - __main__ - Trading client created; creating data client...
2026-06-10 20:11:47,426 - INFO - login_setup.broker_factory - Creating data client for america
2026-06-10 20:11:47,426 - INFO - __main__ - Data client created; validating connection state...
2026-06-10 20:11:47,427 - INFO - __main__ - Trading client connected: True
2026-06-10 20:11:47,429 - INFO - __main__ - Data client connected: True
2026-06-10 20:11:47,429 - INFO - __main__ - Clients initialized successfully.
2026-06-10 20:11:47,429 - INFO - login_setup.broker_factory - Added america client to manager
2026-06-10 20:11:47,430 - INFO - login_setup.broker_factory - Started connection monitoring for america
2026-06-10 20:11:47,430 - INFO - __main__ - Creating main window for america...
2026-06-10 20:11:47,430 - INFO - login_setup.broker_factory - Dynamically loading main window from: ibkr.core.main_window
2026-06-10 20:11:48,734 - INFO - ibkr.core.trade_logger - Trade history database for 'live' mode at: /home/kavi/.qullamaggie/trade_history_live.db
2026-06-10 20:11:48,735 - INFO - ibkr.core.trade_logger - TradeLogger initialized with background processing
2026-06-10 20:11:48,736 - INFO - ibkr.core.trade_logger - DatabaseWorker processing started
2026-06-10 20:11:48,739 - INFO - ibkr.core.position_manager - ✅ Connected to trader.order_status_updated signal - orders will sync immediately
2026-06-10 20:11:48,739 - INFO - ibkr.core.position_manager - ✅ Connected to trader.position_updated signal - positions will sync immediately
2026-06-10 20:11:48,739 - INFO - ibkr.core.position_manager - ✅ Connected to trader.connection_status_changed signal
2026-06-10 20:11:48,740 - INFO - ibkr.core.trade_logger - Database initialization completed
2026-06-10 20:11:48,742 - INFO - ibkr.core.stop_loss_manager - Restored 1 active SL record(s) from database
2026-06-10 20:11:48,791 - INFO - ibkr.widgets.scanner_table - Loaded 19 valid scan configurations
2026-06-10 20:11:48,807 - INFO - ibkr.widgets.scanner_table - Scanner table ready for context-aware navigation
2026-06-10 20:11:48,815 - INFO - ibkr.widgets.scanner_table - Running EOD Finviz scan: Semiconductors
2026-06-10 20:11:48,818 - INFO - chart_engine.core.ibkr_data_fetcher - Pre-warming dedicated IBKR history connection...
2026-06-10 20:11:48,824 - INFO - ib_insync.client - Connecting to 127.0.0.1:4002 with clientId 102...
2026-06-10 20:11:48,826 - INFO - chart_engine.drawings - Loaded global chart settings.
2026-06-10 20:11:49,143 - INFO - chart_engine.core.ibkr_data_fetcher - Chart data source=IBKR symbol=BAX interval=day from=2025-05-06T10:41:49.143073-04:00 to=2026-06-10T10:41:49.143073-04:00 dedicated_history=True
2026-06-10 20:11:49,443 - INFO - chart_engine.core.ibkr_data_fetcher - IBKR chart history connected on 127.0.0.1:4002 clientId=102
2026-06-10 20:11:49,448 - INFO - ibkr.core.data_cache - MarketAwareDataCache initialised for IBKR/US market time
2026-06-10 20:11:49,452 - INFO - chart_engine.core.ibkr_data_fetcher - Chart data source=IBKR symbol=BAX interval=60minute from=2026-04-21T10:41:49.452060-04:00 to=2026-06-10T10:41:49.452060-04:00 dedicated_history=True
2026-06-10 20:11:49,649 - INFO - chart_engine.drawings - Saved global chart settings.
2026-06-10 20:11:50,059 - INFO - ibkr.core.alert_management_system - Loaded 0 alerts from disk
2026-06-10 20:11:50,060 - INFO - ibkr.core.alert_management_system - AlertSystemManager ready
2026-06-10 20:11:50,061 - INFO - ibkr.core.main_window - Alert system initialized successfully.
2026-06-10 20:11:50,061 - INFO - ibkr.core.alert_management_system - AlertEngine started
2026-06-10 20:11:50,069 - INFO - ibkr.core.main_window - Connecting component signals...
2026-06-10 20:11:50,070 - INFO - ibkr.core.main_window - IBKR order lifecycle UI signals connected
2026-06-10 20:11:50,072 - INFO - ib_insync.client - Connecting to 127.0.0.1:4002 with clientId 101...
2026-06-10 20:11:50,087 - INFO - ibkr.core.main_window - Keyboard shortcuts initialized
2026-06-10 20:11:50,458 - INFO - ibkr.core.main_window - Window state restored
2026-06-10 20:11:50,460 - INFO - ibkr.core.main_window - Applied startup chart timeframes: left=day, right=60minute
2026-06-10 20:11:50,461 - INFO - ibkr.core.main_window - Simplified qullamaggie Window with Status Bar Initialized Successfully.
2026-06-10 20:11:50,462 - INFO - __main__ - Main window created successfully.
2026-06-10 20:11:50,569 - INFO - ibkr.core.market_data_worker - Dedicated IBKR market-data connection established on 127.0.0.1:4002 clientId=101
2026-06-10 20:11:50,569 - INFO - ibkr.core.market_data_worker - IBKR MarketDataWorker started
2026-06-10 20:11:50,589 - INFO - __main__ - Starting application event loop.
2026-06-10 20:11:50,590 - INFO - ibkr.core.market_data_worker - Requested IBKR delayed market data type (3); delayed fallback=False; generic ticks=''
2026-06-10 20:11:51,058 - INFO - chart_engine.core.ibkr_data_fetcher - Requesting IBKR historical data: BAX conId=8111188 bar=1 day duration=2 Y end=latest
2026-06-10 20:11:51,073 - INFO - chart_engine.core.ibkr_data_fetcher - Requesting IBKR historical data: BAX conId=8111188 bar=30 mins duration=50 D end=latest
2026-06-10 20:11:51,316 - INFO - ibkr.core.main_window - IBKR loader: Building initial instrument list...
2026-06-10 20:11:51,475 - WARNING - ibkr.core.main_window - IBKR market data is delayed (delayed); live subscription is unavailable.
2026-06-10 20:11:51,476 - INFO - ibkr.core.main_window - Added 1 widget market-data subscriptions (0 token-backed)
2026-06-10 20:11:53,178 - INFO - ibkr.widgets.scanner_table - EOD Scan completed: 32 symbols with complete data
2026-06-10 20:11:54,961 - INFO - ibkr.core.market_data_worker - Subscribed IBKR market data: BAX key=8111188 type=delayed
2026-06-10 20:11:55,728 - WARNING - ibkr.core.market_data_worker - IBKR market data notice for BAX: Requested market data is not subscribed. Displaying delayed market data. (10167)
2026-06-10 20:11:55,803 - INFO - chart_engine.core.ibkr_data_fetcher - Chart data fetch complete source=IBKR symbol=BAX bars=276
2026-06-10 20:11:57,627 - INFO - chart_engine.core.ibkr_data_fetcher - Chart data fetch complete source=IBKR symbol=BAX bars=344
2026-06-10 20:12:20,420 - WARNING - __main__ - Signal 2 received, initiating shutdown.
2026-06-10 20:12:20,420 - INFO - __main__ - Shutting down and cleaning up resources...
2026-06-10 20:12:20,421 - INFO - ibkr.core.shutdown_manager - closeEvent received — beginning fast IBKR shutdown
2026-06-10 20:12:20,422 - INFO - ibkr.core.shutdown_manager - === Fast IBKR window-close shutdown starting ===
2026-06-10 20:12:20,422 - INFO - ibkr.core.shutdown_manager - Shutdown: [save_window_state]…
2026-06-10 20:12:20,423 - INFO - ibkr.core.main_window - Window state saved
2026-06-10 20:12:20,423 - INFO - ibkr.core.shutdown_manager - Shutdown: [save_window_state] ✓
2026-06-10 20:12:20,424 - INFO - ibkr.core.main_window - WebSocket connected. Setting up subscriptions.
2026-06-10 20:12:20,424 - INFO - ibkr.core.position_manager - Fetching positions from broker - Reason: ibkr_connected
2026-06-10 20:12:20,435 - INFO - ibkr.core.main_window - Added 20 widget market-data subscriptions (20 token-backed)
2026-06-10 20:12:20,459 - INFO - ibkr.core.position_manager - Position table changed: 20 open positions | open MTM -24387.22 | realized 0.00
2026-06-10 20:12:20,523 - INFO - ibkr.core.main_window - Successfully loaded 4342 instruments.
2026-06-10 20:12:20,525 - INFO - ibkr.widgets.header_toolbar - Search index ready: 4342 instruments
2026-06-10 20:12:20,561 - INFO - ibkr.core.main_window - Instruments loaded successfully.
2026-06-10 20:12:20,582 - INFO - ibkr.core.main_window - IBKR loader: Loaded 181 symbols (qualifying in background...)
