2026-06-10 23:54:55,285 - INFO - login_setup.login_setup_config - qullamaggie v1.0.0 starting...
2026-06-10 23:54:55,285 - INFO - login_setup.login_setup_config - Logging to file: /home/kavi/Desktop/Python_Projects/swing_trader/logs/qullamaggie_20260610_235455.log
2026-06-10 23:54:55,285 - INFO - login_setup.login_setup_config - Fatal crash diagnostics enabled for all threads.
2026-06-10 23:54:55,285 - INFO - __main__ - 🚀 Starting qullamaggie Application...
2026-06-10 23:54:55,424 - INFO - __main__ - Application icon loaded from: /home/kavi/Desktop/Python_Projects/swing_trader/assets/qullamaggie_swing_trader_icon.svg
2026-06-10 23:54:57,456 - INFO - __main__ - Authenticated for broker: india
2026-06-10 23:54:57,457 - INFO - __main__ - Initializing trading and data clients...
2026-06-10 23:54:57,458 - INFO - login_setup.broker_factory - Creating india client for paper trading
2026-06-10 23:54:57,496 - INFO - kite.utils.base_paper_trader - BasePaperTrader (kite) initialised — balance: ₹1,000,000.00
2026-06-10 23:54:57,497 - INFO - __main__ - Trading client created; creating data client...
2026-06-10 23:54:57,497 - INFO - login_setup.broker_factory - Creating data client for india
2026-06-10 23:54:57,519 - INFO - kite.core.relay_integration - No routing config found — using direct Kite client
2026-06-10 23:54:57,519 - INFO - __main__ - Data client created; validating connection state...
2026-06-10 23:54:57,519 - INFO - __main__ - Trading client connected: True
2026-06-10 23:54:57,829 - INFO - __main__ - Data client connected: True
2026-06-10 23:54:57,830 - INFO - __main__ - Clients initialized successfully.
2026-06-10 23:54:57,830 - INFO - login_setup.broker_factory - Added india client to manager
2026-06-10 23:54:57,830 - INFO - __main__ - Creating main window for india...
2026-06-10 23:54:57,830 - INFO - login_setup.broker_factory - Dynamically loading main window from: kite.core.main_window
2026-06-10 23:54:58,867 - INFO - kite.core.trade_logger - TradeLogger [kite/paper] → /home/kavi/.qullamaggie/trade_history_kite_paper.db
2026-06-10 23:54:58,931 - INFO - kite.core.position_manager - PositionManager: WebSocket available — order tracking via WS postbacks
2026-06-10 23:54:58,931 - INFO - kite.utils.paper_trading_manager - KitePaperTradingManager integrated — unified order pipeline active
2026-06-10 23:54:58,973 - INFO - kite.widgets.scanner_table - Loaded 1 valid scan configurations
2026-06-10 23:54:58,985 - INFO - kite.widgets.scanner_table - Scanner table ready for context-aware navigation
2026-06-10 23:54:58,991 - INFO - kite.widgets.scanner_table - Running EOD Chartink scan: Example: Above 20 SMA
2026-06-10 23:54:58,994 - INFO - chart_engine.drawings - Loaded global chart settings.
2026-06-10 23:54:59,186 - INFO - chart_engine.core.chart_widget - Deferring chart load for APOLLOHOSP until instruments are available
2026-06-10 23:54:59,325 - INFO - kite.core.data_cache - MarketAwareDataCache initialised (IST-aware, daily-bars exempt from pre-market eviction)
2026-06-10 23:54:59,438 - INFO - chart_engine.drawings - Saved global chart settings.
2026-06-10 23:54:59,630 - INFO - kite.core.alert_management_system - Loaded 0 alerts from disk
2026-06-10 23:54:59,631 - INFO - kite.core.alert_management_system - AlertSystemManager ready
2026-06-10 23:54:59,631 - INFO - kite.core.main_window - Alert system initialized successfully.
2026-06-10 23:54:59,632 - INFO - kite.core.alert_management_system - AlertEngine started
2026-06-10 23:54:59,633 - INFO - kite.core.market_data_worker - MarketDataWorker starting…
2026-06-10 23:54:59,633 - INFO - kite.core.instrument_loader - Using cached instruments (age: 0:03:01.872659)
2026-06-10 23:54:59,663 - INFO - kite.core.main_window - Connecting component signals...
2026-06-10 23:54:59,739 - INFO - kite.core.instrument_loader - Loaded 22401 instruments from cache
2026-06-10 23:54:59,740 - INFO - kite.core.main_window - Keyboard shortcuts initialized
2026-06-10 23:54:59,956 - INFO - kite.core.main_window - Window state restored
2026-06-10 23:55:00,037 - INFO - kite.core.main_window - Applied startup dual-chart timeframes: left=day, right=60minute
2026-06-10 23:55:00,043 - INFO - kite.core.main_window - Simplified qullamaggie Window with Status Bar Initialized Successfully.
2026-06-10 23:55:00,049 - INFO - __main__ - Main window created successfully.
2026-06-10 23:55:00,132 - INFO - __main__ - Starting application event loop.
2026-06-10 23:55:00,206 - INFO - kite.core.market_data_worker - WebSocket connected — subscribing instruments
2026-06-10 23:55:00,732 - INFO - kite.core.main_window - Instruments: Using cached instruments
2026-06-10 23:55:00,761 - INFO - kite.widgets.scanner_table - EOD Scan completed: 171 symbols with complete data
2026-06-10 23:55:02,778 - INFO - kite.core.main_window - WebSocket connected. Setting up subscriptions.
2026-06-10 23:55:02,853 - INFO - kite.widgets.scanner_table - EOD Scanner table updated with 171 symbols.
2026-06-10 23:55:03,182 - INFO - kite.core.main_window - Successfully loaded 22401 instruments.
2026-06-10 23:55:03,183 - INFO - kite.widgets.header_toolbar - Search index ready: 20133 instruments
2026-06-10 23:55:03,193 - INFO - chart_engine.core.chart_widget - Resolved token for restored symbol APOLLOHOSP after instrument load
2026-06-10 23:55:03,254 - INFO - kite.utils.paper_trading_manager - PaperTradingManager: loaded 20133 instruments
2026-06-10 23:55:03,255 - INFO - kite.core.main_window - Paper trader instrument map updated
2026-06-10 23:55:03,313 - INFO - kite.core.main_window - Instruments loaded successfully.
2026-06-10 23:55:03,564 - INFO - kite.core.main_window - Position system initialized successfully
2026-06-10 23:55:03,582 - INFO - kite.core.network_monitor - NetworkMonitor started
2026-06-10 23:55:03,582 - INFO - kite.core.main_window - Network resilience layer initialized
2026-06-10 23:55:03,797 - INFO - kite.core.main_window - Chart panes revealed after initial symbol render: APOLLOHOSP
2026-06-10 23:55:03,797 - INFO - kite.core.main_window - Chart symbol changed to: APOLLOHOSP
2026-06-10 23:55:03,798 - INFO - kite.core.main_window - Added chart symbol APOLLOHOSP to subscription
2026-06-10 23:55:03,798 - INFO - chart_engine.core.chart_widget - Chart HTML loaded: APOLLOHOSP (677 candles)
2026-06-10 23:55:03,959 - INFO - chart_engine.core.chart_widget - Chart HTML loaded: APOLLOHOSP (462 candles)
2026-06-10 23:55:04,133 - INFO - kite.core.main_window - Watchlist changed - updating subscriptions
2026-06-10 23:55:04,135 - INFO - kite.core.main_window - Added chart token: 40193
2026-06-10 23:55:04,135 - INFO - kite.core.main_window - Added 0 watchlist tokens
2026-06-10 23:55:04,177 - INFO - kite.core.main_window - Added 2 header ticker tokens
2026-06-10 23:55:04,178 - INFO - kite.core.main_window - Updated subscription universe to 3 tokens
2026-06-10 23:55:04,264 - INFO - kite.core.main_window - Chart auto-loading initiated
2026-06-10 23:55:04,467 - INFO - kite.core.network_monitor - Network confirmed online at startup
2026-06-10 23:55:16,384 - INFO - chart_engine.drawings - Loaded global chart settings.
2026-06-10 23:55:16,388 - INFO - chart_engine.drawings - Saved global chart settings.
2026-06-10 23:55:29,403 - INFO - kite.core.main_window - Watchlist changed - updating subscriptions
2026-06-10 23:55:29,403 - INFO - kite.core.main_window - Added chart token: 40193
2026-06-10 23:55:29,403 - INFO - kite.core.main_window - Added 0 watchlist tokens
2026-06-10 23:55:29,482 - INFO - kite.core.main_window - Added 2 header ticker tokens
2026-06-10 23:55:29,482 - INFO - kite.core.main_window - Updated subscription universe to 3 tokens
2026-06-10 23:55:59,103 - INFO - kite.core.data_cache - Market-open flush complete (IST date=2026-06-10, IST time=23:55:59.103363) — intraday cache entries cleared (daily/weekly/monthly entries preserved)
2026-06-10 23:55:59,403 - INFO - kite.core.main_window - Watchlist changed - updating subscriptions
2026-06-10 23:55:59,403 - INFO - kite.core.main_window - Added chart token: 40193
2026-06-10 23:55:59,404 - INFO - kite.core.main_window - Added 0 watchlist tokens
2026-06-10 23:55:59,498 - INFO - kite.core.main_window - Added 2 header ticker tokens
2026-06-10 23:55:59,498 - INFO - kite.core.main_window - Updated subscription universe to 3 tokens
2026-06-10 23:56:05,364 - INFO - chart_engine.drawings - Loaded global chart settings.
2026-06-10 23:56:05,366 - INFO - chart_engine.drawings - Saved global chart settings.
2026-06-10 23:56:05,378 - INFO - chart_engine.core.chart_widget - Chart seamlessly updated: APOLLOHOSP (462 candles)
2026-06-10 23:56:29,403 - INFO - kite.core.main_window - Watchlist changed - updating subscriptions
2026-06-10 23:56:29,404 - INFO - kite.core.main_window - Added chart token: 40193
2026-06-10 23:56:29,404 - INFO - kite.core.main_window - Added 0 watchlist tokens
2026-06-10 23:56:29,498 - INFO - kite.core.main_window - Added 2 header ticker tokens
2026-06-10 23:56:29,498 - INFO - kite.core.main_window - Updated subscription universe to 3 tokens
2026-06-10 23:56:59,403 - INFO - kite.core.main_window - Watchlist changed - updating subscriptions
2026-06-10 23:56:59,404 - INFO - kite.core.main_window - Added chart token: 40193
2026-06-10 23:56:59,404 - INFO - kite.core.main_window - Added 0 watchlist tokens
2026-06-10 23:56:59,493 - INFO - kite.core.main_window - Added 2 header ticker tokens
2026-06-10 23:56:59,493 - INFO - kite.core.main_window - Updated subscription universe to 3 tokens
2026-06-10 23:57:05,392 - INFO - chart_engine.drawings - Loaded global chart settings.
2026-06-10 23:57:05,395 - INFO - chart_engine.drawings - Saved global chart settings.
2026-06-10 23:57:05,400 - INFO - chart_engine.core.chart_widget - Chart seamlessly updated: APOLLOHOSP (462 candles)
2026-06-10 23:57:16,212 - INFO - kite.core.main_window - Pending orders dialog opened
2026-06-10 23:57:26,556 - INFO - kite.core.main_window - Added 1 new tokens to subscription
2026-06-10 23:57:27,172 - INFO - chart_engine.drawings - Loaded global chart settings.
2026-06-10 23:57:27,173 - INFO - chart_engine.drawings - Saved global chart settings.
2026-06-10 23:57:27,180 - INFO - chart_engine.core.chart_widget - Chart seamlessly updated: APARINDS (462 candles)
2026-06-10 23:57:27,220 - INFO - kite.core.main_window - Chart symbol changed to: APARINDS
2026-06-10 23:57:27,221 - INFO - kite.core.main_window - Added chart symbol APARINDS to subscription
2026-06-10 23:57:27,221 - INFO - chart_engine.core.chart_widget - Chart seamlessly updated: APARINDS (677 candles)
2026-06-10 23:57:27,506 - INFO - kite.core.main_window - Watchlist changed - updating subscriptions
2026-06-10 23:57:27,506 - INFO - kite.core.main_window - Added chart token: 2941697
2026-06-10 23:57:27,507 - INFO - kite.core.main_window - Added 0 watchlist tokens
2026-06-10 23:57:27,576 - INFO - kite.core.main_window - Added 2 header ticker tokens
2026-06-10 23:57:27,577 - INFO - kite.core.main_window - Updated subscription universe to 3 tokens
2026-06-10 23:57:29,576 - INFO - kite.core.main_window - Added chart token: 3486721
2026-06-10 23:57:29,719 - INFO - chart_engine.core.chart_widget - Chart seamlessly updated: ANANTRAJ (462 candles)
2026-06-10 23:57:29,813 - INFO - kite.core.main_window - Chart symbol changed to: ANANTRAJ
2026-06-10 23:57:29,813 - INFO - kite.core.main_window - Added chart symbol ANANTRAJ to subscription
2026-06-10 23:57:29,814 - INFO - chart_engine.core.chart_widget - Chart seamlessly updated: ANANTRAJ (677 candles)
2026-06-10 23:57:32,202 - INFO - chart_engine.drawings - Loaded state for ANGELONE (60minute) — 0 drawings
2026-06-10 23:57:32,240 - INFO - chart_engine.core.chart_widget - Chart seamlessly updated: ANGELONE (462 candles)
2026-06-10 23:57:32,294 - INFO - chart_engine.drawings - Loaded state for ANGELONE (day) — 0 drawings
2026-06-10 23:57:32,306 - INFO - kite.core.main_window - Chart symbol changed to: ANGELONE
2026-06-10 23:57:32,307 - INFO - kite.core.main_window - Added chart symbol ANGELONE to subscription
2026-06-10 23:57:32,307 - INFO - chart_engine.core.chart_widget - Chart seamlessly updated: ANGELONE (677 candles)
2026-06-10 23:57:32,603 - INFO - kite.core.main_window - Added chart token: 82945
2026-06-10 23:57:59,403 - INFO - kite.core.main_window - Watchlist changed - updating subscriptions
2026-06-10 23:57:59,403 - INFO - kite.core.main_window - Added chart token: 82945
2026-06-10 23:57:59,404 - INFO - kite.core.main_window - Added 0 watchlist tokens
2026-06-10 23:57:59,488 - INFO - kite.core.main_window - Added 2 header ticker tokens
2026-06-10 23:57:59,489 - INFO - kite.core.main_window - Updated subscription universe to 3 tokens
2026-06-10 23:58:05,395 - INFO - chart_engine.drawings - Loaded state for ANGELONE (60minute) — 0 drawings
2026-06-10 23:58:05,396 - INFO - chart_engine.drawings - Loaded global chart settings.
2026-06-10 23:58:05,397 - INFO - chart_engine.drawings - Saved global chart settings.
2026-06-10 23:58:05,408 - INFO - chart_engine.core.chart_widget - Chart seamlessly updated: ANGELONE (462 candles)
2026-06-10 23:58:08,592 - INFO - kite.core.shutdown_manager - closeEvent received — beginning graceful shutdown
2026-06-10 23:58:08,593 - INFO - kite.core.shutdown_manager - === Application shutdown sequence starting ===
2026-06-10 23:58:08,593 - INFO - kite.core.shutdown_manager - Shutdown: [save_window_state]…
2026-06-10 23:58:08,595 - INFO - kite.core.main_window - Window state saved
2026-06-10 23:58:08,595 - INFO - kite.core.shutdown_manager - Shutdown: [save_window_state] ✓
2026-06-10 23:58:08,599 - INFO - kite.core.shutdown_manager - Shutdown: [stop_alert_system]…
2026-06-10 23:58:08,599 - INFO - kite.core.alert_management_system - AlertEngine stopped
2026-06-10 23:58:08,600 - INFO - kite.core.alert_management_system - AlertSystemManager stopped
2026-06-10 23:58:08,600 - INFO - kite.core.shutdown_manager - Shutdown: [stop_alert_system] ✓
2026-06-10 23:58:08,601 - INFO - kite.core.shutdown_manager - Shutdown: [stop_chart_operations]…
2026-06-10 23:58:08,601 - INFO - kite.core.shutdown_manager - Shutdown: [stop_chart_operations] ✓
2026-06-10 23:58:08,601 - INFO - kite.core.shutdown_manager - Shutdown: [stop_position_manager]…
2026-06-10 23:58:08,602 - INFO - kite.core.position_manager - PositionManager stopped
2026-06-10 23:58:08,602 - INFO - kite.core.shutdown_manager - Shutdown: [stop_position_manager] ✓
2026-06-10 23:58:08,604 - INFO - kite.core.shutdown_manager - Shutdown: [stop_sl_manager]…
2026-06-10 23:58:08,604 - INFO - kite.core.shutdown_manager - Shutdown: [stop_sl_manager] ✓
2026-06-10 23:58:08,605 - INFO - kite.core.shutdown_manager - Shutdown: [stop_market_data_worker]…
2026-06-10 23:58:08,605 - WARNING - kite.core.shutdown_manager - Cancel subscriptions failed (non-critical): 'MarketDataWorker' object has no attribute '_cancel_all_subscriptions'
2026-06-10 23:58:08,606 - INFO - kite.core.market_data_worker - Stopping IBKR MarketDataWorker…
2026-06-10 23:58:08,607 - ERROR - kite.core.shutdown_manager - MarketDataWorker.stop() raised: 'MarketDataWorker' object has no attribute '_commands'
2026-06-10 23:58:08,607 - INFO - kite.core.shutdown_manager - Shutdown: [stop_market_data_worker] ✓
2026-06-10 23:58:08,607 - INFO - kite.core.shutdown_manager - Shutdown: [stop_trade_logger]…
2026-06-10 23:58:08,607 - INFO - kite.core.trade_logger - TradeLogger cleanup — draining DB queue…
2026-06-10 23:58:08,608 - INFO - kite.core.trade_logger - DatabaseWorker stopping — draining queue…
2026-06-10 23:58:08,608 - INFO - kite.core.trade_logger - DatabaseWorker stopped
2026-06-10 23:58:08,612 - INFO - kite.core.trade_logger - TradeLogger cleanup complete
2026-06-10 23:58:08,613 - INFO - kite.core.shutdown_manager - Shutdown: [stop_trade_logger] ✓
2026-06-10 23:58:08,615 - INFO - kite.core.shutdown_manager - Shutdown: [stop_ip_manager]…
2026-06-10 23:58:08,616 - INFO - kite.core.shutdown_manager - Shutdown: [stop_ip_manager] ✓
2026-06-10 23:58:08,617 - INFO - kite.core.shutdown_manager - Shutdown: [stop_remaining_timers]…
2026-06-10 23:58:08,642 - INFO - kite.core.shutdown_manager - Shutdown: [stop_remaining_timers] ✓
2026-06-10 23:58:08,642 - INFO - kite.core.shutdown_manager - Shutdown: [stop_qthreads]…
2026-06-10 23:58:08,650 - INFO - kite.core.shutdown_manager - Shutdown: [stop_qthreads] ✓
2026-06-10 23:58:08,651 - INFO - kite.core.shutdown_manager - === Application shutdown complete ===
2026-06-10 23:58:08,667 - INFO - __main__ - Shutting down and cleaning up resources...
2026-06-10 23:58:08,667 - INFO - login_setup.broker_factory - Removed india client from manager
2026-06-10 23:58:08,667 - INFO - __main__ - Cleanup complete.
