2026-06-10 19:18:48,131 - INFO - login_setup.login_setup_config - qullamaggie v1.0.0 starting...
2026-06-10 19:18:48,132 - INFO - login_setup.login_setup_config - Logging to file: /home/kavi/Desktop/Python_Projects/swing_trader/logs/qullamaggie_20260610_191848.log
2026-06-10 19:18:48,132 - INFO - login_setup.login_setup_config - Fatal crash diagnostics enabled for all threads.
2026-06-10 19:18:48,132 - INFO - __main__ - 🚀 Starting qullamaggie Application...
2026-06-10 19:18:48,376 - INFO - __main__ - Application icon loaded from: /home/kavi/Desktop/Python_Projects/swing_trader/assets/qullamaggie_swing_trader_icon.svg
2026-06-10 19:18:51,152 - INFO - ib_insync.client - Connecting to 127.0.0.1:4002 with clientId 1...
2026-06-10 19:18:51,153 - INFO - ib_insync.client - Connected
2026-06-10 19:18:51,176 - INFO - ib_insync.client - Logged on to server version 176
2026-06-10 19:18:51,220 - INFO - ib_insync.client - API connection ready
2026-06-10 19:18:51,674 - INFO - __main__ - Authenticated for broker: america
2026-06-10 19:18:51,674 - INFO - __main__ - Initializing trading and data clients...
2026-06-10 19:18:51,674 - INFO - login_setup.broker_factory - Creating america client for live trading
2026-06-10 19:18:51,674 - INFO - login_setup.broker_factory - IBKR client created with accounts: ['DUQ624205']
2026-06-10 19:18:51,687 - INFO - ibkr.core.trading_client - Subscribed to IBKR real-time order events
2026-06-10 19:18:51,687 - INFO - ibkr.core.trading_client - IBKR trading client startup snapshots deferred; using local cache/event sync
2026-06-10 19:18:51,688 - INFO - __main__ - Trading client created; creating data client...
2026-06-10 19:18:51,688 - INFO - login_setup.broker_factory - Creating data client for america
2026-06-10 19:18:51,688 - INFO - __main__ - Data client created; validating connection state...
2026-06-10 19:18:51,689 - INFO - __main__ - Trading client connected: True
2026-06-10 19:18:51,690 - INFO - __main__ - Data client connected: True
2026-06-10 19:18:51,690 - INFO - __main__ - Clients initialized successfully.
2026-06-10 19:18:51,690 - INFO - login_setup.broker_factory - Added america client to manager
2026-06-10 19:18:51,691 - INFO - login_setup.broker_factory - Started connection monitoring for america
2026-06-10 19:18:51,691 - INFO - __main__ - Creating main window for america...
2026-06-10 19:18:51,691 - INFO - login_setup.broker_factory - Dynamically loading main window from: ibkr.core.main_window
2026-06-10 19:18:53,979 - INFO - ibkr.core.trade_logger - Trade history database for 'live' mode at: /home/kavi/.qullamaggie/trade_history_live.db
2026-06-10 19:18:53,980 - INFO - ibkr.core.trade_logger - TradeLogger initialized with background processing
2026-06-10 19:18:53,981 - INFO - ibkr.core.trade_logger - DatabaseWorker processing started
2026-06-10 19:18:53,983 - INFO - ibkr.core.position_manager - ✅ Connected to trader.order_status_updated signal - orders will sync immediately
2026-06-10 19:18:53,984 - INFO - ibkr.core.position_manager - ✅ Connected to trader.position_updated signal - positions will sync immediately
2026-06-10 19:18:53,984 - INFO - ibkr.core.position_manager - ✅ Connected to trader.connection_status_changed signal
2026-06-10 19:18:53,984 - INFO - ibkr.core.trade_logger - Database initialization completed
2026-06-10 19:18:53,986 - INFO - ibkr.core.stop_loss_manager - Restored 1 active SL record(s) from database
2026-06-10 19:18:53,987 - ERROR - ibkr.core.main_window - Failed to subscribe to tokens: 'QullamaggieWindow' object has no attribute 'market_data_worker'
2026-06-10 19:18:54,053 - INFO - ibkr.widgets.scanner_table - Loaded 19 valid scan configurations
2026-06-10 19:18:54,071 - INFO - ibkr.widgets.scanner_table - Scanner table ready for context-aware navigation
2026-06-10 19:18:54,078 - INFO - ibkr.widgets.scanner_table - Running EOD Finviz scan: Semiconductors
2026-06-10 19:18:54,083 - INFO - chart_engine.core.ibkr_data_fetcher - Pre-warming dedicated IBKR history connection...
2026-06-10 19:18:54,088 - INFO - ib_insync.client - Connecting to 127.0.0.1:4002 with clientId 102...
2026-06-10 19:18:54,094 - INFO - chart_engine.drawings - Loaded global chart settings.
2026-06-10 19:18:54,548 - INFO - chart_engine.core.ibkr_data_fetcher - Chart data source=IBKR symbol=BAX interval=day from=2025-05-06T09:48:54.548562-04:00 to=2026-06-10T09:48:54.548562-04:00 dedicated_history=True
2026-06-10 19:18:54,594 - INFO - chart_engine.core.ibkr_data_fetcher - IBKR chart history connected on 127.0.0.1:4002 clientId=102
2026-06-10 19:18:54,764 - INFO - ibkr.core.data_cache - MarketAwareDataCache initialised for IBKR/US market time
2026-06-10 19:18:54,766 - INFO - chart_engine.core.ibkr_data_fetcher - Chart data source=IBKR symbol=BAX interval=60minute from=2026-04-21T09:48:54.766702-04:00 to=2026-06-10T09:48:54.766702-04:00 dedicated_history=True
2026-06-10 19:18:54,909 - INFO - chart_engine.drawings - Saved global chart settings.
2026-06-10 19:18:55,188 - INFO - chart_engine.core.ibkr_data_fetcher - Requesting IBKR historical data: BAX conId=8111188 bar=1 day duration=2 Y end=latest
2026-06-10 19:18:55,229 - INFO - ibkr.core.alert_management_system - Loaded 0 alerts from disk
2026-06-10 19:18:55,229 - INFO - ibkr.core.alert_management_system - AlertSystemManager ready
2026-06-10 19:18:55,230 - INFO - ibkr.core.alert_management_system - AlertEngine started
2026-06-10 19:18:55,230 - INFO - ibkr.core.main_window - Alert system initialized successfully.
2026-06-10 19:18:55,234 - INFO - ibkr.core.main_window - Connecting component signals...
2026-06-10 19:18:55,236 - INFO - ibkr.core.main_window - IBKR order lifecycle UI signals connected
2026-06-10 19:18:55,237 - INFO - ib_insync.client - Connecting to 127.0.0.1:4002 with clientId 101...
2026-06-10 19:18:55,252 - INFO - ibkr.core.main_window - Keyboard shortcuts initialized
2026-06-10 19:18:55,342 - INFO - chart_engine.core.ibkr_data_fetcher - Requesting IBKR historical data: BAX conId=8111188 bar=30 mins duration=50 D end=latest
2026-06-10 19:18:55,595 - INFO - ibkr.core.market_data_worker - Dedicated IBKR market-data connection established on 127.0.0.1:4002 clientId=101
2026-06-10 19:18:55,596 - INFO - ibkr.core.market_data_worker - IBKR MarketDataWorker started
2026-06-10 19:18:55,596 - INFO - ibkr.core.main_window - Window state restored
2026-06-10 19:18:55,596 - INFO - ibkr.core.main_window - Applied startup chart timeframes: left=day, right=60minute
2026-06-10 19:18:55,598 - INFO - ibkr.core.main_window - Simplified qullamaggie Window with Status Bar Initialized Successfully.
2026-06-10 19:18:55,598 - INFO - ibkr.core.market_data_worker - Requested IBKR delayed market data type (3); delayed fallback=False; generic ticks=''
2026-06-10 19:18:55,599 - INFO - __main__ - Main window created successfully.
2026-06-10 19:18:55,668 - INFO - __main__ - Starting application event loop.
2026-06-10 19:18:56,472 - INFO - chart_engine.core.ibkr_data_fetcher - Chart data fetch complete source=IBKR symbol=BAX bars=276
2026-06-10 19:18:56,620 - INFO - ibkr.core.main_window - IBKR loader: Building initial instrument list...
2026-06-10 19:18:56,622 - WARNING - ibkr.core.main_window - IBKR market data is delayed (delayed); live subscription is unavailable.
2026-06-10 19:18:56,632 - INFO - ibkr.core.main_window - WebSocket connected. Setting up subscriptions.
2026-06-10 19:18:56,632 - INFO - ibkr.core.position_manager - Fetching positions from broker - Reason: ibkr_connected
2026-06-10 19:18:56,879 - INFO - ibkr.core.main_window - Added 20 widget market-data subscriptions (20 token-backed)
2026-06-10 19:18:56,909 - INFO - ibkr.core.chart_lines_manager - Set position line for BAX: BUY 10 @ 19.45
2026-06-10 19:18:56,919 - INFO - ibkr.core.chart_lines_manager - Set position line for DELL: BUY 1000 @ 398.77
2026-06-10 19:18:56,929 - INFO - ibkr.core.chart_lines_manager - Set position line for DPRO: BUY 1 @ 6.35
2026-06-10 19:18:56,930 - INFO - ibkr.core.chart_lines_manager - Set position line for DRS: BUY 1000 @ 48.47
2026-06-10 19:18:57,014 - INFO - ibkr.core.chart_lines_manager - Set position line for GFS: BUY 10 @ 79.08
2026-06-10 19:18:57,015 - INFO - ibkr.core.chart_lines_manager - Set position line for HPQ: BUY 200 @ 25.31
2026-06-10 19:18:57,016 - INFO - ibkr.core.chart_lines_manager - Set position line for IONQ: BUY 2 @ 63.37
2026-06-10 19:18:57,026 - INFO - ibkr.core.chart_lines_manager - Set position line for LUNR: BUY 1000 @ 34.57
2026-06-10 19:18:57,027 - INFO - ibkr.core.chart_lines_manager - Set position line for MTA: BUY 1 @ 7.18
2026-06-10 19:18:57,039 - INFO - ibkr.core.chart_lines_manager - Set position line for NVDA: BUY 100 @ 210.52
2026-06-10 19:18:57,040 - INFO - ibkr.core.chart_lines_manager - Set position line for PTCT: BUY 100 @ 72.19
2026-06-10 19:18:57,050 - INFO - ibkr.core.chart_lines_manager - Set position line for QBTS: BUY 2 @ 26.23
2026-06-10 19:18:57,051 - INFO - ibkr.core.chart_lines_manager - Set position line for RDW: BUY 900 @ 22.36
2026-06-10 19:18:57,051 - INFO - ibkr.core.chart_lines_manager - Set position line for RKLB: BUY 150 @ 118.70
2026-06-10 19:18:57,060 - INFO - ibkr.core.chart_lines_manager - Set position line for SIDU: BUY 1000 @ 5.02
2026-06-10 19:18:57,084 - INFO - ibkr.core.chart_lines_manager - Set position line for SNDK: BUY 10 @ 1579.30
2026-06-10 19:18:57,100 - INFO - ibkr.core.chart_lines_manager - Set position line for SPRC: BUY 1000 @ 11.96
2026-06-10 19:18:57,125 - INFO - ibkr.core.chart_lines_manager - Set position line for TACT: BUY 1 @ 4.75
2026-06-10 19:18:57,126 - INFO - ibkr.core.chart_lines_manager - Set position line for TSLA: BUY 20 @ 412.48
2026-06-10 19:18:57,127 - INFO - ibkr.core.chart_lines_manager - Set position line for UMC: BUY 1000 @ 20.72
2026-06-10 19:18:57,658 - INFO - chart_engine.core.ibkr_data_fetcher - Chart data fetch complete source=IBKR symbol=BAX bars=344
2026-06-10 19:18:57,788 - INFO - ibkr.core.position_manager - Position table changed: 20 open positions | open MTM -40988.57 | realized 0.00
2026-06-10 19:18:57,807 - INFO - ibkr.core.main_window - Added 1 widget market-data subscriptions (0 token-backed)
2026-06-10 19:18:58,039 - INFO - ibkr.core.market_data_worker - Subscribed IBKR market data: NVDA key=4815747 type=delayed
2026-06-10 19:18:58,041 - INFO - ibkr.core.market_data_worker - Subscribed IBKR market data: TACT key=6858145 type=delayed
2026-06-10 19:18:58,043 - INFO - ibkr.core.market_data_worker - Subscribed IBKR market data: BAX key=8111188 type=delayed
2026-06-10 19:18:58,044 - INFO - ibkr.core.market_data_worker - Subscribed IBKR market data: UMC key=46613372 type=delayed
2026-06-10 19:18:58,044 - INFO - ibkr.core.market_data_worker - Subscribed IBKR market data: TSLA key=76792991 type=delayed
2026-06-10 19:18:58,045 - INFO - ibkr.core.market_data_worker - Subscribed IBKR market data: PTCT key=129374415 type=delayed
2026-06-10 19:18:58,046 - INFO - ibkr.core.market_data_worker - Subscribed IBKR market data: HPQ key=209411801 type=delayed
2026-06-10 19:18:58,048 - INFO - ibkr.core.market_data_worker - Subscribed IBKR market data: DELL key=346218218 type=delayed
2026-06-10 19:18:58,051 - INFO - ibkr.core.market_data_worker - Subscribed IBKR market data: MTA key=395717235 type=delayed
2026-06-10 19:18:58,051 - INFO - ibkr.core.market_data_worker - Subscribed IBKR market data: DRS key=478483396 type=delayed
2026-06-10 19:18:58,052 - INFO - ibkr.core.market_data_worker - Subscribed IBKR market data: RDW key=512000171 type=delayed
2026-06-10 19:18:58,053 - INFO - ibkr.core.market_data_worker - Subscribed IBKR market data: IONQ key=517593749 type=delayed
2026-06-10 19:18:58,053 - INFO - ibkr.core.market_data_worker - Subscribed IBKR market data: GFS key=523222624 type=delayed
2026-06-10 19:18:58,054 - INFO - ibkr.core.market_data_worker - Subscribed IBKR market data: QBTS key=578031277 type=delayed
2026-06-10 19:18:58,054 - INFO - ibkr.core.market_data_worker - Subscribed IBKR market data: LUNR key=613910262 type=delayed
2026-06-10 19:18:58,058 - INFO - ibkr.core.market_data_worker - Subscribed IBKR market data: SIDU key=673368857 type=delayed
2026-06-10 19:18:58,058 - INFO - ibkr.core.market_data_worker - Subscribed IBKR market data: DPRO key=725468685 type=delayed
2026-06-10 19:18:58,059 - INFO - ibkr.core.market_data_worker - Subscribed IBKR market data: SNDK key=760250490 type=delayed
2026-06-10 19:18:58,059 - INFO - ibkr.core.market_data_worker - Subscribed IBKR market data: RKLB key=787273575 type=delayed
2026-06-10 19:18:58,060 - INFO - ibkr.core.market_data_worker - Subscribed IBKR market data: SPRC key=860471331 type=delayed
2026-06-10 19:18:58,125 - INFO - ibkr.widgets.scanner_table - EOD Scan completed: 28 symbols with complete data
2026-06-10 19:18:59,518 - WARNING - ibkr.core.market_data_worker - IBKR market data notice for NVDA: Requested market data is not subscribed. Displaying delayed market data. (10167)
2026-06-10 19:18:59,785 - WARNING - ibkr.core.market_data_worker - IBKR market data notice for TACT: Requested market data is not subscribed. Displaying delayed market data. (10167)
2026-06-10 19:18:59,785 - WARNING - ibkr.core.market_data_worker - IBKR market data notice for BAX: Requested market data is not subscribed. Displaying delayed market data. (10167)
2026-06-10 19:18:59,785 - WARNING - ibkr.core.market_data_worker - IBKR market data notice for UMC: Requested market data is not subscribed. Displaying delayed market data. (10167)
2026-06-10 19:18:59,785 - WARNING - ibkr.core.market_data_worker - IBKR market data notice for TSLA: Requested market data is not subscribed. Displaying delayed market data. (10167)
2026-06-10 19:18:59,786 - WARNING - ibkr.core.market_data_worker - IBKR market data notice for PTCT: Requested market data is not subscribed. Displaying delayed market data. (10167)
2026-06-10 19:18:59,786 - WARNING - ibkr.core.market_data_worker - IBKR market data notice for HPQ: Requested market data is not subscribed. Displaying delayed market data. (10167)
2026-06-10 19:18:59,786 - WARNING - ibkr.core.market_data_worker - IBKR market data notice for DELL: Requested market data is not subscribed. Displaying delayed market data. (10167)
2026-06-10 19:18:59,793 - WARNING - ibkr.core.market_data_worker - IBKR market data notice for MTA: Requested market data is not subscribed. Displaying delayed market data. (10167)
2026-06-10 19:18:59,793 - WARNING - ibkr.core.market_data_worker - IBKR market data notice for DRS: Requested market data is not subscribed. Displaying delayed market data. (10167)
2026-06-10 19:18:59,794 - WARNING - ibkr.core.market_data_worker - IBKR market data notice for RDW: Requested market data is not subscribed. Displaying delayed market data. (10167)
2026-06-10 19:18:59,801 - WARNING - ibkr.core.market_data_worker - IBKR market data notice for IONQ: Requested market data is not subscribed. Displaying delayed market data. (10167)
2026-06-10 19:18:59,858 - WARNING - ibkr.core.market_data_worker - IBKR market data notice for GFS: Requested market data is not subscribed. Displaying delayed market data. (10167)
2026-06-10 19:18:59,859 - WARNING - ibkr.core.market_data_worker - IBKR market data notice for QBTS: Requested market data is not subscribed. Displaying delayed market data. (10167)
2026-06-10 19:18:59,859 - WARNING - ibkr.core.market_data_worker - IBKR market data notice for LUNR: Requested market data is not subscribed. Displaying delayed market data. (10167)
2026-06-10 19:18:59,859 - WARNING - ibkr.core.market_data_worker - IBKR market data notice for SIDU: Requested market data is not subscribed. Displaying delayed market data. (10167)
2026-06-10 19:18:59,859 - WARNING - ibkr.core.market_data_worker - IBKR market data notice for DPRO: Requested market data is not subscribed. Displaying delayed market data. (10167)
2026-06-10 19:18:59,860 - WARNING - ibkr.core.market_data_worker - IBKR market data notice for SNDK: Requested market data is not subscribed. Displaying delayed market data. (10167)
2026-06-10 19:18:59,860 - WARNING - ibkr.core.market_data_worker - IBKR market data notice for RKLB: Requested market data is not subscribed. Displaying delayed market data. (10167)
2026-06-10 19:18:59,860 - WARNING - ibkr.core.market_data_worker - IBKR market data notice for SPRC: Requested market data is not subscribed. Displaying delayed market data. (10167)
