2026-06-10 22:22:18,008 - INFO - login_setup.login_setup_config - qullamaggie v1.0.0 starting...
2026-06-10 22:22:18,008 - INFO - login_setup.login_setup_config - Logging to file: /home/kavi/Desktop/Python_Projects/swing_trader/logs/qullamaggie_20260610_222218.log
2026-06-10 22:22:18,009 - INFO - login_setup.login_setup_config - Fatal crash diagnostics enabled for all threads.
2026-06-10 22:22:18,009 - INFO - __main__ - 🚀 Starting qullamaggie Application...
2026-06-10 22:22:18,148 - INFO - __main__ - Application icon loaded from: /home/kavi/Desktop/Python_Projects/swing_trader/assets/qullamaggie_swing_trader_icon.svg
2026-06-10 22:22:20,177 - INFO - ib_insync.client - Connecting to 127.0.0.1:4002 with clientId 1...
2026-06-10 22:22:20,178 - INFO - ib_insync.client - Connected
2026-06-10 22:22:20,193 - INFO - ib_insync.client - Logged on to server version 176
2026-06-10 22:22:20,234 - INFO - ib_insync.client - API connection ready
2026-06-10 22:22:20,709 - INFO - __main__ - Authenticated for broker: america
2026-06-10 22:22:20,710 - INFO - __main__ - Initializing trading and data clients...
2026-06-10 22:22:20,710 - INFO - login_setup.broker_factory - Creating america client for live trading
2026-06-10 22:22:20,710 - INFO - login_setup.broker_factory - IBKR client created with accounts: ['DUQ624205']
2026-06-10 22:22:20,732 - INFO - ibkr.core.trading_client - Subscribed to IBKR real-time order events
2026-06-10 22:22:20,733 - INFO - ibkr.core.trading_client - IBKR trading client startup snapshots deferred; using local cache/event sync
2026-06-10 22:22:20,737 - INFO - __main__ - Trading client created; creating data client...
2026-06-10 22:22:20,737 - INFO - login_setup.broker_factory - Creating data client for america
2026-06-10 22:22:20,740 - INFO - __main__ - Data client created; validating connection state...
2026-06-10 22:22:20,740 - INFO - __main__ - Trading client connected: True
2026-06-10 22:22:20,741 - INFO - __main__ - Data client connected: True
2026-06-10 22:22:20,742 - INFO - __main__ - Clients initialized successfully.
2026-06-10 22:22:20,743 - INFO - login_setup.broker_factory - Added america client to manager
2026-06-10 22:22:20,743 - INFO - login_setup.broker_factory - Started connection monitoring for america
2026-06-10 22:22:20,745 - INFO - __main__ - Creating main window for america...
2026-06-10 22:22:20,746 - INFO - login_setup.broker_factory - Dynamically loading main window from: ibkr.core.main_window
2026-06-10 22:22:21,727 - INFO - ibkr.core.trade_logger - Trade history database for 'live' mode at: /home/kavi/.qullamaggie/trade_history_live.db
2026-06-10 22:22:21,729 - INFO - ibkr.core.trade_logger - TradeLogger initialized with background processing
2026-06-10 22:22:21,730 - INFO - ibkr.core.trade_logger - DatabaseWorker processing started
2026-06-10 22:22:21,731 - INFO - ibkr.core.trade_logger - Database initialization completed
2026-06-10 22:22:21,734 - INFO - ibkr.core.position_manager - ✅ Connected to trader.order_status_updated signal - orders will sync immediately
2026-06-10 22:22:21,734 - INFO - ibkr.core.position_manager - ✅ Connected to trader.position_updated signal - positions will sync immediately
2026-06-10 22:22:21,734 - INFO - ibkr.core.position_manager - ✅ Connected to trader.connection_status_changed signal
2026-06-10 22:22:21,781 - INFO - ibkr.widgets.scanner_table - Loaded 1 valid scan configurations
2026-06-10 22:22:21,795 - INFO - ibkr.widgets.scanner_table - Scanner table ready for context-aware navigation
2026-06-10 22:22:21,802 - INFO - chart_engine.drawings - Loaded global chart settings.
2026-06-10 22:22:22,153 - INFO - ibkr.core.data_cache - MarketAwareDataCache initialised for IBKR/US market time
2026-06-10 22:22:22,241 - INFO - chart_engine.drawings - Saved global chart settings.
2026-06-10 22:22:22,434 - INFO - ibkr.core.alert_management_system - Loaded 0 alerts from disk
2026-06-10 22:22:22,435 - INFO - ibkr.core.alert_management_system - AlertSystemManager ready
2026-06-10 22:22:22,435 - INFO - ibkr.core.main_window - Alert system initialized successfully.
2026-06-10 22:22:22,436 - INFO - ibkr.core.main_window - Connecting component signals...
2026-06-10 22:22:22,436 - INFO - ibkr.core.alert_management_system - AlertEngine started
2026-06-10 22:22:22,436 - INFO - ibkr.core.main_window - IBKR order lifecycle UI signals connected
2026-06-10 22:22:22,442 - INFO - ibkr.core.main_window - Keyboard shortcuts initialized
2026-06-10 22:22:22,564 - INFO - ibkr.core.main_window - Window state restored
2026-06-10 22:22:22,593 - INFO - ibkr.core.main_window - Applied startup chart timeframes: left=day, right=60minute
2026-06-10 22:22:22,593 - INFO - ibkr.core.main_window - Simplified qullamaggie Window with Status Bar Initialized Successfully.
2026-06-10 22:22:22,593 - INFO - __main__ - Main window created successfully.
2026-06-10 22:22:22,642 - INFO - __main__ - Starting application event loop.
2026-06-10 22:22:23,182 - INFO - ibkr.core.main_window - Starting deferred IBKR post-show workers
2026-06-10 22:22:23,182 - INFO - chart_engine.core.ibkr_data_fetcher - Pre-warming dedicated IBKR history connection...
2026-06-10 22:22:23,185 - INFO - ib_insync.client - Connecting to 127.0.0.1:4002 with clientId 102...
2026-06-10 22:22:23,207 - INFO - ib_insync.client - Connecting to 127.0.0.1:4002 with clientId 101...
2026-06-10 22:22:23,240 - INFO - ibkr.core.main_window - IBKR loader: Building initial instrument list...
2026-06-10 22:22:23,715 - INFO - ibkr.core.main_window - Successfully loaded 209 instruments.
2026-06-10 22:22:23,717 - INFO - ibkr.widgets.header_toolbar - Search index ready: 209 instruments
2026-06-10 22:22:23,719 - INFO - ibkr.core.main_window - Instruments loaded successfully.
2026-06-10 22:22:23,720 - INFO - ibkr.core.main_window - IBKR loader: Loaded 181 symbols (qualifying in background...)
2026-06-10 22:22:23,773 - INFO - ibkr.widgets.scanner_table - Running EOD Finviz scan: Semiconductors
2026-06-10 22:22:24,003 - INFO - ibkr.core.main_window - Subscription universe changed: 2 instruments (0 token-backed, +2/-0) sources={'header': 2}
2026-06-10 22:22:24,508 - INFO - chart_engine.core.ibkr_data_fetcher - IBKR chart history connected on 127.0.0.1:4002 clientId=102
2026-06-10 22:22:24,608 - INFO - ibkr.core.market_data_worker - Dedicated IBKR market-data connection established on 127.0.0.1:4002 clientId=101
2026-06-10 22:22:24,608 - INFO - ibkr.core.market_data_worker - IBKR MarketDataWorker started
2026-06-10 22:22:24,609 - INFO - ibkr.core.market_data_worker - Requested IBKR delayed market data type (3); delayed fallback=False; generic ticks=''
2026-06-10 22:22:24,610 - WARNING - ibkr.core.main_window - IBKR market data is delayed (delayed); live subscription is unavailable.
2026-06-10 22:22:24,610 - INFO - ibkr.core.main_window - WebSocket connected. Setting up subscriptions.
2026-06-10 22:22:24,611 - INFO - ibkr.core.position_manager - Fetching positions from broker - Reason: ibkr_connected
2026-06-10 22:22:24,623 - INFO - ibkr.core.main_window - Added 20 widget market-data subscriptions (20 token-backed)
2026-06-10 22:22:24,629 - INFO - ibkr.core.position_manager - Position table changed: 20 open positions | open MTM -38447.88 | realized 0.00
2026-06-10 22:22:24,673 - INFO - ibkr.core.position_manager - Fetching positions from broker - Reason: instruments_loaded
2026-06-10 22:22:24,692 - INFO - ibkr.core.main_window - Chart auto-loading initiated
2026-06-10 22:22:24,707 - INFO - ibkr.core.main_window - Auto-loading startup chart symbol: ARM
2026-06-10 22:22:24,728 - INFO - chart_engine.core.ibkr_data_fetcher - Chart data source=IBKR symbol=ARM interval=day from=2026-03-02T12:52:24.728571-05:00 to=2026-06-10T12:52:24.728571-04:00 dedicated_history=True
2026-06-10 22:22:24,739 - INFO - chart_engine.core.ibkr_data_fetcher - Chart data source=IBKR symbol=ARM interval=60minute from=2026-04-21T12:52:24.739684-04:00 to=2026-06-10T12:52:24.739684-04:00 dedicated_history=True
2026-06-10 22:22:24,912 - INFO - ibkr.core.main_window - Subscription universe changed: 23 instruments (20 token-backed, +21/-0) sources={'positions': 20, 'charts': 2, 'header': 2}
2026-06-10 22:22:24,949 - INFO - ibkr.core.market_data_worker - Subscribed IBKR market data: SPY key=756733 type=delayed
2026-06-10 22:22:24,950 - INFO - ibkr.core.market_data_worker - Subscribed IBKR market data: QQQ key=320227571 type=delayed
2026-06-10 22:22:25,103 - INFO - ibkr.core.position_manager - Fetching positions from broker - Reason: app_startup
2026-06-10 22:22:25,120 - INFO - ibkr.core.main_window - Position system initialized successfully
2026-06-10 22:22:25,204 - INFO - chart_engine.core.ibkr_data_fetcher - Requesting IBKR historical data: ARM conId=653400472 bar=1 day duration=100 D end=latest
2026-06-10 22:22:25,206 - INFO - chart_engine.core.ibkr_data_fetcher - Requesting IBKR historical data: ARM conId=653400472 bar=30 mins duration=50 D end=latest
2026-06-10 22:22:25,418 - WARNING - ibkr.core.market_data_worker - IBKR market data notice for SPY: Requested market data is not subscribed. Displaying delayed market data. (10167)
2026-06-10 22:22:25,605 - INFO - ibkr.core.network_monitor - NetworkMonitor started
2026-06-10 22:22:25,605 - INFO - ibkr.core.main_window - Network resilience layer initialized
2026-06-10 22:22:25,762 - WARNING - ibkr.core.market_data_worker - IBKR market data notice for QQQ: Requested market data is not subscribed. Displaying delayed market data. (10167)
2026-06-10 22:22:25,871 - INFO - ibkr.widgets.scanner_table - EOD Scan completed: 29 symbols with complete data
2026-06-10 22:22:26,004 - INFO - ibkr.widgets.scanner_table - EOD Scanner table updated with 29 symbols.
2026-06-10 22:22:26,079 - INFO - chart_engine.core.ibkr_data_fetcher - Chart data fetch complete source=IBKR symbol=ARM bars=71
2026-06-10 22:22:26,210 - INFO - ibkr.core.main_window - Chart panes revealed after initial symbol render: ARM
2026-06-10 22:22:26,210 - INFO - ibkr.core.main_window - Chart symbol changed to: ARM
2026-06-10 22:22:26,210 - INFO - ibkr.core.main_window - Added chart symbol ARM to subscription
2026-06-10 22:22:26,211 - INFO - ibkr.core.main_window - Ensured subscription for chart symbol ARM
2026-06-10 22:22:26,211 - INFO - chart_engine.core.chart_widget - Chart HTML loaded: ARM (71 candles)
2026-06-10 22:22:26,486 - INFO - ibkr.core.network_monitor - Network confirmed online at startup
2026-06-10 22:22:27,066 - INFO - chart_engine.core.ibkr_data_fetcher - Chart data fetch complete source=IBKR symbol=ARM bars=347
2026-06-10 22:22:27,181 - INFO - ibkr.core.market_data_worker - Subscribed IBKR market data: NVDA key=4815747 type=delayed
2026-06-10 22:22:27,181 - INFO - ibkr.core.market_data_worker - Subscribed IBKR market data: TACT key=6858145 type=delayed
2026-06-10 22:22:27,182 - INFO - ibkr.core.market_data_worker - Subscribed IBKR market data: BAX key=8111188 type=delayed
2026-06-10 22:22:27,182 - INFO - ibkr.core.market_data_worker - Subscribed IBKR market data: UMC key=46613372 type=delayed
2026-06-10 22:22:27,183 - INFO - ibkr.core.market_data_worker - Subscribed IBKR market data: TSLA key=76792991 type=delayed
2026-06-10 22:22:27,183 - INFO - ibkr.core.market_data_worker - Subscribed IBKR market data: PTCT key=129374415 type=delayed
2026-06-10 22:22:27,187 - INFO - chart_engine.core.chart_widget - Chart HTML loaded: ARM (347 candles)
2026-06-10 22:22:27,187 - INFO - ibkr.core.market_data_worker - Subscribed IBKR market data: HPQ key=209411801 type=delayed
2026-06-10 22:22:27,188 - INFO - ibkr.core.market_data_worker - Subscribed IBKR market data: DELL key=346218218 type=delayed
2026-06-10 22:22:27,188 - INFO - ibkr.core.market_data_worker - Subscribed IBKR market data: MTA key=395717235 type=delayed
2026-06-10 22:22:27,189 - INFO - ibkr.core.market_data_worker - Subscribed IBKR market data: DRS key=478483396 type=delayed
2026-06-10 22:22:27,189 - INFO - ibkr.core.market_data_worker - Subscribed IBKR market data: RDW key=512000171 type=delayed
2026-06-10 22:22:27,190 - INFO - ibkr.core.market_data_worker - Subscribed IBKR market data: IONQ key=517593749 type=delayed
2026-06-10 22:22:27,190 - INFO - ibkr.core.market_data_worker - Subscribed IBKR market data: GFS key=523222624 type=delayed
2026-06-10 22:22:27,191 - INFO - ibkr.core.market_data_worker - Subscribed IBKR market data: QBTS key=578031277 type=delayed
2026-06-10 22:22:27,191 - INFO - ibkr.core.market_data_worker - Subscribed IBKR market data: LUNR key=613910262 type=delayed
2026-06-10 22:22:27,192 - INFO - ibkr.core.market_data_worker - Subscribed IBKR market data: SIDU key=673368857 type=delayed
2026-06-10 22:22:27,192 - INFO - ibkr.core.market_data_worker - Subscribed IBKR market data: DPRO key=725468685 type=delayed
2026-06-10 22:22:27,193 - INFO - ibkr.core.market_data_worker - Subscribed IBKR market data: SNDK key=760250490 type=delayed
2026-06-10 22:22:27,193 - INFO - ibkr.core.market_data_worker - Subscribed IBKR market data: RKLB key=787273575 type=delayed
2026-06-10 22:22:27,194 - INFO - ibkr.core.market_data_worker - Subscribed IBKR market data: SPRC key=860471331 type=delayed
2026-06-10 22:22:27,931 - WARNING - ibkr.core.market_data_worker - IBKR market data notice for NVDA: Requested market data is not subscribed. Displaying delayed market data. (10167)
2026-06-10 22:22:28,208 - WARNING - ibkr.core.market_data_worker - IBKR market data notice for TACT: Requested market data is not subscribed. Displaying delayed market data. (10167)
2026-06-10 22:22:28,250 - WARNING - ibkr.core.market_data_worker - IBKR market data notice for BAX: Requested market data is not subscribed. Displaying delayed market data. (10167)
2026-06-10 22:22:28,251 - WARNING - ibkr.core.market_data_worker - IBKR market data notice for UMC: Requested market data is not subscribed. Displaying delayed market data. (10167)
2026-06-10 22:22:28,430 - WARNING - ibkr.core.market_data_worker - IBKR market data notice for TSLA: Requested market data is not subscribed. Displaying delayed market data. (10167)
2026-06-10 22:22:28,470 - WARNING - ibkr.core.market_data_worker - IBKR market data notice for PTCT: Requested market data is not subscribed. Displaying delayed market data. (10167)
2026-06-10 22:22:28,471 - WARNING - ibkr.core.market_data_worker - IBKR market data notice for HPQ: Requested market data is not subscribed. Displaying delayed market data. (10167)
2026-06-10 22:22:28,535 - WARNING - ibkr.core.market_data_worker - IBKR market data notice for DELL: Requested market data is not subscribed. Displaying delayed market data. (10167)
2026-06-10 22:22:28,536 - WARNING - ibkr.core.market_data_worker - IBKR market data notice for MTA: Requested market data is not subscribed. Displaying delayed market data. (10167)
2026-06-10 22:22:28,536 - WARNING - ibkr.core.market_data_worker - IBKR market data notice for DRS: Requested market data is not subscribed. Displaying delayed market data. (10167)
2026-06-10 22:22:28,536 - WARNING - ibkr.core.market_data_worker - IBKR market data notice for RDW: Requested market data is not subscribed. Displaying delayed market data. (10167)
2026-06-10 22:22:28,537 - WARNING - ibkr.core.market_data_worker - IBKR market data notice for IONQ: Requested market data is not subscribed. Displaying delayed market data. (10167)
2026-06-10 22:22:28,537 - WARNING - ibkr.core.market_data_worker - IBKR market data notice for GFS: Requested market data is not subscribed. Displaying delayed market data. (10167)
2026-06-10 22:22:28,537 - WARNING - ibkr.core.market_data_worker - IBKR market data notice for QBTS: Requested market data is not subscribed. Displaying delayed market data. (10167)
2026-06-10 22:22:28,542 - WARNING - ibkr.core.market_data_worker - IBKR market data notice for LUNR: Requested market data is not subscribed. Displaying delayed market data. (10167)
2026-06-10 22:22:28,543 - WARNING - ibkr.core.market_data_worker - IBKR market data notice for SIDU: Requested market data is not subscribed. Displaying delayed market data. (10167)
2026-06-10 22:22:28,614 - WARNING - ibkr.core.market_data_worker - IBKR market data notice for DPRO: Requested market data is not subscribed. Displaying delayed market data. (10167)
2026-06-10 22:22:28,658 - WARNING - ibkr.core.market_data_worker - IBKR market data notice for SNDK: Requested market data is not subscribed. Displaying delayed market data. (10167)
2026-06-10 22:22:28,662 - WARNING - ibkr.core.market_data_worker - IBKR market data notice for RKLB: Requested market data is not subscribed. Displaying delayed market data. (10167)
2026-06-10 22:22:28,663 - WARNING - ibkr.core.market_data_worker - IBKR market data notice for SPRC: Requested market data is not subscribed. Displaying delayed market data. (10167)
2026-06-10 22:22:30,504 - INFO - ibkr.core.market_data_worker - Subscribed IBKR market data: ARM key=653400472 type=delayed
2026-06-10 22:22:31,316 - WARNING - ibkr.core.market_data_worker - IBKR market data notice for ARM: Requested market data is not subscribed. Displaying delayed market data. (10167)
2026-06-10 22:22:35,182 - INFO - chart_engine.core.chart_widget - Lazy-loading older candles for ARM [day]: 100 -> 200 days
2026-06-10 22:22:35,184 - INFO - chart_engine.core.ibkr_data_fetcher - Chart data source=IBKR symbol=ARM interval=day from=2025-11-22T12:52:35.183865-05:00 to=2026-06-10T12:52:35.183865-04:00 dedicated_history=True
2026-06-10 22:22:35,184 - INFO - chart_engine.core.ibkr_data_fetcher - Requesting IBKR historical data: ARM conId=653400472 bar=1 day duration=200 D end=latest
2026-06-10 22:22:36,079 - INFO - chart_engine.core.ibkr_data_fetcher - Chart data fetch complete source=IBKR symbol=ARM bars=136
2026-06-10 22:22:36,128 - INFO - chart_engine.core.chart_widget - Chart seamlessly updated: ARM (136 candles)
2026-06-10 22:23:05,105 - INFO - chart_engine.core.ibkr_data_fetcher - Chart data source=IBKR symbol=ARM interval=60minute from=2026-04-21T12:53:05.104917-04:00 to=2026-06-10T12:53:05.104917-04:00 dedicated_history=True
2026-06-10 22:23:05,106 - INFO - chart_engine.core.ibkr_data_fetcher - Requesting IBKR historical data: ARM conId=653400472 bar=30 mins duration=50 D end=latest
2026-06-10 22:23:06,437 - INFO - chart_engine.core.ibkr_data_fetcher - Chart data fetch complete source=IBKR symbol=ARM bars=347
2026-06-10 22:23:06,482 - INFO - chart_engine.drawings - Loaded global chart settings.
2026-06-10 22:23:06,484 - INFO - chart_engine.drawings - Saved global chart settings.
2026-06-10 22:23:06,490 - INFO - ibkr.core.main_window - Ensured subscription for chart symbol ARM
2026-06-10 22:23:06,490 - INFO - chart_engine.core.chart_widget - Chart seamlessly updated: ARM (347 candles)
2026-06-10 22:23:22,103 - INFO - ibkr.core.data_cache - US market-open cache flush complete; intraday entries cleared
2026-06-10 22:23:43,327 - INFO - chart_engine.drawings - Saved global chart settings.
2026-06-10 22:23:43,482 - INFO - chart_engine.drawings - Loaded global chart settings.
2026-06-10 22:23:43,485 - INFO - ibkr.core.main_window - Chart symbol changed to: ARM
2026-06-10 22:23:43,485 - INFO - ibkr.core.main_window - Added chart symbol ARM to subscription
2026-06-10 22:23:43,485 - INFO - ibkr.core.main_window - Ensured subscription for chart symbol ARM
2026-06-10 22:23:43,486 - INFO - chart_engine.core.chart_widget - Chart seamlessly updated: ARM (136 candles)
2026-06-10 22:23:43,553 - INFO - chart_engine.core.chart_widget - Chart seamlessly updated: ARM (347 candles)
2026-06-10 22:23:47,664 - INFO - ibkr.core.shutdown_manager - closeEvent received — beginning fast IBKR shutdown
2026-06-10 22:23:47,666 - INFO - ibkr.core.shutdown_manager - === Fast IBKR window-close shutdown starting ===
2026-06-10 22:23:47,667 - INFO - ibkr.core.shutdown_manager - Shutdown: [quiesce_background_activity]…
2026-06-10 22:23:47,668 - INFO - ibkr.core.shutdown_manager - Shutdown: [quiesce_background_activity] ✓
2026-06-10 22:23:47,669 - INFO - ibkr.core.shutdown_manager - Shutdown: [save_window_state]…
2026-06-10 22:23:47,671 - INFO - ibkr.core.main_window - Window state saved
2026-06-10 22:23:47,671 - INFO - ibkr.core.shutdown_manager - Shutdown: [save_window_state] ✓
2026-06-10 22:23:47,672 - INFO - ibkr.core.shutdown_manager - Shutdown: [save_chart_state]…
2026-06-10 22:23:47,687 - INFO - ibkr.core.shutdown_manager - Shutdown: [save_chart_state] ✓
2026-06-10 22:23:47,688 - INFO - ibkr.core.shutdown_manager - Shutdown: [stop_remaining_timers]…
2026-06-10 22:23:47,703 - INFO - ibkr.core.shutdown_manager - Shutdown: [stop_remaining_timers] ✓
2026-06-10 22:23:47,704 - INFO - ibkr.core.shutdown_manager - === Fast IBKR window-close shutdown complete ===
2026-06-10 22:23:47,708 - INFO - ib_insync.client - Disconnecting
2026-06-10 22:23:47,709 - INFO - ibkr.core.market_data_worker - IBKR MarketDataWorker stopped
2026-06-10 22:23:47,718 - INFO - __main__ - Shutting down and cleaning up resources...
2026-06-10 22:23:47,718 - INFO - __main__ - Skipping broker disconnect during fast window-close shutdown.
2026-06-10 22:23:47,719 - INFO - __main__ - Cleanup complete.
