2026-06-11 00:14:11,779 - INFO - login_setup.login_setup_config - qullamaggie v1.0.0 starting...
2026-06-11 00:14:11,779 - INFO - login_setup.login_setup_config - Logging to file: /home/kavi/Desktop/Python_Projects/swing_trader/logs/qullamaggie_20260611_001411.log
2026-06-11 00:14:11,779 - INFO - login_setup.login_setup_config - Fatal crash diagnostics enabled for all threads.
2026-06-11 00:14:11,779 - INFO - __main__ - 🚀 Starting qullamaggie Application...
2026-06-11 00:14:11,914 - INFO - __main__ - Application icon loaded from: /home/kavi/Desktop/Python_Projects/swing_trader/assets/qullamaggie_swing_trader_icon.svg
2026-06-11 00:14:13,906 - INFO - ib_insync.client - Connecting to 127.0.0.1:4002 with clientId 1...
2026-06-11 00:14:13,908 - INFO - ib_insync.client - Connected
2026-06-11 00:14:13,922 - INFO - ib_insync.client - Logged on to server version 176
2026-06-11 00:14:13,963 - INFO - ib_insync.client - API connection ready
2026-06-11 00:14:14,391 - INFO - __main__ - Authenticated for broker: america
2026-06-11 00:14:14,391 - INFO - __main__ - Initializing trading and data clients...
2026-06-11 00:14:14,391 - INFO - login_setup.broker_factory - Creating america client for live trading
2026-06-11 00:14:14,392 - INFO - login_setup.broker_factory - IBKR client created with accounts: ['DUQ624205']
2026-06-11 00:14:14,399 - INFO - ibkr.core.trading_client - Subscribed to IBKR real-time order events
2026-06-11 00:14:14,399 - INFO - ibkr.core.trading_client - IBKR trading client startup snapshots deferred; using local cache/event sync
2026-06-11 00:14:14,401 - INFO - __main__ - Trading client created; creating data client...
2026-06-11 00:14:14,402 - INFO - login_setup.broker_factory - Creating data client for america
2026-06-11 00:14:14,402 - INFO - __main__ - Data client created; validating connection state...
2026-06-11 00:14:14,403 - INFO - __main__ - Trading client connected: True
2026-06-11 00:14:14,404 - INFO - __main__ - Data client connected: True
2026-06-11 00:14:14,404 - INFO - __main__ - Clients initialized successfully.
2026-06-11 00:14:14,404 - INFO - login_setup.broker_factory - Added america client to manager
2026-06-11 00:14:14,405 - INFO - login_setup.broker_factory - Started connection monitoring for america
2026-06-11 00:14:14,405 - INFO - __main__ - Creating main window for america...
2026-06-11 00:14:14,406 - INFO - login_setup.broker_factory - Dynamically loading main window from: ibkr.core.main_window
2026-06-11 00:14:15,336 - INFO - ibkr.core.trade_logger - Trade history database for 'live' mode at: /home/kavi/.qullamaggie/trade_history_live.db
2026-06-11 00:14:15,337 - INFO - ibkr.core.trade_logger - TradeLogger initialized with background processing
2026-06-11 00:14:15,338 - INFO - ibkr.core.trade_logger - DatabaseWorker processing started
2026-06-11 00:14:15,339 - INFO - ibkr.core.trade_logger - Database initialization completed
2026-06-11 00:14:15,340 - INFO - ibkr.core.position_manager - ✅ Connected to trader.order_status_updated signal - orders will sync immediately
2026-06-11 00:14:15,341 - INFO - ibkr.core.position_manager - ✅ Connected to trader.position_updated signal - positions will sync immediately
2026-06-11 00:14:15,341 - INFO - ibkr.core.position_manager - ✅ Connected to trader.connection_status_changed signal
2026-06-11 00:14:15,348 - INFO - ibkr.core.stop_loss_manager - Restored 1 active SL record(s) from database
2026-06-11 00:14:15,401 - INFO - ibkr.widgets.scanner_table - Loaded 19 valid scan configurations
2026-06-11 00:14:15,416 - INFO - ibkr.widgets.scanner_table - Scanner table ready for context-aware navigation
2026-06-11 00:14:15,424 - INFO - chart_engine.drawings - Loaded global chart settings.
2026-06-11 00:14:15,758 - INFO - ibkr.core.data_cache - MarketAwareDataCache initialised for IBKR/US market time
2026-06-11 00:14:15,851 - INFO - chart_engine.drawings - Saved global chart settings.
2026-06-11 00:14:16,053 - INFO - ibkr.core.alert_management_system - Loaded 0 alerts from disk
2026-06-11 00:14:16,054 - INFO - ibkr.core.alert_management_system - AlertSystemManager ready
2026-06-11 00:14:16,055 - INFO - ibkr.core.alert_management_system - AlertEngine started
2026-06-11 00:14:16,055 - INFO - ibkr.core.main_window - Alert system initialized successfully.
2026-06-11 00:14:16,055 - INFO - ibkr.core.main_window - Connecting component signals...
2026-06-11 00:14:16,056 - INFO - ibkr.core.main_window - IBKR order lifecycle UI signals connected
2026-06-11 00:14:16,061 - INFO - ibkr.core.main_window - Keyboard shortcuts initialized
2026-06-11 00:14:16,187 - INFO - ibkr.core.main_window - Window state restored
2026-06-11 00:14:16,220 - INFO - ibkr.core.main_window - Applied startup chart timeframes: left=day, right=60minute
2026-06-11 00:14:16,220 - INFO - ibkr.core.main_window - Simplified qullamaggie Window with Status Bar Initialized Successfully.
2026-06-11 00:14:16,220 - INFO - __main__ - Main window created successfully.
2026-06-11 00:14:16,294 - INFO - __main__ - Starting application event loop.
2026-06-11 00:14:16,823 - INFO - ibkr.core.main_window - Starting deferred IBKR post-show workers
2026-06-11 00:14:16,823 - INFO - chart_engine.core.ibkr_data_fetcher - Pre-warming dedicated IBKR history connection...
2026-06-11 00:14:16,826 - INFO - ib_insync.client - Connecting to 127.0.0.1:4002 with clientId 102...
2026-06-11 00:14:16,835 - INFO - ib_insync.client - Connecting to 127.0.0.1:4002 with clientId 101...
2026-06-11 00:14:16,869 - INFO - ibkr.core.main_window - IBKR loader: Building initial instrument list...
2026-06-11 00:14:17,270 - INFO - ibkr.core.main_window - Successfully loaded 229 instruments.
2026-06-11 00:14:17,272 - INFO - ibkr.widgets.header_toolbar - Search index ready: 229 instruments
2026-06-11 00:14:17,274 - INFO - ibkr.core.main_window - Instruments loaded successfully.
2026-06-11 00:14:17,276 - INFO - ibkr.core.main_window - IBKR loader: Loaded 181 symbols (qualifying in background...)
2026-06-11 00:14:17,326 - INFO - ibkr.widgets.scanner_table - Running EOD Finviz scan: Computer Hardware
2026-06-11 00:14:17,590 - INFO - ibkr.core.main_window - Subscription universe changed: 2 instruments (0 token-backed, +2/-0) sources={'header': 2}
2026-06-11 00:14:17,862 - INFO - chart_engine.core.ibkr_data_fetcher - IBKR chart history connected on 127.0.0.1:4002 clientId=102
2026-06-11 00:14:17,962 - INFO - ibkr.core.market_data_worker - Dedicated IBKR market-data connection established on 127.0.0.1:4002 clientId=101
2026-06-11 00:14:17,962 - INFO - ibkr.core.market_data_worker - IBKR MarketDataWorker started
2026-06-11 00:14:17,963 - INFO - ibkr.core.market_data_worker - Requested IBKR delayed market data type (3); delayed fallback=False; generic ticks=''
2026-06-11 00:14:17,963 - WARNING - ibkr.core.main_window - IBKR market data is delayed (delayed); live subscription is unavailable.
2026-06-11 00:14:17,964 - INFO - ibkr.core.main_window - WebSocket connected. Setting up subscriptions.
2026-06-11 00:14:17,964 - INFO - ibkr.core.stop_loss_manager - Stop-loss opening-gap check enabled after market-data worker connection
2026-06-11 00:14:17,964 - INFO - ibkr.core.position_manager - Fetching positions from broker - Reason: ibkr_connected
2026-06-11 00:14:17,977 - INFO - ibkr.core.main_window - Added 20 widget market-data subscriptions (20 token-backed)
2026-06-11 00:14:17,979 - INFO - ibkr.core.chart_lines_manager - Removed stop-loss line for BAX
2026-06-11 00:14:17,980 - INFO - ibkr.core.chart_lines_manager - Removed stop-loss line for DELL
2026-06-11 00:14:17,981 - INFO - ibkr.core.chart_lines_manager - Updated stop-loss line for DPRO @ 5.79
2026-06-11 00:14:17,982 - INFO - ibkr.core.chart_lines_manager - Removed stop-loss line for DRS
2026-06-11 00:14:17,983 - INFO - ibkr.core.chart_lines_manager - Removed stop-loss line for GFS
2026-06-11 00:14:17,984 - INFO - ibkr.core.chart_lines_manager - Removed stop-loss line for HPQ
2026-06-11 00:14:17,985 - INFO - ibkr.core.chart_lines_manager - Removed stop-loss line for IONQ
2026-06-11 00:14:17,986 - INFO - ibkr.core.chart_lines_manager - Removed stop-loss line for LUNR
2026-06-11 00:14:17,987 - INFO - ibkr.core.chart_lines_manager - Removed stop-loss line for MTA
2026-06-11 00:14:17,988 - INFO - ibkr.core.chart_lines_manager - Removed stop-loss line for NVDA
2026-06-11 00:14:17,989 - INFO - ibkr.core.chart_lines_manager - Removed stop-loss line for PTCT
2026-06-11 00:14:17,990 - INFO - ibkr.core.chart_lines_manager - Removed stop-loss line for QBTS
2026-06-11 00:14:17,990 - INFO - ibkr.core.chart_lines_manager - Removed stop-loss line for RDW
2026-06-11 00:14:17,991 - INFO - ibkr.core.chart_lines_manager - Removed stop-loss line for RKLB
2026-06-11 00:14:17,992 - INFO - ibkr.core.chart_lines_manager - Removed stop-loss line for SIDU
2026-06-11 00:14:17,993 - INFO - ibkr.core.chart_lines_manager - Removed stop-loss line for SNDK
2026-06-11 00:14:17,994 - INFO - ibkr.core.chart_lines_manager - Removed stop-loss line for SPRC
2026-06-11 00:14:17,995 - INFO - ibkr.core.chart_lines_manager - Removed stop-loss line for TACT
2026-06-11 00:14:17,996 - INFO - ibkr.core.chart_lines_manager - Removed stop-loss line for TSLA
2026-06-11 00:14:17,996 - INFO - ibkr.core.chart_lines_manager - Removed stop-loss line for UMC
2026-06-11 00:14:17,997 - INFO - ibkr.core.position_manager - Position table changed: 20 open positions | open MTM -43097.96 | realized 0.00
2026-06-11 00:14:18,224 - INFO - ibkr.core.position_manager - Fetching positions from broker - Reason: instruments_loaded
2026-06-11 00:14:18,291 - INFO - ibkr.core.main_window - Chart auto-loading initiated
2026-06-11 00:14:18,316 - INFO - ibkr.core.main_window - Auto-loading startup chart symbol: HPQ
2026-06-11 00:14:18,327 - INFO - chart_engine.core.ibkr_data_fetcher - Chart data source=IBKR symbol=HPQ interval=day from=2026-03-02T14:44:18.327001-05:00 to=2026-06-10T14:44:18.327001-04:00 dedicated_history=True
2026-06-11 00:14:18,339 - INFO - chart_engine.core.ibkr_data_fetcher - Chart data source=IBKR symbol=HPQ interval=60minute from=2026-04-21T14:44:18.339600-04:00 to=2026-06-10T14:44:18.339600-04:00 dedicated_history=True
2026-06-11 00:14:18,373 - INFO - ibkr.core.main_window - Subscription universe changed: 23 instruments (20 token-backed, +21/-0) sources={'positions': 20, 'charts': 2, 'header': 2}
2026-06-11 00:14:18,516 - INFO - ibkr.core.market_data_worker - Subscribed IBKR market data: SPY key=756733 type=delayed
2026-06-11 00:14:18,516 - INFO - ibkr.core.market_data_worker - Subscribed IBKR market data: QQQ key=320227571 type=delayed
2026-06-11 00:14:18,733 - INFO - ibkr.core.position_manager - Fetching positions from broker - Reason: app_startup
2026-06-11 00:14:18,775 - INFO - ibkr.core.main_window - Position system initialized successfully
2026-06-11 00:14:18,789 - INFO - ibkr.widgets.scanner_table - EOD Scan completed: 18 symbols with complete data
2026-06-11 00:14:18,807 - INFO - chart_engine.core.ibkr_data_fetcher - Requesting IBKR historical data: HPQ conId=209411801 bar=1 day duration=100 D end=latest
2026-06-11 00:14:18,808 - INFO - chart_engine.core.ibkr_data_fetcher - Requesting IBKR historical data: HPQ conId=209411801 bar=30 mins duration=50 D end=latest
2026-06-11 00:14:18,866 - INFO - ibkr.widgets.scanner_table - EOD Scanner table updated with 18 symbols.
2026-06-11 00:14:18,906 - WARNING - ibkr.core.market_data_worker - IBKR market data notice for SPY: Requested market data is not subscribed. Displaying delayed market data. (10167)
2026-06-11 00:14:19,015 - INFO - ibkr.core.main_window - Added 1 widget market-data subscriptions (0 token-backed)
2026-06-11 00:14:19,225 - WARNING - ibkr.core.market_data_worker - IBKR market data notice for QQQ: Requested market data is not subscribed. Displaying delayed market data. (10167)
2026-06-11 00:14:19,795 - INFO - chart_engine.core.ibkr_data_fetcher - Chart data fetch complete source=IBKR symbol=HPQ bars=71
2026-06-11 00:14:20,709 - INFO - chart_engine.core.ibkr_data_fetcher - Chart data fetch complete source=IBKR symbol=HPQ bars=348
2026-06-11 00:14:20,870 - INFO - ibkr.core.market_data_worker - Subscribed IBKR market data: NVDA key=4815747 type=delayed
2026-06-11 00:14:20,870 - INFO - ibkr.core.market_data_worker - Subscribed IBKR market data: TACT key=6858145 type=delayed
2026-06-11 00:14:20,871 - INFO - ibkr.core.market_data_worker - Subscribed IBKR market data: BAX key=8111188 type=delayed
2026-06-11 00:14:20,871 - INFO - ibkr.core.market_data_worker - Subscribed IBKR market data: UMC key=46613372 type=delayed
2026-06-11 00:14:20,871 - INFO - ibkr.core.market_data_worker - Subscribed IBKR market data: TSLA key=76792991 type=delayed
2026-06-11 00:14:20,872 - INFO - ibkr.core.market_data_worker - Subscribed IBKR market data: PTCT key=129374415 type=delayed
2026-06-11 00:14:20,872 - INFO - ibkr.core.market_data_worker - Subscribed IBKR market data: HPQ key=209411801 type=delayed
2026-06-11 00:14:20,873 - INFO - ibkr.core.market_data_worker - Subscribed IBKR market data: DELL key=346218218 type=delayed
2026-06-11 00:14:20,873 - INFO - ibkr.core.market_data_worker - Subscribed IBKR market data: MTA key=395717235 type=delayed
2026-06-11 00:14:20,873 - INFO - ibkr.core.market_data_worker - Subscribed IBKR market data: DRS key=478483396 type=delayed
2026-06-11 00:14:20,873 - INFO - ibkr.core.market_data_worker - Subscribed IBKR market data: RDW key=512000171 type=delayed
2026-06-11 00:14:20,874 - INFO - ibkr.core.market_data_worker - Subscribed IBKR market data: IONQ key=517593749 type=delayed
2026-06-11 00:14:20,874 - INFO - ibkr.core.market_data_worker - Subscribed IBKR market data: GFS key=523222624 type=delayed
2026-06-11 00:14:20,874 - INFO - ibkr.core.market_data_worker - Subscribed IBKR market data: QBTS key=578031277 type=delayed
2026-06-11 00:14:20,874 - INFO - ibkr.core.market_data_worker - Subscribed IBKR market data: LUNR key=613910262 type=delayed
2026-06-11 00:14:20,875 - INFO - ibkr.core.market_data_worker - Subscribed IBKR market data: SIDU key=673368857 type=delayed
2026-06-11 00:14:20,875 - INFO - ibkr.core.market_data_worker - Subscribed IBKR market data: DPRO key=725468685 type=delayed
2026-06-11 00:14:20,875 - INFO - ibkr.core.market_data_worker - Subscribed IBKR market data: SNDK key=760250490 type=delayed
2026-06-11 00:14:20,875 - INFO - ibkr.core.market_data_worker - Subscribed IBKR market data: RKLB key=787273575 type=delayed
2026-06-11 00:14:20,875 - INFO - ibkr.core.market_data_worker - Subscribed IBKR market data: SPRC key=860471331 type=delayed
2026-06-11 00:14:21,272 - WARNING - ibkr.core.market_data_worker - IBKR market data notice for NVDA: Requested market data is not subscribed. Displaying delayed market data. (10167)
2026-06-11 00:14:21,504 - WARNING - ibkr.core.market_data_worker - IBKR market data notice for TACT: Requested market data is not subscribed. Displaying delayed market data. (10167)
2026-06-11 00:14:21,506 - WARNING - ibkr.core.market_data_worker - IBKR market data notice for BAX: Requested market data is not subscribed. Displaying delayed market data. (10167)
2026-06-11 00:14:21,793 - WARNING - ibkr.core.market_data_worker - IBKR market data notice for UMC: Requested market data is not subscribed. Displaying delayed market data. (10167)
2026-06-11 00:14:21,795 - WARNING - ibkr.core.market_data_worker - IBKR market data notice for TSLA: Requested market data is not subscribed. Displaying delayed market data. (10167)
2026-06-11 00:14:21,797 - WARNING - ibkr.core.market_data_worker - IBKR market data notice for PTCT: Requested market data is not subscribed. Displaying delayed market data. (10167)
2026-06-11 00:14:22,329 - WARNING - ibkr.core.market_data_worker - IBKR market data notice for HPQ: Requested market data is not subscribed. Displaying delayed market data. (10167)
2026-06-11 00:14:22,330 - WARNING - ibkr.core.market_data_worker - IBKR market data notice for DELL: Requested market data is not subscribed. Displaying delayed market data. (10167)
2026-06-11 00:14:22,330 - WARNING - ibkr.core.market_data_worker - IBKR market data notice for MTA: Requested market data is not subscribed. Displaying delayed market data. (10167)
2026-06-11 00:14:22,331 - WARNING - ibkr.core.market_data_worker - IBKR market data notice for DRS: Requested market data is not subscribed. Displaying delayed market data. (10167)
2026-06-11 00:14:22,331 - WARNING - ibkr.core.market_data_worker - IBKR market data notice for RDW: Requested market data is not subscribed. Displaying delayed market data. (10167)
2026-06-11 00:14:22,413 - WARNING - ibkr.core.market_data_worker - IBKR market data notice for IONQ: Requested market data is not subscribed. Displaying delayed market data. (10167)
2026-06-11 00:14:22,414 - WARNING - ibkr.core.market_data_worker - IBKR market data notice for GFS: Requested market data is not subscribed. Displaying delayed market data. (10167)
2026-06-11 00:14:22,414 - WARNING - ibkr.core.market_data_worker - IBKR market data notice for QBTS: Requested market data is not subscribed. Displaying delayed market data. (10167)
2026-06-11 00:14:22,414 - WARNING - ibkr.core.market_data_worker - IBKR market data notice for LUNR: Requested market data is not subscribed. Displaying delayed market data. (10167)
2026-06-11 00:14:22,414 - WARNING - ibkr.core.market_data_worker - IBKR market data notice for SIDU: Requested market data is not subscribed. Displaying delayed market data. (10167)
2026-06-11 00:14:22,415 - WARNING - ibkr.core.market_data_worker - IBKR market data notice for DPRO: Requested market data is not subscribed. Displaying delayed market data. (10167)
2026-06-11 00:14:22,415 - WARNING - ibkr.core.market_data_worker - IBKR market data notice for SNDK: Requested market data is not subscribed. Displaying delayed market data. (10167)
2026-06-11 00:14:22,415 - WARNING - ibkr.core.market_data_worker - IBKR market data notice for RKLB: Requested market data is not subscribed. Displaying delayed market data. (10167)
2026-06-11 00:14:22,415 - WARNING - ibkr.core.market_data_worker - IBKR market data notice for SPRC: Requested market data is not subscribed. Displaying delayed market data. (10167)
2026-06-11 00:14:41,085 - WARNING - __main__ - Signal 2 received, initiating shutdown.
