2026-06-09 02:34:04,929 - INFO - login_setup.login_setup_config - qullamaggie v1.0.0 starting...
2026-06-09 02:34:04,929 - INFO - login_setup.login_setup_config - Logging to file: /home/kavi/Desktop/Python_Projects/swing_trader/logs/qullamaggie_20260609_023404.log
2026-06-09 02:34:04,929 - INFO - login_setup.login_setup_config - Fatal crash diagnostics enabled for all threads.
2026-06-09 02:34:04,930 - INFO - __main__ - 🚀 Starting qullamaggie Application...
2026-06-09 02:34:05,119 - INFO - __main__ - Application icon loaded from: /home/kavi/Desktop/Python_Projects/swing_trader/assets/qullamaggie_swing_trader_icon.svg
2026-06-09 02:34:07,880 - INFO - ib_insync.client - Connecting to 127.0.0.1:4002 with clientId 1...
2026-06-09 02:34:07,881 - INFO - ib_insync.client - Connected
2026-06-09 02:34:07,899 - INFO - ib_insync.client - Logged on to server version 176
2026-06-09 02:34:07,944 - INFO - ib_insync.client - API connection ready
2026-06-09 02:34:08,435 - INFO - __main__ - Authenticated for broker: america
2026-06-09 02:34:08,436 - INFO - __main__ - Initializing trading and data clients...
2026-06-09 02:34:08,436 - INFO - login_setup.broker_factory - Creating america client for live trading
2026-06-09 02:34:08,437 - INFO - login_setup.broker_factory - IBKR client created with accounts: ['DUQ624205']
2026-06-09 02:34:08,446 - INFO - ibkr.core.trading_client - Subscribed to IBKR real-time order events
2026-06-09 02:34:08,447 - INFO - ibkr.core.trading_client - IBKR trading client startup snapshots deferred; using local cache/event sync
2026-06-09 02:34:08,447 - INFO - __main__ - Trading client created; creating data client...
2026-06-09 02:34:08,447 - INFO - login_setup.broker_factory - Creating data client for america
2026-06-09 02:34:08,448 - INFO - __main__ - Data client created; validating connection state...
2026-06-09 02:34:08,448 - INFO - __main__ - Trading client connected: True
2026-06-09 02:34:08,448 - INFO - __main__ - Data client connected: True
2026-06-09 02:34:08,448 - INFO - __main__ - Clients initialized successfully.
2026-06-09 02:34:08,449 - INFO - login_setup.broker_factory - Added america client to manager
2026-06-09 02:34:08,449 - INFO - login_setup.broker_factory - Started connection monitoring for america
2026-06-09 02:34:08,449 - INFO - __main__ - Creating main window for america...
2026-06-09 02:34:08,450 - INFO - login_setup.broker_factory - Dynamically loading main window from: ibkr.core.main_window
2026-06-09 02:34:09,630 - INFO - ibkr.core.trade_logger - Trade history database for 'live' mode at: /home/kavi/.qullamaggie/trade_history_live.db
2026-06-09 02:34:09,631 - INFO - ibkr.core.trade_logger - TradeLogger initialized with background processing
2026-06-09 02:34:09,632 - INFO - ibkr.core.trade_logger - DatabaseWorker processing started
2026-06-09 02:34:09,635 - INFO - ibkr.core.position_manager - ✅ Connected to trader.order_status_updated signal - orders will sync immediately
2026-06-09 02:34:09,635 - INFO - ibkr.core.position_manager - ✅ Connected to trader.position_updated signal - positions will sync immediately
2026-06-09 02:34:09,636 - INFO - ibkr.core.position_manager - ✅ Connected to trader.connection_status_changed signal
2026-06-09 02:34:09,636 - INFO - ibkr.core.trade_logger - Database initialization completed
2026-06-09 02:34:09,698 - INFO - ibkr.widgets.scanner_table - Loaded 2 valid scan configurations
2026-06-09 02:34:09,715 - INFO - ibkr.widgets.scanner_table - Scanner table ready for context-aware navigation
2026-06-09 02:34:09,721 - INFO - ibkr.widgets.scanner_table - Running EOD Finviz scan: Computer Hardware
2026-06-09 02:34:09,725 - INFO - chart_engine.core.ibkr_data_fetcher - Pre-warming dedicated IBKR history connection...
2026-06-09 02:34:09,729 - INFO - ib_insync.client - Connecting to 127.0.0.1:4002 with clientId 102...
2026-06-09 02:34:09,731 - INFO - chart_engine.drawings - Loaded global chart settings.
2026-06-09 02:34:10,153 - INFO - chart_engine.core.ibkr_data_fetcher - Chart data source=IBKR symbol=DDD interval=60minute from=2026-04-19T17:04:10.152278-04:00 to=2026-06-08T17:04:10.152278-04:00 dedicated_history=True
2026-06-09 02:34:10,252 - INFO - chart_engine.core.ibkr_data_fetcher - IBKR chart history connected on 127.0.0.1:4002 clientId=102
2026-06-09 02:34:10,346 - INFO - ibkr.core.data_cache - MarketAwareDataCache initialised for IBKR/US market time
2026-06-09 02:34:10,347 - INFO - chart_engine.core.ibkr_data_fetcher - Chart data source=IBKR symbol=DDD interval=60minute from=2026-04-19T17:04:10.347163-04:00 to=2026-06-08T17:04:10.347163-04:00 dedicated_history=True
2026-06-09 02:34:10,494 - INFO - chart_engine.drawings - Saved global chart settings.
2026-06-09 02:34:10,703 - INFO - chart_engine.core.ibkr_data_fetcher - Requesting IBKR historical data: DDD conId=6542334 bar=30 mins duration=50 D end=latest
2026-06-09 02:34:10,736 - INFO - ibkr.core.alert_management_system - Loaded 0 alerts from disk
2026-06-09 02:34:10,737 - INFO - ibkr.core.alert_management_system - AlertSystemManager ready
2026-06-09 02:34:10,738 - INFO - ibkr.core.main_window - Alert system initialized successfully.
2026-06-09 02:34:10,739 - INFO - ibkr.core.alert_management_system - AlertEngine started
2026-06-09 02:34:10,760 - INFO - ibkr.core.main_window - Connecting component signals...
2026-06-09 02:34:10,762 - INFO - ibkr.core.main_window - IBKR order lifecycle UI signals connected
2026-06-09 02:34:10,765 - INFO - ib_insync.client - Connecting to 127.0.0.1:4002 with clientId 101...
2026-06-09 02:34:10,775 - INFO - ibkr.core.main_window - Keyboard shortcuts initialized
2026-06-09 02:34:11,039 - INFO - ibkr.core.main_window - Subscription universe changed: 3 instruments (0 token-backed, +3/-0) sources={'charts': 2, 'header': 2}
2026-06-09 02:34:11,040 - INFO - ibkr.core.main_window - Window state restored
2026-06-09 02:34:11,040 - INFO - ibkr.core.main_window - Applied startup chart timeframes: left=60minute, right=60minute
2026-06-09 02:34:11,040 - INFO - ibkr.core.main_window - Simplified qullamaggie Window with Status Bar Initialized Successfully.
2026-06-09 02:34:11,041 - INFO - __main__ - Main window created successfully.
2026-06-09 02:34:11,106 - INFO - __main__ - Starting application event loop.
2026-06-09 02:34:11,985 - INFO - ibkr.core.market_data_worker - Dedicated IBKR market-data connection established on 127.0.0.1:4002 clientId=101
2026-06-09 02:34:12,003 - INFO - ibkr.core.market_data_worker - IBKR MarketDataWorker started
2026-06-09 02:34:12,003 - INFO - ibkr.core.market_data_worker - Requested IBKR delayed market data type (3); delayed fallback=False; generic ticks=''
2026-06-09 02:34:12,006 - INFO - ibkr.core.main_window - IBKR loader: Building initial instrument list...
2026-06-09 02:34:12,267 - INFO - ibkr.core.main_window - Window state saved
2026-06-09 02:34:12,666 - INFO - ibkr.core.market_data_worker - Subscribed IBKR market data: DDD key=6542334 type=delayed
2026-06-09 02:34:12,676 - INFO - ibkr.core.market_data_worker - Subscribed IBKR market data: SPY key=756733 type=delayed
2026-06-09 02:34:12,676 - INFO - ibkr.core.market_data_worker - Subscribed IBKR market data: QQQ key=320227571 type=delayed
2026-06-09 02:34:12,792 - INFO - chart_engine.core.ibkr_data_fetcher - Chart data fetch complete source=IBKR symbol=DDD bars=350
2026-06-09 02:34:13,012 - WARNING - ibkr.core.market_data_worker - IBKR market data notice for DDD: Requested market data is not subscribed. Displaying delayed market data. (10167)
2026-06-09 02:34:13,482 - WARNING - ibkr.core.market_data_worker - IBKR market data notice for SPY: Requested market data is not subscribed. Displaying delayed market data. (10167)
2026-06-09 02:34:13,483 - WARNING - ibkr.core.market_data_worker - IBKR market data notice for QQQ: Requested market data is not subscribed. Displaying delayed market data. (10167)
2026-06-09 02:34:13,507 - INFO - ibkr.widgets.scanner_table - EOD Scan completed: 24 symbols with complete data
2026-06-09 02:34:13,570 - WARNING - ibkr.core.main_window - IBKR market data is delayed (delayed); live subscription is unavailable.
2026-06-09 02:34:13,571 - INFO - ibkr.core.main_window - WebSocket connected. Setting up subscriptions.
2026-06-09 02:34:13,571 - INFO - ibkr.core.position_manager - Fetching positions from broker - Reason: ibkr_connected
2026-06-09 02:34:13,596 - INFO - ibkr.core.main_window - Added 19 widget market-data subscriptions (19 token-backed)
2026-06-09 02:34:13,599 - INFO - ibkr.core.position_manager - Position table changed: 19 open positions | open MTM -13336.35 | realized 0.00
2026-06-09 02:34:13,786 - INFO - ibkr.core.main_window - Chart panes revealed after initial symbol render: DDD
2026-06-09 02:34:13,787 - INFO - ibkr.core.main_window - Chart symbol changed to: DDD
2026-06-09 02:34:13,789 - INFO - ibkr.core.main_window - Added chart symbol DDD to subscription
2026-06-09 02:34:13,796 - INFO - ibkr.core.main_window - Ensured subscription for chart symbol DDD
2026-06-09 02:34:13,797 - INFO - chart_engine.core.chart_widget - Chart HTML loaded: DDD (350 candles)
2026-06-09 02:34:13,938 - INFO - ibkr.core.main_window - Successfully loaded 3927 instruments.
2026-06-09 02:34:13,939 - INFO - ibkr.widgets.header_toolbar - Search index ready: 3927 instruments
2026-06-09 02:34:13,960 - INFO - ibkr.core.main_window - Instruments loaded successfully.
2026-06-09 02:34:14,168 - INFO - ibkr.core.main_window - IBKR loader: Loaded 181 symbols (qualifying in background...)
2026-06-09 02:34:14,294 - INFO - ibkr.widgets.scanner_table - EOD Scanner table updated with 24 symbols.
2026-06-09 02:34:14,400 - INFO - ibkr.core.position_manager - Fetching positions from broker - Reason: app_startup
2026-06-09 02:34:14,431 - INFO - ibkr.core.main_window - Position system initialized successfully
2026-06-09 02:34:14,438 - INFO - ibkr.core.network_monitor - NetworkMonitor started
2026-06-09 02:34:14,438 - INFO - ibkr.core.main_window - Network resilience layer initialized
2026-06-09 02:34:14,680 - INFO - ibkr.core.main_window - Subscription universe changed: 22 instruments (19 token-backed, +19/-0) sources={'positions': 19, 'charts': 2, 'header': 2}
2026-06-09 02:34:14,908 - INFO - ibkr.core.position_manager - Fetching positions from broker - Reason: instruments_loaded
2026-06-09 02:34:14,976 - INFO - ibkr.core.main_window - Chart auto-loading initiated
2026-06-09 02:34:14,978 - INFO - ibkr.core.main_window - Chart already has active rendered symbol: DDD
2026-06-09 02:34:15,317 - INFO - ibkr.core.market_data_worker - Subscribed IBKR market data: NVDA key=4815747 type=delayed
2026-06-09 02:34:15,318 - INFO - ibkr.core.market_data_worker - Subscribed IBKR market data: TACT key=6858145 type=delayed
2026-06-09 02:34:15,318 - INFO - ibkr.core.market_data_worker - Subscribed IBKR market data: BAX key=8111188 type=delayed
2026-06-09 02:34:15,319 - INFO - ibkr.core.market_data_worker - Subscribed IBKR market data: TSLA key=76792991 type=delayed
2026-06-09 02:34:15,319 - INFO - ibkr.core.market_data_worker - Subscribed IBKR market data: PTCT key=129374415 type=delayed
2026-06-09 02:34:15,320 - INFO - ibkr.core.market_data_worker - Subscribed IBKR market data: HPQ key=209411801 type=delayed
2026-06-09 02:34:15,320 - INFO - ibkr.core.market_data_worker - Subscribed IBKR market data: DELL key=346218218 type=delayed
2026-06-09 02:34:15,321 - INFO - ibkr.core.market_data_worker - Subscribed IBKR market data: MTA key=395717235 type=delayed
2026-06-09 02:34:15,322 - INFO - ibkr.core.market_data_worker - Subscribed IBKR market data: DRS key=478483396 type=delayed
2026-06-09 02:34:15,322 - INFO - ibkr.core.market_data_worker - Subscribed IBKR market data: RDW key=512000171 type=delayed
2026-06-09 02:34:15,323 - INFO - ibkr.core.market_data_worker - Subscribed IBKR market data: IONQ key=517593749 type=delayed
2026-06-09 02:34:15,323 - INFO - ibkr.core.market_data_worker - Subscribed IBKR market data: GFS key=523222624 type=delayed
2026-06-09 02:34:15,323 - INFO - ibkr.core.market_data_worker - Subscribed IBKR market data: QBTS key=578031277 type=delayed
2026-06-09 02:34:15,324 - INFO - ibkr.core.market_data_worker - Subscribed IBKR market data: LUNR key=613910262 type=delayed
2026-06-09 02:34:15,324 - INFO - ibkr.core.market_data_worker - Subscribed IBKR market data: SIDU key=673368857 type=delayed
2026-06-09 02:34:15,325 - INFO - ibkr.core.market_data_worker - Subscribed IBKR market data: DPRO key=725468685 type=delayed
2026-06-09 02:34:15,326 - INFO - ibkr.core.market_data_worker - Subscribed IBKR market data: SNDK key=760250490 type=delayed
2026-06-09 02:34:15,326 - INFO - ibkr.core.market_data_worker - Subscribed IBKR market data: RKLB key=787273575 type=delayed
2026-06-09 02:34:15,326 - INFO - ibkr.core.market_data_worker - Subscribed IBKR market data: SPRC key=860471331 type=delayed
2026-06-09 02:34:15,382 - INFO - ibkr.core.network_monitor - Network confirmed online at startup
2026-06-09 02:34:15,881 - WARNING - ibkr.core.market_data_worker - IBKR market data notice for NVDA: Requested market data is not subscribed. Displaying delayed market data. (10167)
2026-06-09 02:34:16,160 - WARNING - ibkr.core.market_data_worker - IBKR market data notice for TACT: Requested market data is not subscribed. Displaying delayed market data. (10167)
2026-06-09 02:34:16,161 - WARNING - ibkr.core.market_data_worker - IBKR market data notice for BAX: Requested market data is not subscribed. Displaying delayed market data. (10167)
2026-06-09 02:34:16,594 - WARNING - ibkr.core.market_data_worker - IBKR market data notice for TSLA: Requested market data is not subscribed. Displaying delayed market data. (10167)
2026-06-09 02:34:16,680 - WARNING - ibkr.core.market_data_worker - IBKR market data notice for PTCT: Requested market data is not subscribed. Displaying delayed market data. (10167)
2026-06-09 02:34:16,680 - WARNING - ibkr.core.market_data_worker - IBKR market data notice for HPQ: Requested market data is not subscribed. Displaying delayed market data. (10167)
2026-06-09 02:34:16,681 - WARNING - ibkr.core.market_data_worker - IBKR market data notice for DELL: Requested market data is not subscribed. Displaying delayed market data. (10167)
2026-06-09 02:34:16,681 - WARNING - ibkr.core.market_data_worker - IBKR market data notice for MTA: Requested market data is not subscribed. Displaying delayed market data. (10167)
2026-06-09 02:34:16,691 - WARNING - ibkr.core.market_data_worker - IBKR market data notice for DRS: Requested market data is not subscribed. Displaying delayed market data. (10167)
2026-06-09 02:34:16,692 - WARNING - ibkr.core.market_data_worker - IBKR market data notice for RDW: Requested market data is not subscribed. Displaying delayed market data. (10167)
2026-06-09 02:34:16,693 - WARNING - ibkr.core.market_data_worker - IBKR market data notice for IONQ: Requested market data is not subscribed. Displaying delayed market data. (10167)
2026-06-09 02:34:16,699 - WARNING - ibkr.core.market_data_worker - IBKR market data notice for GFS: Requested market data is not subscribed. Displaying delayed market data. (10167)
2026-06-09 02:34:16,699 - WARNING - ibkr.core.market_data_worker - IBKR market data notice for QBTS: Requested market data is not subscribed. Displaying delayed market data. (10167)
2026-06-09 02:34:16,700 - WARNING - ibkr.core.market_data_worker - IBKR market data notice for LUNR: Requested market data is not subscribed. Displaying delayed market data. (10167)
2026-06-09 02:34:16,700 - WARNING - ibkr.core.market_data_worker - IBKR market data notice for SIDU: Requested market data is not subscribed. Displaying delayed market data. (10167)
2026-06-09 02:34:16,700 - WARNING - ibkr.core.market_data_worker - IBKR market data notice for DPRO: Requested market data is not subscribed. Displaying delayed market data. (10167)
2026-06-09 02:34:16,878 - WARNING - ibkr.core.market_data_worker - IBKR market data notice for SNDK: Requested market data is not subscribed. Displaying delayed market data. (10167)
2026-06-09 02:34:16,879 - WARNING - ibkr.core.market_data_worker - IBKR market data notice for RKLB: Requested market data is not subscribed. Displaying delayed market data. (10167)
2026-06-09 02:34:16,889 - WARNING - ibkr.core.market_data_worker - IBKR market data notice for SPRC: Requested market data is not subscribed. Displaying delayed market data. (10167)
2026-06-09 02:34:26,776 - INFO - chart_engine.core.ibkr_data_fetcher - Chart data source=IBKR symbol=DDD interval=day from=2025-05-04T17:04:26.771539-04:00 to=2026-06-08T17:04:26.771539-04:00 dedicated_history=True
2026-06-09 02:34:26,778 - INFO - chart_engine.core.ibkr_data_fetcher - Requesting IBKR historical data: DDD conId=6542334 bar=1 day duration=2 Y end=latest
2026-06-09 02:34:27,688 - INFO - chart_engine.core.ibkr_data_fetcher - Chart data fetch complete source=IBKR symbol=DDD bars=275
2026-06-09 02:34:27,742 - INFO - chart_engine.drawings - Loaded global chart settings.
2026-06-09 02:34:27,743 - INFO - chart_engine.drawings - Saved global chart settings.
2026-06-09 02:34:27,747 - INFO - ibkr.core.main_window - Chart symbol changed to: DDD
2026-06-09 02:34:27,747 - INFO - ibkr.core.main_window - Added chart symbol DDD to subscription
2026-06-09 02:34:27,747 - INFO - ibkr.core.main_window - Ensured subscription for chart symbol DDD
2026-06-09 02:34:27,748 - INFO - chart_engine.core.chart_widget - Chart seamlessly updated: DDD (275 candles)
2026-06-09 02:34:31,742 - INFO - chart_engine.core.ibkr_data_fetcher - Chart data source=IBKR symbol=CRSR interval=day from=2025-05-04T17:04:31.742438-04:00 to=2026-06-08T17:04:31.742438-04:00 dedicated_history=True
2026-06-09 02:34:31,745 - INFO - chart_engine.core.ibkr_data_fetcher - Requesting IBKR historical data: CRSR conId=446872191 bar=1 day duration=2 Y end=latest
2026-06-09 02:34:31,755 - INFO - chart_engine.core.ibkr_data_fetcher - Chart data source=IBKR symbol=CRSR interval=60minute from=2026-04-19T17:04:31.755711-04:00 to=2026-06-08T17:04:31.755711-04:00 dedicated_history=True
2026-06-09 02:34:31,757 - INFO - chart_engine.core.ibkr_data_fetcher - Requesting IBKR historical data: CRSR conId=446872191 bar=30 mins duration=50 D end=latest
2026-06-09 02:34:33,308 - INFO - chart_engine.core.ibkr_data_fetcher - Chart data fetch complete source=IBKR symbol=CRSR bars=275
2026-06-09 02:34:33,391 - INFO - ibkr.core.main_window - Chart symbol changed to: CRSR
2026-06-09 02:34:33,392 - INFO - ibkr.core.main_window - Added chart symbol CRSR to subscription
2026-06-09 02:34:33,392 - INFO - ibkr.core.main_window - Ensured subscription for chart symbol CRSR
2026-06-09 02:34:33,392 - INFO - chart_engine.core.chart_widget - Chart seamlessly updated: CRSR (275 candles)
2026-06-09 02:34:33,724 - INFO - ibkr.core.main_window - Subscription universe changed: 22 instruments (19 token-backed, +1/-1) sources={'positions': 19, 'charts': 2, 'header': 2}
2026-06-09 02:34:33,741 - INFO - ibkr.core.market_data_worker - Subscribed IBKR market data: CRSR key=446872191 type=delayed
2026-06-09 02:34:33,745 - INFO - chart_engine.core.ibkr_data_fetcher - Chart data fetch complete source=IBKR symbol=CRSR bars=350
2026-06-09 02:34:33,821 - INFO - chart_engine.core.chart_widget - Chart seamlessly updated: CRSR (350 candles)
2026-06-09 02:34:34,075 - WARNING - ibkr.core.market_data_worker - IBKR market data notice for CRSR: Requested market data is not subscribed. Displaying delayed market data. (10167)
2026-06-09 02:34:34,784 - INFO - ibkr.core.market_data_worker - Unsubscribed IBKR market data: DDD
2026-06-09 02:34:34,792 - ERROR - ib_insync.wrapper - Error 300, reqId 97: Can't find EId with tickerId:97
2026-06-09 02:34:34,793 - WARNING - ibkr.core.market_data_worker - IBKR API error for reqId=97: Can't find EId with tickerId:97 (300)
2026-06-09 02:34:35,260 - INFO - chart_engine.core.ibkr_data_fetcher - Chart data source=IBKR symbol=DDD interval=60minute from=2026-04-19T17:04:35.260453-04:00 to=2026-06-08T17:04:35.260453-04:00 dedicated_history=True
2026-06-09 02:34:35,263 - INFO - chart_engine.core.ibkr_data_fetcher - Requesting IBKR historical data: DDD conId=6542334 bar=30 mins duration=50 D end=latest
2026-06-09 02:34:35,912 - INFO - ibkr.core.market_data_worker - Subscribed IBKR market data: DDD key=6542334 type=delayed
2026-06-09 02:34:35,959 - INFO - ibkr.core.market_data_worker - Unsubscribed IBKR market data: CRSR
2026-06-09 02:34:36,896 - ERROR - ib_insync.wrapper - Error 300, reqId 124: Can't find EId with tickerId:124
2026-06-09 02:34:36,897 - WARNING - ibkr.core.market_data_worker - IBKR API error for reqId=124: Can't find EId with tickerId:124 (300)
2026-06-09 02:34:37,398 - INFO - chart_engine.core.ibkr_data_fetcher - Chart data fetch complete source=IBKR symbol=DDD bars=350
2026-06-09 02:34:37,486 - INFO - chart_engine.core.chart_widget - Chart seamlessly updated: DDD (350 candles)
2026-06-09 02:35:05,260 - INFO - chart_engine.core.ibkr_data_fetcher - Chart data source=IBKR symbol=DDD interval=60minute from=2026-04-19T17:05:05.260263-04:00 to=2026-06-08T17:05:05.260263-04:00 dedicated_history=True
2026-06-09 02:35:05,261 - INFO - chart_engine.core.ibkr_data_fetcher - Requesting IBKR historical data: DDD conId=6542334 bar=30 mins duration=50 D end=latest
2026-06-09 02:35:06,612 - INFO - chart_engine.core.ibkr_data_fetcher - Chart data fetch complete source=IBKR symbol=DDD bars=350
2026-06-09 02:35:06,655 - INFO - chart_engine.drawings - Loaded global chart settings.
2026-06-09 02:35:06,655 - INFO - chart_engine.drawings - Saved global chart settings.
2026-06-09 02:35:06,661 - INFO - ibkr.core.main_window - Ensured subscription for chart symbol DDD
2026-06-09 02:35:06,661 - INFO - chart_engine.core.chart_widget - Chart seamlessly updated: DDD (350 candles)
2026-06-09 02:35:10,259 - INFO - ibkr.core.data_cache - US market-open cache flush complete; intraday entries cleared
2026-06-09 02:35:23,852 - INFO - ibkr.core.main_window - Floating positions dialog opened
2026-06-09 02:35:51,316 - INFO - ibkr.core.main_window - Floating positions dialog opened
2026-06-09 02:36:04,260 - INFO - chart_engine.core.ibkr_data_fetcher - Chart data source=IBKR symbol=DDD interval=60minute from=2026-04-19T17:06:04.260187-04:00 to=2026-06-08T17:06:04.260187-04:00 dedicated_history=True
2026-06-09 02:36:04,261 - INFO - chart_engine.core.ibkr_data_fetcher - Requesting IBKR historical data: DDD conId=6542334 bar=30 mins duration=50 D end=latest
2026-06-09 02:36:05,574 - INFO - chart_engine.core.ibkr_data_fetcher - Chart data fetch complete source=IBKR symbol=DDD bars=350
2026-06-09 02:36:05,608 - INFO - chart_engine.drawings - Loaded global chart settings.
2026-06-09 02:36:05,609 - INFO - chart_engine.drawings - Saved global chart settings.
2026-06-09 02:36:05,612 - INFO - ibkr.core.main_window - Ensured subscription for chart symbol DDD
2026-06-09 02:36:05,613 - INFO - chart_engine.core.chart_widget - Chart seamlessly updated: DDD (350 candles)
2026-06-09 02:36:11,837 - INFO - ibkr.core.main_window - Portfolio Intelligence dialog opened
2026-06-09 02:37:04,260 - INFO - chart_engine.core.ibkr_data_fetcher - Chart data source=IBKR symbol=DDD interval=60minute from=2026-04-19T17:07:04.260392-04:00 to=2026-06-08T17:07:04.260392-04:00 dedicated_history=True
2026-06-09 02:37:04,261 - INFO - chart_engine.core.ibkr_data_fetcher - Requesting IBKR historical data: DDD conId=6542334 bar=30 mins duration=50 D end=latest
2026-06-09 02:37:05,609 - INFO - chart_engine.core.ibkr_data_fetcher - Chart data fetch complete source=IBKR symbol=DDD bars=350
2026-06-09 02:37:05,711 - INFO - chart_engine.drawings - Loaded global chart settings.
2026-06-09 02:37:05,715 - INFO - chart_engine.drawings - Saved global chart settings.
2026-06-09 02:37:05,720 - INFO - ibkr.core.main_window - Ensured subscription for chart symbol DDD
2026-06-09 02:37:05,721 - INFO - chart_engine.core.chart_widget - Chart seamlessly updated: DDD (350 candles)
2026-06-09 02:37:13,991 - INFO - chart_engine.core.ibkr_data_fetcher - Chart data source=IBKR symbol=QBTS interval=day from=2025-05-04T17:07:13.990862-04:00 to=2026-06-08T17:07:13.990862-04:00 dedicated_history=True
2026-06-09 02:37:13,992 - INFO - chart_engine.core.ibkr_data_fetcher - Requesting IBKR historical data: QBTS conId=578031277 bar=1 day duration=2 Y end=latest
2026-06-09 02:37:14,003 - INFO - chart_engine.core.ibkr_data_fetcher - Chart data source=IBKR symbol=QBTS interval=60minute from=2026-04-19T17:07:14.003618-04:00 to=2026-06-08T17:07:14.003618-04:00 dedicated_history=True
2026-06-09 02:37:14,004 - INFO - chart_engine.core.ibkr_data_fetcher - Requesting IBKR historical data: QBTS conId=578031277 bar=30 mins duration=50 D end=latest
2026-06-09 02:37:14,951 - INFO - chart_engine.core.ibkr_data_fetcher - Chart data fetch complete source=IBKR symbol=QBTS bars=275
2026-06-09 02:37:15,009 - INFO - ibkr.core.main_window - Chart symbol changed to: QBTS
2026-06-09 02:37:15,009 - INFO - ibkr.core.main_window - Added chart symbol QBTS to subscription
2026-06-09 02:37:15,010 - INFO - ibkr.core.main_window - Ensured subscription for chart symbol QBTS
2026-06-09 02:37:15,010 - INFO - chart_engine.core.chart_widget - Chart seamlessly updated: QBTS (275 candles)
2026-06-09 02:37:15,421 - INFO - ibkr.core.main_window - Subscription universe changed: 22 instruments (19 token-backed, +1/-1) sources={'positions': 19, 'charts': 2, 'header': 2}
2026-06-09 02:37:15,452 - INFO - ibkr.core.market_data_worker - Unsubscribed IBKR market data: DDD
2026-06-09 02:37:15,506 - INFO - chart_engine.core.ibkr_data_fetcher - Chart data fetch complete source=IBKR symbol=QBTS bars=350
2026-06-09 02:37:15,597 - INFO - chart_engine.core.chart_widget - Chart seamlessly updated: QBTS (350 candles)
2026-06-09 02:37:15,657 - ERROR - ib_insync.wrapper - Error 300, reqId 153: Can't find EId with tickerId:153
2026-06-09 02:37:15,657 - WARNING - ibkr.core.market_data_worker - IBKR API error for reqId=153: Can't find EId with tickerId:153 (300)
2026-06-09 02:37:16,638 - INFO - chart_engine.core.ibkr_data_fetcher - Chart data source=IBKR symbol=QCLS interval=day from=2025-05-04T17:07:16.637114-04:00 to=2026-06-08T17:07:16.637114-04:00 dedicated_history=True
2026-06-09 02:37:16,643 - INFO - chart_engine.core.ibkr_data_fetcher - Requesting IBKR historical data: QCLS conId=810759401 bar=1 day duration=2 Y end=latest
2026-06-09 02:37:16,656 - INFO - chart_engine.core.ibkr_data_fetcher - Chart data source=IBKR symbol=QCLS interval=60minute from=2026-04-19T17:07:16.656627-04:00 to=2026-06-08T17:07:16.656627-04:00 dedicated_history=True
2026-06-09 02:37:16,660 - INFO - chart_engine.core.ibkr_data_fetcher - Requesting IBKR historical data: QCLS conId=810759401 bar=30 mins duration=50 D end=latest
2026-06-09 02:37:18,756 - INFO - chart_engine.core.ibkr_data_fetcher - Chart data fetch complete source=IBKR symbol=QCLS bars=350
2026-06-09 02:37:18,822 - INFO - ibkr.core.main_window - Ensured subscription for chart symbol QCLS
2026-06-09 02:37:18,822 - INFO - chart_engine.core.chart_widget - Chart seamlessly updated: QCLS (350 candles)
2026-06-09 02:37:19,126 - INFO - ibkr.core.market_data_worker - Subscribed IBKR market data: QCLS key=810759401 type=delayed
2026-06-09 02:37:19,699 - WARNING - ibkr.core.market_data_worker - IBKR market data notice for QCLS: Requested market data is not subscribed. Displaying delayed market data. (10167)
2026-06-09 02:37:19,965 - INFO - chart_engine.core.ibkr_data_fetcher - Chart data fetch complete source=IBKR symbol=QCLS bars=275
2026-06-09 02:37:20,086 - INFO - ibkr.core.main_window - Chart symbol changed to: QCLS
2026-06-09 02:37:20,087 - INFO - ibkr.core.main_window - Added chart symbol QCLS to subscription
2026-06-09 02:37:20,087 - INFO - chart_engine.core.chart_widget - Chart seamlessly updated: QCLS (275 candles)
2026-06-09 02:37:34,326 - INFO - chart_engine.core.ibkr_data_fetcher - Chart data source=IBKR symbol=SNDK interval=day from=2025-05-04T17:07:34.326252-04:00 to=2026-06-08T17:07:34.326252-04:00 dedicated_history=True
2026-06-09 02:37:34,327 - INFO - chart_engine.core.ibkr_data_fetcher - Requesting IBKR historical data: SNDK conId=760250490 bar=1 day duration=2 Y end=latest
2026-06-09 02:37:34,340 - INFO - chart_engine.core.ibkr_data_fetcher - Chart data source=IBKR symbol=SNDK interval=60minute from=2026-04-19T17:07:34.340720-04:00 to=2026-06-08T17:07:34.340720-04:00 dedicated_history=True
2026-06-09 02:37:34,342 - INFO - chart_engine.core.ibkr_data_fetcher - Requesting IBKR historical data: SNDK conId=760250490 bar=30 mins duration=50 D end=latest
2026-06-09 02:37:35,743 - INFO - chart_engine.core.ibkr_data_fetcher - Chart data fetch complete source=IBKR symbol=SNDK bars=350
2026-06-09 02:37:35,793 - INFO - chart_engine.drawings - Loaded global chart settings.
2026-06-09 02:37:35,796 - INFO - chart_engine.drawings - Saved global chart settings.
2026-06-09 02:37:35,802 - INFO - ibkr.core.main_window - Ensured subscription for chart symbol SNDK
2026-06-09 02:37:35,803 - INFO - chart_engine.core.chart_widget - Chart seamlessly updated: SNDK (350 candles)
2026-06-09 02:37:35,839 - INFO - chart_engine.core.ibkr_data_fetcher - Chart data fetch complete source=IBKR symbol=SNDK bars=275
2026-06-09 02:37:36,011 - INFO - ibkr.core.main_window - Chart symbol changed to: SNDK
2026-06-09 02:37:36,011 - INFO - ibkr.core.main_window - Added chart symbol SNDK to subscription
2026-06-09 02:37:36,013 - INFO - chart_engine.core.chart_widget - Chart seamlessly updated: SNDK (275 candles)
2026-06-09 02:37:36,354 - INFO - ibkr.core.main_window - Subscription universe changed: 22 instruments (19 token-backed, +1/-1) sources={'positions': 19, 'charts': 2, 'header': 2}
2026-06-09 02:37:36,364 - INFO - ibkr.core.market_data_worker - Unsubscribed IBKR market data: QCLS
2026-06-09 02:37:36,505 - ERROR - ib_insync.wrapper - Error 300, reqId 205: Can't find EId with tickerId:205
2026-06-09 02:37:36,505 - WARNING - ibkr.core.market_data_worker - IBKR API error for reqId=205: Can't find EId with tickerId:205 (300)
2026-06-09 02:37:38,669 - INFO - chart_engine.core.ibkr_data_fetcher - Chart data source=IBKR symbol=DELL interval=day from=2025-05-04T17:07:38.668878-04:00 to=2026-06-08T17:07:38.668878-04:00 dedicated_history=True
2026-06-09 02:37:38,670 - INFO - chart_engine.core.ibkr_data_fetcher - Requesting IBKR historical data: DELL conId=346218218 bar=1 day duration=2 Y end=latest
2026-06-09 02:37:38,692 - INFO - chart_engine.core.ibkr_data_fetcher - Chart data source=IBKR symbol=DELL interval=60minute from=2026-04-19T17:07:38.692576-04:00 to=2026-06-08T17:07:38.692576-04:00 dedicated_history=True
2026-06-09 02:37:38,693 - INFO - chart_engine.core.ibkr_data_fetcher - Requesting IBKR historical data: DELL conId=346218218 bar=30 mins duration=50 D end=latest
2026-06-09 02:37:39,618 - INFO - chart_engine.core.ibkr_data_fetcher - Chart data fetch complete source=IBKR symbol=DELL bars=275
2026-06-09 02:37:39,683 - INFO - ibkr.core.main_window - Chart symbol changed to: DELL
2026-06-09 02:37:39,684 - INFO - ibkr.core.main_window - Added chart symbol DELL to subscription
2026-06-09 02:37:39,685 - INFO - ibkr.core.main_window - Ensured subscription for chart symbol DELL
2026-06-09 02:37:39,685 - INFO - chart_engine.core.chart_widget - Chart seamlessly updated: DELL (275 candles)
2026-06-09 02:37:40,206 - INFO - chart_engine.core.ibkr_data_fetcher - Chart data fetch complete source=IBKR symbol=DELL bars=350
2026-06-09 02:37:40,305 - INFO - chart_engine.core.chart_widget - Chart seamlessly updated: DELL (350 candles)
2026-06-09 02:38:05,260 - INFO - chart_engine.core.ibkr_data_fetcher - Chart data source=IBKR symbol=DELL interval=60minute from=2026-04-19T17:08:05.260347-04:00 to=2026-06-08T17:08:05.260347-04:00 dedicated_history=True
2026-06-09 02:38:05,264 - INFO - chart_engine.core.ibkr_data_fetcher - Requesting IBKR historical data: DELL conId=346218218 bar=30 mins duration=50 D end=latest
2026-06-09 02:38:06,661 - INFO - chart_engine.core.ibkr_data_fetcher - Chart data fetch complete source=IBKR symbol=DELL bars=350
2026-06-09 02:38:06,695 - INFO - chart_engine.drawings - Loaded global chart settings.
2026-06-09 02:38:06,696 - INFO - chart_engine.drawings - Saved global chart settings.
2026-06-09 02:38:06,700 - INFO - ibkr.core.main_window - Ensured subscription for chart symbol DELL
2026-06-09 02:38:06,701 - INFO - chart_engine.core.chart_widget - Chart seamlessly updated: DELL (350 candles)
2026-06-09 02:39:04,259 - INFO - chart_engine.core.ibkr_data_fetcher - Chart data source=IBKR symbol=DELL interval=60minute from=2026-04-19T17:09:04.259456-04:00 to=2026-06-08T17:09:04.259456-04:00 dedicated_history=True
2026-06-09 02:39:04,260 - INFO - chart_engine.core.ibkr_data_fetcher - Requesting IBKR historical data: DELL conId=346218218 bar=30 mins duration=50 D end=latest
2026-06-09 02:39:05,780 - INFO - chart_engine.core.ibkr_data_fetcher - Chart data fetch complete source=IBKR symbol=DELL bars=350
2026-06-09 02:39:05,855 - INFO - chart_engine.drawings - Loaded global chart settings.
2026-06-09 02:39:05,856 - INFO - chart_engine.drawings - Saved global chart settings.
2026-06-09 02:39:05,861 - INFO - ibkr.core.main_window - Ensured subscription for chart symbol DELL
2026-06-09 02:39:05,861 - INFO - chart_engine.core.chart_widget - Chart seamlessly updated: DELL (350 candles)
2026-06-09 02:40:05,261 - INFO - chart_engine.core.ibkr_data_fetcher - Chart data source=IBKR symbol=DELL interval=60minute from=2026-04-19T17:10:05.259534-04:00 to=2026-06-08T17:10:05.259534-04:00 dedicated_history=True
2026-06-09 02:40:05,264 - INFO - chart_engine.core.ibkr_data_fetcher - Requesting IBKR historical data: DELL conId=346218218 bar=30 mins duration=50 D end=latest
2026-06-09 02:40:06,717 - INFO - chart_engine.core.ibkr_data_fetcher - Chart data fetch complete source=IBKR symbol=DELL bars=350
2026-06-09 02:40:06,750 - INFO - chart_engine.drawings - Loaded global chart settings.
2026-06-09 02:40:06,751 - INFO - chart_engine.drawings - Saved global chart settings.
2026-06-09 02:40:06,755 - INFO - ibkr.core.main_window - Ensured subscription for chart symbol DELL
2026-06-09 02:40:06,755 - INFO - chart_engine.core.chart_widget - Chart seamlessly updated: DELL (350 candles)
2026-06-09 02:41:04,263 - INFO - chart_engine.core.ibkr_data_fetcher - Chart data source=IBKR symbol=DELL interval=60minute from=2026-04-19T17:11:04.263455-04:00 to=2026-06-08T17:11:04.263455-04:00 dedicated_history=True
2026-06-09 02:41:04,267 - INFO - chart_engine.core.ibkr_data_fetcher - Requesting IBKR historical data: DELL conId=346218218 bar=30 mins duration=50 D end=latest
2026-06-09 02:41:05,778 - INFO - chart_engine.core.ibkr_data_fetcher - Chart data fetch complete source=IBKR symbol=DELL bars=350
2026-06-09 02:41:05,831 - INFO - chart_engine.drawings - Loaded global chart settings.
2026-06-09 02:41:05,832 - INFO - chart_engine.drawings - Saved global chart settings.
2026-06-09 02:41:05,838 - INFO - ibkr.core.main_window - Ensured subscription for chart symbol DELL
2026-06-09 02:41:05,839 - INFO - chart_engine.core.chart_widget - Chart seamlessly updated: DELL (350 candles)
2026-06-09 02:42:05,259 - INFO - chart_engine.core.ibkr_data_fetcher - Chart data source=IBKR symbol=DELL interval=60minute from=2026-04-19T17:12:05.259684-04:00 to=2026-06-08T17:12:05.259684-04:00 dedicated_history=True
2026-06-09 02:42:05,262 - INFO - chart_engine.core.ibkr_data_fetcher - Requesting IBKR historical data: DELL conId=346218218 bar=30 mins duration=50 D end=latest
2026-06-09 02:42:06,986 - INFO - chart_engine.core.ibkr_data_fetcher - Chart data fetch complete source=IBKR symbol=DELL bars=350
2026-06-09 02:42:07,026 - INFO - chart_engine.drawings - Loaded global chart settings.
2026-06-09 02:42:07,027 - INFO - chart_engine.drawings - Saved global chart settings.
2026-06-09 02:42:07,031 - INFO - ibkr.core.main_window - Ensured subscription for chart symbol DELL
2026-06-09 02:42:07,031 - INFO - chart_engine.core.chart_widget - Chart seamlessly updated: DELL (350 candles)
2026-06-09 02:43:05,260 - INFO - chart_engine.core.ibkr_data_fetcher - Chart data source=IBKR symbol=DELL interval=60minute from=2026-04-19T17:13:05.259930-04:00 to=2026-06-08T17:13:05.259930-04:00 dedicated_history=True
2026-06-09 02:43:05,261 - INFO - chart_engine.core.ibkr_data_fetcher - Requesting IBKR historical data: DELL conId=346218218 bar=30 mins duration=50 D end=latest
2026-06-09 02:43:06,591 - INFO - chart_engine.core.ibkr_data_fetcher - Chart data fetch complete source=IBKR symbol=DELL bars=350
2026-06-09 02:43:06,630 - INFO - chart_engine.drawings - Loaded global chart settings.
2026-06-09 02:43:06,630 - INFO - chart_engine.drawings - Saved global chart settings.
2026-06-09 02:43:06,634 - INFO - ibkr.core.main_window - Ensured subscription for chart symbol DELL
2026-06-09 02:43:06,635 - INFO - chart_engine.core.chart_widget - Chart seamlessly updated: DELL (350 candles)
2026-06-09 02:44:04,260 - INFO - chart_engine.core.ibkr_data_fetcher - Chart data source=IBKR symbol=DELL interval=60minute from=2026-04-19T17:14:04.259894-04:00 to=2026-06-08T17:14:04.259894-04:00 dedicated_history=True
2026-06-09 02:44:04,261 - INFO - chart_engine.core.ibkr_data_fetcher - Requesting IBKR historical data: DELL conId=346218218 bar=30 mins duration=50 D end=latest
2026-06-09 02:44:05,682 - INFO - chart_engine.core.ibkr_data_fetcher - Chart data fetch complete source=IBKR symbol=DELL bars=350
2026-06-09 02:44:05,718 - INFO - chart_engine.drawings - Loaded global chart settings.
2026-06-09 02:44:05,719 - INFO - chart_engine.drawings - Saved global chart settings.
2026-06-09 02:44:05,724 - INFO - ibkr.core.main_window - Ensured subscription for chart symbol DELL
2026-06-09 02:44:05,725 - INFO - chart_engine.core.chart_widget - Chart seamlessly updated: DELL (350 candles)
2026-06-09 02:45:04,261 - INFO - chart_engine.core.ibkr_data_fetcher - Chart data source=IBKR symbol=DELL interval=60minute from=2026-04-19T17:15:04.261798-04:00 to=2026-06-08T17:15:04.261798-04:00 dedicated_history=True
2026-06-09 02:45:04,263 - INFO - chart_engine.core.ibkr_data_fetcher - Requesting IBKR historical data: DELL conId=346218218 bar=30 mins duration=50 D end=latest
2026-06-09 02:45:05,632 - INFO - chart_engine.core.ibkr_data_fetcher - Chart data fetch complete source=IBKR symbol=DELL bars=350
2026-06-09 02:45:05,664 - INFO - chart_engine.drawings - Loaded global chart settings.
2026-06-09 02:45:05,665 - INFO - chart_engine.drawings - Saved global chart settings.
2026-06-09 02:45:05,672 - INFO - ibkr.core.main_window - Ensured subscription for chart symbol DELL
2026-06-09 02:45:05,672 - INFO - chart_engine.core.chart_widget - Chart seamlessly updated: DELL (350 candles)
2026-06-09 02:46:04,259 - INFO - chart_engine.core.ibkr_data_fetcher - Chart data source=IBKR symbol=DELL interval=60minute from=2026-04-19T17:16:04.259244-04:00 to=2026-06-08T17:16:04.259244-04:00 dedicated_history=True
2026-06-09 02:46:04,259 - INFO - chart_engine.core.ibkr_data_fetcher - Requesting IBKR historical data: DELL conId=346218218 bar=30 mins duration=50 D end=latest
2026-06-09 02:46:05,621 - INFO - chart_engine.core.ibkr_data_fetcher - Chart data fetch complete source=IBKR symbol=DELL bars=350
2026-06-09 02:46:05,663 - INFO - chart_engine.drawings - Loaded global chart settings.
2026-06-09 02:46:05,664 - INFO - chart_engine.drawings - Saved global chart settings.
2026-06-09 02:46:05,669 - INFO - ibkr.core.main_window - Ensured subscription for chart symbol DELL
2026-06-09 02:46:05,670 - INFO - chart_engine.core.chart_widget - Chart seamlessly updated: DELL (350 candles)
2026-06-09 02:47:04,261 - INFO - chart_engine.core.ibkr_data_fetcher - Chart data source=IBKR symbol=DELL interval=60minute from=2026-04-19T17:17:04.261364-04:00 to=2026-06-08T17:17:04.261364-04:00 dedicated_history=True
2026-06-09 02:47:04,262 - INFO - chart_engine.core.ibkr_data_fetcher - Requesting IBKR historical data: DELL conId=346218218 bar=30 mins duration=50 D end=latest
2026-06-09 02:47:05,634 - INFO - chart_engine.core.ibkr_data_fetcher - Chart data fetch complete source=IBKR symbol=DELL bars=350
2026-06-09 02:47:05,669 - INFO - chart_engine.drawings - Loaded global chart settings.
2026-06-09 02:47:05,669 - INFO - chart_engine.drawings - Saved global chart settings.
2026-06-09 02:47:05,674 - INFO - ibkr.core.main_window - Ensured subscription for chart symbol DELL
2026-06-09 02:47:05,674 - INFO - chart_engine.core.chart_widget - Chart seamlessly updated: DELL (350 candles)
2026-06-09 02:48:04,261 - INFO - chart_engine.core.ibkr_data_fetcher - Chart data source=IBKR symbol=DELL interval=60minute from=2026-04-19T17:18:04.260850-04:00 to=2026-06-08T17:18:04.260850-04:00 dedicated_history=True
2026-06-09 02:48:04,263 - INFO - chart_engine.core.ibkr_data_fetcher - Requesting IBKR historical data: DELL conId=346218218 bar=30 mins duration=50 D end=latest
2026-06-09 02:48:05,673 - INFO - chart_engine.core.ibkr_data_fetcher - Chart data fetch complete source=IBKR symbol=DELL bars=350
2026-06-09 02:48:05,724 - INFO - chart_engine.drawings - Loaded global chart settings.
2026-06-09 02:48:05,725 - INFO - chart_engine.drawings - Saved global chart settings.
2026-06-09 02:48:05,731 - INFO - ibkr.core.main_window - Ensured subscription for chart symbol DELL
2026-06-09 02:48:05,732 - INFO - chart_engine.core.chart_widget - Chart seamlessly updated: DELL (350 candles)
2026-06-09 02:49:04,262 - INFO - chart_engine.core.ibkr_data_fetcher - Chart data source=IBKR symbol=DELL interval=60minute from=2026-04-19T17:19:04.262093-04:00 to=2026-06-08T17:19:04.262093-04:00 dedicated_history=True
2026-06-09 02:49:04,263 - INFO - chart_engine.core.ibkr_data_fetcher - Requesting IBKR historical data: DELL conId=346218218 bar=30 mins duration=50 D end=latest
2026-06-09 02:49:05,637 - INFO - chart_engine.core.ibkr_data_fetcher - Chart data fetch complete source=IBKR symbol=DELL bars=350
2026-06-09 02:49:05,687 - INFO - chart_engine.drawings - Loaded global chart settings.
2026-06-09 02:49:05,688 - INFO - chart_engine.drawings - Saved global chart settings.
2026-06-09 02:49:05,695 - INFO - ibkr.core.main_window - Ensured subscription for chart symbol DELL
2026-06-09 02:49:05,695 - INFO - chart_engine.core.chart_widget - Chart seamlessly updated: DELL (350 candles)
2026-06-09 02:50:04,261 - INFO - chart_engine.core.ibkr_data_fetcher - Chart data source=IBKR symbol=DELL interval=60minute from=2026-04-19T17:20:04.261560-04:00 to=2026-06-08T17:20:04.261560-04:00 dedicated_history=True
2026-06-09 02:50:04,262 - INFO - chart_engine.core.ibkr_data_fetcher - Requesting IBKR historical data: DELL conId=346218218 bar=30 mins duration=50 D end=latest
2026-06-09 02:50:05,645 - INFO - chart_engine.core.ibkr_data_fetcher - Chart data fetch complete source=IBKR symbol=DELL bars=350
2026-06-09 02:50:05,681 - INFO - chart_engine.drawings - Loaded global chart settings.
2026-06-09 02:50:05,682 - INFO - chart_engine.drawings - Saved global chart settings.
2026-06-09 02:50:05,686 - INFO - ibkr.core.main_window - Ensured subscription for chart symbol DELL
2026-06-09 02:50:05,686 - INFO - chart_engine.core.chart_widget - Chart seamlessly updated: DELL (350 candles)
2026-06-09 02:51:04,260 - INFO - chart_engine.core.ibkr_data_fetcher - Chart data source=IBKR symbol=DELL interval=60minute from=2026-04-19T17:21:04.260286-04:00 to=2026-06-08T17:21:04.260286-04:00 dedicated_history=True
2026-06-09 02:51:04,263 - INFO - chart_engine.core.ibkr_data_fetcher - Requesting IBKR historical data: DELL conId=346218218 bar=30 mins duration=50 D end=latest
2026-06-09 02:51:05,656 - INFO - chart_engine.core.ibkr_data_fetcher - Chart data fetch complete source=IBKR symbol=DELL bars=350
2026-06-09 02:51:05,712 - INFO - chart_engine.drawings - Loaded global chart settings.
2026-06-09 02:51:05,714 - INFO - chart_engine.drawings - Saved global chart settings.
2026-06-09 02:51:05,721 - INFO - ibkr.core.main_window - Ensured subscription for chart symbol DELL
2026-06-09 02:51:05,721 - INFO - chart_engine.core.chart_widget - Chart seamlessly updated: DELL (350 candles)
2026-06-09 02:51:37,090 - INFO - chart_engine.core.ibkr_data_fetcher - Chart data source=IBKR symbol=DPRO interval=day from=2025-05-04T17:21:37.089808-04:00 to=2026-06-08T17:21:37.089808-04:00 dedicated_history=True
2026-06-09 02:51:37,091 - INFO - chart_engine.core.ibkr_data_fetcher - Requesting IBKR historical data: DPRO conId=725468685 bar=1 day duration=2 Y end=latest
2026-06-09 02:51:37,105 - INFO - chart_engine.core.ibkr_data_fetcher - Chart data source=IBKR symbol=DPRO interval=60minute from=2026-04-19T17:21:37.105604-04:00 to=2026-06-08T17:21:37.105604-04:00 dedicated_history=True
2026-06-09 02:51:37,107 - INFO - chart_engine.core.ibkr_data_fetcher - Requesting IBKR historical data: DPRO conId=725468685 bar=30 mins duration=50 D end=latest
2026-06-09 02:51:38,638 - INFO - chart_engine.core.ibkr_data_fetcher - Chart data fetch complete source=IBKR symbol=DPRO bars=350
2026-06-09 02:51:38,739 - INFO - chart_engine.core.ibkr_data_fetcher - Chart data fetch complete source=IBKR symbol=DPRO bars=275
2026-06-09 02:51:38,877 - INFO - chart_engine.drawings - Loaded global chart settings.
2026-06-09 02:51:38,879 - INFO - chart_engine.drawings - Saved global chart settings.
2026-06-09 02:51:38,888 - INFO - ibkr.core.main_window - Ensured subscription for chart symbol DPRO
2026-06-09 02:51:38,888 - INFO - chart_engine.core.chart_widget - Chart seamlessly updated: DPRO (350 candles)
2026-06-09 02:51:38,986 - INFO - ibkr.core.main_window - Chart symbol changed to: DPRO
2026-06-09 02:51:38,986 - INFO - ibkr.core.main_window - Added chart symbol DPRO to subscription
2026-06-09 02:51:38,987 - INFO - chart_engine.core.chart_widget - Chart seamlessly updated: DPRO (275 candles)
2026-06-09 02:51:39,374 - INFO - ibkr.core.main_window - Subscription universe changed: 22 instruments (19 token-backed, +1/-1) sources={'positions': 19, 'charts': 2, 'header': 2}
2026-06-09 02:51:39,948 - INFO - chart_engine.core.ibkr_data_fetcher - Chart data source=IBKR symbol=HPQ interval=day from=2025-05-04T17:21:39.947526-04:00 to=2026-06-08T17:21:39.947526-04:00 dedicated_history=True
2026-06-09 02:51:39,950 - INFO - chart_engine.core.ibkr_data_fetcher - Requesting IBKR historical data: HPQ conId=209411801 bar=1 day duration=2 Y end=latest
2026-06-09 02:51:39,975 - INFO - chart_engine.core.ibkr_data_fetcher - Chart data source=IBKR symbol=HPQ interval=60minute from=2026-04-19T17:21:39.975581-04:00 to=2026-06-08T17:21:39.975581-04:00 dedicated_history=True
2026-06-09 02:51:39,982 - INFO - chart_engine.core.ibkr_data_fetcher - Requesting IBKR historical data: HPQ conId=209411801 bar=30 mins duration=50 D end=latest
2026-06-09 02:51:41,735 - INFO - chart_engine.core.ibkr_data_fetcher - Chart data fetch complete source=IBKR symbol=HPQ bars=275
2026-06-09 02:51:41,803 - INFO - ibkr.core.main_window - Chart symbol changed to: HPQ
2026-06-09 02:51:41,804 - INFO - ibkr.core.main_window - Added chart symbol HPQ to subscription
2026-06-09 02:51:41,804 - INFO - ibkr.core.main_window - Ensured subscription for chart symbol HPQ
2026-06-09 02:51:41,804 - INFO - chart_engine.core.chart_widget - Chart seamlessly updated: HPQ (275 candles)
2026-06-09 02:51:42,451 - INFO - chart_engine.core.ibkr_data_fetcher - Chart data fetch complete source=IBKR symbol=HPQ bars=350
2026-06-09 02:51:42,507 - INFO - chart_engine.core.chart_widget - Chart seamlessly updated: HPQ (350 candles)
2026-06-09 02:51:43,356 - INFO - chart_engine.core.ibkr_data_fetcher - Chart data source=IBKR symbol=IONQ interval=day from=2025-05-04T17:21:43.356354-04:00 to=2026-06-08T17:21:43.356354-04:00 dedicated_history=True
2026-06-09 02:51:43,357 - INFO - chart_engine.core.ibkr_data_fetcher - Requesting IBKR historical data: IONQ conId=517593749 bar=1 day duration=2 Y end=latest
2026-06-09 02:51:43,364 - INFO - chart_engine.core.ibkr_data_fetcher - Chart data source=IBKR symbol=IONQ interval=60minute from=2026-04-19T17:21:43.364637-04:00 to=2026-06-08T17:21:43.364637-04:00 dedicated_history=True
2026-06-09 02:51:43,369 - INFO - chart_engine.core.ibkr_data_fetcher - Requesting IBKR historical data: IONQ conId=517593749 bar=30 mins duration=50 D end=latest
2026-06-09 02:51:45,653 - INFO - chart_engine.core.ibkr_data_fetcher - Chart data fetch complete source=IBKR symbol=IONQ bars=275
2026-06-09 02:51:45,727 - INFO - ibkr.core.main_window - Chart symbol changed to: IONQ
2026-06-09 02:51:45,728 - INFO - ibkr.core.main_window - Added chart symbol IONQ to subscription
2026-06-09 02:51:45,729 - INFO - ibkr.core.main_window - Ensured subscription for chart symbol IONQ
2026-06-09 02:51:45,729 - INFO - chart_engine.core.chart_widget - Chart seamlessly updated: IONQ (275 candles)
2026-06-09 02:51:46,153 - INFO - chart_engine.core.ibkr_data_fetcher - Chart data fetch complete source=IBKR symbol=IONQ bars=350
2026-06-09 02:51:46,231 - INFO - chart_engine.core.chart_widget - Chart seamlessly updated: IONQ (350 candles)
2026-06-09 02:52:04,259 - INFO - chart_engine.core.ibkr_data_fetcher - Chart data source=IBKR symbol=IONQ interval=60minute from=2026-04-19T17:22:04.259182-04:00 to=2026-06-08T17:22:04.259182-04:00 dedicated_history=True
2026-06-09 02:52:04,260 - INFO - chart_engine.core.ibkr_data_fetcher - Requesting IBKR historical data: IONQ conId=517593749 bar=30 mins duration=50 D end=latest
2026-06-09 02:52:05,750 - INFO - chart_engine.core.ibkr_data_fetcher - Chart data fetch complete source=IBKR symbol=IONQ bars=350
2026-06-09 02:52:05,783 - INFO - chart_engine.drawings - Loaded global chart settings.
2026-06-09 02:52:05,784 - INFO - chart_engine.drawings - Saved global chart settings.
2026-06-09 02:52:05,789 - INFO - ibkr.core.main_window - Ensured subscription for chart symbol IONQ
2026-06-09 02:52:05,790 - INFO - chart_engine.core.chart_widget - Chart seamlessly updated: IONQ (350 candles)
2026-06-09 02:53:05,259 - INFO - chart_engine.core.ibkr_data_fetcher - Chart data source=IBKR symbol=IONQ interval=60minute from=2026-04-19T17:23:05.259171-04:00 to=2026-06-08T17:23:05.259171-04:00 dedicated_history=True
2026-06-09 02:53:05,263 - INFO - chart_engine.core.ibkr_data_fetcher - Requesting IBKR historical data: IONQ conId=517593749 bar=30 mins duration=50 D end=latest
2026-06-09 02:53:06,886 - INFO - chart_engine.core.ibkr_data_fetcher - Chart data fetch complete source=IBKR symbol=IONQ bars=350
2026-06-09 02:53:06,938 - INFO - chart_engine.drawings - Loaded global chart settings.
2026-06-09 02:53:06,940 - INFO - chart_engine.drawings - Saved global chart settings.
2026-06-09 02:53:06,949 - INFO - ibkr.core.main_window - Ensured subscription for chart symbol IONQ
2026-06-09 02:53:06,950 - INFO - chart_engine.core.chart_widget - Chart seamlessly updated: IONQ (350 candles)
2026-06-09 02:54:05,261 - INFO - chart_engine.core.ibkr_data_fetcher - Chart data source=IBKR symbol=IONQ interval=60minute from=2026-04-19T17:24:05.261078-04:00 to=2026-06-08T17:24:05.261078-04:00 dedicated_history=True
2026-06-09 02:54:05,262 - INFO - chart_engine.core.ibkr_data_fetcher - Requesting IBKR historical data: IONQ conId=517593749 bar=30 mins duration=50 D end=latest
2026-06-09 02:54:06,562 - INFO - chart_engine.core.ibkr_data_fetcher - Chart data fetch complete source=IBKR symbol=IONQ bars=350
2026-06-09 02:54:06,603 - INFO - chart_engine.drawings - Loaded global chart settings.
2026-06-09 02:54:06,604 - INFO - chart_engine.drawings - Saved global chart settings.
2026-06-09 02:54:06,609 - INFO - ibkr.core.main_window - Ensured subscription for chart symbol IONQ
2026-06-09 02:54:06,609 - INFO - chart_engine.core.chart_widget - Chart seamlessly updated: IONQ (350 candles)
2026-06-09 02:55:04,261 - INFO - chart_engine.core.ibkr_data_fetcher - Chart data source=IBKR symbol=IONQ interval=60minute from=2026-04-19T17:25:04.261287-04:00 to=2026-06-08T17:25:04.261287-04:00 dedicated_history=True
2026-06-09 02:55:04,262 - INFO - chart_engine.core.ibkr_data_fetcher - Requesting IBKR historical data: IONQ conId=517593749 bar=30 mins duration=50 D end=latest
2026-06-09 02:55:05,563 - INFO - chart_engine.core.ibkr_data_fetcher - Chart data fetch complete source=IBKR symbol=IONQ bars=350
2026-06-09 02:55:05,617 - INFO - chart_engine.drawings - Loaded global chart settings.
2026-06-09 02:55:05,618 - INFO - chart_engine.drawings - Saved global chart settings.
2026-06-09 02:55:05,623 - INFO - ibkr.core.main_window - Ensured subscription for chart symbol IONQ
2026-06-09 02:55:05,623 - INFO - chart_engine.core.chart_widget - Chart seamlessly updated: IONQ (350 candles)
2026-06-09 02:56:04,262 - INFO - chart_engine.core.ibkr_data_fetcher - Chart data source=IBKR symbol=IONQ interval=60minute from=2026-04-19T17:26:04.262062-04:00 to=2026-06-08T17:26:04.262062-04:00 dedicated_history=True
2026-06-09 02:56:04,264 - INFO - chart_engine.core.ibkr_data_fetcher - Requesting IBKR historical data: IONQ conId=517593749 bar=30 mins duration=50 D end=latest
2026-06-09 02:56:05,578 - INFO - chart_engine.core.ibkr_data_fetcher - Chart data fetch complete source=IBKR symbol=IONQ bars=350
2026-06-09 02:56:05,612 - INFO - chart_engine.drawings - Loaded global chart settings.
2026-06-09 02:56:05,613 - INFO - chart_engine.drawings - Saved global chart settings.
2026-06-09 02:56:05,617 - INFO - ibkr.core.main_window - Ensured subscription for chart symbol IONQ
2026-06-09 02:56:05,617 - INFO - chart_engine.core.chart_widget - Chart seamlessly updated: IONQ (350 candles)
2026-06-09 02:57:04,260 - INFO - chart_engine.core.ibkr_data_fetcher - Chart data source=IBKR symbol=IONQ interval=60minute from=2026-04-19T17:27:04.260592-04:00 to=2026-06-08T17:27:04.260592-04:00 dedicated_history=True
2026-06-09 02:57:04,261 - INFO - chart_engine.core.ibkr_data_fetcher - Requesting IBKR historical data: IONQ conId=517593749 bar=30 mins duration=50 D end=latest
2026-06-09 02:57:05,589 - INFO - chart_engine.core.ibkr_data_fetcher - Chart data fetch complete source=IBKR symbol=IONQ bars=350
2026-06-09 02:57:05,633 - INFO - chart_engine.drawings - Loaded global chart settings.
2026-06-09 02:57:05,634 - INFO - chart_engine.drawings - Saved global chart settings.
2026-06-09 02:57:05,638 - INFO - ibkr.core.main_window - Ensured subscription for chart symbol IONQ
2026-06-09 02:57:05,639 - INFO - chart_engine.core.chart_widget - Chart seamlessly updated: IONQ (350 candles)
2026-06-09 02:58:04,261 - INFO - chart_engine.core.ibkr_data_fetcher - Chart data source=IBKR symbol=IONQ interval=60minute from=2026-04-19T17:28:04.261617-04:00 to=2026-06-08T17:28:04.261617-04:00 dedicated_history=True
2026-06-09 02:58:04,262 - INFO - chart_engine.core.ibkr_data_fetcher - Requesting IBKR historical data: IONQ conId=517593749 bar=30 mins duration=50 D end=latest
2026-06-09 02:58:05,607 - INFO - chart_engine.core.ibkr_data_fetcher - Chart data fetch complete source=IBKR symbol=IONQ bars=350
2026-06-09 02:58:05,650 - INFO - chart_engine.drawings - Loaded global chart settings.
2026-06-09 02:58:05,651 - INFO - chart_engine.drawings - Saved global chart settings.
2026-06-09 02:58:05,655 - INFO - ibkr.core.main_window - Ensured subscription for chart symbol IONQ
2026-06-09 02:58:05,656 - INFO - chart_engine.core.chart_widget - Chart seamlessly updated: IONQ (350 candles)
2026-06-09 02:59:04,261 - INFO - chart_engine.core.ibkr_data_fetcher - Chart data source=IBKR symbol=IONQ interval=60minute from=2026-04-19T17:29:04.261643-04:00 to=2026-06-08T17:29:04.261643-04:00 dedicated_history=True
2026-06-09 02:59:04,262 - INFO - chart_engine.core.ibkr_data_fetcher - Requesting IBKR historical data: IONQ conId=517593749 bar=30 mins duration=50 D end=latest
2026-06-09 02:59:05,644 - INFO - chart_engine.core.ibkr_data_fetcher - Chart data fetch complete source=IBKR symbol=IONQ bars=350
2026-06-09 02:59:05,676 - INFO - chart_engine.drawings - Loaded global chart settings.
2026-06-09 02:59:05,677 - INFO - chart_engine.drawings - Saved global chart settings.
2026-06-09 02:59:05,681 - INFO - ibkr.core.main_window - Ensured subscription for chart symbol IONQ
2026-06-09 02:59:05,681 - INFO - chart_engine.core.chart_widget - Chart seamlessly updated: IONQ (350 candles)
2026-06-09 03:00:04,260 - INFO - chart_engine.core.ibkr_data_fetcher - Chart data source=IBKR symbol=IONQ interval=60minute from=2026-04-19T17:30:04.260632-04:00 to=2026-06-08T17:30:04.260632-04:00 dedicated_history=True
2026-06-09 03:00:04,261 - INFO - chart_engine.core.ibkr_data_fetcher - Requesting IBKR historical data: IONQ conId=517593749 bar=30 mins duration=50 D end=latest
2026-06-09 03:00:05,580 - INFO - chart_engine.core.ibkr_data_fetcher - Chart data fetch complete source=IBKR symbol=IONQ bars=350
2026-06-09 03:00:05,615 - INFO - chart_engine.drawings - Loaded global chart settings.
2026-06-09 03:00:05,616 - INFO - chart_engine.drawings - Saved global chart settings.
2026-06-09 03:00:05,620 - INFO - ibkr.core.main_window - Ensured subscription for chart symbol IONQ
2026-06-09 03:00:05,621 - INFO - chart_engine.core.chart_widget - Chart seamlessly updated: IONQ (350 candles)
2026-06-09 03:01:04,259 - INFO - chart_engine.core.ibkr_data_fetcher - Chart data source=IBKR symbol=IONQ interval=60minute from=2026-04-19T17:31:04.259623-04:00 to=2026-06-08T17:31:04.259623-04:00 dedicated_history=True
2026-06-09 03:01:04,260 - INFO - chart_engine.core.ibkr_data_fetcher - Requesting IBKR historical data: IONQ conId=517593749 bar=30 mins duration=50 D end=latest
2026-06-09 03:01:05,560 - INFO - chart_engine.core.ibkr_data_fetcher - Chart data fetch complete source=IBKR symbol=IONQ bars=350
2026-06-09 03:01:05,603 - INFO - chart_engine.drawings - Loaded global chart settings.
2026-06-09 03:01:05,604 - INFO - chart_engine.drawings - Saved global chart settings.
2026-06-09 03:01:05,610 - INFO - ibkr.core.main_window - Ensured subscription for chart symbol IONQ
2026-06-09 03:01:05,611 - INFO - chart_engine.core.chart_widget - Chart seamlessly updated: IONQ (350 candles)
2026-06-09 03:02:04,260 - INFO - chart_engine.core.ibkr_data_fetcher - Chart data source=IBKR symbol=IONQ interval=60minute from=2026-04-19T17:32:04.260576-04:00 to=2026-06-08T17:32:04.260576-04:00 dedicated_history=True
2026-06-09 03:02:04,263 - INFO - chart_engine.core.ibkr_data_fetcher - Requesting IBKR historical data: IONQ conId=517593749 bar=30 mins duration=50 D end=latest
2026-06-09 03:02:05,686 - INFO - chart_engine.core.ibkr_data_fetcher - Chart data fetch complete source=IBKR symbol=IONQ bars=350
2026-06-09 03:02:05,726 - INFO - chart_engine.drawings - Loaded global chart settings.
2026-06-09 03:02:05,727 - INFO - chart_engine.drawings - Saved global chart settings.
2026-06-09 03:02:05,731 - INFO - ibkr.core.main_window - Ensured subscription for chart symbol IONQ
2026-06-09 03:02:05,731 - INFO - chart_engine.core.chart_widget - Chart seamlessly updated: IONQ (350 candles)
2026-06-09 03:03:04,260 - INFO - chart_engine.core.ibkr_data_fetcher - Chart data source=IBKR symbol=IONQ interval=60minute from=2026-04-19T17:33:04.259906-04:00 to=2026-06-08T17:33:04.259906-04:00 dedicated_history=True
2026-06-09 03:03:04,260 - INFO - chart_engine.core.ibkr_data_fetcher - Requesting IBKR historical data: IONQ conId=517593749 bar=30 mins duration=50 D end=latest
2026-06-09 03:03:05,552 - INFO - chart_engine.core.ibkr_data_fetcher - Chart data fetch complete source=IBKR symbol=IONQ bars=350
2026-06-09 03:03:05,593 - INFO - chart_engine.drawings - Loaded global chart settings.
2026-06-09 03:03:05,594 - INFO - chart_engine.drawings - Saved global chart settings.
2026-06-09 03:03:05,603 - INFO - ibkr.core.main_window - Ensured subscription for chart symbol IONQ
2026-06-09 03:03:05,603 - INFO - chart_engine.core.chart_widget - Chart seamlessly updated: IONQ (350 candles)
2026-06-09 03:04:04,260 - INFO - chart_engine.core.ibkr_data_fetcher - Chart data source=IBKR symbol=IONQ interval=60minute from=2026-04-19T17:34:04.260502-04:00 to=2026-06-08T17:34:04.260502-04:00 dedicated_history=True
2026-06-09 03:04:04,261 - INFO - chart_engine.core.ibkr_data_fetcher - Requesting IBKR historical data: IONQ conId=517593749 bar=30 mins duration=50 D end=latest
2026-06-09 03:04:05,578 - INFO - chart_engine.core.ibkr_data_fetcher - Chart data fetch complete source=IBKR symbol=IONQ bars=350
2026-06-09 03:04:05,625 - INFO - chart_engine.drawings - Loaded global chart settings.
2026-06-09 03:04:05,627 - INFO - chart_engine.drawings - Saved global chart settings.
2026-06-09 03:04:05,631 - INFO - ibkr.core.main_window - Ensured subscription for chart symbol IONQ
2026-06-09 03:04:05,631 - INFO - chart_engine.core.chart_widget - Chart seamlessly updated: IONQ (350 candles)
2026-06-09 03:05:04,259 - INFO - chart_engine.core.ibkr_data_fetcher - Chart data source=IBKR symbol=IONQ interval=60minute from=2026-04-19T17:35:04.259828-04:00 to=2026-06-08T17:35:04.259828-04:00 dedicated_history=True
2026-06-09 03:05:04,260 - INFO - chart_engine.core.ibkr_data_fetcher - Requesting IBKR historical data: IONQ conId=517593749 bar=30 mins duration=50 D end=latest
2026-06-09 03:05:05,788 - INFO - chart_engine.core.ibkr_data_fetcher - Chart data fetch complete source=IBKR symbol=IONQ bars=350
2026-06-09 03:05:05,833 - INFO - chart_engine.drawings - Loaded global chart settings.
2026-06-09 03:05:05,835 - INFO - chart_engine.drawings - Saved global chart settings.
2026-06-09 03:05:05,841 - INFO - ibkr.core.main_window - Ensured subscription for chart symbol IONQ
2026-06-09 03:05:05,841 - INFO - chart_engine.core.chart_widget - Chart seamlessly updated: IONQ (350 candles)
2026-06-09 03:06:05,268 - INFO - chart_engine.core.ibkr_data_fetcher - Chart data source=IBKR symbol=IONQ interval=60minute from=2026-04-19T17:36:05.268393-04:00 to=2026-06-08T17:36:05.268393-04:00 dedicated_history=True
2026-06-09 03:06:05,270 - INFO - chart_engine.core.ibkr_data_fetcher - Requesting IBKR historical data: IONQ conId=517593749 bar=30 mins duration=50 D end=latest
2026-06-09 03:06:06,692 - INFO - chart_engine.core.ibkr_data_fetcher - Chart data fetch complete source=IBKR symbol=IONQ bars=350
2026-06-09 03:06:06,727 - INFO - chart_engine.drawings - Loaded global chart settings.
2026-06-09 03:06:06,728 - INFO - chart_engine.drawings - Saved global chart settings.
2026-06-09 03:06:06,731 - INFO - ibkr.core.main_window - Ensured subscription for chart symbol IONQ
2026-06-09 03:06:06,732 - INFO - chart_engine.core.chart_widget - Chart seamlessly updated: IONQ (350 candles)
2026-06-09 03:06:24,578 - INFO - ibkr.widgets.scanner_table - Saved 3 scans to /home/kavi/.qullamaggie/storage/user_data/ibkr/live/finviz_scans.json
2026-06-09 03:06:24,584 - INFO - ibkr.widgets.scanner_table - Running EOD Finviz scan: Computer Hardware
2026-06-09 03:06:24,593 - INFO - ibkr.widgets.scanner_table - Scans saved successfully. 3 scans available.
2026-06-09 03:06:27,389 - INFO - ibkr.widgets.scanner_table - EOD Scan completed: 24 symbols with complete data
2026-06-09 03:06:27,480 - INFO - ibkr.widgets.scanner_table - EOD Scanner table updated with 24 symbols.
2026-06-09 03:06:59,238 - INFO - ibkr.widgets.scanner_table - Saved 4 scans to /home/kavi/.qullamaggie/storage/user_data/ibkr/live/finviz_scans.json
2026-06-09 03:06:59,244 - INFO - ibkr.widgets.scanner_table - Running EOD Finviz scan: Computer Hardware
2026-06-09 03:06:59,250 - INFO - ibkr.widgets.scanner_table - Scans saved successfully. 4 scans available.
2026-06-09 03:07:01,416 - INFO - ibkr.widgets.scanner_table - EOD Scan completed: 24 symbols with complete data
2026-06-09 03:07:01,514 - INFO - ibkr.widgets.scanner_table - EOD Scanner table updated with 24 symbols.
2026-06-09 03:07:04,260 - INFO - chart_engine.core.ibkr_data_fetcher - Chart data source=IBKR symbol=IONQ interval=60minute from=2026-04-19T17:37:04.260041-04:00 to=2026-06-08T17:37:04.260041-04:00 dedicated_history=True
2026-06-09 03:07:04,260 - INFO - chart_engine.core.ibkr_data_fetcher - Requesting IBKR historical data: IONQ conId=517593749 bar=30 mins duration=50 D end=latest
2026-06-09 03:07:05,387 - INFO - ibkr.widgets.scanner_table - Running EOD Finviz scan: Semiconductors
2026-06-09 03:07:05,567 - INFO - chart_engine.core.ibkr_data_fetcher - Chart data fetch complete source=IBKR symbol=IONQ bars=350
2026-06-09 03:07:05,618 - INFO - chart_engine.drawings - Loaded global chart settings.
2026-06-09 03:07:05,620 - INFO - chart_engine.drawings - Saved global chart settings.
2026-06-09 03:07:05,626 - INFO - ibkr.core.main_window - Ensured subscription for chart symbol IONQ
2026-06-09 03:07:05,626 - INFO - chart_engine.core.chart_widget - Chart seamlessly updated: IONQ (350 candles)
2026-06-09 03:07:08,518 - INFO - ibkr.widgets.scanner_table - EOD Scan completed: 47 symbols with complete data
2026-06-09 03:07:08,677 - INFO - ibkr.widgets.scanner_table - EOD Scanner table updated with 47 symbols.
2026-06-09 03:08:04,260 - INFO - chart_engine.core.ibkr_data_fetcher - Chart data source=IBKR symbol=IONQ interval=60minute from=2026-04-19T17:38:04.260467-04:00 to=2026-06-08T17:38:04.260467-04:00 dedicated_history=True
2026-06-09 03:08:04,261 - INFO - chart_engine.core.ibkr_data_fetcher - Requesting IBKR historical data: IONQ conId=517593749 bar=30 mins duration=50 D end=latest
2026-06-09 03:08:05,531 - INFO - chart_engine.core.ibkr_data_fetcher - Chart data fetch complete source=IBKR symbol=IONQ bars=350
2026-06-09 03:08:05,570 - INFO - chart_engine.drawings - Loaded global chart settings.
2026-06-09 03:08:05,571 - INFO - chart_engine.drawings - Saved global chart settings.
2026-06-09 03:08:05,575 - INFO - ibkr.core.main_window - Ensured subscription for chart symbol IONQ
2026-06-09 03:08:05,576 - INFO - chart_engine.core.chart_widget - Chart seamlessly updated: IONQ (350 candles)
2026-06-09 03:09:04,259 - INFO - chart_engine.core.ibkr_data_fetcher - Chart data source=IBKR symbol=IONQ interval=60minute from=2026-04-19T17:39:04.259842-04:00 to=2026-06-08T17:39:04.259842-04:00 dedicated_history=True
2026-06-09 03:09:04,260 - INFO - chart_engine.core.ibkr_data_fetcher - Requesting IBKR historical data: IONQ conId=517593749 bar=30 mins duration=50 D end=latest
2026-06-09 03:09:05,541 - INFO - chart_engine.core.ibkr_data_fetcher - Chart data fetch complete source=IBKR symbol=IONQ bars=350
2026-06-09 03:09:05,580 - INFO - chart_engine.drawings - Loaded global chart settings.
2026-06-09 03:09:05,582 - INFO - chart_engine.drawings - Saved global chart settings.
2026-06-09 03:09:05,586 - INFO - ibkr.core.main_window - Ensured subscription for chart symbol IONQ
2026-06-09 03:09:05,587 - INFO - chart_engine.core.chart_widget - Chart seamlessly updated: IONQ (350 candles)
2026-06-09 03:10:04,259 - INFO - chart_engine.core.ibkr_data_fetcher - Chart data source=IBKR symbol=IONQ interval=60minute from=2026-04-19T17:40:04.259694-04:00 to=2026-06-08T17:40:04.259694-04:00 dedicated_history=True
2026-06-09 03:10:04,260 - INFO - chart_engine.core.ibkr_data_fetcher - Requesting IBKR historical data: IONQ conId=517593749 bar=30 mins duration=50 D end=latest
2026-06-09 03:10:05,612 - INFO - chart_engine.core.ibkr_data_fetcher - Chart data fetch complete source=IBKR symbol=IONQ bars=350
2026-06-09 03:10:05,663 - INFO - chart_engine.drawings - Loaded global chart settings.
2026-06-09 03:10:05,664 - INFO - chart_engine.drawings - Saved global chart settings.
2026-06-09 03:10:05,671 - INFO - ibkr.core.main_window - Ensured subscription for chart symbol IONQ
2026-06-09 03:10:05,671 - INFO - chart_engine.core.chart_widget - Chart seamlessly updated: IONQ (350 candles)
2026-06-09 03:11:04,261 - INFO - chart_engine.core.ibkr_data_fetcher - Chart data source=IBKR symbol=IONQ interval=60minute from=2026-04-19T17:41:04.261575-04:00 to=2026-06-08T17:41:04.261575-04:00 dedicated_history=True
2026-06-09 03:11:04,262 - INFO - chart_engine.core.ibkr_data_fetcher - Requesting IBKR historical data: IONQ conId=517593749 bar=30 mins duration=50 D end=latest
2026-06-09 03:11:05,601 - INFO - chart_engine.core.ibkr_data_fetcher - Chart data fetch complete source=IBKR symbol=IONQ bars=350
2026-06-09 03:11:05,637 - INFO - chart_engine.drawings - Loaded global chart settings.
2026-06-09 03:11:05,638 - INFO - chart_engine.drawings - Saved global chart settings.
2026-06-09 03:11:05,643 - INFO - ibkr.core.main_window - Ensured subscription for chart symbol IONQ
2026-06-09 03:11:05,644 - INFO - chart_engine.core.chart_widget - Chart seamlessly updated: IONQ (350 candles)
2026-06-09 03:12:04,261 - INFO - chart_engine.core.ibkr_data_fetcher - Chart data source=IBKR symbol=IONQ interval=60minute from=2026-04-19T17:42:04.260950-04:00 to=2026-06-08T17:42:04.260950-04:00 dedicated_history=True
2026-06-09 03:12:04,265 - INFO - chart_engine.core.ibkr_data_fetcher - Requesting IBKR historical data: IONQ conId=517593749 bar=30 mins duration=50 D end=latest
2026-06-09 03:12:05,611 - INFO - chart_engine.core.ibkr_data_fetcher - Chart data fetch complete source=IBKR symbol=IONQ bars=350
2026-06-09 03:12:05,652 - INFO - chart_engine.drawings - Loaded global chart settings.
2026-06-09 03:12:05,653 - INFO - chart_engine.drawings - Saved global chart settings.
2026-06-09 03:12:05,657 - INFO - ibkr.core.main_window - Ensured subscription for chart symbol IONQ
2026-06-09 03:12:05,657 - INFO - chart_engine.core.chart_widget - Chart seamlessly updated: IONQ (350 candles)
2026-06-09 03:13:04,259 - INFO - chart_engine.core.ibkr_data_fetcher - Chart data source=IBKR symbol=IONQ interval=60minute from=2026-04-19T17:43:04.259204-04:00 to=2026-06-08T17:43:04.259204-04:00 dedicated_history=True
2026-06-09 03:13:04,259 - INFO - chart_engine.core.ibkr_data_fetcher - Requesting IBKR historical data: IONQ conId=517593749 bar=30 mins duration=50 D end=latest
2026-06-09 03:13:05,590 - INFO - chart_engine.core.ibkr_data_fetcher - Chart data fetch complete source=IBKR symbol=IONQ bars=350
2026-06-09 03:13:05,632 - INFO - chart_engine.drawings - Loaded global chart settings.
2026-06-09 03:13:05,633 - INFO - chart_engine.drawings - Saved global chart settings.
2026-06-09 03:13:05,639 - INFO - ibkr.core.main_window - Ensured subscription for chart symbol IONQ
2026-06-09 03:13:05,640 - INFO - chart_engine.core.chart_widget - Chart seamlessly updated: IONQ (350 candles)
2026-06-09 03:14:04,261 - INFO - chart_engine.core.ibkr_data_fetcher - Chart data source=IBKR symbol=IONQ interval=60minute from=2026-04-19T17:44:04.261532-04:00 to=2026-06-08T17:44:04.261532-04:00 dedicated_history=True
2026-06-09 03:14:04,262 - INFO - chart_engine.core.ibkr_data_fetcher - Requesting IBKR historical data: IONQ conId=517593749 bar=30 mins duration=50 D end=latest
2026-06-09 03:14:05,616 - INFO - chart_engine.core.ibkr_data_fetcher - Chart data fetch complete source=IBKR symbol=IONQ bars=350
2026-06-09 03:14:05,655 - INFO - chart_engine.drawings - Loaded global chart settings.
2026-06-09 03:14:05,657 - INFO - chart_engine.drawings - Saved global chart settings.
2026-06-09 03:14:05,661 - INFO - ibkr.core.main_window - Ensured subscription for chart symbol IONQ
2026-06-09 03:14:05,661 - INFO - chart_engine.core.chart_widget - Chart seamlessly updated: IONQ (350 candles)
2026-06-09 03:15:04,259 - INFO - chart_engine.core.ibkr_data_fetcher - Chart data source=IBKR symbol=IONQ interval=60minute from=2026-04-19T17:45:04.259630-04:00 to=2026-06-08T17:45:04.259630-04:00 dedicated_history=True
2026-06-09 03:15:04,262 - INFO - chart_engine.core.ibkr_data_fetcher - Requesting IBKR historical data: IONQ conId=517593749 bar=30 mins duration=50 D end=latest
2026-06-09 03:15:05,594 - INFO - chart_engine.core.ibkr_data_fetcher - Chart data fetch complete source=IBKR symbol=IONQ bars=350
2026-06-09 03:15:05,639 - INFO - chart_engine.drawings - Loaded global chart settings.
2026-06-09 03:15:05,639 - INFO - chart_engine.drawings - Saved global chart settings.
2026-06-09 03:15:05,643 - INFO - ibkr.core.main_window - Ensured subscription for chart symbol IONQ
2026-06-09 03:15:05,644 - INFO - chart_engine.core.chart_widget - Chart seamlessly updated: IONQ (350 candles)
2026-06-09 03:16:04,260 - INFO - chart_engine.core.ibkr_data_fetcher - Chart data source=IBKR symbol=IONQ interval=60minute from=2026-04-19T17:46:04.260608-04:00 to=2026-06-08T17:46:04.260608-04:00 dedicated_history=True
2026-06-09 03:16:04,261 - INFO - chart_engine.core.ibkr_data_fetcher - Requesting IBKR historical data: IONQ conId=517593749 bar=30 mins duration=50 D end=latest
2026-06-09 03:16:05,611 - INFO - chart_engine.core.ibkr_data_fetcher - Chart data fetch complete source=IBKR symbol=IONQ bars=350
2026-06-09 03:16:05,653 - INFO - chart_engine.drawings - Loaded global chart settings.
2026-06-09 03:16:05,654 - INFO - chart_engine.drawings - Saved global chart settings.
2026-06-09 03:16:05,661 - INFO - ibkr.core.main_window - Ensured subscription for chart symbol IONQ
2026-06-09 03:16:05,661 - INFO - chart_engine.core.chart_widget - Chart seamlessly updated: IONQ (350 candles)
2026-06-09 03:17:04,262 - INFO - chart_engine.core.ibkr_data_fetcher - Chart data source=IBKR symbol=IONQ interval=60minute from=2026-04-19T17:47:04.262652-04:00 to=2026-06-08T17:47:04.262652-04:00 dedicated_history=True
2026-06-09 03:17:04,266 - INFO - chart_engine.core.ibkr_data_fetcher - Requesting IBKR historical data: IONQ conId=517593749 bar=30 mins duration=50 D end=latest
2026-06-09 03:17:05,579 - INFO - chart_engine.core.ibkr_data_fetcher - Chart data fetch complete source=IBKR symbol=IONQ bars=350
2026-06-09 03:17:05,616 - INFO - chart_engine.drawings - Loaded global chart settings.
2026-06-09 03:17:05,617 - INFO - chart_engine.drawings - Saved global chart settings.
2026-06-09 03:17:05,621 - INFO - ibkr.core.main_window - Ensured subscription for chart symbol IONQ
2026-06-09 03:17:05,621 - INFO - chart_engine.core.chart_widget - Chart seamlessly updated: IONQ (350 candles)
2026-06-09 03:18:04,260 - INFO - chart_engine.core.ibkr_data_fetcher - Chart data source=IBKR symbol=IONQ interval=60minute from=2026-04-19T17:48:04.259875-04:00 to=2026-06-08T17:48:04.259875-04:00 dedicated_history=True
2026-06-09 03:18:04,262 - INFO - chart_engine.core.ibkr_data_fetcher - Requesting IBKR historical data: IONQ conId=517593749 bar=30 mins duration=50 D end=latest
2026-06-09 03:18:05,683 - INFO - chart_engine.core.ibkr_data_fetcher - Chart data fetch complete source=IBKR symbol=IONQ bars=350
2026-06-09 03:18:05,729 - INFO - chart_engine.drawings - Loaded global chart settings.
2026-06-09 03:18:05,730 - INFO - chart_engine.drawings - Saved global chart settings.
2026-06-09 03:18:05,734 - INFO - ibkr.core.main_window - Ensured subscription for chart symbol IONQ
2026-06-09 03:18:05,734 - INFO - chart_engine.core.chart_widget - Chart seamlessly updated: IONQ (350 candles)
2026-06-09 03:19:04,260 - INFO - chart_engine.core.ibkr_data_fetcher - Chart data source=IBKR symbol=IONQ interval=60minute from=2026-04-19T17:49:04.260674-04:00 to=2026-06-08T17:49:04.260674-04:00 dedicated_history=True
2026-06-09 03:19:04,261 - INFO - chart_engine.core.ibkr_data_fetcher - Requesting IBKR historical data: IONQ conId=517593749 bar=30 mins duration=50 D end=latest
2026-06-09 03:19:05,552 - INFO - chart_engine.core.ibkr_data_fetcher - Chart data fetch complete source=IBKR symbol=IONQ bars=350
2026-06-09 03:19:05,590 - INFO - chart_engine.drawings - Loaded global chart settings.
2026-06-09 03:19:05,591 - INFO - chart_engine.drawings - Saved global chart settings.
2026-06-09 03:19:05,594 - INFO - ibkr.core.main_window - Ensured subscription for chart symbol IONQ
2026-06-09 03:19:05,595 - INFO - chart_engine.core.chart_widget - Chart seamlessly updated: IONQ (350 candles)
2026-06-09 03:20:04,262 - INFO - chart_engine.core.ibkr_data_fetcher - Chart data source=IBKR symbol=IONQ interval=60minute from=2026-04-19T17:50:04.262404-04:00 to=2026-06-08T17:50:04.262404-04:00 dedicated_history=True
2026-06-09 03:20:04,264 - INFO - chart_engine.core.ibkr_data_fetcher - Requesting IBKR historical data: IONQ conId=517593749 bar=30 mins duration=50 D end=latest
2026-06-09 03:20:05,620 - INFO - chart_engine.core.ibkr_data_fetcher - Chart data fetch complete source=IBKR symbol=IONQ bars=350
2026-06-09 03:20:05,672 - INFO - chart_engine.drawings - Loaded global chart settings.
2026-06-09 03:20:05,673 - INFO - chart_engine.drawings - Saved global chart settings.
2026-06-09 03:20:05,678 - INFO - ibkr.core.main_window - Ensured subscription for chart symbol IONQ
2026-06-09 03:20:05,679 - INFO - chart_engine.core.chart_widget - Chart seamlessly updated: IONQ (350 candles)
2026-06-09 03:21:04,261 - INFO - chart_engine.core.ibkr_data_fetcher - Chart data source=IBKR symbol=IONQ interval=60minute from=2026-04-19T17:51:04.260573-04:00 to=2026-06-08T17:51:04.260573-04:00 dedicated_history=True
2026-06-09 03:21:04,262 - INFO - chart_engine.core.ibkr_data_fetcher - Requesting IBKR historical data: IONQ conId=517593749 bar=30 mins duration=50 D end=latest
2026-06-09 03:21:05,553 - INFO - chart_engine.core.ibkr_data_fetcher - Chart data fetch complete source=IBKR symbol=IONQ bars=350
2026-06-09 03:21:05,585 - INFO - chart_engine.drawings - Loaded global chart settings.
2026-06-09 03:21:05,586 - INFO - chart_engine.drawings - Saved global chart settings.
2026-06-09 03:21:05,591 - INFO - ibkr.core.main_window - Ensured subscription for chart symbol IONQ
2026-06-09 03:21:05,592 - INFO - chart_engine.core.chart_widget - Chart seamlessly updated: IONQ (350 candles)
2026-06-09 03:22:04,259 - INFO - chart_engine.core.ibkr_data_fetcher - Chart data source=IBKR symbol=IONQ interval=60minute from=2026-04-19T17:52:04.259440-04:00 to=2026-06-08T17:52:04.259440-04:00 dedicated_history=True
2026-06-09 03:22:04,260 - INFO - chart_engine.core.ibkr_data_fetcher - Requesting IBKR historical data: IONQ conId=517593749 bar=30 mins duration=50 D end=latest
2026-06-09 03:22:05,637 - INFO - chart_engine.core.ibkr_data_fetcher - Chart data fetch complete source=IBKR symbol=IONQ bars=350
2026-06-09 03:22:05,686 - INFO - chart_engine.drawings - Loaded global chart settings.
2026-06-09 03:22:05,688 - INFO - chart_engine.drawings - Saved global chart settings.
2026-06-09 03:22:05,696 - INFO - ibkr.core.main_window - Ensured subscription for chart symbol IONQ
2026-06-09 03:22:05,696 - INFO - chart_engine.core.chart_widget - Chart seamlessly updated: IONQ (350 candles)
2026-06-09 03:23:04,261 - INFO - chart_engine.core.ibkr_data_fetcher - Chart data source=IBKR symbol=IONQ interval=60minute from=2026-04-19T17:53:04.260980-04:00 to=2026-06-08T17:53:04.260980-04:00 dedicated_history=True
2026-06-09 03:23:04,261 - INFO - chart_engine.core.ibkr_data_fetcher - Requesting IBKR historical data: IONQ conId=517593749 bar=30 mins duration=50 D end=latest
2026-06-09 03:23:05,578 - INFO - chart_engine.core.ibkr_data_fetcher - Chart data fetch complete source=IBKR symbol=IONQ bars=350
2026-06-09 03:23:05,613 - INFO - chart_engine.drawings - Loaded global chart settings.
2026-06-09 03:23:05,614 - INFO - chart_engine.drawings - Saved global chart settings.
2026-06-09 03:23:05,618 - INFO - ibkr.core.main_window - Ensured subscription for chart symbol IONQ
2026-06-09 03:23:05,618 - INFO - chart_engine.core.chart_widget - Chart seamlessly updated: IONQ (350 candles)
2026-06-09 03:24:04,261 - INFO - chart_engine.core.ibkr_data_fetcher - Chart data source=IBKR symbol=IONQ interval=60minute from=2026-04-19T17:54:04.261576-04:00 to=2026-06-08T17:54:04.261576-04:00 dedicated_history=True
2026-06-09 03:24:04,265 - INFO - chart_engine.core.ibkr_data_fetcher - Requesting IBKR historical data: IONQ conId=517593749 bar=30 mins duration=50 D end=latest
2026-06-09 03:24:05,607 - INFO - chart_engine.core.ibkr_data_fetcher - Chart data fetch complete source=IBKR symbol=IONQ bars=350
2026-06-09 03:24:05,648 - INFO - chart_engine.drawings - Loaded global chart settings.
2026-06-09 03:24:05,649 - INFO - chart_engine.drawings - Saved global chart settings.
2026-06-09 03:24:05,653 - INFO - ibkr.core.main_window - Ensured subscription for chart symbol IONQ
2026-06-09 03:24:05,653 - INFO - chart_engine.core.chart_widget - Chart seamlessly updated: IONQ (350 candles)
2026-06-09 03:25:04,260 - INFO - chart_engine.core.ibkr_data_fetcher - Chart data source=IBKR symbol=IONQ interval=60minute from=2026-04-19T17:55:04.259903-04:00 to=2026-06-08T17:55:04.259903-04:00 dedicated_history=True
2026-06-09 03:25:04,260 - INFO - chart_engine.core.ibkr_data_fetcher - Requesting IBKR historical data: IONQ conId=517593749 bar=30 mins duration=50 D end=latest
2026-06-09 03:25:05,584 - INFO - chart_engine.core.ibkr_data_fetcher - Chart data fetch complete source=IBKR symbol=IONQ bars=350
2026-06-09 03:25:05,625 - INFO - chart_engine.drawings - Loaded global chart settings.
2026-06-09 03:25:05,626 - INFO - chart_engine.drawings - Saved global chart settings.
2026-06-09 03:25:05,630 - INFO - ibkr.core.main_window - Ensured subscription for chart symbol IONQ
2026-06-09 03:25:05,630 - INFO - chart_engine.core.chart_widget - Chart seamlessly updated: IONQ (350 candles)
2026-06-09 03:26:04,259 - INFO - chart_engine.core.ibkr_data_fetcher - Chart data source=IBKR symbol=IONQ interval=60minute from=2026-04-19T17:56:04.259776-04:00 to=2026-06-08T17:56:04.259776-04:00 dedicated_history=True
2026-06-09 03:26:04,260 - INFO - chart_engine.core.ibkr_data_fetcher - Requesting IBKR historical data: IONQ conId=517593749 bar=30 mins duration=50 D end=latest
2026-06-09 03:26:05,579 - INFO - chart_engine.core.ibkr_data_fetcher - Chart data fetch complete source=IBKR symbol=IONQ bars=350
2026-06-09 03:26:05,614 - INFO - chart_engine.drawings - Loaded global chart settings.
2026-06-09 03:26:05,615 - INFO - chart_engine.drawings - Saved global chart settings.
2026-06-09 03:26:05,619 - INFO - ibkr.core.main_window - Ensured subscription for chart symbol IONQ
2026-06-09 03:26:05,619 - INFO - chart_engine.core.chart_widget - Chart seamlessly updated: IONQ (350 candles)
2026-06-09 03:27:04,260 - INFO - chart_engine.core.ibkr_data_fetcher - Chart data source=IBKR symbol=IONQ interval=60minute from=2026-04-19T17:57:04.260625-04:00 to=2026-06-08T17:57:04.260625-04:00 dedicated_history=True
2026-06-09 03:27:04,261 - INFO - chart_engine.core.ibkr_data_fetcher - Requesting IBKR historical data: IONQ conId=517593749 bar=30 mins duration=50 D end=latest
2026-06-09 03:27:05,612 - INFO - chart_engine.core.ibkr_data_fetcher - Chart data fetch complete source=IBKR symbol=IONQ bars=350
2026-06-09 03:27:05,665 - INFO - chart_engine.drawings - Loaded global chart settings.
2026-06-09 03:27:05,669 - INFO - chart_engine.drawings - Saved global chart settings.
2026-06-09 03:27:05,680 - INFO - ibkr.core.main_window - Ensured subscription for chart symbol IONQ
2026-06-09 03:27:05,680 - INFO - chart_engine.core.chart_widget - Chart seamlessly updated: IONQ (350 candles)
2026-06-09 03:27:10,225 - INFO - ibkr.core.shutdown_manager - closeEvent received — beginning fast IBKR shutdown
2026-06-09 03:27:10,227 - INFO - ibkr.core.shutdown_manager - === Fast IBKR window-close shutdown starting ===
2026-06-09 03:27:10,227 - INFO - ibkr.core.shutdown_manager - Shutdown: [save_window_state]…
2026-06-09 03:27:10,228 - INFO - ibkr.core.main_window - Window state saved
2026-06-09 03:27:10,228 - INFO - ibkr.core.shutdown_manager - Shutdown: [save_window_state] ✓
2026-06-09 03:27:10,230 - INFO - ibkr.core.shutdown_manager - Shutdown: [save_chart_state]…
2026-06-09 03:27:10,248 - INFO - ibkr.core.shutdown_manager - Shutdown: [save_chart_state] ✓
2026-06-09 03:27:10,249 - INFO - ibkr.core.shutdown_manager - Shutdown: [stop_remaining_timers]…
2026-06-09 03:27:10,264 - INFO - ibkr.core.shutdown_manager - Shutdown: [stop_remaining_timers] ✓
2026-06-09 03:27:10,265 - INFO - ibkr.core.shutdown_manager - === Fast IBKR window-close shutdown complete ===
2026-06-09 03:27:10,282 - INFO - __main__ - Shutting down and cleaning up resources...
2026-06-09 03:27:10,282 - INFO - __main__ - Skipping broker disconnect during fast window-close shutdown.
2026-06-09 03:27:10,282 - INFO - __main__ - Cleanup complete.
