2026-06-09 00:41:43,915 - INFO - login_setup.login_setup_config - qullamaggie v1.0.0 starting...
2026-06-09 00:41:43,916 - INFO - login_setup.login_setup_config - Logging to file: /home/kavi/Desktop/Python_Projects/swing_trader/logs/qullamaggie_20260609_004143.log
2026-06-09 00:41:43,916 - INFO - __main__ - 🚀 Starting qullamaggie Application...
2026-06-09 00:41:44,069 - INFO - __main__ - Application icon loaded from: /home/kavi/Desktop/Python_Projects/swing_trader/assets/qullamaggie_swing_trader_icon.svg
2026-06-09 00:41:46,651 - INFO - ib_insync.client - Connecting to 127.0.0.1:4002 with clientId 1...
2026-06-09 00:41:46,655 - INFO - ib_insync.client - Connected
2026-06-09 00:41:46,661 - INFO - ib_insync.client - Logged on to server version 176
2026-06-09 00:41:46,703 - INFO - ib_insync.client - API connection ready
2026-06-09 00:41:47,268 - INFO - __main__ - Authenticated for broker: america
2026-06-09 00:41:47,269 - INFO - __main__ - Initializing trading and data clients...
2026-06-09 00:41:47,270 - INFO - login_setup.broker_factory - Creating america client for live trading
2026-06-09 00:41:47,270 - INFO - login_setup.broker_factory - IBKR client created with accounts: ['DUQ624205']
2026-06-09 00:41:47,275 - INFO - ibkr.core.trading_client - Subscribed to IBKR real-time order events
2026-06-09 00:41:47,276 - INFO - login_setup.broker_factory - Creating data client for america
2026-06-09 00:41:47,277 - INFO - __main__ - Clients initialized successfully.
2026-06-09 00:41:47,277 - INFO - login_setup.broker_factory - Added america client to manager
2026-06-09 00:41:47,278 - INFO - login_setup.broker_factory - Started connection monitoring for america
2026-06-09 00:41:47,278 - INFO - __main__ - Creating main window for america...
2026-06-09 00:41:47,278 - INFO - login_setup.broker_factory - Dynamically loading main window from: ibkr.core.main_window
2026-06-09 00:41:48,511 - INFO - ibkr.core.trade_logger - Trade history database for 'live' mode at: /home/kavi/.qullamaggie/trade_history_live.db
2026-06-09 00:41:48,512 - INFO - ibkr.core.trade_logger - TradeLogger initialized with background processing
2026-06-09 00:41:48,514 - INFO - ibkr.core.trade_logger - DatabaseWorker processing started
2026-06-09 00:41:48,515 - INFO - ibkr.core.trade_logger - Database initialization completed
2026-06-09 00:41:48,516 - INFO - ibkr.core.position_manager - ✅ Connected to trader.order_status_updated signal - orders will sync immediately
2026-06-09 00:41:48,516 - INFO - ibkr.core.position_manager - ✅ Connected to trader.position_updated signal - positions will sync immediately
2026-06-09 00:41:48,517 - INFO - ibkr.core.position_manager - ✅ Connected to trader.connection_status_changed signal
2026-06-09 00:41:48,571 - INFO - ibkr.widgets.scanner_table - Loaded 2 valid scan configurations
2026-06-09 00:41:48,585 - INFO - ibkr.widgets.scanner_table - Scanner table ready for context-aware navigation
2026-06-09 00:41:48,591 - INFO - ibkr.widgets.scanner_table - Running EOD Finviz scan: Computer Hardware
2026-06-09 00:41:48,595 - INFO - chart_engine.core.ibkr_data_fetcher - Pre-warming dedicated IBKR history connection...
2026-06-09 00:41:48,601 - INFO - chart_engine.drawings - Loaded global chart settings.
2026-06-09 00:41:48,602 - INFO - ib_insync.client - Connecting to 127.0.0.1:4002 with clientId 102...
2026-06-09 00:41:48,886 - INFO - chart_engine.core.ibkr_data_fetcher - Chart data source=IBKR symbol=HPQ interval=day from=2025-11-20T15:11:48.886598-05:00 to=2026-06-08T15:11:48.886598-04:00 dedicated_history=True
2026-06-09 00:41:49,200 - INFO - chart_engine.core.ibkr_data_fetcher - IBKR chart history connected on 127.0.0.1:4002 clientId=102
2026-06-09 00:41:49,211 - INFO - ibkr.core.data_cache - MarketAwareDataCache initialised for IBKR/US market time
2026-06-09 00:41:49,212 - INFO - chart_engine.core.ibkr_data_fetcher - Chart data source=IBKR symbol=HPQ interval=60minute from=2026-04-19T15:11:49.212530-04:00 to=2026-06-08T15:11:49.212530-04:00 dedicated_history=True
2026-06-09 00:41:49,403 - INFO - chart_engine.drawings - Saved global chart settings.
2026-06-09 00:41:49,636 - INFO - chart_engine.core.ibkr_data_fetcher - Requesting IBKR historical data: HPQ conId=209411801 bar=1 day duration=200 D end=latest
2026-06-09 00:41:49,672 - INFO - ibkr.core.alert_management_system - Loaded 0 alerts from disk
2026-06-09 00:41:49,673 - INFO - ibkr.core.alert_management_system - AlertSystemManager ready
2026-06-09 00:41:49,673 - INFO - ibkr.core.main_window - Alert system initialized successfully.
2026-06-09 00:41:49,674 - INFO - ibkr.core.alert_management_system - AlertEngine started
2026-06-09 00:41:49,676 - INFO - ibkr.core.main_window - Connecting component signals...
2026-06-09 00:41:49,679 - INFO - ibkr.core.main_window - IBKR order lifecycle UI signals connected
2026-06-09 00:41:49,684 - INFO - ib_insync.client - Connecting to 127.0.0.1:4002 with clientId 101...
2026-06-09 00:41:49,698 - INFO - ibkr.core.main_window - Keyboard shortcuts initialized
2026-06-09 00:41:49,795 - INFO - chart_engine.core.ibkr_data_fetcher - Requesting IBKR historical data: HPQ conId=209411801 bar=30 mins duration=50 D end=latest
2026-06-09 00:41:49,965 - INFO - ibkr.core.main_window - Subscription universe changed: 9 instruments (0 token-backed, +9/-0) sources={'charts': 2, 'header': 2}
2026-06-09 00:41:49,965 - INFO - ibkr.core.main_window - Window state restored
2026-06-09 00:41:49,965 - INFO - ibkr.core.main_window - Applied startup chart timeframes: left=day, right=60minute
2026-06-09 00:41:49,965 - INFO - ibkr.core.main_window - Simplified qullamaggie Window with Status Bar Initialized Successfully.
2026-06-09 00:41:49,969 - INFO - __main__ - Main window created successfully.
2026-06-09 00:41:50,115 - INFO - __main__ - Starting application event loop.
2026-06-09 00:41:50,728 - INFO - ibkr.core.market_data_worker - Dedicated IBKR market-data connection established on 127.0.0.1:4002 clientId=101
2026-06-09 00:41:50,728 - INFO - ibkr.core.market_data_worker - IBKR MarketDataWorker started
2026-06-09 00:41:50,729 - INFO - ibkr.core.market_data_worker - Requested IBKR delayed market data type (3); delayed fallback=False; generic ticks=''
2026-06-09 00:41:50,776 - INFO - ibkr.core.main_window - IBKR loader: Building initial instrument list...
2026-06-09 00:41:50,800 - INFO - chart_engine.core.ibkr_data_fetcher - Chart data fetch complete source=IBKR symbol=HPQ bars=136
2026-06-09 00:41:50,912 - INFO - ibkr.core.main_window - Window state saved
2026-06-09 00:41:51,785 - INFO - chart_engine.core.ibkr_data_fetcher - Chart data fetch complete source=IBKR symbol=HPQ bars=349
2026-06-09 00:41:51,942 - INFO - ibkr.core.market_data_worker - Subscribed IBKR market data: HPQ key=209411801 type=delayed
2026-06-09 00:41:51,942 - INFO - ibkr.core.market_data_worker - Subscribed IBKR market data: SPY key=756733 type=delayed
2026-06-09 00:41:51,943 - INFO - ibkr.core.market_data_worker - Subscribed IBKR market data: IONQ key=517593749 type=delayed
2026-06-09 00:41:51,943 - INFO - ibkr.core.market_data_worker - Subscribed IBKR market data: KTCC key=271042 type=delayed
2026-06-09 00:41:51,944 - INFO - ibkr.core.market_data_worker - Subscribed IBKR market data: LOGI key=41475996 type=delayed
2026-06-09 00:41:51,944 - INFO - ibkr.core.market_data_worker - Subscribed IBKR market data: OSS key=305186144 type=delayed
2026-06-09 00:41:51,944 - INFO - ibkr.core.market_data_worker - Subscribed IBKR market data: QMCO key=725237355 type=delayed
2026-06-09 00:41:51,945 - INFO - ibkr.core.market_data_worker - Subscribed IBKR market data: SMCI key=731466419 type=delayed
2026-06-09 00:41:51,947 - INFO - ibkr.core.market_data_worker - Subscribed IBKR market data: QQQ key=320227571 type=delayed
2026-06-09 00:41:51,956 - WARNING - ibkr.core.main_window - IBKR market data is delayed (delayed); live subscription is unavailable.
2026-06-09 00:41:51,956 - INFO - ibkr.core.main_window - WebSocket connected. Setting up subscriptions.
2026-06-09 00:41:51,956 - INFO - ibkr.core.position_manager - Fetching positions from broker - Reason: ibkr_connected
2026-06-09 00:41:51,973 - INFO - ibkr.core.main_window - Added 20 widget market-data subscriptions (20 token-backed)
2026-06-09 00:41:51,975 - INFO - ibkr.core.position_manager - Position table changed: 20 open positions | open MTM -13230.36 | realized 0.00
2026-06-09 00:41:52,019 - INFO - ibkr.widgets.scanner_table - EOD Scan completed: 24 symbols with complete data
2026-06-09 00:41:52,166 - INFO - ibkr.core.main_window - Chart panes revealed after initial symbol render: HPQ
2026-06-09 00:41:52,166 - INFO - ibkr.core.main_window - Chart symbol changed to: HPQ
2026-06-09 00:41:52,167 - INFO - ibkr.core.main_window - Added chart symbol HPQ to subscription
2026-06-09 00:41:52,167 - INFO - ibkr.core.main_window - Ensured subscription for chart symbol HPQ
2026-06-09 00:41:52,167 - INFO - chart_engine.core.chart_widget - Chart HTML loaded: HPQ (136 candles)
2026-06-09 00:41:52,213 - INFO - ibkr.core.main_window - Successfully loaded 3798 instruments.
2026-06-09 00:41:52,215 - INFO - ibkr.widgets.header_toolbar - Search index ready: 3798 instruments
2026-06-09 00:41:52,361 - INFO - ibkr.core.main_window - Instruments loaded successfully.
2026-06-09 00:41:52,379 - INFO - ibkr.core.main_window - IBKR loader: Loaded 181 symbols (qualifying in background...)
2026-06-09 00:41:52,507 - INFO - chart_engine.core.chart_widget - Chart HTML loaded: HPQ (349 candles)
2026-06-09 00:41:52,560 - INFO - ibkr.core.position_manager - Fetching positions from broker - Reason: app_startup
2026-06-09 00:41:52,587 - INFO - ibkr.core.main_window - Position system initialized successfully
2026-06-09 00:41:52,721 - WARNING - ibkr.core.market_data_worker - IBKR market data notice for HPQ: Requested market data is not subscribed. Displaying delayed market data. (10167)
2026-06-09 00:41:52,765 - INFO - ibkr.widgets.scanner_table - EOD Scanner table updated with 24 symbols.
2026-06-09 00:41:52,851 - INFO - ibkr.core.network_monitor - NetworkMonitor started
2026-06-09 00:41:52,852 - INFO - ibkr.core.main_window - Network resilience layer initialized
2026-06-09 00:41:52,987 - WARNING - ibkr.core.market_data_worker - IBKR market data notice for SPY: Requested market data is not subscribed. Displaying delayed market data. (10167)
2026-06-09 00:41:53,082 - WARNING - ibkr.core.market_data_worker - IBKR market data notice for IONQ: Requested market data is not subscribed. Displaying delayed market data. (10167)
2026-06-09 00:41:53,083 - WARNING - ibkr.core.market_data_worker - IBKR market data notice for KTCC: Requested market data is not subscribed. Displaying delayed market data. (10167)
2026-06-09 00:41:53,083 - WARNING - ibkr.core.market_data_worker - IBKR market data notice for LOGI: Requested market data is not subscribed. Displaying delayed market data. (10167)
2026-06-09 00:41:53,083 - WARNING - ibkr.core.market_data_worker - IBKR market data notice for OSS: Requested market data is not subscribed. Displaying delayed market data. (10167)
2026-06-09 00:41:53,083 - WARNING - ibkr.core.market_data_worker - IBKR market data notice for QMCO: Requested market data is not subscribed. Displaying delayed market data. (10167)
2026-06-09 00:41:53,114 - INFO - ibkr.core.main_window - Subscription universe changed: 29 instruments (20 token-backed, +20/-0) sources={'positions': 20, 'charts': 2, 'watchlist': 1, 'header': 2}
2026-06-09 00:41:53,312 - WARNING - ibkr.core.market_data_worker - IBKR market data notice for SMCI: Requested market data is not subscribed. Displaying delayed market data. (10167)
2026-06-09 00:41:53,354 - WARNING - ibkr.core.market_data_worker - IBKR market data notice for QQQ: Requested market data is not subscribed. Displaying delayed market data. (10167)
2026-06-09 00:41:53,380 - INFO - ibkr.core.position_manager - Fetching positions from broker - Reason: instruments_loaded
2026-06-09 00:41:53,418 - INFO - ibkr.core.main_window - Chart auto-loading initiated
2026-06-09 00:41:53,418 - INFO - ibkr.core.main_window - Chart already has active rendered symbol: HPQ
2026-06-09 00:41:53,847 - INFO - ibkr.core.network_monitor - Network confirmed online at startup
2026-06-09 00:41:55,136 - INFO - ibkr.core.market_data_worker - Subscribed IBKR market data: NVDA key=4815747 type=delayed
2026-06-09 00:41:55,137 - INFO - ibkr.core.market_data_worker - Subscribed IBKR market data: TACT key=6858145 type=delayed
2026-06-09 00:41:55,137 - INFO - ibkr.core.market_data_worker - Subscribed IBKR market data: BAX key=8111188 type=delayed
2026-06-09 00:41:55,138 - INFO - ibkr.core.market_data_worker - Subscribed IBKR market data: TSLA key=76792991 type=delayed
2026-06-09 00:41:55,138 - INFO - ibkr.core.market_data_worker - Subscribed IBKR market data: PTCT key=129374415 type=delayed
2026-06-09 00:41:55,138 - INFO - ibkr.core.market_data_worker - Subscribed IBKR market data: DELL key=346218218 type=delayed
2026-06-09 00:41:55,139 - INFO - ibkr.core.market_data_worker - Subscribed IBKR market data: MTA key=395717235 type=delayed
2026-06-09 00:41:55,139 - INFO - ibkr.core.market_data_worker - Subscribed IBKR market data: DRS key=478483396 type=delayed
2026-06-09 00:41:55,140 - INFO - ibkr.core.market_data_worker - Subscribed IBKR market data: RDW key=512000171 type=delayed
2026-06-09 00:41:55,140 - INFO - ibkr.core.market_data_worker - Subscribed IBKR market data: GFS key=523222624 type=delayed
2026-06-09 00:41:55,140 - INFO - ibkr.core.market_data_worker - Subscribed IBKR market data: QBTS key=578031277 type=delayed
2026-06-09 00:41:55,141 - INFO - ibkr.core.market_data_worker - Subscribed IBKR market data: LUNR key=613910262 type=delayed
2026-06-09 00:41:55,141 - INFO - ibkr.core.market_data_worker - Subscribed IBKR market data: SIDU key=673368857 type=delayed
2026-06-09 00:41:55,141 - INFO - ibkr.core.market_data_worker - Subscribed IBKR market data: UMAC key=698227338 type=delayed
2026-06-09 00:41:55,142 - INFO - ibkr.core.market_data_worker - Subscribed IBKR market data: DPRO key=725468685 type=delayed
2026-06-09 00:41:55,142 - INFO - ibkr.core.market_data_worker - Subscribed IBKR market data: SNDK key=760250490 type=delayed
2026-06-09 00:41:55,142 - INFO - ibkr.core.market_data_worker - Subscribed IBKR market data: RKLB key=787273575 type=delayed
2026-06-09 00:41:55,143 - INFO - ibkr.core.market_data_worker - Subscribed IBKR market data: SPRC key=860471331 type=delayed
2026-06-09 00:41:55,777 - WARNING - ibkr.core.market_data_worker - IBKR market data notice for NVDA: Requested market data is not subscribed. Displaying delayed market data. (10167)
2026-06-09 00:41:56,244 - WARNING - ibkr.core.market_data_worker - IBKR market data notice for TACT: Requested market data is not subscribed. Displaying delayed market data. (10167)
2026-06-09 00:41:56,543 - WARNING - ibkr.core.market_data_worker - IBKR market data notice for BAX: Requested market data is not subscribed. Displaying delayed market data. (10167)
2026-06-09 00:41:56,544 - WARNING - ibkr.core.market_data_worker - IBKR market data notice for TSLA: Requested market data is not subscribed. Displaying delayed market data. (10167)
2026-06-09 00:41:56,544 - WARNING - ibkr.core.market_data_worker - IBKR market data notice for PTCT: Requested market data is not subscribed. Displaying delayed market data. (10167)
2026-06-09 00:41:56,544 - WARNING - ibkr.core.market_data_worker - IBKR market data notice for DELL: Requested market data is not subscribed. Displaying delayed market data. (10167)
2026-06-09 00:41:56,598 - WARNING - ibkr.core.market_data_worker - IBKR market data notice for MTA: Requested market data is not subscribed. Displaying delayed market data. (10167)
2026-06-09 00:41:56,599 - WARNING - ibkr.core.market_data_worker - IBKR market data notice for DRS: Requested market data is not subscribed. Displaying delayed market data. (10167)
2026-06-09 00:41:56,599 - WARNING - ibkr.core.market_data_worker - IBKR market data notice for RDW: Requested market data is not subscribed. Displaying delayed market data. (10167)
2026-06-09 00:41:56,599 - WARNING - ibkr.core.market_data_worker - IBKR market data notice for GFS: Requested market data is not subscribed. Displaying delayed market data. (10167)
2026-06-09 00:41:56,599 - WARNING - ibkr.core.market_data_worker - IBKR market data notice for QBTS: Requested market data is not subscribed. Displaying delayed market data. (10167)
2026-06-09 00:41:56,600 - WARNING - ibkr.core.market_data_worker - IBKR market data notice for LUNR: Requested market data is not subscribed. Displaying delayed market data. (10167)
2026-06-09 00:41:56,600 - WARNING - ibkr.core.market_data_worker - IBKR market data notice for SIDU: Requested market data is not subscribed. Displaying delayed market data. (10167)
2026-06-09 00:41:56,600 - WARNING - ibkr.core.market_data_worker - IBKR market data notice for UMAC: Requested market data is not subscribed. Displaying delayed market data. (10167)
2026-06-09 00:41:56,600 - WARNING - ibkr.core.market_data_worker - IBKR market data notice for DPRO: Requested market data is not subscribed. Displaying delayed market data. (10167)
2026-06-09 00:41:56,625 - WARNING - ibkr.core.market_data_worker - IBKR market data notice for SNDK: Requested market data is not subscribed. Displaying delayed market data. (10167)
2026-06-09 00:41:56,635 - WARNING - ibkr.core.market_data_worker - IBKR market data notice for RKLB: Requested market data is not subscribed. Displaying delayed market data. (10167)
2026-06-09 00:41:56,636 - WARNING - ibkr.core.market_data_worker - IBKR market data notice for SPRC: Requested market data is not subscribed. Displaying delayed market data. (10167)
2026-06-09 00:42:04,738 - INFO - ibkr.core.main_window - [ENTRY] Placing order: {'action': 'BUY', 'currency': 'USD', 'exchange': 'SMART', 'orderRef': 'QULL-SWING-HPQ', 'orderType': 'MKT', 'order_type': 'MKT', 'outsideRth': False, 'outside_rth': False, 'price': 0.0, 'primaryExch': '', 'primaryExchange': '', 'primary_exchange': '', 'product': 'IBKR', 'quantity': 100, 'route': 'AUTO', 'secType': 'STK', 'sec_type': 'STK', 'symbol': 'HPQ', 'tag': 'terminal-ibkr-swing', 'tif': 'DAY', 'totalQuantity': 100, 'tradingsymbol': 'HPQ', 'transaction_type': 'BUY', 'transmit': True, 'trigger_price': 0.0, 'validity': 'DAY', 'variety': 'regular'}
2026-06-09 00:42:04,741 - INFO - ibkr.core.position_manager - Started IBKR pending-order position sync (order_open)
2026-06-09 00:42:04,791 - INFO - ibkr.core.trade_logger - Queued order placement for logging: 384
2026-06-09 00:42:04,791 - INFO - ibkr.core.main_window - Order queued for logging: 384
2026-06-09 00:42:04,791 - INFO - ibkr.core.main_window - [ENTRY] Order accepted by broker: {'order_id': '384', 'perm_id': '', 'tradingsymbol': 'HPQ', 'symbol': 'HPQ', 'exchange': 'SMART', 'instrument_token': 209411801, 'transaction_type': 'BUY', 'order_type': 'MARKET', 'quantity': 100, 'price': 0.0, 'trigger_price': 0.0, 'status': 'PENDING', 'raw_status': 'PendingSubmit', 'status_message': '', 'filled_quantity': 0, 'pending_quantity': 0, 'average_price': 0.0, 'timestamp': '2026-06-08T15:12:04.743981', 'product': 'IBKR', 'accepted': True}
2026-06-09 00:42:04,792 - INFO - ibkr.widgets.order_dialog - [OrderDialog] BUY 100 HPQ [SMART/MKT]
2026-06-09 00:42:04,837 - INFO - ibkr.core.position_manager - Fetching positions from broker - Reason: order_accepted
2026-06-09 00:42:05,268 - INFO - chart_engine.core.ibkr_data_fetcher - Chart data source=IBKR symbol=HPQ interval=60minute from=2026-04-19T15:12:05.263743-04:00 to=2026-06-08T15:12:05.263743-04:00 dedicated_history=True
2026-06-09 00:42:05,273 - INFO - chart_engine.core.ibkr_data_fetcher - Requesting IBKR historical data: HPQ conId=209411801 bar=30 mins duration=50 D end=latest
2026-06-09 00:42:07,063 - INFO - chart_engine.core.ibkr_data_fetcher - Chart data fetch complete source=IBKR symbol=HPQ bars=349
2026-06-09 00:42:07,124 - INFO - chart_engine.drawings - Loaded global chart settings.
2026-06-09 00:42:07,126 - INFO - chart_engine.drawings - Saved global chart settings.
2026-06-09 00:42:07,131 - INFO - ibkr.core.main_window - Ensured subscription for chart symbol HPQ
2026-06-09 00:42:07,132 - INFO - chart_engine.core.chart_widget - Chart seamlessly updated: HPQ (349 candles)
2026-06-09 00:42:49,259 - INFO - ibkr.core.data_cache - US market-open cache flush complete; intraday entries cleared
2026-06-09 00:42:51,198 - INFO - ibkr.core.shutdown_manager - closeEvent received — beginning fast IBKR shutdown
2026-06-09 00:42:51,202 - INFO - ibkr.core.shutdown_manager - === Fast IBKR window-close shutdown starting ===
2026-06-09 00:42:51,202 - INFO - ibkr.core.shutdown_manager - Shutdown: [save_window_state]…
2026-06-09 00:42:51,203 - INFO - ibkr.core.main_window - Window state saved
2026-06-09 00:42:51,204 - INFO - ibkr.core.shutdown_manager - Shutdown: [save_window_state] ✓
2026-06-09 00:42:51,206 - INFO - ibkr.core.shutdown_manager - Shutdown: [save_chart_state]…
2026-06-09 00:42:51,246 - INFO - ibkr.core.shutdown_manager - Shutdown: [save_chart_state] ✓
2026-06-09 00:42:51,246 - INFO - ibkr.core.shutdown_manager - Shutdown: [stop_remaining_timers]…
2026-06-09 00:42:51,269 - INFO - ibkr.core.shutdown_manager - Shutdown: [stop_remaining_timers] ✓
2026-06-09 00:42:51,270 - INFO - ibkr.core.shutdown_manager - === Fast IBKR window-close shutdown complete ===
2026-06-09 00:42:51,280 - INFO - __main__ - Shutting down and cleaning up resources...
2026-06-09 00:42:51,280 - INFO - __main__ - Skipping broker disconnect during fast window-close shutdown.
2026-06-09 00:42:51,280 - INFO - __main__ - Cleanup complete.
